Threads: 32, Sharded reads: true, Number of Memcached servers: 3.

All measures in microseconds.
  SETS   GETS  MGETS   INVLD    TOT   HITS     RSP T      Q T     SVR T  Q LEN
     0      0  12832       0  12832 115488   2619.47    99.21   2395.48      0
     0      0   1568       0   1568  14112   2512.02    71.01   2352.82      0
     0      0   1553       0   1553  13977   2547.16   102.75   2349.29      0
     0      0   1586       0   1586  14274   2512.62    80.81   2345.16      0
     0      0   1609       0   1609  14481   2451.46    75.33   2274.73      0
     0      0   1610       0   1610  14490   2537.75    83.84   2368.99      0
     0      0   1583       0   1583  14247   2482.93    71.95   2310.54      0
     0      0   1520       0   1520  13680   2596.88    55.15   2455.11      0
     0      0   1607       0   1607  14463   2413.48    56.95   2278.58      0
     0      0   1631       0   1631  14679   2444.80    44.68   2324.84      0
     0      0   1430       0   1430  12870   2763.79    57.49   2600.89      0
     0      0   1604       0   1604  14436   2443.21    75.97   2257.17      0
     0      0   1556       0   1556  14004   2559.75    57.61   2386.06      0
     0      0   1560       0   1560  14040   2569.45    61.81   2405.03      0
     0      0   1584       0   1584  14256   2542.35    73.47   2379.65      0
     0      0   1634       0   1634  14706   2406.02    63.62   2220.14      0
     0      0   1508       0   1508  13572   2594.60    61.09   2425.33      0
     0      0   1621       0   1621  14589   2451.59    60.74   2282.12      0
     0      0   1624       0   1624  14616   2457.88    54.65   2311.49      0
     0      0   1630       0   1630  14670   2467.94    62.41   2324.43      0
     0      0   1577       0   1577  14193   2534.37    51.79   2385.77      0
     0      0   1598       0   1598  14382   2536.10    59.49   2370.12      0
     0      0   1666       0   1666  14994   2420.67    64.92   2274.31      2
     0      0   1619       0   1619  14571   2362.29    46.73   2223.66      0
     0      0   1515       0   1515  13635   2675.92    53.74   2507.93      0
     0      0   1505       0   1505  13545   2594.49    50.77   2397.45      0
     0      0   1552       0   1552  13968   2717.40    82.66   2410.46      0
     0      0   1416       0   1416  12744   2855.55    48.30   2670.47      0
     0      0   1506       0   1506  13554   2674.46    50.00   2504.71      0
     0      0   1561       0   1561  14049   2488.41    57.42   2333.25      0
     0      0   1675       0   1675  15075   2323.18    62.74   2165.54      0
     0      0   1649       0   1649  14841   2346.61    70.30   2185.76      0
     0      0   1536       0   1536  13824   2554.35    57.90   2410.52      0
     0      0   1679       0   1679  15111   2314.23    99.68   2118.52      0
     0      0   1663       0   1663  14967   2395.08    75.56   2225.84      0
     0      0   1621       0   1621  14589   2350.09    54.63   2198.14      0
     0      0   1659       0   1659  14931   2456.36    75.91   2280.44      0
     0      0   1654       0   1654  14886   2355.71    56.76   2221.36      0
     0      0   1646       0   1646  14814   2457.12    61.35   2299.14      0
     0      0   1657       0   1657  14913   2418.80    45.81   2271.92      0
     0      0   1653       0   1653  14877   2438.50    59.38   2293.78      0
     0      0   1499       0   1499  13491   2634.56    76.25   2443.23      0
     0      0   1711       0   1711  15399   2319.09    46.85   2189.70      0
     0      0   1593       0   1593  14337   2586.50    54.09   2452.94      0
     0      0   1698       0   1698  15282   2316.03    54.96   2170.86      1
     0      0   1797       0   1797  16173   2220.60    52.94   2073.84      0
     0      0   1650       0   1650  14850   2467.76    70.49   2305.27      0
     0      0   1704       0   1704  15336   2297.26    62.08   2146.09      0
     0      0   1745       0   1745  15705   2235.61    66.91   2075.27      0
     0      0   1612       0   1612  14508   2445.74    68.43   2276.30      0
     0      0   1711       0   1711  15399   2283.73    68.11   2120.05      0
     0      0   1727       0   1727  15543   2261.20    55.05   2112.30      0
     0      0   1692       0   1692  15228   2305.07    48.93   2129.12      0
     0      0   1470       0   1470  13230   2830.64    57.09   2647.61      0
     0      0   1756       0   1756  15804   2216.51    49.69   2083.18      0
     0      0   1705       0   1705  15345   2232.62    55.87   2092.24      0
     0      0   1665       0   1665  14985   2392.85    61.64   2238.07      0
     0      0   1688       0   1688  15192   2382.54    51.20   2245.12      0
     0      0   1669       0   1669  15021   2389.90    57.89   2244.42      0
     0      0   1750       0   1750  15750   2300.30    61.26   2163.65      0
     0      0   1754       0   1754  15786   2252.71    49.10   2120.24      0
     0      0   1671       0   1671  15039   2405.69    66.45   2249.19      0
     0      0   1719       0   1719  15471   2346.60    54.97   2192.44      0
     0      0   1735       0   1735  15615   2257.07    46.21   2126.13      0
     0      0   1615       0   1615  14535   2405.13    52.65   2252.08      0
     0      0   1732       0   1732  15588   2275.18    61.14   2128.78      0
     0      0   1685       0   1685  15165   2382.90    57.80   2242.95      0
     0      0   1664       0   1664  14976   2380.38    46.65   2252.56      0
     0      0   1697       0   1697  15273   2367.77    50.42   2248.50      0
     0      0   1680       0   1680  15120   2426.35    76.41   2281.46      0
     0      0   1730       0   1730  15570   2336.05    66.01   2197.71      0
     0      0   1720       0   1720  15480   2299.34    53.12   2166.68      0
     0      0   1761       0   1761  15849   2282.84    54.91   2148.78      0
     0      0   1662       0   1662  14958   2410.69    50.53   2279.93      0
     0      0   1682       0   1682  15138   2387.66    60.56   2237.74      0
     0      0   1727       0   1727  15543   2277.54    56.64   2146.62      0
     0      0   1724       0   1724  15516   2327.13    66.04   2175.34      0
     0      0   1666       0   1666  14994   2388.52    73.83   2226.82      0
     0      0   1693       0   1693  15237   2336.67    49.21   2188.58      0
     0      0   1802       0   1802  16218   2222.06    50.45   2090.30      0
     0      0   1800       0   1800  16200   2208.17    51.66   2077.28      0
     0      0   1313       0   1313  11817   2251.99    53.90   2123.88      0
     0      0      0       0      0      0       NaN      NaN       NaN      0
     0      0      0       0      0      0       NaN      NaN       NaN      0
     0      0      0       0      0      0       NaN      NaN       NaN      0
     0      0      0       0      0      0       NaN      NaN       NaN      0
     0      0      0       0      0      0       NaN      NaN       NaN      0
================================================================================
ALL STATS (timing measures are in microseconds)
WORKER 0:
Type     |Total    |Ops/sec  |Hits/sec |Miss/Sec |Resp Time|Proc Time|Srvr Time
SET      |        0|     0.00|     0.00|     0.00|      NaN|      NaN|      NaN
GET      |        0|     0.00|     0.00|     0.00|      NaN|      NaN|      NaN
MULTIGET |     4557|    50.63|   455.70|     0.00|  2387.44|  2322.39|  2236.08
INVALID  |        0|     0.00|      ---|      ---|      NaN|      NaN|      ---
Average mutliget length: 9.00
================================================================================
WORKER 1:
Type     |Total    |Ops/sec  |Hits/sec |Miss/Sec |Resp Time|Proc Time|Srvr Time
SET      |        0|     0.00|     0.00|     0.00|      NaN|      NaN|      NaN
GET      |        0|     0.00|     0.00|     0.00|      NaN|      NaN|      NaN
MULTIGET |     4493|    49.92|   449.30|     0.00|  2471.93|  2404.14|  2294.22
INVALID  |        0|     0.00|      ---|      ---|      NaN|      NaN|      ---
Average mutliget length: 9.00
================================================================================
WORKER 2:
Type     |Total    |Ops/sec  |Hits/sec |Miss/Sec |Resp Time|Proc Time|Srvr Time
SET      |        0|     0.00|     0.00|     0.00|      NaN|      NaN|      NaN
GET      |        0|     0.00|     0.00|     0.00|      NaN|      NaN|      NaN
MULTIGET |     4556|    50.62|   455.60|     0.00|  2443.27|  2379.12|  2290.55
INVALID  |        0|     0.00|      ---|      ---|      NaN|      NaN|      ---
Average mutliget length: 9.00
================================================================================
WORKER 3:
Type     |Total    |Ops/sec  |Hits/sec |Miss/Sec |Resp Time|Proc Time|Srvr Time
SET      |        0|     0.00|     0.00|     0.00|      NaN|      NaN|      NaN
GET      |        0|     0.00|     0.00|     0.00|      NaN|      NaN|      NaN
MULTIGET |     4580|    50.89|   458.00|     0.00|  2446.97|  2383.80|  2293.00
INVALID  |        0|     0.00|      ---|      ---|      NaN|      NaN|      ---
Average mutliget length: 9.00
================================================================================
WORKER 4:
Type     |Total    |Ops/sec  |Hits/sec |Miss/Sec |Resp Time|Proc Time|Srvr Time
SET      |        0|     0.00|     0.00|     0.00|      NaN|      NaN|      NaN
GET      |        0|     0.00|     0.00|     0.00|      NaN|      NaN|      NaN
MULTIGET |     4552|    50.58|   455.20|     0.00|  2427.47|  2358.36|  2258.55
INVALID  |        0|     0.00|      ---|      ---|      NaN|      NaN|      ---
Average mutliget length: 9.00
================================================================================
WORKER 5:
Type     |Total    |Ops/sec  |Hits/sec |Miss/Sec |Resp Time|Proc Time|Srvr Time
SET      |        0|     0.00|     0.00|     0.00|      NaN|      NaN|      NaN
GET      |        0|     0.00|     0.00|     0.00|      NaN|      NaN|      NaN
MULTIGET |     4570|    50.78|   457.00|     0.00|  2475.16|  2408.26|  2300.92
INVALID  |        0|     0.00|      ---|      ---|      NaN|      NaN|      ---
Average mutliget length: 9.00
================================================================================
WORKER 6:
Type     |Total    |Ops/sec  |Hits/sec |Miss/Sec |Resp Time|Proc Time|Srvr Time
SET      |        0|     0.00|     0.00|     0.00|      NaN|      NaN|      NaN
GET      |        0|     0.00|     0.00|     0.00|      NaN|      NaN|      NaN
MULTIGET |     4506|    50.07|   450.60|     0.00|  2432.22|  2366.99|  2273.37
INVALID  |        0|     0.00|      ---|      ---|      NaN|      NaN|      ---
Average mutliget length: 9.00
================================================================================
WORKER 7:
Type     |Total    |Ops/sec  |Hits/sec |Miss/Sec |Resp Time|Proc Time|Srvr Time
SET      |        0|     0.00|     0.00|     0.00|      NaN|      NaN|      NaN
GET      |        0|     0.00|     0.00|     0.00|      NaN|      NaN|      NaN
MULTIGET |     4590|    51.00|   459.00|     0.00|  2466.38|  2412.21|  2309.93
INVALID  |        0|     0.00|      ---|      ---|      NaN|      NaN|      ---
Average mutliget length: 9.00
================================================================================
WORKER 8:
Type     |Total    |Ops/sec  |Hits/sec |Miss/Sec |Resp Time|Proc Time|Srvr Time
SET      |        0|     0.00|     0.00|     0.00|      NaN|      NaN|      NaN
GET      |        0|     0.00|     0.00|     0.00|      NaN|      NaN|      NaN
MULTIGET |     4501|    50.01|   450.10|     0.00|  2454.52|  2390.99|  2290.00
INVALID  |        0|     0.00|      ---|      ---|      NaN|      NaN|      ---
Average mutliget length: 9.00
================================================================================
WORKER 9:
Type     |Total    |Ops/sec  |Hits/sec |Miss/Sec |Resp Time|Proc Time|Srvr Time
SET      |        0|     0.00|     0.00|     0.00|      NaN|      NaN|      NaN
GET      |        0|     0.00|     0.00|     0.00|      NaN|      NaN|      NaN
MULTIGET |     4563|    50.70|   456.30|     0.00|  2413.65|  2348.81|  2259.07
INVALID  |        0|     0.00|      ---|      ---|      NaN|      NaN|      ---
Average mutliget length: 9.00
================================================================================
WORKER 10:
Type     |Total    |Ops/sec  |Hits/sec |Miss/Sec |Resp Time|Proc Time|Srvr Time
SET      |        0|     0.00|     0.00|     0.00|      NaN|      NaN|      NaN
GET      |        0|     0.00|     0.00|     0.00|      NaN|      NaN|      NaN
MULTIGET |     4504|    50.04|   450.40|     0.00|  2401.60|  2340.88|  2242.14
INVALID  |        0|     0.00|      ---|      ---|      NaN|      NaN|      ---
Average mutliget length: 9.00
================================================================================
WORKER 11:
Type     |Total    |Ops/sec  |Hits/sec |Miss/Sec |Resp Time|Proc Time|Srvr Time
SET      |        0|     0.00|     0.00|     0.00|      NaN|      NaN|      NaN
GET      |        0|     0.00|     0.00|     0.00|      NaN|      NaN|      NaN
MULTIGET |     4523|    50.26|   452.30|     0.00|  2458.42|  2397.27|  2297.45
INVALID  |        0|     0.00|      ---|      ---|      NaN|      NaN|      ---
Average mutliget length: 9.00
================================================================================
WORKER 12:
Type     |Total    |Ops/sec  |Hits/sec |Miss/Sec |Resp Time|Proc Time|Srvr Time
SET      |        0|     0.00|     0.00|     0.00|      NaN|      NaN|      NaN
GET      |        0|     0.00|     0.00|     0.00|      NaN|      NaN|      NaN
MULTIGET |     4557|    50.63|   455.70|     0.00|  2496.35|  2426.80|  2330.96
INVALID  |        0|     0.00|      ---|      ---|      NaN|      NaN|      ---
Average mutliget length: 9.00
================================================================================
WORKER 13:
Type     |Total    |Ops/sec  |Hits/sec |Miss/Sec |Resp Time|Proc Time|Srvr Time
SET      |        0|     0.00|     0.00|     0.00|      NaN|      NaN|      NaN
GET      |        0|     0.00|     0.00|     0.00|      NaN|      NaN|      NaN
MULTIGET |     4534|    50.38|   453.40|     0.00|  2451.04|  2393.27|  2301.30
INVALID  |        0|     0.00|      ---|      ---|      NaN|      NaN|      ---
Average mutliget length: 9.00
================================================================================
WORKER 14:
Type     |Total    |Ops/sec  |Hits/sec |Miss/Sec |Resp Time|Proc Time|Srvr Time
SET      |        0|     0.00|     0.00|     0.00|      NaN|      NaN|      NaN
GET      |        0|     0.00|     0.00|     0.00|      NaN|      NaN|      NaN
MULTIGET |     4533|    50.37|   453.30|     0.00|  2396.41|  2329.21|  2238.02
INVALID  |        0|     0.00|      ---|      ---|      NaN|      NaN|      ---
Average mutliget length: 9.00
================================================================================
WORKER 15:
Type     |Total    |Ops/sec  |Hits/sec |Miss/Sec |Resp Time|Proc Time|Srvr Time
SET      |        0|     0.00|     0.00|     0.00|      NaN|      NaN|      NaN
GET      |        0|     0.00|     0.00|     0.00|      NaN|      NaN|      NaN
MULTIGET |     4506|    50.07|   450.60|     0.00|  2438.50|  2370.42|  2264.31
INVALID  |        0|     0.00|      ---|      ---|      NaN|      NaN|      ---
Average mutliget length: 9.00
================================================================================
WORKER 16:
Type     |Total    |Ops/sec  |Hits/sec |Miss/Sec |Resp Time|Proc Time|Srvr Time
SET      |        0|     0.00|     0.00|     0.00|      NaN|      NaN|      NaN
GET      |        0|     0.00|     0.00|     0.00|      NaN|      NaN|      NaN
MULTIGET |     4579|    50.88|   457.90|     0.00|  2409.62|  2346.96|  2255.65
INVALID  |        0|     0.00|      ---|      ---|      NaN|      NaN|      ---
Average mutliget length: 9.00
================================================================================
WORKER 17:
Type     |Total    |Ops/sec  |Hits/sec |Miss/Sec |Resp Time|Proc Time|Srvr Time
SET      |        0|     0.00|     0.00|     0.00|      NaN|      NaN|      NaN
GET      |        0|     0.00|     0.00|     0.00|      NaN|      NaN|      NaN
MULTIGET |     4579|    50.88|   457.90|     0.00|  2422.90|  2364.92|  2271.29
INVALID  |        0|     0.00|      ---|      ---|      NaN|      NaN|      ---
Average mutliget length: 9.00
================================================================================
WORKER 18:
Type     |Total    |Ops/sec  |Hits/sec |Miss/Sec |Resp Time|Proc Time|Srvr Time
SET      |        0|     0.00|     0.00|     0.00|      NaN|      NaN|      NaN
GET      |        0|     0.00|     0.00|     0.00|      NaN|      NaN|      NaN
MULTIGET |     4562|    50.69|   456.20|     0.00|  2417.33|  2359.75|  2265.35
INVALID  |        0|     0.00|      ---|      ---|      NaN|      NaN|      ---
Average mutliget length: 9.00
================================================================================
WORKER 19:
Type     |Total    |Ops/sec  |Hits/sec |Miss/Sec |Resp Time|Proc Time|Srvr Time
SET      |        0|     0.00|     0.00|     0.00|      NaN|      NaN|      NaN
GET      |        0|     0.00|     0.00|     0.00|      NaN|      NaN|      NaN
MULTIGET |     4582|    50.91|   458.20|     0.00|  2407.17|  2347.41|  2261.09
INVALID  |        0|     0.00|      ---|      ---|      NaN|      NaN|      ---
Average mutliget length: 9.00
================================================================================
WORKER 20:
Type     |Total    |Ops/sec  |Hits/sec |Miss/Sec |Resp Time|Proc Time|Srvr Time
SET      |        0|     0.00|     0.00|     0.00|      NaN|      NaN|      NaN
GET      |        0|     0.00|     0.00|     0.00|      NaN|      NaN|      NaN
MULTIGET |     4536|    50.40|   453.60|     0.00|  2480.24|  2415.80|  2313.02
INVALID  |        0|     0.00|      ---|      ---|      NaN|      NaN|      ---
Average mutliget length: 9.00
================================================================================
WORKER 21:
Type     |Total    |Ops/sec  |Hits/sec |Miss/Sec |Resp Time|Proc Time|Srvr Time
SET      |        0|     0.00|     0.00|     0.00|      NaN|      NaN|      NaN
GET      |        0|     0.00|     0.00|     0.00|      NaN|      NaN|      NaN
MULTIGET |     4577|    50.86|   457.70|     0.00|  2401.97|  2337.20|  2242.16
INVALID  |        0|     0.00|      ---|      ---|      NaN|      NaN|      ---
Average mutliget length: 9.00
================================================================================
WORKER 22:
Type     |Total    |Ops/sec  |Hits/sec |Miss/Sec |Resp Time|Proc Time|Srvr Time
SET      |        0|     0.00|     0.00|     0.00|      NaN|      NaN|      NaN
GET      |        0|     0.00|     0.00|     0.00|      NaN|      NaN|      NaN
MULTIGET |     4523|    50.26|   452.30|     0.00|  2481.25|  2412.22|  2297.60
INVALID  |        0|     0.00|      ---|      ---|      NaN|      NaN|      ---
Average mutliget length: 9.00
================================================================================
WORKER 23:
Type     |Total    |Ops/sec  |Hits/sec |Miss/Sec |Resp Time|Proc Time|Srvr Time
SET      |        0|     0.00|     0.00|     0.00|      NaN|      NaN|      NaN
GET      |        0|     0.00|     0.00|     0.00|      NaN|      NaN|      NaN
MULTIGET |     4603|    51.14|   460.30|     0.00|  2458.90|  2390.00|  2278.12
INVALID  |        0|     0.00|      ---|      ---|      NaN|      NaN|      ---
Average mutliget length: 9.00
================================================================================
WORKER 24:
Type     |Total    |Ops/sec  |Hits/sec |Miss/Sec |Resp Time|Proc Time|Srvr Time
SET      |        0|     0.00|     0.00|     0.00|      NaN|      NaN|      NaN
GET      |        0|     0.00|     0.00|     0.00|      NaN|      NaN|      NaN
MULTIGET |     4589|    50.99|   458.90|     0.00|  2433.56|  2370.27|  2274.31
INVALID  |        0|     0.00|      ---|      ---|      NaN|      NaN|      ---
Average mutliget length: 9.00
================================================================================
WORKER 25:
Type     |Total    |Ops/sec  |Hits/sec |Miss/Sec |Resp Time|Proc Time|Srvr Time
SET      |        0|     0.00|     0.00|     0.00|      NaN|      NaN|      NaN
GET      |        0|     0.00|     0.00|     0.00|      NaN|      NaN|      NaN
MULTIGET |     4547|    50.52|   454.70|     0.00|  2411.79|  2349.63|  2260.38
INVALID  |        0|     0.00|      ---|      ---|      NaN|      NaN|      ---
Average mutliget length: 9.00
================================================================================
WORKER 26:
Type     |Total    |Ops/sec  |Hits/sec |Miss/Sec |Resp Time|Proc Time|Srvr Time
SET      |        0|     0.00|     0.00|     0.00|      NaN|      NaN|      NaN
GET      |        0|     0.00|     0.00|     0.00|      NaN|      NaN|      NaN
MULTIGET |     4504|    50.04|   450.40|     0.00|  2450.78|  2384.32|  2286.58
INVALID  |        0|     0.00|      ---|      ---|      NaN|      NaN|      ---
Average mutliget length: 9.00
================================================================================
WORKER 27:
Type     |Total    |Ops/sec  |Hits/sec |Miss/Sec |Resp Time|Proc Time|Srvr Time
SET      |        0|     0.00|     0.00|     0.00|      NaN|      NaN|      NaN
GET      |        0|     0.00|     0.00|     0.00|      NaN|      NaN|      NaN
MULTIGET |     4555|    50.61|   455.50|     0.00|  2455.58|  2388.28|  2295.50
INVALID  |        0|     0.00|      ---|      ---|      NaN|      NaN|      ---
Average mutliget length: 9.00
================================================================================
WORKER 28:
Type     |Total    |Ops/sec  |Hits/sec |Miss/Sec |Resp Time|Proc Time|Srvr Time
SET      |        0|     0.00|     0.00|     0.00|      NaN|      NaN|      NaN
GET      |        0|     0.00|     0.00|     0.00|      NaN|      NaN|      NaN
MULTIGET |     4565|    50.72|   456.50|     0.00|  2401.60|  2339.36|  2255.46
INVALID  |        0|     0.00|      ---|      ---|      NaN|      NaN|      ---
Average mutliget length: 9.00
================================================================================
WORKER 29:
Type     |Total    |Ops/sec  |Hits/sec |Miss/Sec |Resp Time|Proc Time|Srvr Time
SET      |        0|     0.00|     0.00|     0.00|      NaN|      NaN|      NaN
GET      |        0|     0.00|     0.00|     0.00|      NaN|      NaN|      NaN
MULTIGET |     4481|    49.79|   448.10|     0.00|  2398.77|  2332.63|  2231.67
INVALID  |        0|     0.00|      ---|      ---|      NaN|      NaN|      ---
Average mutliget length: 9.00
================================================================================
WORKER 30:
Type     |Total    |Ops/sec  |Hits/sec |Miss/Sec |Resp Time|Proc Time|Srvr Time
SET      |        0|     0.00|     0.00|     0.00|      NaN|      NaN|      NaN
GET      |        0|     0.00|     0.00|     0.00|      NaN|      NaN|      NaN
MULTIGET |     4531|    50.34|   453.10|     0.00|  2414.95|  2350.08|  2247.12
INVALID  |        0|     0.00|      ---|      ---|      NaN|      NaN|      ---
Average mutliget length: 9.00
================================================================================
WORKER 31:
Type     |Total    |Ops/sec  |Hits/sec |Miss/Sec |Resp Time|Proc Time|Srvr Time
SET      |        0|     0.00|     0.00|     0.00|      NaN|      NaN|      NaN
GET      |        0|     0.00|     0.00|     0.00|      NaN|      NaN|      NaN
MULTIGET |     4593|    51.03|   459.30|     0.00|  2441.26|  2374.91|  2275.67
INVALID  |        0|     0.00|      ---|      ---|      NaN|      NaN|      ---
Average mutliget length: 9.00
================================================================================
================================================================================

AGGREGATE FOR ALL WORKERS:
Type     |Total    |Ops/sec  |Hits/sec |Miss/Sec |Resp Time|Proc Time|Srvr Time
SET      |        0|     0.00|     0.00|     0.00|      NaN|      NaN|      NaN
GET      |        0|     0.00|     0.00|     0.00|      NaN|      NaN|      NaN
MULTIGET |   145531|  1617.01| 14553.10|     0.00|  2435.90|  2371.77|  2274.73
INVALID  |        0|     0.00|      ---|      ---|      NaN|      NaN|      ---
Average mutliget length: 9.00


 HISTOGRAM
  Response time (ms)   Percent
                 0.1      0.00%
                 0.2      0.00%
                 0.3      0.00%
                 0.4      0.00%
                 0.5      0.00%
                 0.6      0.00%
                 0.7      0.00%
                 0.8      0.00%
                 0.9      0.00%
                 1.0      0.00%
                 1.1      0.00%
                 1.2      0.00%
                 1.3      0.00%
                 1.4      0.00%
                 1.5      0.04%
                 1.6      1.64%
                 1.7      8.93%
                 1.8     21.70%
                 1.9     35.49%
                 2.0     47.77%
                 2.1     57.66%
                 2.2     65.44%
                 2.3     71.48%
                 2.4     76.13%
                 2.5     79.60%
                 2.6     82.26%
                 2.7     84.25%
                 2.8     85.74%
                 2.9     86.93%
                 3.0     87.86%
                 3.1     88.63%
                 3.2     89.27%
                 3.3     89.79%
                 3.4     90.27%
                 3.5     90.65%
                 3.6     91.01%
                 3.7     91.35%
                 3.8     91.68%
                 3.9     91.99%
                 4.0     92.33%
                 4.1     92.63%
                 4.2     92.94%
                 4.3     93.21%
                 4.4     93.49%
                 4.5     93.74%
                 4.6     94.02%
                 4.7     94.28%
                 4.8     94.52%
                 4.9     94.74%
                 5.0     94.97%
                 5.1     95.18%
                 5.2     95.39%
                 5.3     95.59%
                 5.4     95.80%
                 5.5     95.99%
                 5.6     96.17%
                 5.7     96.34%
                 5.8     96.49%
                 5.9     96.63%
                 6.0     96.77%
                 6.1     96.89%
                 6.2     97.00%
                 6.3     97.13%
                 6.4     97.25%
                 6.5     97.35%
                 6.6     97.46%
                 6.7     97.58%
                 6.8     97.69%
                 6.9     97.78%
                 7.0     97.90%
                 7.1     98.03%
                 7.2     98.17%
                 7.3     98.31%
                 7.4     98.43%
                 7.5     98.54%
                 7.6     98.64%
                 7.7     98.74%
                 7.8     98.82%
                 7.9     98.89%
                 8.0     99.00%
                 8.1     99.07%
                 8.2     99.17%
                 8.3     99.25%
                 8.4     99.32%
                 8.5     99.38%
                 8.6     99.46%
                 8.7     99.52%
                 8.8     99.56%
                 8.9     99.60%
                 9.0     99.63%
                 9.1     99.66%
                 9.2     99.68%
                 9.3     99.70%
                 9.4     99.72%
                 9.5     99.74%
                 9.6     99.75%
                 9.7     99.77%
                 9.8     99.78%
                 9.9     99.79%
                10.0     99.80%
                10.1     99.81%
                10.2     99.81%
                10.3     99.83%
                10.4     99.83%
                10.5     99.84%
                10.6     99.85%
                10.7     99.85%
                10.8     99.85%
                10.9     99.85%
                11.0     99.86%
                11.1     99.86%
                11.2     99.86%
                11.3     99.87%
                11.4     99.87%
                11.5     99.87%
                11.6     99.88%
                11.7     99.88%
                11.8     99.88%
                11.9     99.89%
                12.0     99.89%
                12.1     99.89%
                12.2     99.89%
                12.3     99.90%
                12.4     99.90%
                12.5     99.90%
                12.6     99.90%
                12.7     99.91%
                12.8     99.91%
                12.9     99.91%
                13.0     99.91%
                13.1     99.91%
                13.2     99.91%
                13.3     99.91%
                13.4     99.91%
                13.5     99.91%
                13.6     99.92%
                13.7     99.92%
                13.8     99.92%
                13.9     99.93%
                14.0     99.93%
                14.1     99.93%
                14.2     99.93%
                14.3     99.93%
                14.4     99.93%
                14.5     99.93%
                14.6     99.93%
                14.7     99.93%
                14.8     99.93%
                14.9     99.93%
                15.0     99.93%
                15.1     99.93%
                15.2     99.93%
                15.3     99.93%
                15.4     99.93%
                15.5     99.93%
                15.6     99.93%
                15.7     99.93%
                15.8     99.94%
                15.9     99.94%
                16.0     99.94%
                16.1     99.94%
                16.2     99.94%
                16.3     99.94%
                16.4     99.94%
                16.5     99.94%
                16.6     99.94%
                16.7     99.94%
                16.8     99.94%
                16.9     99.94%
                17.0     99.94%
                17.1     99.94%
                17.2     99.94%
                17.3     99.94%
                17.4     99.94%
                17.5     99.94%
                17.6     99.94%
                17.7     99.94%
                17.8     99.94%
                17.9     99.94%
                18.0     99.94%
                18.1     99.94%
                18.2     99.94%
                18.3     99.94%
                18.4     99.94%
                18.5     99.94%
                18.6     99.94%
                18.7     99.94%
                18.8     99.94%
                18.9     99.94%
                19.0     99.94%
                19.1     99.94%
                19.2     99.94%
                19.3     99.94%
                19.4     99.94%
                19.5     99.94%
                19.6     99.94%
                19.7     99.94%
                19.8     99.94%
                19.9     99.95%
                20.0     99.95%
                20.1     99.95%
                20.2     99.95%
                20.3     99.95%
                20.4     99.95%
                20.5     99.95%
                20.6     99.95%
                20.7     99.95%
                20.8     99.95%
                20.9     99.95%
                21.0     99.95%
                21.1     99.95%
                21.2     99.95%
                21.3     99.95%
                21.4     99.95%
                21.5     99.95%
                21.6     99.95%
                21.7     99.95%
                21.8     99.95%
                21.9     99.95%
                22.0     99.95%
                22.1     99.95%
                22.2     99.95%
                22.3     99.95%
                22.4     99.95%
                22.5     99.95%
                22.6     99.95%
                22.7     99.95%
                22.8     99.95%
                22.9     99.95%
                23.0     99.95%
                23.1     99.95%
                23.2     99.95%
                23.3     99.95%
                23.4     99.95%
                23.5     99.95%
                23.6     99.95%
                23.7     99.95%
                23.8     99.95%
                23.9     99.95%
                24.0     99.95%
                24.1     99.95%
                24.2     99.95%
                24.3     99.95%
                24.4     99.95%
                24.5     99.95%
                24.6     99.95%
                24.7     99.95%
                24.8     99.95%
                24.9     99.95%
                25.0     99.95%
                25.1     99.95%
                25.2     99.95%
                25.3     99.96%
                25.4     99.96%
                25.5     99.96%
                25.6     99.96%
                25.7     99.96%
                25.8     99.96%
                25.9     99.96%
                26.0     99.96%
                26.1     99.96%
                26.2     99.96%
                26.3     99.96%
                26.4     99.96%
                26.5     99.96%
                26.6     99.96%
                26.7     99.96%
                26.8     99.96%
                26.9     99.96%
                27.0     99.97%
                27.1     99.97%
                27.2     99.97%
                27.3     99.97%
                27.4     99.97%
                27.5     99.97%
                27.6     99.97%
                27.7     99.97%
                27.8     99.97%
                27.9     99.97%
                28.0     99.97%
                28.1     99.97%
                28.2     99.97%
                28.3     99.97%
                28.4     99.97%
                28.5     99.97%
                28.6     99.97%
                28.7     99.97%
                28.8     99.97%
                28.9     99.97%
                29.0     99.97%
                29.1     99.97%
                29.2     99.98%
                29.3     99.98%
                29.4     99.98%
                29.5     99.98%
                29.6     99.98%
                29.7     99.98%
                29.8     99.98%
                29.9     99.98%
                30.0     99.98%
                30.1     99.98%
                30.2     99.98%
                30.3     99.98%
                30.4     99.98%
                30.5     99.98%
                30.6     99.98%
                30.7     99.98%
                30.8     99.98%
                30.9     99.98%
                31.0     99.98%
                31.1     99.98%
                31.2     99.98%
                31.3     99.98%
                31.4     99.98%
                31.5     99.98%
                31.6     99.98%
                31.7     99.98%
                31.8     99.98%
                31.9     99.98%
                32.0     99.98%
                32.1     99.98%
                32.2     99.98%
                32.3     99.98%
                32.4     99.98%
                32.5     99.98%
                32.6     99.98%
                32.7     99.98%
                32.8     99.98%
                32.9     99.98%
                33.0     99.98%
                33.1     99.98%
                33.2     99.98%
                33.3     99.98%
                33.4     99.98%
                33.5     99.98%
                33.6     99.98%
                33.7     99.98%
                33.8     99.98%
                33.9     99.98%
                34.0     99.98%
                34.1     99.98%
                34.2     99.98%
                34.3     99.98%
                34.4     99.98%
                34.5     99.98%
                34.6     99.98%
                34.7     99.98%
                34.8     99.98%
                34.9     99.98%
                35.0     99.98%
                35.1     99.98%
                35.2     99.98%
                35.3     99.98%
                35.4     99.98%
                35.5     99.98%
                35.6     99.98%
                35.7     99.98%
                35.8     99.98%
                35.9     99.98%
                36.0     99.98%
                36.1     99.98%
                36.2     99.98%
                36.3     99.98%
                36.4     99.98%
                36.5     99.98%
                36.6     99.98%
                36.7     99.98%
                36.8     99.98%
                36.9     99.98%
                37.0     99.98%
                37.1     99.98%
                37.2     99.98%
                37.3     99.98%
                37.4     99.98%
                37.5     99.98%
                37.6     99.98%
                37.7     99.98%
                37.8     99.98%
                37.9     99.98%
                38.0     99.98%
                38.1     99.98%
                38.2     99.98%
                38.3     99.98%
                38.4     99.98%
                38.5     99.98%
                38.6     99.98%
                38.7     99.98%
                38.8     99.98%
                38.9     99.98%
                39.0     99.98%
                39.1     99.98%
                39.2     99.98%
                39.3     99.98%
                39.4     99.98%
                39.5     99.98%
                39.6     99.98%
                39.7     99.98%
                39.8     99.98%
                39.9     99.98%
                40.0     99.98%
                40.1     99.98%
                40.2     99.98%
                40.3     99.98%
                40.4     99.98%
                40.5     99.98%
                40.6     99.98%
                40.7     99.98%
                40.8     99.98%
                40.9     99.98%
                41.0     99.98%
                41.1     99.98%
                41.2     99.98%
                41.3     99.98%
                41.4     99.98%
                41.5     99.98%
                41.6     99.98%
                41.7     99.99%
                41.8     99.99%
                41.9     99.99%
                42.0     99.99%
                42.1     99.99%
                42.2     99.99%
                42.3     99.99%
                42.4     99.99%
                42.5     99.99%
                42.6     99.99%
                42.7     99.99%
                42.8     99.99%
                42.9     99.99%
                43.0     99.99%
                43.1     99.99%
                43.2     99.99%
                43.3     99.99%
                43.4     99.99%
                43.5     99.99%
                43.6     99.99%
                43.7     99.99%
                43.8     99.99%
                43.9     99.99%
                44.0     99.99%
                44.1     99.99%
                44.2     99.99%
                44.3     99.99%
                44.4     99.99%
                44.5     99.99%
                44.6     99.99%
                44.7     99.99%
                44.8     99.99%
                44.9     99.99%
                45.0     99.99%
                45.1     99.99%
                45.2     99.99%
                45.3     99.99%
                45.4     99.99%
                45.5     99.99%
                45.6     99.99%
                45.7     99.99%
                45.8     99.99%
                45.9     99.99%
                46.0     99.99%
                46.1     99.99%
                46.2     99.99%
                46.3     99.99%
                46.4     99.99%
                46.5     99.99%
                46.6     99.99%
                46.7     99.99%
                46.8     99.99%
                46.9     99.99%
                47.0     99.99%
                47.1     99.99%
                47.2     99.99%
                47.3     99.99%
                47.4     99.99%
                47.5     99.99%
                47.6     99.99%
                47.7     99.99%
                47.8     99.99%
                47.9     99.99%
                48.0     99.99%
                48.1     99.99%
                48.2     99.99%
                48.3     99.99%
                48.4     99.99%
                48.5     99.99%
                48.6     99.99%
                48.7     99.99%
                48.8     99.99%
                48.9     99.99%
                49.0     99.99%
                49.1     99.99%
                49.2     99.99%
                49.3     99.99%
                49.4     99.99%
                49.5     99.99%
                49.6     99.99%
                49.7     99.99%
                49.8     99.99%
                49.9     99.99%
                50.0     99.99%
                50.1     99.99%
                50.2     99.99%
                50.3     99.99%
                50.4     99.99%
                50.5     99.99%
                50.6     99.99%
                50.7     99.99%
                50.8     99.99%
                50.9     99.99%
                51.0     99.99%
                51.1     99.99%
                51.2     99.99%
                51.3     99.99%
                51.4     99.99%
                51.5     99.99%
                51.6     99.99%
                51.7     99.99%
                51.8     99.99%
                51.9     99.99%
                52.0     99.99%
                52.1     99.99%
                52.2     99.99%
                52.3     99.99%
                52.4     99.99%
                52.5     99.99%
                52.6     99.99%
                52.7     99.99%
                52.8     99.99%
                52.9     99.99%
                53.0     99.99%
                53.1     99.99%
                53.2     99.99%
                53.3     99.99%
                53.4     99.99%
                53.5     99.99%
                53.6     99.99%
                53.7     99.99%
                53.8     99.99%
                53.9     99.99%
                54.0     99.99%
                54.1     99.99%
                54.2     99.99%
                54.3     99.99%
                54.4     99.99%
                54.5     99.99%
                54.6     99.99%
                54.7     99.99%
                54.8     99.99%
                54.9     99.99%
                55.0     99.99%
                55.1     99.99%
                55.2     99.99%
                55.3     99.99%
                55.4     99.99%
                55.5     99.99%
                55.6     99.99%
                55.7     99.99%
                55.8     99.99%
                55.9     99.99%
                56.0     99.99%
                56.1     99.99%
                56.2    100.00%
                56.3    100.00%
                56.4    100.00%
                56.5    100.00%
                56.6    100.00%
                56.7    100.00%
                56.8    100.00%
                56.9    100.00%
                57.0    100.00%
                57.1    100.00%
                57.2    100.00%
                57.3    100.00%
                57.4    100.00%
                57.5    100.00%
                57.6    100.00%
                57.7    100.00%
                57.8    100.00%
                57.9    100.00%
                58.0    100.00%
                58.1    100.00%
                58.2    100.00%
                58.3    100.00%
                58.4    100.00%
                58.5    100.00%
                58.6    100.00%
                58.7    100.00%
                58.8    100.00%
                58.9    100.00%
                59.0    100.00%
                59.1    100.00%
                59.2    100.00%
                59.3    100.00%
                59.4    100.00%
                59.5    100.00%
                59.6    100.00%
                59.7    100.00%
                59.8    100.00%
                59.9    100.00%
                60.0    100.00%
                60.1    100.00%
                60.2    100.00%
                60.3    100.00%
                60.4    100.00%
                60.5    100.00%
                60.6    100.00%
                60.7    100.00%
                60.8    100.00%
                60.9    100.00%
                61.0    100.00%
                61.1    100.00%
                61.2    100.00%
                61.3    100.00%
                61.4    100.00%
                61.5    100.00%
                61.6    100.00%
                61.7    100.00%
                61.8    100.00%
                61.9    100.00%
                62.0    100.00%
                62.1    100.00%
                62.2    100.00%
                62.3    100.00%
                62.4    100.00%
                62.5    100.00%
                62.6    100.00%
                62.7    100.00%
                62.8    100.00%
                62.9    100.00%
                63.0    100.00%
                63.1    100.00%
                63.2    100.00%
                63.3    100.00%
                63.4    100.00%
                63.5    100.00%
                63.6    100.00%
                63.7    100.00%
                63.8    100.00%
                63.9    100.00%
                64.0    100.00%
                64.1    100.00%
                64.2    100.00%
                64.3    100.00%
                64.4    100.00%
                64.5    100.00%
                64.6    100.00%
                64.7    100.00%
                64.8    100.00%
                64.9    100.00%
                65.0    100.00%
                65.1    100.00%
                65.2    100.00%
                65.3    100.00%
                65.4    100.00%
                65.5    100.00%
                65.6    100.00%
                65.7    100.00%
                65.8    100.00%
                65.9    100.00%
                66.0    100.00%
                66.1    100.00%
                66.2    100.00%
                66.3    100.00%
                66.4    100.00%
                66.5    100.00%
                66.6    100.00%
                66.7    100.00%
                66.8    100.00%
                66.9    100.00%
                67.0    100.00%
                67.1    100.00%
                67.2    100.00%
                67.3    100.00%
                67.4    100.00%
                67.5    100.00%
                67.6    100.00%
                67.7    100.00%
                67.8    100.00%
                67.9    100.00%
                68.0    100.00%
                68.1    100.00%
                68.2    100.00%
                68.3    100.00%
                68.4    100.00%
                68.5    100.00%
                68.6    100.00%
                68.7    100.00%
                68.8    100.00%
                68.9    100.00%
                69.0    100.00%
                69.1    100.00%
                69.2    100.00%
                69.3    100.00%
                69.4    100.00%
                69.5    100.00%
                69.6    100.00%
                69.7    100.00%
                69.8    100.00%
                69.9    100.00%
                70.0    100.00%
                70.1    100.00%
                70.2    100.00%
                70.3    100.00%
                70.4    100.00%
                70.5    100.00%
                70.6    100.00%
                70.7    100.00%
                70.8    100.00%
                70.9    100.00%
                71.0    100.00%
                71.1    100.00%
                71.2    100.00%
                71.3    100.00%
                71.4    100.00%
                71.5    100.00%
                71.6    100.00%
                71.7    100.00%
                71.8    100.00%
                71.9    100.00%
                72.0    100.00%
                72.1    100.00%
                72.2    100.00%
                72.3    100.00%
                72.4    100.00%
                72.5    100.00%
                72.6    100.00%
                72.7    100.00%
                72.8    100.00%
                72.9    100.00%
                73.0    100.00%
                73.1    100.00%
                73.2    100.00%
                73.3    100.00%
                73.4    100.00%
                73.5    100.00%
                73.6    100.00%
                73.7    100.00%
                73.8    100.00%
                73.9    100.00%
                74.0    100.00%
                74.1    100.00%
                74.2    100.00%
                74.3    100.00%
                74.4    100.00%
                74.5    100.00%
                74.6    100.00%
                74.7    100.00%
                74.8    100.00%
                74.9    100.00%
                75.0    100.00%
                75.1    100.00%
                75.2    100.00%
                75.3    100.00%
                75.4    100.00%
                75.5    100.00%
                75.6    100.00%
                75.7    100.00%
                75.8    100.00%
                75.9    100.00%
                76.0    100.00%
                76.1    100.00%
                76.2    100.00%
                76.3    100.00%
                76.4    100.00%
                76.5    100.00%
                76.6    100.00%
                76.7    100.00%
                76.8    100.00%
                76.9    100.00%
                77.0    100.00%
                77.1    100.00%
                77.2    100.00%
                77.3    100.00%
                77.4    100.00%
                77.5    100.00%
                77.6    100.00%
                77.7    100.00%
                77.8    100.00%
                77.9    100.00%
                78.0    100.00%
                78.1    100.00%
                78.2    100.00%
                78.3    100.00%
                78.4    100.00%
                78.5    100.00%
                78.6    100.00%
                78.7    100.00%
                78.8    100.00%
                78.9    100.00%
                79.0    100.00%
                79.1    100.00%
                79.2    100.00%
                79.3    100.00%
                79.4    100.00%
                79.5    100.00%
                79.6    100.00%
                79.7    100.00%
                79.8    100.00%
                79.9    100.00%
                80.0    100.00%
                80.1    100.00%
                80.2    100.00%
                80.3    100.00%
                80.4    100.00%
                80.5    100.00%
                80.6    100.00%
                80.7    100.00%
                80.8    100.00%
                80.9    100.00%
                81.0    100.00%
                81.1    100.00%
                81.2    100.00%
                81.3    100.00%
                81.4    100.00%
                81.5    100.00%
                81.6    100.00%
                81.7    100.00%
                81.8    100.00%
                81.9    100.00%
                82.0    100.00%
                82.1    100.00%
                82.2    100.00%
                82.3    100.00%
                82.4    100.00%
                82.5    100.00%
                82.6    100.00%
                82.7    100.00%
                82.8    100.00%
                82.9    100.00%
                83.0    100.00%
                83.1    100.00%
                83.2    100.00%
                83.3    100.00%
                83.4    100.00%
                83.5    100.00%
                83.6    100.00%
                83.7    100.00%
                83.8    100.00%
                83.9    100.00%
                84.0    100.00%
                84.1    100.00%
                84.2    100.00%
                84.3    100.00%
                84.4    100.00%
                84.5    100.00%
                84.6    100.00%
                84.7    100.00%
                84.8    100.00%
                84.9    100.00%
                85.0    100.00%
                85.1    100.00%
                85.2    100.00%
                85.3    100.00%
                85.4    100.00%
                85.5    100.00%
                85.6    100.00%
                85.7    100.00%
                85.8    100.00%
                85.9    100.00%
                86.0    100.00%
                86.1    100.00%
                86.2    100.00%
                86.3    100.00%
                86.4    100.00%
                86.5    100.00%
                86.6    100.00%
                86.7    100.00%
                86.8    100.00%
                86.9    100.00%
                87.0    100.00%
                87.1    100.00%
                87.2    100.00%
                87.3    100.00%
                87.4    100.00%
                87.5    100.00%
                87.6    100.00%
                87.7    100.00%
                87.8    100.00%
                87.9    100.00%
                88.0    100.00%
                88.1    100.00%
                88.2    100.00%
                88.3    100.00%
                88.4    100.00%
                88.5    100.00%
                88.6    100.00%
                88.7    100.00%
                88.8    100.00%
                88.9    100.00%
                89.0    100.00%
                89.1    100.00%
                89.2    100.00%
                89.3    100.00%
                89.4    100.00%
                89.5    100.00%
                89.6    100.00%
                89.7    100.00%
                89.8    100.00%
                89.9    100.00%
                90.0    100.00%
                90.1    100.00%
                90.2    100.00%
                90.3    100.00%
                90.4    100.00%
                90.5    100.00%
                90.6    100.00%
                90.7    100.00%
                90.8    100.00%
                90.9    100.00%
                91.0    100.00%
                91.1    100.00%
                91.2    100.00%
                91.3    100.00%
                91.4    100.00%
                91.5    100.00%
                91.6    100.00%
                91.7    100.00%
                91.8    100.00%
                91.9    100.00%
                92.0    100.00%
                92.1    100.00%
                92.2    100.00%
                92.3    100.00%
                92.4    100.00%
                92.5    100.00%
                92.6    100.00%
                92.7    100.00%
                92.8    100.00%
                92.9    100.00%
                93.0    100.00%
                93.1    100.00%
                93.2    100.00%
                93.3    100.00%
                93.4    100.00%
                93.5    100.00%
                93.6    100.00%
                93.7    100.00%
                93.8    100.00%
                93.9    100.00%
                94.0    100.00%
                94.1    100.00%
                94.2    100.00%
                94.3    100.00%
                94.4    100.00%
                94.5    100.00%
                94.6    100.00%
                94.7    100.00%
                94.8    100.00%
                94.9    100.00%
                95.0    100.00%
                95.1    100.00%
                95.2    100.00%
                95.3    100.00%
                95.4    100.00%
                95.5    100.00%
                95.6    100.00%
                95.7    100.00%
                95.8    100.00%
                95.9    100.00%
                96.0    100.00%
                96.1    100.00%
                96.2    100.00%
                96.3    100.00%
                96.4    100.00%
                96.5    100.00%
                96.6    100.00%
                96.7    100.00%
                96.8    100.00%
                96.9    100.00%
                97.0    100.00%
                97.1    100.00%
                97.2    100.00%
                97.3    100.00%
                97.4    100.00%
                97.5    100.00%
                97.6    100.00%
                97.7    100.00%
                97.8    100.00%
                97.9    100.00%
                98.0    100.00%
                98.1    100.00%
                98.2    100.00%
                98.3    100.00%
                98.4    100.00%
                98.5    100.00%
                98.6    100.00%
                98.7    100.00%
                98.8    100.00%
                98.9    100.00%
                99.0    100.00%
                99.1    100.00%
                99.2    100.00%
                99.3    100.00%
                99.4    100.00%
                99.5    100.00%
                99.6    100.00%
                99.7    100.00%
                99.8    100.00%
                99.9    100.00%
               100.0    100.00%
               100.1    100.00%
               100.2    100.00%
               100.3    100.00%
               100.4    100.00%
               100.5    100.00%
               100.6    100.00%
               100.7    100.00%
               100.8    100.00%
               100.9    100.00%
               101.0    100.00%
               101.1    100.00%
               101.2    100.00%
               101.3    100.00%
               101.4    100.00%
               101.5    100.00%
               101.6    100.00%
               101.7    100.00%
               101.8    100.00%
               101.9    100.00%
               102.0    100.00%
               102.1    100.00%
               102.2    100.00%
               102.3    100.00%
               102.4    100.00%
               102.5    100.00%
               102.6    100.00%
               102.7    100.00%
               102.8    100.00%
               102.9    100.00%
               103.0    100.00%
               103.1    100.00%
               103.2    100.00%
               103.3    100.00%
               103.4    100.00%
               103.5    100.00%
               103.6    100.00%
               103.7    100.00%
               103.8    100.00%
               103.9    100.00%
               104.0    100.00%
               104.1    100.00%
               104.2    100.00%
               104.3    100.00%
               104.4    100.00%
               104.5    100.00%
               104.6    100.00%
               104.7    100.00%
               104.8    100.00%
               104.9    100.00%
               105.0    100.00%
               105.1    100.00%
               105.2    100.00%
               105.3    100.00%
               105.4    100.00%
               105.5    100.00%
               105.6    100.00%
               105.7    100.00%
               105.8    100.00%
               105.9    100.00%
               106.0    100.00%
               106.1    100.00%
               106.2    100.00%
               106.3    100.00%
               106.4    100.00%
               106.5    100.00%
               106.6    100.00%
               106.7    100.00%
               106.8    100.00%
               106.9    100.00%
               107.0    100.00%
               107.1    100.00%
               107.2    100.00%
               107.3    100.00%
               107.4    100.00%
               107.5    100.00%
               107.6    100.00%
               107.7    100.00%
               107.8    100.00%
               107.9    100.00%
               108.0    100.00%
               108.1    100.00%
               108.2    100.00%
               108.3    100.00%
               108.4    100.00%
               108.5    100.00%
               108.6    100.00%
               108.7    100.00%
               108.8    100.00%
               108.9    100.00%
               109.0    100.00%

