Threads: 16, Sharded reads: false, Number of Memcached servers: 3.

All measures in microseconds.
  SETS   GETS  MGETS   INVLD    TOT   HITS     RSP T      Q T     SVR T  Q LEN
 47470      0      0       0  47470  47470   8963.32  6236.34   2702.96     44
  6530      0      0       0   6530   6530   8220.61  5781.12   2416.84     32
  6244      0      0       0   6244   6244   8374.11  5879.57   2473.52     44
  6597      0      0       0   6597   6597   7978.83  5590.35   2368.70     34
  6350      0      0       0   6350   6350   8235.59  5767.16   2445.69     35
  6502      0      0       0   6502   6502   8163.14  5752.42   2392.12     36
  6242      0      0       0   6242   6242   8559.18  6042.07   2495.76     44
  6176      0      0       0   6176   6176   8632.19  6091.64   2519.02     41
  6298      0      0       0   6298   6298   8444.21  5957.45   2463.51     37
  6121      0      0       0   6121   6121   8591.67  6038.59   2534.63     44
  6155      0      0       0   6155   6155   8717.35  6153.28   2546.37     44
  6223      0      0       0   6223   6223   8568.32  6048.03   2500.28     44
  6652      0      0       0   6652   6652   7983.14  5616.34   2347.44     30
  6366      0      0       0   6366   6366   8435.89  5964.93   2451.72     40
  6538      0      0       0   6538   6538   8207.66  5798.88   2391.69     31
  6355      0      0       0   6355   6355   8402.42  5935.50   2442.19     36
  6240      0      0       0   6240   6240   8557.72  6037.25   2489.14     44
  6409      0      0       0   6409   6409   8297.28  5843.30   2428.31     44
  6226      0      0       0   6226   6226   8563.73  6034.11   2511.91     37
  6338      0      0       0   6338   6338   8368.84  5897.22   2453.47     44
  6279      0      0       0   6279   6279   8508.42  6009.36   2478.42     44
  6393      0      0       0   6393   6393   8376.99  5914.96   2440.60     44
  6553      0      0       0   6553   6553   8148.18  5747.50   2382.68     44
  6220      0      0       0   6220   6220   8563.97  6044.28   2499.20     44
  6093      0      0       0   6093   6093   8687.98  6105.70   2563.03     44
  5861      0      0       0   5861   5861   8969.26  6284.60   2663.06     33
  6184      0      0       0   6184   6184   8624.17  6065.13   2535.19     28
  6354      0      0       0   6354   6354   8340.64  5876.39   2444.32     43
  6251      0      0       0   6251   6251   8467.59  5961.16   2484.94     41
  6523      0      0       0   6523   6523   8091.31  5689.19   2380.91     35
  6245      0      0       0   6245   6245   8465.17  5944.74   2499.08     37
  6379      0      0       0   6379   6379   8372.35  5904.90   2447.28     33
  6435      0      0       0   6435   6435   8219.55  5782.30   2415.54     34
  6132      0      0       0   6132   6132   8716.50  6150.55   2545.44      0
  6113      0      0       0   6113   6113   8677.08  6104.79   2552.82     44
  6260      0      0       0   6260   6260   8297.75  5849.97   2424.05     44
  6335      0      0       0   6335   6335   8712.12  6171.80   2521.74     36
  5999      0      0       0   5999   5999   8844.70  6230.85   2580.11     42
  6130      0      0       0   6130   6130   8632.42  6075.81   2529.40     37
  5989      0      0       0   5989   5989   8775.09  6155.66   2597.51     32
  6136      0      0       0   6136   6136   8649.18  6096.37   2524.91     29
  6347      0      0       0   6347   6347   8371.13  5893.69   2455.60     42
  6437      0      0       0   6437   6437   8271.30  5826.86   2425.70     44
  6351      0      0       0   6351   6351   8402.05  5912.61   2470.46     37
  6356      0      0       0   6356   6356   8445.33  5970.16   2458.08     44
  6449      0      0       0   6449   6449   8261.79  5833.42   2410.53     44
  6331      0      0       0   6331   6331   8473.59  5983.93   2470.26     44
  6409      0      0       0   6409   6409   8310.99  5857.05   2435.20     44
  6011      0      0       0   6011   6011   8913.03  6293.26   2598.53     44
  6144      0      0       0   6144   6144   8669.54  6107.65   2540.40     28
  6322      0      0       0   6322   6322   8384.94  5897.44   2465.63     44
  6402      0      0       0   6402   6402   8275.78  5818.16   2438.41     44
  6395      0      0       0   6395   6395   8358.99  5897.32   2440.78     39
  6212      0      0       0   6212   6212   8580.20  6045.37   2515.29     36
  6254      0      0       0   6254   6254   8476.35  5961.87   2498.10     44
  6267      0      0       0   6267   6267   8545.24  6035.75   2491.28     44
  6037      0      0       0   6037   6037   8905.21  6296.06   2579.09     34
  5257      0      0       0   5257   5257   9738.23  6742.01   2978.47     37
  6022      0      0       0   6022   6022   8851.33  6239.41   2592.62     44
  6179      0      0       0   6179   6179   8519.03  5971.71   2527.64     44
  6199      0      0       0   6199   6199   8699.10  6160.65   2518.90     38
  6431      0      0       0   6431   6431   8263.48  5806.27   2437.25     41
  6213      0      0       0   6213   6213   8572.08  6029.39   2523.97     44
  6459      0      0       0   6459   6459   8241.27  5802.99   2418.40     40
  6305      0      0       0   6305   6305   8368.64  5871.99   2475.69     32
  6335      0      0       0   6335   6335   8300.50  5819.82   2460.20     44
  6255      0      0       0   6255   6255   8490.24  5981.57   2487.09     41
  6323      0      0       0   6323   6323   8409.17  5930.47   2459.67     42
  6146      0      0       0   6146   6146   8598.22  6049.73   2528.54     44
  6241      0      0       0   6241   6241   8489.72  5975.62   2490.92     37
  6430      0      0       0   6430   6430   8183.66  5745.14   2417.62     28
  6183      0      0       0   6183   6183   8612.13  6078.60   2511.74     44
  6543      0      0       0   6543   6543   8059.95  5670.35   2371.02     42
  6299      0      0       0   6299   6299   8341.23  5851.03   2468.79     28
  6444      0      0       0   6444   6444   8255.55  5818.35   2407.44     44
  6429      0      0       0   6429   6429   8226.59  5787.48   2416.44     41
  6314      0      0       0   6314   6314   8405.69  5920.08   2461.31     28
  6508      0      0       0   6508   6508   8186.50  5781.15   2387.97     44
  6270      0      0       0   6270   6270   8484.31  5983.62   2477.51     43
  6246      0      0       0   6246   6246   8541.90  6032.17   2487.74     42
  6140      0      0       0   6140   6140   8618.28  6083.03   2511.76     31
  5993      0      0       0   5993   5993   8471.16  5826.93   2608.81     24
  2414      0      0       0   2414   2414   5651.76  2924.13   2681.51      0
     0      0      0       0      0      0       NaN      NaN       NaN      0
     0      0      0       0      0      0       NaN      NaN       NaN      0
     0      0      0       0      0      0       NaN      NaN       NaN      0
================================================================================
ALL STATS (timing measures are in microseconds)
WORKER 0:
Type     |Total    |Ops/sec  |Hits/sec |Miss/Sec |Resp Time|Proc Time|Srvr Time
SET      |    34871|   387.46|   387.46|     0.00|  8486.77|  2525.08|  2502.19
GET      |        0|     0.00|     0.00|     0.00|      NaN|      NaN|      NaN
MULTIGET |        0|     0.00|     0.00|     0.00|      NaN|      NaN|      NaN
INVALID  |        0|     0.00|      ---|      ---|      NaN|      NaN|      ---
Average mutliget length: NaN
================================================================================
WORKER 1:
Type     |Total    |Ops/sec  |Hits/sec |Miss/Sec |Resp Time|Proc Time|Srvr Time
SET      |    34946|   388.29|   388.29|     0.00|  8550.41|  2520.19|  2498.18
GET      |        0|     0.00|     0.00|     0.00|      NaN|      NaN|      NaN
MULTIGET |        0|     0.00|     0.00|     0.00|      NaN|      NaN|      NaN
INVALID  |        0|     0.00|      ---|      ---|      NaN|      NaN|      ---
Average mutliget length: NaN
================================================================================
WORKER 2:
Type     |Total    |Ops/sec  |Hits/sec |Miss/Sec |Resp Time|Proc Time|Srvr Time
SET      |    34902|   387.80|   387.80|     0.00|  8505.45|  2523.18|  2501.43
GET      |        0|     0.00|     0.00|     0.00|      NaN|      NaN|      NaN
MULTIGET |        0|     0.00|     0.00|     0.00|      NaN|      NaN|      NaN
INVALID  |        0|     0.00|      ---|      ---|      NaN|      NaN|      ---
Average mutliget length: NaN
================================================================================
WORKER 3:
Type     |Total    |Ops/sec  |Hits/sec |Miss/Sec |Resp Time|Proc Time|Srvr Time
SET      |    34825|   386.94|   386.94|     0.00|  8482.12|  2527.85|  2508.04
GET      |        0|     0.00|     0.00|     0.00|      NaN|      NaN|      NaN
MULTIGET |        0|     0.00|     0.00|     0.00|      NaN|      NaN|      NaN
INVALID  |        0|     0.00|      ---|      ---|      NaN|      NaN|      ---
Average mutliget length: NaN
================================================================================
WORKER 4:
Type     |Total    |Ops/sec  |Hits/sec |Miss/Sec |Resp Time|Proc Time|Srvr Time
SET      |    34896|   387.73|   387.73|     0.00|  8476.40|  2523.16|  2501.31
GET      |        0|     0.00|     0.00|     0.00|      NaN|      NaN|      NaN
MULTIGET |        0|     0.00|     0.00|     0.00|      NaN|      NaN|      NaN
INVALID  |        0|     0.00|      ---|      ---|      NaN|      NaN|      ---
Average mutliget length: NaN
================================================================================
WORKER 5:
Type     |Total    |Ops/sec  |Hits/sec |Miss/Sec |Resp Time|Proc Time|Srvr Time
SET      |    34880|   387.56|   387.56|     0.00|  8492.23|  2524.72|  2502.92
GET      |        0|     0.00|     0.00|     0.00|      NaN|      NaN|      NaN
MULTIGET |        0|     0.00|     0.00|     0.00|      NaN|      NaN|      NaN
INVALID  |        0|     0.00|      ---|      ---|      NaN|      NaN|      ---
Average mutliget length: NaN
================================================================================
WORKER 6:
Type     |Total    |Ops/sec  |Hits/sec |Miss/Sec |Resp Time|Proc Time|Srvr Time
SET      |    34944|   388.27|   388.27|     0.00|  8516.88|  2520.05|  2499.36
GET      |        0|     0.00|     0.00|     0.00|      NaN|      NaN|      NaN
MULTIGET |        0|     0.00|     0.00|     0.00|      NaN|      NaN|      NaN
INVALID  |        0|     0.00|      ---|      ---|      NaN|      NaN|      ---
Average mutliget length: NaN
================================================================================
WORKER 7:
Type     |Total    |Ops/sec  |Hits/sec |Miss/Sec |Resp Time|Proc Time|Srvr Time
SET      |    34929|   388.10|   388.10|     0.00|  8495.56|  2520.93|  2499.83
GET      |        0|     0.00|     0.00|     0.00|      NaN|      NaN|      NaN
MULTIGET |        0|     0.00|     0.00|     0.00|      NaN|      NaN|      NaN
INVALID  |        0|     0.00|      ---|      ---|      NaN|      NaN|      ---
Average mutliget length: NaN
================================================================================
WORKER 8:
Type     |Total    |Ops/sec  |Hits/sec |Miss/Sec |Resp Time|Proc Time|Srvr Time
SET      |    34950|   388.33|   388.33|     0.00|  8512.33|  2519.16|  2497.45
GET      |        0|     0.00|     0.00|     0.00|      NaN|      NaN|      NaN
MULTIGET |        0|     0.00|     0.00|     0.00|      NaN|      NaN|      NaN
INVALID  |        0|     0.00|      ---|      ---|      NaN|      NaN|      ---
Average mutliget length: NaN
================================================================================
WORKER 9:
Type     |Total    |Ops/sec  |Hits/sec |Miss/Sec |Resp Time|Proc Time|Srvr Time
SET      |    34849|   387.21|   387.21|     0.00|  8461.58|  2526.48|  2505.81
GET      |        0|     0.00|     0.00|     0.00|      NaN|      NaN|      NaN
MULTIGET |        0|     0.00|     0.00|     0.00|      NaN|      NaN|      NaN
INVALID  |        0|     0.00|      ---|      ---|      NaN|      NaN|      ---
Average mutliget length: NaN
================================================================================
WORKER 10:
Type     |Total    |Ops/sec  |Hits/sec |Miss/Sec |Resp Time|Proc Time|Srvr Time
SET      |    34854|   387.27|   387.27|     0.00|  8477.90|  2526.35|  2504.38
GET      |        0|     0.00|     0.00|     0.00|      NaN|      NaN|      NaN
MULTIGET |        0|     0.00|     0.00|     0.00|      NaN|      NaN|      NaN
INVALID  |        0|     0.00|      ---|      ---|      NaN|      NaN|      ---
Average mutliget length: NaN
================================================================================
WORKER 11:
Type     |Total    |Ops/sec  |Hits/sec |Miss/Sec |Resp Time|Proc Time|Srvr Time
SET      |    34867|   387.41|   387.41|     0.00|  8491.82|  2525.96|  2504.27
GET      |        0|     0.00|     0.00|     0.00|      NaN|      NaN|      NaN
MULTIGET |        0|     0.00|     0.00|     0.00|      NaN|      NaN|      NaN
INVALID  |        0|     0.00|      ---|      ---|      NaN|      NaN|      ---
Average mutliget length: NaN
================================================================================
WORKER 12:
Type     |Total    |Ops/sec  |Hits/sec |Miss/Sec |Resp Time|Proc Time|Srvr Time
SET      |    34856|   387.29|   387.29|     0.00|  8475.96|  2525.82|  2504.09
GET      |        0|     0.00|     0.00|     0.00|      NaN|      NaN|      NaN
MULTIGET |        0|     0.00|     0.00|     0.00|      NaN|      NaN|      NaN
INVALID  |        0|     0.00|      ---|      ---|      NaN|      NaN|      ---
Average mutliget length: NaN
================================================================================
WORKER 13:
Type     |Total    |Ops/sec  |Hits/sec |Miss/Sec |Resp Time|Proc Time|Srvr Time
SET      |    34907|   387.86|   387.86|     0.00|  8474.93|  2522.71|  2501.19
GET      |        0|     0.00|     0.00|     0.00|      NaN|      NaN|      NaN
MULTIGET |        0|     0.00|     0.00|     0.00|      NaN|      NaN|      NaN
INVALID  |        0|     0.00|      ---|      ---|      NaN|      NaN|      ---
Average mutliget length: NaN
================================================================================
WORKER 14:
Type     |Total    |Ops/sec  |Hits/sec |Miss/Sec |Resp Time|Proc Time|Srvr Time
SET      |    34870|   387.44|   387.44|     0.00|  8485.00|  2525.62|  2500.98
GET      |        0|     0.00|     0.00|     0.00|      NaN|      NaN|      NaN
MULTIGET |        0|     0.00|     0.00|     0.00|      NaN|      NaN|      NaN
INVALID  |        0|     0.00|      ---|      ---|      NaN|      NaN|      ---
Average mutliget length: NaN
================================================================================
WORKER 15:
Type     |Total    |Ops/sec  |Hits/sec |Miss/Sec |Resp Time|Proc Time|Srvr Time
SET      |    34852|   387.24|   387.24|     0.00|  8493.46|  2526.40|  2506.04
GET      |        0|     0.00|     0.00|     0.00|      NaN|      NaN|      NaN
MULTIGET |        0|     0.00|     0.00|     0.00|      NaN|      NaN|      NaN
INVALID  |        0|     0.00|      ---|      ---|      NaN|      NaN|      ---
Average mutliget length: NaN
================================================================================
================================================================================

AGGREGATE FOR ALL WORKERS:
Type     |Total    |Ops/sec  |Hits/sec |Miss/Sec |Resp Time|Proc Time|Srvr Time
SET      |   558198|  6202.20|  6202.20|     0.00|  8492.44|  2523.98|  2502.34
GET      |        0|     0.00|     0.00|     0.00|      NaN|      NaN|      NaN
MULTIGET |        0|     0.00|     0.00|     0.00|      NaN|      NaN|      NaN
INVALID  |        0|     0.00|      ---|      ---|      NaN|      NaN|      ---
Average mutliget length: NaN


 HISTOGRAM
  Response time (ms)   Percent
                 0.1      0.00%
                 0.2      0.00%
                 0.3      0.00%
                 0.4      0.00%
                 0.5      0.00%
                 0.6      0.00%
                 0.7      0.00%
                 0.8      0.00%
                 0.9      0.00%
                 1.0      0.00%
                 1.1      0.00%
                 1.2      0.00%
                 1.3      0.00%
                 1.4      0.00%
                 1.5      0.00%
                 1.6      0.00%
                 1.7      0.00%
                 1.8      0.00%
                 1.9      0.00%
                 2.0      0.00%
                 2.1      0.01%
                 2.2      0.01%
                 2.3      0.02%
                 2.4      0.02%
                 2.5      0.03%
                 2.6      0.03%
                 2.7      0.04%
                 2.8      0.05%
                 2.9      0.05%
                 3.0      0.06%
                 3.1      0.06%
                 3.2      0.06%
                 3.3      0.07%
                 3.4      0.07%
                 3.5      0.08%
                 3.6      0.09%
                 3.7      0.10%
                 3.8      0.12%
                 3.9      0.14%
                 4.0      0.17%
                 4.1      0.21%
                 4.2      0.26%
                 4.3      0.30%
                 4.4      0.34%
                 4.5      0.38%
                 4.6      0.43%
                 4.7      0.48%
                 4.8      0.54%
                 4.9      0.59%
                 5.0      0.64%
                 5.1      0.71%
                 5.2      0.78%
                 5.3      0.84%
                 5.4      0.91%
                 5.5      0.99%
                 5.6      1.09%
                 5.7      1.21%
                 5.8      1.37%
                 5.9      1.62%
                 6.0      2.02%
                 6.1      2.62%
                 6.2      3.47%
                 6.3      4.57%
                 6.4      5.97%
                 6.5      7.58%
                 6.6      9.38%
                 6.7     11.31%
                 6.8     13.30%
                 6.9     15.32%
                 7.0     17.23%
                 7.1     19.07%
                 7.2     20.86%
                 7.3     22.56%
                 7.4     24.36%
                 7.5     26.28%
                 7.6     28.33%
                 7.7     30.66%
                 7.8     33.38%
                 7.9     36.35%
                 8.0     39.74%
                 8.1     43.49%
                 8.2     47.42%
                 8.3     51.50%
                 8.4     55.65%
                 8.5     59.71%
                 8.6     63.73%
                 8.7     67.53%
                 8.8     71.08%
                 8.9     74.27%
                 9.0     77.04%
                 9.1     79.31%
                 9.2     81.16%
                 9.3     82.76%
                 9.4     84.10%
                 9.5     85.26%
                 9.6     86.30%
                 9.7     87.27%
                 9.8     88.07%
                 9.9     88.75%
                10.0     89.37%
                10.1     89.93%
                10.2     90.46%
                10.3     90.95%
                10.4     91.43%
                10.5     91.92%
                10.6     92.35%
                10.7     92.75%
                10.8     93.14%
                10.9     93.52%
                11.0     93.88%
                11.1     94.21%
                11.2     94.49%
                11.3     94.77%
                11.4     95.04%
                11.5     95.26%
                11.6     95.46%
                11.7     95.64%
                11.8     95.81%
                11.9     95.97%
                12.0     96.13%
                12.1     96.28%
                12.2     96.44%
                12.3     96.59%
                12.4     96.74%
                12.5     96.87%
                12.6     97.00%
                12.7     97.12%
                12.8     97.24%
                12.9     97.34%
                13.0     97.43%
                13.1     97.53%
                13.2     97.62%
                13.3     97.71%
                13.4     97.83%
                13.5     97.94%
                13.6     98.06%
                13.7     98.16%
                13.8     98.25%
                13.9     98.33%
                14.0     98.40%
                14.1     98.47%
                14.2     98.54%
                14.3     98.60%
                14.4     98.65%
                14.5     98.71%
                14.6     98.78%
                14.7     98.83%
                14.8     98.87%
                14.9     98.91%
                15.0     98.95%
                15.1     98.98%
                15.2     99.01%
                15.3     99.04%
                15.4     99.07%
                15.5     99.10%
                15.6     99.14%
                15.7     99.17%
                15.8     99.20%
                15.9     99.23%
                16.0     99.26%
                16.1     99.30%
                16.2     99.33%
                16.3     99.35%
                16.4     99.37%
                16.5     99.39%
                16.6     99.40%
                16.7     99.42%
                16.8     99.43%
                16.9     99.44%
                17.0     99.46%
                17.1     99.48%
                17.2     99.49%
                17.3     99.51%
                17.4     99.52%
                17.5     99.53%
                17.6     99.54%
                17.7     99.55%
                17.8     99.56%
                17.9     99.57%
                18.0     99.59%
                18.1     99.60%
                18.2     99.61%
                18.3     99.61%
                18.4     99.63%
                18.5     99.63%
                18.6     99.64%
                18.7     99.65%
                18.8     99.66%
                18.9     99.66%
                19.0     99.67%
                19.1     99.67%
                19.2     99.68%
                19.3     99.69%
                19.4     99.69%
                19.5     99.70%
                19.6     99.71%
                19.7     99.71%
                19.8     99.71%
                19.9     99.72%
                20.0     99.72%
                20.1     99.73%
                20.2     99.73%
                20.3     99.73%
                20.4     99.73%
                20.5     99.74%
                20.6     99.74%
                20.7     99.74%
                20.8     99.75%
                20.9     99.75%
                21.0     99.75%
                21.1     99.76%
                21.2     99.76%
                21.3     99.77%
                21.4     99.77%
                21.5     99.78%
                21.6     99.79%
                21.7     99.79%
                21.8     99.79%
                21.9     99.80%
                22.0     99.80%
                22.1     99.80%
                22.2     99.80%
                22.3     99.80%
                22.4     99.81%
                22.5     99.81%
                22.6     99.81%
                22.7     99.81%
                22.8     99.82%
                22.9     99.82%
                23.0     99.82%
                23.1     99.82%
                23.2     99.82%
                23.3     99.82%
                23.4     99.82%
                23.5     99.83%
                23.6     99.83%
                23.7     99.83%
                23.8     99.83%
                23.9     99.83%
                24.0     99.83%
                24.1     99.83%
                24.2     99.84%
                24.3     99.84%
                24.4     99.84%
                24.5     99.84%
                24.6     99.84%
                24.7     99.84%
                24.8     99.84%
                24.9     99.84%
                25.0     99.85%
                25.1     99.85%
                25.2     99.85%
                25.3     99.85%
                25.4     99.85%
                25.5     99.86%
                25.6     99.86%
                25.7     99.86%
                25.8     99.86%
                25.9     99.86%
                26.0     99.87%
                26.1     99.87%
                26.2     99.87%
                26.3     99.87%
                26.4     99.87%
                26.5     99.87%
                26.6     99.87%
                26.7     99.87%
                26.8     99.87%
                26.9     99.87%
                27.0     99.87%
                27.1     99.87%
                27.2     99.87%
                27.3     99.87%
                27.4     99.87%
                27.5     99.87%
                27.6     99.88%
                27.7     99.88%
                27.8     99.88%
                27.9     99.88%
                28.0     99.88%
                28.1     99.88%
                28.2     99.88%
                28.3     99.88%
                28.4     99.88%
                28.5     99.89%
                28.6     99.89%
                28.7     99.89%
                28.8     99.89%
                28.9     99.89%
                29.0     99.89%
                29.1     99.89%
                29.2     99.89%
                29.3     99.89%
                29.4     99.89%
                29.5     99.89%
                29.6     99.89%
                29.7     99.89%
                29.8     99.89%
                29.9     99.89%
                30.0     99.89%
                30.1     99.89%
                30.2     99.89%
                30.3     99.89%
                30.4     99.89%
                30.5     99.90%
                30.6     99.90%
                30.7     99.90%
                30.8     99.90%
                30.9     99.90%
                31.0     99.90%
                31.1     99.90%
                31.2     99.90%
                31.3     99.90%
                31.4     99.91%
                31.5     99.91%
                31.6     99.91%
                31.7     99.91%
                31.8     99.91%
                31.9     99.91%
                32.0     99.91%
                32.1     99.91%
                32.2     99.91%
                32.3     99.91%
                32.4     99.91%
                32.5     99.91%
                32.6     99.91%
                32.7     99.91%
                32.8     99.91%
                32.9     99.91%
                33.0     99.91%
                33.1     99.91%
                33.2     99.91%
                33.3     99.91%
                33.4     99.91%
                33.5     99.91%
                33.6     99.91%
                33.7     99.91%
                33.8     99.91%
                33.9     99.91%
                34.0     99.91%
                34.1     99.91%
                34.2     99.91%
                34.3     99.91%
                34.4     99.91%
                34.5     99.91%
                34.6     99.91%
                34.7     99.91%
                34.8     99.91%
                34.9     99.91%
                35.0     99.91%
                35.1     99.91%
                35.2     99.91%
                35.3     99.91%
                35.4     99.91%
                35.5     99.91%
                35.6     99.91%
                35.7     99.91%
                35.8     99.91%
                35.9     99.91%
                36.0     99.91%
                36.1     99.92%
                36.2     99.92%
                36.3     99.92%
                36.4     99.92%
                36.5     99.92%
                36.6     99.92%
                36.7     99.92%
                36.8     99.92%
                36.9     99.92%
                37.0     99.92%
                37.1     99.92%
                37.2     99.93%
                37.3     99.93%
                37.4     99.93%
                37.5     99.93%
                37.6     99.93%
                37.7     99.93%
                37.8     99.93%
                37.9     99.93%
                38.0     99.94%
                38.1     99.94%
                38.2     99.94%
                38.3     99.94%
                38.4     99.94%
                38.5     99.94%
                38.6     99.94%
                38.7     99.95%
                38.8     99.95%
                38.9     99.95%
                39.0     99.95%
                39.1     99.95%
                39.2     99.95%
                39.3     99.95%
                39.4     99.95%
                39.5     99.95%
                39.6     99.95%
                39.7     99.95%
                39.8     99.95%
                39.9     99.95%
                40.0     99.95%
                40.1     99.95%
                40.2     99.95%
                40.3     99.95%
                40.4     99.95%
                40.5     99.95%
                40.6     99.96%
                40.7     99.96%
                40.8     99.96%
                40.9     99.96%
                41.0     99.96%
                41.1     99.96%
                41.2     99.96%
                41.3     99.96%
                41.4     99.96%
                41.5     99.96%
                41.6     99.96%
                41.7     99.96%
                41.8     99.96%
                41.9     99.96%
                42.0     99.96%
                42.1     99.96%
                42.2     99.96%
                42.3     99.96%
                42.4     99.96%
                42.5     99.96%
                42.6     99.96%
                42.7     99.96%
                42.8     99.96%
                42.9     99.96%
                43.0     99.96%
                43.1     99.96%
                43.2     99.96%
                43.3     99.96%
                43.4     99.96%
                43.5     99.96%
                43.6     99.96%
                43.7     99.96%
                43.8     99.96%
                43.9     99.96%
                44.0     99.96%
                44.1     99.96%
                44.2     99.96%
                44.3     99.96%
                44.4     99.96%
                44.5     99.96%
                44.6     99.96%
                44.7     99.96%
                44.8     99.96%
                44.9     99.96%
                45.0     99.96%
                45.1     99.96%
                45.2     99.96%
                45.3     99.96%
                45.4     99.96%
                45.5     99.96%
                45.6     99.96%
                45.7     99.96%
                45.8     99.96%
                45.9     99.96%
                46.0     99.96%
                46.1     99.96%
                46.2     99.96%
                46.3     99.96%
                46.4     99.96%
                46.5     99.96%
                46.6     99.96%
                46.7     99.96%
                46.8     99.96%
                46.9     99.96%
                47.0     99.96%
                47.1     99.96%
                47.2     99.96%
                47.3     99.96%
                47.4     99.96%
                47.5     99.96%
                47.6     99.96%
                47.7     99.96%
                47.8     99.96%
                47.9     99.96%
                48.0     99.96%
                48.1     99.96%
                48.2     99.96%
                48.3     99.97%
                48.4     99.97%
                48.5     99.97%
                48.6     99.97%
                48.7     99.97%
                48.8     99.97%
                48.9     99.97%
                49.0     99.97%
                49.1     99.97%
                49.2     99.97%
                49.3     99.97%
                49.4     99.97%
                49.5     99.97%
                49.6     99.97%
                49.7     99.97%
                49.8     99.97%
                49.9     99.97%
                50.0     99.97%
                50.1     99.97%
                50.2     99.97%
                50.3     99.97%
                50.4     99.97%
                50.5     99.97%
                50.6     99.97%
                50.7     99.97%
                50.8     99.97%
                50.9     99.97%
                51.0     99.97%
                51.1     99.97%
                51.2     99.97%
                51.3     99.97%
                51.4     99.97%
                51.5     99.97%
                51.6     99.97%
                51.7     99.97%
                51.8     99.97%
                51.9     99.97%
                52.0     99.97%
                52.1     99.97%
                52.2     99.97%
                52.3     99.97%
                52.4     99.97%
                52.5     99.97%
                52.6     99.97%
                52.7     99.97%
                52.8     99.97%
                52.9     99.97%
                53.0     99.97%
                53.1     99.97%
                53.2     99.97%
                53.3     99.97%
                53.4     99.97%
                53.5     99.97%
                53.6     99.97%
                53.7     99.97%
                53.8     99.97%
                53.9     99.97%
                54.0     99.97%
                54.1     99.97%
                54.2     99.97%
                54.3     99.97%
                54.4     99.97%
                54.5     99.97%
                54.6     99.97%
                54.7     99.97%
                54.8     99.98%
                54.9     99.98%
                55.0     99.98%
                55.1     99.98%
                55.2     99.98%
                55.3     99.98%
                55.4     99.98%
                55.5     99.98%
                55.6     99.98%
                55.7     99.98%
                55.8     99.98%
                55.9     99.98%
                56.0     99.98%
                56.1     99.98%
                56.2     99.98%
                56.3     99.98%
                56.4     99.98%
                56.5     99.98%
                56.6     99.98%
                56.7     99.98%
                56.8     99.98%
                56.9     99.98%
                57.0     99.98%
                57.1     99.98%
                57.2     99.98%
                57.3     99.98%
                57.4     99.98%
                57.5     99.98%
                57.6     99.98%
                57.7     99.98%
                57.8     99.98%
                57.9     99.98%
                58.0     99.98%
                58.1     99.98%
                58.2     99.98%
                58.3     99.98%
                58.4     99.98%
                58.5     99.98%
                58.6     99.98%
                58.7     99.98%
                58.8     99.98%
                58.9     99.98%
                59.0     99.98%
                59.1     99.98%
                59.2     99.98%
                59.3     99.98%
                59.4     99.98%
                59.5     99.98%
                59.6     99.98%
                59.7     99.98%
                59.8     99.98%
                59.9     99.98%
                60.0     99.98%
                60.1     99.98%
                60.2     99.98%
                60.3     99.98%
                60.4     99.98%
                60.5     99.98%
                60.6     99.98%
                60.7     99.98%
                60.8     99.98%
                60.9     99.98%
                61.0     99.98%
                61.1     99.98%
                61.2     99.98%
                61.3     99.98%
                61.4     99.98%
                61.5     99.98%
                61.6     99.98%
                61.7     99.98%
                61.8     99.98%
                61.9     99.98%
                62.0     99.98%
                62.1     99.98%
                62.2     99.98%
                62.3     99.98%
                62.4     99.98%
                62.5     99.98%
                62.6     99.98%
                62.7     99.98%
                62.8     99.98%
                62.9     99.98%
                63.0     99.98%
                63.1     99.98%
                63.2     99.98%
                63.3     99.98%
                63.4     99.98%
                63.5     99.98%
                63.6     99.98%
                63.7     99.98%
                63.8     99.98%
                63.9     99.98%
                64.0     99.98%
                64.1     99.98%
                64.2     99.98%
                64.3     99.98%
                64.4     99.98%
                64.5     99.98%
                64.6     99.98%
                64.7     99.98%
                64.8     99.98%
                64.9     99.98%
                65.0     99.98%
                65.1     99.98%
                65.2     99.98%
                65.3     99.98%
                65.4     99.98%
                65.5     99.98%
                65.6     99.98%
                65.7     99.98%
                65.8     99.98%
                65.9     99.98%
                66.0     99.98%
                66.1     99.98%
                66.2     99.98%
                66.3     99.98%
                66.4     99.98%
                66.5     99.98%
                66.6     99.98%
                66.7     99.98%
                66.8     99.98%
                66.9     99.98%
                67.0     99.98%
                67.1     99.98%
                67.2     99.98%
                67.3     99.98%
                67.4     99.98%
                67.5     99.98%
                67.6     99.98%
                67.7     99.98%
                67.8     99.98%
                67.9     99.98%
                68.0     99.98%
                68.1     99.98%
                68.2     99.98%
                68.3     99.98%
                68.4     99.98%
                68.5     99.98%
                68.6     99.98%
                68.7     99.98%
                68.8     99.98%
                68.9     99.98%
                69.0     99.98%
                69.1     99.98%
                69.2     99.98%
                69.3     99.98%
                69.4     99.98%
                69.5     99.98%
                69.6     99.98%
                69.7     99.98%
                69.8     99.98%
                69.9     99.98%
                70.0     99.98%
                70.1     99.98%
                70.2     99.98%
                70.3     99.98%
                70.4     99.98%
                70.5     99.98%
                70.6     99.98%
                70.7     99.99%
                70.8     99.99%
                70.9     99.99%
                71.0     99.99%
                71.1     99.99%
                71.2     99.99%
                71.3     99.99%
                71.4     99.99%
                71.5     99.99%
                71.6     99.99%
                71.7     99.99%
                71.8     99.99%
                71.9     99.99%
                72.0     99.99%
                72.1     99.99%
                72.2     99.99%
                72.3     99.99%
                72.4     99.99%
                72.5     99.99%
                72.6     99.99%
                72.7     99.99%
                72.8     99.99%
                72.9     99.99%
                73.0     99.99%
                73.1     99.99%
                73.2     99.99%
                73.3     99.99%
                73.4     99.99%
                73.5     99.99%
                73.6     99.99%
                73.7     99.99%
                73.8     99.99%
                73.9     99.99%
                74.0     99.99%
                74.1     99.99%
                74.2     99.99%
                74.3     99.99%
                74.4     99.99%
                74.5     99.99%
                74.6     99.99%
                74.7     99.99%
                74.8     99.99%
                74.9     99.99%
                75.0     99.99%
                75.1     99.99%
                75.2     99.99%
                75.3     99.99%
                75.4     99.99%
                75.5     99.99%
                75.6     99.99%
                75.7     99.99%
                75.8     99.99%
                75.9     99.99%
                76.0     99.99%
                76.1     99.99%
                76.2     99.99%
                76.3     99.99%
                76.4     99.99%
                76.5     99.99%
                76.6     99.99%
                76.7     99.99%
                76.8     99.99%
                76.9     99.99%
                77.0     99.99%
                77.1     99.99%
                77.2     99.99%
                77.3     99.99%
                77.4     99.99%
                77.5     99.99%
                77.6     99.99%
                77.7     99.99%
                77.8     99.99%
                77.9     99.99%
                78.0     99.99%
                78.1     99.99%
                78.2     99.99%
                78.3     99.99%
                78.4     99.99%
                78.5     99.99%
                78.6     99.99%
                78.7     99.99%
                78.8     99.99%
                78.9     99.99%
                79.0     99.99%
                79.1     99.99%
                79.2     99.99%
                79.3     99.99%
                79.4     99.99%
                79.5     99.99%
                79.6     99.99%
                79.7     99.99%
                79.8     99.99%
                79.9     99.99%
                80.0     99.99%
                80.1     99.99%
                80.2     99.99%
                80.3     99.99%
                80.4     99.99%
                80.5     99.99%
                80.6     99.99%
                80.7     99.99%
                80.8     99.99%
                80.9     99.99%
                81.0     99.99%
                81.1     99.99%
                81.2     99.99%
                81.3     99.99%
                81.4     99.99%
                81.5     99.99%
                81.6     99.99%
                81.7     99.99%
                81.8     99.99%
                81.9     99.99%
                82.0     99.99%
                82.1     99.99%
                82.2     99.99%
                82.3     99.99%
                82.4     99.99%
                82.5     99.99%
                82.6     99.99%
                82.7     99.99%
                82.8     99.99%
                82.9     99.99%
                83.0     99.99%
                83.1     99.99%
                83.2     99.99%
                83.3     99.99%
                83.4     99.99%
                83.5     99.99%
                83.6     99.99%
                83.7     99.99%
                83.8     99.99%
                83.9     99.99%
                84.0     99.99%
                84.1     99.99%
                84.2     99.99%
                84.3     99.99%
                84.4     99.99%
                84.5     99.99%
                84.6     99.99%
                84.7     99.99%
                84.8     99.99%
                84.9     99.99%
                85.0     99.99%
                85.1     99.99%
                85.2     99.99%
                85.3     99.99%
                85.4     99.99%
                85.5     99.99%
                85.6     99.99%
                85.7     99.99%
                85.8     99.99%
                85.9     99.99%
                86.0     99.99%
                86.1     99.99%
                86.2     99.99%
                86.3     99.99%
                86.4     99.99%
                86.5     99.99%
                86.6     99.99%
                86.7     99.99%
                86.8     99.99%
                86.9     99.99%
                87.0     99.99%
                87.1     99.99%
                87.2     99.99%
                87.3     99.99%
                87.4     99.99%
                87.5     99.99%
                87.6     99.99%
                87.7     99.99%
                87.8     99.99%
                87.9     99.99%
                88.0     99.99%
                88.1     99.99%
                88.2     99.99%
                88.3     99.99%
                88.4     99.99%
                88.5     99.99%
                88.6     99.99%
                88.7     99.99%
                88.8     99.99%
                88.9     99.99%
                89.0     99.99%
                89.1     99.99%
                89.2     99.99%
                89.3     99.99%
                89.4     99.99%
                89.5     99.99%
                89.6     99.99%
                89.7     99.99%
                89.8     99.99%
                89.9     99.99%
                90.0     99.99%
                90.1     99.99%
                90.2     99.99%
                90.3     99.99%
                90.4     99.99%
                90.5     99.99%
                90.6     99.99%
                90.7     99.99%
                90.8     99.99%
                90.9     99.99%
                91.0     99.99%
                91.1     99.99%
                91.2     99.99%
                91.3     99.99%
                91.4     99.99%
                91.5     99.99%
                91.6     99.99%
                91.7     99.99%
                91.8     99.99%
                91.9     99.99%
                92.0     99.99%
                92.1     99.99%
                92.2     99.99%
                92.3     99.99%
                92.4     99.99%
                92.5     99.99%
                92.6     99.99%
                92.7     99.99%
                92.8     99.99%
                92.9     99.99%
                93.0     99.99%
                93.1     99.99%
                93.2     99.99%
                93.3     99.99%
                93.4     99.99%
                93.5     99.99%
                93.6     99.99%
                93.7     99.99%
                93.8     99.99%
                93.9     99.99%
                94.0     99.99%
                94.1     99.99%
                94.2     99.99%
                94.3     99.99%
                94.4     99.99%
                94.5     99.99%
                94.6     99.99%
                94.7     99.99%
                94.8     99.99%
                94.9     99.99%
                95.0     99.99%
                95.1     99.99%
                95.2     99.99%
                95.3     99.99%
                95.4     99.99%
                95.5     99.99%
                95.6     99.99%
                95.7     99.99%
                95.8     99.99%
                95.9     99.99%
                96.0     99.99%
                96.1     99.99%
                96.2     99.99%
                96.3     99.99%
                96.4     99.99%
                96.5     99.99%
                96.6     99.99%
                96.7     99.99%
                96.8     99.99%
                96.9     99.99%
                97.0     99.99%
                97.1     99.99%
                97.2     99.99%
                97.3     99.99%
                97.4     99.99%
                97.5     99.99%
                97.6     99.99%
                97.7     99.99%
                97.8     99.99%
                97.9     99.99%
                98.0     99.99%
                98.1     99.99%
                98.2     99.99%
                98.3     99.99%
                98.4     99.99%
                98.5     99.99%
                98.6     99.99%
                98.7     99.99%
                98.8     99.99%
                98.9     99.99%
                99.0     99.99%
                99.1     99.99%
                99.2     99.99%
                99.3     99.99%
                99.4     99.99%
                99.5     99.99%
                99.6     99.99%
                99.7     99.99%
                99.8     99.99%
                99.9     99.99%
               100.0     99.99%
               100.1     99.99%
               100.2     99.99%
               100.3     99.99%
               100.4     99.99%
               100.5     99.99%
               100.6     99.99%
               100.7     99.99%
               100.8     99.99%
               100.9     99.99%
               101.0     99.99%
               101.1     99.99%
               101.2     99.99%
               101.3     99.99%
               101.4     99.99%
               101.5     99.99%
               101.6     99.99%
               101.7     99.99%
               101.8     99.99%
               101.9     99.99%
               102.0     99.99%
               102.1     99.99%
               102.2     99.99%
               102.3     99.99%
               102.4     99.99%
               102.5     99.99%
               102.6     99.99%
               102.7     99.99%
               102.8     99.99%
               102.9     99.99%
               103.0     99.99%
               103.1     99.99%
               103.2     99.99%
               103.3     99.99%
               103.4     99.99%
               103.5     99.99%
               103.6     99.99%
               103.7     99.99%
               103.8    100.00%
               103.9    100.00%
               104.0    100.00%
               104.1    100.00%
               104.2    100.00%
               104.3    100.00%
               104.4    100.00%
               104.5    100.00%
               104.6    100.00%

