Threads: 8, Sharded reads: false, Number of Memcached servers: 3.

All measures in microseconds.
  SETS   GETS  MGETS   INVLD    TOT   HITS     RSP T      Q T     SVR T  Q LEN
 22047      0      0       0  22047  22047  71446.16 68352.62   3049.89    178
  2439      0      0       0   2439   2439  77318.92 74038.32   3246.73    178
  2458      0      0       0   2458   2458  75063.12 71857.39   3155.86    182
  2566      0      0       0   2566   2566  72831.10 69761.79   3030.54    179
  2491      0      0       0   2491   2491  74287.77 71136.18   3112.62    180
  2612      0      0       0   2612   2612  71003.34 68001.77   2963.98    182
  2646      0      0       0   2646   2646  70029.04 67068.05   2917.68    184
  2670      0      0       0   2670   2670  69224.81 66294.54   2898.06    184
  2569      0      0       0   2569   2569  72180.98 69128.86   3008.91    184
  2658      0      0       0   2658   2658  70126.85 67158.83   2932.99    176
  2687      0      0       0   2687   2687  69309.17 66378.46   2879.50    176
  2612      0      0       0   2612   2612  69901.94 66908.53   2957.46    176
  2627      0      0       0   2627   2627  71483.73 68486.71   2961.17    184
  2695      0      0       0   2695   2695  68820.80 65910.53   2879.46    177
  2815      0      0       0   2815   2815  65519.21 62738.28   2751.49    181
  2818      0      0       0   2818   2818  65891.75 63106.91   2749.78    184
  2733      0      0       0   2733   2733  68106.71 65219.12   2857.01    182
  2479      0      0       0   2479   2479  74661.70 71486.59   3135.98    176
  2706      0      0       0   2706   2706  68821.68 65918.44   2873.41    182
  2569      0      0       0   2569   2569  71569.59 68520.83   3012.83    172
  2705      0      0       0   2705   2705  68379.41 65478.50   2871.75    176
  2604      0      0       0   2604   2604  71431.43 68412.85   2986.72    183
  2616      0      0       0   2616   2616  71038.21 68027.83   2981.15    178
  2597      0      0       0   2597   2597  71212.00 68202.79   2970.76    177
  2635      0      0       0   2635   2635  71096.00 68094.57   2967.51    178
  2703      0      0       0   2703   2703  68427.99 65526.28   2868.77    177
  2491      0      0       0   2491   2491  73526.64 70369.31   3125.56    176
  2414      0      0       0   2414   2414  77393.38 74135.37   3213.47    180
  2746      0      0       0   2746   2746  67626.85 64761.26   2834.41    176
  2665      0      0       0   2665   2665  70897.42 67899.06   2965.64    176
  2607      0      0       0   2607   2607  69955.43 66952.79   2965.88    181
  2593      0      0       0   2593   2593  71873.11 68864.85   2975.58    184
  2696      0      0       0   2696   2696  69172.36 66243.15   2890.67    182
  2764      0      0       0   2764   2764  67496.42 64649.70   2817.01    180
  2666      0      0       0   2666   2666  69206.70 66268.02   2907.02    181
  2629      0      0       0   2629   2629  70796.20 67804.13   2959.50    179
  2790      0      0       0   2790   2790  66432.46 63616.34   2785.33    182
  2636      0      0       0   2636   2636  70473.75 67488.75   2951.76    183
  2531      0      0       0   2531   2531  72865.57 69756.40   3077.59    181
  2670      0      0       0   2670   2670  69638.87 66694.20   2913.57    176
  2721      0      0       0   2721   2721  68378.90 65488.46   2852.37    177
  2458      0      0       0   2458   2458  75301.16 72105.33   3161.56    182
  2704      0      0       0   2704   2704  68837.77 65925.05   2879.80    184
  2732      0      0       0   2732   2732  68725.36 65821.02   2876.28    183
  2764      0      0       0   2764   2764  67250.61 64404.14   2818.35    176
  2672      0      0       0   2672   2672  69457.23 66515.15   2906.28    181
  2590      0      0       0   2590   2590  71637.22 68600.64   3003.44    176
  2713      0      0       0   2713   2713  69074.72 66157.04   2886.09    179
  2301      0      0       0   2301   2301  79307.26 75906.25   3369.99    177
  2350      0      0       0   2350   2350  79378.54 76026.03   3320.95    177
  2749      0      0       0   2749   2749  68053.82 65196.82   2824.92    180
  2843      0      0       0   2843   2843  65559.60 62787.67   2741.26    181
  2768      0      0       0   2768   2768  66939.76 64096.82   2808.09    181
  2600      0      0       0   2600   2600  70811.35 67800.17   2976.11    178
  2807      0      0       0   2807   2807  66409.43 63617.15   2760.43    181
  2776      0      0       0   2776   2776  66651.95 63827.35   2794.81    178
  2468      0      0       0   2468   2468  74877.20 71685.45   3132.59    177
  2855      0      0       0   2855   2855  65572.84 62812.53   2726.45    183
  2808      0      0       0   2808   2808  65536.53 62747.90   2758.09    184
  2700      0      0       0   2700   2700  68989.02 66072.67   2870.83    177
  2693      0      0       0   2693   2693  68346.03 65423.63   2885.00    178
  2694      0      0       0   2694   2694  69383.32 66465.25   2886.06    182
  2669      0      0       0   2669   2669  69239.77 66298.96   2904.94    181
  2660      0      0       0   2660   2660  69343.17 66403.18   2895.07    184
  2424      0      0       0   2424   2424  76327.14 73090.59   3202.92    177
  2676      0      0       0   2676   2676  69256.64 66326.84   2893.68    183
  2808      0      0       0   2808   2808  66118.84 63316.91   2769.39    184
  2774      0      0       0   2774   2774  66533.05 63699.55   2798.77    184
  2684      0      0       0   2684   2684  69492.80 66562.95   2893.83    182
  2848      0      0       0   2848   2848  65308.82 62543.89   2729.47    180
  2767      0      0       0   2767   2767  67223.93 64382.12   2804.22    178
  2512      0      0       0   2512   2512  73263.66 70136.43   3086.95    176
  2739      0      0       0   2739   2739  67038.58 64170.54   2827.31    183
  2710      0      0       0   2710   2710  68544.26 65646.51   2863.82    177
  2671      0      0       0   2671   2671  70012.91 67062.53   2912.80    176
  2780      0      0       0   2780   2780  67206.49 64374.87   2798.04    177
  2739      0      0       0   2739   2739  67990.13 65122.85   2833.14    178
  2669      0      0       0   2669   2669  69122.73 66187.81   2901.82    180
  2569      0      0       0   2569   2569  70955.47 67911.10   3004.18    182
  2510      0      0       0   2510   2510  74652.53 71517.40   3102.06    179
  2759      0      0       0   2759   2759  67400.46 64557.57   2806.97    181
  2151      0      0       0   2151   2151  63608.26 60724.26   2850.14      0
     0      0      0       0      0      0       NaN      NaN       NaN      0
     0      0      0       0      0      0       NaN      NaN       NaN      0
     0      0      0       0      0      0       NaN      NaN       NaN      0
     0      0      0       0      0      0       NaN      NaN       NaN      0
================================================================================
ALL STATS (timing measures are in microseconds)
WORKER 0:
Type     |Total    |Ops/sec  |Hits/sec |Miss/Sec |Resp Time|Proc Time|Srvr Time
SET      |    29542|   328.24|   328.24|     0.00| 69990.92|  2975.58|  2938.09
GET      |        0|     0.00|     0.00|     0.00|      NaN|      NaN|      NaN
MULTIGET |        0|     0.00|     0.00|     0.00|      NaN|      NaN|      NaN
INVALID  |        0|     0.00|      ---|      ---|      NaN|      NaN|      ---
Average mutliget length: NaN
================================================================================
WORKER 1:
Type     |Total    |Ops/sec  |Hits/sec |Miss/Sec |Resp Time|Proc Time|Srvr Time
SET      |    29619|   329.10|   329.10|     0.00| 70023.76|  2968.76|  2934.43
GET      |        0|     0.00|     0.00|     0.00|      NaN|      NaN|      NaN
MULTIGET |        0|     0.00|     0.00|     0.00|      NaN|      NaN|      NaN
INVALID  |        0|     0.00|      ---|      ---|      NaN|      NaN|      ---
Average mutliget length: NaN
================================================================================
WORKER 2:
Type     |Total    |Ops/sec  |Hits/sec |Miss/Sec |Resp Time|Proc Time|Srvr Time
SET      |    29527|   328.08|   328.08|     0.00| 70010.27|  2977.30|  2941.99
GET      |        0|     0.00|     0.00|     0.00|      NaN|      NaN|      NaN
MULTIGET |        0|     0.00|     0.00|     0.00|      NaN|      NaN|      NaN
INVALID  |        0|     0.00|      ---|      ---|      NaN|      NaN|      ---
Average mutliget length: NaN
================================================================================
WORKER 3:
Type     |Total    |Ops/sec  |Hits/sec |Miss/Sec |Resp Time|Proc Time|Srvr Time
SET      |    29564|   328.49|   328.49|     0.00| 70004.54|  2973.67|  2939.65
GET      |        0|     0.00|     0.00|     0.00|      NaN|      NaN|      NaN
MULTIGET |        0|     0.00|     0.00|     0.00|      NaN|      NaN|      NaN
INVALID  |        0|     0.00|      ---|      ---|      NaN|      NaN|      ---
Average mutliget length: NaN
================================================================================
WORKER 4:
Type     |Total    |Ops/sec  |Hits/sec |Miss/Sec |Resp Time|Proc Time|Srvr Time
SET      |    29568|   328.53|   328.53|     0.00| 70001.50|  2973.64|  2937.25
GET      |        0|     0.00|     0.00|     0.00|      NaN|      NaN|      NaN
MULTIGET |        0|     0.00|     0.00|     0.00|      NaN|      NaN|      NaN
INVALID  |        0|     0.00|      ---|      ---|      NaN|      NaN|      ---
Average mutliget length: NaN
================================================================================
WORKER 5:
Type     |Total    |Ops/sec  |Hits/sec |Miss/Sec |Resp Time|Proc Time|Srvr Time
SET      |    29563|   328.48|   328.48|     0.00| 70011.97|  2973.66|  2937.64
GET      |        0|     0.00|     0.00|     0.00|      NaN|      NaN|      NaN
MULTIGET |        0|     0.00|     0.00|     0.00|      NaN|      NaN|      NaN
INVALID  |        0|     0.00|      ---|      ---|      NaN|      NaN|      ---
Average mutliget length: NaN
================================================================================
WORKER 6:
Type     |Total    |Ops/sec  |Hits/sec |Miss/Sec |Resp Time|Proc Time|Srvr Time
SET      |    29573|   328.59|   328.59|     0.00| 69982.89|  2973.69|  2935.89
GET      |        0|     0.00|     0.00|     0.00|      NaN|      NaN|      NaN
MULTIGET |        0|     0.00|     0.00|     0.00|      NaN|      NaN|      NaN
INVALID  |        0|     0.00|      ---|      ---|      NaN|      NaN|      ---
Average mutliget length: NaN
================================================================================
WORKER 7:
Type     |Total    |Ops/sec  |Hits/sec |Miss/Sec |Resp Time|Proc Time|Srvr Time
SET      |    29584|   328.71|   328.71|     0.00| 69998.14|  2971.39|  2935.30
GET      |        0|     0.00|     0.00|     0.00|      NaN|      NaN|      NaN
MULTIGET |        0|     0.00|     0.00|     0.00|      NaN|      NaN|      NaN
INVALID  |        0|     0.00|      ---|      ---|      NaN|      NaN|      ---
Average mutliget length: NaN
================================================================================
================================================================================

AGGREGATE FOR ALL WORKERS:
Type     |Total    |Ops/sec  |Hits/sec |Miss/Sec |Resp Time|Proc Time|Srvr Time
SET      |   236540|  2628.22|  2628.22|     0.00| 70003.00|  2973.46|  2937.53
GET      |        0|     0.00|     0.00|     0.00|      NaN|      NaN|      NaN
MULTIGET |        0|     0.00|     0.00|     0.00|      NaN|      NaN|      NaN
INVALID  |        0|     0.00|      ---|      ---|      NaN|      NaN|      ---
Average mutliget length: NaN


 HISTOGRAM
  Response time (ms)   Percent
                 0.1      0.00%
                 0.2      0.00%
                 0.3      0.00%
                 0.4      0.00%
                 0.5      0.00%
                 0.6      0.00%
                 0.7      0.00%
                 0.8      0.00%
                 0.9      0.00%
                 1.0      0.00%
                 1.1      0.00%
                 1.2      0.00%
                 1.3      0.00%
                 1.4      0.00%
                 1.5      0.00%
                 1.6      0.00%
                 1.7      0.00%
                 1.8      0.00%
                 1.9      0.00%
                 2.0      0.00%
                 2.1      0.00%
                 2.2      0.00%
                 2.3      0.00%
                 2.4      0.00%
                 2.5      0.00%
                 2.6      0.00%
                 2.7      0.00%
                 2.8      0.00%
                 2.9      0.00%
                 3.0      0.00%
                 3.1      0.00%
                 3.2      0.00%
                 3.3      0.00%
                 3.4      0.00%
                 3.5      0.00%
                 3.6      0.00%
                 3.7      0.00%
                 3.8      0.00%
                 3.9      0.00%
                 4.0      0.00%
                 4.1      0.00%
                 4.2      0.00%
                 4.3      0.00%
                 4.4      0.00%
                 4.5      0.00%
                 4.6      0.00%
                 4.7      0.00%
                 4.8      0.00%
                 4.9      0.00%
                 5.0      0.00%
                 5.1      0.00%
                 5.2      0.00%
                 5.3      0.00%
                 5.4      0.00%
                 5.5      0.00%
                 5.6      0.00%
                 5.7      0.00%
                 5.8      0.00%
                 5.9      0.00%
                 6.0      0.00%
                 6.1      0.00%
                 6.2      0.00%
                 6.3      0.00%
                 6.4      0.00%
                 6.5      0.00%
                 6.6      0.00%
                 6.7      0.00%
                 6.8      0.00%
                 6.9      0.00%
                 7.0      0.00%
                 7.1      0.00%
                 7.2      0.00%
                 7.3      0.00%
                 7.4      0.00%
                 7.5      0.00%
                 7.6      0.00%
                 7.7      0.00%
                 7.8      0.00%
                 7.9      0.00%
                 8.0      0.00%
                 8.1      0.00%
                 8.2      0.00%
                 8.3      0.00%
                 8.4      0.00%
                 8.5      0.00%
                 8.6      0.00%
                 8.7      0.00%
                 8.8      0.00%
                 8.9      0.00%
                 9.0      0.00%
                 9.1      0.00%
                 9.2      0.00%
                 9.3      0.00%
                 9.4      0.00%
                 9.5      0.00%
                 9.6      0.00%
                 9.7      0.00%
                 9.8      0.00%
                 9.9      0.00%
                10.0      0.00%
                10.1      0.00%
                10.2      0.00%
                10.3      0.00%
                10.4      0.00%
                10.5      0.00%
                10.6      0.00%
                10.7      0.00%
                10.8      0.00%
                10.9      0.00%
                11.0      0.00%
                11.1      0.00%
                11.2      0.00%
                11.3      0.00%
                11.4      0.00%
                11.5      0.00%
                11.6      0.00%
                11.7      0.00%
                11.8      0.00%
                11.9      0.00%
                12.0      0.00%
                12.1      0.00%
                12.2      0.00%
                12.3      0.00%
                12.4      0.00%
                12.5      0.00%
                12.6      0.00%
                12.7      0.00%
                12.8      0.00%
                12.9      0.00%
                13.0      0.00%
                13.1      0.00%
                13.2      0.00%
                13.3      0.00%
                13.4      0.00%
                13.5      0.00%
                13.6      0.00%
                13.7      0.00%
                13.8      0.00%
                13.9      0.00%
                14.0      0.00%
                14.1      0.00%
                14.2      0.00%
                14.3      0.00%
                14.4      0.00%
                14.5      0.00%
                14.6      0.00%
                14.7      0.00%
                14.8      0.00%
                14.9      0.00%
                15.0      0.00%
                15.1      0.00%
                15.2      0.00%
                15.3      0.00%
                15.4      0.00%
                15.5      0.00%
                15.6      0.00%
                15.7      0.00%
                15.8      0.00%
                15.9      0.00%
                16.0      0.00%
                16.1      0.00%
                16.2      0.00%
                16.3      0.00%
                16.4      0.00%
                16.5      0.00%
                16.6      0.00%
                16.7      0.00%
                16.8      0.00%
                16.9      0.00%
                17.0      0.00%
                17.1      0.00%
                17.2      0.00%
                17.3      0.00%
                17.4      0.00%
                17.5      0.00%
                17.6      0.00%
                17.7      0.00%
                17.8      0.00%
                17.9      0.00%
                18.0      0.00%
                18.1      0.00%
                18.2      0.00%
                18.3      0.00%
                18.4      0.00%
                18.5      0.00%
                18.6      0.00%
                18.7      0.00%
                18.8      0.00%
                18.9      0.00%
                19.0      0.00%
                19.1      0.00%
                19.2      0.00%
                19.3      0.00%
                19.4      0.00%
                19.5      0.00%
                19.6      0.00%
                19.7      0.00%
                19.8      0.00%
                19.9      0.00%
                20.0      0.00%
                20.1      0.00%
                20.2      0.00%
                20.3      0.00%
                20.4      0.00%
                20.5      0.00%
                20.6      0.00%
                20.7      0.00%
                20.8      0.00%
                20.9      0.00%
                21.0      0.00%
                21.1      0.00%
                21.2      0.00%
                21.3      0.00%
                21.4      0.00%
                21.5      0.00%
                21.6      0.00%
                21.7      0.00%
                21.8      0.00%
                21.9      0.00%
                22.0      0.00%
                22.1      0.00%
                22.2      0.00%
                22.3      0.00%
                22.4      0.00%
                22.5      0.00%
                22.6      0.00%
                22.7      0.00%
                22.8      0.00%
                22.9      0.00%
                23.0      0.00%
                23.1      0.00%
                23.2      0.00%
                23.3      0.00%
                23.4      0.00%
                23.5      0.00%
                23.6      0.00%
                23.7      0.00%
                23.8      0.00%
                23.9      0.00%
                24.0      0.00%
                24.1      0.00%
                24.2      0.00%
                24.3      0.00%
                24.4      0.00%
                24.5      0.00%
                24.6      0.00%
                24.7      0.00%
                24.8      0.00%
                24.9      0.00%
                25.0      0.00%
                25.1      0.00%
                25.2      0.00%
                25.3      0.00%
                25.4      0.00%
                25.5      0.00%
                25.6      0.00%
                25.7      0.00%
                25.8      0.00%
                25.9      0.00%
                26.0      0.00%
                26.1      0.00%
                26.2      0.00%
                26.3      0.00%
                26.4      0.00%
                26.5      0.00%
                26.6      0.00%
                26.7      0.00%
                26.8      0.00%
                26.9      0.00%
                27.0      0.00%
                27.1      0.00%
                27.2      0.00%
                27.3      0.00%
                27.4      0.00%
                27.5      0.00%
                27.6      0.00%
                27.7      0.00%
                27.8      0.00%
                27.9      0.00%
                28.0      0.00%
                28.1      0.00%
                28.2      0.00%
                28.3      0.00%
                28.4      0.00%
                28.5      0.00%
                28.6      0.00%
                28.7      0.00%
                28.8      0.01%
                28.9      0.01%
                29.0      0.01%
                29.1      0.01%
                29.2      0.01%
                29.3      0.01%
                29.4      0.01%
                29.5      0.01%
                29.6      0.01%
                29.7      0.01%
                29.8      0.01%
                29.9      0.01%
                30.0      0.01%
                30.1      0.01%
                30.2      0.01%
                30.3      0.01%
                30.4      0.01%
                30.5      0.01%
                30.6      0.01%
                30.7      0.01%
                30.8      0.02%
                30.9      0.02%
                31.0      0.02%
                31.1      0.02%
                31.2      0.02%
                31.3      0.02%
                31.4      0.02%
                31.5      0.02%
                31.6      0.02%
                31.7      0.02%
                31.8      0.02%
                31.9      0.02%
                32.0      0.02%
                32.1      0.02%
                32.2      0.02%
                32.3      0.02%
                32.4      0.02%
                32.5      0.02%
                32.6      0.02%
                32.7      0.02%
                32.8      0.02%
                32.9      0.02%
                33.0      0.02%
                33.1      0.02%
                33.2      0.02%
                33.3      0.02%
                33.4      0.02%
                33.5      0.02%
                33.6      0.02%
                33.7      0.02%
                33.8      0.02%
                33.9      0.02%
                34.0      0.02%
                34.1      0.02%
                34.2      0.02%
                34.3      0.02%
                34.4      0.02%
                34.5      0.02%
                34.6      0.02%
                34.7      0.02%
                34.8      0.02%
                34.9      0.02%
                35.0      0.02%
                35.1      0.02%
                35.2      0.02%
                35.3      0.02%
                35.4      0.02%
                35.5      0.02%
                35.6      0.02%
                35.7      0.02%
                35.8      0.02%
                35.9      0.02%
                36.0      0.02%
                36.1      0.02%
                36.2      0.02%
                36.3      0.02%
                36.4      0.02%
                36.5      0.02%
                36.6      0.02%
                36.7      0.02%
                36.8      0.02%
                36.9      0.02%
                37.0      0.02%
                37.1      0.02%
                37.2      0.02%
                37.3      0.02%
                37.4      0.02%
                37.5      0.02%
                37.6      0.02%
                37.7      0.02%
                37.8      0.02%
                37.9      0.02%
                38.0      0.02%
                38.1      0.02%
                38.2      0.02%
                38.3      0.02%
                38.4      0.02%
                38.5      0.02%
                38.6      0.02%
                38.7      0.02%
                38.8      0.02%
                38.9      0.02%
                39.0      0.02%
                39.1      0.02%
                39.2      0.02%
                39.3      0.02%
                39.4      0.02%
                39.5      0.02%
                39.6      0.02%
                39.7      0.02%
                39.8      0.02%
                39.9      0.02%
                40.0      0.02%
                40.1      0.02%
                40.2      0.02%
                40.3      0.02%
                40.4      0.02%
                40.5      0.02%
                40.6      0.02%
                40.7      0.03%
                40.8      0.03%
                40.9      0.03%
                41.0      0.03%
                41.1      0.03%
                41.2      0.03%
                41.3      0.03%
                41.4      0.03%
                41.5      0.03%
                41.6      0.03%
                41.7      0.03%
                41.8      0.03%
                41.9      0.03%
                42.0      0.03%
                42.1      0.03%
                42.2      0.03%
                42.3      0.03%
                42.4      0.03%
                42.5      0.03%
                42.6      0.03%
                42.7      0.03%
                42.8      0.03%
                42.9      0.03%
                43.0      0.03%
                43.1      0.03%
                43.2      0.03%
                43.3      0.03%
                43.4      0.03%
                43.5      0.03%
                43.6      0.03%
                43.7      0.03%
                43.8      0.03%
                43.9      0.03%
                44.0      0.03%
                44.1      0.03%
                44.2      0.03%
                44.3      0.03%
                44.4      0.03%
                44.5      0.03%
                44.6      0.03%
                44.7      0.03%
                44.8      0.03%
                44.9      0.03%
                45.0      0.03%
                45.1      0.03%
                45.2      0.03%
                45.3      0.03%
                45.4      0.03%
                45.5      0.03%
                45.6      0.03%
                45.7      0.03%
                45.8      0.03%
                45.9      0.03%
                46.0      0.03%
                46.1      0.03%
                46.2      0.03%
                46.3      0.03%
                46.4      0.03%
                46.5      0.03%
                46.6      0.03%
                46.7      0.03%
                46.8      0.03%
                46.9      0.03%
                47.0      0.03%
                47.1      0.03%
                47.2      0.03%
                47.3      0.03%
                47.4      0.03%
                47.5      0.03%
                47.6      0.03%
                47.7      0.03%
                47.8      0.03%
                47.9      0.03%
                48.0      0.03%
                48.1      0.03%
                48.2      0.03%
                48.3      0.03%
                48.4      0.03%
                48.5      0.03%
                48.6      0.03%
                48.7      0.03%
                48.8      0.03%
                48.9      0.03%
                49.0      0.03%
                49.1      0.03%
                49.2      0.03%
                49.3      0.03%
                49.4      0.03%
                49.5      0.03%
                49.6      0.03%
                49.7      0.04%
                49.8      0.04%
                49.9      0.04%
                50.0      0.04%
                50.1      0.04%
                50.2      0.04%
                50.3      0.04%
                50.4      0.04%
                50.5      0.04%
                50.6      0.04%
                50.7      0.04%
                50.8      0.04%
                50.9      0.04%
                51.0      0.04%
                51.1      0.04%
                51.2      0.04%
                51.3      0.04%
                51.4      0.04%
                51.5      0.04%
                51.6      0.04%
                51.7      0.04%
                51.8      0.04%
                51.9      0.04%
                52.0      0.04%
                52.1      0.04%
                52.2      0.04%
                52.3      0.04%
                52.4      0.04%
                52.5      0.04%
                52.6      0.04%
                52.7      0.04%
                52.8      0.04%
                52.9      0.04%
                53.0      0.05%
                53.1      0.05%
                53.2      0.05%
                53.3      0.06%
                53.4      0.06%
                53.5      0.06%
                53.6      0.06%
                53.7      0.06%
                53.8      0.07%
                53.9      0.07%
                54.0      0.07%
                54.1      0.08%
                54.2      0.08%
                54.3      0.09%
                54.4      0.09%
                54.5      0.10%
                54.6      0.10%
                54.7      0.11%
                54.8      0.11%
                54.9      0.12%
                55.0      0.13%
                55.1      0.13%
                55.2      0.13%
                55.3      0.14%
                55.4      0.14%
                55.5      0.14%
                55.6      0.14%
                55.7      0.15%
                55.8      0.15%
                55.9      0.15%
                56.0      0.15%
                56.1      0.15%
                56.2      0.16%
                56.3      0.16%
                56.4      0.16%
                56.5      0.16%
                56.6      0.16%
                56.7      0.16%
                56.8      0.17%
                56.9      0.17%
                57.0      0.17%
                57.1      0.18%
                57.2      0.18%
                57.3      0.18%
                57.4      0.19%
                57.5      0.20%
                57.6      0.21%
                57.7      0.23%
                57.8      0.24%
                57.9      0.25%
                58.0      0.27%
                58.1      0.29%
                58.2      0.32%
                58.3      0.36%
                58.4      0.39%
                58.5      0.42%
                58.6      0.46%
                58.7      0.51%
                58.8      0.56%
                58.9      0.61%
                59.0      0.68%
                59.1      0.76%
                59.2      0.86%
                59.3      0.94%
                59.4      1.02%
                59.5      1.12%
                59.6      1.23%
                59.7      1.35%
                59.8      1.48%
                59.9      1.64%
                60.0      1.81%
                60.1      1.98%
                60.2      2.18%
                60.3      2.40%
                60.4      2.62%
                60.5      2.84%
                60.6      3.10%
                60.7      3.36%
                60.8      3.66%
                60.9      3.97%
                61.0      4.30%
                61.1      4.64%
                61.2      4.98%
                61.3      5.32%
                61.4      5.68%
                61.5      6.07%
                61.6      6.44%
                61.7      6.84%
                61.8      7.23%
                61.9      7.66%
                62.0      8.11%
                62.1      8.58%
                62.2      9.10%
                62.3      9.60%
                62.4     10.08%
                62.5     10.60%
                62.6     11.17%
                62.7     11.75%
                62.8     12.32%
                62.9     12.91%
                63.0     13.48%
                63.1     14.11%
                63.2     14.70%
                63.3     15.32%
                63.4     15.95%
                63.5     16.62%
                63.6     17.29%
                63.7     17.93%
                63.8     18.59%
                63.9     19.27%
                64.0     19.97%
                64.1     20.65%
                64.2     21.33%
                64.3     22.03%
                64.4     22.74%
                64.5     23.45%
                64.6     24.22%
                64.7     24.95%
                64.8     25.69%
                64.9     26.44%
                65.0     27.18%
                65.1     27.90%
                65.2     28.64%
                65.3     29.37%
                65.4     30.14%
                65.5     30.87%
                65.6     31.60%
                65.7     32.29%
                65.8     32.99%
                65.9     33.75%
                66.0     34.51%
                66.1     35.24%
                66.2     36.08%
                66.3     36.84%
                66.4     37.62%
                66.5     38.43%
                66.6     39.24%
                66.7     40.02%
                66.8     40.83%
                66.9     41.64%
                67.0     42.43%
                67.1     43.26%
                67.2     44.10%
                67.3     44.90%
                67.4     45.69%
                67.5     46.47%
                67.6     47.24%
                67.7     48.02%
                67.8     48.81%
                67.9     49.52%
                68.0     50.22%
                68.1     50.92%
                68.2     51.62%
                68.3     52.35%
                68.4     53.03%
                68.5     53.72%
                68.6     54.44%
                68.7     55.02%
                68.8     55.64%
                68.9     56.21%
                69.0     56.79%
                69.1     57.38%
                69.2     57.94%
                69.3     58.53%
                69.4     59.14%
                69.5     59.69%
                69.6     60.23%
                69.7     60.76%
                69.8     61.27%
                69.9     61.78%
                70.0     62.30%
                70.1     62.82%
                70.2     63.32%
                70.3     63.85%
                70.4     64.32%
                70.5     64.78%
                70.6     65.23%
                70.7     65.74%
                70.8     66.20%
                70.9     66.69%
                71.0     67.12%
                71.1     67.54%
                71.2     67.99%
                71.3     68.44%
                71.4     68.85%
                71.5     69.28%
                71.6     69.69%
                71.7     70.09%
                71.8     70.47%
                71.9     70.85%
                72.0     71.22%
                72.1     71.60%
                72.2     71.99%
                72.3     72.38%
                72.4     72.75%
                72.5     73.12%
                72.6     73.48%
                72.7     73.83%
                72.8     74.18%
                72.9     74.56%
                73.0     74.94%
                73.1     75.27%
                73.2     75.66%
                73.3     76.01%
                73.4     76.36%
                73.5     76.70%
                73.6     77.02%
                73.7     77.34%
                73.8     77.62%
                73.9     77.89%
                74.0     78.14%
                74.1     78.40%
                74.2     78.67%
                74.3     78.97%
                74.4     79.24%
                74.5     79.48%
                74.6     79.75%
                74.7     80.05%
                74.8     80.31%
                74.9     80.59%
                75.0     80.85%
                75.1     81.09%
                75.2     81.34%
                75.3     81.59%
                75.4     81.83%
                75.5     82.06%
                75.6     82.30%
                75.7     82.51%
                75.8     82.74%
                75.9     82.97%
                76.0     83.19%
                76.1     83.40%
                76.2     83.61%
                76.3     83.81%
                76.4     84.01%
                76.5     84.23%
                76.6     84.43%
                76.7     84.62%
                76.8     84.83%
                76.9     85.03%
                77.0     85.22%
                77.1     85.41%
                77.2     85.60%
                77.3     85.78%
                77.4     85.95%
                77.5     86.13%
                77.6     86.29%
                77.7     86.48%
                77.8     86.64%
                77.9     86.81%
                78.0     86.99%
                78.1     87.15%
                78.2     87.31%
                78.3     87.47%
                78.4     87.63%
                78.5     87.78%
                78.6     87.95%
                78.7     88.09%
                78.8     88.25%
                78.9     88.40%
                79.0     88.55%
                79.1     88.71%
                79.2     88.86%
                79.3     89.00%
                79.4     89.16%
                79.5     89.31%
                79.6     89.45%
                79.7     89.57%
                79.8     89.70%
                79.9     89.82%
                80.0     89.95%
                80.1     90.06%
                80.2     90.18%
                80.3     90.30%
                80.4     90.41%
                80.5     90.53%
                80.6     90.65%
                80.7     90.78%
                80.8     90.90%
                80.9     91.01%
                81.0     91.11%
                81.1     91.22%
                81.2     91.33%
                81.3     91.43%
                81.4     91.54%
                81.5     91.63%
                81.6     91.72%
                81.7     91.81%
                81.8     91.93%
                81.9     92.02%
                82.0     92.13%
                82.1     92.26%
                82.2     92.37%
                82.3     92.47%
                82.4     92.58%
                82.5     92.68%
                82.6     92.80%
                82.7     92.90%
                82.8     92.99%
                82.9     93.09%
                83.0     93.20%
                83.1     93.30%
                83.2     93.40%
                83.3     93.48%
                83.4     93.58%
                83.5     93.68%
                83.6     93.77%
                83.7     93.85%
                83.8     93.94%
                83.9     94.03%
                84.0     94.12%
                84.1     94.21%
                84.2     94.28%
                84.3     94.36%
                84.4     94.44%
                84.5     94.52%
                84.6     94.60%
                84.7     94.68%
                84.8     94.78%
                84.9     94.86%
                85.0     94.96%
                85.1     95.04%
                85.2     95.12%
                85.3     95.22%
                85.4     95.30%
                85.5     95.39%
                85.6     95.47%
                85.7     95.53%
                85.8     95.60%
                85.9     95.67%
                86.0     95.74%
                86.1     95.80%
                86.2     95.87%
                86.3     95.94%
                86.4     96.00%
                86.5     96.07%
                86.6     96.14%
                86.7     96.21%
                86.8     96.27%
                86.9     96.33%
                87.0     96.40%
                87.1     96.45%
                87.2     96.50%
                87.3     96.55%
                87.4     96.59%
                87.5     96.63%
                87.6     96.69%
                87.7     96.74%
                87.8     96.79%
                87.9     96.85%
                88.0     96.89%
                88.1     96.93%
                88.2     96.96%
                88.3     97.00%
                88.4     97.03%
                88.5     97.07%
                88.6     97.10%
                88.7     97.14%
                88.8     97.17%
                88.9     97.21%
                89.0     97.25%
                89.1     97.29%
                89.2     97.33%
                89.3     97.36%
                89.4     97.40%
                89.5     97.43%
                89.6     97.48%
                89.7     97.51%
                89.8     97.54%
                89.9     97.58%
                90.0     97.63%
                90.1     97.67%
                90.2     97.71%
                90.3     97.74%
                90.4     97.78%
                90.5     97.82%
                90.6     97.86%
                90.7     97.89%
                90.8     97.93%
                90.9     97.98%
                91.0     98.01%
                91.1     98.04%
                91.2     98.07%
                91.3     98.10%
                91.4     98.13%
                91.5     98.16%
                91.6     98.18%
                91.7     98.21%
                91.8     98.23%
                91.9     98.25%
                92.0     98.27%
                92.1     98.30%
                92.2     98.32%
                92.3     98.34%
                92.4     98.36%
                92.5     98.38%
                92.6     98.40%
                92.7     98.43%
                92.8     98.45%
                92.9     98.46%
                93.0     98.48%
                93.1     98.49%
                93.2     98.52%
                93.3     98.54%
                93.4     98.56%
                93.5     98.58%
                93.6     98.60%
                93.7     98.62%
                93.8     98.66%
                93.9     98.68%
                94.0     98.71%
                94.1     98.73%
                94.2     98.75%
                94.3     98.76%
                94.4     98.78%
                94.5     98.80%
                94.6     98.82%
                94.7     98.84%
                94.8     98.85%
                94.9     98.87%
                95.0     98.89%
                95.1     98.91%
                95.2     98.93%
                95.3     98.95%
                95.4     98.97%
                95.5     98.98%
                95.6     99.00%
                95.7     99.01%
                95.8     99.02%
                95.9     99.04%
                96.0     99.06%
                96.1     99.07%
                96.2     99.09%
                96.3     99.11%
                96.4     99.13%
                96.5     99.16%
                96.6     99.18%
                96.7     99.20%
                96.8     99.22%
                96.9     99.24%
                97.0     99.27%
                97.1     99.28%
                97.2     99.30%
                97.3     99.32%
                97.4     99.33%
                97.5     99.34%
                97.6     99.35%
                97.7     99.37%
                97.8     99.38%
                97.9     99.40%
                98.0     99.42%
                98.1     99.43%
                98.2     99.44%
                98.3     99.46%
                98.4     99.47%
                98.5     99.47%
                98.6     99.48%
                98.7     99.49%
                98.8     99.50%
                98.9     99.51%
                99.0     99.52%
                99.1     99.53%
                99.2     99.53%
                99.3     99.54%
                99.4     99.55%
                99.5     99.55%
                99.6     99.56%
                99.7     99.56%
                99.8     99.57%
                99.9     99.58%
               100.0     99.59%
               100.1     99.59%
               100.2     99.60%
               100.3     99.61%
               100.4     99.61%
               100.5     99.61%
               100.6     99.62%
               100.7     99.63%
               100.8     99.63%
               100.9     99.63%
               101.0     99.64%
               101.1     99.64%
               101.2     99.65%
               101.3     99.65%
               101.4     99.66%
               101.5     99.66%
               101.6     99.67%
               101.7     99.67%
               101.8     99.67%
               101.9     99.67%
               102.0     99.67%
               102.1     99.68%
               102.2     99.68%
               102.3     99.68%
               102.4     99.68%
               102.5     99.69%
               102.6     99.69%
               102.7     99.69%
               102.8     99.69%
               102.9     99.70%
               103.0     99.70%
               103.1     99.70%
               103.2     99.70%
               103.3     99.70%
               103.4     99.70%
               103.5     99.70%
               103.6     99.70%
               103.7     99.71%
               103.8     99.71%
               103.9     99.71%
               104.0     99.71%
               104.1     99.71%
               104.2     99.72%
               104.3     99.72%
               104.4     99.72%
               104.5     99.72%
               104.6     99.72%
               104.7     99.73%
               104.8     99.73%
               104.9     99.73%
               105.0     99.73%
               105.1     99.73%
               105.2     99.73%
               105.3     99.74%
               105.4     99.74%
               105.5     99.74%
               105.6     99.74%
               105.7     99.74%
               105.8     99.74%
               105.9     99.75%
               106.0     99.76%
               106.1     99.76%
               106.2     99.76%
               106.3     99.76%
               106.4     99.76%
               106.5     99.76%
               106.6     99.76%
               106.7     99.77%
               106.8     99.77%
               106.9     99.77%
               107.0     99.77%
               107.1     99.78%
               107.2     99.78%
               107.3     99.78%
               107.4     99.78%
               107.5     99.78%
               107.6     99.78%
               107.7     99.78%
               107.8     99.78%
               107.9     99.78%
               108.0     99.78%
               108.1     99.78%
               108.2     99.78%
               108.3     99.79%
               108.4     99.79%
               108.5     99.79%
               108.6     99.79%
               108.7     99.80%
               108.8     99.80%
               108.9     99.80%
               109.0     99.80%
               109.1     99.80%
               109.2     99.80%
               109.3     99.80%
               109.4     99.81%
               109.5     99.81%
               109.6     99.81%
               109.7     99.81%
               109.8     99.81%
               109.9     99.82%
               110.0     99.82%
               110.1     99.82%
               110.2     99.82%
               110.3     99.82%
               110.4     99.82%
               110.5     99.82%
               110.6     99.82%
               110.7     99.83%
               110.8     99.83%
               110.9     99.83%
               111.0     99.83%
               111.1     99.83%
               111.2     99.83%
               111.3     99.83%
               111.4     99.83%
               111.5     99.83%
               111.6     99.83%
               111.7     99.83%
               111.8     99.83%
               111.9     99.83%
               112.0     99.83%
               112.1     99.83%
               112.2     99.83%
               112.3     99.83%
               112.4     99.84%
               112.5     99.84%
               112.6     99.84%
               112.7     99.84%
               112.8     99.84%
               112.9     99.84%
               113.0     99.84%
               113.1     99.84%
               113.2     99.85%
               113.3     99.85%
               113.4     99.85%
               113.5     99.85%
               113.6     99.85%
               113.7     99.86%
               113.8     99.86%
               113.9     99.86%
               114.0     99.86%
               114.1     99.86%
               114.2     99.87%
               114.3     99.87%
               114.4     99.87%
               114.5     99.87%
               114.6     99.87%
               114.7     99.87%
               114.8     99.87%
               114.9     99.87%
               115.0     99.87%
               115.1     99.88%
               115.2     99.88%
               115.3     99.88%
               115.4     99.89%
               115.5     99.89%
               115.6     99.89%
               115.7     99.89%
               115.8     99.90%
               115.9     99.90%
               116.0     99.90%
               116.1     99.90%
               116.2     99.91%
               116.3     99.91%
               116.4     99.91%
               116.5     99.92%
               116.6     99.92%
               116.7     99.92%
               116.8     99.92%
               116.9     99.93%
               117.0     99.93%
               117.1     99.93%
               117.2     99.93%
               117.3     99.94%
               117.4     99.94%
               117.5     99.94%
               117.6     99.94%
               117.7     99.94%
               117.8     99.95%
               117.9     99.95%
               118.0     99.96%
               118.1     99.96%
               118.2     99.96%
               118.3     99.96%
               118.4     99.96%
               118.5     99.97%
               118.6     99.97%
               118.7     99.97%
               118.8     99.98%
               118.9     99.98%
               119.0     99.98%
               119.1     99.98%
               119.2     99.98%
               119.3     99.99%
               119.4     99.99%
               119.5     99.99%
               119.6     99.99%
               119.7     99.99%
               119.8     99.99%
               119.9     99.99%
               120.0     99.99%
               120.1     99.99%
               120.2     99.99%
               120.3     99.99%
               120.4     99.99%
               120.5     99.99%
               120.6     99.99%
               120.7     99.99%
               120.8    100.00%
               120.9    100.00%
               121.0    100.00%
               121.1    100.00%
               121.2    100.00%
               121.3    100.00%
               121.4    100.00%
               121.5    100.00%
               121.6    100.00%
               121.7    100.00%
               121.8    100.00%
               121.9    100.00%
               122.0    100.00%
               122.1    100.00%
               122.2    100.00%
               122.3    100.00%
               122.4    100.00%
               122.5    100.00%
               122.6    100.00%

