[7l----total-cpu-usage---- -net/total- -dsk/total- --epoch---
usr sys idl wai hiq siq| recv  send| read  writ|  epoch   
  1   2  94   2   1   0|   0     0 |  69k   20M|1510858869
  1   1  97   0   1   0|2942k  154k|   0     0 |1510858870
  1   2  97   0   1   0|2938k  154k|   0    32k|1510858871
  1   2  96   0   1   0|3421k  179k|   0     0 |1510858872
  1   2  95   2   1   0|3293k  172k|   0    44k|1510858873
  1   2  97   0   1   0|3408k  178k|   0     0 |1510858874
  1   1  97   0   1   0|3172k  166k|   0     0 |1510858875
  1   2  97   0   1   0|3234k  169k|   0     0 |1510858876
  1   1  97   0   1   0|3306k  173k|   0     0 |1510858877
  1   2  95   1   1   0|3395k  177k|   0    12k|1510858878
  1   2  97   0   1   0|3355k  175k|   0     0 |1510858879
  1   2  97   0   1   0|3369k  176k|   0     0 |1510858880
  1   2  97   0   1   0|3264k  172k|   0    32k|1510858881
  1   2  97   0   1   0|3394k  177k|   0     0 |1510858882
  1   2  95   2   1   0|3418k  179k|   0    12k|1510858883
  1   2  97   0   1   0|3358k  175k|   0     0 |1510858884
  1   2  97   0   1   0|3329k  174k|   0     0 |1510858885
  2   2  96   0   1   0|3503k  183k|   0     0 |1510858886
  1   2  97   0   1   0|3329k  174k|   0     0 |1510858887
  1   2  97   0   1   0|3372k  176k|   0     0 |1510858888
  1   1  95   1   1   0|3345k  175k|   0    12k|1510858889
  1   2  97   0   1   0|3368k  176k|   0     0 |1510858890
  1   2  97   0   1   0|3372k  176k|   0    12k|1510858891
  1   2  97   0   1   0|3207k  168k|   0     0 |1510858892
  1   2  97   0   1   0|3273k  171k|   0     0 |1510858893
  2   2  96   1   1   0|3342k  175k|   0    28k|1510858894
  1   2  97   0   1   0|3299k  172k|   0     0 |1510858895
  1   1  97   0   1   0|3247k  170k|   0     0 |1510858896
  1   1  97   0   1   0|3358k  175k|   0     0 |1510858897
  1   2  96   0   1   0|3362k  176k|   0     0 |1510858898
  1   1  95   1   1   0|3319k  173k|   0    12k|1510858899
  1   2  97   0   1   0|3316k  173k|   0     0 |1510858900
  1   2  97   0   1   0|3283k  172k|   0    20k|1510858901
  1   2  96   0   1   0|3401k  178k|   0     0 |1510858902
  1   1  97   0   1   0|3405k  178k|   0     0 |1510858903
  2   2  95   2   1   0|3411k  178k|   0    20k|1510858904
  1   1  97   0   1   0|3408k  178k|   0     0 |1510858905
  1   2  97   0   1   0|3378k  177k|   0     0 |1510858906
  1   2  96   0   1   0|3434k  180k|   0     0 |1510858907
  1   2  97   0   1   0|3427k  179k|   0     0 |1510858908
  1   2  96   1   1   0|3414k  178k|   0    12k|1510858909
  1   2  97   0   1   0|3352k  175k|   0     0 |1510858910
  1   2  97   0   1   0|3329k  174k|   0     0 |1510858911
  1   1  97   0   1   0|3312k  173k|   0     0 |1510858912
  1   1  97   0   1   0|3339k  175k|   0     0 |1510858913
  1   2  97   0   1   0|3326k  174k|   0     0 |1510858914
  2   2  95   1   1   0|3427k  179k|   0    12k|1510858915
  1   1  97   0   1   0|3253k  170k|   0    20k|1510858916
  1   2  97   0   1   0|3329k  174k|   0     0 |1510858917
  1   2  97   0   1   0|3322k  174k|   0     0 |1510858918
  1   2  97   0   1   0|3398k  178k|   0     0 |1510858919
  1   2  96   1   1   0|3247k  170k|   0    12k|1510858920
  1   2  97   0   1   0|3342k  175k|   0     0 |1510858921
  1   2  97   0   1   0|3184k  166k|   0     0 |1510858922
  1   1  97   0   1   0|3319k  174k|   0     0 |1510858923
  1   2  97   0   1   0|3411k  178k|   0     0 |1510858924
  1   2  95   2   1   0|3359k  176k|   0    12k|1510858925
  1   1  96   0   1   0|3529k  185k|   0     0 |1510858926
  2   2  96   0   1   0|3306k  173k|   0     0 |1510858927
  1   1  97   0   1   0|3283k  172k|   0     0 |1510858928
  1   2  97   0   1   0|3342k  175k|   0     0 |1510858929
  1   2  95   2   1   0|3260k  170k|   0    12k|1510858930
  1   1  97   0   1   0|3260k  170k|   0     0 |1510858931
  1   2  97   0   1   0|3228k  170k|   0     0 |1510858932
  1   1  97   0   1   0|3345k  175k|   0     0 |1510858933
  1   2  96   0   1   0|3411k  178k|   0     0 |1510858934
  1   2  96   1   1   0|3365k  176k|   0     0 |1510858935
  1   2  83  14   1   0|3332k  174k|   0    32k|1510858936
  1   2  97   0   1   0|3299k  172k|   0     0 |1510858937
  1   1  96   0   1   0|3319k  174k|   0     0 |1510858938
  1   2  97   0   1   0|3480k  182k|   0     0 |1510858939
  1   2  97   0   1   0|3388k  177k|   0     0 |1510858940
  1   2  95   2   1   0|3336k  175k|   0    20k|1510858941
  1   2  96   0   1   0|3247k  170k|   0     0 |1510858942
  1   1  97   0   1   0|3326k  174k|   0     0 |1510858943
  1   2  96   0   1   0|3362k  176k|   0     0 |1510858944
  1   2  97   0   1   0|3326k  174k|   0     0 |1510858945
  1   2  95   2   1   0|3355k  175k|   0    16k|1510858946
  1   1  97   0   1   0|3381k  177k|   0     0 |1510858947
  1   2  97   0   1   0|3398k  178k|   0     0 |1510858948
  2   2  96   0   1   0|3490k  182k|   0     0 |1510858949
  1   2  97   0   1   0|3299k  172k|   0     0 |1510858950
  1   2  96   1   1   0|3362k  176k|   0    12k|1510858951
  1   2  97   0   1   0|3270k  171k|   0     0 |1510858952
  1   2  97   0   1   0|3349k  175k|   0     0 |1510858953
  1   2  97   0   1   0|3240k  169k|   0     0 |1510858954
  1   2  97   0   1   0|3309k  173k|   0     0 |1510858955
  1   1  95   1   1   0|3240k  169k|   0    12k|1510858956
  1   2  97   0   1   0|3270k  172k|   0     0 |1510858957
  1   2  97   0   1   0|3263k  171k|   0     0 |1510858958
  1   1  98   0   1   0|2226k  116k|   0     0 |1510858959
