[7l----total-cpu-usage---- -net/total- -dsk/total- --epoch---
usr sys idl wai hiq siq| recv  send| read  writ|  epoch   
  1   2  96   0   1   0|   0     0 |4234B 3944k|1510998708
  3   3  93   0   0   0|3552B 6720B|   0  4096B|1510998709
  0   0 100   0   0   0|   0     0 |   0    52k|1510998710
 13   9  74   0   3   0|4346k   11M|   0   100k|1510998711
 11   9  75   0   5   0|6486k   16M|   0     0 |1510998712
  4   5  86   0   5   0|6860k   17M|   0     0 |1510998713
  6   7  82   0   5   0|6267k   16M|   0     0 |1510998714
  4   5  86   0   6   0|6238k   16M|   0     0 |1510998715
  2   4  89   0   5   0|6375k   16M|   0    16k|1510998716
  2   5  87   0   6   0|5909k   15M|   0     0 |1510998717
  2   4  88   0   6   0|5902k   15M|   0     0 |1510998718
  2   4  88   0   5   0|6512k   16M|   0     0 |1510998719
  2   4  89   0   5   0|6765k   17M|   0    44k|1510998720
  2   4  89   0   6   0|6708k   17M|   0     0 |1510998721
  2   4  89   0   5   0|7080k   18M|   0    24k|1510998722
  2   4  89   0   5   0|6578k   16M|   0     0 |1510998723
  2   4  90   0   5   0|6330k   16M|   0     0 |1510998724
  3   5  88   0   5   0|6591k   16M|   0     0 |1510998725
  2   4  89   0   5   0|6862k   17M|   0     0 |1510998726
  2   4  90   0   4   0|6733k   17M|   0    12k|1510998727
  2   4  90   0   5   0|6629k   17M|   0     0 |1510998728
  2   4  90   0   5   0|6627k   17M|   0     0 |1510998729
  2   4  89   0   6   0|6400k   16M|   0     0 |1510998730
  2   4  89   0   5   0|6562k   16M|   0     0 |1510998731
  2   4  88   0   6   0|6539k   16M|   0    12k|1510998732
  2   4  88   0   6   0|6422k   16M|   0     0 |1510998733
  2   4  88   0   6   0|6177k   15M|   0     0 |1510998734
  2   4  88   0   6   0|6152k   15M|   0    16k|1510998735
  2   5  87   0   6   0|6033k   15M|   0     0 |1510998736
  2   4  89   0   5   0|6866k   17M|   0    28k|1510998737
  2   4  89   0   5   0|6457k   16M|   0     0 |1510998738
  2   4  89   0   6   0|6640k   17M|   0     0 |1510998739
  2   4  89   0   5   0|6214k   16M|   0    48k|1510998740
  2   5  87   0   5   0|6531k   16M|   0     0 |1510998741
  2   4  89   1   5   0|6817k   17M|   0    24k|1510998742
  2   4  89   0   5   0|6634k   17M|   0     0 |1510998743
  2   4  89   0   5   0|6384k   16M|   0     0 |1510998744
  2   4  89   0   6   0|6458k   16M|   0    64k|1510998745
  2   5  88   0   5   0|6755k   17M|   0     0 |1510998746
  2   4  88   0   6   0|6312k   16M|   0    12k|1510998747
  2   4  87   0   7   0|6413k   16M|   0     0 |1510998748
  2   4  89   0   5   0|6506k   16M|   0     0 |1510998749
  2   4  89   0   5   0|6611k   17M|   0     0 |1510998750
  2   4  89   0   5   0|6653k   17M|   0     0 |1510998751
  2   4  88   0   5   0|6564k   16M|   0    12k|1510998752
  2   4  89   0   5   0|6826k   17M|   0     0 |1510998753
  2   4  89   0   5   0|6722k   17M|   0     0 |1510998754
  2   4  89   0   5   0|6780k   17M|   0  8192B|1510998755
  2   4  89   0   5   0|6742k   17M|   0     0 |1510998756
  2   4  88   0   5   0|6627k   17M|   0    24k|1510998757
  2   4  90   0   4   0|6848k   17M|   0     0 |1510998758
  2   4  89   0   5   0|6868k   17M|   0     0 |1510998759
  2   4  89   0   5   0|6916k   17M|   0     0 |1510998760
  2   4  88   0   6   0|6411k   16M|   0     0 |1510998761
  2   4  89   0   5   0|7062k   18M|   0    12k|1510998762
  2   5  89   0   4   0|6729k   17M|   0     0 |1510998763
  2   4  89   0   4   0|7318k   18M|   0     0 |1510998764
  2   4  89   0   4   0|7276k   18M|   0     0 |1510998765
  2   4  89   0   5   0|6570k   16M|   0     0 |1510998766
  2   4  89   0   5   0|6581k   16M|   0    12k|1510998767
  2   4  89   0   5   0|6525k   16M|   0     0 |1510998768
  2   4  89   0   5   0|6845k   17M|   0     0 |1510998769
  2   4  89   0   5   0|6689k   17M|   0    20k|1510998770
  2   4  90   0   5   0|6961k   17M|   0     0 |1510998771
  2   4  89   0   5   0|6076k   15M|   0    16k|1510998772
  2   4  89   0   5   0|6890k   17M|   0     0 |1510998773
  2   4  88   0   5   0|6441k   16M|   0     0 |1510998774
  2   4  89   0   5   0|6647k   17M|   0    12k|1510998775
  2   4  88   0   6   0|6401k   16M|   0     0 |1510998776
  2   4  89   0   5   0|6683k   17M|   0    20k|1510998777
  2   4  88   0   6   0|6296k   16M|   0  4096B|1510998778
  2   4  89   0   5   0|6585k   16M|   0     0 |1510998779
  2   4  88   0   6   0|6550k   16M|   0     0 |1510998780
  2   4  90   0   5   0|6491k   16M|   0     0 |1510998781
  2   4  89   0   5   0|6715k   17M|   0     0 |1510998782
  2   4  89   0   5   0|6513k   16M|   0    12k|1510998783
  2   4  89   0   5   0|6351k   16M|   0     0 |1510998784
  2   4  89   0   5   0|6618k   17M|   0     0 |1510998785
  2   4  89   0   4   0|6747k   17M|   0     0 |1510998786
  2   4  89   0   5   0|6409k   16M|   0     0 |1510998787
  2   4  88   0   6   0|6391k   16M|   0    12k|1510998788
  2   4  89   0   5   0|6859k   17M|   0     0 |1510998789
  2   4  89   0   5   0|6735k   17M|   0    16k|1510998790
  2   4  88   0   6   0|6539k   16M|   0     0 |1510998791
  2   4  89   0   5   0|6495k   16M|   0     0 |1510998792
  2   4  89   1   4   0|6992k   17M|   0    24k|1510998793
  2   4  89   0   5   0|7071k   18M|   0     0 |1510998794
  2   4  89   0   5   0|7326k   18M|   0     0 |1510998795
  2   4  89   0   5   0|7204k   18M|   0     0 |1510998796
  2   4  90   0   5   0|6738k   17M|   0     0 |1510998797
  2   4  90   0   4   0|6964k   17M|   0    12k|1510998798
