Threads: 32, Sharded reads: false, Number of Memcached servers: 3.

All measures in microseconds.
  SETS   GETS  MGETS   INVLD    TOT   HITS     RSP T      Q T     SVR T  Q LEN
 27957      0      0       0  27957  27957   2557.92   164.85   2364.98      0
  3863      0      0       0   3863   3863   2360.22   124.62   2207.40      0
  3768      0      0       0   3768   3768   2392.44   182.01   2186.67      3
  3836      0      0       0   3836   3836   2355.56   135.28   2193.88      0
  3406      0      0       0   3406   3406   2497.95   118.11   2352.65      0
  3830      0      0       0   3830   3830   2339.39   133.09   2179.30      0
  3791      0      0       0   3791   3791   2395.08   142.82   2229.98      0
  3712      0      0       0   3712   3712   2447.49   138.39   2288.12      0
  3745      0      0       0   3745   3745   2427.38   109.63   2286.26      0
  3820      0      0       0   3820   3820   2386.09   112.52   2251.60      3
  3780      0      0       0   3780   3780   2393.23   112.26   2254.00      3
  3820      0      0       0   3820   3820   2389.45   125.54   2237.73      4
  3598      0      0       0   3598   3598   2516.93   118.62   2370.46      0
  3764      0      0       0   3764   3764   2403.26   140.67   2231.76      0
  3931      0      0       0   3931   3931   2311.78   119.68   2167.01      0
  3749      0      0       0   3749   3749   2390.00   137.19   2230.05      1
  3818      0      0       0   3818   3818   2374.81   102.81   2245.50      0
  3718      0      0       0   3718   3718   2401.18   137.25   2239.42      0
  3772      0      0       0   3772   3772   2362.71   118.13   2220.09      0
  3754      0      0       0   3754   3754   2389.11   128.61   2235.51      0
  3858      0      0       0   3858   3858   2353.89   119.38   2209.87      1
  3577      0      0       0   3577   3577   2517.25   165.24   2319.42      0
  3795      0      0       0   3795   3795   2381.20   120.31   2238.97      0
  3834      0      0       0   3834   3834   2343.00    97.68   2220.63      0
  3630      0      0       0   3630   3630   2451.40   142.23   2249.25      0
  3906      0      0       0   3906   3906   2251.82    96.52   2130.19      0
  3753      0      0       0   3753   3753   2389.99   112.23   2244.79      0
  3911      0      0       0   3911   3911   2303.21   107.89   2174.53      0
  3865      0      0       0   3865   3865   2341.23    96.62   2213.92      0
  3915      0      0       0   3915   3915   2305.11   101.46   2179.37      0
  3583      0      0       0   3583   3583   2519.06   143.77   2348.26      0
  3764      0      0       0   3764   3764   2419.13    95.89   2300.49      0
  3834      0      0       0   3834   3834   2351.42   118.54   2210.86      0
  3810      0      0       0   3810   3810   2395.47   108.49   2266.84      2
  3833      0      0       0   3833   3833   2345.46   108.57   2213.73      0
  3877      0      0       0   3877   3877   2337.90   110.61   2202.57      0
  3731      0      0       0   3731   3731   2408.58   107.23   2282.56      0
  3950      0      0       0   3950   3950   2273.91    93.87   2155.98      0
  3856      0      0       0   3856   3856   2349.34    97.84   2228.42      0
  3911      0      0       0   3911   3911   2310.11   111.59   2176.69      0
  3792      0      0       0   3792   3792   2362.31   100.99   2235.85      0
  3822      0      0       0   3822   3822   2366.99   104.50   2241.47      0
  3914      0      0       0   3914   3914   2330.80   106.64   2201.51      0
  3758      0      0       0   3758   3758   2397.38   111.22   2254.84      0
  3841      0      0       0   3841   3841   2362.09    94.52   2226.83      0
  3685      0      0       0   3685   3685   2429.38   186.12   2214.97      0
  3815      0      0       0   3815   3815   2317.53   110.66   2181.72      0
  3804      0      0       0   3804   3804   2343.10    93.62   2218.99      0
  3915      0      0       0   3915   3915   2302.02   110.61   2164.80      0
  3735      0      0       0   3735   3735   2416.84   116.76   2277.91      0
  3928      0      0       0   3928   3928   2318.71   100.99   2197.81      0
  3797      0      0       0   3797   3797   2377.84   101.79   2245.99      0
  3849      0      0       0   3849   3849   2347.72   104.62   2221.88      0
  3648      0      0       0   3648   3648   2420.73   120.55   2281.11      1
  3883      0      0       0   3883   3883   2308.79    86.00   2204.10      0
  3730      0      0       0   3730   3730   2399.35    88.35   2289.24      0
  3842      0      0       0   3842   3842   2354.54    97.21   2235.40      0
  3754      0      0       0   3754   3754   2409.50    96.98   2288.59      0
  3792      0      0       0   3792   3792   2373.65    92.50   2257.49      0
  4001      0      0       0   4001   4001   2253.97    98.39   2134.44      3
  3848      0      0       0   3848   3848   2341.38   115.71   2204.30      2
  3847      0      0       0   3847   3847   2366.36    98.30   2245.92      0
  3883      0      0       0   3883   3883   2345.38   115.89   2206.19      0
  3897      0      0       0   3897   3897   2337.21   109.23   2206.53      0
  3931      0      0       0   3931   3931   2334.21    95.02   2218.38      0
  3784      0      0       0   3784   3784   2368.46    98.58   2249.02      0
  3792      0      0       0   3792   3792   2394.82   121.82   2252.63      0
  3705      0      0       0   3705   3705   2445.39   102.40   2320.49      0
  3891      0      0       0   3891   3891   2310.08   106.99   2182.57      0
  3881      0      0       0   3881   3881   2329.07   118.77   2180.99      0
  3939      0      0       0   3939   3939   2283.71   120.19   2135.65      0
  3981      0      0       0   3981   3981   2276.72    99.11   2154.47      0
  3744      0      0       0   3744   3744   2417.37    97.77   2296.21      0
  3876      0      0       0   3876   3876   2354.61    96.38   2239.14      0
  3832      0      0       0   3832   3832   2345.30    96.58   2226.08      2
  3876      0      0       0   3876   3876   2349.98   119.72   2210.52      0
  3800      0      0       0   3800   3800   2414.03   103.42   2288.02      0
  3761      0      0       0   3761   3761   2440.73   143.59   2276.94      0
  3885      0      0       0   3885   3885   2308.73   103.90   2183.52      2
  3938      0      0       0   3938   3938   2292.44    87.71   2184.96      0
  3954      0      0       0   3954   3954   2301.73   118.67   2162.85      5
  3848      0      0       0   3848   3848   2327.17   123.01   2184.48      1
  2248      0      0       0   2248   2248   2401.26   100.79   2281.45      0
     0      0      0       0      0      0       NaN      NaN       NaN      0
     0      0      0       0      0      0       NaN      NaN       NaN      0
     0      0      0       0      0      0       NaN      NaN       NaN      0
================================================================================
ALL STATS (timing measures are in microseconds)
WORKER 0:
Type     |Total    |Ops/sec  |Hits/sec |Miss/Sec |Resp Time|Proc Time|Srvr Time
SET      |    10638|   118.20|   118.20|     0.00|  2398.86|  2281.03|  2252.23
GET      |        0|     0.00|     0.00|     0.00|      NaN|      NaN|      NaN
MULTIGET |        0|     0.00|     0.00|     0.00|      NaN|      NaN|      NaN
INVALID  |        0|     0.00|      ---|      ---|      NaN|      NaN|      ---
Average mutliget length: NaN
================================================================================
WORKER 1:
Type     |Total    |Ops/sec  |Hits/sec |Miss/Sec |Resp Time|Proc Time|Srvr Time
SET      |    10513|   116.81|   116.81|     0.00|  2385.94|  2268.29|  2239.82
GET      |        0|     0.00|     0.00|     0.00|      NaN|      NaN|      NaN
MULTIGET |        0|     0.00|     0.00|     0.00|      NaN|      NaN|      NaN
INVALID  |        0|     0.00|      ---|      ---|      NaN|      NaN|      ---
Average mutliget length: NaN
================================================================================
WORKER 2:
Type     |Total    |Ops/sec  |Hits/sec |Miss/Sec |Resp Time|Proc Time|Srvr Time
SET      |    10598|   117.76|   117.76|     0.00|  2382.51|  2266.91|  2241.84
GET      |        0|     0.00|     0.00|     0.00|      NaN|      NaN|      NaN
MULTIGET |        0|     0.00|     0.00|     0.00|      NaN|      NaN|      NaN
INVALID  |        0|     0.00|      ---|      ---|      NaN|      NaN|      ---
Average mutliget length: NaN
================================================================================
WORKER 3:
Type     |Total    |Ops/sec  |Hits/sec |Miss/Sec |Resp Time|Proc Time|Srvr Time
SET      |    10494|   116.60|   116.60|     0.00|  2385.85|  2266.24|  2242.80
GET      |        0|     0.00|     0.00|     0.00|      NaN|      NaN|      NaN
MULTIGET |        0|     0.00|     0.00|     0.00|      NaN|      NaN|      NaN
INVALID  |        0|     0.00|      ---|      ---|      NaN|      NaN|      ---
Average mutliget length: NaN
================================================================================
WORKER 4:
Type     |Total    |Ops/sec  |Hits/sec |Miss/Sec |Resp Time|Proc Time|Srvr Time
SET      |    10445|   116.06|   116.06|     0.00|  2384.59|  2263.70|  2237.09
GET      |        0|     0.00|     0.00|     0.00|      NaN|      NaN|      NaN
MULTIGET |        0|     0.00|     0.00|     0.00|      NaN|      NaN|      NaN
INVALID  |        0|     0.00|      ---|      ---|      NaN|      NaN|      ---
Average mutliget length: NaN
================================================================================
WORKER 5:
Type     |Total    |Ops/sec  |Hits/sec |Miss/Sec |Resp Time|Proc Time|Srvr Time
SET      |    10631|   118.12|   118.12|     0.00|  2380.64|  2262.11|  2239.63
GET      |        0|     0.00|     0.00|     0.00|      NaN|      NaN|      NaN
MULTIGET |        0|     0.00|     0.00|     0.00|      NaN|      NaN|      NaN
INVALID  |        0|     0.00|      ---|      ---|      NaN|      NaN|      ---
Average mutliget length: NaN
================================================================================
WORKER 6:
Type     |Total    |Ops/sec  |Hits/sec |Miss/Sec |Resp Time|Proc Time|Srvr Time
SET      |    10613|   117.92|   117.92|     0.00|  2383.08|  2264.99|  2242.05
GET      |        0|     0.00|     0.00|     0.00|      NaN|      NaN|      NaN
MULTIGET |        0|     0.00|     0.00|     0.00|      NaN|      NaN|      NaN
INVALID  |        0|     0.00|      ---|      ---|      NaN|      NaN|      ---
Average mutliget length: NaN
================================================================================
WORKER 7:
Type     |Total    |Ops/sec  |Hits/sec |Miss/Sec |Resp Time|Proc Time|Srvr Time
SET      |    10569|   117.43|   117.43|     0.00|  2387.93|  2272.51|  2242.22
GET      |        0|     0.00|     0.00|     0.00|      NaN|      NaN|      NaN
MULTIGET |        0|     0.00|     0.00|     0.00|      NaN|      NaN|      NaN
INVALID  |        0|     0.00|      ---|      ---|      NaN|      NaN|      ---
Average mutliget length: NaN
================================================================================
WORKER 8:
Type     |Total    |Ops/sec  |Hits/sec |Miss/Sec |Resp Time|Proc Time|Srvr Time
SET      |    10565|   117.39|   117.39|     0.00|  2383.56|  2261.91|  2237.47
GET      |        0|     0.00|     0.00|     0.00|      NaN|      NaN|      NaN
MULTIGET |        0|     0.00|     0.00|     0.00|      NaN|      NaN|      NaN
INVALID  |        0|     0.00|      ---|      ---|      NaN|      NaN|      ---
Average mutliget length: NaN
================================================================================
WORKER 9:
Type     |Total    |Ops/sec  |Hits/sec |Miss/Sec |Resp Time|Proc Time|Srvr Time
SET      |    10633|   118.14|   118.14|     0.00|  2384.73|  2265.60|  2243.16
GET      |        0|     0.00|     0.00|     0.00|      NaN|      NaN|      NaN
MULTIGET |        0|     0.00|     0.00|     0.00|      NaN|      NaN|      NaN
INVALID  |        0|     0.00|      ---|      ---|      NaN|      NaN|      ---
Average mutliget length: NaN
================================================================================
WORKER 10:
Type     |Total    |Ops/sec  |Hits/sec |Miss/Sec |Resp Time|Proc Time|Srvr Time
SET      |    10631|   118.12|   118.12|     0.00|  2368.97|  2258.83|  2234.30
GET      |        0|     0.00|     0.00|     0.00|      NaN|      NaN|      NaN
MULTIGET |        0|     0.00|     0.00|     0.00|      NaN|      NaN|      NaN
INVALID  |        0|     0.00|      ---|      ---|      NaN|      NaN|      ---
Average mutliget length: NaN
================================================================================
WORKER 11:
Type     |Total    |Ops/sec  |Hits/sec |Miss/Sec |Resp Time|Proc Time|Srvr Time
SET      |    10549|   117.21|   117.21|     0.00|  2378.50|  2258.93|  2235.01
GET      |        0|     0.00|     0.00|     0.00|      NaN|      NaN|      NaN
MULTIGET |        0|     0.00|     0.00|     0.00|      NaN|      NaN|      NaN
INVALID  |        0|     0.00|      ---|      ---|      NaN|      NaN|      ---
Average mutliget length: NaN
================================================================================
WORKER 12:
Type     |Total    |Ops/sec  |Hits/sec |Miss/Sec |Resp Time|Proc Time|Srvr Time
SET      |    10705|   118.94|   118.94|     0.00|  2382.11|  2264.35|  2239.98
GET      |        0|     0.00|     0.00|     0.00|      NaN|      NaN|      NaN
MULTIGET |        0|     0.00|     0.00|     0.00|      NaN|      NaN|      NaN
INVALID  |        0|     0.00|      ---|      ---|      NaN|      NaN|      ---
Average mutliget length: NaN
================================================================================
WORKER 13:
Type     |Total    |Ops/sec  |Hits/sec |Miss/Sec |Resp Time|Proc Time|Srvr Time
SET      |    10713|   119.03|   119.03|     0.00|  2385.76|  2266.65|  2242.37
GET      |        0|     0.00|     0.00|     0.00|      NaN|      NaN|      NaN
MULTIGET |        0|     0.00|     0.00|     0.00|      NaN|      NaN|      NaN
INVALID  |        0|     0.00|      ---|      ---|      NaN|      NaN|      ---
Average mutliget length: NaN
================================================================================
WORKER 14:
Type     |Total    |Ops/sec  |Hits/sec |Miss/Sec |Resp Time|Proc Time|Srvr Time
SET      |    10618|   117.98|   117.98|     0.00|  2380.21|  2268.10|  2239.09
GET      |        0|     0.00|     0.00|     0.00|      NaN|      NaN|      NaN
MULTIGET |        0|     0.00|     0.00|     0.00|      NaN|      NaN|      NaN
INVALID  |        0|     0.00|      ---|      ---|      NaN|      NaN|      ---
Average mutliget length: NaN
================================================================================
WORKER 15:
Type     |Total    |Ops/sec  |Hits/sec |Miss/Sec |Resp Time|Proc Time|Srvr Time
SET      |    10646|   118.29|   118.29|     0.00|  2383.80|  2263.58|  2237.53
GET      |        0|     0.00|     0.00|     0.00|      NaN|      NaN|      NaN
MULTIGET |        0|     0.00|     0.00|     0.00|      NaN|      NaN|      NaN
INVALID  |        0|     0.00|      ---|      ---|      NaN|      NaN|      ---
Average mutliget length: NaN
================================================================================
WORKER 16:
Type     |Total    |Ops/sec  |Hits/sec |Miss/Sec |Resp Time|Proc Time|Srvr Time
SET      |    10616|   117.96|   117.96|     0.00|  2374.50|  2252.15|  2227.47
GET      |        0|     0.00|     0.00|     0.00|      NaN|      NaN|      NaN
MULTIGET |        0|     0.00|     0.00|     0.00|      NaN|      NaN|      NaN
INVALID  |        0|     0.00|      ---|      ---|      NaN|      NaN|      ---
Average mutliget length: NaN
================================================================================
WORKER 17:
Type     |Total    |Ops/sec  |Hits/sec |Miss/Sec |Resp Time|Proc Time|Srvr Time
SET      |    10601|   117.79|   117.79|     0.00|  2389.94|  2275.59|  2248.96
GET      |        0|     0.00|     0.00|     0.00|      NaN|      NaN|      NaN
MULTIGET |        0|     0.00|     0.00|     0.00|      NaN|      NaN|      NaN
INVALID  |        0|     0.00|      ---|      ---|      NaN|      NaN|      ---
Average mutliget length: NaN
================================================================================
WORKER 18:
Type     |Total    |Ops/sec  |Hits/sec |Miss/Sec |Resp Time|Proc Time|Srvr Time
SET      |    10701|   118.90|   118.90|     0.00|  2377.04|  2262.37|  2238.39
GET      |        0|     0.00|     0.00|     0.00|      NaN|      NaN|      NaN
MULTIGET |        0|     0.00|     0.00|     0.00|      NaN|      NaN|      NaN
INVALID  |        0|     0.00|      ---|      ---|      NaN|      NaN|      ---
Average mutliget length: NaN
================================================================================
WORKER 19:
Type     |Total    |Ops/sec  |Hits/sec |Miss/Sec |Resp Time|Proc Time|Srvr Time
SET      |    10507|   116.74|   116.74|     0.00|  2375.27|  2261.78|  2237.19
GET      |        0|     0.00|     0.00|     0.00|      NaN|      NaN|      NaN
MULTIGET |        0|     0.00|     0.00|     0.00|      NaN|      NaN|      NaN
INVALID  |        0|     0.00|      ---|      ---|      NaN|      NaN|      ---
Average mutliget length: NaN
================================================================================
WORKER 20:
Type     |Total    |Ops/sec  |Hits/sec |Miss/Sec |Resp Time|Proc Time|Srvr Time
SET      |    10653|   118.37|   118.37|     0.00|  2382.86|  2263.65|  2239.57
GET      |        0|     0.00|     0.00|     0.00|      NaN|      NaN|      NaN
MULTIGET |        0|     0.00|     0.00|     0.00|      NaN|      NaN|      NaN
INVALID  |        0|     0.00|      ---|      ---|      NaN|      NaN|      ---
Average mutliget length: NaN
================================================================================
WORKER 21:
Type     |Total    |Ops/sec  |Hits/sec |Miss/Sec |Resp Time|Proc Time|Srvr Time
SET      |    10597|   117.74|   117.74|     0.00|  2393.56|  2268.68|  2244.07
GET      |        0|     0.00|     0.00|     0.00|      NaN|      NaN|      NaN
MULTIGET |        0|     0.00|     0.00|     0.00|      NaN|      NaN|      NaN
INVALID  |        0|     0.00|      ---|      ---|      NaN|      NaN|      ---
Average mutliget length: NaN
================================================================================
WORKER 22:
Type     |Total    |Ops/sec  |Hits/sec |Miss/Sec |Resp Time|Proc Time|Srvr Time
SET      |    10628|   118.09|   118.09|     0.00|  2374.90|  2255.04|  2232.46
GET      |        0|     0.00|     0.00|     0.00|      NaN|      NaN|      NaN
MULTIGET |        0|     0.00|     0.00|     0.00|      NaN|      NaN|      NaN
INVALID  |        0|     0.00|      ---|      ---|      NaN|      NaN|      ---
Average mutliget length: NaN
================================================================================
WORKER 23:
Type     |Total    |Ops/sec  |Hits/sec |Miss/Sec |Resp Time|Proc Time|Srvr Time
SET      |    10629|   118.10|   118.10|     0.00|  2377.00|  2263.73|  2240.73
GET      |        0|     0.00|     0.00|     0.00|      NaN|      NaN|      NaN
MULTIGET |        0|     0.00|     0.00|     0.00|      NaN|      NaN|      NaN
INVALID  |        0|     0.00|      ---|      ---|      NaN|      NaN|      ---
Average mutliget length: NaN
================================================================================
WORKER 24:
Type     |Total    |Ops/sec  |Hits/sec |Miss/Sec |Resp Time|Proc Time|Srvr Time
SET      |    10564|   117.38|   117.38|     0.00|  2373.48|  2257.14|  2233.72
GET      |        0|     0.00|     0.00|     0.00|      NaN|      NaN|      NaN
MULTIGET |        0|     0.00|     0.00|     0.00|      NaN|      NaN|      NaN
INVALID  |        0|     0.00|      ---|      ---|      NaN|      NaN|      ---
Average mutliget length: NaN
================================================================================
WORKER 25:
Type     |Total    |Ops/sec  |Hits/sec |Miss/Sec |Resp Time|Proc Time|Srvr Time
SET      |    10568|   117.42|   117.42|     0.00|  2376.55|  2263.40|  2241.20
GET      |        0|     0.00|     0.00|     0.00|      NaN|      NaN|      NaN
MULTIGET |        0|     0.00|     0.00|     0.00|      NaN|      NaN|      NaN
INVALID  |        0|     0.00|      ---|      ---|      NaN|      NaN|      ---
Average mutliget length: NaN
================================================================================
WORKER 26:
Type     |Total    |Ops/sec  |Hits/sec |Miss/Sec |Resp Time|Proc Time|Srvr Time
SET      |    10588|   117.64|   117.64|     0.00|  2374.24|  2254.98|  2230.99
GET      |        0|     0.00|     0.00|     0.00|      NaN|      NaN|      NaN
MULTIGET |        0|     0.00|     0.00|     0.00|      NaN|      NaN|      NaN
INVALID  |        0|     0.00|      ---|      ---|      NaN|      NaN|      ---
Average mutliget length: NaN
================================================================================
WORKER 27:
Type     |Total    |Ops/sec  |Hits/sec |Miss/Sec |Resp Time|Proc Time|Srvr Time
SET      |    10470|   116.33|   116.33|     0.00|  2402.23|  2280.00|  2253.51
GET      |        0|     0.00|     0.00|     0.00|      NaN|      NaN|      NaN
MULTIGET |        0|     0.00|     0.00|     0.00|      NaN|      NaN|      NaN
INVALID  |        0|     0.00|      ---|      ---|      NaN|      NaN|      ---
Average mutliget length: NaN
================================================================================
WORKER 28:
Type     |Total    |Ops/sec  |Hits/sec |Miss/Sec |Resp Time|Proc Time|Srvr Time
SET      |    10572|   117.47|   117.47|     0.00|  2389.78|  2271.17|  2246.00
GET      |        0|     0.00|     0.00|     0.00|      NaN|      NaN|      NaN
MULTIGET |        0|     0.00|     0.00|     0.00|      NaN|      NaN|      NaN
INVALID  |        0|     0.00|      ---|      ---|      NaN|      NaN|      ---
Average mutliget length: NaN
================================================================================
WORKER 29:
Type     |Total    |Ops/sec  |Hits/sec |Miss/Sec |Resp Time|Proc Time|Srvr Time
SET      |    10569|   117.43|   117.43|     0.00|  2375.26|  2258.39|  2235.16
GET      |        0|     0.00|     0.00|     0.00|      NaN|      NaN|      NaN
MULTIGET |        0|     0.00|     0.00|     0.00|      NaN|      NaN|      NaN
INVALID  |        0|     0.00|      ---|      ---|      NaN|      NaN|      ---
Average mutliget length: NaN
================================================================================
WORKER 30:
Type     |Total    |Ops/sec  |Hits/sec |Miss/Sec |Resp Time|Proc Time|Srvr Time
SET      |    10681|   118.68|   118.68|     0.00|  2368.91|  2256.07|  2231.20
GET      |        0|     0.00|     0.00|     0.00|      NaN|      NaN|      NaN
MULTIGET |        0|     0.00|     0.00|     0.00|      NaN|      NaN|      NaN
INVALID  |        0|     0.00|      ---|      ---|      NaN|      NaN|      ---
Average mutliget length: NaN
================================================================================
WORKER 31:
Type     |Total    |Ops/sec  |Hits/sec |Miss/Sec |Resp Time|Proc Time|Srvr Time
SET      |    10566|   117.40|   117.40|     0.00|  2386.11|  2266.60|  2243.44
GET      |        0|     0.00|     0.00|     0.00|      NaN|      NaN|      NaN
MULTIGET |        0|     0.00|     0.00|     0.00|      NaN|      NaN|      NaN
INVALID  |        0|     0.00|      ---|      ---|      NaN|      NaN|      ---
Average mutliget length: NaN
================================================================================
================================================================================

AGGREGATE FOR ALL WORKERS:
Type     |Total    |Ops/sec  |Hits/sec |Miss/Sec |Resp Time|Proc Time|Srvr Time
SET      |   339071|  3767.46|  3767.46|     0.00|  2382.13|  2264.51|  2239.70
GET      |        0|     0.00|     0.00|     0.00|      NaN|      NaN|      NaN
MULTIGET |        0|     0.00|     0.00|     0.00|      NaN|      NaN|      NaN
INVALID  |        0|     0.00|      ---|      ---|      NaN|      NaN|      ---
Average mutliget length: NaN


 HISTOGRAM
  Response time (ms)   Percent
                 0.1      0.00%
                 0.2      0.00%
                 0.3      0.00%
                 0.4      0.00%
                 0.5      0.00%
                 0.6      0.00%
                 0.7      0.00%
                 0.8      0.00%
                 0.9      0.00%
                 1.0      0.00%
                 1.1      0.00%
                 1.2      0.00%
                 1.3      0.00%
                 1.4      0.00%
                 1.5      0.00%
                 1.6      0.00%
                 1.7      0.00%
                 1.8      0.00%
                 1.9      1.17%
                 2.0     10.23%
                 2.1     29.78%
                 2.2     51.27%
                 2.3     67.64%
                 2.4     77.76%
                 2.5     83.80%
                 2.6     87.49%
                 2.7     89.87%
                 2.8     91.46%
                 2.9     92.59%
                 3.0     93.48%
                 3.1     94.24%
                 3.2     94.80%
                 3.3     95.30%
                 3.4     95.76%
                 3.5     96.12%
                 3.6     96.47%
                 3.7     96.79%
                 3.8     97.07%
                 3.9     97.33%
                 4.0     97.54%
                 4.1     97.74%
                 4.2     97.91%
                 4.3     98.07%
                 4.4     98.22%
                 4.5     98.35%
                 4.6     98.48%
                 4.7     98.58%
                 4.8     98.67%
                 4.9     98.75%
                 5.0     98.82%
                 5.1     98.89%
                 5.2     98.96%
                 5.3     99.01%
                 5.4     99.04%
                 5.5     99.09%
                 5.6     99.14%
                 5.7     99.17%
                 5.8     99.22%
                 5.9     99.26%
                 6.0     99.28%
                 6.1     99.31%
                 6.2     99.33%
                 6.3     99.36%
                 6.4     99.38%
                 6.5     99.40%
                 6.6     99.42%
                 6.7     99.43%
                 6.8     99.46%
                 6.9     99.48%
                 7.0     99.51%
                 7.1     99.52%
                 7.2     99.54%
                 7.3     99.56%
                 7.4     99.57%
                 7.5     99.59%
                 7.6     99.60%
                 7.7     99.62%
                 7.8     99.64%
                 7.9     99.65%
                 8.0     99.66%
                 8.1     99.67%
                 8.2     99.68%
                 8.3     99.69%
                 8.4     99.70%
                 8.5     99.71%
                 8.6     99.72%
                 8.7     99.73%
                 8.8     99.74%
                 8.9     99.74%
                 9.0     99.75%
                 9.1     99.76%
                 9.2     99.77%
                 9.3     99.78%
                 9.4     99.78%
                 9.5     99.79%
                 9.6     99.79%
                 9.7     99.80%
                 9.8     99.80%
                 9.9     99.81%
                10.0     99.81%
                10.1     99.81%
                10.2     99.82%
                10.3     99.82%
                10.4     99.82%
                10.5     99.83%
                10.6     99.83%
                10.7     99.83%
                10.8     99.83%
                10.9     99.84%
                11.0     99.84%
                11.1     99.84%
                11.2     99.84%
                11.3     99.84%
                11.4     99.85%
                11.5     99.85%
                11.6     99.85%
                11.7     99.85%
                11.8     99.85%
                11.9     99.86%
                12.0     99.86%
                12.1     99.86%
                12.2     99.87%
                12.3     99.87%
                12.4     99.87%
                12.5     99.87%
                12.6     99.88%
                12.7     99.88%
                12.8     99.88%
                12.9     99.88%
                13.0     99.88%
                13.1     99.88%
                13.2     99.88%
                13.3     99.89%
                13.4     99.89%
                13.5     99.89%
                13.6     99.89%
                13.7     99.89%
                13.8     99.89%
                13.9     99.89%
                14.0     99.89%
                14.1     99.89%
                14.2     99.90%
                14.3     99.90%
                14.4     99.90%
                14.5     99.90%
                14.6     99.90%
                14.7     99.90%
                14.8     99.90%
                14.9     99.90%
                15.0     99.90%
                15.1     99.90%
                15.2     99.90%
                15.3     99.90%
                15.4     99.91%
                15.5     99.91%
                15.6     99.91%
                15.7     99.91%
                15.8     99.91%
                15.9     99.91%
                16.0     99.91%
                16.1     99.91%
                16.2     99.91%
                16.3     99.91%
                16.4     99.91%
                16.5     99.91%
                16.6     99.91%
                16.7     99.91%
                16.8     99.91%
                16.9     99.91%
                17.0     99.91%
                17.1     99.92%
                17.2     99.92%
                17.3     99.92%
                17.4     99.92%
                17.5     99.92%
                17.6     99.92%
                17.7     99.92%
                17.8     99.92%
                17.9     99.93%
                18.0     99.93%
                18.1     99.93%
                18.2     99.93%
                18.3     99.93%
                18.4     99.93%
                18.5     99.94%
                18.6     99.94%
                18.7     99.94%
                18.8     99.94%
                18.9     99.94%
                19.0     99.95%
                19.1     99.95%
                19.2     99.95%
                19.3     99.95%
                19.4     99.95%
                19.5     99.95%
                19.6     99.95%
                19.7     99.95%
                19.8     99.96%
                19.9     99.96%
                20.0     99.96%
                20.1     99.96%
                20.2     99.96%
                20.3     99.96%
                20.4     99.96%
                20.5     99.96%
                20.6     99.96%
                20.7     99.96%
                20.8     99.96%
                20.9     99.96%
                21.0     99.96%
                21.1     99.96%
                21.2     99.97%
                21.3     99.97%
                21.4     99.97%
                21.5     99.97%
                21.6     99.97%
                21.7     99.97%
                21.8     99.97%
                21.9     99.97%
                22.0     99.97%
                22.1     99.97%
                22.2     99.97%
                22.3     99.97%
                22.4     99.97%
                22.5     99.97%
                22.6     99.97%
                22.7     99.97%
                22.8     99.97%
                22.9     99.97%
                23.0     99.97%
                23.1     99.97%
                23.2     99.97%
                23.3     99.97%
                23.4     99.97%
                23.5     99.97%
                23.6     99.97%
                23.7     99.97%
                23.8     99.97%
                23.9     99.97%
                24.0     99.97%
                24.1     99.97%
                24.2     99.97%
                24.3     99.97%
                24.4     99.97%
                24.5     99.97%
                24.6     99.97%
                24.7     99.97%
                24.8     99.97%
                24.9     99.97%
                25.0     99.97%
                25.1     99.97%
                25.2     99.97%
                25.3     99.97%
                25.4     99.97%
                25.5     99.97%
                25.6     99.97%
                25.7     99.97%
                25.8     99.97%
                25.9     99.97%
                26.0     99.97%
                26.1     99.97%
                26.2     99.97%
                26.3     99.97%
                26.4     99.97%
                26.5     99.97%
                26.6     99.97%
                26.7     99.97%
                26.8     99.97%
                26.9     99.97%
                27.0     99.97%
                27.1     99.97%
                27.2     99.98%
                27.3     99.98%
                27.4     99.98%
                27.5     99.98%
                27.6     99.98%
                27.7     99.98%
                27.8     99.98%
                27.9     99.98%
                28.0     99.98%
                28.1     99.98%
                28.2     99.98%
                28.3     99.98%
                28.4     99.98%
                28.5     99.98%
                28.6     99.98%
                28.7     99.98%
                28.8     99.98%
                28.9     99.98%
                29.0     99.98%
                29.1     99.98%
                29.2     99.98%
                29.3     99.98%
                29.4     99.98%
                29.5     99.98%
                29.6     99.98%
                29.7     99.98%
                29.8     99.98%
                29.9     99.98%
                30.0     99.98%
                30.1     99.98%
                30.2     99.98%
                30.3     99.98%
                30.4     99.98%
                30.5     99.98%
                30.6     99.98%
                30.7     99.98%
                30.8     99.98%
                30.9     99.98%
                31.0     99.98%
                31.1     99.98%
                31.2     99.98%
                31.3     99.98%
                31.4     99.98%
                31.5     99.98%
                31.6     99.98%
                31.7     99.98%
                31.8     99.98%
                31.9     99.98%
                32.0     99.98%
                32.1     99.99%
                32.2     99.99%
                32.3     99.99%
                32.4     99.99%
                32.5     99.99%
                32.6     99.99%
                32.7     99.99%
                32.8     99.99%
                32.9     99.99%
                33.0     99.99%
                33.1     99.99%
                33.2     99.99%
                33.3     99.99%
                33.4     99.99%
                33.5     99.99%
                33.6     99.99%
                33.7     99.99%
                33.8     99.99%
                33.9     99.99%
                34.0     99.99%
                34.1     99.99%
                34.2     99.99%
                34.3     99.99%
                34.4     99.99%
                34.5     99.99%
                34.6     99.99%
                34.7     99.99%
                34.8     99.99%
                34.9     99.99%
                35.0     99.99%
                35.1     99.99%
                35.2     99.99%
                35.3     99.99%
                35.4     99.99%
                35.5     99.99%
                35.6     99.99%
                35.7     99.99%
                35.8     99.99%
                35.9     99.99%
                36.0     99.99%
                36.1     99.99%
                36.2     99.99%
                36.3     99.99%
                36.4     99.99%
                36.5     99.99%
                36.6     99.99%
                36.7     99.99%
                36.8     99.99%
                36.9     99.99%
                37.0     99.99%
                37.1     99.99%
                37.2     99.99%
                37.3     99.99%
                37.4     99.99%
                37.5     99.99%
                37.6     99.99%
                37.7     99.99%
                37.8     99.99%
                37.9     99.99%
                38.0     99.99%
                38.1     99.99%
                38.2     99.99%
                38.3     99.99%
                38.4     99.99%
                38.5     99.99%
                38.6     99.99%
                38.7     99.99%
                38.8     99.99%
                38.9     99.99%
                39.0     99.99%
                39.1     99.99%
                39.2     99.99%
                39.3     99.99%
                39.4     99.99%
                39.5     99.99%
                39.6     99.99%
                39.7     99.99%
                39.8     99.99%
                39.9     99.99%
                40.0     99.99%
                40.1     99.99%
                40.2     99.99%
                40.3     99.99%
                40.4     99.99%
                40.5     99.99%
                40.6     99.99%
                40.7     99.99%
                40.8     99.99%
                40.9     99.99%
                41.0     99.99%
                41.1     99.99%
                41.2     99.99%
                41.3     99.99%
                41.4     99.99%
                41.5     99.99%
                41.6     99.99%
                41.7     99.99%
                41.8     99.99%
                41.9     99.99%
                42.0     99.99%
                42.1     99.99%
                42.2     99.99%
                42.3     99.99%
                42.4     99.99%
                42.5     99.99%
                42.6     99.99%
                42.7     99.99%
                42.8     99.99%
                42.9     99.99%
                43.0     99.99%
                43.1     99.99%
                43.2     99.99%
                43.3     99.99%
                43.4     99.99%
                43.5     99.99%
                43.6     99.99%
                43.7     99.99%
                43.8     99.99%
                43.9     99.99%
                44.0     99.99%
                44.1     99.99%
                44.2     99.99%
                44.3    100.00%
                44.4    100.00%
                44.5    100.00%
                44.6    100.00%
                44.7    100.00%
                44.8    100.00%
                44.9    100.00%
                45.0    100.00%
                45.1    100.00%
                45.2    100.00%
                45.3    100.00%
                45.4    100.00%
                45.5    100.00%
                45.6    100.00%
                45.7    100.00%
                45.8    100.00%
                45.9    100.00%
                46.0    100.00%
                46.1    100.00%
                46.2    100.00%
                46.3    100.00%
                46.4    100.00%
                46.5    100.00%
                46.6    100.00%
                46.7    100.00%
                46.8    100.00%
                46.9    100.00%
                47.0    100.00%
                47.1    100.00%
                47.2    100.00%
                47.3    100.00%
                47.4    100.00%
                47.5    100.00%
                47.6    100.00%
                47.7    100.00%
                47.8    100.00%
                47.9    100.00%
                48.0    100.00%
                48.1    100.00%
                48.2    100.00%
                48.3    100.00%
                48.4    100.00%
                48.5    100.00%
                48.6    100.00%
                48.7    100.00%
                48.8    100.00%
                48.9    100.00%
                49.0    100.00%
                49.1    100.00%
                49.2    100.00%
                49.3    100.00%
                49.4    100.00%
                49.5    100.00%
                49.6    100.00%
                49.7    100.00%
                49.8    100.00%
                49.9    100.00%
                50.0    100.00%
                50.1    100.00%
                50.2    100.00%
                50.3    100.00%
                50.4    100.00%
                50.5    100.00%
                50.6    100.00%
                50.7    100.00%
                50.8    100.00%
                50.9    100.00%
                51.0    100.00%
                51.1    100.00%
                51.2    100.00%
                51.3    100.00%
                51.4    100.00%
                51.5    100.00%
                51.6    100.00%
                51.7    100.00%
                51.8    100.00%
                51.9    100.00%
                52.0    100.00%
                52.1    100.00%
                52.2    100.00%
                52.3    100.00%
                52.4    100.00%
                52.5    100.00%
                52.6    100.00%
                52.7    100.00%
                52.8    100.00%
                52.9    100.00%
                53.0    100.00%
                53.1    100.00%
                53.2    100.00%
                53.3    100.00%
                53.4    100.00%
                53.5    100.00%
                53.6    100.00%
                53.7    100.00%
                53.8    100.00%
                53.9    100.00%
                54.0    100.00%
                54.1    100.00%
                54.2    100.00%
                54.3    100.00%
                54.4    100.00%
                54.5    100.00%
                54.6    100.00%
                54.7    100.00%
                54.8    100.00%
                54.9    100.00%
                55.0    100.00%
                55.1    100.00%
                55.2    100.00%
                55.3    100.00%
                55.4    100.00%
                55.5    100.00%
                55.6    100.00%
                55.7    100.00%
                55.8    100.00%
                55.9    100.00%
                56.0    100.00%
                56.1    100.00%
                56.2    100.00%
                56.3    100.00%
                56.4    100.00%
                56.5    100.00%
                56.6    100.00%
                56.7    100.00%
                56.8    100.00%
                56.9    100.00%
                57.0    100.00%
                57.1    100.00%
                57.2    100.00%
                57.3    100.00%
                57.4    100.00%
                57.5    100.00%
                57.6    100.00%
                57.7    100.00%
                57.8    100.00%
                57.9    100.00%
                58.0    100.00%
                58.1    100.00%
                58.2    100.00%
                58.3    100.00%
                58.4    100.00%
                58.5    100.00%
                58.6    100.00%
                58.7    100.00%
                58.8    100.00%
                58.9    100.00%
                59.0    100.00%
                59.1    100.00%
                59.2    100.00%
                59.3    100.00%
                59.4    100.00%
                59.5    100.00%
                59.6    100.00%
                59.7    100.00%
                59.8    100.00%
                59.9    100.00%
                60.0    100.00%
                60.1    100.00%
                60.2    100.00%
                60.3    100.00%
                60.4    100.00%
                60.5    100.00%
                60.6    100.00%
                60.7    100.00%
                60.8    100.00%
                60.9    100.00%
                61.0    100.00%
                61.1    100.00%
                61.2    100.00%
                61.3    100.00%
                61.4    100.00%
                61.5    100.00%
                61.6    100.00%
                61.7    100.00%
                61.8    100.00%
                61.9    100.00%
                62.0    100.00%
                62.1    100.00%
                62.2    100.00%
                62.3    100.00%
                62.4    100.00%
                62.5    100.00%
                62.6    100.00%
                62.7    100.00%
                62.8    100.00%
                62.9    100.00%
                63.0    100.00%
                63.1    100.00%
                63.2    100.00%
                63.3    100.00%
                63.4    100.00%
                63.5    100.00%
                63.6    100.00%
                63.7    100.00%
                63.8    100.00%
                63.9    100.00%
                64.0    100.00%
                64.1    100.00%
                64.2    100.00%
                64.3    100.00%
                64.4    100.00%
                64.5    100.00%
                64.6    100.00%
                64.7    100.00%
                64.8    100.00%
                64.9    100.00%
                65.0    100.00%
                65.1    100.00%
                65.2    100.00%
                65.3    100.00%
                65.4    100.00%
                65.5    100.00%
                65.6    100.00%
                65.7    100.00%
                65.8    100.00%
                65.9    100.00%
                66.0    100.00%
                66.1    100.00%
                66.2    100.00%
                66.3    100.00%
                66.4    100.00%
                66.5    100.00%
                66.6    100.00%
                66.7    100.00%
                66.8    100.00%
                66.9    100.00%
                67.0    100.00%
                67.1    100.00%
                67.2    100.00%
                67.3    100.00%
                67.4    100.00%
                67.5    100.00%
                67.6    100.00%
                67.7    100.00%
                67.8    100.00%
                67.9    100.00%
                68.0    100.00%
                68.1    100.00%
                68.2    100.00%
                68.3    100.00%
                68.4    100.00%
                68.5    100.00%
                68.6    100.00%
                68.7    100.00%
                68.8    100.00%
                68.9    100.00%
                69.0    100.00%
                69.1    100.00%
                69.2    100.00%
                69.3    100.00%
                69.4    100.00%
                69.5    100.00%
                69.6    100.00%
                69.7    100.00%
                69.8    100.00%
                69.9    100.00%
                70.0    100.00%
                70.1    100.00%
                70.2    100.00%
                70.3    100.00%
                70.4    100.00%
                70.5    100.00%

