Threads: 8, Sharded reads: false, Number of Memcached servers: 3.

All measures in microseconds.
  SETS   GETS  MGETS   INVLD    TOT   HITS     RSP T      Q T     SVR T  Q LEN
 22507      0      0       0  22507  22507  39464.02 36632.16   2789.46    108
  2715      0      0       0   2715   2715  43620.44 40692.63   2895.05    112
  2892      0      0       0   2892   2892  39869.00 37147.44   2688.74    104
  2892      0      0       0   2892   2892  39709.98 36992.01   2683.41    108
  2808      0      0       0   2808   2808  41169.92 38355.25   2771.55    107
  2921      0      0       0   2921   2921  39307.22 36610.18   2655.66    112
  2672      0      0       0   2672   2672  42974.54 40032.05   2902.81    107
  2941      0      0       0   2941   2941  39131.63 36455.97   2637.01    109
  2919      0      0       0   2919   2919  39127.92 36443.20   2650.83    111
  2809      0      0       0   2809   2809  40691.28 37885.68   2769.17    112
  2779      0      0       0   2779   2779  41615.91 38787.65   2797.99    112
  2847      0      0       0   2847   2847  40409.00 37647.42   2725.34    111
  2718      0      0       0   2718   2718  42209.48 39317.94   2853.66    112
  2730      0      0       0   2730   2730  42130.01 39247.46   2852.10    109
  2904      0      0       0   2904   2904  39739.89 37020.36   2686.55    112
  2828      0      0       0   2828   2828  40385.89 37625.61   2728.46    112
  2845      0      0       0   2845   2845  40496.42 37716.40   2747.59    109
  2828      0      0       0   2828   2828  40727.65 37945.65   2743.54    112
  2887      0      0       0   2887   2887  39572.90 36855.72   2684.39    112
  2621      0      0       0   2621   2621  43952.48 40950.69   2966.98    108
  2662      0      0       0   2662   2662  41836.22 38961.89   2840.99    104
  2929      0      0       0   2929   2929  40287.46 37534.22   2713.75    106
  2896      0      0       0   2896   2896  39611.34 36899.62   2675.52    112
  2808      0      0       0   2808   2808  41017.57 38213.33   2769.27    108
  2709      0      0       0   2709   2709  42551.76 39646.83   2865.53    110
  2870      0      0       0   2870   2870  40086.57 37343.49   2703.06    108
  2905      0      0       0   2905   2905  39705.15 36989.91   2680.37    111
  2689      0      0       0   2689   2689  42497.33 39574.23   2891.90    112
  2731      0      0       0   2731   2731  42146.17 39264.33   2842.79    111
  2961      0      0       0   2961   2961  39134.85 36471.93   2630.87    107
  2662      0      0       0   2662   2662  42746.92 39807.40   2908.59    112
  2752      0      0       0   2752   2752  41981.78 39120.31   2829.49    111
  2882      0      0       0   2882   2882  39993.62 37264.30   2695.46    106
  2842      0      0       0   2842   2842  40222.26 37459.36   2732.30    112
  2914      0      0       0   2914   2914  39712.70 37010.86   2668.16    110
  2830      0      0       0   2830   2830  40520.76 37744.64   2734.47    112
  2810      0      0       0   2810   2810  40932.05 38131.96   2763.63    110
  2862      0      0       0   2862   2862  40191.38 37441.95   2717.75    106
  2751      0      0       0   2751   2751  41797.82 38943.74   2821.65    105
  2757      0      0       0   2757   2757  41557.75 38704.77   2819.10    112
  2904      0      0       0   2904   2904  39655.20 36949.84   2673.90    110
  2873      0      0       0   2873   2873  40099.69 37357.10   2711.85    108
  2772      0      0       0   2772   2772  41453.95 38619.70   2799.26    111
  2783      0      0       0   2783   2783  41364.93 38524.87   2806.57    104
  2880      0      0       0   2880   2880  40151.78 37416.73   2699.00    105
  2556      0      0       0   2556   2556  44674.45 41610.40   3029.88    112
  2850      0      0       0   2850   2850  40311.84 37561.48   2716.31    109
  2804      0      0       0   2804   2804  40790.83 37996.80   2763.53    109
  2852      0      0       0   2852   2852  39926.56 37182.08   2712.06    112
  2765      0      0       0   2765   2765  41338.84 38504.64   2802.16    110
  2743      0      0       0   2743   2743  42082.59 39207.86   2841.43    105
  2825      0      0       0   2825   2825  40907.35 38123.71   2749.35    105
  2934      0      0       0   2934   2934  39195.67 36518.14   2643.11    112
  2699      0      0       0   2699   2699  42234.15 39320.72   2879.84    112
  2898      0      0       0   2898   2898  39781.61 37068.48   2679.49    112
  2832      0      0       0   2832   2832  40644.95 37865.86   2740.38    108
  2915      0      0       0   2915   2915  39346.91 36656.18   2658.07    111
  2704      0      0       0   2704   2704  42292.93 39395.94   2864.71    112
  2860      0      0       0   2860   2860  40133.24 37393.57   2707.06    112
  2779      0      0       0   2779   2779  41327.27 38505.58   2787.41    107
  2624      0      0       0   2624   2624  43622.63 40622.21   2965.90    112
  2923      0      0       0   2923   2923  39504.24 36810.68   2659.52    107
  2923      0      0       0   2923   2923  39452.80 36754.41   2667.12    107
  2884      0      0       0   2884   2884  39869.71 37147.57   2685.88    111
  2856      0      0       0   2856   2856  40467.71 37703.95   2728.85    112
  2837      0      0       0   2837   2837  40516.93 37735.79   2746.08    112
  2797      0      0       0   2797   2797  42528.62 39604.38   2889.51    109
  2969      0      0       0   2969   2969  39089.62 36441.11   2616.18    106
  2755      0      0       0   2755   2755  41700.07 38846.14   2822.39    110
  2947      0      0       0   2947   2947  38996.49 36338.43   2627.43    104
  2864      0      0       0   2864   2864  40222.02 37476.13   2714.50    112
  2960      0      0       0   2960   2960  38743.83 36085.28   2625.05    104
  2850      0      0       0   2850   2850  40306.53 37551.80   2720.08    112
  3004      0      0       0   3004   3004  38281.61 35664.29   2578.59    112
  3051      0      0       0   3051   3051  37710.83 35130.89   2545.35    108
  2476      0      0       0   2476   2476  45888.42 42726.09   3125.28    108
  2976      0      0       0   2976   2976  39004.71 36351.44   2620.62    106
  2889      0      0       0   2889   2889  39813.30 37090.67   2691.12    108
  2970      0      0       0   2970   2970  38593.91 35948.14   2613.63    112
  2961      0      0       0   2961   2961  38963.34 36305.66   2625.44    111
  2900      0      0       0   2900   2900  39730.31 37015.64   2684.16    111
  3007      0      0       0   3007   3007  38313.68 35695.98   2584.02    106
  1724      0      0       0   1724   1724  29583.84 26745.09   2806.44      0
     0      0      0       0      0      0       NaN      NaN       NaN      0
     0      0      0       0      0      0       NaN      NaN       NaN      0
     0      0      0       0      0      0       NaN      NaN       NaN      0
================================================================================
ALL STATS (timing measures are in microseconds)
WORKER 0:
Type     |Total    |Ops/sec  |Hits/sec |Miss/Sec |Resp Time|Proc Time|Srvr Time
SET      |    31685|   352.06|   352.06|     0.00| 40438.30|  2784.92|  2750.14
GET      |        0|     0.00|     0.00|     0.00|      NaN|      NaN|      NaN
MULTIGET |        0|     0.00|     0.00|     0.00|      NaN|      NaN|      NaN
INVALID  |        0|     0.00|      ---|      ---|      NaN|      NaN|      ---
Average mutliget length: NaN
================================================================================
WORKER 1:
Type     |Total    |Ops/sec  |Hits/sec |Miss/Sec |Resp Time|Proc Time|Srvr Time
SET      |    31717|   352.41|   352.41|     0.00| 40444.58|  2781.90|  2747.17
GET      |        0|     0.00|     0.00|     0.00|      NaN|      NaN|      NaN
MULTIGET |        0|     0.00|     0.00|     0.00|      NaN|      NaN|      NaN
INVALID  |        0|     0.00|      ---|      ---|      NaN|      NaN|      ---
Average mutliget length: NaN
================================================================================
WORKER 2:
Type     |Total    |Ops/sec  |Hits/sec |Miss/Sec |Resp Time|Proc Time|Srvr Time
SET      |    31692|   352.13|   352.13|     0.00| 40441.01|  2784.60|  2750.16
GET      |        0|     0.00|     0.00|     0.00|      NaN|      NaN|      NaN
MULTIGET |        0|     0.00|     0.00|     0.00|      NaN|      NaN|      NaN
INVALID  |        0|     0.00|      ---|      ---|      NaN|      NaN|      ---
Average mutliget length: NaN
================================================================================
WORKER 3:
Type     |Total    |Ops/sec  |Hits/sec |Miss/Sec |Resp Time|Proc Time|Srvr Time
SET      |    31672|   351.91|   351.91|     0.00| 40428.98|  2786.35|  2750.25
GET      |        0|     0.00|     0.00|     0.00|      NaN|      NaN|      NaN
MULTIGET |        0|     0.00|     0.00|     0.00|      NaN|      NaN|      NaN
INVALID  |        0|     0.00|      ---|      ---|      NaN|      NaN|      ---
Average mutliget length: NaN
================================================================================
WORKER 4:
Type     |Total    |Ops/sec  |Hits/sec |Miss/Sec |Resp Time|Proc Time|Srvr Time
SET      |    31720|   352.44|   352.44|     0.00| 40433.98|  2782.72|  2748.12
GET      |        0|     0.00|     0.00|     0.00|      NaN|      NaN|      NaN
MULTIGET |        0|     0.00|     0.00|     0.00|      NaN|      NaN|      NaN
INVALID  |        0|     0.00|      ---|      ---|      NaN|      NaN|      ---
Average mutliget length: NaN
================================================================================
WORKER 5:
Type     |Total    |Ops/sec  |Hits/sec |Miss/Sec |Resp Time|Proc Time|Srvr Time
SET      |    31739|   352.66|   352.66|     0.00| 40450.50|  2780.29|  2745.13
GET      |        0|     0.00|     0.00|     0.00|      NaN|      NaN|      NaN
MULTIGET |        0|     0.00|     0.00|     0.00|      NaN|      NaN|      NaN
INVALID  |        0|     0.00|      ---|      ---|      NaN|      NaN|      ---
Average mutliget length: NaN
================================================================================
WORKER 6:
Type     |Total    |Ops/sec  |Hits/sec |Miss/Sec |Resp Time|Proc Time|Srvr Time
SET      |    31697|   352.19|   352.19|     0.00| 40442.96|  2783.93|  2748.96
GET      |        0|     0.00|     0.00|     0.00|      NaN|      NaN|      NaN
MULTIGET |        0|     0.00|     0.00|     0.00|      NaN|      NaN|      NaN
INVALID  |        0|     0.00|      ---|      ---|      NaN|      NaN|      ---
Average mutliget length: NaN
================================================================================
WORKER 7:
Type     |Total    |Ops/sec  |Hits/sec |Miss/Sec |Resp Time|Proc Time|Srvr Time
SET      |    31738|   352.64|   352.64|     0.00| 40435.02|  2780.05|  2744.97
GET      |        0|     0.00|     0.00|     0.00|      NaN|      NaN|      NaN
MULTIGET |        0|     0.00|     0.00|     0.00|      NaN|      NaN|      NaN
INVALID  |        0|     0.00|      ---|      ---|      NaN|      NaN|      ---
Average mutliget length: NaN
================================================================================
================================================================================

AGGREGATE FOR ALL WORKERS:
Type     |Total    |Ops/sec  |Hits/sec |Miss/Sec |Resp Time|Proc Time|Srvr Time
SET      |   253660|  2818.44|  2818.44|     0.00| 40439.42|  2783.09|  2748.11
GET      |        0|     0.00|     0.00|     0.00|      NaN|      NaN|      NaN
MULTIGET |        0|     0.00|     0.00|     0.00|      NaN|      NaN|      NaN
INVALID  |        0|     0.00|      ---|      ---|      NaN|      NaN|      ---
Average mutliget length: NaN


 HISTOGRAM
  Response time (ms)   Percent
                 0.1      0.00%
                 0.2      0.00%
                 0.3      0.00%
                 0.4      0.00%
                 0.5      0.00%
                 0.6      0.00%
                 0.7      0.00%
                 0.8      0.00%
                 0.9      0.00%
                 1.0      0.00%
                 1.1      0.00%
                 1.2      0.00%
                 1.3      0.00%
                 1.4      0.00%
                 1.5      0.00%
                 1.6      0.00%
                 1.7      0.00%
                 1.8      0.00%
                 1.9      0.00%
                 2.0      0.00%
                 2.1      0.00%
                 2.2      0.00%
                 2.3      0.00%
                 2.4      0.00%
                 2.5      0.00%
                 2.6      0.00%
                 2.7      0.00%
                 2.8      0.00%
                 2.9      0.00%
                 3.0      0.00%
                 3.1      0.00%
                 3.2      0.00%
                 3.3      0.00%
                 3.4      0.00%
                 3.5      0.00%
                 3.6      0.00%
                 3.7      0.00%
                 3.8      0.00%
                 3.9      0.00%
                 4.0      0.00%
                 4.1      0.00%
                 4.2      0.00%
                 4.3      0.00%
                 4.4      0.00%
                 4.5      0.00%
                 4.6      0.00%
                 4.7      0.00%
                 4.8      0.00%
                 4.9      0.00%
                 5.0      0.00%
                 5.1      0.00%
                 5.2      0.00%
                 5.3      0.00%
                 5.4      0.00%
                 5.5      0.00%
                 5.6      0.00%
                 5.7      0.00%
                 5.8      0.00%
                 5.9      0.00%
                 6.0      0.00%
                 6.1      0.00%
                 6.2      0.00%
                 6.3      0.00%
                 6.4      0.00%
                 6.5      0.00%
                 6.6      0.00%
                 6.7      0.00%
                 6.8      0.00%
                 6.9      0.00%
                 7.0      0.00%
                 7.1      0.00%
                 7.2      0.00%
                 7.3      0.00%
                 7.4      0.00%
                 7.5      0.00%
                 7.6      0.00%
                 7.7      0.00%
                 7.8      0.00%
                 7.9      0.00%
                 8.0      0.00%
                 8.1      0.00%
                 8.2      0.00%
                 8.3      0.00%
                 8.4      0.00%
                 8.5      0.00%
                 8.6      0.00%
                 8.7      0.00%
                 8.8      0.00%
                 8.9      0.00%
                 9.0      0.00%
                 9.1      0.00%
                 9.2      0.00%
                 9.3      0.00%
                 9.4      0.00%
                 9.5      0.00%
                 9.6      0.00%
                 9.7      0.00%
                 9.8      0.00%
                 9.9      0.00%
                10.0      0.00%
                10.1      0.00%
                10.2      0.00%
                10.3      0.00%
                10.4      0.00%
                10.5      0.00%
                10.6      0.00%
                10.7      0.00%
                10.8      0.00%
                10.9      0.00%
                11.0      0.00%
                11.1      0.00%
                11.2      0.00%
                11.3      0.00%
                11.4      0.00%
                11.5      0.00%
                11.6      0.00%
                11.7      0.00%
                11.8      0.01%
                11.9      0.01%
                12.0      0.01%
                12.1      0.01%
                12.2      0.01%
                12.3      0.02%
                12.4      0.02%
                12.5      0.02%
                12.6      0.02%
                12.7      0.02%
                12.8      0.02%
                12.9      0.03%
                13.0      0.03%
                13.1      0.03%
                13.2      0.03%
                13.3      0.03%
                13.4      0.04%
                13.5      0.04%
                13.6      0.04%
                13.7      0.04%
                13.8      0.04%
                13.9      0.04%
                14.0      0.04%
                14.1      0.04%
                14.2      0.04%
                14.3      0.04%
                14.4      0.04%
                14.5      0.04%
                14.6      0.04%
                14.7      0.04%
                14.8      0.04%
                14.9      0.04%
                15.0      0.04%
                15.1      0.04%
                15.2      0.04%
                15.3      0.04%
                15.4      0.04%
                15.5      0.04%
                15.6      0.04%
                15.7      0.04%
                15.8      0.04%
                15.9      0.04%
                16.0      0.04%
                16.1      0.04%
                16.2      0.04%
                16.3      0.04%
                16.4      0.04%
                16.5      0.04%
                16.6      0.04%
                16.7      0.04%
                16.8      0.04%
                16.9      0.04%
                17.0      0.04%
                17.1      0.04%
                17.2      0.04%
                17.3      0.04%
                17.4      0.04%
                17.5      0.04%
                17.6      0.05%
                17.7      0.05%
                17.8      0.05%
                17.9      0.05%
                18.0      0.05%
                18.1      0.05%
                18.2      0.05%
                18.3      0.05%
                18.4      0.05%
                18.5      0.05%
                18.6      0.05%
                18.7      0.05%
                18.8      0.05%
                18.9      0.05%
                19.0      0.05%
                19.1      0.05%
                19.2      0.05%
                19.3      0.05%
                19.4      0.05%
                19.5      0.05%
                19.6      0.05%
                19.7      0.05%
                19.8      0.05%
                19.9      0.06%
                20.0      0.06%
                20.1      0.06%
                20.2      0.06%
                20.3      0.06%
                20.4      0.06%
                20.5      0.06%
                20.6      0.06%
                20.7      0.06%
                20.8      0.06%
                20.9      0.06%
                21.0      0.06%
                21.1      0.06%
                21.2      0.06%
                21.3      0.06%
                21.4      0.06%
                21.5      0.06%
                21.6      0.06%
                21.7      0.06%
                21.8      0.07%
                21.9      0.07%
                22.0      0.07%
                22.1      0.07%
                22.2      0.07%
                22.3      0.07%
                22.4      0.07%
                22.5      0.07%
                22.6      0.08%
                22.7      0.08%
                22.8      0.08%
                22.9      0.08%
                23.0      0.08%
                23.1      0.08%
                23.2      0.08%
                23.3      0.09%
                23.4      0.09%
                23.5      0.09%
                23.6      0.09%
                23.7      0.10%
                23.8      0.10%
                23.9      0.11%
                24.0      0.11%
                24.1      0.13%
                24.2      0.14%
                24.3      0.15%
                24.4      0.16%
                24.5      0.17%
                24.6      0.18%
                24.7      0.20%
                24.8      0.21%
                24.9      0.23%
                25.0      0.25%
                25.1      0.27%
                25.2      0.28%
                25.3      0.30%
                25.4      0.31%
                25.5      0.32%
                25.6      0.33%
                25.7      0.34%
                25.8      0.35%
                25.9      0.36%
                26.0      0.36%
                26.1      0.37%
                26.2      0.37%
                26.3      0.38%
                26.4      0.38%
                26.5      0.38%
                26.6      0.39%
                26.7      0.39%
                26.8      0.40%
                26.9      0.40%
                27.0      0.40%
                27.1      0.40%
                27.2      0.41%
                27.3      0.41%
                27.4      0.41%
                27.5      0.41%
                27.6      0.42%
                27.7      0.42%
                27.8      0.42%
                27.9      0.42%
                28.0      0.43%
                28.1      0.43%
                28.2      0.44%
                28.3      0.44%
                28.4      0.45%
                28.5      0.45%
                28.6      0.45%
                28.7      0.46%
                28.8      0.47%
                28.9      0.47%
                29.0      0.47%
                29.1      0.47%
                29.2      0.48%
                29.3      0.48%
                29.4      0.48%
                29.5      0.49%
                29.6      0.49%
                29.7      0.50%
                29.8      0.50%
                29.9      0.50%
                30.0      0.50%
                30.1      0.50%
                30.2      0.51%
                30.3      0.51%
                30.4      0.51%
                30.5      0.52%
                30.6      0.52%
                30.7      0.52%
                30.8      0.53%
                30.9      0.53%
                31.0      0.53%
                31.1      0.53%
                31.2      0.54%
                31.3      0.54%
                31.4      0.54%
                31.5      0.54%
                31.6      0.54%
                31.7      0.55%
                31.8      0.55%
                31.9      0.55%
                32.0      0.56%
                32.1      0.56%
                32.2      0.56%
                32.3      0.57%
                32.4      0.57%
                32.5      0.57%
                32.6      0.58%
                32.7      0.59%
                32.8      0.60%
                32.9      0.61%
                33.0      0.62%
                33.1      0.65%
                33.2      0.67%
                33.3      0.69%
                33.4      0.73%
                33.5      0.76%
                33.6      0.79%
                33.7      0.85%
                33.8      0.90%
                33.9      0.97%
                34.0      1.04%
                34.1      1.12%
                34.2      1.22%
                34.3      1.33%
                34.4      1.45%
                34.5      1.59%
                34.6      1.74%
                34.7      1.92%
                34.8      2.14%
                34.9      2.37%
                35.0      2.62%
                35.1      2.90%
                35.2      3.24%
                35.3      3.63%
                35.4      4.04%
                35.5      4.50%
                35.6      4.97%
                35.7      5.45%
                35.8      6.00%
                35.9      6.61%
                36.0      7.23%
                36.1      7.88%
                36.2      8.54%
                36.3      9.28%
                36.4     10.05%
                36.5     10.89%
                36.6     11.77%
                36.7     12.71%
                36.8     13.69%
                36.9     14.65%
                37.0     15.68%
                37.1     16.75%
                37.2     17.91%
                37.3     19.14%
                37.4     20.31%
                37.5     21.59%
                37.6     22.79%
                37.7     24.07%
                37.8     25.36%
                37.9     26.74%
                38.0     28.09%
                38.1     29.47%
                38.2     30.88%
                38.3     32.33%
                38.4     33.76%
                38.5     35.10%
                38.6     36.49%
                38.7     37.85%
                38.8     39.21%
                38.9     40.55%
                39.0     41.92%
                39.1     43.25%
                39.2     44.58%
                39.3     45.89%
                39.4     47.17%
                39.5     48.47%
                39.6     49.72%
                39.7     51.02%
                39.8     52.29%
                39.9     53.52%
                40.0     54.76%
                40.1     55.94%
                40.2     57.05%
                40.3     58.20%
                40.4     59.28%
                40.5     60.38%
                40.6     61.49%
                40.7     62.52%
                40.8     63.55%
                40.9     64.59%
                41.0     65.52%
                41.1     66.40%
                41.2     67.27%
                41.3     68.14%
                41.4     69.00%
                41.5     69.82%
                41.6     70.65%
                41.7     71.42%
                41.8     72.18%
                41.9     72.89%
                42.0     73.61%
                42.1     74.29%
                42.2     74.97%
                42.3     75.66%
                42.4     76.30%
                42.5     76.96%
                42.6     77.56%
                42.7     78.14%
                42.8     78.69%
                42.9     79.25%
                43.0     79.82%
                43.1     80.34%
                43.2     80.83%
                43.3     81.32%
                43.4     81.78%
                43.5     82.23%
                43.6     82.67%
                43.7     83.10%
                43.8     83.55%
                43.9     83.94%
                44.0     84.34%
                44.1     84.70%
                44.2     85.06%
                44.3     85.40%
                44.4     85.73%
                44.5     86.05%
                44.6     86.36%
                44.7     86.68%
                44.8     86.98%
                44.9     87.28%
                45.0     87.58%
                45.1     87.86%
                45.2     88.12%
                45.3     88.38%
                45.4     88.66%
                45.5     88.95%
                45.6     89.20%
                45.7     89.45%
                45.8     89.70%
                45.9     89.94%
                46.0     90.21%
                46.1     90.46%
                46.2     90.69%
                46.3     90.93%
                46.4     91.16%
                46.5     91.40%
                46.6     91.63%
                46.7     91.83%
                46.8     92.04%
                46.9     92.25%
                47.0     92.45%
                47.1     92.66%
                47.2     92.87%
                47.3     93.04%
                47.4     93.22%
                47.5     93.38%
                47.6     93.55%
                47.7     93.72%
                47.8     93.89%
                47.9     94.06%
                48.0     94.20%
                48.1     94.36%
                48.2     94.51%
                48.3     94.65%
                48.4     94.78%
                48.5     94.91%
                48.6     95.03%
                48.7     95.14%
                48.8     95.26%
                48.9     95.36%
                49.0     95.46%
                49.1     95.54%
                49.2     95.62%
                49.3     95.71%
                49.4     95.80%
                49.5     95.88%
                49.6     95.97%
                49.7     96.06%
                49.8     96.15%
                49.9     96.24%
                50.0     96.32%
                50.1     96.39%
                50.2     96.46%
                50.3     96.54%
                50.4     96.62%
                50.5     96.69%
                50.6     96.78%
                50.7     96.85%
                50.8     96.92%
                50.9     97.00%
                51.0     97.07%
                51.1     97.14%
                51.2     97.21%
                51.3     97.27%
                51.4     97.32%
                51.5     97.38%
                51.6     97.44%
                51.7     97.49%
                51.8     97.55%
                51.9     97.60%
                52.0     97.65%
                52.1     97.70%
                52.2     97.75%
                52.3     97.80%
                52.4     97.84%
                52.5     97.90%
                52.6     97.96%
                52.7     98.00%
                52.8     98.04%
                52.9     98.07%
                53.0     98.12%
                53.1     98.16%
                53.2     98.20%
                53.3     98.24%
                53.4     98.29%
                53.5     98.33%
                53.6     98.37%
                53.7     98.41%
                53.8     98.44%
                53.9     98.48%
                54.0     98.52%
                54.1     98.55%
                54.2     98.59%
                54.3     98.63%
                54.4     98.65%
                54.5     98.67%
                54.6     98.69%
                54.7     98.72%
                54.8     98.74%
                54.9     98.76%
                55.0     98.79%
                55.1     98.81%
                55.2     98.83%
                55.3     98.84%
                55.4     98.86%
                55.5     98.89%
                55.6     98.91%
                55.7     98.93%
                55.8     98.96%
                55.9     98.98%
                56.0     99.00%
                56.1     99.02%
                56.2     99.04%
                56.3     99.06%
                56.4     99.08%
                56.5     99.09%
                56.6     99.11%
                56.7     99.13%
                56.8     99.14%
                56.9     99.15%
                57.0     99.16%
                57.1     99.17%
                57.2     99.18%
                57.3     99.20%
                57.4     99.21%
                57.5     99.22%
                57.6     99.23%
                57.7     99.25%
                57.8     99.26%
                57.9     99.27%
                58.0     99.28%
                58.1     99.28%
                58.2     99.29%
                58.3     99.30%
                58.4     99.31%
                58.5     99.31%
                58.6     99.32%
                58.7     99.32%
                58.8     99.33%
                58.9     99.34%
                59.0     99.35%
                59.1     99.35%
                59.2     99.36%
                59.3     99.37%
                59.4     99.38%
                59.5     99.38%
                59.6     99.39%
                59.7     99.40%
                59.8     99.41%
                59.9     99.43%
                60.0     99.44%
                60.1     99.44%
                60.2     99.44%
                60.3     99.45%
                60.4     99.46%
                60.5     99.47%
                60.6     99.47%
                60.7     99.48%
                60.8     99.48%
                60.9     99.49%
                61.0     99.50%
                61.1     99.51%
                61.2     99.52%
                61.3     99.53%
                61.4     99.53%
                61.5     99.54%
                61.6     99.55%
                61.7     99.56%
                61.8     99.57%
                61.9     99.58%
                62.0     99.59%
                62.1     99.59%
                62.2     99.60%
                62.3     99.60%
                62.4     99.60%
                62.5     99.61%
                62.6     99.61%
                62.7     99.62%
                62.8     99.63%
                62.9     99.63%
                63.0     99.63%
                63.1     99.64%
                63.2     99.64%
                63.3     99.64%
                63.4     99.65%
                63.5     99.65%
                63.6     99.66%
                63.7     99.66%
                63.8     99.67%
                63.9     99.67%
                64.0     99.67%
                64.1     99.67%
                64.2     99.68%
                64.3     99.68%
                64.4     99.68%
                64.5     99.68%
                64.6     99.68%
                64.7     99.68%
                64.8     99.69%
                64.9     99.69%
                65.0     99.69%
                65.1     99.69%
                65.2     99.70%
                65.3     99.70%
                65.4     99.70%
                65.5     99.70%
                65.6     99.70%
                65.7     99.71%
                65.8     99.71%
                65.9     99.71%
                66.0     99.71%
                66.1     99.71%
                66.2     99.72%
                66.3     99.72%
                66.4     99.73%
                66.5     99.73%
                66.6     99.73%
                66.7     99.73%
                66.8     99.73%
                66.9     99.74%
                67.0     99.74%
                67.1     99.74%
                67.2     99.74%
                67.3     99.74%
                67.4     99.74%
                67.5     99.74%
                67.6     99.74%
                67.7     99.75%
                67.8     99.75%
                67.9     99.75%
                68.0     99.75%
                68.1     99.75%
                68.2     99.75%
                68.3     99.76%
                68.4     99.76%
                68.5     99.76%
                68.6     99.76%
                68.7     99.76%
                68.8     99.76%
                68.9     99.77%
                69.0     99.77%
                69.1     99.77%
                69.2     99.77%
                69.3     99.77%
                69.4     99.77%
                69.5     99.78%
                69.6     99.78%
                69.7     99.79%
                69.8     99.79%
                69.9     99.79%
                70.0     99.79%
                70.1     99.79%
                70.2     99.80%
                70.3     99.80%
                70.4     99.80%
                70.5     99.80%
                70.6     99.81%
                70.7     99.81%
                70.8     99.81%
                70.9     99.81%
                71.0     99.82%
                71.1     99.82%
                71.2     99.82%
                71.3     99.82%
                71.4     99.82%
                71.5     99.83%
                71.6     99.83%
                71.7     99.83%
                71.8     99.84%
                71.9     99.84%
                72.0     99.84%
                72.1     99.84%
                72.2     99.84%
                72.3     99.85%
                72.4     99.85%
                72.5     99.85%
                72.6     99.85%
                72.7     99.85%
                72.8     99.85%
                72.9     99.86%
                73.0     99.86%
                73.1     99.86%
                73.2     99.86%
                73.3     99.86%
                73.4     99.86%
                73.5     99.87%
                73.6     99.87%
                73.7     99.87%
                73.8     99.87%
                73.9     99.87%
                74.0     99.88%
                74.1     99.88%
                74.2     99.88%
                74.3     99.88%
                74.4     99.88%
                74.5     99.88%
                74.6     99.88%
                74.7     99.88%
                74.8     99.89%
                74.9     99.89%
                75.0     99.89%
                75.1     99.90%
                75.2     99.90%
                75.3     99.90%
                75.4     99.90%
                75.5     99.90%
                75.6     99.90%
                75.7     99.90%
                75.8     99.90%
                75.9     99.90%
                76.0     99.90%
                76.1     99.91%
                76.2     99.91%
                76.3     99.91%
                76.4     99.91%
                76.5     99.92%
                76.6     99.92%
                76.7     99.92%
                76.8     99.92%
                76.9     99.92%
                77.0     99.92%
                77.1     99.92%
                77.2     99.92%
                77.3     99.92%
                77.4     99.92%
                77.5     99.92%
                77.6     99.93%
                77.7     99.93%
                77.8     99.93%
                77.9     99.93%
                78.0     99.93%
                78.1     99.93%
                78.2     99.93%
                78.3     99.93%
                78.4     99.93%
                78.5     99.93%
                78.6     99.93%
                78.7     99.93%
                78.8     99.93%
                78.9     99.93%
                79.0     99.93%
                79.1     99.93%
                79.2     99.93%
                79.3     99.93%
                79.4     99.93%
                79.5     99.93%
                79.6     99.93%
                79.7     99.93%
                79.8     99.93%
                79.9     99.93%
                80.0     99.93%
                80.1     99.93%
                80.2     99.93%
                80.3     99.93%
                80.4     99.93%
                80.5     99.93%
                80.6     99.93%
                80.7     99.93%
                80.8     99.93%
                80.9     99.93%
                81.0     99.93%
                81.1     99.93%
                81.2     99.93%
                81.3     99.93%
                81.4     99.93%
                81.5     99.93%
                81.6     99.93%
                81.7     99.93%
                81.8     99.93%
                81.9     99.93%
                82.0     99.93%
                82.1     99.93%
                82.2     99.93%
                82.3     99.93%
                82.4     99.93%
                82.5     99.93%
                82.6     99.93%
                82.7     99.93%
                82.8     99.93%
                82.9     99.93%
                83.0     99.93%
                83.1     99.93%
                83.2     99.93%
                83.3     99.93%
                83.4     99.93%
                83.5     99.93%
                83.6     99.94%
                83.7     99.94%
                83.8     99.94%
                83.9     99.94%
                84.0     99.94%
                84.1     99.94%
                84.2     99.94%
                84.3     99.94%
                84.4     99.94%
                84.5     99.94%
                84.6     99.94%
                84.7     99.94%
                84.8     99.94%
                84.9     99.94%
                85.0     99.94%
                85.1     99.94%
                85.2     99.94%
                85.3     99.94%
                85.4     99.94%
                85.5     99.94%
                85.6     99.94%
                85.7     99.94%
                85.8     99.94%
                85.9     99.95%
                86.0     99.95%
                86.1     99.95%
                86.2     99.95%
                86.3     99.95%
                86.4     99.95%
                86.5     99.95%
                86.6     99.95%
                86.7     99.95%
                86.8     99.95%
                86.9     99.95%
                87.0     99.95%
                87.1     99.95%
                87.2     99.95%
                87.3     99.95%
                87.4     99.95%
                87.5     99.95%
                87.6     99.95%
                87.7     99.95%
                87.8     99.95%
                87.9     99.95%
                88.0     99.95%
                88.1     99.95%
                88.2     99.95%
                88.3     99.95%
                88.4     99.95%
                88.5     99.95%
                88.6     99.95%
                88.7     99.95%
                88.8     99.95%
                88.9     99.95%
                89.0     99.95%
                89.1     99.95%
                89.2     99.95%
                89.3     99.95%
                89.4     99.95%
                89.5     99.95%
                89.6     99.95%
                89.7     99.95%
                89.8     99.95%
                89.9     99.95%
                90.0     99.95%
                90.1     99.95%
                90.2     99.95%
                90.3     99.95%
                90.4     99.95%
                90.5     99.95%
                90.6     99.95%
                90.7     99.95%
                90.8     99.95%
                90.9     99.95%
                91.0     99.95%
                91.1     99.95%
                91.2     99.95%
                91.3     99.95%
                91.4     99.95%
                91.5     99.95%
                91.6     99.95%
                91.7     99.95%
                91.8     99.95%
                91.9     99.95%
                92.0     99.95%
                92.1     99.95%
                92.2     99.95%
                92.3     99.95%
                92.4     99.95%
                92.5     99.95%
                92.6     99.95%
                92.7     99.95%
                92.8     99.95%
                92.9     99.95%
                93.0     99.95%
                93.1     99.95%
                93.2     99.95%
                93.3     99.95%
                93.4     99.95%
                93.5     99.95%
                93.6     99.95%
                93.7     99.95%
                93.8     99.95%
                93.9     99.95%
                94.0     99.95%
                94.1     99.95%
                94.2     99.95%
                94.3     99.95%
                94.4     99.95%
                94.5     99.95%
                94.6     99.95%
                94.7     99.95%
                94.8     99.95%
                94.9     99.95%
                95.0     99.95%
                95.1     99.95%
                95.2     99.95%
                95.3     99.95%
                95.4     99.95%
                95.5     99.95%
                95.6     99.95%
                95.7     99.95%
                95.8     99.95%
                95.9     99.95%
                96.0     99.95%
                96.1     99.95%
                96.2     99.95%
                96.3     99.95%
                96.4     99.95%
                96.5     99.95%
                96.6     99.95%
                96.7     99.95%
                96.8     99.95%
                96.9     99.95%
                97.0     99.95%
                97.1     99.95%
                97.2     99.95%
                97.3     99.95%
                97.4     99.95%
                97.5     99.95%
                97.6     99.95%
                97.7     99.95%
                97.8     99.95%
                97.9     99.95%
                98.0     99.95%
                98.1     99.95%
                98.2     99.95%
                98.3     99.95%
                98.4     99.95%
                98.5     99.95%
                98.6     99.95%
                98.7     99.95%
                98.8     99.95%
                98.9     99.95%
                99.0     99.95%
                99.1     99.95%
                99.2     99.95%
                99.3     99.96%
                99.4     99.96%
                99.5     99.96%
                99.6     99.96%
                99.7     99.96%
                99.8     99.96%
                99.9     99.96%
               100.0     99.97%
               100.1     99.97%
               100.2     99.97%
               100.3     99.97%
               100.4     99.97%
               100.5     99.97%
               100.6     99.97%
               100.7     99.97%
               100.8     99.97%
               100.9     99.97%
               101.0     99.97%
               101.1     99.97%
               101.2     99.97%
               101.3     99.97%
               101.4     99.97%
               101.5     99.97%
               101.6     99.97%
               101.7     99.97%
               101.8     99.97%
               101.9     99.98%
               102.0     99.98%
               102.1     99.98%
               102.2     99.98%
               102.3     99.98%
               102.4     99.98%
               102.5     99.98%
               102.6     99.98%
               102.7     99.98%
               102.8     99.98%
               102.9     99.98%
               103.0     99.98%
               103.1     99.98%
               103.2     99.98%
               103.3     99.98%
               103.4     99.98%
               103.5     99.99%
               103.6     99.99%
               103.7     99.99%
               103.8     99.99%
               103.9     99.99%
               104.0     99.99%
               104.1     99.99%
               104.2     99.99%
               104.3     99.99%
               104.4     99.99%
               104.5     99.99%
               104.6     99.99%
               104.7     99.99%
               104.8     99.99%
               104.9     99.99%
               105.0     99.99%
               105.1     99.99%
               105.2     99.99%
               105.3    100.00%
               105.4    100.00%
               105.5    100.00%
               105.6    100.00%
               105.7    100.00%
               105.8    100.00%
               105.9    100.00%
               106.0    100.00%
               106.1    100.00%
               106.2    100.00%

