Threads: 8, Sharded reads: false, Number of Memcached servers: 3.

All measures in microseconds.
  SETS   GETS  MGETS   INVLD    TOT   HITS     RSP T      Q T     SVR T  Q LEN
 27945      0      0       0  27945  27945  19453.71 17071.71   2359.02     57
  3375      0      0       0   3375   3375  20492.16 18136.40   2339.18     64
  3308      0      0       0   3308   3308  20653.15 18272.03   2362.51     58
  3006      0      0       0   3006   3006  22610.97 20005.03   2581.17     60
  3370      0      0       0   3370   3370  20177.62 17850.95   2310.15     58
  3359      0      0       0   3359   3359  20417.42 18074.47   2326.08     56
  3542      0      0       0   3542   3542  19212.35 16999.11   2195.44     56
  3329      0      0       0   3329   3329  20480.78 18120.59   2342.98     64
  3189      0      0       0   3189   3189  21484.86 19014.74   2451.43     57
  3421      0      0       0   3421   3421  19991.58 17691.75   2282.33     56
  3392      0      0       0   3392   3392  20140.31 17822.63   2300.34     64
  3397      0      0       0   3397   3397  20115.15 17805.21   2293.05     56
  3556      0      0       0   3556   3556  19079.98 16878.72   2184.31     64
  3405      0      0       0   3405   3405  20146.71 17834.92   2294.02     58
  3397      0      0       0   3397   3397  20007.58 17701.59   2288.18     64
  3383      0      0       0   3383   3383  20195.17 17868.73   2308.02     62
  3409      0      0       0   3409   3409  19886.87 17588.78   2271.36     57
  3377      0      0       0   3377   3377  20055.77 17728.61   2304.00     62
  3334      0      0       0   3334   3334  20504.01 18143.52   2342.12     64
  3348      0      0       0   3348   3348  20346.27 18003.43   2326.10     64
  3525      0      0       0   3525   3525  19437.49 17204.78   2215.94     58
  3357      0      0       0   3357   3357  20295.30 17959.82   2317.37     56
  3476      0      0       0   3476   3476  19528.48 17274.81   2236.64     58
  3305      0      0       0   3305   3305  20286.89 17907.79   2360.82     64
  3398      0      0       0   3398   3398  20448.59 18133.64   2297.29     62
  3471      0      0       0   3471   3471  19683.38 17417.23   2249.86     64
  3487      0      0       0   3487   3487  19561.47 17304.03   2240.57     63
  3410      0      0       0   3410   3410  20046.03 17737.17   2290.00     57
  3475      0      0       0   3475   3475  19654.61 17392.02   2243.64     64
  3250      0      0       0   3250   3250  20963.29 18550.49   2395.16     61
  3437      0      0       0   3437   3437  19942.26 17645.57   2278.94     60
  3208      0      0       0   3208   3208  21335.23 18881.93   2434.13     59
  3421      0      0       0   3421   3421  19922.12 17621.98   2281.89     64
  3526      0      0       0   3526   3526  19382.68 17151.98   2211.94     62
  3455      0      0       0   3455   3455  19808.44 17530.58   2260.96     62
  3447      0      0       0   3447   3447  19744.05 17462.14   2263.79     64
  3455      0      0       0   3455   3455  19625.02 17356.38   2249.06     64
  3514      0      0       0   3514   3514  19410.11 17172.97   2219.72     64
  3606      0      0       0   3606   3606  18981.08 16797.42   2165.70     62
  3621      0      0       0   3621   3621  18789.81 16623.82   2146.46     59
  3411      0      0       0   3411   3411  20068.83 17754.31   2295.08     59
  3532      0      0       0   3532   3532  19296.99 17068.38   2210.59     56
  3464      0      0       0   3464   3464  19666.08 17406.39   2242.17     64
  3412      0      0       0   3412   3412  20138.73 17822.59   2297.66     64
  3435      0      0       0   3435   3435  19899.75 17609.36   2271.73     61
  3296      0      0       0   3296   3296  20763.37 18375.41   2360.54     61
  3535      0      0       0   3535   3535  19109.37 16892.92   2199.33     64
  3186      0      0       0   3186   3186  21380.76 18920.49   2443.05     59
  3204      0      0       0   3204   3204  21204.08 18756.50   2429.63     56
  3408      0      0       0   3408   3408  19924.31 17618.00   2289.77     64
  3441      0      0       0   3441   3441  19844.60 17558.35   2268.00     62
  3470      0      0       0   3470   3470  19626.35 17358.13   2247.11     64
  3601      0      0       0   3601   3601  18816.79 16640.00   2159.90     60
  3557      0      0       0   3557   3557  18997.45 16787.26   2192.95     64
  3361      0      0       0   3361   3361  20454.59 18119.16   2317.82     58
  3369      0      0       0   3369   3369  20335.07 17992.52   2322.51     60
  3392      0      0       0   3392   3392  20077.81 17758.62   2302.76     64
  3423      0      0       0   3423   3423  19947.36 17647.99   2281.38     63
  3389      0      0       0   3389   3389  20105.44 17784.77   2303.03     64
  3467      0      0       0   3467   3467  19659.99 17388.32   2254.59     59
  3375      0      0       0   3375   3375  20394.07 18057.65   2317.76     64
  3303      0      0       0   3303   3303  20715.42 18330.98   2365.86     60
  3553      0      0       0   3553   3553  19189.14 16974.12   2197.73     55
  3449      0      0       0   3449   3449  19782.85 17500.72   2265.40     57
  3401      0      0       0   3401   3401  19901.32 17609.78   2274.92     64
  3505      0      0       0   3505   3505  19564.47 17300.98   2246.12     62
  3477      0      0       0   3477   3477  19428.73 17179.96   2231.71     64
  3533      0      0       0   3533   3533  19447.66 17206.55   2223.93     64
  3479      0      0       0   3479   3479  19556.47 17294.28   2245.23     60
  3452      0      0       0   3452   3452  19817.70 17540.54   2261.04     64
  3413      0      0       0   3413   3413  20050.87 17730.90   2300.13     62
  3393      0      0       0   3393   3393  20142.75 17819.61   2305.03     64
  3420      0      0       0   3420   3420  19890.20 17588.54   2283.53     61
  3400      0      0       0   3400   3400  20067.94 17752.85   2297.13     56
  3376      0      0       0   3376   3376  20221.36 17895.28   2307.39     64
  3456      0      0       0   3456   3456  19848.28 17560.42   2267.79     64
  3323      0      0       0   3323   3323  20461.69 18094.81   2347.06     64
  3272      0      0       0   3272   3272  20890.85 18485.43   2387.41     56
  3410      0      0       0   3410   3410  20013.62 17695.79   2299.67     56
  3208      0      0       0   3208   3208  21226.31 18786.52   2421.24     64
  3413      0      0       0   3413   3413  20039.40 17725.01   2297.77     63
  3475      0      0       0   3475   3475  18638.37 16383.47   2236.65     40
  2049      0      0       0   2049   2049  11793.63  9266.76   2502.54      0
     0      0      0       0      0      0       NaN      NaN       NaN      0
     0      0      0       0      0      0       NaN      NaN       NaN      0
     0      0      0       0      0      0       NaN      NaN       NaN      0
     0      0      0       0      0      0       NaN      NaN       NaN      0
     0      0      0       0      0      0       NaN      NaN       NaN      0
================================================================================
ALL STATS (timing measures are in microseconds)
WORKER 0:
Type     |Total    |Ops/sec  |Hits/sec |Miss/Sec |Resp Time|Proc Time|Srvr Time
SET      |    38218|   419.98|   419.98|     0.00| 19896.90|  2317.89|  2299.21
GET      |        0|     0.00|     0.00|     0.00|      NaN|      NaN|      NaN
MULTIGET |        0|     0.00|     0.00|     0.00|      NaN|      NaN|      NaN
INVALID  |        0|     0.00|      ---|      ---|      NaN|      NaN|      ---
Average mutliget length: NaN
================================================================================
WORKER 1:
Type     |Total    |Ops/sec  |Hits/sec |Miss/Sec |Resp Time|Proc Time|Srvr Time
SET      |    38260|   420.44|   420.44|     0.00| 19886.98|  2315.65|  2297.10
GET      |        0|     0.00|     0.00|     0.00|      NaN|      NaN|      NaN
MULTIGET |        0|     0.00|     0.00|     0.00|      NaN|      NaN|      NaN
INVALID  |        0|     0.00|      ---|      ---|      NaN|      NaN|      ---
Average mutliget length: NaN
================================================================================
WORKER 2:
Type     |Total    |Ops/sec  |Hits/sec |Miss/Sec |Resp Time|Proc Time|Srvr Time
SET      |    38296|   420.84|   420.84|     0.00| 19880.10|  2313.48|  2294.92
GET      |        0|     0.00|     0.00|     0.00|      NaN|      NaN|      NaN
MULTIGET |        0|     0.00|     0.00|     0.00|      NaN|      NaN|      NaN
INVALID  |        0|     0.00|      ---|      ---|      NaN|      NaN|      ---
Average mutliget length: NaN
================================================================================
WORKER 3:
Type     |Total    |Ops/sec  |Hits/sec |Miss/Sec |Resp Time|Proc Time|Srvr Time
SET      |    38281|   420.67|   420.67|     0.00| 19881.70|  2314.53|  2295.56
GET      |        0|     0.00|     0.00|     0.00|      NaN|      NaN|      NaN
MULTIGET |        0|     0.00|     0.00|     0.00|      NaN|      NaN|      NaN
INVALID  |        0|     0.00|      ---|      ---|      NaN|      NaN|      ---
Average mutliget length: NaN
================================================================================
WORKER 4:
Type     |Total    |Ops/sec  |Hits/sec |Miss/Sec |Resp Time|Proc Time|Srvr Time
SET      |    38237|   420.19|   420.19|     0.00| 19915.81|  2317.07|  2297.77
GET      |        0|     0.00|     0.00|     0.00|      NaN|      NaN|      NaN
MULTIGET |        0|     0.00|     0.00|     0.00|      NaN|      NaN|      NaN
INVALID  |        0|     0.00|      ---|      ---|      NaN|      NaN|      ---
Average mutliget length: NaN
================================================================================
WORKER 5:
Type     |Total    |Ops/sec  |Hits/sec |Miss/Sec |Resp Time|Proc Time|Srvr Time
SET      |    38267|   420.52|   420.52|     0.00| 19903.66|  2315.35|  2296.71
GET      |        0|     0.00|     0.00|     0.00|      NaN|      NaN|      NaN
MULTIGET |        0|     0.00|     0.00|     0.00|      NaN|      NaN|      NaN
INVALID  |        0|     0.00|      ---|      ---|      NaN|      NaN|      ---
Average mutliget length: NaN
================================================================================
WORKER 6:
Type     |Total    |Ops/sec  |Hits/sec |Miss/Sec |Resp Time|Proc Time|Srvr Time
SET      |    38337|   421.29|   421.29|     0.00| 19885.98|  2311.12|  2292.62
GET      |        0|     0.00|     0.00|     0.00|      NaN|      NaN|      NaN
MULTIGET |        0|     0.00|     0.00|     0.00|      NaN|      NaN|      NaN
INVALID  |        0|     0.00|      ---|      ---|      NaN|      NaN|      ---
Average mutliget length: NaN
================================================================================
WORKER 7:
Type     |Total    |Ops/sec  |Hits/sec |Miss/Sec |Resp Time|Proc Time|Srvr Time
SET      |    38278|   420.64|   420.64|     0.00| 19900.15|  2314.63|  2296.21
GET      |        0|     0.00|     0.00|     0.00|      NaN|      NaN|      NaN
MULTIGET |        0|     0.00|     0.00|     0.00|      NaN|      NaN|      NaN
INVALID  |        0|     0.00|      ---|      ---|      NaN|      NaN|      ---
Average mutliget length: NaN
================================================================================
================================================================================

AGGREGATE FOR ALL WORKERS:
Type     |Total    |Ops/sec  |Hits/sec |Miss/Sec |Resp Time|Proc Time|Srvr Time
SET      |   306174|  3364.55|  3364.55|     0.00| 19893.90|  2314.96|  2296.26
GET      |        0|     0.00|     0.00|     0.00|      NaN|      NaN|      NaN
MULTIGET |        0|     0.00|     0.00|     0.00|      NaN|      NaN|      NaN
INVALID  |        0|     0.00|      ---|      ---|      NaN|      NaN|      ---
Average mutliget length: NaN


 HISTOGRAM
  Response time (ms)   Percent
                 0.1      0.00%
                 0.2      0.00%
                 0.3      0.00%
                 0.4      0.00%
                 0.5      0.00%
                 0.6      0.00%
                 0.7      0.00%
                 0.8      0.00%
                 0.9      0.00%
                 1.0      0.00%
                 1.1      0.00%
                 1.2      0.00%
                 1.3      0.00%
                 1.4      0.00%
                 1.5      0.00%
                 1.6      0.00%
                 1.7      0.00%
                 1.8      0.00%
                 1.9      0.00%
                 2.0      0.00%
                 2.1      0.00%
                 2.2      0.00%
                 2.3      0.00%
                 2.4      0.00%
                 2.5      0.00%
                 2.6      0.00%
                 2.7      0.00%
                 2.8      0.00%
                 2.9      0.00%
                 3.0      0.00%
                 3.1      0.00%
                 3.2      0.00%
                 3.3      0.00%
                 3.4      0.00%
                 3.5      0.00%
                 3.6      0.00%
                 3.7      0.00%
                 3.8      0.00%
                 3.9      0.00%
                 4.0      0.00%
                 4.1      0.00%
                 4.2      0.00%
                 4.3      0.00%
                 4.4      0.00%
                 4.5      0.00%
                 4.6      0.00%
                 4.7      0.00%
                 4.8      0.00%
                 4.9      0.01%
                 5.0      0.01%
                 5.1      0.02%
                 5.2      0.02%
                 5.3      0.03%
                 5.4      0.03%
                 5.5      0.04%
                 5.6      0.05%
                 5.7      0.06%
                 5.8      0.06%
                 5.9      0.07%
                 6.0      0.07%
                 6.1      0.08%
                 6.2      0.09%
                 6.3      0.09%
                 6.4      0.10%
                 6.5      0.11%
                 6.6      0.12%
                 6.7      0.13%
                 6.8      0.14%
                 6.9      0.14%
                 7.0      0.15%
                 7.1      0.15%
                 7.2      0.15%
                 7.3      0.16%
                 7.4      0.16%
                 7.5      0.16%
                 7.6      0.16%
                 7.7      0.16%
                 7.8      0.16%
                 7.9      0.16%
                 8.0      0.16%
                 8.1      0.17%
                 8.2      0.17%
                 8.3      0.17%
                 8.4      0.17%
                 8.5      0.18%
                 8.6      0.18%
                 8.7      0.19%
                 8.8      0.19%
                 8.9      0.19%
                 9.0      0.19%
                 9.1      0.19%
                 9.2      0.19%
                 9.3      0.19%
                 9.4      0.19%
                 9.5      0.19%
                 9.6      0.20%
                 9.7      0.20%
                 9.8      0.20%
                 9.9      0.20%
                10.0      0.20%
                10.1      0.20%
                10.2      0.20%
                10.3      0.20%
                10.4      0.20%
                10.5      0.20%
                10.6      0.21%
                10.7      0.21%
                10.8      0.21%
                10.9      0.22%
                11.0      0.22%
                11.1      0.23%
                11.2      0.24%
                11.3      0.25%
                11.4      0.27%
                11.5      0.28%
                11.6      0.30%
                11.7      0.32%
                11.8      0.35%
                11.9      0.36%
                12.0      0.38%
                12.1      0.41%
                12.2      0.44%
                12.3      0.45%
                12.4      0.47%
                12.5      0.49%
                12.6      0.51%
                12.7      0.53%
                12.8      0.54%
                12.9      0.55%
                13.0      0.56%
                13.1      0.58%
                13.2      0.59%
                13.3      0.60%
                13.4      0.62%
                13.5      0.63%
                13.6      0.65%
                13.7      0.66%
                13.8      0.68%
                13.9      0.69%
                14.0      0.70%
                14.1      0.71%
                14.2      0.72%
                14.3      0.73%
                14.4      0.75%
                14.5      0.76%
                14.6      0.77%
                14.7      0.78%
                14.8      0.79%
                14.9      0.80%
                15.0      0.81%
                15.1      0.83%
                15.2      0.86%
                15.3      0.89%
                15.4      0.91%
                15.5      0.94%
                15.6      0.98%
                15.7      1.02%
                15.8      1.07%
                15.9      1.14%
                16.0      1.22%
                16.1      1.30%
                16.2      1.40%
                16.3      1.54%
                16.4      1.69%
                16.5      1.87%
                16.6      2.08%
                16.7      2.32%
                16.8      2.63%
                16.9      3.00%
                17.0      3.43%
                17.1      3.93%
                17.2      4.61%
                17.3      5.41%
                17.4      6.39%
                17.5      7.58%
                17.6      8.84%
                17.7     10.20%
                17.8     11.73%
                17.9     13.39%
                18.0     15.31%
                18.1     17.39%
                18.2     19.59%
                18.3     21.74%
                18.4     24.05%
                18.5     26.48%
                18.6     28.93%
                18.7     31.49%
                18.8     34.02%
                18.9     36.51%
                19.0     39.04%
                19.1     41.62%
                19.2     44.11%
                19.3     46.45%
                19.4     48.77%
                19.5     51.04%
                19.6     53.24%
                19.7     55.41%
                19.8     57.49%
                19.9     59.55%
                20.0     61.48%
                20.1     63.32%
                20.2     65.00%
                20.3     66.66%
                20.4     68.23%
                20.5     69.70%
                20.6     71.17%
                20.7     72.51%
                20.8     73.82%
                20.9     75.08%
                21.0     76.27%
                21.1     77.39%
                21.2     78.44%
                21.3     79.44%
                21.4     80.39%
                21.5     81.33%
                21.6     82.23%
                21.7     83.07%
                21.8     83.81%
                21.9     84.54%
                22.0     85.23%
                22.1     85.87%
                22.2     86.50%
                22.3     87.12%
                22.4     87.73%
                22.5     88.30%
                22.6     88.83%
                22.7     89.34%
                22.8     89.82%
                22.9     90.28%
                23.0     90.73%
                23.1     91.17%
                23.2     91.55%
                23.3     91.92%
                23.4     92.26%
                23.5     92.61%
                23.6     92.92%
                23.7     93.19%
                23.8     93.48%
                23.9     93.76%
                24.0     94.00%
                24.1     94.24%
                24.2     94.47%
                24.3     94.71%
                24.4     94.93%
                24.5     95.14%
                24.6     95.33%
                24.7     95.53%
                24.8     95.72%
                24.9     95.88%
                25.0     96.05%
                25.1     96.23%
                25.2     96.39%
                25.3     96.55%
                25.4     96.70%
                25.5     96.85%
                25.6     97.01%
                25.7     97.16%
                25.8     97.31%
                25.9     97.44%
                26.0     97.56%
                26.1     97.70%
                26.2     97.79%
                26.3     97.91%
                26.4     98.01%
                26.5     98.11%
                26.6     98.18%
                26.7     98.26%
                26.8     98.34%
                26.9     98.40%
                27.0     98.48%
                27.1     98.55%
                27.2     98.61%
                27.3     98.66%
                27.4     98.71%
                27.5     98.77%
                27.6     98.82%
                27.7     98.87%
                27.8     98.90%
                27.9     98.95%
                28.0     98.99%
                28.1     99.03%
                28.2     99.07%
                28.3     99.10%
                28.4     99.12%
                28.5     99.14%
                28.6     99.17%
                28.7     99.19%
                28.8     99.21%
                28.9     99.23%
                29.0     99.25%
                29.1     99.27%
                29.2     99.29%
                29.3     99.30%
                29.4     99.33%
                29.5     99.35%
                29.6     99.37%
                29.7     99.39%
                29.8     99.41%
                29.9     99.43%
                30.0     99.44%
                30.1     99.46%
                30.2     99.47%
                30.3     99.48%
                30.4     99.49%
                30.5     99.50%
                30.6     99.50%
                30.7     99.51%
                30.8     99.52%
                30.9     99.53%
                31.0     99.54%
                31.1     99.54%
                31.2     99.55%
                31.3     99.55%
                31.4     99.56%
                31.5     99.57%
                31.6     99.59%
                31.7     99.60%
                31.8     99.61%
                31.9     99.62%
                32.0     99.63%
                32.1     99.64%
                32.2     99.65%
                32.3     99.66%
                32.4     99.66%
                32.5     99.67%
                32.6     99.67%
                32.7     99.68%
                32.8     99.69%
                32.9     99.69%
                33.0     99.70%
                33.1     99.70%
                33.2     99.71%
                33.3     99.71%
                33.4     99.72%
                33.5     99.73%
                33.6     99.74%
                33.7     99.74%
                33.8     99.75%
                33.9     99.75%
                34.0     99.76%
                34.1     99.77%
                34.2     99.77%
                34.3     99.78%
                34.4     99.78%
                34.5     99.78%
                34.6     99.79%
                34.7     99.79%
                34.8     99.80%
                34.9     99.80%
                35.0     99.81%
                35.1     99.81%
                35.2     99.81%
                35.3     99.82%
                35.4     99.82%
                35.5     99.82%
                35.6     99.82%
                35.7     99.82%
                35.8     99.82%
                35.9     99.83%
                36.0     99.83%
                36.1     99.83%
                36.2     99.83%
                36.3     99.83%
                36.4     99.83%
                36.5     99.84%
                36.6     99.84%
                36.7     99.84%
                36.8     99.84%
                36.9     99.85%
                37.0     99.85%
                37.1     99.85%
                37.2     99.85%
                37.3     99.85%
                37.4     99.85%
                37.5     99.85%
                37.6     99.85%
                37.7     99.85%
                37.8     99.85%
                37.9     99.85%
                38.0     99.85%
                38.1     99.85%
                38.2     99.85%
                38.3     99.85%
                38.4     99.85%
                38.5     99.85%
                38.6     99.86%
                38.7     99.86%
                38.8     99.86%
                38.9     99.86%
                39.0     99.86%
                39.1     99.86%
                39.2     99.86%
                39.3     99.87%
                39.4     99.87%
                39.5     99.87%
                39.6     99.87%
                39.7     99.87%
                39.8     99.87%
                39.9     99.87%
                40.0     99.87%
                40.1     99.87%
                40.2     99.87%
                40.3     99.88%
                40.4     99.88%
                40.5     99.88%
                40.6     99.88%
                40.7     99.88%
                40.8     99.88%
                40.9     99.88%
                41.0     99.88%
                41.1     99.88%
                41.2     99.88%
                41.3     99.88%
                41.4     99.88%
                41.5     99.88%
                41.6     99.88%
                41.7     99.88%
                41.8     99.89%
                41.9     99.89%
                42.0     99.89%
                42.1     99.89%
                42.2     99.89%
                42.3     99.89%
                42.4     99.89%
                42.5     99.89%
                42.6     99.89%
                42.7     99.89%
                42.8     99.89%
                42.9     99.90%
                43.0     99.90%
                43.1     99.90%
                43.2     99.90%
                43.3     99.90%
                43.4     99.90%
                43.5     99.90%
                43.6     99.91%
                43.7     99.91%
                43.8     99.91%
                43.9     99.91%
                44.0     99.91%
                44.1     99.91%
                44.2     99.91%
                44.3     99.91%
                44.4     99.91%
                44.5     99.91%
                44.6     99.92%
                44.7     99.92%
                44.8     99.92%
                44.9     99.92%
                45.0     99.92%
                45.1     99.92%
                45.2     99.92%
                45.3     99.92%
                45.4     99.92%
                45.5     99.92%
                45.6     99.92%
                45.7     99.92%
                45.8     99.92%
                45.9     99.92%
                46.0     99.92%
                46.1     99.92%
                46.2     99.93%
                46.3     99.93%
                46.4     99.93%
                46.5     99.93%
                46.6     99.93%
                46.7     99.93%
                46.8     99.93%
                46.9     99.93%
                47.0     99.93%
                47.1     99.93%
                47.2     99.93%
                47.3     99.93%
                47.4     99.93%
                47.5     99.93%
                47.6     99.93%
                47.7     99.93%
                47.8     99.93%
                47.9     99.93%
                48.0     99.93%
                48.1     99.93%
                48.2     99.93%
                48.3     99.93%
                48.4     99.93%
                48.5     99.93%
                48.6     99.93%
                48.7     99.93%
                48.8     99.93%
                48.9     99.93%
                49.0     99.93%
                49.1     99.93%
                49.2     99.93%
                49.3     99.93%
                49.4     99.93%
                49.5     99.93%
                49.6     99.93%
                49.7     99.93%
                49.8     99.93%
                49.9     99.93%
                50.0     99.93%
                50.1     99.93%
                50.2     99.93%
                50.3     99.94%
                50.4     99.94%
                50.5     99.94%
                50.6     99.94%
                50.7     99.94%
                50.8     99.94%
                50.9     99.94%
                51.0     99.94%
                51.1     99.94%
                51.2     99.94%
                51.3     99.94%
                51.4     99.94%
                51.5     99.94%
                51.6     99.94%
                51.7     99.94%
                51.8     99.94%
                51.9     99.94%
                52.0     99.94%
                52.1     99.94%
                52.2     99.94%
                52.3     99.94%
                52.4     99.94%
                52.5     99.94%
                52.6     99.94%
                52.7     99.94%
                52.8     99.94%
                52.9     99.94%
                53.0     99.94%
                53.1     99.94%
                53.2     99.94%
                53.3     99.94%
                53.4     99.95%
                53.5     99.95%
                53.6     99.95%
                53.7     99.95%
                53.8     99.95%
                53.9     99.95%
                54.0     99.95%
                54.1     99.95%
                54.2     99.95%
                54.3     99.95%
                54.4     99.96%
                54.5     99.96%
                54.6     99.96%
                54.7     99.96%
                54.8     99.96%
                54.9     99.96%
                55.0     99.96%
                55.1     99.96%
                55.2     99.96%
                55.3     99.96%
                55.4     99.96%
                55.5     99.96%
                55.6     99.96%
                55.7     99.97%
                55.8     99.97%
                55.9     99.97%
                56.0     99.97%
                56.1     99.97%
                56.2     99.97%
                56.3     99.97%
                56.4     99.97%
                56.5     99.97%
                56.6     99.97%
                56.7     99.97%
                56.8     99.97%
                56.9     99.97%
                57.0     99.97%
                57.1     99.97%
                57.2     99.97%
                57.3     99.97%
                57.4     99.97%
                57.5     99.97%
                57.6     99.97%
                57.7     99.97%
                57.8     99.97%
                57.9     99.97%
                58.0     99.97%
                58.1     99.97%
                58.2     99.97%
                58.3     99.97%
                58.4     99.97%
                58.5     99.97%
                58.6     99.97%
                58.7     99.97%
                58.8     99.97%
                58.9     99.98%
                59.0     99.98%
                59.1     99.98%
                59.2     99.98%
                59.3     99.98%
                59.4     99.98%
                59.5     99.98%
                59.6     99.98%
                59.7     99.98%
                59.8     99.98%
                59.9     99.98%
                60.0     99.98%
                60.1     99.98%
                60.2     99.98%
                60.3     99.98%
                60.4     99.98%
                60.5     99.98%
                60.6     99.98%
                60.7     99.98%
                60.8     99.98%
                60.9     99.98%
                61.0     99.98%
                61.1     99.98%
                61.2     99.98%
                61.3     99.98%
                61.4     99.98%
                61.5     99.98%
                61.6     99.98%
                61.7     99.98%
                61.8     99.98%
                61.9     99.98%
                62.0     99.98%
                62.1     99.98%
                62.2     99.98%
                62.3     99.98%
                62.4     99.98%
                62.5     99.98%
                62.6     99.98%
                62.7     99.98%
                62.8     99.98%
                62.9     99.98%
                63.0     99.98%
                63.1     99.98%
                63.2     99.98%
                63.3     99.98%
                63.4     99.98%
                63.5     99.98%
                63.6     99.98%
                63.7     99.98%
                63.8     99.98%
                63.9     99.98%
                64.0     99.98%
                64.1     99.98%
                64.2     99.98%
                64.3     99.98%
                64.4     99.98%
                64.5     99.98%
                64.6     99.98%
                64.7     99.98%
                64.8     99.98%
                64.9     99.98%
                65.0     99.98%
                65.1     99.98%
                65.2     99.98%
                65.3     99.98%
                65.4     99.98%
                65.5     99.98%
                65.6     99.98%
                65.7     99.98%
                65.8     99.98%
                65.9     99.98%
                66.0     99.98%
                66.1     99.98%
                66.2     99.98%
                66.3     99.98%
                66.4     99.98%
                66.5     99.98%
                66.6     99.98%
                66.7     99.98%
                66.8     99.98%
                66.9     99.98%
                67.0     99.98%
                67.1     99.98%
                67.2     99.98%
                67.3     99.98%
                67.4     99.98%
                67.5     99.98%
                67.6     99.98%
                67.7     99.98%
                67.8     99.98%
                67.9     99.98%
                68.0     99.98%
                68.1     99.98%
                68.2     99.98%
                68.3     99.98%
                68.4     99.98%
                68.5     99.98%
                68.6     99.98%
                68.7     99.98%
                68.8     99.98%
                68.9     99.98%
                69.0     99.98%
                69.1     99.98%
                69.2     99.98%
                69.3     99.98%
                69.4     99.98%
                69.5     99.98%
                69.6     99.98%
                69.7     99.98%
                69.8     99.98%
                69.9     99.98%
                70.0     99.98%
                70.1     99.98%
                70.2     99.98%
                70.3     99.98%
                70.4     99.98%
                70.5     99.98%
                70.6     99.98%
                70.7     99.98%
                70.8     99.98%
                70.9     99.98%
                71.0     99.98%
                71.1     99.98%
                71.2     99.98%
                71.3     99.98%
                71.4     99.98%
                71.5     99.98%
                71.6     99.99%
                71.7     99.99%
                71.8     99.99%
                71.9     99.99%
                72.0     99.99%
                72.1     99.99%
                72.2     99.99%
                72.3     99.99%
                72.4     99.99%
                72.5     99.99%
                72.6     99.99%
                72.7     99.99%
                72.8     99.99%
                72.9     99.99%
                73.0     99.99%
                73.1     99.99%
                73.2     99.99%
                73.3     99.99%
                73.4     99.99%
                73.5     99.99%
                73.6     99.99%
                73.7     99.99%
                73.8     99.99%
                73.9     99.99%
                74.0     99.99%
                74.1     99.99%
                74.2     99.99%
                74.3     99.99%
                74.4     99.99%
                74.5     99.99%
                74.6     99.99%
                74.7     99.99%
                74.8     99.99%
                74.9     99.99%
                75.0     99.99%
                75.1     99.99%
                75.2     99.99%
                75.3     99.99%
                75.4     99.99%
                75.5     99.99%
                75.6     99.99%
                75.7     99.99%
                75.8     99.99%
                75.9     99.99%
                76.0     99.99%
                76.1     99.99%
                76.2     99.99%
                76.3     99.99%
                76.4     99.99%
                76.5     99.99%
                76.6     99.99%
                76.7     99.99%
                76.8     99.99%
                76.9     99.99%
                77.0     99.99%
                77.1     99.99%
                77.2     99.99%
                77.3     99.99%
                77.4     99.99%
                77.5     99.99%
                77.6     99.99%
                77.7     99.99%
                77.8     99.99%
                77.9     99.99%
                78.0     99.99%
                78.1     99.99%
                78.2     99.99%
                78.3    100.00%
                78.4    100.00%
                78.5    100.00%
                78.6    100.00%
                78.7    100.00%
                78.8    100.00%
                78.9    100.00%
                79.0    100.00%
                79.1    100.00%
                79.2    100.00%
                79.3    100.00%
                79.4    100.00%
                79.5    100.00%

