Threads: 8, Sharded reads: false, Number of Memcached servers: 3.

All measures in microseconds.
  SETS   GETS  MGETS   INVLD    TOT   HITS     RSP T      Q T     SVR T  Q LEN
     0  35259      0       0  35259  35259  43667.04 41771.46   1853.62    179
     0   4207      0       0   4207   4207  45092.58 43189.43   1868.59    180
     0   3508      0       0   3508   3508  51995.64 49762.82   2192.56    176
     0   4251      0       0   4251   4251  44035.00 42177.24   1821.42    182
     0   4142      0       0   4142   4142  44627.10 42740.05   1852.91    182
     0   4438      0       0   4438   4438  41569.16 39808.00   1725.62    181
     0   3804      0       0   3804   3804  48216.46 46155.11   2025.89    179
     0   4010      0       0   4010   4010  46401.72 44444.35   1920.67    181
     0   3944      0       0   3944   3944  47058.28 45068.35   1952.98    177
     0   4027      0       0   4027   4027  46033.22 44082.86   1918.26    180
     0   4215      0       0   4215   4215  44032.17 42167.93   1829.44    182
     0   4272      0       0   4272   4272  43369.31 41525.55   1808.48    170
     0   4254      0       0   4254   4254  42935.44 41104.95   1795.06    180
     0   4393      0       0   4393   4393  43009.07 41195.38   1782.10    176
     0   4076      0       0   4076   4076  45398.57 43475.83   1892.11    180
     0   4375      0       0   4375   4375  42283.52 40493.55   1742.60    182
     0   4275      0       0   4275   4275  43171.31 41335.43   1802.15    179
     0   3753      0       0   3753   3753  49251.59 47156.86   2060.78    182
     0   4122      0       0   4122   4122  44720.75 42824.31   1864.15    182
     0   4484      0       0   4484   4484  41544.41 39785.72   1726.84    180
     0   4160      0       0   4160   4160  44210.24 42327.41   1847.15    180
     0   4369      0       0   4369   4369  42690.42 40891.73   1766.29    181
     0   4189      0       0   4189   4189  43906.29 42037.64   1836.64    179
     0   4295      0       0   4295   4295  42902.77 41080.96   1785.05    181
     0   4253      0       0   4253   4253  43501.51 41658.34   1811.08    179
     0   4011      0       0   4011   4011  46216.65 44260.31   1921.41    179
     0   4390      0       0   4390   4390  42344.53 40555.69   1756.06    183
     0   4343      0       0   4343   4343  42737.12 40924.02   1780.30    182
     0   4362      0       0   4362   4362  42563.49 40756.17   1776.26    176
     0   4264      0       0   4264   4264  43585.61 41742.38   1811.51    180
     0   4278      0       0   4278   4278  43368.27 41530.41   1804.70    180
     0   4549      0       0   4549   4549  40481.15 38754.24   1695.15    179
     0   3588      0       0   3588   3588  51661.68 49476.07   2153.35    182
     0   4198      0       0   4198   4198  43765.39 41904.18   1828.90    176
     0   4147      0       0   4147   4147  44598.69 42694.24   1870.83    182
     0   4245      0       0   4245   4245  44063.37 42202.15   1830.23    183
     0   4230      0       0   4230   4230  44256.48 42385.06   1836.85    167
     0   4116      0       0   4116   4116  44859.54 42951.52   1876.73    178
     0   4191      0       0   4191   4191  44064.93 42197.88   1835.80    181
     0   4281      0       0   4281   4281  43124.11 41296.02   1798.86    182
     0   4331      0       0   4331   4331  42620.54 40812.11   1777.65    179
     0   4410      0       0   4410   4410  41840.22 40068.62   1740.48    182
     0   4174      0       0   4174   4174  44145.12 42266.41   1841.82    180
     0   4197      0       0   4197   4197  44005.54 42135.28   1839.21    180
     0   3837      0       0   3837   3837  48288.34 46245.61   2009.07    182
     0   4224      0       0   4224   4224  43436.36 41583.30   1817.54    180
     0   4275      0       0   4275   4275  43036.93 41210.47   1793.45    180
     0   3581      0       0   3581   3581  51639.82 49448.04   2157.57    179
     0   4443      0       0   4443   4443  41533.68 39772.89   1729.75    180
     0   4284      0       0   4284   4284  43159.06 41324.34   1795.04    180
     0   4236      0       0   4236   4236  43569.82 41720.74   1818.18    181
     0   4187      0       0   4187   4187  44921.81 43018.91   1868.81    176
     0   3784      0       0   3784   3784  48761.69 46688.17   2036.22    178
     0   4370      0       0   4370   4370  42494.30 40693.62   1769.81    181
     0   4176      0       0   4176   4176  44117.72 42236.64   1848.10    183
     0   4163      0       0   4163   4163  44713.74 42824.40   1857.62    180
     0   4252      0       0   4252   4252  43449.12 41605.26   1811.80    183
     0   4258      0       0   4258   4258  43281.88 41431.15   1818.11    174
     0   4031      0       0   4031   4031  46353.97 44406.91   1915.48    178
     0   4211      0       0   4211   4211  43748.45 41876.47   1837.95    179
     0   4406      0       0   4406   4406  42407.32 40624.83   1750.87    181
     0   3901      0       0   3901   3901  46944.47 44934.16   1972.35    179
     0   3767      0       0   3767   3767  49396.75 47313.52   2051.45    180
     0   4100      0       0   4100   4100  45169.67 43259.32   1877.59    180
     0   4102      0       0   4102   4102  45031.58 43123.59   1875.92    180
     0   3876      0       0   3876   3876  47231.89 45212.57   1987.74    183
     0   4159      0       0   4159   4159  44821.37 42932.82   1855.58    183
     0   4157      0       0   4157   4157  44486.29 42589.75   1862.26    180
     0   4024      0       0   4024   4024  46072.95 44112.65   1925.16    184
     0   4113      0       0   4113   4113  45260.68 43349.79   1879.58    182
     0   4124      0       0   4124   4124  44895.65 42989.20   1872.60    179
     0   4225      0       0   4225   4225  43901.32 42042.70   1825.04    182
     0   4160      0       0   4160   4160  44339.82 42454.69   1853.86    180
     0   4197      0       0   4197   4197  44002.87 42137.64   1832.41    180
     0   4127      0       0   4127   4127  44682.77 42787.02   1862.80    179
     0   4318      0       0   4318   4318  42933.36 41112.19   1788.97    180
     0   4098      0       0   4098   4098  44957.07 43047.94   1874.99    181
     0   3994      0       0   3994   3994  46263.30 44305.29   1922.15    179
     0   4069      0       0   4069   4069  45317.95 43394.44   1892.49    178
     0   4434      0       0   4434   4434  41645.71 39876.66   1736.39    181
     0   4146      0       0   4146   4146  44908.03 43008.95   1862.58    183
     0   4308      0       0   4308   4308  40563.86 38747.56   1785.81     52
     0    236      0       0    236    236  13730.53 11883.91   1817.02      0
     0      0      0       0      0      0       NaN      NaN       NaN      0
     0      0      0       0      0      0       NaN      NaN       NaN      0
     0      0      0       0      0      0       NaN      NaN       NaN      0
================================================================================
ALL STATS (timing measures are in microseconds)
WORKER 0:
Type     |Total    |Ops/sec  |Hits/sec |Miss/Sec |Resp Time|Proc Time|Srvr Time
SET      |        0|     0.00|     0.00|     0.00|      NaN|      NaN|      NaN
GET      |    46587|   517.63|   517.63|     0.00| 44353.32|  1887.16|  1852.91
MULTIGET |        0|     0.00|     0.00|     0.00|      NaN|      NaN|      NaN
INVALID  |        0|     0.00|      ---|      ---|      NaN|      NaN|      ---
Average mutliget length: NaN
================================================================================
WORKER 1:
Type     |Total    |Ops/sec  |Hits/sec |Miss/Sec |Resp Time|Proc Time|Srvr Time
SET      |        0|     0.00|     0.00|     0.00|      NaN|      NaN|      NaN
GET      |    46782|   519.80|   519.80|     0.00| 44335.00|  1879.40|  1845.85
MULTIGET |        0|     0.00|     0.00|     0.00|      NaN|      NaN|      NaN
INVALID  |        0|     0.00|      ---|      ---|      NaN|      NaN|      ---
Average mutliget length: NaN
================================================================================
WORKER 2:
Type     |Total    |Ops/sec  |Hits/sec |Miss/Sec |Resp Time|Proc Time|Srvr Time
SET      |        0|     0.00|     0.00|     0.00|      NaN|      NaN|      NaN
GET      |    46502|   516.69|   516.69|     0.00| 44345.90|  1890.16|  1855.16
MULTIGET |        0|     0.00|     0.00|     0.00|      NaN|      NaN|      NaN
INVALID  |        0|     0.00|      ---|      ---|      NaN|      NaN|      ---
Average mutliget length: NaN
================================================================================
WORKER 3:
Type     |Total    |Ops/sec  |Hits/sec |Miss/Sec |Resp Time|Proc Time|Srvr Time
SET      |        0|     0.00|     0.00|     0.00|      NaN|      NaN|      NaN
GET      |    46509|   516.77|   516.77|     0.00| 44334.61|  1890.07|  1856.05
MULTIGET |        0|     0.00|     0.00|     0.00|      NaN|      NaN|      NaN
INVALID  |        0|     0.00|      ---|      ---|      NaN|      NaN|      ---
Average mutliget length: NaN
================================================================================
WORKER 4:
Type     |Total    |Ops/sec  |Hits/sec |Miss/Sec |Resp Time|Proc Time|Srvr Time
SET      |        0|     0.00|     0.00|     0.00|      NaN|      NaN|      NaN
GET      |    46569|   517.43|   517.43|     0.00| 44341.28|  1888.16|  1853.80
MULTIGET |        0|     0.00|     0.00|     0.00|      NaN|      NaN|      NaN
INVALID  |        0|     0.00|      ---|      ---|      NaN|      NaN|      ---
Average mutliget length: NaN
================================================================================
WORKER 5:
Type     |Total    |Ops/sec  |Hits/sec |Miss/Sec |Resp Time|Proc Time|Srvr Time
SET      |        0|     0.00|     0.00|     0.00|      NaN|      NaN|      NaN
GET      |    46546|   517.18|   517.18|     0.00| 44346.31|  1888.92|  1854.38
MULTIGET |        0|     0.00|     0.00|     0.00|      NaN|      NaN|      NaN
INVALID  |        0|     0.00|      ---|      ---|      NaN|      NaN|      ---
Average mutliget length: NaN
================================================================================
WORKER 6:
Type     |Total    |Ops/sec  |Hits/sec |Miss/Sec |Resp Time|Proc Time|Srvr Time
SET      |        0|     0.00|     0.00|     0.00|      NaN|      NaN|      NaN
GET      |    46615|   517.94|   517.94|     0.00| 44324.82|  1886.17|  1852.42
MULTIGET |        0|     0.00|     0.00|     0.00|      NaN|      NaN|      NaN
INVALID  |        0|     0.00|      ---|      ---|      NaN|      NaN|      ---
Average mutliget length: NaN
================================================================================
WORKER 7:
Type     |Total    |Ops/sec  |Hits/sec |Miss/Sec |Resp Time|Proc Time|Srvr Time
SET      |        0|     0.00|     0.00|     0.00|      NaN|      NaN|      NaN
GET      |    46623|   518.03|   518.03|     0.00| 44348.32|  1885.58|  1850.66
MULTIGET |        0|     0.00|     0.00|     0.00|      NaN|      NaN|      NaN
INVALID  |        0|     0.00|      ---|      ---|      NaN|      NaN|      ---
Average mutliget length: NaN
================================================================================
================================================================================

AGGREGATE FOR ALL WORKERS:
Type     |Total    |Ops/sec  |Hits/sec |Miss/Sec |Resp Time|Proc Time|Srvr Time
SET      |        0|     0.00|     0.00|     0.00|      NaN|      NaN|      NaN
GET      |   372733|  4141.48|  4141.48|     0.00| 44341.19|  1886.95|  1852.65
MULTIGET |        0|     0.00|     0.00|     0.00|      NaN|      NaN|      NaN
INVALID  |        0|     0.00|      ---|      ---|      NaN|      NaN|      ---
Average mutliget length: NaN


 HISTOGRAM
  Response time (ms)   Percent
                 0.1      0.00%
                 0.2      0.00%
                 0.3      0.00%
                 0.4      0.00%
                 0.5      0.00%
                 0.6      0.00%
                 0.7      0.00%
                 0.8      0.00%
                 0.9      0.00%
                 1.0      0.00%
                 1.1      0.00%
                 1.2      0.00%
                 1.3      0.00%
                 1.4      0.00%
                 1.5      0.00%
                 1.6      0.00%
                 1.7      0.00%
                 1.8      0.00%
                 1.9      0.00%
                 2.0      0.00%
                 2.1      0.00%
                 2.2      0.00%
                 2.3      0.00%
                 2.4      0.00%
                 2.5      0.00%
                 2.6      0.00%
                 2.7      0.00%
                 2.8      0.00%
                 2.9      0.00%
                 3.0      0.00%
                 3.1      0.00%
                 3.2      0.00%
                 3.3      0.00%
                 3.4      0.00%
                 3.5      0.00%
                 3.6      0.00%
                 3.7      0.00%
                 3.8      0.00%
                 3.9      0.00%
                 4.0      0.00%
                 4.1      0.00%
                 4.2      0.00%
                 4.3      0.00%
                 4.4      0.00%
                 4.5      0.00%
                 4.6      0.00%
                 4.7      0.00%
                 4.8      0.00%
                 4.9      0.00%
                 5.0      0.00%
                 5.1      0.00%
                 5.2      0.00%
                 5.3      0.00%
                 5.4      0.00%
                 5.5      0.00%
                 5.6      0.00%
                 5.7      0.00%
                 5.8      0.00%
                 5.9      0.00%
                 6.0      0.00%
                 6.1      0.00%
                 6.2      0.00%
                 6.3      0.00%
                 6.4      0.00%
                 6.5      0.00%
                 6.6      0.00%
                 6.7      0.00%
                 6.8      0.00%
                 6.9      0.00%
                 7.0      0.00%
                 7.1      0.00%
                 7.2      0.00%
                 7.3      0.00%
                 7.4      0.00%
                 7.5      0.00%
                 7.6      0.00%
                 7.7      0.00%
                 7.8      0.00%
                 7.9      0.00%
                 8.0      0.00%
                 8.1      0.00%
                 8.2      0.00%
                 8.3      0.00%
                 8.4      0.00%
                 8.5      0.00%
                 8.6      0.00%
                 8.7      0.00%
                 8.8      0.00%
                 8.9      0.00%
                 9.0      0.00%
                 9.1      0.00%
                 9.2      0.00%
                 9.3      0.00%
                 9.4      0.00%
                 9.5      0.00%
                 9.6      0.00%
                 9.7      0.00%
                 9.8      0.00%
                 9.9      0.00%
                10.0      0.00%
                10.1      0.00%
                10.2      0.00%
                10.3      0.00%
                10.4      0.00%
                10.5      0.00%
                10.6      0.01%
                10.7      0.01%
                10.8      0.01%
                10.9      0.01%
                11.0      0.02%
                11.1      0.02%
                11.2      0.02%
                11.3      0.02%
                11.4      0.02%
                11.5      0.02%
                11.6      0.02%
                11.7      0.03%
                11.8      0.03%
                11.9      0.03%
                12.0      0.03%
                12.1      0.04%
                12.2      0.04%
                12.3      0.05%
                12.4      0.05%
                12.5      0.05%
                12.6      0.06%
                12.7      0.06%
                12.8      0.06%
                12.9      0.07%
                13.0      0.07%
                13.1      0.07%
                13.2      0.07%
                13.3      0.07%
                13.4      0.07%
                13.5      0.07%
                13.6      0.07%
                13.7      0.07%
                13.8      0.07%
                13.9      0.07%
                14.0      0.07%
                14.1      0.07%
                14.2      0.07%
                14.3      0.07%
                14.4      0.07%
                14.5      0.07%
                14.6      0.07%
                14.7      0.07%
                14.8      0.07%
                14.9      0.07%
                15.0      0.07%
                15.1      0.07%
                15.2      0.07%
                15.3      0.07%
                15.4      0.07%
                15.5      0.07%
                15.6      0.07%
                15.7      0.08%
                15.8      0.08%
                15.9      0.08%
                16.0      0.08%
                16.1      0.08%
                16.2      0.08%
                16.3      0.08%
                16.4      0.08%
                16.5      0.08%
                16.6      0.08%
                16.7      0.08%
                16.8      0.08%
                16.9      0.08%
                17.0      0.08%
                17.1      0.08%
                17.2      0.08%
                17.3      0.08%
                17.4      0.08%
                17.5      0.08%
                17.6      0.08%
                17.7      0.08%
                17.8      0.08%
                17.9      0.08%
                18.0      0.08%
                18.1      0.08%
                18.2      0.08%
                18.3      0.08%
                18.4      0.08%
                18.5      0.08%
                18.6      0.09%
                18.7      0.09%
                18.8      0.09%
                18.9      0.09%
                19.0      0.09%
                19.1      0.09%
                19.2      0.09%
                19.3      0.09%
                19.4      0.09%
                19.5      0.09%
                19.6      0.09%
                19.7      0.09%
                19.8      0.09%
                19.9      0.10%
                20.0      0.10%
                20.1      0.10%
                20.2      0.10%
                20.3      0.10%
                20.4      0.10%
                20.5      0.10%
                20.6      0.10%
                20.7      0.10%
                20.8      0.10%
                20.9      0.10%
                21.0      0.10%
                21.1      0.10%
                21.2      0.10%
                21.3      0.10%
                21.4      0.10%
                21.5      0.10%
                21.6      0.10%
                21.7      0.10%
                21.8      0.10%
                21.9      0.10%
                22.0      0.10%
                22.1      0.10%
                22.2      0.10%
                22.3      0.10%
                22.4      0.10%
                22.5      0.10%
                22.6      0.10%
                22.7      0.10%
                22.8      0.10%
                22.9      0.10%
                23.0      0.10%
                23.1      0.10%
                23.2      0.10%
                23.3      0.10%
                23.4      0.10%
                23.5      0.10%
                23.6      0.10%
                23.7      0.10%
                23.8      0.10%
                23.9      0.10%
                24.0      0.10%
                24.1      0.10%
                24.2      0.10%
                24.3      0.10%
                24.4      0.10%
                24.5      0.10%
                24.6      0.10%
                24.7      0.10%
                24.8      0.10%
                24.9      0.10%
                25.0      0.10%
                25.1      0.10%
                25.2      0.10%
                25.3      0.10%
                25.4      0.10%
                25.5      0.11%
                25.6      0.11%
                25.7      0.11%
                25.8      0.11%
                25.9      0.11%
                26.0      0.11%
                26.1      0.11%
                26.2      0.11%
                26.3      0.11%
                26.4      0.11%
                26.5      0.11%
                26.6      0.11%
                26.7      0.11%
                26.8      0.12%
                26.9      0.12%
                27.0      0.12%
                27.1      0.12%
                27.2      0.12%
                27.3      0.13%
                27.4      0.13%
                27.5      0.13%
                27.6      0.13%
                27.7      0.13%
                27.8      0.13%
                27.9      0.14%
                28.0      0.14%
                28.1      0.14%
                28.2      0.14%
                28.3      0.14%
                28.4      0.14%
                28.5      0.14%
                28.6      0.15%
                28.7      0.15%
                28.8      0.15%
                28.9      0.16%
                29.0      0.16%
                29.1      0.16%
                29.2      0.16%
                29.3      0.16%
                29.4      0.17%
                29.5      0.17%
                29.6      0.17%
                29.7      0.17%
                29.8      0.18%
                29.9      0.18%
                30.0      0.18%
                30.1      0.18%
                30.2      0.19%
                30.3      0.19%
                30.4      0.19%
                30.5      0.19%
                30.6      0.19%
                30.7      0.20%
                30.8      0.20%
                30.9      0.20%
                31.0      0.20%
                31.1      0.20%
                31.2      0.20%
                31.3      0.20%
                31.4      0.20%
                31.5      0.20%
                31.6      0.20%
                31.7      0.20%
                31.8      0.20%
                31.9      0.21%
                32.0      0.21%
                32.1      0.21%
                32.2      0.21%
                32.3      0.21%
                32.4      0.21%
                32.5      0.21%
                32.6      0.21%
                32.7      0.22%
                32.8      0.22%
                32.9      0.22%
                33.0      0.22%
                33.1      0.22%
                33.2      0.22%
                33.3      0.23%
                33.4      0.23%
                33.5      0.23%
                33.6      0.23%
                33.7      0.23%
                33.8      0.23%
                33.9      0.24%
                34.0      0.24%
                34.1      0.24%
                34.2      0.24%
                34.3      0.25%
                34.4      0.25%
                34.5      0.25%
                34.6      0.26%
                34.7      0.26%
                34.8      0.26%
                34.9      0.27%
                35.0      0.27%
                35.1      0.27%
                35.2      0.28%
                35.3      0.28%
                35.4      0.29%
                35.5      0.29%
                35.6      0.30%
                35.7      0.31%
                35.8      0.32%
                35.9      0.33%
                36.0      0.35%
                36.1      0.37%
                36.2      0.39%
                36.3      0.41%
                36.4      0.44%
                36.5      0.47%
                36.6      0.50%
                36.7      0.54%
                36.8      0.60%
                36.9      0.66%
                37.0      0.74%
                37.1      0.83%
                37.2      0.93%
                37.3      1.06%
                37.4      1.20%
                37.5      1.38%
                37.6      1.56%
                37.7      1.79%
                37.8      2.03%
                37.9      2.32%
                38.0      2.65%
                38.1      3.01%
                38.2      3.41%
                38.3      3.86%
                38.4      4.37%
                38.5      4.92%
                38.6      5.49%
                38.7      6.09%
                38.8      6.77%
                38.9      7.48%
                39.0      8.22%
                39.1      9.04%
                39.2      9.89%
                39.3     10.79%
                39.4     11.75%
                39.5     12.74%
                39.6     13.77%
                39.7     14.86%
                39.8     16.03%
                39.9     17.26%
                40.0     18.49%
                40.1     19.76%
                40.2     21.04%
                40.3     22.33%
                40.4     23.65%
                40.5     24.98%
                40.6     26.35%
                40.7     27.71%
                40.8     29.06%
                40.9     30.41%
                41.0     31.79%
                41.1     33.15%
                41.2     34.47%
                41.3     35.80%
                41.4     37.14%
                41.5     38.46%
                41.6     39.76%
                41.7     41.04%
                41.8     42.28%
                41.9     43.47%
                42.0     44.62%
                42.1     45.73%
                42.2     46.80%
                42.3     47.83%
                42.4     48.83%
                42.5     49.85%
                42.6     50.83%
                42.7     51.79%
                42.8     52.73%
                42.9     53.67%
                43.0     54.59%
                43.1     55.48%
                43.2     56.36%
                43.3     57.22%
                43.4     58.03%
                43.5     58.85%
                43.6     59.64%
                43.7     60.39%
                43.8     61.13%
                43.9     61.85%
                44.0     62.54%
                44.1     63.25%
                44.2     63.92%
                44.3     64.57%
                44.4     65.22%
                44.5     65.84%
                44.6     66.47%
                44.7     67.06%
                44.8     67.64%
                44.9     68.20%
                45.0     68.79%
                45.1     69.37%
                45.2     69.91%
                45.3     70.44%
                45.4     71.00%
                45.5     71.51%
                45.6     72.02%
                45.7     72.52%
                45.8     73.01%
                45.9     73.50%
                46.0     74.00%
                46.1     74.46%
                46.2     74.90%
                46.3     75.32%
                46.4     75.75%
                46.5     76.18%
                46.6     76.57%
                46.7     76.96%
                46.8     77.37%
                46.9     77.76%
                47.0     78.14%
                47.1     78.50%
                47.2     78.84%
                47.3     79.20%
                47.4     79.55%
                47.5     79.88%
                47.6     80.19%
                47.7     80.50%
                47.8     80.82%
                47.9     81.14%
                48.0     81.44%
                48.1     81.72%
                48.2     82.01%
                48.3     82.30%
                48.4     82.59%
                48.5     82.87%
                48.6     83.15%
                48.7     83.41%
                48.8     83.67%
                48.9     83.94%
                49.0     84.18%
                49.1     84.43%
                49.2     84.69%
                49.3     84.95%
                49.4     85.21%
                49.5     85.47%
                49.6     85.70%
                49.7     85.92%
                49.8     86.14%
                49.9     86.35%
                50.0     86.55%
                50.1     86.74%
                50.2     86.93%
                50.3     87.12%
                50.4     87.32%
                50.5     87.50%
                50.6     87.70%
                50.7     87.87%
                50.8     88.06%
                50.9     88.23%
                51.0     88.40%
                51.1     88.56%
                51.2     88.71%
                51.3     88.87%
                51.4     89.01%
                51.5     89.17%
                51.6     89.31%
                51.7     89.46%
                51.8     89.60%
                51.9     89.74%
                52.0     89.86%
                52.1     89.98%
                52.2     90.09%
                52.3     90.21%
                52.4     90.33%
                52.5     90.45%
                52.6     90.57%
                52.7     90.69%
                52.8     90.81%
                52.9     90.93%
                53.0     91.05%
                53.1     91.17%
                53.2     91.28%
                53.3     91.41%
                53.4     91.52%
                53.5     91.64%
                53.6     91.75%
                53.7     91.87%
                53.8     91.98%
                53.9     92.08%
                54.0     92.20%
                54.1     92.32%
                54.2     92.43%
                54.3     92.54%
                54.4     92.64%
                54.5     92.75%
                54.6     92.86%
                54.7     92.96%
                54.8     93.07%
                54.9     93.18%
                55.0     93.29%
                55.1     93.40%
                55.2     93.51%
                55.3     93.62%
                55.4     93.72%
                55.5     93.84%
                55.6     93.93%
                55.7     94.02%
                55.8     94.12%
                55.9     94.21%
                56.0     94.31%
                56.1     94.40%
                56.2     94.49%
                56.3     94.57%
                56.4     94.65%
                56.5     94.73%
                56.6     94.81%
                56.7     94.89%
                56.8     94.97%
                56.9     95.03%
                57.0     95.11%
                57.1     95.19%
                57.2     95.26%
                57.3     95.32%
                57.4     95.40%
                57.5     95.47%
                57.6     95.54%
                57.7     95.60%
                57.8     95.67%
                57.9     95.74%
                58.0     95.80%
                58.1     95.86%
                58.2     95.92%
                58.3     95.98%
                58.4     96.04%
                58.5     96.11%
                58.6     96.16%
                58.7     96.22%
                58.8     96.27%
                58.9     96.33%
                59.0     96.38%
                59.1     96.44%
                59.2     96.49%
                59.3     96.54%
                59.4     96.58%
                59.5     96.63%
                59.6     96.68%
                59.7     96.73%
                59.8     96.77%
                59.9     96.82%
                60.0     96.86%
                60.1     96.90%
                60.2     96.95%
                60.3     96.99%
                60.4     97.04%
                60.5     97.08%
                60.6     97.13%
                60.7     97.17%
                60.8     97.22%
                60.9     97.26%
                61.0     97.30%
                61.1     97.33%
                61.2     97.38%
                61.3     97.41%
                61.4     97.44%
                61.5     97.47%
                61.6     97.51%
                61.7     97.54%
                61.8     97.58%
                61.9     97.61%
                62.0     97.64%
                62.1     97.66%
                62.2     97.69%
                62.3     97.72%
                62.4     97.74%
                62.5     97.77%
                62.6     97.79%
                62.7     97.81%
                62.8     97.84%
                62.9     97.86%
                63.0     97.89%
                63.1     97.92%
                63.2     97.94%
                63.3     97.96%
                63.4     97.98%
                63.5     98.00%
                63.6     98.01%
                63.7     98.03%
                63.8     98.05%
                63.9     98.08%
                64.0     98.10%
                64.1     98.12%
                64.2     98.14%
                64.3     98.16%
                64.4     98.18%
                64.5     98.20%
                64.6     98.22%
                64.7     98.23%
                64.8     98.25%
                64.9     98.27%
                65.0     98.29%
                65.1     98.30%
                65.2     98.32%
                65.3     98.34%
                65.4     98.35%
                65.5     98.37%
                65.6     98.39%
                65.7     98.41%
                65.8     98.43%
                65.9     98.45%
                66.0     98.46%
                66.1     98.48%
                66.2     98.51%
                66.3     98.53%
                66.4     98.55%
                66.5     98.57%
                66.6     98.59%
                66.7     98.61%
                66.8     98.63%
                66.9     98.64%
                67.0     98.66%
                67.1     98.68%
                67.2     98.69%
                67.3     98.71%
                67.4     98.72%
                67.5     98.73%
                67.6     98.75%
                67.7     98.76%
                67.8     98.77%
                67.9     98.79%
                68.0     98.81%
                68.1     98.82%
                68.2     98.84%
                68.3     98.85%
                68.4     98.86%
                68.5     98.87%
                68.6     98.89%
                68.7     98.90%
                68.8     98.91%
                68.9     98.92%
                69.0     98.93%
                69.1     98.94%
                69.2     98.95%
                69.3     98.96%
                69.4     98.97%
                69.5     98.98%
                69.6     98.99%
                69.7     99.00%
                69.8     99.01%
                69.9     99.02%
                70.0     99.02%
                70.1     99.03%
                70.2     99.04%
                70.3     99.05%
                70.4     99.06%
                70.5     99.07%
                70.6     99.08%
                70.7     99.08%
                70.8     99.09%
                70.9     99.10%
                71.0     99.11%
                71.1     99.11%
                71.2     99.12%
                71.3     99.13%
                71.4     99.13%
                71.5     99.14%
                71.6     99.15%
                71.7     99.16%
                71.8     99.16%
                71.9     99.17%
                72.0     99.18%
                72.1     99.19%
                72.2     99.19%
                72.3     99.20%
                72.4     99.21%
                72.5     99.22%
                72.6     99.23%
                72.7     99.25%
                72.8     99.26%
                72.9     99.27%
                73.0     99.28%
                73.1     99.28%
                73.2     99.29%
                73.3     99.30%
                73.4     99.31%
                73.5     99.31%
                73.6     99.32%
                73.7     99.33%
                73.8     99.34%
                73.9     99.34%
                74.0     99.35%
                74.1     99.36%
                74.2     99.37%
                74.3     99.38%
                74.4     99.39%
                74.5     99.40%
                74.6     99.41%
                74.7     99.41%
                74.8     99.42%
                74.9     99.43%
                75.0     99.44%
                75.1     99.44%
                75.2     99.45%
                75.3     99.45%
                75.4     99.46%
                75.5     99.47%
                75.6     99.48%
                75.7     99.48%
                75.8     99.49%
                75.9     99.50%
                76.0     99.51%
                76.1     99.52%
                76.2     99.52%
                76.3     99.53%
                76.4     99.53%
                76.5     99.54%
                76.6     99.54%
                76.7     99.55%
                76.8     99.55%
                76.9     99.56%
                77.0     99.57%
                77.1     99.57%
                77.2     99.58%
                77.3     99.58%
                77.4     99.59%
                77.5     99.60%
                77.6     99.61%
                77.7     99.62%
                77.8     99.62%
                77.9     99.63%
                78.0     99.63%
                78.1     99.64%
                78.2     99.65%
                78.3     99.65%
                78.4     99.66%
                78.5     99.66%
                78.6     99.66%
                78.7     99.67%
                78.8     99.68%
                78.9     99.69%
                79.0     99.69%
                79.1     99.70%
                79.2     99.70%
                79.3     99.71%
                79.4     99.71%
                79.5     99.71%
                79.6     99.72%
                79.7     99.72%
                79.8     99.72%
                79.9     99.73%
                80.0     99.73%
                80.1     99.73%
                80.2     99.74%
                80.3     99.74%
                80.4     99.74%
                80.5     99.74%
                80.6     99.75%
                80.7     99.75%
                80.8     99.75%
                80.9     99.75%
                81.0     99.76%
                81.1     99.76%
                81.2     99.76%
                81.3     99.76%
                81.4     99.76%
                81.5     99.76%
                81.6     99.77%
                81.7     99.77%
                81.8     99.77%
                81.9     99.77%
                82.0     99.77%
                82.1     99.77%
                82.2     99.77%
                82.3     99.77%
                82.4     99.77%
                82.5     99.77%
                82.6     99.77%
                82.7     99.77%
                82.8     99.77%
                82.9     99.77%
                83.0     99.78%
                83.1     99.78%
                83.2     99.78%
                83.3     99.78%
                83.4     99.78%
                83.5     99.78%
                83.6     99.78%
                83.7     99.78%
                83.8     99.78%
                83.9     99.78%
                84.0     99.78%
                84.1     99.78%
                84.2     99.79%
                84.3     99.79%
                84.4     99.79%
                84.5     99.79%
                84.6     99.79%
                84.7     99.79%
                84.8     99.80%
                84.9     99.80%
                85.0     99.80%
                85.1     99.80%
                85.2     99.81%
                85.3     99.81%
                85.4     99.81%
                85.5     99.81%
                85.6     99.82%
                85.7     99.82%
                85.8     99.82%
                85.9     99.82%
                86.0     99.82%
                86.1     99.83%
                86.2     99.83%
                86.3     99.84%
                86.4     99.84%
                86.5     99.85%
                86.6     99.85%
                86.7     99.86%
                86.8     99.86%
                86.9     99.86%
                87.0     99.86%
                87.1     99.87%
                87.2     99.87%
                87.3     99.88%
                87.4     99.88%
                87.5     99.88%
                87.6     99.89%
                87.7     99.89%
                87.8     99.89%
                87.9     99.89%
                88.0     99.89%
                88.1     99.90%
                88.2     99.90%
                88.3     99.90%
                88.4     99.90%
                88.5     99.90%
                88.6     99.91%
                88.7     99.91%
                88.8     99.91%
                88.9     99.91%
                89.0     99.92%
                89.1     99.92%
                89.2     99.92%
                89.3     99.92%
                89.4     99.92%
                89.5     99.92%
                89.6     99.92%
                89.7     99.92%
                89.8     99.93%
                89.9     99.93%
                90.0     99.93%
                90.1     99.93%
                90.2     99.93%
                90.3     99.93%
                90.4     99.93%
                90.5     99.93%
                90.6     99.94%
                90.7     99.94%
                90.8     99.94%
                90.9     99.94%
                91.0     99.94%
                91.1     99.94%
                91.2     99.94%
                91.3     99.94%
                91.4     99.94%
                91.5     99.94%
                91.6     99.95%
                91.7     99.95%
                91.8     99.95%
                91.9     99.95%
                92.0     99.95%
                92.1     99.95%
                92.2     99.95%
                92.3     99.95%
                92.4     99.95%
                92.5     99.95%
                92.6     99.95%
                92.7     99.95%
                92.8     99.95%
                92.9     99.95%
                93.0     99.95%
                93.1     99.96%
                93.2     99.96%
                93.3     99.96%
                93.4     99.96%
                93.5     99.96%
                93.6     99.96%
                93.7     99.96%
                93.8     99.96%
                93.9     99.96%
                94.0     99.96%
                94.1     99.96%
                94.2     99.96%
                94.3     99.96%
                94.4     99.96%
                94.5     99.96%
                94.6     99.97%
                94.7     99.97%
                94.8     99.97%
                94.9     99.97%
                95.0     99.97%
                95.1     99.97%
                95.2     99.97%
                95.3     99.97%
                95.4     99.97%
                95.5     99.97%
                95.6     99.97%
                95.7     99.97%
                95.8     99.97%
                95.9     99.97%
                96.0     99.97%
                96.1     99.97%
                96.2     99.97%
                96.3     99.97%
                96.4     99.98%
                96.5     99.98%
                96.6     99.98%
                96.7     99.98%
                96.8     99.98%
                96.9     99.98%
                97.0     99.98%
                97.1     99.98%
                97.2     99.98%
                97.3     99.98%
                97.4     99.98%
                97.5     99.98%
                97.6     99.98%
                97.7     99.98%
                97.8     99.98%
                97.9     99.98%
                98.0     99.98%
                98.1     99.98%
                98.2     99.98%
                98.3     99.98%
                98.4     99.98%
                98.5     99.98%
                98.6     99.98%
                98.7     99.98%
                98.8     99.98%
                98.9     99.98%
                99.0     99.98%
                99.1     99.98%
                99.2     99.98%
                99.3     99.98%
                99.4     99.98%
                99.5     99.98%
                99.6     99.98%
                99.7     99.98%
                99.8     99.98%
                99.9     99.98%
               100.0     99.98%
               100.1     99.98%
               100.2     99.98%
               100.3     99.98%
               100.4     99.98%
               100.5     99.98%
               100.6     99.98%
               100.7     99.98%
               100.8     99.98%
               100.9     99.98%
               101.0     99.98%
               101.1     99.98%
               101.2     99.98%
               101.3     99.98%
               101.4     99.98%
               101.5     99.99%
               101.6     99.99%
               101.7     99.99%
               101.8     99.99%
               101.9     99.99%
               102.0     99.99%
               102.1     99.99%
               102.2     99.99%
               102.3     99.99%
               102.4     99.99%
               102.5     99.99%
               102.6     99.99%
               102.7     99.99%
               102.8     99.99%
               102.9     99.99%
               103.0     99.99%
               103.1     99.99%
               103.2     99.99%
               103.3     99.99%
               103.4     99.99%
               103.5     99.99%
               103.6     99.99%
               103.7     99.99%
               103.8     99.99%
               103.9     99.99%
               104.0     99.99%
               104.1    100.00%
               104.2    100.00%
               104.3    100.00%
               104.4    100.00%
               104.5    100.00%
               104.6    100.00%
               104.7    100.00%
               104.8    100.00%
               104.9    100.00%
               105.0    100.00%
               105.1    100.00%
               105.2    100.00%

