Threads: 8, Sharded reads: false, Number of Memcached servers: 3.

All measures in microseconds.
  SETS   GETS  MGETS   INVLD    TOT   HITS     RSP T      Q T     SVR T  Q LEN
     0  33003      0       0  33003  33003  46670.57 44646.00   1980.22    180
     0   4317      0       0   4317   4317  44227.24 42365.70   1828.91    177
     0   4316      0       0   4316   4316  42931.83 41118.82   1776.90    180
     0   4317      0       0   4317   4317  42971.75 41153.57   1783.24    181
     0   4244      0       0   4244   4244  43537.58 41691.09   1810.77    181
     0   4138      0       0   4138   4138  44874.50 42976.52   1861.35    182
     0   4244      0       0   4244   4244  43739.29 41889.23   1813.26    182
     0   4290      0       0   4290   4290  43190.64 41360.57   1796.46    183
     0   3579      0       0   3579   3579  51684.59 49482.60   2164.75    181
     0   3828      0       0   3828   3828  48273.76 46225.68   2010.90    182
     0   4223      0       0   4223   4223  43876.05 42021.97   1820.19    180
     0   3835      0       0   3835   3835  47960.12 45910.03   2017.71    178
     0   4124      0       0   4124   4124  45398.78 43480.90   1884.84    180
     0   4309      0       0   4309   4309  42860.11 41044.40   1780.15    180
     0   4308      0       0   4308   4308  43012.03 41188.74   1792.89    180
     0   4507      0       0   4507   4507  41073.45 39337.45   1705.27    182
     0   4306      0       0   4306   4306  42593.92 40769.52   1790.53    177
     0   4179      0       0   4179   4179  44425.63 42560.09   1828.60    181
     0   4100      0       0   4100   4100  45050.41 43131.95   1882.28    182
     0   4424      0       0   4424   4424  41850.78 40077.40   1738.56    179
     0   4310      0       0   4310   4310  42892.24 41078.29   1780.59    180
     0   4269      0       0   4269   4269  43308.35 41471.79   1801.57    181
     0   4296      0       0   4296   4296  42935.54 41113.28   1790.06    179
     0   4132      0       0   4132   4132  44656.52 42763.69   1861.90    176
     0   4137      0       0   4137   4137  44599.39 42700.43   1861.15    182
     0   4076      0       0   4076   4076  45452.33 43528.70   1891.57    181
     0   3464      0       0   3464   3464  53159.07 50892.73   2232.60    177
     0   4133      0       0   4133   4133  44636.45 42743.11   1861.50    180
     0   4116      0       0   4116   4116  44820.08 42916.82   1864.30    180
     0   4350      0       0   4350   4350  42529.25 40730.80   1765.98    180
     0   4093      0       0   4093   4093  45145.67 43233.44   1884.36    180
     0   4035      0       0   4035   4035  45713.69 43765.76   1915.80    175
     0   4313      0       0   4313   4313  42849.28 41034.84   1782.34    182
     0   4262      0       0   4262   4262  43674.81 41823.57   1819.18    182
     0   4319      0       0   4319   4319  42613.66 40800.66   1773.52    179
     0   4009      0       0   4009   4009  46209.14 44255.82   1919.92    181
     0   4220      0       0   4220   4220  43857.93 41996.05   1829.80    178
     0   4382      0       0   4382   4382  42483.69 40691.49   1762.03    183
     0   4136      0       0   4136   4136  44554.13 42660.43   1849.41    180
     0   4411      0       0   4411   4411  42096.61 40317.78   1746.74    184
     0   4159      0       0   4159   4159  44405.28 42520.29   1855.13    182
     0   3831      0       0   3831   3831  48032.02 45987.97   2010.84    179
     0   4227      0       0   4227   4227  43716.61 41860.39   1824.95    181
     0   3998      0       0   3998   3998  46039.41 44071.52   1937.18    176
     0   4220      0       0   4220   4220  44003.48 42147.98   1821.69    182
     0   3934      0       0   3934   3934  46913.40 44931.17   1948.71    182
     0   3931      0       0   3931   3931  46987.05 44986.23   1970.28    179
     0   3753      0       0   3753   3753  48590.32 46498.64   2048.82    183
     0   3872      0       0   3872   3872  47891.44 45869.48   1988.01    181
     0   4162      0       0   4162   4162  44210.34 42328.25   1848.64    180
     0   4329      0       0   4329   4329  42774.46 40967.81   1772.27    182
     0   4207      0       0   4207   4207  43857.44 41994.72   1831.40    181
     0   4352      0       0   4352   4352  42545.28 40742.80   1768.39    183
     0   3834      0       0   3834   3834  48125.40 46074.55   2017.40    182
     0   4462      0       0   4462   4462  41690.19 39928.14   1729.94    180
     0   4392      0       0   4392   4392  42127.00 40338.30   1753.89    182
     0   3835      0       0   3835   3835  48156.23 46107.25   2016.58    180
     0   4178      0       0   4178   4178  44364.79 42482.89   1848.96    181
     0   4192      0       0   4192   4192  44362.00 42485.63   1841.09    180
     0   3942      0       0   3942   3942  46764.56 44777.41   1956.75    181
     0   4319      0       0   4319   4319  42714.73 40903.16   1778.19    180
     0   4028      0       0   4028   4028  45773.64 43832.33   1911.82    179
     0   4225      0       0   4225   4225  43677.83 41822.57   1824.92    180
     0   4407      0       0   4407   4407  41748.58 39972.43   1744.54    179
     0   4546      0       0   4546   4546  40813.62 39076.96   1704.49    179
     0   4181      0       0   4181   4181  44239.60 42368.38   1829.32    180
     0   4325      0       0   4325   4325  42748.10 40938.68   1778.51    182
     0   4232      0       0   4232   4232  43435.71 41585.93   1818.90    182
     0   4032      0       0   4032   4032  46015.41 44064.40   1914.42    183
     0   4196      0       0   4196   4196  44072.15 42205.58   1833.69    181
     0   4396      0       0   4396   4396  41940.88 40161.25   1739.97    182
     0   3543      0       0   3543   3543  51440.28 49228.92   2177.47    182
     0   4004      0       0   4004   4004  46328.84 44365.45   1930.38    180
     0   4163      0       0   4163   4163  44390.05 42505.61   1852.53    182
     0   4231      0       0   4231   4231  43676.32 41825.50   1821.15    181
     0   4080      0       0   4080   4080  44958.64 43035.64   1876.75    176
     0   4224      0       0   4224   4224  44176.94 42318.54   1825.89    178
     0   4134      0       0   4134   4134  44371.37 42477.59   1859.68    180
     0   4380      0       0   4380   4380  42610.05 40812.33   1767.18    181
     0   4110      0       0   4110   4110  44915.99 43009.03   1875.40    181
     0   4386      0       0   4386   4386  42279.38 40489.49   1757.38    182
     0   3864      0       0   3864   3864  45791.65 43825.91   1931.64      0
     0      0      0       0      0      0       NaN      NaN       NaN      0
     0      0      0       0      0      0       NaN      NaN       NaN      0
     0      0      0       0      0      0       NaN      NaN       NaN      0
     0      0      0       0      0      0       NaN      NaN       NaN      0
     0      0      0       0      0      0       NaN      NaN       NaN      0
================================================================================
ALL STATS (timing measures are in microseconds)
WORKER 0:
Type     |Total    |Ops/sec  |Hits/sec |Miss/Sec |Resp Time|Proc Time|Srvr Time
SET      |        0|     0.00|     0.00|     0.00|      NaN|      NaN|      NaN
GET      |    46263|   514.03|   514.03|     0.00| 44642.89|  1897.02|  1863.05
MULTIGET |        0|     0.00|     0.00|     0.00|      NaN|      NaN|      NaN
INVALID  |        0|     0.00|      ---|      ---|      NaN|      NaN|      ---
Average mutliget length: NaN
================================================================================
WORKER 1:
Type     |Total    |Ops/sec  |Hits/sec |Miss/Sec |Resp Time|Proc Time|Srvr Time
SET      |        0|     0.00|     0.00|     0.00|      NaN|      NaN|      NaN
GET      |    46196|   513.29|   513.29|     0.00| 44624.07|  1899.58|  1863.56
MULTIGET |        0|     0.00|     0.00|     0.00|      NaN|      NaN|      NaN
INVALID  |        0|     0.00|      ---|      ---|      NaN|      NaN|      ---
Average mutliget length: NaN
================================================================================
WORKER 2:
Type     |Total    |Ops/sec  |Hits/sec |Miss/Sec |Resp Time|Proc Time|Srvr Time
SET      |        0|     0.00|     0.00|     0.00|      NaN|      NaN|      NaN
GET      |    46296|   514.40|   514.40|     0.00| 44635.75|  1895.80|  1861.69
MULTIGET |        0|     0.00|     0.00|     0.00|      NaN|      NaN|      NaN
INVALID  |        0|     0.00|      ---|      ---|      NaN|      NaN|      ---
Average mutliget length: NaN
================================================================================
WORKER 3:
Type     |Total    |Ops/sec  |Hits/sec |Miss/Sec |Resp Time|Proc Time|Srvr Time
SET      |        0|     0.00|     0.00|     0.00|      NaN|      NaN|      NaN
GET      |    46269|   514.10|   514.10|     0.00| 44643.02|  1896.82|  1862.01
MULTIGET |        0|     0.00|     0.00|     0.00|      NaN|      NaN|      NaN
INVALID  |        0|     0.00|      ---|      ---|      NaN|      NaN|      ---
Average mutliget length: NaN
================================================================================
WORKER 4:
Type     |Total    |Ops/sec  |Hits/sec |Miss/Sec |Resp Time|Proc Time|Srvr Time
SET      |        0|     0.00|     0.00|     0.00|      NaN|      NaN|      NaN
GET      |    46278|   514.20|   514.20|     0.00| 44656.27|  1896.08|  1863.25
MULTIGET |        0|     0.00|     0.00|     0.00|      NaN|      NaN|      NaN
INVALID  |        0|     0.00|      ---|      ---|      NaN|      NaN|      ---
Average mutliget length: NaN
================================================================================
WORKER 5:
Type     |Total    |Ops/sec  |Hits/sec |Miss/Sec |Resp Time|Proc Time|Srvr Time
SET      |        0|     0.00|     0.00|     0.00|      NaN|      NaN|      NaN
GET      |    46220|   513.56|   513.56|     0.00| 44631.09|  1898.84|  1863.29
MULTIGET |        0|     0.00|     0.00|     0.00|      NaN|      NaN|      NaN
INVALID  |        0|     0.00|      ---|      ---|      NaN|      NaN|      ---
Average mutliget length: NaN
================================================================================
WORKER 6:
Type     |Total    |Ops/sec  |Hits/sec |Miss/Sec |Resp Time|Proc Time|Srvr Time
SET      |        0|     0.00|     0.00|     0.00|      NaN|      NaN|      NaN
GET      |    46096|   512.18|   512.18|     0.00| 44657.89|  1903.36|  1867.33
MULTIGET |        0|     0.00|     0.00|     0.00|      NaN|      NaN|      NaN
INVALID  |        0|     0.00|      ---|      ---|      NaN|      NaN|      ---
Average mutliget length: NaN
================================================================================
WORKER 7:
Type     |Total    |Ops/sec  |Hits/sec |Miss/Sec |Resp Time|Proc Time|Srvr Time
SET      |        0|     0.00|     0.00|     0.00|      NaN|      NaN|      NaN
GET      |    46252|   513.91|   513.91|     0.00| 44646.42|  1897.29|  1862.94
MULTIGET |        0|     0.00|     0.00|     0.00|      NaN|      NaN|      NaN
INVALID  |        0|     0.00|      ---|      ---|      NaN|      NaN|      ---
Average mutliget length: NaN
================================================================================
================================================================================

AGGREGATE FOR ALL WORKERS:
Type     |Total    |Ops/sec  |Hits/sec |Miss/Sec |Resp Time|Proc Time|Srvr Time
SET      |        0|     0.00|     0.00|     0.00|      NaN|      NaN|      NaN
GET      |   369870|  4109.67|  4109.67|     0.00| 44642.17|  1898.10|  1863.39
MULTIGET |        0|     0.00|     0.00|     0.00|      NaN|      NaN|      NaN
INVALID  |        0|     0.00|      ---|      ---|      NaN|      NaN|      ---
Average mutliget length: NaN


 HISTOGRAM
  Response time (ms)   Percent
                 0.1      0.00%
                 0.2      0.00%
                 0.3      0.00%
                 0.4      0.00%
                 0.5      0.00%
                 0.6      0.00%
                 0.7      0.00%
                 0.8      0.00%
                 0.9      0.00%
                 1.0      0.00%
                 1.1      0.00%
                 1.2      0.00%
                 1.3      0.00%
                 1.4      0.00%
                 1.5      0.00%
                 1.6      0.00%
                 1.7      0.00%
                 1.8      0.00%
                 1.9      0.00%
                 2.0      0.00%
                 2.1      0.00%
                 2.2      0.00%
                 2.3      0.00%
                 2.4      0.00%
                 2.5      0.00%
                 2.6      0.00%
                 2.7      0.00%
                 2.8      0.00%
                 2.9      0.00%
                 3.0      0.00%
                 3.1      0.00%
                 3.2      0.00%
                 3.3      0.00%
                 3.4      0.00%
                 3.5      0.00%
                 3.6      0.00%
                 3.7      0.00%
                 3.8      0.00%
                 3.9      0.00%
                 4.0      0.00%
                 4.1      0.00%
                 4.2      0.00%
                 4.3      0.00%
                 4.4      0.00%
                 4.5      0.00%
                 4.6      0.00%
                 4.7      0.00%
                 4.8      0.00%
                 4.9      0.00%
                 5.0      0.00%
                 5.1      0.00%
                 5.2      0.00%
                 5.3      0.00%
                 5.4      0.00%
                 5.5      0.00%
                 5.6      0.00%
                 5.7      0.00%
                 5.8      0.00%
                 5.9      0.00%
                 6.0      0.00%
                 6.1      0.00%
                 6.2      0.00%
                 6.3      0.00%
                 6.4      0.00%
                 6.5      0.00%
                 6.6      0.00%
                 6.7      0.00%
                 6.8      0.00%
                 6.9      0.00%
                 7.0      0.00%
                 7.1      0.00%
                 7.2      0.00%
                 7.3      0.00%
                 7.4      0.00%
                 7.5      0.00%
                 7.6      0.00%
                 7.7      0.00%
                 7.8      0.00%
                 7.9      0.00%
                 8.0      0.00%
                 8.1      0.00%
                 8.2      0.00%
                 8.3      0.00%
                 8.4      0.00%
                 8.5      0.00%
                 8.6      0.00%
                 8.7      0.00%
                 8.8      0.00%
                 8.9      0.00%
                 9.0      0.00%
                 9.1      0.00%
                 9.2      0.00%
                 9.3      0.00%
                 9.4      0.00%
                 9.5      0.00%
                 9.6      0.00%
                 9.7      0.00%
                 9.8      0.00%
                 9.9      0.00%
                10.0      0.00%
                10.1      0.00%
                10.2      0.00%
                10.3      0.00%
                10.4      0.00%
                10.5      0.00%
                10.6      0.00%
                10.7      0.00%
                10.8      0.00%
                10.9      0.00%
                11.0      0.00%
                11.1      0.00%
                11.2      0.00%
                11.3      0.00%
                11.4      0.00%
                11.5      0.00%
                11.6      0.00%
                11.7      0.00%
                11.8      0.00%
                11.9      0.00%
                12.0      0.00%
                12.1      0.00%
                12.2      0.00%
                12.3      0.00%
                12.4      0.00%
                12.5      0.00%
                12.6      0.00%
                12.7      0.00%
                12.8      0.00%
                12.9      0.00%
                13.0      0.00%
                13.1      0.00%
                13.2      0.00%
                13.3      0.00%
                13.4      0.00%
                13.5      0.00%
                13.6      0.00%
                13.7      0.00%
                13.8      0.00%
                13.9      0.00%
                14.0      0.00%
                14.1      0.00%
                14.2      0.00%
                14.3      0.00%
                14.4      0.00%
                14.5      0.00%
                14.6      0.00%
                14.7      0.00%
                14.8      0.00%
                14.9      0.00%
                15.0      0.00%
                15.1      0.00%
                15.2      0.00%
                15.3      0.00%
                15.4      0.00%
                15.5      0.00%
                15.6      0.00%
                15.7      0.00%
                15.8      0.00%
                15.9      0.00%
                16.0      0.00%
                16.1      0.00%
                16.2      0.00%
                16.3      0.00%
                16.4      0.00%
                16.5      0.00%
                16.6      0.00%
                16.7      0.00%
                16.8      0.00%
                16.9      0.00%
                17.0      0.00%
                17.1      0.00%
                17.2      0.00%
                17.3      0.00%
                17.4      0.00%
                17.5      0.00%
                17.6      0.00%
                17.7      0.00%
                17.8      0.00%
                17.9      0.00%
                18.0      0.00%
                18.1      0.00%
                18.2      0.00%
                18.3      0.00%
                18.4      0.00%
                18.5      0.00%
                18.6      0.00%
                18.7      0.00%
                18.8      0.00%
                18.9      0.00%
                19.0      0.00%
                19.1      0.00%
                19.2      0.00%
                19.3      0.00%
                19.4      0.00%
                19.5      0.00%
                19.6      0.00%
                19.7      0.00%
                19.8      0.00%
                19.9      0.00%
                20.0      0.00%
                20.1      0.00%
                20.2      0.00%
                20.3      0.00%
                20.4      0.00%
                20.5      0.00%
                20.6      0.00%
                20.7      0.00%
                20.8      0.00%
                20.9      0.00%
                21.0      0.00%
                21.1      0.00%
                21.2      0.00%
                21.3      0.00%
                21.4      0.00%
                21.5      0.00%
                21.6      0.00%
                21.7      0.00%
                21.8      0.00%
                21.9      0.00%
                22.0      0.00%
                22.1      0.00%
                22.2      0.00%
                22.3      0.00%
                22.4      0.00%
                22.5      0.00%
                22.6      0.00%
                22.7      0.00%
                22.8      0.00%
                22.9      0.00%
                23.0      0.00%
                23.1      0.00%
                23.2      0.00%
                23.3      0.00%
                23.4      0.00%
                23.5      0.00%
                23.6      0.00%
                23.7      0.00%
                23.8      0.00%
                23.9      0.00%
                24.0      0.00%
                24.1      0.00%
                24.2      0.00%
                24.3      0.00%
                24.4      0.00%
                24.5      0.00%
                24.6      0.00%
                24.7      0.00%
                24.8      0.00%
                24.9      0.00%
                25.0      0.00%
                25.1      0.00%
                25.2      0.00%
                25.3      0.00%
                25.4      0.00%
                25.5      0.00%
                25.6      0.00%
                25.7      0.00%
                25.8      0.00%
                25.9      0.00%
                26.0      0.00%
                26.1      0.00%
                26.2      0.00%
                26.3      0.00%
                26.4      0.00%
                26.5      0.00%
                26.6      0.00%
                26.7      0.00%
                26.8      0.00%
                26.9      0.00%
                27.0      0.00%
                27.1      0.00%
                27.2      0.00%
                27.3      0.00%
                27.4      0.00%
                27.5      0.00%
                27.6      0.00%
                27.7      0.00%
                27.8      0.00%
                27.9      0.00%
                28.0      0.00%
                28.1      0.00%
                28.2      0.00%
                28.3      0.00%
                28.4      0.00%
                28.5      0.00%
                28.6      0.00%
                28.7      0.00%
                28.8      0.00%
                28.9      0.00%
                29.0      0.00%
                29.1      0.00%
                29.2      0.00%
                29.3      0.00%
                29.4      0.00%
                29.5      0.00%
                29.6      0.00%
                29.7      0.00%
                29.8      0.00%
                29.9      0.00%
                30.0      0.00%
                30.1      0.00%
                30.2      0.00%
                30.3      0.00%
                30.4      0.00%
                30.5      0.00%
                30.6      0.00%
                30.7      0.00%
                30.8      0.00%
                30.9      0.00%
                31.0      0.00%
                31.1      0.00%
                31.2      0.00%
                31.3      0.00%
                31.4      0.00%
                31.5      0.00%
                31.6      0.00%
                31.7      0.00%
                31.8      0.00%
                31.9      0.00%
                32.0      0.00%
                32.1      0.00%
                32.2      0.00%
                32.3      0.00%
                32.4      0.00%
                32.5      0.01%
                32.6      0.01%
                32.7      0.01%
                32.8      0.01%
                32.9      0.01%
                33.0      0.01%
                33.1      0.01%
                33.2      0.01%
                33.3      0.01%
                33.4      0.01%
                33.5      0.01%
                33.6      0.01%
                33.7      0.01%
                33.8      0.01%
                33.9      0.02%
                34.0      0.02%
                34.1      0.02%
                34.2      0.02%
                34.3      0.03%
                34.4      0.03%
                34.5      0.03%
                34.6      0.04%
                34.7      0.05%
                34.8      0.05%
                34.9      0.06%
                35.0      0.07%
                35.1      0.08%
                35.2      0.09%
                35.3      0.11%
                35.4      0.13%
                35.5      0.14%
                35.6      0.16%
                35.7      0.18%
                35.8      0.20%
                35.9      0.22%
                36.0      0.26%
                36.1      0.29%
                36.2      0.33%
                36.3      0.38%
                36.4      0.43%
                36.5      0.48%
                36.6      0.56%
                36.7      0.64%
                36.8      0.72%
                36.9      0.82%
                37.0      0.93%
                37.1      1.06%
                37.2      1.19%
                37.3      1.35%
                37.4      1.53%
                37.5      1.74%
                37.6      1.99%
                37.7      2.27%
                37.8      2.57%
                37.9      2.89%
                38.0      3.26%
                38.1      3.68%
                38.2      4.14%
                38.3      4.63%
                38.4      5.16%
                38.5      5.71%
                38.6      6.32%
                38.7      6.95%
                38.8      7.64%
                38.9      8.35%
                39.0      9.11%
                39.1      9.92%
                39.2     10.79%
                39.3     11.70%
                39.4     12.71%
                39.5     13.76%
                39.6     14.83%
                39.7     15.95%
                39.8     17.10%
                39.9     18.24%
                40.0     19.45%
                40.1     20.67%
                40.2     21.92%
                40.3     23.19%
                40.4     24.47%
                40.5     25.74%
                40.6     27.03%
                40.7     28.28%
                40.8     29.59%
                40.9     30.90%
                41.0     32.22%
                41.1     33.52%
                41.2     34.83%
                41.3     36.10%
                41.4     37.39%
                41.5     38.61%
                41.6     39.83%
                41.7     40.99%
                41.8     42.17%
                41.9     43.33%
                42.0     44.45%
                42.1     45.56%
                42.2     46.62%
                42.3     47.66%
                42.4     48.67%
                42.5     49.65%
                42.6     50.61%
                42.7     51.55%
                42.8     52.51%
                42.9     53.45%
                43.0     54.34%
                43.1     55.23%
                43.2     56.08%
                43.3     56.95%
                43.4     57.78%
                43.5     58.60%
                43.6     59.37%
                43.7     60.12%
                43.8     60.84%
                43.9     61.55%
                44.0     62.28%
                44.1     62.98%
                44.2     63.68%
                44.3     64.37%
                44.4     65.08%
                44.5     65.76%
                44.6     66.41%
                44.7     67.06%
                44.8     67.70%
                44.9     68.31%
                45.0     68.90%
                45.1     69.48%
                45.2     70.03%
                45.3     70.58%
                45.4     71.11%
                45.5     71.62%
                45.6     72.15%
                45.7     72.66%
                45.8     73.16%
                45.9     73.64%
                46.0     74.12%
                46.1     74.59%
                46.2     75.05%
                46.3     75.48%
                46.4     75.93%
                46.5     76.31%
                46.6     76.72%
                46.7     77.09%
                46.8     77.45%
                46.9     77.83%
                47.0     78.20%
                47.1     78.56%
                47.2     78.90%
                47.3     79.24%
                47.4     79.58%
                47.5     79.93%
                47.6     80.23%
                47.7     80.54%
                47.8     80.83%
                47.9     81.13%
                48.0     81.41%
                48.1     81.70%
                48.2     81.97%
                48.3     82.23%
                48.4     82.48%
                48.5     82.71%
                48.6     82.97%
                48.7     83.21%
                48.8     83.45%
                48.9     83.68%
                49.0     83.92%
                49.1     84.13%
                49.2     84.37%
                49.3     84.61%
                49.4     84.83%
                49.5     85.04%
                49.6     85.26%
                49.7     85.46%
                49.8     85.67%
                49.9     85.85%
                50.0     86.04%
                50.1     86.23%
                50.2     86.41%
                50.3     86.57%
                50.4     86.75%
                50.5     86.93%
                50.6     87.10%
                50.7     87.28%
                50.8     87.44%
                50.9     87.62%
                51.0     87.80%
                51.1     87.96%
                51.2     88.11%
                51.3     88.28%
                51.4     88.43%
                51.5     88.58%
                51.6     88.73%
                51.7     88.87%
                51.8     89.00%
                51.9     89.15%
                52.0     89.29%
                52.1     89.43%
                52.2     89.57%
                52.3     89.70%
                52.4     89.83%
                52.5     89.95%
                52.6     90.09%
                52.7     90.22%
                52.8     90.35%
                52.9     90.48%
                53.0     90.61%
                53.1     90.73%
                53.2     90.85%
                53.3     90.96%
                53.4     91.08%
                53.5     91.20%
                53.6     91.31%
                53.7     91.42%
                53.8     91.54%
                53.9     91.65%
                54.0     91.75%
                54.1     91.86%
                54.2     91.97%
                54.3     92.08%
                54.4     92.19%
                54.5     92.30%
                54.6     92.39%
                54.7     92.50%
                54.8     92.62%
                54.9     92.72%
                55.0     92.84%
                55.1     92.94%
                55.2     93.04%
                55.3     93.14%
                55.4     93.24%
                55.5     93.33%
                55.6     93.43%
                55.7     93.51%
                55.8     93.61%
                55.9     93.69%
                56.0     93.77%
                56.1     93.86%
                56.2     93.94%
                56.3     94.03%
                56.4     94.11%
                56.5     94.21%
                56.6     94.29%
                56.7     94.38%
                56.8     94.47%
                56.9     94.54%
                57.0     94.61%
                57.1     94.69%
                57.2     94.77%
                57.3     94.85%
                57.4     94.93%
                57.5     95.00%
                57.6     95.07%
                57.7     95.15%
                57.8     95.23%
                57.9     95.30%
                58.0     95.36%
                58.1     95.43%
                58.2     95.49%
                58.3     95.56%
                58.4     95.63%
                58.5     95.69%
                58.6     95.76%
                58.7     95.82%
                58.8     95.89%
                58.9     95.95%
                59.0     96.02%
                59.1     96.09%
                59.2     96.15%
                59.3     96.22%
                59.4     96.28%
                59.5     96.33%
                59.6     96.38%
                59.7     96.43%
                59.8     96.49%
                59.9     96.56%
                60.0     96.60%
                60.1     96.66%
                60.2     96.70%
                60.3     96.75%
                60.4     96.80%
                60.5     96.84%
                60.6     96.89%
                60.7     96.94%
                60.8     97.00%
                60.9     97.05%
                61.0     97.10%
                61.1     97.14%
                61.2     97.17%
                61.3     97.22%
                61.4     97.26%
                61.5     97.30%
                61.6     97.33%
                61.7     97.37%
                61.8     97.42%
                61.9     97.46%
                62.0     97.49%
                62.1     97.53%
                62.2     97.56%
                62.3     97.59%
                62.4     97.62%
                62.5     97.65%
                62.6     97.68%
                62.7     97.71%
                62.8     97.74%
                62.9     97.78%
                63.0     97.81%
                63.1     97.85%
                63.2     97.88%
                63.3     97.91%
                63.4     97.94%
                63.5     97.97%
                63.6     98.00%
                63.7     98.03%
                63.8     98.06%
                63.9     98.08%
                64.0     98.11%
                64.1     98.14%
                64.2     98.17%
                64.3     98.20%
                64.4     98.22%
                64.5     98.25%
                64.6     98.27%
                64.7     98.29%
                64.8     98.32%
                64.9     98.34%
                65.0     98.36%
                65.1     98.38%
                65.2     98.40%
                65.3     98.42%
                65.4     98.44%
                65.5     98.46%
                65.6     98.48%
                65.7     98.50%
                65.8     98.52%
                65.9     98.54%
                66.0     98.56%
                66.1     98.57%
                66.2     98.59%
                66.3     98.60%
                66.4     98.62%
                66.5     98.64%
                66.6     98.66%
                66.7     98.68%
                66.8     98.70%
                66.9     98.72%
                67.0     98.73%
                67.1     98.74%
                67.2     98.76%
                67.3     98.77%
                67.4     98.79%
                67.5     98.80%
                67.6     98.82%
                67.7     98.83%
                67.8     98.84%
                67.9     98.86%
                68.0     98.87%
                68.1     98.88%
                68.2     98.90%
                68.3     98.91%
                68.4     98.92%
                68.5     98.94%
                68.6     98.96%
                68.7     98.97%
                68.8     98.98%
                68.9     99.00%
                69.0     99.01%
                69.1     99.03%
                69.2     99.05%
                69.3     99.06%
                69.4     99.08%
                69.5     99.09%
                69.6     99.10%
                69.7     99.12%
                69.8     99.13%
                69.9     99.14%
                70.0     99.15%
                70.1     99.16%
                70.2     99.17%
                70.3     99.18%
                70.4     99.20%
                70.5     99.21%
                70.6     99.22%
                70.7     99.23%
                70.8     99.24%
                70.9     99.25%
                71.0     99.27%
                71.1     99.28%
                71.2     99.29%
                71.3     99.31%
                71.4     99.32%
                71.5     99.33%
                71.6     99.34%
                71.7     99.35%
                71.8     99.37%
                71.9     99.37%
                72.0     99.38%
                72.1     99.39%
                72.2     99.40%
                72.3     99.41%
                72.4     99.42%
                72.5     99.43%
                72.6     99.44%
                72.7     99.44%
                72.8     99.45%
                72.9     99.46%
                73.0     99.47%
                73.1     99.47%
                73.2     99.48%
                73.3     99.49%
                73.4     99.50%
                73.5     99.50%
                73.6     99.51%
                73.7     99.52%
                73.8     99.52%
                73.9     99.53%
                74.0     99.53%
                74.1     99.53%
                74.2     99.54%
                74.3     99.54%
                74.4     99.55%
                74.5     99.55%
                74.6     99.56%
                74.7     99.56%
                74.8     99.57%
                74.9     99.57%
                75.0     99.58%
                75.1     99.59%
                75.2     99.60%
                75.3     99.61%
                75.4     99.62%
                75.5     99.62%
                75.6     99.63%
                75.7     99.63%
                75.8     99.64%
                75.9     99.64%
                76.0     99.65%
                76.1     99.66%
                76.2     99.66%
                76.3     99.67%
                76.4     99.68%
                76.5     99.68%
                76.6     99.69%
                76.7     99.69%
                76.8     99.70%
                76.9     99.71%
                77.0     99.71%
                77.1     99.72%
                77.2     99.72%
                77.3     99.73%
                77.4     99.73%
                77.5     99.74%
                77.6     99.75%
                77.7     99.76%
                77.8     99.76%
                77.9     99.77%
                78.0     99.78%
                78.1     99.79%
                78.2     99.79%
                78.3     99.80%
                78.4     99.80%
                78.5     99.81%
                78.6     99.82%
                78.7     99.82%
                78.8     99.82%
                78.9     99.83%
                79.0     99.84%
                79.1     99.85%
                79.2     99.85%
                79.3     99.86%
                79.4     99.87%
                79.5     99.87%
                79.6     99.88%
                79.7     99.89%
                79.8     99.89%
                79.9     99.90%
                80.0     99.90%
                80.1     99.90%
                80.2     99.91%
                80.3     99.91%
                80.4     99.91%
                80.5     99.91%
                80.6     99.91%
                80.7     99.92%
                80.8     99.92%
                80.9     99.92%
                81.0     99.92%
                81.1     99.92%
                81.2     99.92%
                81.3     99.93%
                81.4     99.93%
                81.5     99.93%
                81.6     99.93%
                81.7     99.93%
                81.8     99.93%
                81.9     99.93%
                82.0     99.93%
                82.1     99.93%
                82.2     99.93%
                82.3     99.93%
                82.4     99.93%
                82.5     99.93%
                82.6     99.94%
                82.7     99.94%
                82.8     99.94%
                82.9     99.94%
                83.0     99.94%
                83.1     99.94%
                83.2     99.94%
                83.3     99.94%
                83.4     99.94%
                83.5     99.94%
                83.6     99.94%
                83.7     99.94%
                83.8     99.94%
                83.9     99.95%
                84.0     99.95%
                84.1     99.95%
                84.2     99.95%
                84.3     99.95%
                84.4     99.95%
                84.5     99.95%
                84.6     99.95%
                84.7     99.95%
                84.8     99.95%
                84.9     99.95%
                85.0     99.95%
                85.1     99.95%
                85.2     99.95%
                85.3     99.95%
                85.4     99.95%
                85.5     99.95%
                85.6     99.95%
                85.7     99.95%
                85.8     99.95%
                85.9     99.95%
                86.0     99.95%
                86.1     99.95%
                86.2     99.95%
                86.3     99.95%
                86.4     99.95%
                86.5     99.95%
                86.6     99.95%
                86.7     99.95%
                86.8     99.95%
                86.9     99.95%
                87.0     99.95%
                87.1     99.95%
                87.2     99.95%
                87.3     99.95%
                87.4     99.95%
                87.5     99.95%
                87.6     99.95%
                87.7     99.95%
                87.8     99.95%
                87.9     99.95%
                88.0     99.95%
                88.1     99.95%
                88.2     99.95%
                88.3     99.95%
                88.4     99.95%
                88.5     99.95%
                88.6     99.95%
                88.7     99.95%
                88.8     99.95%
                88.9     99.95%
                89.0     99.95%
                89.1     99.95%
                89.2     99.95%
                89.3     99.95%
                89.4     99.95%
                89.5     99.95%
                89.6     99.95%
                89.7     99.95%
                89.8     99.95%
                89.9     99.95%
                90.0     99.95%
                90.1     99.95%
                90.2     99.95%
                90.3     99.95%
                90.4     99.95%
                90.5     99.95%
                90.6     99.95%
                90.7     99.95%
                90.8     99.95%
                90.9     99.95%
                91.0     99.95%
                91.1     99.95%
                91.2     99.95%
                91.3     99.95%
                91.4     99.95%
                91.5     99.95%
                91.6     99.95%
                91.7     99.95%
                91.8     99.95%
                91.9     99.95%
                92.0     99.95%
                92.1     99.95%
                92.2     99.95%
                92.3     99.95%
                92.4     99.95%
                92.5     99.95%
                92.6     99.95%
                92.7     99.95%
                92.8     99.95%
                92.9     99.95%
                93.0     99.95%
                93.1     99.95%
                93.2     99.95%
                93.3     99.95%
                93.4     99.95%
                93.5     99.95%
                93.6     99.95%
                93.7     99.95%
                93.8     99.95%
                93.9     99.95%
                94.0     99.95%
                94.1     99.95%
                94.2     99.95%
                94.3     99.95%
                94.4     99.95%
                94.5     99.95%
                94.6     99.95%
                94.7     99.95%
                94.8     99.95%
                94.9     99.95%
                95.0     99.95%
                95.1     99.95%
                95.2     99.95%
                95.3     99.95%
                95.4     99.95%
                95.5     99.95%
                95.6     99.95%
                95.7     99.95%
                95.8     99.95%
                95.9     99.95%
                96.0     99.95%
                96.1     99.95%
                96.2     99.95%
                96.3     99.95%
                96.4     99.95%
                96.5     99.95%
                96.6     99.95%
                96.7     99.95%
                96.8     99.95%
                96.9     99.95%
                97.0     99.95%
                97.1     99.95%
                97.2     99.95%
                97.3     99.95%
                97.4     99.95%
                97.5     99.95%
                97.6     99.95%
                97.7     99.95%
                97.8     99.95%
                97.9     99.95%
                98.0     99.95%
                98.1     99.95%
                98.2     99.95%
                98.3     99.95%
                98.4     99.95%
                98.5     99.95%
                98.6     99.95%
                98.7     99.95%
                98.8     99.95%
                98.9     99.95%
                99.0     99.95%
                99.1     99.95%
                99.2     99.95%
                99.3     99.95%
                99.4     99.95%
                99.5     99.95%
                99.6     99.95%
                99.7     99.95%
                99.8     99.95%
                99.9     99.95%
               100.0     99.95%
               100.1     99.95%
               100.2     99.95%
               100.3     99.95%
               100.4     99.95%
               100.5     99.95%
               100.6     99.95%
               100.7     99.95%
               100.8     99.95%
               100.9     99.95%
               101.0     99.95%
               101.1     99.95%
               101.2     99.95%
               101.3     99.95%
               101.4     99.95%
               101.5     99.95%
               101.6     99.95%
               101.7     99.95%
               101.8     99.95%
               101.9     99.95%
               102.0     99.95%
               102.1     99.95%
               102.2     99.95%
               102.3     99.95%
               102.4     99.95%
               102.5     99.95%
               102.6     99.95%
               102.7     99.95%
               102.8     99.95%
               102.9     99.95%
               103.0     99.95%
               103.1     99.95%
               103.2     99.95%
               103.3     99.95%
               103.4     99.95%
               103.5     99.95%
               103.6     99.95%
               103.7     99.95%
               103.8     99.95%
               103.9     99.95%
               104.0     99.96%
               104.1     99.96%
               104.2     99.96%
               104.3     99.96%
               104.4     99.96%
               104.5     99.96%
               104.6     99.96%
               104.7     99.97%
               104.8     99.97%
               104.9     99.97%
               105.0     99.97%
               105.1     99.97%
               105.2     99.97%
               105.3     99.98%
               105.4     99.98%
               105.5     99.98%
               105.6     99.99%
               105.7     99.99%
               105.8     99.99%
               105.9    100.00%
               106.0    100.00%
               106.1    100.00%
               106.2    100.00%
               106.3    100.00%
               106.4    100.00%
               106.5    100.00%
               106.6    100.00%
               106.7    100.00%
               106.8    100.00%
               106.9    100.00%
               107.0    100.00%
               107.1    100.00%
               107.2    100.00%
               107.3    100.00%
               107.4    100.00%
               107.5    100.00%
               107.6    100.00%
               107.7    100.00%
               107.8    100.00%
               107.9    100.00%
               108.0    100.00%
               108.1    100.00%
               108.2    100.00%
               108.3    100.00%
               108.4    100.00%
               108.5    100.00%
               108.6    100.00%
               108.7    100.00%
               108.8    100.00%
               108.9    100.00%
               109.0    100.00%
               109.1    100.00%
               109.2    100.00%
               109.3    100.00%
               109.4    100.00%
               109.5    100.00%
               109.6    100.00%

