Threads: 32, Sharded reads: true, Number of Memcached servers: 3.

All measures in microseconds.
  SETS   GETS  MGETS   INVLD    TOT   HITS     RSP T      Q T     SVR T  Q LEN
     0      0  14790       0  14790  14790   2419.93   106.27   2255.36      0
     0      0   1949       0   1949   1949   2314.09    58.17   2197.46      0
     0      0   1983       0   1983   1983   2229.58    67.26   2116.34      0
     0      0   2048       0   2048   2048   2167.13    58.41   2064.45      0
     0      0   2044       0   2044   2044   2202.89    51.94   2106.26      0
     0      0   2004       0   2004   2004   2234.30    52.76   2117.10      0
     0      0   1980       0   1980   1980   2247.77    56.27   2148.13      0
     0      0   1892       0   1892   1892   2363.80    68.21   2248.00      0
     0      0   1844       0   1844   1844   2433.14    83.05   2303.86      0
     0      0   1935       0   1935   1935   2311.16    60.50   2205.08      0
     0      0   1928       0   1928   1928   2339.40    56.67   2228.89      0
     0      0   1982       0   1982   1982   2277.20    63.95   2168.65      0
     0      0   1931       0   1931   1931   2317.73    58.20   2213.23      1
     0      0   1976       0   1976   1976   2254.59    64.09   2145.01      0
     0      0   1907       0   1907   1907   2334.90    61.56   2228.24      0
     0      0   2016       0   2016   2016   2229.97    58.74   2125.31      0
     0      0   1982       0   1982   1982   2269.82    68.55   2154.41      0
     0      0   1994       0   1994   1994   2243.54    55.76   2140.98      0
     0      0   2013       0   2013   2013   2238.67    56.27   2134.83      0
     0      0   1988       0   1988   1988   2317.46    59.67   2210.98      3
     0      0   1948       0   1948   1948   2315.05    59.38   2205.13      0
     0      0   1908       0   1908   1908   2323.11    62.17   2213.85      0
     0      0   1955       0   1955   1955   2288.43    63.01   2178.92      0
     0      0   1949       0   1949   1949   2295.68    57.03   2189.65      0
     0      0   2024       0   2024   2024   2203.15    57.94   2097.10      0
     0      0   1996       0   1996   1996   2223.42    61.27   2113.43      0
     0      0   2009       0   2009   2009   2211.94    64.66   2099.72      0
     0      0   1899       0   1899   1899   2329.14    72.62   2209.24      0
     0      0   2005       0   2005   2005   2226.72    66.28   2110.89      0
     0      0   1998       0   1998   1998   2260.59    61.66   2152.19      0
     0      0   1943       0   1943   1943   2324.28    76.30   2202.35      3
     0      0   1935       0   1935   1935   2321.59    62.98   2210.27      0
     0      0   1942       0   1942   1942   2296.87    65.04   2182.86      0
     0      0   1923       0   1923   1923   2361.43    67.16   2246.64      1
     0      0   1913       0   1913   1913   2362.24    61.50   2252.72      0
     0      0   1960       0   1960   1960   2255.23    65.58   2143.73      0
     0      0   1973       0   1973   1973   2249.89    67.28   2137.05      0
     0      0   1970       0   1970   1970   2280.87    58.96   2173.40      0
     0      0   1990       0   1990   1990   2228.61    62.56   2118.53      0
     0      0   1991       0   1991   1991   2261.12    57.35   2157.46      0
     0      0   1971       0   1971   1971   2280.17    63.11   2172.72      0
     0      0   1981       0   1981   1981   2263.93    71.01   2149.14      0
     0      0   1989       0   1989   1989   2256.68    55.95   2154.76      0
     0      0   2012       0   2012   2012   2243.11    59.68   2134.27      0
     0      0   1916       0   1916   1916   2235.17    56.89   2132.70      0
     0      0   1957       0   1957   1957   2284.07    86.26   2151.98      0
     0      0   1988       0   1988   1988   2257.57    53.47   2158.12      0
     0      0   1935       0   1935   1935   2322.81    61.28   2217.28      0
     0      0   1882       0   1882   1882   2365.68    81.90   2236.09      0
     0      0   2030       0   2030   2030   2187.71    63.47   2079.50      0
     0      0   1981       0   1981   1981   2239.03    60.95   2131.50      0
     0      0   1995       0   1995   1995   2186.73    59.93   2081.73      0
     0      0   2011       0   2011   2011   2194.82    54.28   2096.28      0
     0      0   1892       0   1892   1892   2342.49    67.07   2235.51      0
     0      0   2009       0   2009   2009   2244.41    55.28   2141.41      0
     0      0   1981       0   1981   1981   2260.43    55.42   2161.02      0
     0      0   1956       0   1956   1956   2288.14    52.44   2191.55      0
     0      0   1939       0   1939   1939   2272.50    51.41   2175.77      0
     0      0   1916       0   1916   1916   2350.29    55.36   2250.14      0
     0      0   1982       0   1982   1982   2252.05    60.49   2144.26      1
     0      0   1964       0   1964   1964   2279.22    55.08   2176.71      0
     0      0   1955       0   1955   1955   2274.38    53.67   2144.65      0
     0      0   1968       0   1968   1968   2247.32    55.85   2139.53      0
     0      0   1979       0   1979   1979   2264.28    56.85   2161.16      0
     0      0   2004       0   2004   2004   2238.39    52.17   2135.38      0
     0      0   1913       0   1913   1913   2337.77    55.27   2234.40      0
     0      0   1812       0   1812   1812   2464.37    59.11   2352.49      0
     0      0   1913       0   1913   1913   2342.82    54.29   2231.03      0
     0      0   1869       0   1869   1869   2380.31    65.94   2246.55      0
     0      0   1919       0   1919   1919   2340.61    78.91   2199.35      3
     0      0   1960       0   1960   1960   2259.34    61.83   2135.39      0
     0      0   2007       0   2007   2007   2221.56    56.85   2110.20      0
     0      0   2000       0   2000   2000   2210.06    63.00   2102.89      0
     0      0   1967       0   1967   1967   2251.69    63.80   2142.35      0
     0      0   2005       0   2005   2005   2242.66    63.01   2135.75      0
     0      0   1943       0   1943   1943   2305.90    63.12   2196.06      0
     0      0   1919       0   1919   1919   2298.56    61.28   2191.94      0
     0      0   1905       0   1905   1905   2290.18    63.55   2179.64      0
     0      0   1907       0   1907   1907   2335.63    63.41   2230.32      0
     0      0   1910       0   1910   1910   2349.83    61.15   2241.72      0
     0      0   1862       0   1862   1862   2416.22    61.16   2308.87      0
     0      0   1939       0   1939   1939   2290.03    54.27   2192.18      0
     0      0    422       0    422    422   2377.72    56.01   2274.91      0
     0      0      0       0      0      0       NaN      NaN       NaN      0
     0      0      0       0      0      0       NaN      NaN       NaN      0
     0      0      0       0      0      0       NaN      NaN       NaN      0
     0      0      0       0      0      0       NaN      NaN       NaN      0
     0      0      0       0      0      0       NaN      NaN       NaN      0
================================================================================
ALL STATS (timing measures are in microseconds)
WORKER 0:
Type     |Total    |Ops/sec  |Hits/sec |Miss/Sec |Resp Time|Proc Time|Srvr Time
SET      |        0|     0.00|     0.00|     0.00|      NaN|      NaN|      NaN
GET      |        0|     0.00|     0.00|     0.00|      NaN|      NaN|      NaN
MULTIGET |     5461|    60.01|    60.01|     0.00|  2293.05|  2227.30|  2181.73
INVALID  |        0|     0.00|      ---|      ---|      NaN|      NaN|      ---
Average mutliget length: 3.00
================================================================================
WORKER 1:
Type     |Total    |Ops/sec  |Hits/sec |Miss/Sec |Resp Time|Proc Time|Srvr Time
SET      |        0|     0.00|     0.00|     0.00|      NaN|      NaN|      NaN
GET      |        0|     0.00|     0.00|     0.00|      NaN|      NaN|      NaN
MULTIGET |     5408|    59.43|    59.43|     0.00|  2284.46|  2225.28|  2176.73
INVALID  |        0|     0.00|      ---|      ---|      NaN|      NaN|      ---
Average mutliget length: 3.00
================================================================================
WORKER 2:
Type     |Total    |Ops/sec  |Hits/sec |Miss/Sec |Resp Time|Proc Time|Srvr Time
SET      |        0|     0.00|     0.00|     0.00|      NaN|      NaN|      NaN
GET      |        0|     0.00|     0.00|     0.00|      NaN|      NaN|      NaN
MULTIGET |     5444|    59.82|    59.82|     0.00|  2286.16|  2221.43|  2173.64
INVALID  |        0|     0.00|      ---|      ---|      NaN|      NaN|      ---
Average mutliget length: 3.00
================================================================================
WORKER 3:
Type     |Total    |Ops/sec  |Hits/sec |Miss/Sec |Resp Time|Proc Time|Srvr Time
SET      |        0|     0.00|     0.00|     0.00|      NaN|      NaN|      NaN
GET      |        0|     0.00|     0.00|     0.00|      NaN|      NaN|      NaN
MULTIGET |     5426|    59.63|    59.63|     0.00|  2288.81|  2226.91|  2180.22
INVALID  |        0|     0.00|      ---|      ---|      NaN|      NaN|      ---
Average mutliget length: 3.00
================================================================================
WORKER 4:
Type     |Total    |Ops/sec  |Hits/sec |Miss/Sec |Resp Time|Proc Time|Srvr Time
SET      |        0|     0.00|     0.00|     0.00|      NaN|      NaN|      NaN
GET      |        0|     0.00|     0.00|     0.00|      NaN|      NaN|      NaN
MULTIGET |     5390|    59.23|    59.23|     0.00|  2277.82|  2212.65|  2163.86
INVALID  |        0|     0.00|      ---|      ---|      NaN|      NaN|      ---
Average mutliget length: 3.00
================================================================================
WORKER 5:
Type     |Total    |Ops/sec  |Hits/sec |Miss/Sec |Resp Time|Proc Time|Srvr Time
SET      |        0|     0.00|     0.00|     0.00|      NaN|      NaN|      NaN
GET      |        0|     0.00|     0.00|     0.00|      NaN|      NaN|      NaN
MULTIGET |     5456|    59.96|    59.96|     0.00|  2301.37|  2236.56|  2185.50
INVALID  |        0|     0.00|      ---|      ---|      NaN|      NaN|      ---
Average mutliget length: 3.00
================================================================================
WORKER 6:
Type     |Total    |Ops/sec  |Hits/sec |Miss/Sec |Resp Time|Proc Time|Srvr Time
SET      |        0|     0.00|     0.00|     0.00|      NaN|      NaN|      NaN
GET      |        0|     0.00|     0.00|     0.00|      NaN|      NaN|      NaN
MULTIGET |     5501|    60.45|    60.45|     0.00|  2277.63|  2215.15|  2165.33
INVALID  |        0|     0.00|      ---|      ---|      NaN|      NaN|      ---
Average mutliget length: 3.00
================================================================================
WORKER 7:
Type     |Total    |Ops/sec  |Hits/sec |Miss/Sec |Resp Time|Proc Time|Srvr Time
SET      |        0|     0.00|     0.00|     0.00|      NaN|      NaN|      NaN
GET      |        0|     0.00|     0.00|     0.00|      NaN|      NaN|      NaN
MULTIGET |     5431|    59.68|    59.68|     0.00|  2295.09|  2229.67|  2170.37
INVALID  |        0|     0.00|      ---|      ---|      NaN|      NaN|      ---
Average mutliget length: 3.00
================================================================================
WORKER 8:
Type     |Total    |Ops/sec  |Hits/sec |Miss/Sec |Resp Time|Proc Time|Srvr Time
SET      |        0|     0.00|     0.00|     0.00|      NaN|      NaN|      NaN
GET      |        0|     0.00|     0.00|     0.00|      NaN|      NaN|      NaN
MULTIGET |     5451|    59.90|    59.90|     0.00|  2303.04|  2239.52|  2189.91
INVALID  |        0|     0.00|      ---|      ---|      NaN|      NaN|      ---
Average mutliget length: 3.00
================================================================================
WORKER 9:
Type     |Total    |Ops/sec  |Hits/sec |Miss/Sec |Resp Time|Proc Time|Srvr Time
SET      |        0|     0.00|     0.00|     0.00|      NaN|      NaN|      NaN
GET      |        0|     0.00|     0.00|     0.00|      NaN|      NaN|      NaN
MULTIGET |     5381|    59.13|    59.13|     0.00|  2287.13|  2223.25|  2172.13
INVALID  |        0|     0.00|      ---|      ---|      NaN|      NaN|      ---
Average mutliget length: 3.00
================================================================================
WORKER 10:
Type     |Total    |Ops/sec  |Hits/sec |Miss/Sec |Resp Time|Proc Time|Srvr Time
SET      |        0|     0.00|     0.00|     0.00|      NaN|      NaN|      NaN
GET      |        0|     0.00|     0.00|     0.00|      NaN|      NaN|      NaN
MULTIGET |     5418|    59.54|    59.54|     0.00|  2284.34|  2221.43|  2173.76
INVALID  |        0|     0.00|      ---|      ---|      NaN|      NaN|      ---
Average mutliget length: 3.00
================================================================================
WORKER 11:
Type     |Total    |Ops/sec  |Hits/sec |Miss/Sec |Resp Time|Proc Time|Srvr Time
SET      |        0|     0.00|     0.00|     0.00|      NaN|      NaN|      NaN
GET      |        0|     0.00|     0.00|     0.00|      NaN|      NaN|      NaN
MULTIGET |     5454|    59.93|    59.93|     0.00|  2284.92|  2221.42|  2175.95
INVALID  |        0|     0.00|      ---|      ---|      NaN|      NaN|      ---
Average mutliget length: 3.00
================================================================================
WORKER 12:
Type     |Total    |Ops/sec  |Hits/sec |Miss/Sec |Resp Time|Proc Time|Srvr Time
SET      |        0|     0.00|     0.00|     0.00|      NaN|      NaN|      NaN
GET      |        0|     0.00|     0.00|     0.00|      NaN|      NaN|      NaN
MULTIGET |     5435|    59.73|    59.73|     0.00|  2305.88|  2238.05|  2186.04
INVALID  |        0|     0.00|      ---|      ---|      NaN|      NaN|      ---
Average mutliget length: 3.00
================================================================================
WORKER 13:
Type     |Total    |Ops/sec  |Hits/sec |Miss/Sec |Resp Time|Proc Time|Srvr Time
SET      |        0|     0.00|     0.00|     0.00|      NaN|      NaN|      NaN
GET      |        0|     0.00|     0.00|     0.00|      NaN|      NaN|      NaN
MULTIGET |     5487|    60.30|    60.30|     0.00|  2283.69|  2220.43|  2172.62
INVALID  |        0|     0.00|      ---|      ---|      NaN|      NaN|      ---
Average mutliget length: 3.00
================================================================================
WORKER 14:
Type     |Total    |Ops/sec  |Hits/sec |Miss/Sec |Resp Time|Proc Time|Srvr Time
SET      |        0|     0.00|     0.00|     0.00|      NaN|      NaN|      NaN
GET      |        0|     0.00|     0.00|     0.00|      NaN|      NaN|      NaN
MULTIGET |     5450|    59.89|    59.89|     0.00|  2297.49|  2231.03|  2181.43
INVALID  |        0|     0.00|      ---|      ---|      NaN|      NaN|      ---
Average mutliget length: 3.00
================================================================================
WORKER 15:
Type     |Total    |Ops/sec  |Hits/sec |Miss/Sec |Resp Time|Proc Time|Srvr Time
SET      |        0|     0.00|     0.00|     0.00|      NaN|      NaN|      NaN
GET      |        0|     0.00|     0.00|     0.00|      NaN|      NaN|      NaN
MULTIGET |     5396|    59.30|    59.30|     0.00|  2289.92|  2225.42|  2178.91
INVALID  |        0|     0.00|      ---|      ---|      NaN|      NaN|      ---
Average mutliget length: 3.00
================================================================================
WORKER 16:
Type     |Total    |Ops/sec  |Hits/sec |Miss/Sec |Resp Time|Proc Time|Srvr Time
SET      |        0|     0.00|     0.00|     0.00|      NaN|      NaN|      NaN
GET      |        0|     0.00|     0.00|     0.00|      NaN|      NaN|      NaN
MULTIGET |     5411|    59.46|    59.46|     0.00|  2306.14|  2239.48|  2187.94
INVALID  |        0|     0.00|      ---|      ---|      NaN|      NaN|      ---
Average mutliget length: 3.00
================================================================================
WORKER 17:
Type     |Total    |Ops/sec  |Hits/sec |Miss/Sec |Resp Time|Proc Time|Srvr Time
SET      |        0|     0.00|     0.00|     0.00|      NaN|      NaN|      NaN
GET      |        0|     0.00|     0.00|     0.00|      NaN|      NaN|      NaN
MULTIGET |     5448|    59.87|    59.87|     0.00|  2288.23|  2224.28|  2178.73
INVALID  |        0|     0.00|      ---|      ---|      NaN|      NaN|      ---
Average mutliget length: 3.00
================================================================================
WORKER 18:
Type     |Total    |Ops/sec  |Hits/sec |Miss/Sec |Resp Time|Proc Time|Srvr Time
SET      |        0|     0.00|     0.00|     0.00|      NaN|      NaN|      NaN
GET      |        0|     0.00|     0.00|     0.00|      NaN|      NaN|      NaN
MULTIGET |     5441|    59.79|    59.79|     0.00|  2298.85|  2233.72|  2185.00
INVALID  |        0|     0.00|      ---|      ---|      NaN|      NaN|      ---
Average mutliget length: 3.00
================================================================================
WORKER 19:
Type     |Total    |Ops/sec  |Hits/sec |Miss/Sec |Resp Time|Proc Time|Srvr Time
SET      |        0|     0.00|     0.00|     0.00|      NaN|      NaN|      NaN
GET      |        0|     0.00|     0.00|     0.00|      NaN|      NaN|      NaN
MULTIGET |     5457|    59.97|    59.97|     0.00|  2287.86|  2217.11|  2167.31
INVALID  |        0|     0.00|      ---|      ---|      NaN|      NaN|      ---
Average mutliget length: 3.00
================================================================================
WORKER 20:
Type     |Total    |Ops/sec  |Hits/sec |Miss/Sec |Resp Time|Proc Time|Srvr Time
SET      |        0|     0.00|     0.00|     0.00|      NaN|      NaN|      NaN
GET      |        0|     0.00|     0.00|     0.00|      NaN|      NaN|      NaN
MULTIGET |     5413|    59.48|    59.48|     0.00|  2296.68|  2231.82|  2185.71
INVALID  |        0|     0.00|      ---|      ---|      NaN|      NaN|      ---
Average mutliget length: 3.00
================================================================================
WORKER 21:
Type     |Total    |Ops/sec  |Hits/sec |Miss/Sec |Resp Time|Proc Time|Srvr Time
SET      |        0|     0.00|     0.00|     0.00|      NaN|      NaN|      NaN
GET      |        0|     0.00|     0.00|     0.00|      NaN|      NaN|      NaN
MULTIGET |     5430|    59.67|    59.67|     0.00|  2296.61|  2231.58|  2182.82
INVALID  |        0|     0.00|      ---|      ---|      NaN|      NaN|      ---
Average mutliget length: 3.00
================================================================================
WORKER 22:
Type     |Total    |Ops/sec  |Hits/sec |Miss/Sec |Resp Time|Proc Time|Srvr Time
SET      |        0|     0.00|     0.00|     0.00|      NaN|      NaN|      NaN
GET      |        0|     0.00|     0.00|     0.00|      NaN|      NaN|      NaN
MULTIGET |     5402|    59.36|    59.36|     0.00|  2297.96|  2227.56|  2179.36
INVALID  |        0|     0.00|      ---|      ---|      NaN|      NaN|      ---
Average mutliget length: 3.00
================================================================================
WORKER 23:
Type     |Total    |Ops/sec  |Hits/sec |Miss/Sec |Resp Time|Proc Time|Srvr Time
SET      |        0|     0.00|     0.00|     0.00|      NaN|      NaN|      NaN
GET      |        0|     0.00|     0.00|     0.00|      NaN|      NaN|      NaN
MULTIGET |     5379|    59.11|    59.11|     0.00|  2288.26|  2224.15|  2175.97
INVALID  |        0|     0.00|      ---|      ---|      NaN|      NaN|      ---
Average mutliget length: 3.00
================================================================================
WORKER 24:
Type     |Total    |Ops/sec  |Hits/sec |Miss/Sec |Resp Time|Proc Time|Srvr Time
SET      |        0|     0.00|     0.00|     0.00|      NaN|      NaN|      NaN
GET      |        0|     0.00|     0.00|     0.00|      NaN|      NaN|      NaN
MULTIGET |     5451|    59.90|    59.90|     0.00|  2311.48|  2243.91|  2191.21
INVALID  |        0|     0.00|      ---|      ---|      NaN|      NaN|      ---
Average mutliget length: 3.00
================================================================================
WORKER 25:
Type     |Total    |Ops/sec  |Hits/sec |Miss/Sec |Resp Time|Proc Time|Srvr Time
SET      |        0|     0.00|     0.00|     0.00|      NaN|      NaN|      NaN
GET      |        0|     0.00|     0.00|     0.00|      NaN|      NaN|      NaN
MULTIGET |     5405|    59.40|    59.40|     0.00|  2309.67|  2243.79|  2198.91
INVALID  |        0|     0.00|      ---|      ---|      NaN|      NaN|      ---
Average mutliget length: 3.00
================================================================================
WORKER 26:
Type     |Total    |Ops/sec  |Hits/sec |Miss/Sec |Resp Time|Proc Time|Srvr Time
SET      |        0|     0.00|     0.00|     0.00|      NaN|      NaN|      NaN
GET      |        0|     0.00|     0.00|     0.00|      NaN|      NaN|      NaN
MULTIGET |     5399|    59.33|    59.33|     0.00|  2289.20|  2225.24|  2177.62
INVALID  |        0|     0.00|      ---|      ---|      NaN|      NaN|      ---
Average mutliget length: 3.00
================================================================================
WORKER 27:
Type     |Total    |Ops/sec  |Hits/sec |Miss/Sec |Resp Time|Proc Time|Srvr Time
SET      |        0|     0.00|     0.00|     0.00|      NaN|      NaN|      NaN
GET      |        0|     0.00|     0.00|     0.00|      NaN|      NaN|      NaN
MULTIGET |     5421|    59.57|    59.57|     0.00|  2315.20|  2243.42|  2190.58
INVALID  |        0|     0.00|      ---|      ---|      NaN|      NaN|      ---
Average mutliget length: 3.00
================================================================================
WORKER 28:
Type     |Total    |Ops/sec  |Hits/sec |Miss/Sec |Resp Time|Proc Time|Srvr Time
SET      |        0|     0.00|     0.00|     0.00|      NaN|      NaN|      NaN
GET      |        0|     0.00|     0.00|     0.00|      NaN|      NaN|      NaN
MULTIGET |     5450|    59.89|    59.89|     0.00|  2294.78|  2228.01|  2179.64
INVALID  |        0|     0.00|      ---|      ---|      NaN|      NaN|      ---
Average mutliget length: 3.00
================================================================================
WORKER 29:
Type     |Total    |Ops/sec  |Hits/sec |Miss/Sec |Resp Time|Proc Time|Srvr Time
SET      |        0|     0.00|     0.00|     0.00|      NaN|      NaN|      NaN
GET      |        0|     0.00|     0.00|     0.00|      NaN|      NaN|      NaN
MULTIGET |     5408|    59.43|    59.43|     0.00|  2292.93|  2226.55|  2175.18
INVALID  |        0|     0.00|      ---|      ---|      NaN|      NaN|      ---
Average mutliget length: 3.00
================================================================================
WORKER 30:
Type     |Total    |Ops/sec  |Hits/sec |Miss/Sec |Resp Time|Proc Time|Srvr Time
SET      |        0|     0.00|     0.00|     0.00|      NaN|      NaN|      NaN
GET      |        0|     0.00|     0.00|     0.00|      NaN|      NaN|      NaN
MULTIGET |     5442|    59.80|    59.80|     0.00|  2289.67|  2225.22|  2177.62
INVALID  |        0|     0.00|      ---|      ---|      NaN|      NaN|      ---
Average mutliget length: 3.00
================================================================================
WORKER 31:
Type     |Total    |Ops/sec  |Hits/sec |Miss/Sec |Resp Time|Proc Time|Srvr Time
SET      |        0|     0.00|     0.00|     0.00|      NaN|      NaN|      NaN
GET      |        0|     0.00|     0.00|     0.00|      NaN|      NaN|      NaN
MULTIGET |     5436|    59.74|    59.74|     0.00|  2293.00|  2228.63|  2180.89
INVALID  |        0|     0.00|      ---|      ---|      NaN|      NaN|      ---
Average mutliget length: 3.00
================================================================================
================================================================================

AGGREGATE FOR ALL WORKERS:
Type     |Total    |Ops/sec  |Hits/sec |Miss/Sec |Resp Time|Proc Time|Srvr Time
SET      |        0|     0.00|     0.00|     0.00|      NaN|      NaN|      NaN
GET      |        0|     0.00|     0.00|     0.00|      NaN|      NaN|      NaN
MULTIGET |   173782|  1909.69|  1909.69|     0.00|  2293.66|  2228.43|  2179.45
INVALID  |        0|     0.00|      ---|      ---|      NaN|      NaN|      ---
Average mutliget length: 3.00


 HISTOGRAM
  Response time (ms)   Percent
                 0.1      0.00%
                 0.2      0.00%
                 0.3      0.00%
                 0.4      0.00%
                 0.5      0.00%
                 0.6      0.00%
                 0.7      0.00%
                 0.8      0.00%
                 0.9      0.00%
                 1.0      0.00%
                 1.1      0.00%
                 1.2      0.00%
                 1.3      0.00%
                 1.4      0.00%
                 1.5      0.00%
                 1.6      0.00%
                 1.7      0.00%
                 1.8      0.00%
                 1.9      0.71%
                 2.0      9.38%
                 2.1     30.64%
                 2.2     54.59%
                 2.3     71.94%
                 2.4     82.17%
                 2.5     87.82%
                 2.6     91.00%
                 2.7     93.06%
                 2.8     94.46%
                 2.9     95.46%
                 3.0     96.20%
                 3.1     96.76%
                 3.2     97.26%
                 3.3     97.64%
                 3.4     97.96%
                 3.5     98.23%
                 3.6     98.44%
                 3.7     98.58%
                 3.8     98.71%
                 3.9     98.82%
                 4.0     98.90%
                 4.1     98.98%
                 4.2     99.06%
                 4.3     99.13%
                 4.4     99.19%
                 4.5     99.24%
                 4.6     99.29%
                 4.7     99.34%
                 4.8     99.39%
                 4.9     99.43%
                 5.0     99.46%
                 5.1     99.49%
                 5.2     99.52%
                 5.3     99.55%
                 5.4     99.58%
                 5.5     99.61%
                 5.6     99.63%
                 5.7     99.66%
                 5.8     99.68%
                 5.9     99.70%
                 6.0     99.73%
                 6.1     99.75%
                 6.2     99.77%
                 6.3     99.78%
                 6.4     99.79%
                 6.5     99.80%
                 6.6     99.81%
                 6.7     99.82%
                 6.8     99.82%
                 6.9     99.82%
                 7.0     99.83%
                 7.1     99.85%
                 7.2     99.85%
                 7.3     99.86%
                 7.4     99.86%
                 7.5     99.87%
                 7.6     99.87%
                 7.7     99.88%
                 7.8     99.88%
                 7.9     99.89%
                 8.0     99.89%
                 8.1     99.89%
                 8.2     99.90%
                 8.3     99.90%
                 8.4     99.90%
                 8.5     99.90%
                 8.6     99.91%
                 8.7     99.91%
                 8.8     99.91%
                 8.9     99.91%
                 9.0     99.92%
                 9.1     99.92%
                 9.2     99.92%
                 9.3     99.93%
                 9.4     99.93%
                 9.5     99.93%
                 9.6     99.93%
                 9.7     99.93%
                 9.8     99.93%
                 9.9     99.94%
                10.0     99.94%
                10.1     99.94%
                10.2     99.94%
                10.3     99.94%
                10.4     99.94%
                10.5     99.94%
                10.6     99.94%
                10.7     99.94%
                10.8     99.94%
                10.9     99.95%
                11.0     99.95%
                11.1     99.95%
                11.2     99.95%
                11.3     99.95%
                11.4     99.95%
                11.5     99.95%
                11.6     99.95%
                11.7     99.95%
                11.8     99.95%
                11.9     99.95%
                12.0     99.95%
                12.1     99.96%
                12.2     99.96%
                12.3     99.96%
                12.4     99.96%
                12.5     99.96%
                12.6     99.96%
                12.7     99.96%
                12.8     99.96%
                12.9     99.96%
                13.0     99.96%
                13.1     99.96%
                13.2     99.96%
                13.3     99.96%
                13.4     99.96%
                13.5     99.96%
                13.6     99.96%
                13.7     99.96%
                13.8     99.97%
                13.9     99.97%
                14.0     99.97%
                14.1     99.97%
                14.2     99.97%
                14.3     99.97%
                14.4     99.97%
                14.5     99.97%
                14.6     99.97%
                14.7     99.97%
                14.8     99.97%
                14.9     99.97%
                15.0     99.97%
                15.1     99.97%
                15.2     99.97%
                15.3     99.97%
                15.4     99.97%
                15.5     99.97%
                15.6     99.97%
                15.7     99.97%
                15.8     99.97%
                15.9     99.97%
                16.0     99.97%
                16.1     99.97%
                16.2     99.97%
                16.3     99.97%
                16.4     99.97%
                16.5     99.97%
                16.6     99.97%
                16.7     99.97%
                16.8     99.98%
                16.9     99.98%
                17.0     99.98%
                17.1     99.98%
                17.2     99.98%
                17.3     99.98%
                17.4     99.98%
                17.5     99.98%
                17.6     99.98%
                17.7     99.98%
                17.8     99.98%
                17.9     99.98%
                18.0     99.98%
                18.1     99.98%
                18.2     99.98%
                18.3     99.98%
                18.4     99.98%
                18.5     99.98%
                18.6     99.98%
                18.7     99.98%
                18.8     99.98%
                18.9     99.98%
                19.0     99.98%
                19.1     99.98%
                19.2     99.98%
                19.3     99.98%
                19.4     99.98%
                19.5     99.98%
                19.6     99.98%
                19.7     99.98%
                19.8     99.98%
                19.9     99.98%
                20.0     99.98%
                20.1     99.98%
                20.2     99.98%
                20.3     99.98%
                20.4     99.98%
                20.5     99.98%
                20.6     99.98%
                20.7     99.98%
                20.8     99.98%
                20.9     99.98%
                21.0     99.98%
                21.1     99.98%
                21.2     99.98%
                21.3     99.98%
                21.4     99.98%
                21.5     99.98%
                21.6     99.98%
                21.7     99.98%
                21.8     99.98%
                21.9     99.98%
                22.0     99.98%
                22.1     99.98%
                22.2     99.98%
                22.3     99.98%
                22.4     99.98%
                22.5     99.98%
                22.6     99.98%
                22.7     99.98%
                22.8     99.98%
                22.9     99.98%
                23.0     99.98%
                23.1     99.98%
                23.2     99.98%
                23.3     99.98%
                23.4     99.98%
                23.5     99.98%
                23.6     99.98%
                23.7     99.98%
                23.8     99.98%
                23.9     99.98%
                24.0     99.98%
                24.1     99.98%
                24.2     99.98%
                24.3     99.98%
                24.4     99.98%
                24.5     99.98%
                24.6     99.98%
                24.7     99.98%
                24.8     99.98%
                24.9     99.98%
                25.0     99.98%
                25.1     99.98%
                25.2     99.98%
                25.3     99.98%
                25.4     99.98%
                25.5     99.98%
                25.6     99.98%
                25.7     99.98%
                25.8     99.98%
                25.9     99.98%
                26.0     99.98%
                26.1     99.98%
                26.2     99.98%
                26.3     99.98%
                26.4     99.98%
                26.5     99.98%
                26.6     99.98%
                26.7     99.98%
                26.8     99.98%
                26.9     99.98%
                27.0     99.98%
                27.1     99.98%
                27.2     99.98%
                27.3     99.98%
                27.4     99.98%
                27.5     99.98%
                27.6     99.98%
                27.7     99.98%
                27.8     99.98%
                27.9     99.98%
                28.0     99.98%
                28.1     99.98%
                28.2     99.98%
                28.3     99.98%
                28.4     99.98%
                28.5     99.98%
                28.6     99.98%
                28.7     99.98%
                28.8     99.98%
                28.9     99.98%
                29.0     99.98%
                29.1     99.98%
                29.2     99.98%
                29.3     99.98%
                29.4     99.98%
                29.5     99.99%
                29.6     99.99%
                29.7     99.99%
                29.8     99.99%
                29.9     99.99%
                30.0     99.99%
                30.1     99.99%
                30.2     99.99%
                30.3     99.99%
                30.4     99.99%
                30.5     99.99%
                30.6     99.99%
                30.7     99.99%
                30.8     99.99%
                30.9     99.99%
                31.0     99.99%
                31.1     99.99%
                31.2    100.00%
                31.3    100.00%
                31.4    100.00%
                31.5    100.00%

