[7l----total-cpu-usage---- -net/total- -dsk/total- --epoch---
usr sys idl wai hiq siq| recv  send| read  writ|  epoch   
  1   2  95   0   1   0|   0     0 |3497B 3259k|1511012421
  5   2  89   0   4   0|1521B 2490B|   0  4096B|1511012422
  0   0 100   0   0   0|   0     0 |   0     0 |1511012423
 12   7  78   0   3   0|4319k 6101k|   0     0 |1511012424
  8   7  83   0   3   0|5309k 7538k|   0     0 |1511012425
  5   4  89   0   2   0|5474k 7801k|   0    68k|1511012426
  2   3  93   0   3   0|5269k 7497k|   0     0 |1511012427
  3   3  92   0   3   0|5417k 7708k|   0     0 |1511012428
  2   3  93   0   3   0|5506k 7824k|   0     0 |1511012429
  4   3  90   0   3   0|4909k 7009k|   0     0 |1511012430
  5   4  88   0   3   0|5155k 7348k|   0     0 |1511012431
  5   5  87   1   3   0|5489k 7797k|   0    12k|1511012432
  2   3  93   0   2   0|5286k 7534k|   0     0 |1511012433
  2   3  93   0   3   0|5630k 8023k|   0     0 |1511012434
  2   3  93   0   2   0|5436k 7726k|   0     0 |1511012435
  5   4  89   0   2   0|5381k 7656k|   0     0 |1511012436
  2   3  92   0   3   0|5477k 7812k|   0    16k|1511012437
  2   3  92   0   2   0|5461k 7762k|   0     0 |1511012438
  2   3  93   0   2   0|5592k 7962k|   0     0 |1511012439
  1   3  94   0   3   0|5442k 7738k|   0     0 |1511012440
  1   3  93   0   3   0|5587k 7963k|   0     0 |1511012441
  1   2  94   0   2   0|5215k 7409k|   0    16k|1511012442
  1   3  93   0   3   0|5382k 7657k|   0     0 |1511012443
  1   3  93   0   3   0|5517k 7839k|   0     0 |1511012444
  1   2  94   0   2   0|5540k 7895k|   0  4096B|1511012445
  1   3  94   0   2   0|5412k 7715k|   0     0 |1511012446
  1   3  94   0   2   0|5386k 7650k|   0    16k|1511012447
  1   2  94   0   3   0|5358k 7634k|   0     0 |1511012448
  1   3  94   0   3   0|5587k 7953k|   0     0 |1511012449
  1   3  94   0   2   0|5437k 7722k|   0     0 |1511012450
  2   3  94   0   2   0|5253k 7486k|   0     0 |1511012451
  1   3  93   0   3   0|5435k 7735k|   0    16k|1511012452
  1   2  94   0   3   0|5367k 7627k|   0     0 |1511012453
  1   3  94   0   3   0|5329k 7591k|   0     0 |1511012454
  1   3  94   0   3   0|5610k 7983k|   0   108k|1511012455
  1   2  94   0   2   0|5236k 7466k|   0     0 |1511012456
  2   3  93   1   3   0|5189k 7377k|   0    24k|1511012457
  1   3  93   0   3   0|5260k 7487k|   0     0 |1511012458
  2   2  93   0   3   0|4924k 6987k|   0     0 |1511012459
  1   3  93   0   3   0|4823k 6880k|   0     0 |1511012460
  1   2  94   0   2   0|4933k 7015k|   0     0 |1511012461
  1   2  94   0   2   0|4938k 7034k|   0    20k|1511012462
  1   2  94   0   3   0|5161k 7337k|   0     0 |1511012463
  1   2  94   0   3   0|5075k 7252k|   0     0 |1511012464
  1   2  95   0   2   0|5055k 7187k|   0     0 |1511012465
  1   2  94   0   2   0|5468k 7762k|   0     0 |1511012466
  1   3  94   1   2   0|5580k 7936k|   0    16k|1511012467
  1   2  94   0   3   0|5338k 7610k|   0     0 |1511012468
  2   3  93   0   3   0|5498k 7822k|   0     0 |1511012469
  1   3  93   0   3   0|5067k 7210k|   0     0 |1511012470
  1   2  93   0   3   0|5136k 7297k|   0     0 |1511012471
  2   2  93   0   3   0|5158k 7357k|   0    16k|1511012472
  1   3  94   0   3   0|5286k 7524k|   0     0 |1511012473
  2   3  93   0   3   0|5369k 7625k|   0     0 |1511012474
  1   2  94   0   3   0|5101k 7275k|   0     0 |1511012475
  1   3  93   0   3   0|5079k 7241k|   0     0 |1511012476
  1   2  93   0   3   0|5163k 7330k|   0    16k|1511012477
  1   3  94   0   2   0|5468k 7774k|   0     0 |1511012478
  1   3  93   0   3   0|4985k 7115k|   0     0 |1511012479
  1   3  94   0   2   0|5216k 7429k|   0     0 |1511012480
  2   3  93   0   3   0|4997k 7105k|   0     0 |1511012481
  1   3  93   0   3   0|5119k 7272k|   0    16k|1511012482
  1   3  93   0   3   0|5326k 7591k|   0     0 |1511012483
  1   3  93   0   3   0|5288k 7529k|   0     0 |1511012484
  1   3  93   0   3   0|5167k 7344k|   0    20k|1511012485
  1   3  93   0   3   0|5083k 7256k|   0     0 |1511012486
  1   3  94   0   2   0|5584k 7943k|   0     0 |1511012487
  1   3  93   0   3   0|5199k 7395k|   0    16k|1511012488
  1   3  93   0   3   0|5034k 7164k|   0     0 |1511012489
  1   3  93   0   3   0|5098k 7270k|   0    24k|1511012490
  1   3  93   0   3   0|4984k 7072k|   0     0 |1511012491
  1   3  93   0   2   0|5037k 7183k|   0     0 |1511012492
  1   3  93   0   3   0|5100k 7260k|   0    24k|1511012493
  1   2  93   0   3   0|5169k 7363k|   0     0 |1511012494
  1   2  93   0   3   0|5204k 7409k|   0     0 |1511012495
  1   3  94   0   2   0|5252k 7468k|   0     0 |1511012496
  2   3  93   0   3   0|4913k 7002k|   0     0 |1511012497
  1   3  93   0   3   0|5385k 7658k|   0    16k|1511012498
  1   2  93   0   3   0|5042k 7167k|   0     0 |1511012499
  1   2  94   0   2   0|5138k 7309k|   0     0 |1511012500
  1   3  93   0   3   0|5099k 7265k|   0     0 |1511012501
  1   2  94   0   2   0|5108k 7269k|   0     0 |1511012502
  1   2  93   0   3   0|5096k 7250k|   0    16k|1511012503
  1   3  93   0   3   0|5410k 7692k|   0     0 |1511012504
  1   3  94   0   3   0|4752k 6772k|   0     0 |1511012505
  1   2  94   0   3   0|5216k 7429k|   0     0 |1511012506
  2   3  94   0   2   0|5109k 7277k|   0     0 |1511012507
  1   2  93   0   3   0|5043k 7163k|   0    16k|1511012508
  1   2  93   0   3   0|5183k 7380k|   0     0 |1511012509
  1   2  94   0   3   0|4924k 7020k|   0     0 |1511012510
  1   3  93   0   3   0|5393k 7682k|   0     0 |1511012511
