[7l----total-cpu-usage---- -net/total- -dsk/total- --epoch---
usr sys idl wai hiq siq| recv  send| read  writ|  epoch   
  1   2  95   0   2   0|   0     0 |2796B  510k|1511018591
  2   4  90   0   4   0| 184k 2452k|   0     0 |1511018592
  2   4  90   0   4   0| 239k 3192k|   0  8192B|1511018593
  1   5  90   0   4   0| 243k 3257k|   0     0 |1511018594
  2   4  90   0   4   0| 231k 3095k|   0     0 |1511018595
  2   5  86   2   5   0| 241k 3225k|   0    40k|1511018596
  2   5  88   0   5   0| 258k 3456k|   0     0 |1511018597
  3   5  87   0   5   0| 252k 3373k|   0     0 |1511018598
  1   4  91   0   4   0| 253k 3391k|   0     0 |1511018599
  2   4  90   0   4   0| 252k 3367k|   0     0 |1511018600
  2   5  89   0   4   0| 243k 3252k|   0     0 |1511018601
  2   4  89   1   4   0| 254k 3390k|   0    12k|1511018602
  1   4  91   0   4   0| 235k 3163k|   0     0 |1511018603
  2   4  90   0   4   0| 248k 3318k|   0     0 |1511018604
  2   4  89   0   5   0| 253k 3390k|   0     0 |1511018605
  2   5  89   0   4   0| 258k 3460k|   0     0 |1511018606
  2   5  88   0   5   0| 252k 3374k|   0     0 |1511018607
  3   4  86   2   5   0| 248k 3319k|   0    12k|1511018608
  1   5  90   0   4   0| 249k 3329k|   0     0 |1511018609
  2   4  90   0   4   0| 236k 3143k|   0     0 |1511018610
  2   5  88   0   5   0| 271k 3631k|   0     0 |1511018611
  3   5  86   0   6   0| 254k 3406k|   0     0 |1511018612
  2   5  88   0   5   0| 250k 3351k|   0    28k|1511018613
  2   4  88   2   4   0| 243k 3246k|   0    12k|1511018614
  2   5  89   0   4   0| 259k 3468k|   0     0 |1511018615
  2   5  88   0   5   0| 263k 3525k|   0     0 |1511018616
  2   5  88   0   5   0| 258k 3461k|   0     0 |1511018617
  1   4  91   0   4   0| 248k 3323k|   0     0 |1511018618
  2   4  88   2   4   0| 249k 3341k|   0    12k|1511018619
  2   5  89   0   4   0| 259k 3464k|   0     0 |1511018620
  2   5  88   0   5   0| 266k 3564k|   0     0 |1511018621
  2   4  90   0   4   0| 257k 3441k|   0     0 |1511018622
  2   5  88   0   5   0| 256k 3433k|   0    12k|1511018623
  2   4  90   0   4   0| 256k 3422k|   0     0 |1511018624
  2   5  86   2   5   0| 248k 3322k|   0    20k|1511018625
  2   4  89   0   5   0| 251k 3354k|   0     0 |1511018626
  2   6  87   0   5   0| 254k 3402k|   0     0 |1511018627
  2   5  88   0   5   0| 265k 3553k|   0     0 |1511018628
  2   4  90   0   4   0| 254k 3406k|   0     0 |1511018629
  2   5  88   0   5   0| 260k 3484k|   0     0 |1511018630
  2   5  86   2   5   0| 264k 3544k|   0    12k|1511018631
  2   5  89   0   4   0| 262k 3508k|   0     0 |1511018632
  2   3  91   0   4   0| 256k 3430k|   0     0 |1511018633
  2   5  89   0   4   0| 259k 3472k|   0     0 |1511018634
  2   4  89   0   5   0| 259k 3472k|   0     0 |1511018635
  1   5  89   1   4   0| 241k 3228k|   0    12k|1511018636
  2   5  88   0   5   0| 253k 3388k|   0     0 |1511018637
  2   4  89   0   5   0| 260k 3486k|   0     0 |1511018638
  2   5  89   0   4   0| 246k 3289k|   0     0 |1511018639
  2   4  91   0   3   0| 246k 3290k|   0     0 |1511018640
  2   4  89   0   5   0| 262k 3512k|   0     0 |1511018641
  2   5  87   2   4   0| 261k 3496k|   0    12k|1511018642
  2   4  89   0   5   0| 255k 3420k|   0     0 |1511018643
  2   5  89   0   4   0| 253k 3388k|   0     0 |1511018644
  2   4  89   0   5   0| 251k 3364k|   0     0 |1511018645
  2   6  87   0   5   0| 266k 3554k|   0     0 |1511018646
  2   4  90   0   4   0| 258k 3463k|   0     0 |1511018647
  1   4  89   2   4   0| 249k 3337k|   0    12k|1511018648
  2   5  89   0   4   0| 256k 3431k|   0     0 |1511018649
  3   5  87   0   5   0| 271k 3633k|   0     0 |1511018650
  2   5  88   0   5   0| 260k 3474k|   0     0 |1511018651
  2   4  89   0   5   0| 258k 3458k|   0     0 |1511018652
  2   5  86   2   5   0| 269k 3609k|   0    20k|1511018653
  2   5  89   0   4   0| 264k 3528k|   0     0 |1511018654
  2   5  88   0   5   0| 247k 3307k|   0     0 |1511018655
  2   4  89   0   5   0| 254k 3401k|   0     0 |1511018656
  2   5  89   0   4   0| 259k 3468k|   0     0 |1511018657
  2   5  88   0   5   0| 270k 3612k|   0  4096B|1511018658
  2   5  85   3   5   0| 255k 3420k|   0    12k|1511018659
  2   4  90   0   4   0| 251k 3357k|   0     0 |1511018660
  2   5  88   0   5   0| 243k 3253k|   0     0 |1511018661
  2   5  89   0   4   0| 252k 3374k|   0     0 |1511018662
  2   4  90   0   4   0| 249k 3333k|   0     0 |1511018663
  2   4  88   2   4   0| 261k 3493k|   0    12k|1511018664
  2   5  88   0   5   0| 257k 3449k|   0     0 |1511018665
  2   4  90   0   4   0| 266k 3559k|   0     0 |1511018666
  2   5  88   0   5   0| 257k 3452k|   0     0 |1511018667
  2   4  90   0   4   0| 261k 3500k|   0     0 |1511018668
  2   4  90   0   4   0| 250k 3340k|   0     0 |1511018669
  2   4  88   2   4   0| 257k 3445k|   0    12k|1511018670
  2   5  88   0   5   0| 269k 3607k|   0     0 |1511018671
  2   5  88   0   5   0| 263k 3519k|   0     0 |1511018672
  2   5  88   0   5   0| 268k 3596k|   0     0 |1511018673
  2   5  89   0   4   0| 248k 3326k|   0     0 |1511018674
  2   4  90   0   4   0| 244k 3273k|   0     0 |1511018675
  2   5  85   2   6   0| 267k 3574k|   0    12k|1511018676
  2   5  89   0   4   0| 262k 3512k|   0     0 |1511018677
  2   4  90   0   4   0| 253k 3387k|   0     0 |1511018678
  2   4  90   0   4   0| 252k 3381k|   0     0 |1511018679
  2   4  90   0   4   0| 255k 3419k|   0     0 |1511018680
  1   5  90   0   4   0| 259k 3476k|   0     0 |1511018681
