[7l----total-cpu-usage---- -net/total- -dsk/total- --epoch---
usr sys idl wai hiq siq| recv  send| read  writ|  epoch   
  0   1  98   0   0   0|   0     0 |3632B  662k|1510999046
  3   5  86   0   6   0|6778k  449k|   0     0 |1510999047
  5   7  77   0  11   0|  11M  730k|   0     0 |1510999048
  5   8  78   0   9   0|  11M  758k|   0     0 |1510999049
  5   8  76   0  11   0|  10M  692k|   0  4096B|1510999050
  5   8  76   1  10   0|  11M  713k|   0    36k|1510999051
  5   8  74   0  13   0|  11M  710k|   0     0 |1510999052
  4   7  81   0   8   0|  11M  761k|   0     0 |1510999053
  5   9  76   0  10   0|  11M  770k|   0     0 |1510999054
  6   8  77   0   9   0|  11M  765k|   0    28k|1510999055
  6   9  72   0  13   0|  11M  759k|   0     0 |1510999056
  5   8  76   2   9   0|  11M  754k|   0    12k|1510999057
  4   7  81   0   8   0|  11M  759k|   0     0 |1510999058
  6   9  75   0  10   0|  11M  758k|   0     0 |1510999059
  5   9  77   0   9   0|  12M  801k|   0     0 |1510999060
  5   8  75   0  12   0|  11M  744k|   0     0 |1510999061
  6   7  77   0  10   0|  11M  769k|   0     0 |1510999062
  7   8  69   5  11   0|  12M  780k|   0    12k|1510999063
  5   9  73   0  13   0|  11M  766k|   0     0 |1510999064
  6   7  77   0  10   0|  11M  747k|   0     0 |1510999065
  6   9  72   0  13   0|  11M  735k|   0     0 |1510999066
  5   8  75   0  12   0|  11M  726k|   0     0 |1510999067
  6   8  75   0  11   0|  11M  755k|   0     0 |1510999068
  5   8  75   3   9   0|  11M  774k|   0    12k|1510999069
  5   8  79   0   8   0|  12M  784k|   0     0 |1510999070
  5   9  75   0  11   0|  12M  781k|   0     0 |1510999071
  7   7  75   0  11   0|  11M  761k|   0     0 |1510999072
  4   9  79   0   8   0|  12M  776k|   0     0 |1510999073
  4   8  80   0   8   0|  11M  757k|   0     0 |1510999074
  5   7  77   3   8   0|  12M  802k|   0    12k|1510999075
  6   9  74   0  11   0|  11M  762k|   0     0 |1510999076
  5   8  79   0   8   0|  11M  760k|   0     0 |1510999077
  6   9  74   0  11   0|  12M  797k|   0     0 |1510999078
  5   7  79   0   9   0|  12M  800k|   0     0 |1510999079
  6   7  78   0   9   0|  11M  755k|   0    12k|1510999080
  6  10  70   2  13   0|  11M  740k|   0    20k|1510999081
  4   7  79   0  10   0|  11M  749k|   0     0 |1510999082
  6   8  77   0   9   0|  12M  799k|   0     0 |1510999083
  5   8  77   0  10   0|  11M  755k|   0     0 |1510999084
  5   8  78   0   9   0|  12M  781k|   0     0 |1510999085
  6   8  73   0  13   0|  11M  736k|   0     0 |1510999086
  5   8  73   2  12   0|  11M  765k|   0    12k|1510999087
  5   8  79   0   8   0|  11M  747k|   0     0 |1510999088
  6  10  71   0  13   0|  11M  753k|   0     0 |1510999089
  6   8  77   0   9   0|  12M  800k|   0     0 |1510999090
  5  10  73   0  12   0|  11M  760k|   0  8192B|1510999091
  5   8  78   0   9   0|  11M  724k|   0     0 |1510999092
  4   9  74   1  12   0|  11M  753k|   0  8192B|1510999093
  5   8  75   1  11   0|  12M  784k|   0  4096B|1510999094
  5   7  81   0   7   0|  11M  752k|   0     0 |1510999095
  5   9  74   0  12   0|  11M  742k|   0     0 |1510999096
  6   8  72   0  14   0|  11M  761k|   0     0 |1510999097
  6   9  73   0  12   0|  11M  769k|   0     0 |1510999098
  5   9  74   0  12   0|  11M  753k|   0     0 |1510999099
  6   9  70   5  10   0|  11M  754k|   0    12k|1510999100
  5   6  81   0   8   0|  11M  730k|   0     0 |1510999101
  5   8  77   0  10   0|  12M  808k|   0     0 |1510999102
  6   7  79   0   8   0|  11M  753k|   0     0 |1510999103
  5   9  75   0  11   0|  11M  747k|   0     0 |1510999104
  6   9  73   0  12   0|  12M  777k|   0     0 |1510999105
  4   7  78   1  10   0|  11M  758k|   0    12k|1510999106
  5   8  79   0   8   0|  12M  786k|   0     0 |1510999107
  6   8  74   0  13   0|  11M  766k|   0     0 |1510999108
  7   8  74   0  11   0|  11M  754k|   0     0 |1510999109
  5   9  78   0   8   0|  11M  746k|   0     0 |1510999110
  5   8  78   0   9   0|  12M  784k|   0     0 |1510999111
  5   9  73   3  10   0|  11M  775k|   0    12k|1510999112
  6   8  77   0   9   0|  11M  736k|   0     0 |1510999113
  5   8  75   0  12   0|  11M  752k|   0     0 |1510999114
  5   8  77   0  10   0|  12M  794k|   0     0 |1510999115
  5   8  75   0  12   0|  11M  768k|   0  8192B|1510999116
  5   8  75   0  12   0|  11M  726k|   0     0 |1510999117
  5   7  79   1   8   0|  11M  744k|   0    20k|1510999118
  6  10  72   0  12   0|  11M  751k|   0     0 |1510999119
  5   8  73   0  14   0|  11M  775k|   0     0 |1510999120
  6   9  74   0  11   0|  11M  766k|   0     0 |1510999121
  5   8  78   0   9   0|  11M  746k|   0     0 |1510999122
  5   9  75   0  11   0|  11M  760k|   0     0 |1510999123
  6   8  73   2  11   0|  12M  785k|   0    12k|1510999124
  5   7  78   0  10   0|  11M  728k|   0     0 |1510999125
  5   9  77   0   9   0|  11M  763k|   0     0 |1510999126
  5   8  77   0  10   0|  12M  783k|   0     0 |1510999127
  5   7  81   0   7   0|  11M  747k|   0     0 |1510999128
  5   8  79   0   8   0|  11M  758k|   0     0 |1510999129
  5   8  75   1  11   0|  11M  775k|   0    12k|1510999130
  5   7  80   0   8   0|  11M  773k|   0     0 |1510999131
  6   8  78   0   8   0|  11M  760k|   0  8192B|1510999132
  4   7  82   0   7   0|  11M  753k|   0     0 |1510999133
  5   8  77   0  10   0|  11M  742k|   0     0 |1510999134
  6   7  80   0   7   0|  11M  765k|   0     0 |1510999135
  5   9  76   2   8   0|  11M  756k|   0    12k|1510999136
