[7l----total-cpu-usage---- -net/total- -dsk/total- --epoch---
usr sys idl wai hiq siq| recv  send| read  writ|  epoch   
  1   2  95   0   2   0|   0     0 |3029B  552k|1511012199
  2   3  92   0   3   0|1996k 1088k|   0  8192B|1511012200
  2   3  92   0   3   0|2018k 1108k|   0     0 |1511012201
  2   3  92   0   3   0|2115k 1145k|   0     0 |1511012202
  2   3  92   0   3   0|2224k 1209k|   0     0 |1511012203
  2   3  90   2   3   0|2101k 1163k|   0    44k|1511012204
  2   3  92   0   3   0|1954k 1068k|   0    32k|1511012205
  2   4  91   0   3   0|2129k 1149k|   0     0 |1511012206
  2   3  92   0   3   0|2140k 1159k|   0     0 |1511012207
  2   4  91   0   3   0|2102k 1159k|   0     0 |1511012208
  2   3  88   4   3   0|2104k 1160k|   0    12k|1511012209
  1   3  93   0   3   0|1991k 1084k|   0     0 |1511012210
  3   3  91   0   3   0|2179k 1188k|   0     0 |1511012211
  2   3  92   0   3   0|2127k 1164k|   0     0 |1511012212
  1   3  93   0   3   0|2042k 1112k|   0     0 |1511012213
  2   3  93   0   2   0|1987k 1083k|   0     0 |1511012214
  2   4  89   2   3   0|2151k 1176k|   0    12k|1511012215
  2   3  92   0   3   0|2168k 1185k|   0     0 |1511012216
  2   3  92   0   3   0|2095k 1139k|   0     0 |1511012217
  2   4  91   0   3   0|2175k 1189k|   0     0 |1511012218
  2   3  92   0   3   0|2044k 1118k|   0     0 |1511012219
  2   2  93   0   3   0|1819k 1001k|   0     0 |1511012220
  1   4  91   2   2   0|2074k 1124k|   0    12k|1511012221
  2   3  92   0   3   0|2122k 1164k|   0     0 |1511012222
  2   3  92   0   3   0|2015k 1098k|   0     0 |1511012223
  2   3  92   0   3   0|2044k 1113k|   0     0 |1511012224
  2   2  94   0   2   0|1973k 1077k|   0     0 |1511012225
  2   3  89   3   3   0|2095k 1148k|   0    12k|1511012226
  2   3  92   0   3   0|2121k 1163k|   0     0 |1511012227
  2   4  91   0   3   0|2127k 1147k|   0     0 |1511012228
  1   3  93   0   3   0|2165k 1181k|   0     0 |1511012229
  2   3  92   0   3   0|2098k 1164k|   0    12k|1511012230
  2   3  92   0   3   0|2080k 1120k|   0     0 |1511012231
  2   3  90   2   3   0|2113k 1162k|   0    20k|1511012232
  2   4  91   0   3   0|2158k 1184k|   0     0 |1511012233
  2   3  92   0   3   0|1984k 1082k|   0     0 |1511012234
  2   3  92   0   3   0|1916k 1045k|   0     0 |1511012235
  2   3  93   0   2   0|2140k 1162k|   0     0 |1511012236
  2   4  90   0   4   0|2191k 1197k|   0     0 |1511012237
  2   4  90   1   3   0|2170k 1190k|   0    12k|1511012238
  2   3  92   0   3   0|2123k 1163k|   0     0 |1511012239
  2   3  93   0   2   0|1896k 1031k|   0  8192B|1511012240
  2   3  92   0   3   0|2052k 1128k|   0     0 |1511012241
  2   3  92   0   3   0|2031k 1098k|   0     0 |1511012242
  1   2  94   0   3   0|2086k 1147k|   0     0 |1511012243
  2   4  88   3   3   0|2191k 1194k|   0    12k|1511012244
  3   4  90   0   3   0|2212k 1204k|   0     0 |1511012245
  1   3  93   0   3   0|2043k 1123k|   0     0 |1511012246
  2   3  93   0   2   0|2050k 1115k|   0     0 |1511012247
  2   3  91   0   4   0|2217k 1206k|   0     0 |1511012248
  2   3  93   0   2   0|2039k 1121k|   0     0 |1511012249
  2   3  90   2   3   0|1909k 1045k|   0    12k|1511012250
  2   3  92   0   3   0|2188k 1194k|   0     0 |1511012251
  3   4  90   0   3   0|2143k 1172k|   0     0 |1511012252
  2   3  91   0   4   0|2308k 1251k|   0     0 |1511012253
  2   4  91   0   3   0|2206k 1204k|   0     0 |1511012254
  2   3  92   0   3   0|2155k 1181k|   0     0 |1511012255
  2   3  90   2   3   0|2169k 1188k|   0    12k|1511012256
  2   3  92   0   3   0|2061k 1119k|   0     0 |1511012257
  2   4  91   0   3   0|2188k 1188k|   0     0 |1511012258
  2   3  92   0   3   0|2202k 1213k|   0     0 |1511012259
  2   4  91   0   3   0|2219k 1218k|   0     0 |1511012260
  2   3  92   0   3   0|2097k 1138k|   0  4096B|1511012261
  2   3  90   2   3   0|2086k 1146k|   0    12k|1511012262
  2   3  92   0   3   0|2162k 1179k|   0     0 |1511012263
  2   3  92   0   3   0|2119k 1148k|   0     0 |1511012264
  2   3  93   0   2   0|1932k 1057k|   0     0 |1511012265
  2   4  90   0   4   0|2217k 1214k|   0     0 |1511012266
  2   2  93   0   3   0|2045k 1121k|   0     0 |1511012267
  2   4  86   4   4   0|2172k 1187k|   0    12k|1511012268
  2   4  90   0   4   0|2190k 1193k|   0     0 |1511012269
  2   2  93   0   3   0|1914k 1050k|   0     0 |1511012270
  2   4  91   0   3   0|2217k 1203k|   0     0 |1511012271
  2   3  92   0   3   0|2142k 1172k|   0     0 |1511012272
  2   3  92   0   3   0|2019k 1102k|   0     0 |1511012273
  2   3  91   1   3   0|2067k 1134k|   0    12k|1511012274
  2   4  91   0   3   0|2166k 1182k|   0     0 |1511012275
  2   3  92   0   3   0|2142k 1171k|   0     0 |1511012276
  2   3  92   0   3   0|2146k 1167k|   0     0 |1511012277
  2   4  91   0   3   0|2191k 1196k|   0     0 |1511012278
  2   3  90   2   3   0|2097k 1151k|   0    12k|1511012279
  2   3  92   0   3   0|2007k 1092k|   0     0 |1511012280
  2   3  92   0   3   0|2076k 1133k|   0     0 |1511012281
  2   3  92   0   3   0|2075k 1136k|   0     0 |1511012282
  1   3  94   0   2   0|2141k 1168k|   0     0 |1511012283
  2   4  88   3   3   0|2205k 1206k|   0    12k|1511012284
  2   3  92   0   3   0|2022k 1106k|   0     0 |1511012285
  2   3  92   0   3   0|2092k 1139k|   0     0 |1511012286
  2   3  92   0   3   0|2156k 1175k|   0     0 |1511012287
  2   3  92   0   3   0|2102k 1150k|   0     0 |1511012288
  2   4  89   2   3   0|2178k 1194k|   0    12k|1511012289
