Threads: 32, Sharded reads: false, Number of Memcached servers: 2.

All measures in microseconds.
  SETS   GETS  MGETS   INVLD    TOT   HITS     RSP T      Q T     SVR T  Q LEN
     0  86954      0       0  86954  86954   6344.98  3455.35   2835.98     38
     0  11090      0       0  11090  11090   6589.26  3670.52   2860.56     42
     0  10898      0       0  10898  10898   6519.19  3658.89   2812.84      0
     0  10568      0       0  10568  10568   6593.03  3649.73   2898.75     31
     0  10862      0       0  10862  10862   6755.71  3888.08   2816.16      7
     0  10868      0       0  10868  10868   6433.87  3569.35   2817.07     45
     0  10106      0       0  10106  10106   7002.95  3913.11   3040.57     48
     0  10685      0       0  10685  10685   6847.27  3932.42   2875.88     74
     0  10990      0       0  10990  10990   6297.00  3470.27   2785.48     62
     0  10604      0       0  10604  10604   6748.96  3785.15   2920.83     35
     0  11208      0       0  11208  11208   6285.04  3473.60   2772.41     44
     0  10535      0       0  10535  10535   6802.51  3846.29   2912.77     22
     0  10415      0       0  10415  10415   6614.28  3656.92   2915.49     42
     0  10865      0       0  10865  10865   6497.71  3658.07   2801.08     37
     0  10660      0       0  10660  10660   6754.04  3836.59   2875.79     63
     0  10595      0       0  10595  10595   6910.99  3965.61   2902.67     20
     0  10734      0       0  10734  10734   6462.57  3581.00   2841.19     37
     0  10488      0       0  10488  10488   6854.58  3873.18   2944.87     54
     0   9996      0       0   9996   9996   7317.07  4273.56   3000.75     31
     0  10449      0       0  10449  10449   6722.75  3737.06   2949.12     39
     0  10462      0       0  10462  10462   6921.10  3967.43   2918.03     53
     0  10107      0       0  10107  10107   6795.24  3771.52   2976.01     36
     0  10683      0       0  10683  10683   6644.75  3715.86   2891.20     53
     0  10264      0       0  10264  10264   7168.84  4123.45   3005.12     42
     0  10919      0       0  10919  10919   6324.54  3493.13   2791.87     25
     0  10859      0       0  10859  10859   6487.74  3593.28   2852.06     52
     0  10119      0       0  10119  10119   7164.19  4096.03   3029.13     46
     0   9753      0       0   9753   9753   7437.17  4214.02   3184.13     44
     0  10468      0       0  10468  10468   6793.85  3838.06   2918.55     29
     0   9930      0       0   9930   9930   7599.90  4431.75   3131.63     48
     0  10383      0       0  10383  10383   7000.81  3973.70   2988.28     34
     0  10305      0       0  10305  10305   7000.88  3960.38   3003.47     42
     0  10455      0       0  10455  10455   6918.41  3934.12   2947.38     38
     0  10199      0       0  10199  10199   7166.43  4120.09   3006.19     63
     0  10149      0       0  10149  10149   7642.33  4533.32   3073.96      9
     0  10324      0       0  10324  10324   6836.55  3810.97   2986.03     41
     0   9849      0       0   9849   9849   7115.68  3979.09   3076.88     47
     0  10724      0       0  10724  10724   6800.57  3872.97   2893.01     52
     0  10334      0       0  10334  10334   7200.05  4167.08   2996.66     25
     0  10170      0       0  10170  10170   6987.75  3953.33   2995.51     48
     0   9959      0       0   9959   9959   7255.50  4105.24   3112.73     58
     0  10524      0       0  10524  10524   6523.46  3565.45   2910.41     39
     0  10008      0       0  10008  10008   7030.65  3914.69   3074.54     38
     0   9820      0       0   9820   9820   6963.84  3789.72   3136.85     48
     0  10232      0       0  10232  10232   7115.71  4060.64   3018.87     42
     0  10846      0       0  10846  10846   6254.29  3378.82   2834.17     39
     0  10455      0       0  10455  10455   6817.10  3826.67   2950.04     52
     0   9677      0       0   9677   9677   7246.09  4019.85   3184.49     36
     0  10263      0       0  10263  10263   6454.58  3479.22   2935.11     40
     0  10631      0       0  10631  10631   6740.68  3793.98   2904.02     37
     0  10179      0       0  10179  10179   6978.18  3914.44   3023.80     51
     0   9806      0       0   9806   9806   6902.56  3824.62   3033.79     27
     0  10284      0       0  10284  10284   6717.99  3686.42   2985.38     56
     0  10081      0       0  10081  10081   7075.92  3972.05   3063.19     62
     0  10257      0       0  10257  10257   6916.62  3865.06   3013.33     35
     0  10486      0       0  10486  10486   6872.39  3882.82   2950.06     48
     0   9850      0       0   9850   9850   7397.44  4236.28   3119.33     57
     0  10612      0       0  10612  10612   6732.96  3768.28   2922.97     21
     0  10379      0       0  10379  10379   7195.26  4187.97   2972.87     64
     0  11088      0       0  11088  11088   6424.33  3582.29   2806.47     31
     0  10461      0       0  10461  10461   7081.59  4098.15   2944.81     22
     0  10848      0       0  10848  10848   6289.67  3405.84   2844.88     45
     0  11057      0       0  11057  11057   6141.40  3322.15   2777.24     39
     0  11052      0       0  11052  11052   6290.03  3458.54   2786.35     47
     0  10289      0       0  10289  10289   7201.16  4156.68   3007.41     46
     0   9703      0       0   9703   9703   7473.78  4249.79   3164.46     19
     0  10191      0       0  10191  10191   7082.56  4059.74   2983.28     45
     0  10018      0       0  10018  10018   7419.33  4273.54   3102.41     36
     0   9651      0       0   9651   9651   7279.14  4042.88   3196.12     51
     0  10219      0       0  10219  10219   7249.11  4190.67   3020.69     42
     0   9674      0       0   9674   9674   7573.02  4358.40   3178.27     38
     0   9911      0       0   9911   9911   7436.18  4282.88   3116.48     32
     0  10057      0       0  10057  10057   7446.60  4323.11   3083.69     47
     0  10438      0       0  10438  10438   6810.28  3819.86   2951.03     42
     0  10852      0       0  10852  10852   6647.41  3768.17   2840.88     44
     0  10300      0       0  10300  10300   7039.52  4000.10   3000.55     31
     0  10570      0       0  10570  10570   6920.39  3943.77   2934.66     32
     0  10147      0       0  10147  10147   7057.88  3990.54   3024.80     38
     0   9993      0       0   9993   9993   7270.64  4154.09   3077.93     31
     0  10464      0       0  10464  10464   6996.73  3994.34   2962.61     51
     0  10784      0       0  10784  10784   6454.08  3551.43   2858.25     47
     0  10292      0       0  10292  10292   7021.26  3993.88   2983.16     34
     0   2996      0       0   2996   2996   2750.21   680.20   2035.01      0
     0      0      0       0      0      0       NaN      NaN       NaN      0
     0      0      0       0      0      0       NaN      NaN       NaN      0
     0      0      0       0      0      0       NaN      NaN       NaN      0
================================================================================
ALL STATS (timing measures are in microseconds)
WORKER 0:
Type     |Total    |Ops/sec  |Hits/sec |Miss/Sec |Resp Time|Proc Time|Srvr Time
SET      |        0|     0.00|     0.00|     0.00|      NaN|      NaN|      NaN
GET      |    29134|   323.71|   323.71|     0.00|  6809.15|  2988.29|  2945.14
MULTIGET |        0|     0.00|     0.00|     0.00|      NaN|      NaN|      NaN
INVALID  |        0|     0.00|      ---|      ---|      NaN|      NaN|      ---
Average mutliget length: NaN
================================================================================
WORKER 1:
Type     |Total    |Ops/sec  |Hits/sec |Miss/Sec |Resp Time|Proc Time|Srvr Time
SET      |        0|     0.00|     0.00|     0.00|      NaN|      NaN|      NaN
GET      |    29078|   323.09|   323.09|     0.00|  6833.28|  2991.03|  2948.24
MULTIGET |        0|     0.00|     0.00|     0.00|      NaN|      NaN|      NaN
INVALID  |        0|     0.00|      ---|      ---|      NaN|      NaN|      ---
Average mutliget length: NaN
================================================================================
WORKER 2:
Type     |Total    |Ops/sec  |Hits/sec |Miss/Sec |Resp Time|Proc Time|Srvr Time
SET      |        0|     0.00|     0.00|     0.00|      NaN|      NaN|      NaN
GET      |    29316|   325.73|   325.73|     0.00|  6821.98|  2968.23|  2927.38
MULTIGET |        0|     0.00|     0.00|     0.00|      NaN|      NaN|      NaN
INVALID  |        0|     0.00|      ---|      ---|      NaN|      NaN|      ---
Average mutliget length: NaN
================================================================================
WORKER 3:
Type     |Total    |Ops/sec  |Hits/sec |Miss/Sec |Resp Time|Proc Time|Srvr Time
SET      |        0|     0.00|     0.00|     0.00|      NaN|      NaN|      NaN
GET      |    29132|   323.69|   323.69|     0.00|  6817.77|  2986.14|  2943.16
MULTIGET |        0|     0.00|     0.00|     0.00|      NaN|      NaN|      NaN
INVALID  |        0|     0.00|      ---|      ---|      NaN|      NaN|      ---
Average mutliget length: NaN
================================================================================
WORKER 4:
Type     |Total    |Ops/sec  |Hits/sec |Miss/Sec |Resp Time|Proc Time|Srvr Time
SET      |        0|     0.00|     0.00|     0.00|      NaN|      NaN|      NaN
GET      |    29176|   324.18|   324.18|     0.00|  6822.23|  2982.10|  2939.56
MULTIGET |        0|     0.00|     0.00|     0.00|      NaN|      NaN|      NaN
INVALID  |        0|     0.00|      ---|      ---|      NaN|      NaN|      ---
Average mutliget length: NaN
================================================================================
WORKER 5:
Type     |Total    |Ops/sec  |Hits/sec |Miss/Sec |Resp Time|Proc Time|Srvr Time
SET      |        0|     0.00|     0.00|     0.00|      NaN|      NaN|      NaN
GET      |    28917|   321.30|   321.30|     0.00|  6841.05|  3005.57|  2960.08
MULTIGET |        0|     0.00|     0.00|     0.00|      NaN|      NaN|      NaN
INVALID  |        0|     0.00|      ---|      ---|      NaN|      NaN|      ---
Average mutliget length: NaN
================================================================================
WORKER 6:
Type     |Total    |Ops/sec  |Hits/sec |Miss/Sec |Resp Time|Proc Time|Srvr Time
SET      |        0|     0.00|     0.00|     0.00|      NaN|      NaN|      NaN
GET      |    29082|   323.13|   323.13|     0.00|  6825.39|  2994.38|  2950.67
MULTIGET |        0|     0.00|     0.00|     0.00|      NaN|      NaN|      NaN
INVALID  |        0|     0.00|      ---|      ---|      NaN|      NaN|      ---
Average mutliget length: NaN
================================================================================
WORKER 7:
Type     |Total    |Ops/sec  |Hits/sec |Miss/Sec |Resp Time|Proc Time|Srvr Time
SET      |        0|     0.00|     0.00|     0.00|      NaN|      NaN|      NaN
GET      |    29034|   322.60|   322.60|     0.00|  6821.49|  2995.95|  2955.18
MULTIGET |        0|     0.00|     0.00|     0.00|      NaN|      NaN|      NaN
INVALID  |        0|     0.00|      ---|      ---|      NaN|      NaN|      ---
Average mutliget length: NaN
================================================================================
WORKER 8:
Type     |Total    |Ops/sec  |Hits/sec |Miss/Sec |Resp Time|Proc Time|Srvr Time
SET      |        0|     0.00|     0.00|     0.00|      NaN|      NaN|      NaN
GET      |    29196|   324.40|   324.40|     0.00|  6830.38|  2980.77|  2938.60
MULTIGET |        0|     0.00|     0.00|     0.00|      NaN|      NaN|      NaN
INVALID  |        0|     0.00|      ---|      ---|      NaN|      NaN|      ---
Average mutliget length: NaN
================================================================================
WORKER 9:
Type     |Total    |Ops/sec  |Hits/sec |Miss/Sec |Resp Time|Proc Time|Srvr Time
SET      |        0|     0.00|     0.00|     0.00|      NaN|      NaN|      NaN
GET      |    29251|   325.01|   325.01|     0.00|  6807.69|  2975.13|  2932.50
MULTIGET |        0|     0.00|     0.00|     0.00|      NaN|      NaN|      NaN
INVALID  |        0|     0.00|      ---|      ---|      NaN|      NaN|      ---
Average mutliget length: NaN
================================================================================
WORKER 10:
Type     |Total    |Ops/sec  |Hits/sec |Miss/Sec |Resp Time|Proc Time|Srvr Time
SET      |        0|     0.00|     0.00|     0.00|      NaN|      NaN|      NaN
GET      |    28923|   321.37|   321.37|     0.00|  6841.20|  3007.67|  2965.35
MULTIGET |        0|     0.00|     0.00|     0.00|      NaN|      NaN|      NaN
INVALID  |        0|     0.00|      ---|      ---|      NaN|      NaN|      ---
Average mutliget length: NaN
================================================================================
WORKER 11:
Type     |Total    |Ops/sec  |Hits/sec |Miss/Sec |Resp Time|Proc Time|Srvr Time
SET      |        0|     0.00|     0.00|     0.00|      NaN|      NaN|      NaN
GET      |    29016|   322.40|   322.40|     0.00|  6830.84|  2999.69|  2957.15
MULTIGET |        0|     0.00|     0.00|     0.00|      NaN|      NaN|      NaN
INVALID  |        0|     0.00|      ---|      ---|      NaN|      NaN|      ---
Average mutliget length: NaN
================================================================================
WORKER 12:
Type     |Total    |Ops/sec  |Hits/sec |Miss/Sec |Resp Time|Proc Time|Srvr Time
SET      |        0|     0.00|     0.00|     0.00|      NaN|      NaN|      NaN
GET      |    29197|   324.41|   324.41|     0.00|  6824.28|  2981.54|  2938.45
MULTIGET |        0|     0.00|     0.00|     0.00|      NaN|      NaN|      NaN
INVALID  |        0|     0.00|      ---|      ---|      NaN|      NaN|      ---
Average mutliget length: NaN
================================================================================
WORKER 13:
Type     |Total    |Ops/sec  |Hits/sec |Miss/Sec |Resp Time|Proc Time|Srvr Time
SET      |        0|     0.00|     0.00|     0.00|      NaN|      NaN|      NaN
GET      |    29231|   324.79|   324.79|     0.00|  6806.39|  2981.02|  2940.73
MULTIGET |        0|     0.00|     0.00|     0.00|      NaN|      NaN|      NaN
INVALID  |        0|     0.00|      ---|      ---|      NaN|      NaN|      ---
Average mutliget length: NaN
================================================================================
WORKER 14:
Type     |Total    |Ops/sec  |Hits/sec |Miss/Sec |Resp Time|Proc Time|Srvr Time
SET      |        0|     0.00|     0.00|     0.00|      NaN|      NaN|      NaN
GET      |    29132|   323.69|   323.69|     0.00|  6845.94|  2989.32|  2947.63
MULTIGET |        0|     0.00|     0.00|     0.00|      NaN|      NaN|      NaN
INVALID  |        0|     0.00|      ---|      ---|      NaN|      NaN|      ---
Average mutliget length: NaN
================================================================================
WORKER 15:
Type     |Total    |Ops/sec  |Hits/sec |Miss/Sec |Resp Time|Proc Time|Srvr Time
SET      |        0|     0.00|     0.00|     0.00|      NaN|      NaN|      NaN
GET      |    29241|   324.90|   324.90|     0.00|  6817.19|  2975.10|  2933.50
MULTIGET |        0|     0.00|     0.00|     0.00|      NaN|      NaN|      NaN
INVALID  |        0|     0.00|      ---|      ---|      NaN|      NaN|      ---
Average mutliget length: NaN
================================================================================
WORKER 16:
Type     |Total    |Ops/sec  |Hits/sec |Miss/Sec |Resp Time|Proc Time|Srvr Time
SET      |        0|     0.00|     0.00|     0.00|      NaN|      NaN|      NaN
GET      |    29178|   324.20|   324.20|     0.00|  6828.74|  2981.59|  2940.90
MULTIGET |        0|     0.00|     0.00|     0.00|      NaN|      NaN|      NaN
INVALID  |        0|     0.00|      ---|      ---|      NaN|      NaN|      ---
Average mutliget length: NaN
================================================================================
WORKER 17:
Type     |Total    |Ops/sec  |Hits/sec |Miss/Sec |Resp Time|Proc Time|Srvr Time
SET      |        0|     0.00|     0.00|     0.00|      NaN|      NaN|      NaN
GET      |    29061|   322.90|   322.90|     0.00|  6829.16|  2991.33|  2946.80
MULTIGET |        0|     0.00|     0.00|     0.00|      NaN|      NaN|      NaN
INVALID  |        0|     0.00|      ---|      ---|      NaN|      NaN|      ---
Average mutliget length: NaN
================================================================================
WORKER 18:
Type     |Total    |Ops/sec  |Hits/sec |Miss/Sec |Resp Time|Proc Time|Srvr Time
SET      |        0|     0.00|     0.00|     0.00|      NaN|      NaN|      NaN
GET      |    29029|   322.54|   322.54|     0.00|  6836.55|  2998.37|  2953.93
MULTIGET |        0|     0.00|     0.00|     0.00|      NaN|      NaN|      NaN
INVALID  |        0|     0.00|      ---|      ---|      NaN|      NaN|      ---
Average mutliget length: NaN
================================================================================
WORKER 19:
Type     |Total    |Ops/sec  |Hits/sec |Miss/Sec |Resp Time|Proc Time|Srvr Time
SET      |        0|     0.00|     0.00|     0.00|      NaN|      NaN|      NaN
GET      |    29149|   323.88|   323.88|     0.00|  6811.42|  2984.93|  2940.86
MULTIGET |        0|     0.00|     0.00|     0.00|      NaN|      NaN|      NaN
INVALID  |        0|     0.00|      ---|      ---|      NaN|      NaN|      ---
Average mutliget length: NaN
================================================================================
WORKER 20:
Type     |Total    |Ops/sec  |Hits/sec |Miss/Sec |Resp Time|Proc Time|Srvr Time
SET      |        0|     0.00|     0.00|     0.00|      NaN|      NaN|      NaN
GET      |    29265|   325.17|   325.17|     0.00|  6811.66|  2974.76|  2934.22
MULTIGET |        0|     0.00|     0.00|     0.00|      NaN|      NaN|      NaN
INVALID  |        0|     0.00|      ---|      ---|      NaN|      NaN|      ---
Average mutliget length: NaN
================================================================================
WORKER 21:
Type     |Total    |Ops/sec  |Hits/sec |Miss/Sec |Resp Time|Proc Time|Srvr Time
SET      |        0|     0.00|     0.00|     0.00|      NaN|      NaN|      NaN
GET      |    29298|   325.53|   325.53|     0.00|  6792.95|  2969.14|  2927.82
MULTIGET |        0|     0.00|     0.00|     0.00|      NaN|      NaN|      NaN
INVALID  |        0|     0.00|      ---|      ---|      NaN|      NaN|      ---
Average mutliget length: NaN
================================================================================
WORKER 22:
Type     |Total    |Ops/sec  |Hits/sec |Miss/Sec |Resp Time|Proc Time|Srvr Time
SET      |        0|     0.00|     0.00|     0.00|      NaN|      NaN|      NaN
GET      |    28888|   320.98|   320.98|     0.00|  6827.80|  3011.59|  2968.86
MULTIGET |        0|     0.00|     0.00|     0.00|      NaN|      NaN|      NaN
INVALID  |        0|     0.00|      ---|      ---|      NaN|      NaN|      ---
Average mutliget length: NaN
================================================================================
WORKER 23:
Type     |Total    |Ops/sec  |Hits/sec |Miss/Sec |Resp Time|Proc Time|Srvr Time
SET      |        0|     0.00|     0.00|     0.00|      NaN|      NaN|      NaN
GET      |    28947|   321.63|   321.63|     0.00|  6814.85|  3005.03|  2961.58
MULTIGET |        0|     0.00|     0.00|     0.00|      NaN|      NaN|      NaN
INVALID  |        0|     0.00|      ---|      ---|      NaN|      NaN|      ---
Average mutliget length: NaN
================================================================================
WORKER 24:
Type     |Total    |Ops/sec  |Hits/sec |Miss/Sec |Resp Time|Proc Time|Srvr Time
SET      |        0|     0.00|     0.00|     0.00|      NaN|      NaN|      NaN
GET      |    28829|   320.32|   320.32|     0.00|  6837.74|  3016.32|  2973.30
MULTIGET |        0|     0.00|     0.00|     0.00|      NaN|      NaN|      NaN
INVALID  |        0|     0.00|      ---|      ---|      NaN|      NaN|      ---
Average mutliget length: NaN
================================================================================
WORKER 25:
Type     |Total    |Ops/sec  |Hits/sec |Miss/Sec |Resp Time|Proc Time|Srvr Time
SET      |        0|     0.00|     0.00|     0.00|      NaN|      NaN|      NaN
GET      |    29100|   323.33|   323.33|     0.00|  6816.92|  2986.06|  2944.39
MULTIGET |        0|     0.00|     0.00|     0.00|      NaN|      NaN|      NaN
INVALID  |        0|     0.00|      ---|      ---|      NaN|      NaN|      ---
Average mutliget length: NaN
================================================================================
WORKER 26:
Type     |Total    |Ops/sec  |Hits/sec |Miss/Sec |Resp Time|Proc Time|Srvr Time
SET      |        0|     0.00|     0.00|     0.00|      NaN|      NaN|      NaN
GET      |    29185|   324.28|   324.28|     0.00|  6829.49|  2980.90|  2939.82
MULTIGET |        0|     0.00|     0.00|     0.00|      NaN|      NaN|      NaN
INVALID  |        0|     0.00|      ---|      ---|      NaN|      NaN|      ---
Average mutliget length: NaN
================================================================================
WORKER 27:
Type     |Total    |Ops/sec  |Hits/sec |Miss/Sec |Resp Time|Proc Time|Srvr Time
SET      |        0|     0.00|     0.00|     0.00|      NaN|      NaN|      NaN
GET      |    28988|   322.09|   322.09|     0.00|  6837.40|  3000.70|  2959.60
MULTIGET |        0|     0.00|     0.00|     0.00|      NaN|      NaN|      NaN
INVALID  |        0|     0.00|      ---|      ---|      NaN|      NaN|      ---
Average mutliget length: NaN
================================================================================
WORKER 28:
Type     |Total    |Ops/sec  |Hits/sec |Miss/Sec |Resp Time|Proc Time|Srvr Time
SET      |        0|     0.00|     0.00|     0.00|      NaN|      NaN|      NaN
GET      |    29055|   322.83|   322.83|     0.00|  6830.85|  2994.40|  2954.38
MULTIGET |        0|     0.00|     0.00|     0.00|      NaN|      NaN|      NaN
INVALID  |        0|     0.00|      ---|      ---|      NaN|      NaN|      ---
Average mutliget length: NaN
================================================================================
WORKER 29:
Type     |Total    |Ops/sec  |Hits/sec |Miss/Sec |Resp Time|Proc Time|Srvr Time
SET      |        0|     0.00|     0.00|     0.00|      NaN|      NaN|      NaN
GET      |    29107|   323.41|   323.41|     0.00|  6825.56|  2989.08|  2946.27
MULTIGET |        0|     0.00|     0.00|     0.00|      NaN|      NaN|      NaN
INVALID  |        0|     0.00|      ---|      ---|      NaN|      NaN|      ---
Average mutliget length: NaN
================================================================================
WORKER 30:
Type     |Total    |Ops/sec  |Hits/sec |Miss/Sec |Resp Time|Proc Time|Srvr Time
SET      |        0|     0.00|     0.00|     0.00|      NaN|      NaN|      NaN
GET      |    29215|   324.61|   324.61|     0.00|  6830.80|  2977.26|  2937.26
MULTIGET |        0|     0.00|     0.00|     0.00|      NaN|      NaN|      NaN
INVALID  |        0|     0.00|      ---|      ---|      NaN|      NaN|      ---
Average mutliget length: NaN
================================================================================
WORKER 31:
Type     |Total    |Ops/sec  |Hits/sec |Miss/Sec |Resp Time|Proc Time|Srvr Time
SET      |        0|     0.00|     0.00|     0.00|      NaN|      NaN|      NaN
GET      |    29080|   323.11|   323.11|     0.00|  6811.89|  2992.05|  2949.80
MULTIGET |        0|     0.00|     0.00|     0.00|      NaN|      NaN|      NaN
INVALID  |        0|     0.00|      ---|      ---|      NaN|      NaN|      ---
Average mutliget length: NaN
================================================================================
================================================================================

AGGREGATE FOR ALL WORKERS:
Type     |Total    |Ops/sec  |Hits/sec |Miss/Sec |Resp Time|Proc Time|Srvr Time
SET      |        0|     0.00|     0.00|     0.00|      NaN|      NaN|      NaN
GET      |   931430| 10349.22| 10349.22|     0.00|  6824.04|  2989.18|  2946.93
MULTIGET |        0|     0.00|     0.00|     0.00|      NaN|      NaN|      NaN
INVALID  |        0|     0.00|      ---|      ---|      NaN|      NaN|      ---
Average mutliget length: NaN


 HISTOGRAM
  Response time (ms)   Percent
                 0.1      0.00%
                 0.2      0.00%
                 0.3      0.00%
                 0.4      0.00%
                 0.5      0.00%
                 0.6      0.00%
                 0.7      0.02%
                 0.8      0.04%
                 0.9      0.06%
                 1.0      0.10%
                 1.1      0.14%
                 1.2      0.19%
                 1.3      0.25%
                 1.4      0.32%
                 1.5      0.40%
                 1.6      0.49%
                 1.7      0.60%
                 1.8      0.72%
                 1.9      0.85%
                 2.0      1.00%
                 2.1      1.17%
                 2.2      1.36%
                 2.3      1.57%
                 2.4      1.82%
                 2.5      2.11%
                 2.6      2.43%
                 2.7      2.79%
                 2.8      3.20%
                 2.9      3.65%
                 3.0      4.17%
                 3.1      4.76%
                 3.2      5.41%
                 3.3      6.12%
                 3.4      6.94%
                 3.5      7.86%
                 3.6      8.90%
                 3.7     10.03%
                 3.8     11.25%
                 3.9     12.61%
                 4.0     14.02%
                 4.1     15.49%
                 4.2     17.03%
                 4.3     18.57%
                 4.4     20.17%
                 4.5     21.74%
                 4.6     23.32%
                 4.7     24.89%
                 4.8     26.45%
                 4.9     27.97%
                 5.0     29.50%
                 5.1     31.01%
                 5.2     32.48%
                 5.3     33.93%
                 5.4     35.39%
                 5.5     36.80%
                 5.6     38.15%
                 5.7     39.50%
                 5.8     40.85%
                 5.9     42.17%
                 6.0     43.49%
                 6.1     44.77%
                 6.2     46.05%
                 6.3     47.31%
                 6.4     48.56%
                 6.5     49.81%
                 6.6     51.05%
                 6.7     52.25%
                 6.8     53.49%
                 6.9     54.71%
                 7.0     55.95%
                 7.1     57.19%
                 7.2     58.41%
                 7.3     59.66%
                 7.4     60.89%
                 7.5     62.13%
                 7.6     63.35%
                 7.7     64.55%
                 7.8     65.79%
                 7.9     67.01%
                 8.0     68.21%
                 8.1     69.41%
                 8.2     70.57%
                 8.3     71.70%
                 8.4     72.83%
                 8.5     73.96%
                 8.6     75.07%
                 8.7     76.14%
                 8.8     77.19%
                 8.9     78.22%
                 9.0     79.23%
                 9.1     80.23%
                 9.2     81.21%
                 9.3     82.15%
                 9.4     83.04%
                 9.5     83.90%
                 9.6     84.73%
                 9.7     85.51%
                 9.8     86.23%
                 9.9     86.94%
                10.0     87.60%
                10.1     88.23%
                10.2     88.83%
                10.3     89.41%
                10.4     89.98%
                10.5     90.52%
                10.6     91.02%
                10.7     91.51%
                10.8     91.96%
                10.9     92.40%
                11.0     92.83%
                11.1     93.24%
                11.2     93.61%
                11.3     93.97%
                11.4     94.30%
                11.5     94.62%
                11.6     94.91%
                11.7     95.17%
                11.8     95.43%
                11.9     95.68%
                12.0     95.91%
                12.1     96.12%
                12.2     96.32%
                12.3     96.50%
                12.4     96.68%
                12.5     96.86%
                12.6     97.02%
                12.7     97.17%
                12.8     97.31%
                12.9     97.44%
                13.0     97.56%
                13.1     97.68%
                13.2     97.78%
                13.3     97.88%
                13.4     97.97%
                13.5     98.05%
                13.6     98.12%
                13.7     98.20%
                13.8     98.27%
                13.9     98.34%
                14.0     98.40%
                14.1     98.46%
                14.2     98.52%
                14.3     98.57%
                14.4     98.62%
                14.5     98.66%
                14.6     98.71%
                14.7     98.75%
                14.8     98.79%
                14.9     98.83%
                15.0     98.87%
                15.1     98.91%
                15.2     98.94%
                15.3     98.97%
                15.4     99.00%
                15.5     99.03%
                15.6     99.06%
                15.7     99.08%
                15.8     99.11%
                15.9     99.14%
                16.0     99.16%
                16.1     99.19%
                16.2     99.21%
                16.3     99.23%
                16.4     99.26%
                16.5     99.28%
                16.6     99.30%
                16.7     99.32%
                16.8     99.34%
                16.9     99.35%
                17.0     99.37%
                17.1     99.38%
                17.2     99.40%
                17.3     99.42%
                17.4     99.43%
                17.5     99.45%
                17.6     99.47%
                17.7     99.48%
                17.8     99.50%
                17.9     99.51%
                18.0     99.52%
                18.1     99.53%
                18.2     99.55%
                18.3     99.56%
                18.4     99.57%
                18.5     99.58%
                18.6     99.59%
                18.7     99.60%
                18.8     99.61%
                18.9     99.62%
                19.0     99.63%
                19.1     99.64%
                19.2     99.65%
                19.3     99.65%
                19.4     99.67%
                19.5     99.68%
                19.6     99.69%
                19.7     99.70%
                19.8     99.71%
                19.9     99.71%
                20.0     99.72%
                20.1     99.73%
                20.2     99.74%
                20.3     99.74%
                20.4     99.75%
                20.5     99.75%
                20.6     99.76%
                20.7     99.76%
                20.8     99.77%
                20.9     99.77%
                21.0     99.78%
                21.1     99.78%
                21.2     99.79%
                21.3     99.79%
                21.4     99.80%
                21.5     99.80%
                21.6     99.80%
                21.7     99.81%
                21.8     99.81%
                21.9     99.81%
                22.0     99.82%
                22.1     99.82%
                22.2     99.83%
                22.3     99.83%
                22.4     99.83%
                22.5     99.84%
                22.6     99.84%
                22.7     99.85%
                22.8     99.85%
                22.9     99.86%
                23.0     99.86%
                23.1     99.86%
                23.2     99.87%
                23.3     99.87%
                23.4     99.87%
                23.5     99.88%
                23.6     99.88%
                23.7     99.89%
                23.8     99.89%
                23.9     99.89%
                24.0     99.90%
                24.1     99.90%
                24.2     99.90%
                24.3     99.91%
                24.4     99.91%
                24.5     99.91%
                24.6     99.91%
                24.7     99.91%
                24.8     99.92%
                24.9     99.92%
                25.0     99.92%
                25.1     99.93%
                25.2     99.93%
                25.3     99.93%
                25.4     99.93%
                25.5     99.93%
                25.6     99.93%
                25.7     99.93%
                25.8     99.93%
                25.9     99.94%
                26.0     99.94%
                26.1     99.94%
                26.2     99.94%
                26.3     99.94%
                26.4     99.94%
                26.5     99.94%
                26.6     99.94%
                26.7     99.94%
                26.8     99.94%
                26.9     99.94%
                27.0     99.94%
                27.1     99.94%
                27.2     99.94%
                27.3     99.95%
                27.4     99.95%
                27.5     99.95%
                27.6     99.95%
                27.7     99.95%
                27.8     99.95%
                27.9     99.95%
                28.0     99.95%
                28.1     99.95%
                28.2     99.95%
                28.3     99.95%
                28.4     99.95%
                28.5     99.95%
                28.6     99.95%
                28.7     99.95%
                28.8     99.95%
                28.9     99.95%
                29.0     99.95%
                29.1     99.95%
                29.2     99.95%
                29.3     99.95%
                29.4     99.95%
                29.5     99.95%
                29.6     99.95%
                29.7     99.96%
                29.8     99.96%
                29.9     99.96%
                30.0     99.96%
                30.1     99.96%
                30.2     99.96%
                30.3     99.96%
                30.4     99.96%
                30.5     99.96%
                30.6     99.96%
                30.7     99.96%
                30.8     99.96%
                30.9     99.96%
                31.0     99.96%
                31.1     99.96%
                31.2     99.96%
                31.3     99.96%
                31.4     99.96%
                31.5     99.97%
                31.6     99.97%
                31.7     99.97%
                31.8     99.97%
                31.9     99.97%
                32.0     99.97%
                32.1     99.97%
                32.2     99.97%
                32.3     99.97%
                32.4     99.97%
                32.5     99.97%
                32.6     99.97%
                32.7     99.97%
                32.8     99.97%
                32.9     99.97%
                33.0     99.97%
                33.1     99.97%
                33.2     99.97%
                33.3     99.97%
                33.4     99.97%
                33.5     99.97%
                33.6     99.97%
                33.7     99.97%
                33.8     99.97%
                33.9     99.97%
                34.0     99.97%
                34.1     99.97%
                34.2     99.97%
                34.3     99.97%
                34.4     99.97%
                34.5     99.97%
                34.6     99.97%
                34.7     99.97%
                34.8     99.97%
                34.9     99.97%
                35.0     99.97%
                35.1     99.97%
                35.2     99.97%
                35.3     99.97%
                35.4     99.97%
                35.5     99.98%
                35.6     99.98%
                35.7     99.98%
                35.8     99.98%
                35.9     99.98%
                36.0     99.98%
                36.1     99.98%
                36.2     99.98%
                36.3     99.98%
                36.4     99.98%
                36.5     99.98%
                36.6     99.98%
                36.7     99.98%
                36.8     99.98%
                36.9     99.98%
                37.0     99.98%
                37.1     99.98%
                37.2     99.98%
                37.3     99.98%
                37.4     99.98%
                37.5     99.98%
                37.6     99.98%
                37.7     99.98%
                37.8     99.98%
                37.9     99.98%
                38.0     99.98%
                38.1     99.98%
                38.2     99.98%
                38.3     99.98%
                38.4     99.98%
                38.5     99.98%
                38.6     99.98%
                38.7     99.98%
                38.8     99.98%
                38.9     99.98%
                39.0     99.98%
                39.1     99.98%
                39.2     99.98%
                39.3     99.98%
                39.4     99.98%
                39.5     99.98%
                39.6     99.98%
                39.7     99.98%
                39.8     99.98%
                39.9     99.98%
                40.0     99.98%
                40.1     99.98%
                40.2     99.98%
                40.3     99.98%
                40.4     99.98%
                40.5     99.98%
                40.6     99.98%
                40.7     99.98%
                40.8     99.98%
                40.9     99.98%
                41.0     99.99%
                41.1     99.99%
                41.2     99.99%
                41.3     99.99%
                41.4     99.99%
                41.5     99.99%
                41.6     99.99%
                41.7     99.99%
                41.8     99.99%
                41.9     99.99%
                42.0     99.99%
                42.1     99.99%
                42.2     99.99%
                42.3     99.99%
                42.4     99.99%
                42.5     99.99%
                42.6     99.99%
                42.7     99.99%
                42.8     99.99%
                42.9     99.99%
                43.0     99.99%
                43.1     99.99%
                43.2     99.99%
                43.3     99.99%
                43.4     99.99%
                43.5     99.99%
                43.6     99.99%
                43.7     99.99%
                43.8     99.99%
                43.9     99.99%
                44.0     99.99%
                44.1     99.99%
                44.2     99.99%
                44.3     99.99%
                44.4     99.99%
                44.5     99.99%
                44.6     99.99%
                44.7     99.99%
                44.8     99.99%
                44.9     99.99%
                45.0     99.99%
                45.1     99.99%
                45.2     99.99%
                45.3     99.99%
                45.4     99.99%
                45.5     99.99%
                45.6     99.99%
                45.7     99.99%
                45.8     99.99%
                45.9     99.99%
                46.0     99.99%
                46.1     99.99%
                46.2     99.99%
                46.3     99.99%
                46.4     99.99%
                46.5     99.99%
                46.6     99.99%
                46.7     99.99%
                46.8     99.99%
                46.9     99.99%
                47.0     99.99%
                47.1     99.99%
                47.2     99.99%
                47.3     99.99%
                47.4     99.99%
                47.5     99.99%
                47.6     99.99%
                47.7     99.99%
                47.8     99.99%
                47.9     99.99%
                48.0     99.99%
                48.1     99.99%
                48.2     99.99%
                48.3     99.99%
                48.4     99.99%
                48.5     99.99%
                48.6     99.99%
                48.7     99.99%
                48.8     99.99%
                48.9     99.99%
                49.0     99.99%
                49.1     99.99%
                49.2     99.99%
                49.3     99.99%
                49.4     99.99%
                49.5     99.99%
                49.6     99.99%
                49.7     99.99%
                49.8     99.99%
                49.9     99.99%
                50.0     99.99%
                50.1     99.99%
                50.2     99.99%
                50.3     99.99%
                50.4     99.99%
                50.5     99.99%
                50.6     99.99%
                50.7     99.99%
                50.8     99.99%
                50.9     99.99%
                51.0     99.99%
                51.1     99.99%
                51.2     99.99%
                51.3     99.99%
                51.4     99.99%
                51.5     99.99%
                51.6     99.99%
                51.7     99.99%
                51.8     99.99%
                51.9     99.99%
                52.0     99.99%
                52.1     99.99%
                52.2     99.99%
                52.3     99.99%
                52.4     99.99%
                52.5     99.99%
                52.6     99.99%
                52.7     99.99%
                52.8     99.99%
                52.9     99.99%
                53.0     99.99%
                53.1     99.99%
                53.2     99.99%
                53.3     99.99%
                53.4     99.99%
                53.5     99.99%
                53.6     99.99%
                53.7     99.99%
                53.8     99.99%
                53.9     99.99%
                54.0     99.99%
                54.1     99.99%
                54.2     99.99%
                54.3     99.99%
                54.4     99.99%
                54.5     99.99%
                54.6     99.99%
                54.7     99.99%
                54.8     99.99%
                54.9     99.99%
                55.0     99.99%
                55.1     99.99%
                55.2     99.99%
                55.3     99.99%
                55.4     99.99%
                55.5     99.99%
                55.6     99.99%
                55.7     99.99%
                55.8     99.99%
                55.9     99.99%
                56.0     99.99%
                56.1     99.99%
                56.2     99.99%
                56.3     99.99%
                56.4     99.99%
                56.5     99.99%
                56.6     99.99%
                56.7     99.99%
                56.8     99.99%
                56.9     99.99%
                57.0     99.99%
                57.1     99.99%
                57.2     99.99%
                57.3     99.99%
                57.4     99.99%
                57.5     99.99%
                57.6     99.99%
                57.7     99.99%
                57.8     99.99%
                57.9     99.99%
                58.0     99.99%
                58.1     99.99%
                58.2     99.99%
                58.3     99.99%
                58.4     99.99%
                58.5     99.99%
                58.6     99.99%
                58.7     99.99%
                58.8     99.99%
                58.9     99.99%
                59.0     99.99%
                59.1     99.99%
                59.2     99.99%
                59.3     99.99%
                59.4     99.99%
                59.5     99.99%
                59.6     99.99%
                59.7     99.99%
                59.8     99.99%
                59.9     99.99%
                60.0     99.99%
                60.1     99.99%
                60.2     99.99%
                60.3     99.99%
                60.4     99.99%
                60.5     99.99%
                60.6     99.99%
                60.7     99.99%
                60.8     99.99%
                60.9     99.99%
                61.0     99.99%
                61.1     99.99%
                61.2     99.99%
                61.3     99.99%
                61.4     99.99%
                61.5     99.99%
                61.6     99.99%
                61.7     99.99%
                61.8     99.99%
                61.9     99.99%
                62.0     99.99%
                62.1     99.99%
                62.2     99.99%
                62.3     99.99%
                62.4     99.99%
                62.5     99.99%
                62.6     99.99%
                62.7     99.99%
                62.8     99.99%
                62.9     99.99%
                63.0     99.99%
                63.1     99.99%
                63.2     99.99%
                63.3     99.99%
                63.4     99.99%
                63.5     99.99%
                63.6     99.99%
                63.7     99.99%
                63.8     99.99%
                63.9     99.99%
                64.0     99.99%
                64.1     99.99%
                64.2     99.99%
                64.3     99.99%
                64.4     99.99%
                64.5     99.99%
                64.6     99.99%
                64.7     99.99%
                64.8     99.99%
                64.9     99.99%
                65.0     99.99%
                65.1     99.99%
                65.2     99.99%
                65.3     99.99%
                65.4     99.99%
                65.5     99.99%
                65.6     99.99%
                65.7     99.99%
                65.8     99.99%
                65.9     99.99%
                66.0     99.99%
                66.1     99.99%
                66.2     99.99%
                66.3     99.99%
                66.4     99.99%
                66.5     99.99%
                66.6     99.99%
                66.7     99.99%
                66.8     99.99%
                66.9     99.99%
                67.0     99.99%
                67.1     99.99%
                67.2     99.99%
                67.3     99.99%
                67.4     99.99%
                67.5     99.99%
                67.6     99.99%
                67.7     99.99%
                67.8     99.99%
                67.9     99.99%
                68.0     99.99%
                68.1     99.99%
                68.2     99.99%
                68.3     99.99%
                68.4     99.99%
                68.5     99.99%
                68.6     99.99%
                68.7     99.99%
                68.8     99.99%
                68.9     99.99%
                69.0     99.99%
                69.1     99.99%
                69.2     99.99%
                69.3     99.99%
                69.4     99.99%
                69.5     99.99%
                69.6     99.99%
                69.7     99.99%
                69.8     99.99%
                69.9     99.99%
                70.0     99.99%
                70.1     99.99%
                70.2     99.99%
                70.3     99.99%
                70.4     99.99%
                70.5     99.99%
                70.6     99.99%
                70.7     99.99%
                70.8     99.99%
                70.9     99.99%
                71.0     99.99%
                71.1     99.99%
                71.2     99.99%
                71.3     99.99%
                71.4     99.99%
                71.5     99.99%
                71.6     99.99%
                71.7     99.99%
                71.8     99.99%
                71.9     99.99%
                72.0     99.99%
                72.1     99.99%
                72.2     99.99%
                72.3     99.99%
                72.4     99.99%
                72.5     99.99%
                72.6     99.99%
                72.7     99.99%
                72.8     99.99%
                72.9     99.99%
                73.0     99.99%
                73.1     99.99%
                73.2     99.99%
                73.3     99.99%
                73.4     99.99%
                73.5     99.99%
                73.6     99.99%
                73.7     99.99%
                73.8     99.99%
                73.9     99.99%
                74.0     99.99%
                74.1     99.99%
                74.2     99.99%
                74.3     99.99%
                74.4     99.99%
                74.5     99.99%
                74.6     99.99%
                74.7     99.99%
                74.8     99.99%
                74.9     99.99%
                75.0     99.99%
                75.1     99.99%
                75.2     99.99%
                75.3     99.99%
                75.4     99.99%
                75.5     99.99%
                75.6     99.99%
                75.7     99.99%
                75.8     99.99%
                75.9     99.99%
                76.0     99.99%
                76.1     99.99%
                76.2     99.99%
                76.3     99.99%
                76.4     99.99%
                76.5     99.99%
                76.6     99.99%
                76.7     99.99%
                76.8     99.99%
                76.9     99.99%
                77.0     99.99%
                77.1     99.99%
                77.2     99.99%
                77.3     99.99%
                77.4     99.99%
                77.5     99.99%
                77.6     99.99%
                77.7     99.99%
                77.8     99.99%
                77.9     99.99%
                78.0     99.99%
                78.1     99.99%
                78.2     99.99%
                78.3     99.99%
                78.4     99.99%
                78.5     99.99%
                78.6     99.99%
                78.7     99.99%
                78.8     99.99%
                78.9     99.99%
                79.0     99.99%
                79.1     99.99%
                79.2     99.99%
                79.3     99.99%
                79.4     99.99%
                79.5     99.99%
                79.6     99.99%
                79.7     99.99%
                79.8     99.99%
                79.9     99.99%
                80.0     99.99%
                80.1     99.99%
                80.2     99.99%
                80.3     99.99%
                80.4     99.99%
                80.5     99.99%
                80.6     99.99%
                80.7     99.99%
                80.8     99.99%
                80.9     99.99%
                81.0     99.99%
                81.1     99.99%
                81.2     99.99%
                81.3     99.99%
                81.4     99.99%
                81.5     99.99%
                81.6    100.00%
                81.7    100.00%
                81.8    100.00%
                81.9    100.00%
                82.0    100.00%
                82.1    100.00%
                82.2    100.00%
                82.3    100.00%
                82.4    100.00%
                82.5    100.00%
                82.6    100.00%
                82.7    100.00%
                82.8    100.00%
                82.9    100.00%
                83.0    100.00%
                83.1    100.00%
                83.2    100.00%
                83.3    100.00%
                83.4    100.00%
                83.5    100.00%
                83.6    100.00%
                83.7    100.00%
                83.8    100.00%
                83.9    100.00%
                84.0    100.00%
                84.1    100.00%
                84.2    100.00%
                84.3    100.00%
                84.4    100.00%
                84.5    100.00%
                84.6    100.00%
                84.7    100.00%
                84.8    100.00%
                84.9    100.00%
                85.0    100.00%
                85.1    100.00%
                85.2    100.00%
                85.3    100.00%
                85.4    100.00%
                85.5    100.00%

