[7l----total-cpu-usage---- -net/total- -dsk/total- --epoch---
usr sys idl wai hiq siq| recv  send| read  writ|  epoch   
  2   3  93   2   1   0|   0     0 |  61k   21M|1510766100
  1   3  94   0   1   0| 143k 2111k|   0     0 |1510766101
  2   3  94   0   2   0| 157k 2377k|   0     0 |1510766102
  2   3  92   2   1   0| 156k 2348k|   0    60k|1510766103
  2   3  95   0   1   0| 154k 2340k|   0     0 |1510766104
  2   3  94   0   2   0| 155k 2352k|   0     0 |1510766105
  2   3  94   0   2   0| 154k 2330k|   0     0 |1510766106
  2   3  94   0   2   0| 151k 2295k|   0     0 |1510766107
  2   3  92   2   2   0| 148k 2246k|   0    24k|1510766108
  2   3  94   0   1   0| 151k 2289k|   0     0 |1510766109
  2   3  94   0   2   0| 156k 2364k|   0     0 |1510766110
  2   2  95   0   1   0| 151k 2283k|   0     0 |1510766111
  2   2  95   0   1   0| 151k 2236k|   0     0 |1510766112
  2   3  92   2   2   0| 154k 2340k|   0    16k|1510766113
  2   3  94   0   2   0| 156k 2359k|   0     0 |1510766114
  2   3  94   0   2   0| 155k 2346k|   0     0 |1510766115
  2   3  94   0   1   0| 155k 2350k|   0     0 |1510766116
  2   3  93   0   2   0| 154k 2326k|   0     0 |1510766117
  2   3  93   2   1   0| 147k 2234k|   0    16k|1510766118
  2   3  94   0   2   0| 153k 2320k|   0     0 |1510766119
  2   3  94   0   2   0| 154k 2335k|   0     0 |1510766120
  2   2  94   0   1   0| 138k 2088k|   0     0 |1510766121
  2   3  93   0   2   0| 155k 2347k|   0     0 |1510766122
  2   3  93   2   1   0| 150k 2257k|   0    24k|1510766123
  2   3  94   0   2   0| 155k 2349k|   0     0 |1510766124
  2   3  95   0   2   0| 157k 2385k|   0     0 |1510766125
  2   3  94   0   2   0| 157k 2388k|   0     0 |1510766126
  2   3  94   0   2   0| 156k 2366k|   0     0 |1510766127
  2   3  92   2   2   0| 159k 2416k|   0    44k|1510766128
  2   3  94   0   1   0| 155k 2355k|   0     0 |1510766129
  2   3  94   0   2   0| 151k 2293k|   0     0 |1510766130
  2   3  94   0   2   0| 153k 2316k|   0     0 |1510766131
  2   3  93   0   2   0| 152k 2313k|   0     0 |1510766132
  2   3  94   0   2   0| 153k 2314k|   0    20k|1510766133
  2   3  92   2   2   0| 156k 2363k|   0    24k|1510766134
  2   2  94   0   2   0| 151k 2273k|   0     0 |1510766135
  2   3  94   0   2   0| 154k 2336k|   0     0 |1510766136
  2   3  94   0   2   0| 155k 2347k|   0     0 |1510766137
  2   3  94   0   2   0| 157k 2374k|   0     0 |1510766138
  2   3  93   1   2   0| 158k 2391k|   0    16k|1510766139
  2   3  94   0   2   0| 157k 2376k|   0     0 |1510766140
  2   3  94   0   2   0| 155k 2353k|   0     0 |1510766141
  2   3  94   0   2   0| 154k 2335k|   0     0 |1510766142
  2   3  94   0   2   0| 156k 2362k|   0     0 |1510766143
  2   3  92   2   2   0| 153k 2321k|   0    16k|1510766144
  2   3  94   0   1   0| 156k 2365k|   0     0 |1510766145
  2   3  94   0   2   0| 159k 2406k|   0     0 |1510766146
  2   3  95   0   2   0| 161k 2439k|   0     0 |1510766147
  2   4  93   0   2   0| 154k 2336k|   0     0 |1510766148
  2   3  94   0   2   0| 158k 2392k|   0     0 |1510766149
  2   3  93   2   2   0| 158k 2391k|   0    16k|1510766150
  2   3  94   0   2   0| 150k 2271k|   0     0 |1510766151
  2   3  94   0   2   0| 154k 2331k|   0     0 |1510766152
  2   3  93   0   2   0| 151k 2296k|   0     0 |1510766153
  2   3  94   0   2   0| 155k 2343k|   0     0 |1510766154
  2   3  92   2   2   0| 153k 2323k|   0    16k|1510766155
  2   3  95   0   1   0| 154k 2281k|   0     0 |1510766156
  2   3  94   0   2   0| 154k 2337k|   0     0 |1510766157
  2   3  93   0   2   0| 156k 2330k|   0     0 |1510766158
  2   3  94   0   2   0| 157k 2384k|   0     0 |1510766159
  2   3  92   2   2   0| 150k 2249k|   0    16k|1510766160
  2   3  94   0   1   0| 154k 2336k|   0     0 |1510766161
  2   3  94   0   2   0| 154k 2329k|   0     0 |1510766162
  2   3  94   0   2   0| 149k 2260k|   0  8192B|1510766163
  2   3  94   0   2   0| 152k 2303k|   0     0 |1510766164
  2   3  92   2   2   0| 148k 2238k|   0    16k|1510766165
  2   3  94   0   2   0| 150k 2271k|   0     0 |1510766166
  2   2  94   0   1   0| 153k 2297k|   0     0 |1510766167
  2   3  94   0   2   0| 157k 2374k|   0    24k|1510766168
  2   3  94   0   1   0| 156k 2371k|   0     0 |1510766169
  2   3  92   2   2   0| 161k 2434k|   0    24k|1510766170
  2   3  94   0   2   0| 158k 2400k|   0     0 |1510766171
  2   3  94   0   2   0| 157k 2384k|   0     0 |1510766172
  2   2  95   0   2   0| 125k 1881k|   0     0 |1510766173
  1   2  96   0   1   0|  74k 1122k|   0     0 |1510766174
  1   2  95   2   1   0|  76k 1147k|   0    12k|1510766175
  1   2  96   0   1   0|  75k 1139k|   0  4096B|1510766176
  1   2  96   0   1   0|  76k 1149k|   0     0 |1510766177
  1   2  97   0   1   0|  75k 1136k|   0     0 |1510766178
  1   2  97   0   1   0|  74k 1097k|   0     0 |1510766179
  1   2  97   0   1   0|  77k 1166k|   0     0 |1510766180
  1   2  90   7   1   0|  74k 1118k|   0    16k|1510766181
  1   2  97   0   1   0|  76k 1146k|   0     0 |1510766182
  1   2  96   0   1   0|  75k 1133k|   0     0 |1510766183
  1   2  97   0   1   0|  74k 1122k|   0     0 |1510766184
  0   0  99   0   0   0|  13k  178k|   0     0 |1510766185
  1   0  98   2   0   0|6300B   49k|   0    16k|1510766186
  1   2  97   0   1   0|  72k 1048k|   0     0 |1510766187
  2   2  96   0   1   0| 106k 1589k|   0     0 |1510766188
  2   3  94   0   2   0| 147k 2205k|   0     0 |1510766189
  2   3  94   0   2   0| 163k 2437k|   0     0 |1510766190
