[7l----total-cpu-usage---- -net/total- -dsk/total- --epoch---
usr sys idl wai hiq siq| recv  send| read  writ|  epoch   
  0   1  98   0   0   0|   0     0 |3601B  656k|1510999614
  3   6  85   0   6   0|7649k  504k|   0     0 |1510999615
  6  10  71   0  13   0|  11M  755k|   0     0 |1510999616
  5   8  77   0  10   0|  11M  726k|   0     0 |1510999617
  5   8  78   0   9   0|  11M  748k|   0     0 |1510999618
  4   9  74   2  11   0|  11M  747k|   0    44k|1510999619
  7   9  75   0   9   0|  11M  732k|   0     0 |1510999620
  5   7  79   0   9   0|  11M  748k|   0     0 |1510999621
  5   7  78   0  10   0|  11M  725k|   0     0 |1510999622
  5   7  80   0   8   0|  10M  680k|   0     0 |1510999623
  5   7  80   2   6   0|  11M  728k|   0    12k|1510999624
  4   7  81   0   8   0|  11M  709k|   0     0 |1510999625
  5   7  80   0   8   0|  10M  706k|   0     0 |1510999626
  4   8  79   0   9   0|  11M  747k|   0     0 |1510999627
  4   6  83   0   7   0|  10M  699k|   0     0 |1510999628
  5   7  80   0   8   0|  11M  739k|   0     0 |1510999629
  4   6  81   3   6   0|  11M  729k|   0    12k|1510999630
  5   7  81   0   7   0|  11M  709k|   0     0 |1510999631
  4   7  82   0   7   0|  11M  740k|   0     0 |1510999632
  5   7  80   0   8   0|  11M  729k|   0     0 |1510999633
  6   7  77   0  10   0|  11M  733k|   0     0 |1510999634
  5   7  80   0   8   0|  10M  695k|   0     0 |1510999635
  5   8  76   2   9   0|  10M  704k|   0    12k|1510999636
  5   8  76   0  11   0|  11M  738k|   0     0 |1510999637
  5   8  77   0  10   0|  11M  737k|   0     0 |1510999638
  5   8  79   0   8   0|  11M  734k|   0     0 |1510999639
  5   7  79   0   9   0|  11M  710k|   0     0 |1510999640
  5   9  76   0  10   0|  10M  703k|   0     0 |1510999641
  4   7  79   3   7   0|  11M  747k|   0    12k|1510999642
  5   7  81   0   7   0|  10M  707k|   0     0 |1510999643
  4   6  84   0   6   0|  10M  705k|   0     0 |1510999644
  4   6  84   0   6   0|  11M  710k|   0     0 |1510999645
  4   7  82   0   7   0|  11M  717k|   0     0 |1510999646
  4   7  83   0   6   0|  10M  687k|   0     0 |1510999647
  4   8  76   2  10   0|  11M  717k|   0    12k|1510999648
  6   7  77   0  10   0|  11M  719k|   0    16k|1510999649
  4   7  81   0   8   0|  10M  686k|   0     0 |1510999650
  5   8  80   0   7   0|  10M  693k|   0     0 |1510999651
  5   7  78   0  10   0|  10M  683k|   0     0 |1510999652
  4   8  81   0   7   0|  11M  716k|   0     0 |1510999653
  5   7  78   2   8   0|  10M  698k|   0    52k|1510999654
  4   7  82   0   7   0|  10M  694k|   0     0 |1510999655
  5   7  82   0   6   0|  11M  737k|   0     0 |1510999656
  4   7  80   0   9   0|  11M  715k|   0     0 |1510999657
  4   6  83   0   7   0|  10M  694k|   0     0 |1510999658
  5   7  81   0   7   0|  10M  694k|   0     0 |1510999659
  5   8  77   2   8   0|  11M  714k|   0  8192B|1510999660
  5   7  79   0   9   0|  10M  708k|   0  4096B|1510999661
  5   7  81   0   7   0|  10M  705k|   0     0 |1510999662
  4   7  81   0   8   0|  11M  731k|   0     0 |1510999663
  5   7  80   0   8   0|  11M  714k|   0     0 |1510999664
  4   8  80   0   8   0|9856k  650k|   0     0 |1510999665
  5   8  77   0  10   0|  11M  720k|   0     0 |1510999666
  6   9  72   2  11   0|  10M  685k|   0    12k|1510999667
  4   8  80   0   8   0|  10M  700k|   0     0 |1510999668
  5   7  80   0   8   0|  11M  730k|   0     0 |1510999669
  4   7  82   0   7   0|  10M  704k|   0     0 |1510999670
  5   8  79   0   8   0|  11M  731k|   0     0 |1510999671
  5   7  80   0   8   0|  11M  727k|   0     0 |1510999672
  4   6  81   2   7   0|  10M  677k|   0    12k|1510999673
  5   7  77   0  11   0|  10M  702k|   0     0 |1510999674
  5   8  79   0   8   0|  10M  708k|   0     0 |1510999675
  6   8  76   0  10   0|  11M  713k|   0     0 |1510999676
  4   6  81   0   9   0|  10M  685k|   0     0 |1510999677
  4   7  82   0   7   0|  10M  706k|   0     0 |1510999678
  5   8  75   3   9   0|  11M  710k|   0    12k|1510999679
  4   7  82   0   7   0|  10M  670k|   0     0 |1510999680
  6   8  78   0   8   0|  11M  716k|   0     0 |1510999681
  4   8  80   0   8   0|  11M  726k|   0     0 |1510999682
  6   8  77   0   9   0|  11M  726k|   0     0 |1510999683
  4   7  82   0   7   0|  11M  713k|   0  8192B|1510999684
  4   7  75   7   7   0|  10M  681k|   0    20k|1510999685
  5   8  79   0   8   0|  11M  724k|   0     0 |1510999686
  5   7  79   0   9   0|  11M  725k|   0     0 |1510999687
  4   7  82   0   7   0|  11M  736k|   0     0 |1510999688
  6   7  80   0   7   0|  11M  713k|   0    20k|1510999689
  4   7  82   0   7   0|  10M  705k|   0     0 |1510999690
  6   8  76   1   9   0|  10M  709k|   0    12k|1510999691
  5   7  81   0   7   0|  10M  708k|   0     0 |1510999692
  4   8  77   0  11   0|  11M  722k|   0     0 |1510999693
  5   7  80   0   8   0|  10M  684k|   0     0 |1510999694
  4   7  82   0   7   0|  10M  686k|   0     0 |1510999695
  6   8  77   0   9   0|  11M  711k|   0     0 |1510999696
  5   7  75   2  11   0|  10M  699k|   0    12k|1510999697
  5   8  78   0   9   0|  11M  732k|   0     0 |1510999698
  5   7  80   0   8   0|  11M  718k|   0     0 |1510999699
  5   7  80   0   8   0|  10M  693k|   0     0 |1510999700
  5   8  79   0   8   0|  11M  727k|   0     0 |1510999701
  5   7  81   0   7   0|  11M  722k|   0     0 |1510999702
  4   7  81   1   7   0|  10M  698k|   0    12k|1510999703
  5   7  80   0   8   0|  11M  718k|   0     0 |1510999704
