[7l----total-cpu-usage---- -net/total- -dsk/total- --epoch---
usr sys idl wai hiq siq| recv  send| read  writ|  epoch   
  2   4  91   0   3   0|   0     0 |  13k   26M|1510772822
  7   6  85   0   2   0|2128k 5443k|   0     0 |1510772823
 12  13  68   0   6   0|7343k   18M|   0     0 |1510772824
  5   7  81   0   7   0|8477k   21M|   0     0 |1510772825
  7  10  77   0   6   0|8364k   21M|   0     0 |1510772826
  4   6  83   0   7   0|9674k   24M|   0   592k|1510772827
  3   5  82   0  10   0|8612k   21M|   0     0 |1510772828
  2   7  83   0   8   0|7442k   19M|   0     0 |1510772829
  2   8  83   0   8   0|6623k   17M|   0     0 |1510772830
  3   6  84   0   7   0|9154k   23M|   0     0 |1510772831
  3   6  85   0   6   0|9081k   23M|   0     0 |1510772832
  3   5  85   0   7   0|9308k   23M|   0    28k|1510772833
  3   6  84   0   7   0|9636k   24M|   0     0 |1510772834
  3   5  85   0   7   0|9416k   24M|   0     0 |1510772835
  3   7  82   0   8   0|7630k   19M|   0     0 |1510772836
  3   6  84   0   7   0|9267k   23M|   0     0 |1510772837
  3   6  85   0   7   0|9434k   24M|   0    12k|1510772838
  3   6  85   0   7   0|9281k   23M|   0     0 |1510772839
  3   6  84   0   7   0|9379k   23M|   0     0 |1510772840
  3   6  85   0   6   0|9589k   24M|   0     0 |1510772841
  2   8  81   0   9   0|6802k   17M|   0     0 |1510772842
  3   6  84   0   8   0|9822k   25M|   0     0 |1510772843
  3   7  83   0   7   0|8466k   21M|   0    12k|1510772844
  3   5  86   0   6   0|9453k   24M|   0     0 |1510772845
  3   5  85   0   7   0|9368k   23M|   0     0 |1510772846
  3   5  85   0   7   0|8997k   22M|   0    16k|1510772847
  2   7  82   0   9   0|8140k   20M|   0     0 |1510772848
  3   5  85   0   6   0|9267k   23M|   0     0 |1510772849
  2   9  80   0  10   0|5393k   13M|   0    24k|1510772850
  3   6  84   0   7   0|9144k   23M|   0     0 |1510772851
  4   5  84   0   7   0|8758k   22M|   0    36k|1510772852
  3   5  85   0   7   0|8550k   21M|   0     0 |1510772853
  3   5  85   0   7   0|9241k   23M|   0     0 |1510772854
  3   5  84   0   8   0|9339k   23M|   0    20k|1510772855
  3   5  85   0   7   0|9315k   23M|   0     0 |1510772856
  3   5  83   0   8   0|8521k   21M|   0  4096B|1510772857
  3   5  86   0   6   0|8682k   22M|   0     0 |1510772858
  3   5  84   0   8   0|9079k   23M|   0     0 |1510772859
  3   5  85   0   7   0|9162k   23M|   0     0 |1510772860
  3   6  84   0   7   0|9049k   23M|   0    20k|1510772861
  3   5  84   0   8   0|8566k   21M|   0  8192B|1510772862
  3   5  86   0   7   0|8693k   22M|   0     0 |1510772863
  3   6  85   0   7   0|8880k   22M|   0     0 |1510772864
  3   5  85   0   7   0|8984k   22M|   0     0 |1510772865
  3   6  85   0   7   0|9275k   23M|   0    20k|1510772866
  3   5  85   0   7   0|8561k   21M|   0    24k|1510772867
  2   7  83   0   8   0|6463k   16M|   0     0 |1510772868
  3   5  85   0   7   0|9089k   23M|   0     0 |1510772869
  3   5  85   0   7   0|8773k   22M|   0     0 |1510772870
  2   6  80   0  12   0|7020k   18M|   0     0 |1510772871
  3   5  80   0  12   0|8031k   20M|   0    12k|1510772872
  3   6  85   0   7   0|9216k   23M|   0     0 |1510772873
  3   5  85   0   7   0|8388k   21M|   0     0 |1510772874
  3   5  85   0   7   0|8551k   21M|   0     0 |1510772875
  3   6  84   0   7   0|8370k   21M|   0     0 |1510772876
  3   5  85   0   7   0|9178k   23M|   0     0 |1510772877
  3   5  84   0   7   0|9006k   23M|   0    12k|1510772878
  1   2  85   0  11   0|3829k 9609k|   0     0 |1510772879
  3   5  78   0  14   0|9192k   23M|   0     0 |1510772880
  3   6  85   0   7   0|9347k   23M|   0     0 |1510772881
  3   5  85   0   7   0|9083k   23M|   0     0 |1510772882
  3   6  84   0   8   0|8519k   21M|   0    40k|1510772883
  3   6  84   0   7   0|8465k   21M|   0     0 |1510772884
  3   6  85   0   7   0|9373k   23M|   0     0 |1510772885
  3   5  85   0   7   0|8548k   21M|   0     0 |1510772886
  3   6  84   0   8   0|8165k   20M|   0     0 |1510772887
  3   5  84   0   8   0|9033k   23M|   0    20k|1510772888
  3   5  85   0   7   0|8614k   22M|   0     0 |1510772889
  3   5  86   0   6   0|9161k   23M|   0     0 |1510772890
  3   5  87   0   5   0|8804k   22M|   0     0 |1510772891
  3   6  86   0   6   0|9413k   24M|   0     0 |1510772892
  3   5  86   0   6   0|8759k   22M|   0    16k|1510772893
  3   5  84   1   9   0|8079k   20M|   0    28k|1510772894
  3   6  85   0   6   0|9100k   23M|   0     0 |1510772895
  3   5  87   0   5   0|8803k   22M|   0     0 |1510772896
  3   5  86   0   6   0|8978k   22M|   0     0 |1510772897
  3   5  81   0  10   0|8566k   21M|   0     0 |1510772898
  3   5  85   0   7   0|8800k   22M|   0    12k|1510772899
  3   6  84   0   7   0|9061k   23M|   0     0 |1510772900
  3   5  85   0   7   0|8958k   22M|   0     0 |1510772901
  3   5  84   0   7   0|8636k   22M|   0     0 |1510772902
  3   5  85   0   7   0|8758k   22M|   0    16k|1510772903
  3   5  84   0   7   0|8630k   22M|   0    12k|1510772904
  3   5  84   0   8   0|8827k   22M|   0     0 |1510772905
  3   6  85   0   7   0|8801k   22M|   0     0 |1510772906
  3   6  85   0   6   0|8269k   21M|   0     0 |1510772907
  3   5  85   0   6   0|8705k   22M|   0     0 |1510772908
  3   7  80   0  11   0|7662k   19M|   0    12k|1510772909
  3   5  87   0   5   0|8408k   21M|   0     0 |1510772910
  3   6  85   0   6   0|8920k   22M|   0     0 |1510772911
  3   5  83   0  10   0|7451k   19M|   0     0 |1510772912
