Threads: 8, Sharded reads: false, Number of Memcached servers: 3.

All measures in microseconds.
  SETS   GETS  MGETS   INVLD    TOT   HITS     RSP T      Q T     SVR T  Q LEN
 25276      0      0       0  25276  25276  11823.35  9383.48   2409.74     30
  3313      0      0       0   3313   3313  11884.55  9466.41   2398.29     31
  3225      0      0       0   3225   3225  11935.00  9495.84   2420.33     29
  3153      0      0       0   3153   3153  12316.05  9820.05   2474.44     28
  3327      0      0       0   3327   3327  11632.76  9268.67   2345.39     31
  3417      0      0       0   3417   3417  11389.26  9084.51   2286.30     26
  3352      0      0       0   3352   3352  11509.36  9165.67   2321.52     33
  3336      0      0       0   3336   3336  11588.12  9225.91   2344.99     26
  3393      0      0       0   3393   3393  11364.65  9055.48   2286.92     26
  3329      0      0       0   3329   3329  11560.12  9209.44   2328.59     34
  3403      0      0       0   3403   3403  11275.63  8972.28   2281.83     34
  3412      0      0       0   3412   3412  11279.09  8980.72   2277.87     34
  3367      0      0       0   3367   3367  11446.54  9117.26   2309.85     34
  3373      0      0       0   3373   3373  11408.74  9086.89   2300.01     34
  3479      0      0       0   3479   3479  11107.48  8852.78   2232.52     30
  3176      0      0       0   3176   3176  12101.29  9634.02   2383.91     26
  3204      0      0       0   3204   3204  11996.18  9551.88   2420.52     33
  3253      0      0       0   3253   3253  11771.61  9358.51   2370.91     29
  3332      0      0       0   3332   3332  11557.07  9204.24   2325.13     30
  3357      0      0       0   3357   3357  11485.83  9151.94   2312.23     30
  3330      0      0       0   3330   3330  11556.51  9201.42   2334.46     26
  3269      0      0       0   3269   3269  11711.75  9320.94   2370.94     33
  3253      0      0       0   3253   3253  11829.88  9417.18   2390.33     34
  3342      0      0       0   3342   3342  11506.77  9156.71   2329.06     30
  3311      0      0       0   3311   3311  11640.68  9269.90   2344.08     30
  3396      0      0       0   3396   3396  11204.27  8898.93   2282.55     34
  3261      0      0       0   3261   3261  11797.18  9389.95   2385.62     22
  3360      0      0       0   3360   3360  11482.46  9150.42   2308.42     29
  3445      0      0       0   3445   3445  11168.72  8894.78   2253.76     34
  3430      0      0       0   3430   3430  11232.36  8946.68   2266.31     34
  3438      0      0       0   3438   3438  11070.40  8790.26   2250.22     33
  3405      0      0       0   3405   3405  11231.31  8930.06   2281.12     32
  3352      0      0       0   3352   3352  11477.35  9131.89   2323.83     34
  3376      0      0       0   3376   3376  11432.24  9110.14   2298.62     34
  3323      0      0       0   3323   3323  11610.23  9249.79   2338.43     26
  3361      0      0       0   3361   3361  11473.96  9142.09   2310.09     34
  3347      0      0       0   3347   3347  11409.58  9070.38   2315.51     34
  3272      0      0       0   3272   3272  11754.55  9358.49   2374.12     34
  3421      0      0       0   3421   3421  11292.77  9002.13   2270.48     34
  3376      0      0       0   3376   3376  11429.33  9103.19   2305.24     34
  3361      0      0       0   3361   3361  11507.72  9166.67   2317.50     34
  3411      0      0       0   3411   3411  11325.77  9022.99   2271.13     34
  3421      0      0       0   3421   3421  11388.78  9080.70   2289.76     26
  3393      0      0       0   3393   3393  11442.63  9127.78   2295.48     34
  3302      0      0       0   3302   3302  11712.23  9325.74   2365.47     34
  3373      0      0       0   3373   3373  11462.52  9130.28   2301.33     33
  3367      0      0       0   3367   3367  11545.38  9206.16   2315.48     30
  3237      0      0       0   3237   3237  11921.47  9499.50   2389.00     26
  3257      0      0       0   3257   3257  11844.47  9446.04   2374.48     34
  3412      0      0       0   3412   3412  11381.03  9066.61   2293.46     26
  3412      0      0       0   3412   3412  11355.01  9054.69   2276.75     34
  3399      0      0       0   3399   3399  11381.35  9063.39   2298.00     34
  3389      0      0       0   3389   3389  11417.40  9093.94   2291.72     32
  3311      0      0       0   3311   3311  11621.16  9246.24   2338.69     33
  3197      0      0       0   3197   3197  12124.08  9659.82   2428.81     34
  3244      0      0       0   3244   3244  11995.00  9567.68   2400.26     26
  3212      0      0       0   3212   3212  12086.57  9639.76   2423.99     32
  3264      0      0       0   3264   3264  11924.88  9510.41   2393.54     26
  3302      0      0       0   3302   3302  11745.56  9364.76   2360.84     34
  3236      0      0       0   3236   3236  11947.12  9524.73   2402.34     34
  3295      0      0       0   3295   3295  11774.03  9383.20   2373.02     26
  3122      0      0       0   3122   3122  12426.36  9908.79   2499.31     34
  3307      0      0       0   3307   3307  11605.90  9228.38   2358.41     29
  3268      0      0       0   3268   3268  11806.43  9404.59   2380.58     26
  3152      0      0       0   3152   3152  12317.11  9820.98   2477.12     31
  3318      0      0       0   3318   3318  11709.47  9338.26   2351.83     34
  3376      0      0       0   3376   3376  11440.71  9112.33   2308.39     34
  3312      0      0       0   3312   3312  11744.93  9365.39   2361.65     26
  3357      0      0       0   3357   3357  11510.72  9176.45   2314.63     34
  4159      0      0       0   4159   4159  11392.47  9079.21   2293.75     26
  3420      0      0       0   3420   3420  11296.10  8997.69   2279.15     34
  3481      0      0       0   3481   3481  11118.01  8855.31   2239.40     26
  3516      0      0       0   3516   3516  10943.33  8707.78   2216.88     34
  3530      0      0       0   3530   3530  10966.56  8737.61   2209.96     34
  3544      0      0       0   3544   3544  10917.23  8695.75   2204.56     31
  3351      0      0       0   3351   3351  11554.55  9205.47   2329.79     30
  3374      0      0       0   3374   3374  11469.46  9139.31   2311.01     33
  3210      0      0       0   3210   3210  12100.66  9653.50   2423.13     27
  3308      0      0       0   3308   3308  11636.94  9259.59   2351.25     30
  3369      0      0       0   3369   3369  11517.23  9183.76   2315.46     34
  3225      0      0       0   3225   3225  11977.40  9542.21   2405.30     26
  3246      0      0       0   3246   3246  11882.06  9466.74   2397.99     26
  1747      0      0       0   1747   1747   9220.35  6796.89   2404.96      0
     0      0      0       0      0      0       NaN      NaN       NaN      0
     0      0      0       0      0      0       NaN      NaN       NaN      0
     0      0      0       0      0      0       NaN      NaN       NaN      0
================================================================================
ALL STATS (timing measures are in microseconds)
WORKER 0:
Type     |Total    |Ops/sec  |Hits/sec |Miss/Sec |Resp Time|Proc Time|Srvr Time
SET      |    37252|   413.91|   413.91|     0.00| 11591.27|  2362.09|  2336.61
GET      |        0|     0.00|     0.00|     0.00|      NaN|      NaN|      NaN
MULTIGET |        0|     0.00|     0.00|     0.00|      NaN|      NaN|      NaN
INVALID  |        0|     0.00|      ---|      ---|      NaN|      NaN|      ---
Average mutliget length: NaN
================================================================================
WORKER 1:
Type     |Total    |Ops/sec  |Hits/sec |Miss/Sec |Resp Time|Proc Time|Srvr Time
SET      |    37235|   413.72|   413.72|     0.00| 11536.21|  2363.70|  2341.49
GET      |        0|     0.00|     0.00|     0.00|      NaN|      NaN|      NaN
MULTIGET |        0|     0.00|     0.00|     0.00|      NaN|      NaN|      NaN
INVALID  |        0|     0.00|      ---|      ---|      NaN|      NaN|      ---
Average mutliget length: NaN
================================================================================
WORKER 2:
Type     |Total    |Ops/sec  |Hits/sec |Miss/Sec |Resp Time|Proc Time|Srvr Time
SET      |    37275|   414.17|   414.17|     0.00| 11592.05|  2360.89|  2336.45
GET      |        0|     0.00|     0.00|     0.00|      NaN|      NaN|      NaN
MULTIGET |        0|     0.00|     0.00|     0.00|      NaN|      NaN|      NaN
INVALID  |        0|     0.00|      ---|      ---|      NaN|      NaN|      ---
Average mutliget length: NaN
================================================================================
WORKER 3:
Type     |Total    |Ops/sec  |Hits/sec |Miss/Sec |Resp Time|Proc Time|Srvr Time
SET      |    37257|   413.97|   413.97|     0.00| 11560.57|  2361.80|  2339.11
GET      |        0|     0.00|     0.00|     0.00|      NaN|      NaN|      NaN
MULTIGET |        0|     0.00|     0.00|     0.00|      NaN|      NaN|      NaN
INVALID  |        0|     0.00|      ---|      ---|      NaN|      NaN|      ---
Average mutliget length: NaN
================================================================================
WORKER 4:
Type     |Total    |Ops/sec  |Hits/sec |Miss/Sec |Resp Time|Proc Time|Srvr Time
SET      |    37220|   413.56|   413.56|     0.00| 11567.57|  2364.77|  2340.90
GET      |        0|     0.00|     0.00|     0.00|      NaN|      NaN|      NaN
MULTIGET |        0|     0.00|     0.00|     0.00|      NaN|      NaN|      NaN
INVALID  |        0|     0.00|      ---|      ---|      NaN|      NaN|      ---
Average mutliget length: NaN
================================================================================
WORKER 5:
Type     |Total    |Ops/sec  |Hits/sec |Miss/Sec |Resp Time|Proc Time|Srvr Time
SET      |    37245|   413.83|   413.83|     0.00| 11566.09|  2362.91|  2340.20
GET      |        0|     0.00|     0.00|     0.00|      NaN|      NaN|      NaN
MULTIGET |        0|     0.00|     0.00|     0.00|      NaN|      NaN|      NaN
INVALID  |        0|     0.00|      ---|      ---|      NaN|      NaN|      ---
Average mutliget length: NaN
================================================================================
WORKER 6:
Type     |Total    |Ops/sec  |Hits/sec |Miss/Sec |Resp Time|Proc Time|Srvr Time
SET      |    37279|   414.21|   414.21|     0.00| 11624.85|  2360.27|  2336.33
GET      |        0|     0.00|     0.00|     0.00|      NaN|      NaN|      NaN
MULTIGET |        0|     0.00|     0.00|     0.00|      NaN|      NaN|      NaN
INVALID  |        0|     0.00|      ---|      ---|      NaN|      NaN|      ---
Average mutliget length: NaN
================================================================================
WORKER 7:
Type     |Total    |Ops/sec  |Hits/sec |Miss/Sec |Resp Time|Proc Time|Srvr Time
SET      |    37269|   414.10|   414.10|     0.00| 11610.32|  2361.58|  2337.63
GET      |        0|     0.00|     0.00|     0.00|      NaN|      NaN|      NaN
MULTIGET |        0|     0.00|     0.00|     0.00|      NaN|      NaN|      NaN
INVALID  |        0|     0.00|      ---|      ---|      NaN|      NaN|      ---
Average mutliget length: NaN
================================================================================
================================================================================

AGGREGATE FOR ALL WORKERS:
Type     |Total    |Ops/sec  |Hits/sec |Miss/Sec |Resp Time|Proc Time|Srvr Time
SET      |   298032|  3311.47|  3311.47|     0.00| 11581.13|  2362.25|  2338.59
GET      |        0|     0.00|     0.00|     0.00|      NaN|      NaN|      NaN
MULTIGET |        0|     0.00|     0.00|     0.00|      NaN|      NaN|      NaN
INVALID  |        0|     0.00|      ---|      ---|      NaN|      NaN|      ---
Average mutliget length: NaN


 HISTOGRAM
  Response time (ms)   Percent
                 0.1      0.00%
                 0.2      0.00%
                 0.3      0.00%
                 0.4      0.00%
                 0.5      0.00%
                 0.6      0.00%
                 0.7      0.00%
                 0.8      0.00%
                 0.9      0.00%
                 1.0      0.00%
                 1.1      0.00%
                 1.2      0.00%
                 1.3      0.00%
                 1.4      0.00%
                 1.5      0.00%
                 1.6      0.00%
                 1.7      0.00%
                 1.8      0.00%
                 1.9      0.00%
                 2.0      0.00%
                 2.1      0.01%
                 2.2      0.01%
                 2.3      0.02%
                 2.4      0.03%
                 2.5      0.04%
                 2.6      0.04%
                 2.7      0.04%
                 2.8      0.05%
                 2.9      0.06%
                 3.0      0.06%
                 3.1      0.07%
                 3.2      0.08%
                 3.3      0.08%
                 3.4      0.09%
                 3.5      0.10%
                 3.6      0.11%
                 3.7      0.12%
                 3.8      0.14%
                 3.9      0.15%
                 4.0      0.15%
                 4.1      0.16%
                 4.2      0.16%
                 4.3      0.16%
                 4.4      0.17%
                 4.5      0.17%
                 4.6      0.17%
                 4.7      0.17%
                 4.8      0.17%
                 4.9      0.17%
                 5.0      0.17%
                 5.1      0.18%
                 5.2      0.18%
                 5.3      0.18%
                 5.4      0.18%
                 5.5      0.18%
                 5.6      0.18%
                 5.7      0.18%
                 5.8      0.19%
                 5.9      0.19%
                 6.0      0.20%
                 6.1      0.20%
                 6.2      0.21%
                 6.3      0.22%
                 6.4      0.23%
                 6.5      0.23%
                 6.6      0.23%
                 6.7      0.24%
                 6.8      0.25%
                 6.9      0.25%
                 7.0      0.26%
                 7.1      0.26%
                 7.2      0.27%
                 7.3      0.27%
                 7.4      0.27%
                 7.5      0.28%
                 7.6      0.29%
                 7.7      0.30%
                 7.8      0.31%
                 7.9      0.33%
                 8.0      0.35%
                 8.1      0.39%
                 8.2      0.43%
                 8.3      0.47%
                 8.4      0.52%
                 8.5      0.59%
                 8.6      0.66%
                 8.7      0.74%
                 8.8      0.83%
                 8.9      0.94%
                 9.0      1.04%
                 9.1      1.17%
                 9.2      1.31%
                 9.3      1.45%
                 9.4      1.66%
                 9.5      1.94%
                 9.6      2.34%
                 9.7      2.94%
                 9.8      3.81%
                 9.9      4.95%
                10.0      6.52%
                10.1      8.68%
                10.2     11.51%
                10.3     15.05%
                10.4     19.32%
                10.5     24.07%
                10.6     29.17%
                10.7     34.28%
                10.8     39.12%
                10.9     43.65%
                11.0     47.51%
                11.1     50.84%
                11.2     53.99%
                11.3     56.71%
                11.4     59.02%
                11.5     61.11%
                11.6     62.99%
                11.7     64.69%
                11.8     66.37%
                11.9     67.98%
                12.0     69.61%
                12.1     71.19%
                12.2     72.81%
                12.3     74.54%
                12.4     76.29%
                12.5     78.11%
                12.6     79.93%
                12.7     81.67%
                12.8     83.37%
                12.9     84.90%
                13.0     86.38%
                13.1     87.66%
                13.2     88.80%
                13.3     89.81%
                13.4     90.67%
                13.5     91.43%
                13.6     92.09%
                13.7     92.62%
                13.8     93.12%
                13.9     93.60%
                14.0     94.03%
                14.1     94.41%
                14.2     94.78%
                14.3     95.08%
                14.4     95.37%
                14.5     95.66%
                14.6     95.89%
                14.7     96.12%
                14.8     96.32%
                14.9     96.51%
                15.0     96.69%
                15.1     96.86%
                15.2     97.03%
                15.3     97.18%
                15.4     97.32%
                15.5     97.44%
                15.6     97.56%
                15.7     97.68%
                15.8     97.79%
                15.9     97.89%
                16.0     98.00%
                16.1     98.08%
                16.2     98.18%
                16.3     98.25%
                16.4     98.33%
                16.5     98.40%
                16.6     98.46%
                16.7     98.54%
                16.8     98.60%
                16.9     98.65%
                17.0     98.69%
                17.1     98.72%
                17.2     98.76%
                17.3     98.81%
                17.4     98.85%
                17.5     98.89%
                17.6     98.94%
                17.7     98.98%
                17.8     99.02%
                17.9     99.06%
                18.0     99.09%
                18.1     99.12%
                18.2     99.15%
                18.3     99.18%
                18.4     99.20%
                18.5     99.23%
                18.6     99.26%
                18.7     99.29%
                18.8     99.32%
                18.9     99.34%
                19.0     99.36%
                19.1     99.38%
                19.2     99.39%
                19.3     99.41%
                19.4     99.43%
                19.5     99.44%
                19.6     99.46%
                19.7     99.48%
                19.8     99.50%
                19.9     99.52%
                20.0     99.54%
                20.1     99.54%
                20.2     99.55%
                20.3     99.56%
                20.4     99.57%
                20.5     99.58%
                20.6     99.60%
                20.7     99.61%
                20.8     99.62%
                20.9     99.62%
                21.0     99.63%
                21.1     99.64%
                21.2     99.64%
                21.3     99.65%
                21.4     99.66%
                21.5     99.66%
                21.6     99.67%
                21.7     99.68%
                21.8     99.69%
                21.9     99.69%
                22.0     99.70%
                22.1     99.71%
                22.2     99.72%
                22.3     99.72%
                22.4     99.73%
                22.5     99.73%
                22.6     99.73%
                22.7     99.74%
                22.8     99.74%
                22.9     99.74%
                23.0     99.74%
                23.1     99.74%
                23.2     99.74%
                23.3     99.74%
                23.4     99.75%
                23.5     99.75%
                23.6     99.75%
                23.7     99.75%
                23.8     99.76%
                23.9     99.76%
                24.0     99.76%
                24.1     99.76%
                24.2     99.76%
                24.3     99.76%
                24.4     99.76%
                24.5     99.76%
                24.6     99.77%
                24.7     99.77%
                24.8     99.77%
                24.9     99.77%
                25.0     99.78%
                25.1     99.78%
                25.2     99.79%
                25.3     99.79%
                25.4     99.80%
                25.5     99.80%
                25.6     99.80%
                25.7     99.80%
                25.8     99.80%
                25.9     99.80%
                26.0     99.80%
                26.1     99.80%
                26.2     99.80%
                26.3     99.80%
                26.4     99.80%
                26.5     99.80%
                26.6     99.80%
                26.7     99.81%
                26.8     99.81%
                26.9     99.82%
                27.0     99.82%
                27.1     99.82%
                27.2     99.82%
                27.3     99.82%
                27.4     99.82%
                27.5     99.83%
                27.6     99.83%
                27.7     99.84%
                27.8     99.84%
                27.9     99.84%
                28.0     99.84%
                28.1     99.84%
                28.2     99.84%
                28.3     99.84%
                28.4     99.84%
                28.5     99.84%
                28.6     99.84%
                28.7     99.85%
                28.8     99.85%
                28.9     99.85%
                29.0     99.85%
                29.1     99.85%
                29.2     99.85%
                29.3     99.85%
                29.4     99.85%
                29.5     99.86%
                29.6     99.86%
                29.7     99.86%
                29.8     99.86%
                29.9     99.87%
                30.0     99.87%
                30.1     99.87%
                30.2     99.87%
                30.3     99.87%
                30.4     99.87%
                30.5     99.87%
                30.6     99.87%
                30.7     99.87%
                30.8     99.87%
                30.9     99.87%
                31.0     99.87%
                31.1     99.87%
                31.2     99.87%
                31.3     99.87%
                31.4     99.87%
                31.5     99.87%
                31.6     99.87%
                31.7     99.87%
                31.8     99.87%
                31.9     99.87%
                32.0     99.88%
                32.1     99.88%
                32.2     99.88%
                32.3     99.88%
                32.4     99.89%
                32.5     99.89%
                32.6     99.89%
                32.7     99.89%
                32.8     99.89%
                32.9     99.89%
                33.0     99.89%
                33.1     99.89%
                33.2     99.90%
                33.3     99.90%
                33.4     99.90%
                33.5     99.90%
                33.6     99.90%
                33.7     99.90%
                33.8     99.90%
                33.9     99.90%
                34.0     99.90%
                34.1     99.90%
                34.2     99.90%
                34.3     99.90%
                34.4     99.90%
                34.5     99.90%
                34.6     99.91%
                34.7     99.91%
                34.8     99.91%
                34.9     99.91%
                35.0     99.91%
                35.1     99.91%
                35.2     99.91%
                35.3     99.91%
                35.4     99.91%
                35.5     99.91%
                35.6     99.91%
                35.7     99.91%
                35.8     99.91%
                35.9     99.91%
                36.0     99.91%
                36.1     99.91%
                36.2     99.91%
                36.3     99.91%
                36.4     99.91%
                36.5     99.91%
                36.6     99.91%
                36.7     99.91%
                36.8     99.91%
                36.9     99.91%
                37.0     99.91%
                37.1     99.91%
                37.2     99.91%
                37.3     99.91%
                37.4     99.91%
                37.5     99.91%
                37.6     99.91%
                37.7     99.91%
                37.8     99.91%
                37.9     99.91%
                38.0     99.91%
                38.1     99.91%
                38.2     99.91%
                38.3     99.92%
                38.4     99.92%
                38.5     99.92%
                38.6     99.92%
                38.7     99.92%
                38.8     99.92%
                38.9     99.92%
                39.0     99.92%
                39.1     99.92%
                39.2     99.92%
                39.3     99.92%
                39.4     99.93%
                39.5     99.93%
                39.6     99.93%
                39.7     99.94%
                39.8     99.94%
                39.9     99.94%
                40.0     99.94%
                40.1     99.95%
                40.2     99.95%
                40.3     99.95%
                40.4     99.95%
                40.5     99.96%
                40.6     99.96%
                40.7     99.96%
                40.8     99.96%
                40.9     99.97%
                41.0     99.97%
                41.1     99.97%
                41.2     99.97%
                41.3     99.97%
                41.4     99.97%
                41.5     99.97%
                41.6     99.97%
                41.7     99.97%
                41.8     99.98%
                41.9     99.98%
                42.0     99.98%
                42.1     99.98%
                42.2     99.98%
                42.3     99.98%
                42.4     99.98%
                42.5     99.98%
                42.6     99.98%
                42.7     99.99%
                42.8     99.99%
                42.9     99.99%
                43.0     99.99%
                43.1     99.99%
                43.2     99.99%
                43.3     99.99%
                43.4     99.99%
                43.5     99.99%
                43.6     99.99%
                43.7     99.99%
                43.8     99.99%
                43.9     99.99%
                44.0     99.99%
                44.1     99.99%
                44.2     99.99%
                44.3     99.99%
                44.4     99.99%
                44.5     99.99%
                44.6     99.99%
                44.7     99.99%
                44.8     99.99%
                44.9     99.99%
                45.0     99.99%
                45.1     99.99%
                45.2     99.99%
                45.3     99.99%
                45.4     99.99%
                45.5     99.99%
                45.6     99.99%
                45.7     99.99%
                45.8     99.99%
                45.9    100.00%
                46.0    100.00%
                46.1    100.00%
                46.2    100.00%
                46.3    100.00%
                46.4    100.00%
                46.5    100.00%
                46.6    100.00%
                46.7    100.00%
                46.8    100.00%
                46.9    100.00%
                47.0    100.00%
                47.1    100.00%
                47.2    100.00%
                47.3    100.00%
                47.4    100.00%
                47.5    100.00%
                47.6    100.00%
                47.7    100.00%
                47.8    100.00%
                47.9    100.00%
                48.0    100.00%
                48.1    100.00%
                48.2    100.00%
                48.3    100.00%

