Threads: 16, Sharded reads: false, Number of Memcached servers: 3.

All measures in microseconds.
  SETS   GETS  MGETS   INVLD    TOT   HITS     RSP T      Q T     SVR T  Q LEN
 25629      0      0       0  25629  25629   2882.62   200.91   2637.96      2
  3478      0      0       0   3478   3478   2676.39   146.84   2495.76      2
  3201      0      0       0   3201   3201   2774.26   217.00   2522.39      0
  3031      0      0       0   3031   3031   2938.38   214.36   2682.78      0
  3083      0      0       0   3083   3083   2877.89   193.51   2645.93      0
  2975      0      0       0   2975   2975   2967.32   201.55   2728.59      5
  2968      0      0       0   2968   2968   2974.76   229.13   2707.79      0
  3222      0      0       0   3222   3222   2755.61   166.56   2552.97      0
  3220      0      0       0   3220   3220   2736.82   174.13   2526.98      0
  3305      0      0       0   3305   3305   2748.86   143.24   2573.86      0
  3200      0      0       0   3200   3200   2814.54   161.97   2615.45      0
  3023      0      0       0   3023   3023   2988.28   227.29   2729.02      2
  3282      0      0       0   3282   3282   2768.15   143.54   2592.28      0
  2841      0      0       0   2841   2841   3117.43   214.60   2867.35      1
  3104      0      0       0   3104   3104   2902.73   172.86   2692.41      0
  3265      0      0       0   3265   3265   2741.75   154.86   2549.63      2
  3275      0      0       0   3275   3275   2708.82   150.99   2523.38      3
  3138      0      0       0   3138   3138   2816.91   212.39   2564.91      0
  3183      0      0       0   3183   3183   2839.71   191.19   2612.50      7
  3110      0      0       0   3110   3110   2898.57   190.71   2673.97      0
  2973      0      0       0   2973   2973   3041.70   231.63   2771.48      0
  3090      0      0       0   3090   3090   2926.30   198.36   2691.04      9
  3365      0      0       0   3365   3365   2712.00   136.17   2539.51      0
  3281      0      0       0   3281   3281   2739.92   174.63   2532.25      0
  3272      0      0       0   3272   3272   2822.33   145.60   2644.21      0
  3184      0      0       0   3184   3184   2795.85   182.95   2577.23      0
  2813      0      0       0   2813   2813   3156.22   232.87   2886.56      0
  3052      0      0       0   3052   3052   2901.32   146.11   2718.72      0
  2959      0      0       0   2959   2959   3005.22   237.50   2734.83      0
  3129      0      0       0   3129   3129   2865.16   204.64   2621.99      1
  3460      0      0       0   3460   3460   2597.39   125.65   2438.32      2
  3443      0      0       0   3443   3443   2611.00   140.23   2433.59      1
  3181      0      0       0   3181   3181   2800.55   182.23   2582.09      0
  2813      0      0       0   2813   2813   2999.03   223.85   2738.29      0
  3373      0      0       0   3373   3373   2678.75   149.08   2492.91      0
  3065      0      0       0   3065   3065   2886.90   212.49   2640.89      4
  2990      0      0       0   2990   2990   3022.78   207.22   2777.62      0
  3293      0      0       0   3293   3293   2722.97   162.19   2526.65      0
  3283      0      0       0   3283   3283   2772.58   143.70   2596.10      4
  3276      0      0       0   3276   3276   2731.04   152.03   2544.84      0
  3089      0      0       0   3089   3089   2924.63   185.41   2704.57      0
  3188      0      0       0   3188   3188   2822.60   183.14   2603.72      0
  3340      0      0       0   3340   3340   2687.46   151.94   2502.27      0
  3025      0      0       0   3025   3025   2955.47   193.66   2723.63      0
  3337      0      0       0   3337   3337   2678.99   164.20   2480.97      3
  3218      0      0       0   3218   3218   2758.28   148.41   2572.55      0
  3213      0      0       0   3213   3213   2815.60   159.81   2621.03      0
  3035      0      0       0   3035   3035   2895.90   225.44   2632.22      1
  3300      0      0       0   3300   3300   2719.12   168.64   2512.67      0
  3342      0      0       0   3342   3342   2710.44   144.16   2531.79      0
  2831      0      0       0   2831   2831   3133.72   275.09   2820.12      0
  3230      0      0       0   3230   3230   2770.77   194.66   2541.66      1
  3318      0      0       0   3318   3318   2702.27   135.56   2531.57      2
  3200      0      0       0   3200   3200   2761.85   144.28   2582.28      1
  3329      0      0       0   3329   3329   2710.26   136.64   2539.23      2
  3121      0      0       0   3121   3121   2799.93   219.33   2539.36      0
  3259      0      0       0   3259   3259   2734.21   175.04   2523.37      0
  3237      0      0       0   3237   3237   2746.91   158.43   2555.82      4
  2928      0      0       0   2928   2928   3070.33   277.69   2756.45      0
  3122      0      0       0   3122   3122   2865.57   162.22   2665.65      0
  3193      0      0       0   3193   3193   2788.80   145.74   2608.09      0
  3409      0      0       0   3409   3409   2644.30   144.32   2464.64      0
  3123      0      0       0   3123   3123   2806.90   192.06   2579.53      0
  3344      0      0       0   3344   3344   2669.72   147.90   2487.25      0
  3229      0      0       0   3229   3229   2796.74   165.86   2596.22      0
  2586      0      0       0   2586   2586   3376.88   335.17   3004.15      8
  2501      0      0       0   2501   2501   3348.25   288.18   3023.00      0
  3141      0      0       0   3141   3141   2803.67   169.00   2600.07      0
  3089      0      0       0   3089   3089   2848.09   166.61   2645.60      0
  3325      0      0       0   3325   3325   2688.98   170.93   2483.81      2
  2988      0      0       0   2988   2988   2947.30   250.24   2657.94      0
  3403      0      0       0   3403   3403   2634.09   143.87   2456.30      0
  3071      0      0       0   3071   3071   2947.93   183.46   2724.95      0
  2944      0      0       0   2944   2944   3017.42   233.88   2747.37      0
  3186      0      0       0   3186   3186   2795.53   169.02   2591.20      2
  3301      0      0       0   3301   3301   2692.53   137.58   2519.48      0
  3092      0      0       0   3092   3092   2863.45   193.62   2633.56      0
  3015      0      0       0   3015   3015   2944.85   181.22   2725.10      5
  3274      0      0       0   3274   3274   2723.03   144.26   2545.41      0
  3244      0      0       0   3244   3244   2742.92   147.02   2560.88      0
  2690      0      0       0   2690   2690   3247.51   390.30   2822.17      0
  2546      0      0       0   2546   2546   2772.68   141.36   2592.62      0
    96      0      0       0     96     96   2648.81   113.63   2502.03      0
     0      0      0       0      0      0       NaN      NaN       NaN      0
     0      0      0       0      0      0       NaN      NaN       NaN      0
     0      0      0       0      0      0       NaN      NaN       NaN      0
================================================================================
ALL STATS (timing measures are in microseconds)
WORKER 0:
Type     |Total    |Ops/sec  |Hits/sec |Miss/Sec |Resp Time|Proc Time|Srvr Time
SET      |    17547|   194.97|   194.97|     0.00|  2851.28|  2664.43|  2628.24
GET      |        0|     0.00|     0.00|     0.00|      NaN|      NaN|      NaN
MULTIGET |        0|     0.00|     0.00|     0.00|      NaN|      NaN|      NaN
INVALID  |        0|     0.00|      ---|      ---|      NaN|      NaN|      ---
Average mutliget length: NaN
================================================================================
WORKER 1:
Type     |Total    |Ops/sec  |Hits/sec |Miss/Sec |Resp Time|Proc Time|Srvr Time
SET      |    17489|   194.32|   194.32|     0.00|  2834.52|  2650.83|  2614.14
GET      |        0|     0.00|     0.00|     0.00|      NaN|      NaN|      NaN
MULTIGET |        0|     0.00|     0.00|     0.00|      NaN|      NaN|      NaN
INVALID  |        0|     0.00|      ---|      ---|      NaN|      NaN|      ---
Average mutliget length: NaN
================================================================================
WORKER 2:
Type     |Total    |Ops/sec  |Hits/sec |Miss/Sec |Resp Time|Proc Time|Srvr Time
SET      |    17517|   194.63|   194.63|     0.00|  2826.91|  2648.89|  2611.89
GET      |        0|     0.00|     0.00|     0.00|      NaN|      NaN|      NaN
MULTIGET |        0|     0.00|     0.00|     0.00|      NaN|      NaN|      NaN
INVALID  |        0|     0.00|      ---|      ---|      NaN|      NaN|      ---
Average mutliget length: NaN
================================================================================
WORKER 3:
Type     |Total    |Ops/sec  |Hits/sec |Miss/Sec |Resp Time|Proc Time|Srvr Time
SET      |    17538|   194.87|   194.87|     0.00|  2837.97|  2649.64|  2612.76
GET      |        0|     0.00|     0.00|     0.00|      NaN|      NaN|      NaN
MULTIGET |        0|     0.00|     0.00|     0.00|      NaN|      NaN|      NaN
INVALID  |        0|     0.00|      ---|      ---|      NaN|      NaN|      ---
Average mutliget length: NaN
================================================================================
WORKER 4:
Type     |Total    |Ops/sec  |Hits/sec |Miss/Sec |Resp Time|Proc Time|Srvr Time
SET      |    17521|   194.68|   194.68|     0.00|  2840.33|  2655.07|  2619.56
GET      |        0|     0.00|     0.00|     0.00|      NaN|      NaN|      NaN
MULTIGET |        0|     0.00|     0.00|     0.00|      NaN|      NaN|      NaN
INVALID  |        0|     0.00|      ---|      ---|      NaN|      NaN|      ---
Average mutliget length: NaN
================================================================================
WORKER 5:
Type     |Total    |Ops/sec  |Hits/sec |Miss/Sec |Resp Time|Proc Time|Srvr Time
SET      |    17434|   193.71|   193.71|     0.00|  2840.89|  2659.81|  2621.54
GET      |        0|     0.00|     0.00|     0.00|      NaN|      NaN|      NaN
MULTIGET |        0|     0.00|     0.00|     0.00|      NaN|      NaN|      NaN
INVALID  |        0|     0.00|      ---|      ---|      NaN|      NaN|      ---
Average mutliget length: NaN
================================================================================
WORKER 6:
Type     |Total    |Ops/sec  |Hits/sec |Miss/Sec |Resp Time|Proc Time|Srvr Time
SET      |    17582|   195.36|   195.36|     0.00|  2839.35|  2652.51|  2615.39
GET      |        0|     0.00|     0.00|     0.00|      NaN|      NaN|      NaN
MULTIGET |        0|     0.00|     0.00|     0.00|      NaN|      NaN|      NaN
INVALID  |        0|     0.00|      ---|      ---|      NaN|      NaN|      ---
Average mutliget length: NaN
================================================================================
WORKER 7:
Type     |Total    |Ops/sec  |Hits/sec |Miss/Sec |Resp Time|Proc Time|Srvr Time
SET      |    17612|   195.69|   195.69|     0.00|  2840.49|  2656.74|  2621.21
GET      |        0|     0.00|     0.00|     0.00|      NaN|      NaN|      NaN
MULTIGET |        0|     0.00|     0.00|     0.00|      NaN|      NaN|      NaN
INVALID  |        0|     0.00|      ---|      ---|      NaN|      NaN|      ---
Average mutliget length: NaN
================================================================================
WORKER 8:
Type     |Total    |Ops/sec  |Hits/sec |Miss/Sec |Resp Time|Proc Time|Srvr Time
SET      |    17478|   194.20|   194.20|     0.00|  2839.97|  2655.45|  2620.08
GET      |        0|     0.00|     0.00|     0.00|      NaN|      NaN|      NaN
MULTIGET |        0|     0.00|     0.00|     0.00|      NaN|      NaN|      NaN
INVALID  |        0|     0.00|      ---|      ---|      NaN|      NaN|      ---
Average mutliget length: NaN
================================================================================
WORKER 9:
Type     |Total    |Ops/sec  |Hits/sec |Miss/Sec |Resp Time|Proc Time|Srvr Time
SET      |    17453|   193.92|   193.92|     0.00|  2836.26|  2655.37|  2619.18
GET      |        0|     0.00|     0.00|     0.00|      NaN|      NaN|      NaN
MULTIGET |        0|     0.00|     0.00|     0.00|      NaN|      NaN|      NaN
INVALID  |        0|     0.00|      ---|      ---|      NaN|      NaN|      ---
Average mutliget length: NaN
================================================================================
WORKER 10:
Type     |Total    |Ops/sec  |Hits/sec |Miss/Sec |Resp Time|Proc Time|Srvr Time
SET      |    17463|   194.03|   194.03|     0.00|  2840.30|  2657.67|  2619.39
GET      |        0|     0.00|     0.00|     0.00|      NaN|      NaN|      NaN
MULTIGET |        0|     0.00|     0.00|     0.00|      NaN|      NaN|      NaN
INVALID  |        0|     0.00|      ---|      ---|      NaN|      NaN|      ---
Average mutliget length: NaN
================================================================================
WORKER 11:
Type     |Total    |Ops/sec  |Hits/sec |Miss/Sec |Resp Time|Proc Time|Srvr Time
SET      |    17611|   195.68|   195.68|     0.00|  2843.38|  2659.46|  2622.69
GET      |        0|     0.00|     0.00|     0.00|      NaN|      NaN|      NaN
MULTIGET |        0|     0.00|     0.00|     0.00|      NaN|      NaN|      NaN
INVALID  |        0|     0.00|      ---|      ---|      NaN|      NaN|      ---
Average mutliget length: NaN
================================================================================
WORKER 12:
Type     |Total    |Ops/sec  |Hits/sec |Miss/Sec |Resp Time|Proc Time|Srvr Time
SET      |    17507|   194.52|   194.52|     0.00|  2832.71|  2648.59|  2612.41
GET      |        0|     0.00|     0.00|     0.00|      NaN|      NaN|      NaN
MULTIGET |        0|     0.00|     0.00|     0.00|      NaN|      NaN|      NaN
INVALID  |        0|     0.00|      ---|      ---|      NaN|      NaN|      ---
Average mutliget length: NaN
================================================================================
WORKER 13:
Type     |Total    |Ops/sec  |Hits/sec |Miss/Sec |Resp Time|Proc Time|Srvr Time
SET      |    17456|   193.96|   193.96|     0.00|  2833.64|  2650.78|  2613.43
GET      |        0|     0.00|     0.00|     0.00|      NaN|      NaN|      NaN
MULTIGET |        0|     0.00|     0.00|     0.00|      NaN|      NaN|      NaN
INVALID  |        0|     0.00|      ---|      ---|      NaN|      NaN|      ---
Average mutliget length: NaN
================================================================================
WORKER 14:
Type     |Total    |Ops/sec  |Hits/sec |Miss/Sec |Resp Time|Proc Time|Srvr Time
SET      |    17566|   195.18|   195.18|     0.00|  2835.07|  2649.30|  2614.34
GET      |        0|     0.00|     0.00|     0.00|      NaN|      NaN|      NaN
MULTIGET |        0|     0.00|     0.00|     0.00|      NaN|      NaN|      NaN
INVALID  |        0|     0.00|      ---|      ---|      NaN|      NaN|      ---
Average mutliget length: NaN
================================================================================
WORKER 15:
Type     |Total    |Ops/sec  |Hits/sec |Miss/Sec |Resp Time|Proc Time|Srvr Time
SET      |    17506|   194.51|   194.51|     0.00|  2828.49|  2644.84|  2608.86
GET      |        0|     0.00|     0.00|     0.00|      NaN|      NaN|      NaN
MULTIGET |        0|     0.00|     0.00|     0.00|      NaN|      NaN|      NaN
INVALID  |        0|     0.00|      ---|      ---|      NaN|      NaN|      ---
Average mutliget length: NaN
================================================================================
================================================================================

AGGREGATE FOR ALL WORKERS:
Type     |Total    |Ops/sec  |Hits/sec |Miss/Sec |Resp Time|Proc Time|Srvr Time
SET      |   280280|  3114.22|  3114.22|     0.00|  2837.60|  2653.71|  2617.20
GET      |        0|     0.00|     0.00|     0.00|      NaN|      NaN|      NaN
MULTIGET |        0|     0.00|     0.00|     0.00|      NaN|      NaN|      NaN
INVALID  |        0|     0.00|      ---|      ---|      NaN|      NaN|      ---
Average mutliget length: NaN


 HISTOGRAM
  Response time (ms)   Percent
                 0.1      0.00%
                 0.2      0.00%
                 0.3      0.00%
                 0.4      0.00%
                 0.5      0.00%
                 0.6      0.00%
                 0.7      0.00%
                 0.8      0.00%
                 0.9      0.00%
                 1.0      0.00%
                 1.1      0.00%
                 1.2      0.00%
                 1.3      0.00%
                 1.4      0.00%
                 1.5      0.00%
                 1.6      0.00%
                 1.7      0.00%
                 1.8      0.00%
                 1.9      0.00%
                 2.0      0.30%
                 2.1      2.68%
                 2.2      9.08%
                 2.3     19.22%
                 2.4     31.28%
                 2.5     43.18%
                 2.6     53.85%
                 2.7     62.39%
                 2.8     68.99%
                 2.9     74.23%
                 3.0     78.22%
                 3.1     81.36%
                 3.2     83.81%
                 3.3     85.75%
                 3.4     87.31%
                 3.5     88.59%
                 3.6     89.66%
                 3.7     90.56%
                 3.8     91.35%
                 3.9     92.01%
                 4.0     92.63%
                 4.1     93.19%
                 4.2     93.69%
                 4.3     94.14%
                 4.4     94.55%
                 4.5     94.91%
                 4.6     95.24%
                 4.7     95.57%
                 4.8     95.86%
                 4.9     96.13%
                 5.0     96.38%
                 5.1     96.63%
                 5.2     96.86%
                 5.3     97.06%
                 5.4     97.24%
                 5.5     97.41%
                 5.6     97.57%
                 5.7     97.73%
                 5.8     97.86%
                 5.9     97.98%
                 6.0     98.12%
                 6.1     98.24%
                 6.2     98.35%
                 6.3     98.44%
                 6.4     98.53%
                 6.5     98.63%
                 6.6     98.71%
                 6.7     98.78%
                 6.8     98.85%
                 6.9     98.91%
                 7.0     98.97%
                 7.1     99.02%
                 7.2     99.06%
                 7.3     99.12%
                 7.4     99.17%
                 7.5     99.20%
                 7.6     99.25%
                 7.7     99.29%
                 7.8     99.33%
                 7.9     99.36%
                 8.0     99.40%
                 8.1     99.44%
                 8.2     99.47%
                 8.3     99.50%
                 8.4     99.53%
                 8.5     99.55%
                 8.6     99.57%
                 8.7     99.60%
                 8.8     99.62%
                 8.9     99.64%
                 9.0     99.66%
                 9.1     99.68%
                 9.2     99.70%
                 9.3     99.72%
                 9.4     99.74%
                 9.5     99.76%
                 9.6     99.77%
                 9.7     99.79%
                 9.8     99.80%
                 9.9     99.81%
                10.0     99.82%
                10.1     99.82%
                10.2     99.83%
                10.3     99.83%
                10.4     99.84%
                10.5     99.85%
                10.6     99.86%
                10.7     99.87%
                10.8     99.88%
                10.9     99.88%
                11.0     99.89%
                11.1     99.89%
                11.2     99.90%
                11.3     99.91%
                11.4     99.91%
                11.5     99.92%
                11.6     99.92%
                11.7     99.93%
                11.8     99.94%
                11.9     99.94%
                12.0     99.95%
                12.1     99.95%
                12.2     99.95%
                12.3     99.95%
                12.4     99.95%
                12.5     99.95%
                12.6     99.96%
                12.7     99.96%
                12.8     99.96%
                12.9     99.96%
                13.0     99.96%
                13.1     99.96%
                13.2     99.96%
                13.3     99.97%
                13.4     99.97%
                13.5     99.97%
                13.6     99.97%
                13.7     99.97%
                13.8     99.97%
                13.9     99.97%
                14.0     99.98%
                14.1     99.98%
                14.2     99.98%
                14.3     99.98%
                14.4     99.98%
                14.5     99.98%
                14.6     99.98%
                14.7     99.98%
                14.8     99.99%
                14.9     99.99%
                15.0     99.99%
                15.1     99.99%
                15.2     99.99%
                15.3     99.99%
                15.4     99.99%
                15.5     99.99%
                15.6     99.99%
                15.7     99.99%
                15.8     99.99%
                15.9     99.99%
                16.0     99.99%
                16.1     99.99%
                16.2     99.99%
                16.3     99.99%
                16.4     99.99%
                16.5     99.99%
                16.6     99.99%
                16.7     99.99%
                16.8     99.99%
                16.9     99.99%
                17.0     99.99%
                17.1     99.99%
                17.2     99.99%
                17.3     99.99%
                17.4     99.99%
                17.5     99.99%
                17.6     99.99%
                17.7     99.99%
                17.8     99.99%
                17.9     99.99%
                18.0     99.99%
                18.1     99.99%
                18.2     99.99%
                18.3     99.99%
                18.4     99.99%
                18.5     99.99%
                18.6     99.99%
                18.7     99.99%
                18.8     99.99%
                18.9     99.99%
                19.0     99.99%
                19.1     99.99%
                19.2     99.99%
                19.3     99.99%
                19.4     99.99%
                19.5     99.99%
                19.6     99.99%
                19.7     99.99%
                19.8     99.99%
                19.9     99.99%
                20.0     99.99%
                20.1     99.99%
                20.2     99.99%
                20.3     99.99%
                20.4     99.99%
                20.5     99.99%
                20.6     99.99%
                20.7     99.99%
                20.8     99.99%
                20.9     99.99%
                21.0     99.99%
                21.1     99.99%
                21.2     99.99%
                21.3     99.99%
                21.4     99.99%
                21.5     99.99%
                21.6     99.99%
                21.7     99.99%
                21.8     99.99%
                21.9     99.99%
                22.0     99.99%
                22.1     99.99%
                22.2     99.99%
                22.3     99.99%
                22.4     99.99%
                22.5     99.99%
                22.6     99.99%
                22.7     99.99%
                22.8     99.99%
                22.9     99.99%
                23.0     99.99%
                23.1     99.99%
                23.2     99.99%
                23.3     99.99%
                23.4     99.99%
                23.5     99.99%
                23.6     99.99%
                23.7     99.99%
                23.8     99.99%
                23.9     99.99%
                24.0     99.99%
                24.1     99.99%
                24.2     99.99%
                24.3     99.99%
                24.4     99.99%
                24.5     99.99%
                24.6     99.99%
                24.7     99.99%
                24.8     99.99%
                24.9     99.99%
                25.0     99.99%
                25.1     99.99%
                25.2     99.99%
                25.3     99.99%
                25.4     99.99%
                25.5     99.99%
                25.6     99.99%
                25.7     99.99%
                25.8     99.99%
                25.9     99.99%
                26.0     99.99%
                26.1     99.99%
                26.2     99.99%
                26.3     99.99%
                26.4     99.99%
                26.5     99.99%
                26.6     99.99%
                26.7     99.99%
                26.8     99.99%
                26.9     99.99%
                27.0     99.99%
                27.1     99.99%
                27.2     99.99%
                27.3     99.99%
                27.4     99.99%
                27.5     99.99%
                27.6     99.99%
                27.7     99.99%
                27.8     99.99%
                27.9     99.99%
                28.0     99.99%
                28.1     99.99%
                28.2     99.99%
                28.3     99.99%
                28.4     99.99%
                28.5     99.99%
                28.6     99.99%
                28.7     99.99%
                28.8     99.99%
                28.9     99.99%
                29.0     99.99%
                29.1     99.99%
                29.2     99.99%
                29.3     99.99%
                29.4     99.99%
                29.5     99.99%
                29.6     99.99%
                29.7     99.99%
                29.8     99.99%
                29.9     99.99%
                30.0     99.99%
                30.1     99.99%
                30.2     99.99%
                30.3     99.99%
                30.4     99.99%
                30.5     99.99%
                30.6     99.99%
                30.7     99.99%
                30.8     99.99%
                30.9     99.99%
                31.0     99.99%
                31.1     99.99%
                31.2     99.99%
                31.3     99.99%
                31.4     99.99%
                31.5     99.99%
                31.6     99.99%
                31.7     99.99%
                31.8     99.99%
                31.9     99.99%
                32.0     99.99%
                32.1     99.99%
                32.2     99.99%
                32.3     99.99%
                32.4     99.99%
                32.5     99.99%
                32.6     99.99%
                32.7     99.99%
                32.8     99.99%
                32.9     99.99%
                33.0     99.99%
                33.1     99.99%
                33.2     99.99%
                33.3     99.99%
                33.4     99.99%
                33.5     99.99%
                33.6     99.99%
                33.7     99.99%
                33.8     99.99%
                33.9     99.99%
                34.0     99.99%
                34.1     99.99%
                34.2     99.99%
                34.3     99.99%
                34.4     99.99%
                34.5     99.99%
                34.6     99.99%
                34.7     99.99%
                34.8     99.99%
                34.9     99.99%
                35.0     99.99%
                35.1     99.99%
                35.2     99.99%
                35.3     99.99%
                35.4     99.99%
                35.5     99.99%
                35.6     99.99%
                35.7     99.99%
                35.8     99.99%
                35.9     99.99%
                36.0     99.99%
                36.1     99.99%
                36.2     99.99%
                36.3     99.99%
                36.4     99.99%
                36.5     99.99%
                36.6     99.99%
                36.7     99.99%
                36.8     99.99%
                36.9     99.99%
                37.0     99.99%
                37.1     99.99%
                37.2     99.99%
                37.3     99.99%
                37.4     99.99%
                37.5     99.99%
                37.6     99.99%
                37.7     99.99%
                37.8     99.99%
                37.9     99.99%
                38.0     99.99%
                38.1     99.99%
                38.2     99.99%
                38.3     99.99%
                38.4     99.99%
                38.5     99.99%
                38.6     99.99%
                38.7     99.99%
                38.8     99.99%
                38.9     99.99%
                39.0     99.99%
                39.1     99.99%
                39.2     99.99%
                39.3     99.99%
                39.4     99.99%
                39.5     99.99%
                39.6     99.99%
                39.7     99.99%
                39.8     99.99%
                39.9     99.99%
                40.0     99.99%
                40.1     99.99%
                40.2     99.99%
                40.3     99.99%
                40.4     99.99%
                40.5     99.99%
                40.6     99.99%
                40.7     99.99%
                40.8     99.99%
                40.9     99.99%
                41.0     99.99%
                41.1     99.99%
                41.2     99.99%
                41.3     99.99%
                41.4     99.99%
                41.5     99.99%
                41.6     99.99%
                41.7     99.99%
                41.8    100.00%
                41.9    100.00%
                42.0    100.00%
                42.1    100.00%
                42.2    100.00%
                42.3    100.00%
                42.4    100.00%
                42.5    100.00%
                42.6    100.00%
                42.7    100.00%
                42.8    100.00%
                42.9    100.00%
                43.0    100.00%
                43.1    100.00%
                43.2    100.00%
                43.3    100.00%
                43.4    100.00%
                43.5    100.00%
                43.6    100.00%
                43.7    100.00%
                43.8    100.00%
                43.9    100.00%
                44.0    100.00%
                44.1    100.00%
                44.2    100.00%
                44.3    100.00%
                44.4    100.00%
                44.5    100.00%
                44.6    100.00%
                44.7    100.00%
                44.8    100.00%
                44.9    100.00%
                45.0    100.00%
                45.1    100.00%
                45.2    100.00%
                45.3    100.00%
                45.4    100.00%
                45.5    100.00%
                45.6    100.00%
                45.7    100.00%
                45.8    100.00%
                45.9    100.00%
                46.0    100.00%
                46.1    100.00%
                46.2    100.00%
                46.3    100.00%
                46.4    100.00%
                46.5    100.00%
                46.6    100.00%
                46.7    100.00%
                46.8    100.00%
                46.9    100.00%
                47.0    100.00%
                47.1    100.00%
                47.2    100.00%
                47.3    100.00%
                47.4    100.00%
                47.5    100.00%
                47.6    100.00%
                47.7    100.00%
                47.8    100.00%
                47.9    100.00%
                48.0    100.00%
                48.1    100.00%
                48.2    100.00%
                48.3    100.00%
                48.4    100.00%
                48.5    100.00%
                48.6    100.00%
                48.7    100.00%
                48.8    100.00%
                48.9    100.00%
                49.0    100.00%
                49.1    100.00%
                49.2    100.00%
                49.3    100.00%
                49.4    100.00%
                49.5    100.00%
                49.6    100.00%
                49.7    100.00%
                49.8    100.00%
                49.9    100.00%
                50.0    100.00%
                50.1    100.00%
                50.2    100.00%
                50.3    100.00%
                50.4    100.00%
                50.5    100.00%
                50.6    100.00%
                50.7    100.00%
                50.8    100.00%
                50.9    100.00%
                51.0    100.00%
                51.1    100.00%
                51.2    100.00%
                51.3    100.00%
                51.4    100.00%
                51.5    100.00%
                51.6    100.00%
                51.7    100.00%
                51.8    100.00%
                51.9    100.00%
                52.0    100.00%
                52.1    100.00%
                52.2    100.00%
                52.3    100.00%
                52.4    100.00%
                52.5    100.00%
                52.6    100.00%
                52.7    100.00%
                52.8    100.00%
                52.9    100.00%
                53.0    100.00%
                53.1    100.00%
                53.2    100.00%
                53.3    100.00%
                53.4    100.00%
                53.5    100.00%
                53.6    100.00%
                53.7    100.00%
                53.8    100.00%
                53.9    100.00%
                54.0    100.00%
                54.1    100.00%
                54.2    100.00%
                54.3    100.00%
                54.4    100.00%
                54.5    100.00%
                54.6    100.00%
                54.7    100.00%
                54.8    100.00%
                54.9    100.00%
                55.0    100.00%
                55.1    100.00%
                55.2    100.00%
                55.3    100.00%
                55.4    100.00%
                55.5    100.00%
                55.6    100.00%
                55.7    100.00%
                55.8    100.00%
                55.9    100.00%
                56.0    100.00%
                56.1    100.00%
                56.2    100.00%
                56.3    100.00%
                56.4    100.00%
                56.5    100.00%
                56.6    100.00%
                56.7    100.00%
                56.8    100.00%
                56.9    100.00%
                57.0    100.00%
                57.1    100.00%
                57.2    100.00%
                57.3    100.00%
                57.4    100.00%
                57.5    100.00%
                57.6    100.00%
                57.7    100.00%
                57.8    100.00%
                57.9    100.00%
                58.0    100.00%
                58.1    100.00%
                58.2    100.00%
                58.3    100.00%
                58.4    100.00%
                58.5    100.00%
                58.6    100.00%
                58.7    100.00%
                58.8    100.00%
                58.9    100.00%
                59.0    100.00%
                59.1    100.00%
                59.2    100.00%
                59.3    100.00%
                59.4    100.00%
                59.5    100.00%
                59.6    100.00%
                59.7    100.00%
                59.8    100.00%
                59.9    100.00%
                60.0    100.00%
                60.1    100.00%
                60.2    100.00%
                60.3    100.00%
                60.4    100.00%
                60.5    100.00%
                60.6    100.00%
                60.7    100.00%
                60.8    100.00%
                60.9    100.00%
                61.0    100.00%
                61.1    100.00%
                61.2    100.00%
                61.3    100.00%
                61.4    100.00%
                61.5    100.00%
                61.6    100.00%
                61.7    100.00%
                61.8    100.00%
                61.9    100.00%
                62.0    100.00%
                62.1    100.00%
                62.2    100.00%
                62.3    100.00%
                62.4    100.00%
                62.5    100.00%
                62.6    100.00%
                62.7    100.00%
                62.8    100.00%
                62.9    100.00%
                63.0    100.00%
                63.1    100.00%
                63.2    100.00%
                63.3    100.00%
                63.4    100.00%
                63.5    100.00%
                63.6    100.00%
                63.7    100.00%
                63.8    100.00%
                63.9    100.00%
                64.0    100.00%
                64.1    100.00%
                64.2    100.00%
                64.3    100.00%
                64.4    100.00%
                64.5    100.00%
                64.6    100.00%
                64.7    100.00%
                64.8    100.00%
                64.9    100.00%
                65.0    100.00%
                65.1    100.00%
                65.2    100.00%
                65.3    100.00%
                65.4    100.00%
                65.5    100.00%
                65.6    100.00%
                65.7    100.00%
                65.8    100.00%
                65.9    100.00%
                66.0    100.00%
                66.1    100.00%
                66.2    100.00%
                66.3    100.00%
                66.4    100.00%
                66.5    100.00%
                66.6    100.00%
                66.7    100.00%
                66.8    100.00%
                66.9    100.00%
                67.0    100.00%
                67.1    100.00%
                67.2    100.00%
                67.3    100.00%
                67.4    100.00%
                67.5    100.00%
                67.6    100.00%
                67.7    100.00%
                67.8    100.00%
                67.9    100.00%
                68.0    100.00%
                68.1    100.00%
                68.2    100.00%
                68.3    100.00%
                68.4    100.00%
                68.5    100.00%
                68.6    100.00%
                68.7    100.00%
                68.8    100.00%
                68.9    100.00%
                69.0    100.00%
                69.1    100.00%
                69.2    100.00%
                69.3    100.00%
                69.4    100.00%
                69.5    100.00%
                69.6    100.00%
                69.7    100.00%
                69.8    100.00%
                69.9    100.00%
                70.0    100.00%
                70.1    100.00%
                70.2    100.00%
                70.3    100.00%
                70.4    100.00%
                70.5    100.00%
                70.6    100.00%
                70.7    100.00%
                70.8    100.00%
                70.9    100.00%
                71.0    100.00%
                71.1    100.00%
                71.2    100.00%
                71.3    100.00%
                71.4    100.00%
                71.5    100.00%
                71.6    100.00%
                71.7    100.00%
                71.8    100.00%
                71.9    100.00%
                72.0    100.00%
                72.1    100.00%
                72.2    100.00%
                72.3    100.00%
                72.4    100.00%
                72.5    100.00%
                72.6    100.00%
                72.7    100.00%
                72.8    100.00%
                72.9    100.00%
                73.0    100.00%
                73.1    100.00%
                73.2    100.00%
                73.3    100.00%
                73.4    100.00%
                73.5    100.00%
                73.6    100.00%
                73.7    100.00%
                73.8    100.00%
                73.9    100.00%
                74.0    100.00%
                74.1    100.00%
                74.2    100.00%
                74.3    100.00%
                74.4    100.00%
                74.5    100.00%
                74.6    100.00%
                74.7    100.00%
                74.8    100.00%
                74.9    100.00%
                75.0    100.00%
                75.1    100.00%
                75.2    100.00%
                75.3    100.00%
                75.4    100.00%
                75.5    100.00%
                75.6    100.00%
                75.7    100.00%
                75.8    100.00%
                75.9    100.00%
                76.0    100.00%
                76.1    100.00%
                76.2    100.00%
                76.3    100.00%
                76.4    100.00%
                76.5    100.00%
                76.6    100.00%
                76.7    100.00%
                76.8    100.00%
                76.9    100.00%
                77.0    100.00%
                77.1    100.00%
                77.2    100.00%
                77.3    100.00%
                77.4    100.00%
                77.5    100.00%
                77.6    100.00%
                77.7    100.00%
                77.8    100.00%
                77.9    100.00%
                78.0    100.00%
                78.1    100.00%
                78.2    100.00%
                78.3    100.00%
                78.4    100.00%
                78.5    100.00%
                78.6    100.00%
                78.7    100.00%
                78.8    100.00%
                78.9    100.00%
                79.0    100.00%
                79.1    100.00%
                79.2    100.00%
                79.3    100.00%
                79.4    100.00%
                79.5    100.00%
                79.6    100.00%
                79.7    100.00%
                79.8    100.00%
                79.9    100.00%
                80.0    100.00%
                80.1    100.00%
                80.2    100.00%
                80.3    100.00%
                80.4    100.00%
                80.5    100.00%
                80.6    100.00%
                80.7    100.00%
                80.8    100.00%
                80.9    100.00%
                81.0    100.00%
                81.1    100.00%
                81.2    100.00%
                81.3    100.00%
                81.4    100.00%
                81.5    100.00%
                81.6    100.00%
                81.7    100.00%
                81.8    100.00%
                81.9    100.00%
                82.0    100.00%
                82.1    100.00%
                82.2    100.00%
                82.3    100.00%
                82.4    100.00%
                82.5    100.00%
                82.6    100.00%
                82.7    100.00%
                82.8    100.00%
                82.9    100.00%
                83.0    100.00%
                83.1    100.00%
                83.2    100.00%
                83.3    100.00%
                83.4    100.00%
                83.5    100.00%
                83.6    100.00%
                83.7    100.00%
                83.8    100.00%
                83.9    100.00%
                84.0    100.00%
                84.1    100.00%
                84.2    100.00%
                84.3    100.00%
                84.4    100.00%
                84.5    100.00%
                84.6    100.00%
                84.7    100.00%
                84.8    100.00%
                84.9    100.00%
                85.0    100.00%
                85.1    100.00%
                85.2    100.00%
                85.3    100.00%
                85.4    100.00%
                85.5    100.00%
                85.6    100.00%
                85.7    100.00%
                85.8    100.00%
                85.9    100.00%
                86.0    100.00%
                86.1    100.00%
                86.2    100.00%
                86.3    100.00%
                86.4    100.00%
                86.5    100.00%
                86.6    100.00%
                86.7    100.00%
                86.8    100.00%
                86.9    100.00%
                87.0    100.00%
                87.1    100.00%
                87.2    100.00%
                87.3    100.00%
                87.4    100.00%
                87.5    100.00%
                87.6    100.00%
                87.7    100.00%
                87.8    100.00%
                87.9    100.00%
                88.0    100.00%
                88.1    100.00%
                88.2    100.00%
                88.3    100.00%
                88.4    100.00%
                88.5    100.00%
                88.6    100.00%
                88.7    100.00%
                88.8    100.00%
                88.9    100.00%
                89.0    100.00%
                89.1    100.00%
                89.2    100.00%
                89.3    100.00%
                89.4    100.00%
                89.5    100.00%
                89.6    100.00%
                89.7    100.00%
                89.8    100.00%
                89.9    100.00%
                90.0    100.00%
                90.1    100.00%
                90.2    100.00%
                90.3    100.00%
                90.4    100.00%
                90.5    100.00%
                90.6    100.00%
                90.7    100.00%
                90.8    100.00%
                90.9    100.00%
                91.0    100.00%
                91.1    100.00%
                91.2    100.00%
                91.3    100.00%
                91.4    100.00%
                91.5    100.00%
                91.6    100.00%
                91.7    100.00%
                91.8    100.00%
                91.9    100.00%
                92.0    100.00%
                92.1    100.00%
                92.2    100.00%
                92.3    100.00%
                92.4    100.00%
                92.5    100.00%
                92.6    100.00%
                92.7    100.00%
                92.8    100.00%
                92.9    100.00%
                93.0    100.00%
                93.1    100.00%
                93.2    100.00%
                93.3    100.00%
                93.4    100.00%
                93.5    100.00%
                93.6    100.00%
                93.7    100.00%
                93.8    100.00%
                93.9    100.00%
                94.0    100.00%
                94.1    100.00%
                94.2    100.00%
                94.3    100.00%
                94.4    100.00%
                94.5    100.00%
                94.6    100.00%
                94.7    100.00%
                94.8    100.00%
                94.9    100.00%
                95.0    100.00%
                95.1    100.00%
                95.2    100.00%
                95.3    100.00%
                95.4    100.00%
                95.5    100.00%
                95.6    100.00%
                95.7    100.00%
                95.8    100.00%
                95.9    100.00%
                96.0    100.00%
                96.1    100.00%
                96.2    100.00%
                96.3    100.00%
                96.4    100.00%
                96.5    100.00%

