Threads: 8, Sharded reads: false, Number of Memcached servers: 3.

All measures in microseconds.
  SETS   GETS  MGETS   INVLD    TOT   HITS     RSP T      Q T     SVR T  Q LEN
 23714      0      0       0  23714  23714   7547.42  4466.12   3056.90     16
  3328      0      0       0   3328   3328   6305.75  3931.88   2352.82     16
  3426      0      0       0   3426   3426   6034.30  3747.40   2269.85     16
  3362      0      0       0   3362   3362   6155.46  3822.99   2312.75     16
  3427      0      0       0   3427   3427   6025.92  3738.68   2266.49     12
  3238      0      0       0   3238   3238   6382.95  3965.60   2397.75     16
  3285      0      0       0   3285   3285   6379.77  3993.45   2366.37     16
  3263      0      0       0   3263   3263   6319.74  3922.83   2376.56     16
  3321      0      0       0   3321   3321   6316.79  3951.73   2343.47     16
  3404      0      0       0   3404   3404   6105.95  3801.79   2285.31     13
  3249      0      0       0   3249   3249   6313.32  3944.72   2348.88     16
  3229      0      0       0   3229   3229   6573.85  4104.49   2450.30     16
  3368      0      0       0   3368   3368   6151.26  3821.44   2313.37      9
  3417      0      0       0   3417   3417   6100.43  3809.41   2272.03     16
  3411      0      0       0   3411   3411   6053.81  3760.81   2271.97     16
  3345      0      0       0   3345   3345   6262.75  3915.79   2327.89     16
  3386      0      0       0   3386   3386   6178.64  3862.42   2294.66     16
  3422      0      0       0   3422   3422   6073.40  3783.93   2269.77     16
  3356      0      0       0   3356   3356   6243.85  3909.66   2314.82     16
  3310      0      0       0   3310   3310   6320.84  3952.67   2347.88     15
  3338      0      0       0   3338   3338   6262.83  3912.18   2334.11      8
  3206      0      0       0   3206   3206   6560.60  4117.02   2422.59     16
  3349      0      0       0   3349   3349   6269.91  3927.05   2322.62      8
  3436      0      0       0   3436   3436   6057.24  3777.64   2258.60      8
  3370      0      0       0   3370   3370   6114.95  3790.46   2304.61     11
  3440      0      0       0   3440   3440   6038.09  3761.91   2256.81     16
  3391      0      0       0   3391   3391   6107.98  3795.45   2292.93     16
  3228      0      0       0   3228   3228   6439.54  4009.62   2407.64      8
  3279      0      0       0   3279   3279   6317.71  3931.03   2365.62     16
  3315      0      0       0   3315   3315   6305.54  3940.76   2345.30     16
  3212      0      0       0   3212   3212   6537.43  4096.79   2415.01     16
  3292      0      0       0   3292   3292   6331.42  3948.78   2362.13     11
  3097      0      0       0   3097   3097   6782.56  4251.67   2493.71     16
  3248      0      0       0   3248   3248   6437.21  4023.85   2392.28     13
  3116      0      0       0   3116   3116   6583.31  4067.26   2476.91      8
  3294      0      0       0   3294   3294   6305.60  3929.56   2355.45      8
  3292      0      0       0   3292   3292   6352.34  3975.03   2355.95     16
  3283      0      0       0   3283   3283   6343.28  3951.41   2362.00     10
  3286      0      0       0   3286   3286   6347.26  3965.44   2359.02     16
  3334      0      0       0   3334   3334   6313.77  3958.75   2332.55      9
  3209      0      0       0   3209   3209   6527.69  4088.87   2410.03     16
  3243      0      0       0   3243   3243   6449.65  4030.39   2396.38     16
  3322      0      0       0   3322   3322   6288.21  3927.12   2336.79     11
  3334      0      0       0   3334   3334   6275.28  3925.78   2328.03      9
  3263      0      0       0   3263   3263   6388.20  3988.18   2380.15     15
  3473      0      0       0   3473   3473   6017.91  3761.54   2234.50     16
  3476      0      0       0   3476   3476   5999.79  3743.54   2233.84     11
  3438      0      0       0   3438   3438   6105.34  3824.98   2259.21      9
  3434      0      0       0   3434   3434   6014.69  3733.88   2259.78     13
  3380      0      0       0   3380   3380   6201.97  3884.12   2295.11     16
  3302      0      0       0   3302   3302   6301.54  3925.89   2352.84     16
  3291      0      0       0   3291   3291   6227.61  3845.37   2363.67     16
  3290      0      0       0   3290   3290   6313.84  3929.59   2364.61      8
  3299      0      0       0   3299   3299   6311.83  3938.72   2353.41     16
  3357      0      0       0   3357   3357   6207.82  3873.44   2311.21     16
  3281      0      0       0   3281   3281   6343.37  3954.53   2367.09      8
  3254      0      0       0   3254   3254   6453.30  4047.19   2384.74      8
  3334      0      0       0   3334   3334   6248.66  3895.96   2332.20      8
  3394      0      0       0   3394   3394   6122.05  3814.88   2286.25     16
  3313      0      0       0   3313   3313   6322.48  3955.53   2347.84     16
  3330      0      0       0   3330   3330   6257.46  3903.42   2332.61     13
  3368      0      0       0   3368   3368   6208.34  3883.91   2301.56     16
  3314      0      0       0   3314   3314   6322.93  3955.84   2335.12     12
  3374      0      0       0   3374   3374   6206.26  3884.17   2296.46     14
  3352      0      0       0   3352   3352   6249.95  3910.61   2306.93     16
  3417      0      0       0   3417   3417   6081.20  3789.00   2269.55     15
  3445      0      0       0   3445   3445   6030.60  3753.89   2251.73      8
  3517      0      0       0   3517   3517   5933.22  3702.74   2206.72      8
  3446      0      0       0   3446   3446   5999.39  3731.91   2240.79     14
  3490      0      0       0   3490   3490   5939.57  3680.60   2233.05     16
  3383      0      0       0   3383   3383   6111.19  3797.13   2289.84     16
  3333      0      0       0   3333   3333   6219.30  3868.07   2329.51     16
  3333      0      0       0   3333   3333   6270.74  3919.07   2330.96     16
  3365      0      0       0   3365   3365   6215.37  3884.52   2312.55     13
  3377      0      0       0   3377   3377   6172.41  3854.29   2300.37     16
  3340      0      0       0   3340   3340   6256.72  3909.31   2320.45     11
  3272      0      0       0   3272   3272   6381.30  3987.46   2371.71     16
  3368      0      0       0   3368   3368   6213.06  3882.67   2311.25      8
  3453      0      0       0   3453   3453   6063.60  3789.42   2255.55     16
  3287      0      0       0   3287   3287   6413.87  4017.92   2376.72     10
  3198      0      0       0   3198   3198   6527.20  4068.47   2439.15     16
  1861      0      0       0   1861   1861   3351.51   944.12   2381.52      0
     0      0      0       0      0      0       NaN      NaN       NaN      0
     0      0      0       0      0      0       NaN      NaN       NaN      0
     0      0      0       0      0      0       NaN      NaN       NaN      0
================================================================================
ALL STATS (timing measures are in microseconds)
WORKER 0:
Type     |Total    |Ops/sec  |Hits/sec |Miss/Sec |Resp Time|Proc Time|Srvr Time
SET      |    36571|   410.91|   410.91|     0.00|  6337.38|  2408.50|  2387.42
GET      |        0|     0.00|     0.00|     0.00|      NaN|      NaN|      NaN
MULTIGET |        0|     0.00|     0.00|     0.00|      NaN|      NaN|      NaN
INVALID  |        0|     0.00|      ---|      ---|      NaN|      NaN|      ---
Average mutliget length: NaN
================================================================================
WORKER 1:
Type     |Total    |Ops/sec  |Hits/sec |Miss/Sec |Resp Time|Proc Time|Srvr Time
SET      |    36542|   410.58|   410.58|     0.00|  6336.72|  2409.53|  2386.80
GET      |        0|     0.00|     0.00|     0.00|      NaN|      NaN|      NaN
MULTIGET |        0|     0.00|     0.00|     0.00|      NaN|      NaN|      NaN
INVALID  |        0|     0.00|      ---|      ---|      NaN|      NaN|      ---
Average mutliget length: NaN
================================================================================
WORKER 2:
Type     |Total    |Ops/sec  |Hits/sec |Miss/Sec |Resp Time|Proc Time|Srvr Time
SET      |    36541|   410.57|   410.57|     0.00|  6340.28|  2410.92|  2388.69
GET      |        0|     0.00|     0.00|     0.00|      NaN|      NaN|      NaN
MULTIGET |        0|     0.00|     0.00|     0.00|      NaN|      NaN|      NaN
INVALID  |        0|     0.00|      ---|      ---|      NaN|      NaN|      ---
Average mutliget length: NaN
================================================================================
WORKER 3:
Type     |Total    |Ops/sec  |Hits/sec |Miss/Sec |Resp Time|Proc Time|Srvr Time
SET      |    36542|   410.58|   410.58|     0.00|  6331.60|  2411.09|  2389.75
GET      |        0|     0.00|     0.00|     0.00|      NaN|      NaN|      NaN
MULTIGET |        0|     0.00|     0.00|     0.00|      NaN|      NaN|      NaN
INVALID  |        0|     0.00|      ---|      ---|      NaN|      NaN|      ---
Average mutliget length: NaN
================================================================================
WORKER 4:
Type     |Total    |Ops/sec  |Hits/sec |Miss/Sec |Resp Time|Proc Time|Srvr Time
SET      |    36536|   410.52|   410.52|     0.00|  6337.89|  2411.36|  2389.55
GET      |        0|     0.00|     0.00|     0.00|      NaN|      NaN|      NaN
MULTIGET |        0|     0.00|     0.00|     0.00|      NaN|      NaN|      NaN
INVALID  |        0|     0.00|      ---|      ---|      NaN|      NaN|      ---
Average mutliget length: NaN
================================================================================
WORKER 5:
Type     |Total    |Ops/sec  |Hits/sec |Miss/Sec |Resp Time|Proc Time|Srvr Time
SET      |    36546|   410.63|   410.63|     0.00|  6334.51|  2410.76|  2387.14
GET      |        0|     0.00|     0.00|     0.00|      NaN|      NaN|      NaN
MULTIGET |        0|     0.00|     0.00|     0.00|      NaN|      NaN|      NaN
INVALID  |        0|     0.00|      ---|      ---|      NaN|      NaN|      ---
Average mutliget length: NaN
================================================================================
WORKER 6:
Type     |Total    |Ops/sec  |Hits/sec |Miss/Sec |Resp Time|Proc Time|Srvr Time
SET      |    36558|   410.76|   410.76|     0.00|  6332.46|  2408.51|  2386.35
GET      |        0|     0.00|     0.00|     0.00|      NaN|      NaN|      NaN
MULTIGET |        0|     0.00|     0.00|     0.00|      NaN|      NaN|      NaN
INVALID  |        0|     0.00|      ---|      ---|      NaN|      NaN|      ---
Average mutliget length: NaN
================================================================================
WORKER 7:
Type     |Total    |Ops/sec  |Hits/sec |Miss/Sec |Resp Time|Proc Time|Srvr Time
SET      |    36541|   410.57|   410.57|     0.00|  6342.71|  2411.57|  2389.37
GET      |        0|     0.00|     0.00|     0.00|      NaN|      NaN|      NaN
MULTIGET |        0|     0.00|     0.00|     0.00|      NaN|      NaN|      NaN
INVALID  |        0|     0.00|      ---|      ---|      NaN|      NaN|      ---
Average mutliget length: NaN
================================================================================
================================================================================

AGGREGATE FOR ALL WORKERS:
Type     |Total    |Ops/sec  |Hits/sec |Miss/Sec |Resp Time|Proc Time|Srvr Time
SET      |   292377|  3285.13|  3285.13|     0.00|  6336.69|  2410.28|  2388.13
GET      |        0|     0.00|     0.00|     0.00|      NaN|      NaN|      NaN
MULTIGET |        0|     0.00|     0.00|     0.00|      NaN|      NaN|      NaN
INVALID  |        0|     0.00|      ---|      ---|      NaN|      NaN|      ---
Average mutliget length: NaN


 HISTOGRAM
  Response time (ms)   Percent
                 0.1      0.00%
                 0.2      0.00%
                 0.3      0.00%
                 0.4      0.00%
                 0.5      0.00%
                 0.6      0.00%
                 0.7      0.00%
                 0.8      0.00%
                 0.9      0.00%
                 1.0      0.00%
                 1.1      0.00%
                 1.2      0.00%
                 1.3      0.00%
                 1.4      0.00%
                 1.5      0.00%
                 1.6      0.00%
                 1.7      0.00%
                 1.8      0.00%
                 1.9      0.00%
                 2.0      0.02%
                 2.1      0.06%
                 2.2      0.16%
                 2.3      0.26%
                 2.4      0.31%
                 2.5      0.36%
                 2.6      0.39%
                 2.7      0.41%
                 2.8      0.43%
                 2.9      0.44%
                 3.0      0.46%
                 3.1      0.47%
                 3.2      0.49%
                 3.3      0.51%
                 3.4      0.53%
                 3.5      0.57%
                 3.6      0.62%
                 3.7      0.71%
                 3.8      0.82%
                 3.9      0.94%
                 4.0      1.06%
                 4.1      1.19%
                 4.2      1.36%
                 4.3      1.53%
                 4.4      1.75%
                 4.5      2.00%
                 4.6      2.22%
                 4.7      2.48%
                 4.8      2.80%
                 4.9      3.15%
                 5.0      3.57%
                 5.1      4.14%
                 5.2      4.93%
                 5.3      6.05%
                 5.4      7.63%
                 5.5     10.03%
                 5.6     13.44%
                 5.7     18.35%
                 5.8     25.07%
                 5.9     33.27%
                 6.0     42.56%
                 6.1     52.04%
                 6.2     60.56%
                 6.3     67.86%
                 6.4     73.79%
                 6.5     78.39%
                 6.6     81.93%
                 6.7     84.64%
                 6.8     86.83%
                 6.9     88.54%
                 7.0     89.93%
                 7.1     91.12%
                 7.2     92.10%
                 7.3     92.95%
                 7.4     93.60%
                 7.5     94.17%
                 7.6     94.64%
                 7.7     95.08%
                 7.8     95.45%
                 7.9     95.81%
                 8.0     96.12%
                 8.1     96.39%
                 8.2     96.65%
                 8.3     96.88%
                 8.4     97.08%
                 8.5     97.28%
                 8.6     97.44%
                 8.7     97.61%
                 8.8     97.76%
                 8.9     97.87%
                 9.0     97.99%
                 9.1     98.06%
                 9.2     98.14%
                 9.3     98.23%
                 9.4     98.31%
                 9.5     98.38%
                 9.6     98.46%
                 9.7     98.53%
                 9.8     98.60%
                 9.9     98.68%
                10.0     98.74%
                10.1     98.79%
                10.2     98.83%
                10.3     98.87%
                10.4     98.91%
                10.5     98.93%
                10.6     98.96%
                10.7     98.99%
                10.8     99.01%
                10.9     99.04%
                11.0     99.06%
                11.1     99.09%
                11.2     99.12%
                11.3     99.14%
                11.4     99.16%
                11.5     99.19%
                11.6     99.22%
                11.7     99.24%
                11.8     99.26%
                11.9     99.28%
                12.0     99.30%
                12.1     99.33%
                12.2     99.36%
                12.3     99.39%
                12.4     99.42%
                12.5     99.43%
                12.6     99.46%
                12.7     99.49%
                12.8     99.51%
                12.9     99.53%
                13.0     99.55%
                13.1     99.58%
                13.2     99.60%
                13.3     99.62%
                13.4     99.65%
                13.5     99.66%
                13.6     99.67%
                13.7     99.69%
                13.8     99.70%
                13.9     99.71%
                14.0     99.72%
                14.1     99.73%
                14.2     99.75%
                14.3     99.76%
                14.4     99.77%
                14.5     99.78%
                14.6     99.79%
                14.7     99.80%
                14.8     99.81%
                14.9     99.82%
                15.0     99.82%
                15.1     99.83%
                15.2     99.84%
                15.3     99.84%
                15.4     99.85%
                15.5     99.85%
                15.6     99.86%
                15.7     99.86%
                15.8     99.87%
                15.9     99.87%
                16.0     99.88%
                16.1     99.88%
                16.2     99.89%
                16.3     99.90%
                16.4     99.90%
                16.5     99.90%
                16.6     99.90%
                16.7     99.91%
                16.8     99.91%
                16.9     99.91%
                17.0     99.92%
                17.1     99.92%
                17.2     99.93%
                17.3     99.93%
                17.4     99.93%
                17.5     99.93%
                17.6     99.93%
                17.7     99.93%
                17.8     99.93%
                17.9     99.93%
                18.0     99.94%
                18.1     99.94%
                18.2     99.94%
                18.3     99.94%
                18.4     99.94%
                18.5     99.94%
                18.6     99.94%
                18.7     99.95%
                18.8     99.95%
                18.9     99.95%
                19.0     99.95%
                19.1     99.95%
                19.2     99.95%
                19.3     99.95%
                19.4     99.95%
                19.5     99.95%
                19.6     99.95%
                19.7     99.95%
                19.8     99.95%
                19.9     99.95%
                20.0     99.95%
                20.1     99.95%
                20.2     99.95%
                20.3     99.95%
                20.4     99.95%
                20.5     99.95%
                20.6     99.95%
                20.7     99.95%
                20.8     99.95%
                20.9     99.95%
                21.0     99.95%
                21.1     99.95%
                21.2     99.95%
                21.3     99.95%
                21.4     99.95%
                21.5     99.95%
                21.6     99.95%
                21.7     99.96%
                21.8     99.96%
                21.9     99.96%
                22.0     99.96%
                22.1     99.96%
                22.2     99.96%
                22.3     99.96%
                22.4     99.96%
                22.5     99.96%
                22.6     99.96%
                22.7     99.96%
                22.8     99.96%
                22.9     99.96%
                23.0     99.96%
                23.1     99.96%
                23.2     99.96%
                23.3     99.96%
                23.4     99.96%
                23.5     99.96%
                23.6     99.96%
                23.7     99.96%
                23.8     99.96%
                23.9     99.96%
                24.0     99.96%
                24.1     99.96%
                24.2     99.96%
                24.3     99.96%
                24.4     99.96%
                24.5     99.96%
                24.6     99.96%
                24.7     99.96%
                24.8     99.96%
                24.9     99.96%
                25.0     99.96%
                25.1     99.96%
                25.2     99.96%
                25.3     99.96%
                25.4     99.96%
                25.5     99.96%
                25.6     99.96%
                25.7     99.96%
                25.8     99.96%
                25.9     99.96%
                26.0     99.96%
                26.1     99.96%
                26.2     99.96%
                26.3     99.96%
                26.4     99.96%
                26.5     99.96%
                26.6     99.96%
                26.7     99.96%
                26.8     99.96%
                26.9     99.96%
                27.0     99.96%
                27.1     99.96%
                27.2     99.96%
                27.3     99.96%
                27.4     99.96%
                27.5     99.96%
                27.6     99.96%
                27.7     99.96%
                27.8     99.96%
                27.9     99.96%
                28.0     99.96%
                28.1     99.96%
                28.2     99.96%
                28.3     99.96%
                28.4     99.96%
                28.5     99.96%
                28.6     99.96%
                28.7     99.96%
                28.8     99.96%
                28.9     99.96%
                29.0     99.96%
                29.1     99.96%
                29.2     99.96%
                29.3     99.96%
                29.4     99.96%
                29.5     99.96%
                29.6     99.96%
                29.7     99.96%
                29.8     99.96%
                29.9     99.96%
                30.0     99.96%
                30.1     99.96%
                30.2     99.96%
                30.3     99.96%
                30.4     99.96%
                30.5     99.96%
                30.6     99.96%
                30.7     99.96%
                30.8     99.96%
                30.9     99.96%
                31.0     99.96%
                31.1     99.96%
                31.2     99.96%
                31.3     99.96%
                31.4     99.96%
                31.5     99.96%
                31.6     99.96%
                31.7     99.96%
                31.8     99.96%
                31.9     99.97%
                32.0     99.97%
                32.1     99.97%
                32.2     99.97%
                32.3     99.97%
                32.4     99.97%
                32.5     99.97%
                32.6     99.97%
                32.7     99.97%
                32.8     99.97%
                32.9     99.97%
                33.0     99.97%
                33.1     99.97%
                33.2     99.97%
                33.3     99.97%
                33.4     99.97%
                33.5     99.97%
                33.6     99.97%
                33.7     99.97%
                33.8     99.97%
                33.9     99.97%
                34.0     99.97%
                34.1     99.97%
                34.2     99.97%
                34.3     99.97%
                34.4     99.97%
                34.5     99.97%
                34.6     99.97%
                34.7     99.97%
                34.8     99.98%
                34.9     99.98%
                35.0     99.98%
                35.1     99.99%
                35.2     99.99%
                35.3     99.99%
                35.4     99.99%
                35.5     99.99%
                35.6     99.99%
                35.7     99.99%
                35.8     99.99%
                35.9     99.99%
                36.0     99.99%
                36.1     99.99%
                36.2     99.99%
                36.3     99.99%
                36.4     99.99%
                36.5     99.99%
                36.6     99.99%
                36.7     99.99%
                36.8     99.99%
                36.9     99.99%
                37.0     99.99%
                37.1     99.99%
                37.2     99.99%
                37.3     99.99%
                37.4     99.99%
                37.5     99.99%
                37.6     99.99%
                37.7     99.99%
                37.8     99.99%
                37.9     99.99%
                38.0     99.99%
                38.1     99.99%
                38.2     99.99%
                38.3     99.99%
                38.4     99.99%
                38.5     99.99%
                38.6     99.99%
                38.7     99.99%
                38.8     99.99%
                38.9     99.99%
                39.0     99.99%
                39.1     99.99%
                39.2     99.99%
                39.3     99.99%
                39.4     99.99%
                39.5     99.99%
                39.6     99.99%
                39.7     99.99%
                39.8     99.99%
                39.9     99.99%
                40.0     99.99%
                40.1     99.99%
                40.2     99.99%
                40.3     99.99%
                40.4     99.99%
                40.5     99.99%
                40.6     99.99%
                40.7     99.99%
                40.8     99.99%
                40.9     99.99%
                41.0     99.99%
                41.1     99.99%
                41.2     99.99%
                41.3     99.99%
                41.4     99.99%
                41.5     99.99%
                41.6     99.99%
                41.7     99.99%
                41.8     99.99%
                41.9     99.99%
                42.0     99.99%
                42.1     99.99%
                42.2     99.99%
                42.3     99.99%
                42.4     99.99%
                42.5     99.99%
                42.6     99.99%
                42.7     99.99%
                42.8     99.99%
                42.9     99.99%
                43.0     99.99%
                43.1     99.99%
                43.2     99.99%
                43.3     99.99%
                43.4     99.99%
                43.5     99.99%
                43.6     99.99%
                43.7     99.99%
                43.8     99.99%
                43.9     99.99%
                44.0     99.99%
                44.1     99.99%
                44.2     99.99%
                44.3     99.99%
                44.4     99.99%
                44.5     99.99%
                44.6     99.99%
                44.7     99.99%
                44.8     99.99%
                44.9     99.99%
                45.0     99.99%
                45.1     99.99%
                45.2     99.99%
                45.3     99.99%
                45.4     99.99%
                45.5     99.99%
                45.6     99.99%
                45.7     99.99%
                45.8     99.99%
                45.9     99.99%
                46.0    100.00%
                46.1    100.00%
                46.2    100.00%
                46.3    100.00%
                46.4    100.00%
                46.5    100.00%

