Threads: 32, Sharded reads: true, Number of Memcached servers: 3.

All measures in microseconds.
  SETS   GETS  MGETS   INVLD    TOT   HITS     RSP T      Q T     SVR T  Q LEN
     0      0  11432       0  11432  68592   2752.79    81.61   2602.99      0
     0      0   1497       0   1497   8982   2547.96    51.13   2443.25      0
     0      0   1498       0   1498   8988   2558.98    47.24   2458.35      0
     0      0   1397       0   1397   8382   2735.76    63.04   2617.34      0
     0      0   1366       0   1366   8196   2847.09    60.89   2729.95      0
     0      0   1342       0   1342   8052   2790.77    63.13   2667.57      0
     0      0   1437       0   1437   8622   2704.68    57.28   2592.66      0
     0      0   1445       0   1445   8670   2653.18    37.99   2561.45      0
     0      0   1459       0   1459   8754   2656.00    44.02   2558.87      0
     0      0   1394       0   1394   8364   2788.67    44.22   2692.45      0
     0      0   1471       0   1471   8826   2540.24    53.95   2431.29      0
     0      0   1453       0   1453   8718   2623.18    45.55   2523.29      0
     0      0   1425       0   1425   8550   2640.94    67.68   2519.11      0
     0      0   1481       0   1481   8886   2558.02    54.64   2448.70      0
     0      0   1411       0   1411   8466   2693.48    61.40   2577.37      0
     0      0   1440       0   1440   8640   2631.60    56.02   2520.07      0
     0      0   1486       0   1486   8916   2529.90    43.79   2430.45      0
     0      0   1508       0   1508   9048   2509.62    46.21   2408.19      0
     0      0   1461       0   1461   8766   2635.97    70.74   2485.85      0
     0      0   1455       0   1455   8730   2594.28    58.72   2480.75      0
     0      0   1459       0   1459   8754   2627.00    84.14   2485.92      0
     0      0   1478       0   1478   8868   2581.65    62.79   2464.91      0
     0      0   1512       0   1512   9072   2551.04    43.16   2454.29      0
     0      0   1464       0   1464   8784   2648.75    52.66   2541.48      0
     0      0   1455       0   1455   8730   2627.85    51.43   2521.14      0
     0      0   1419       0   1419   8514   2672.19    63.22   2549.24      0
     0      0   1428       0   1428   8568   2654.87    55.02   2544.13      0
     0      0   1387       0   1387   8322   2731.07    60.47   2608.26      0
     0      0   1437       0   1437   8622   2656.44    57.86   2545.25      0
     0      0   1463       0   1463   8778   2617.82    57.49   2504.72      0
     0      0   1435       0   1435   8610   2677.71    51.01   2566.64      0
     0      0   1482       0   1482   8892   2551.11    53.21   2443.16      0
     0      0   1463       0   1463   8778   2593.52    48.95   2488.10      0
     0      0   1486       0   1486   8916   2556.06    45.43   2448.30      0
     0      0   1378       0   1378   8268   2746.28    45.01   2612.69      0
     0      0   1390       0   1390   8340   2770.32   101.08   2611.91      0
     0      0   1444       0   1444   8664   2622.47    58.90   2510.32      0
     0      0   1470       0   1470   8820   2616.46    46.90   2516.09      0
     0      0   1476       0   1476   8856   2594.30    51.41   2484.18      0
     0      0   1416       0   1416   8496   2747.87    75.08   2613.52      0
     0      0   1420       0   1420   8520   2676.36    60.57   2559.12      0
     0      0   1431       0   1431   8586   2696.86    50.28   2589.74      0
     0      0   1472       0   1472   8832   2583.63    48.98   2473.30      0
     0      0   1450       0   1450   8700   2643.35    57.07   2525.91      0
     0      0   1447       0   1447   8682   2635.66    55.29   2521.11      0
     0      0   1426       0   1426   8556   2606.06    52.83   2489.76      0
     0      0   1385       0   1385   8310   2777.71    65.85   2599.82      0
     0      0   1461       0   1461   8766   2564.47    73.08   2436.27      0
     0      0   1353       0   1353   8118   2844.90    88.71   2698.78      0
     0      0   1337       0   1337   8022   2860.74    57.45   2749.81      0
     0      0   1432       0   1432   8592   2674.07    64.31   2556.33      1
     0      0   1402       0   1402   8412   2667.17    44.52   2546.00      0
     0      0   1468       0   1468   8808   2598.15    37.91   2508.34      0
     0      0   1448       0   1448   8688   2665.25    48.11   2555.73      0
     0      0   1489       0   1489   8934   2563.53    61.86   2446.38      0
     0      0   1425       0   1425   8550   2626.05    63.77   2507.02      0
     0      0   1411       0   1411   8466   2719.97    73.89   2589.00      0
     0      0   1644       0   1644   9864   2624.58    64.63   2507.81      0
     0      0   1415       0   1415   8490   2722.12    48.52   2622.31      1
     0      0   1472       0   1472   8832   2574.67    56.82   2466.74      0
     0      0   1482       0   1482   8892   2580.73    52.91   2474.64      0
     0      0   1483       0   1483   8898   2567.03    61.52   2452.09      0
     0      0   1510       0   1510   9060   2521.49    49.61   2414.48      0
     0      0   1416       0   1416   8496   2673.92    82.48   2537.21      1
     0      0   1400       0   1400   8400   2712.34    52.30   2603.17      0
     0      0   1404       0   1404   8424   2733.56    67.02   2611.62      0
     0      0   1487       0   1487   8922   2591.44    56.66   2479.84      0
     0      0   1494       0   1494   8964   2571.59    43.67   2475.85      0
     0      0   1488       0   1488   8928   2594.93    55.51   2483.81      0
     0      0   1430       0   1430   8580   2656.90    46.98   2557.86      0
     0      0   1473       0   1473   8838   2588.92    45.69   2488.72      0
     0      0   1464       0   1464   8784   2597.52    57.63   2486.84      0
     0      0   1412       0   1412   8472   2703.42    72.32   2572.64      0
     0      0   1439       0   1439   8634   2662.77    50.53   2556.20      0
     0      0   1459       0   1459   8754   2594.98    63.66   2478.93      0
     0      0   1451       0   1451   8706   2652.19    45.05   2552.53      0
     0      0   1438       0   1438   8628   2678.93    55.58   2570.00      0
     0      0   1472       0   1472   8832   2567.37    51.92   2462.93      2
     0      0   1408       0   1408   8448   2714.77    59.78   2601.64      1
     0      0   1406       0   1406   8436   2688.42    57.15   2576.64      0
     0      0   1346       0   1346   8076   2791.43    67.62   2669.32      0
     0      0   1372       0   1372   8232   2727.64    58.49   2611.01      0
     0      0    359       0    359   2154   2626.62    38.30   2539.40      0
     0      0      0       0      0      0       NaN      NaN       NaN      0
     0      0      0       0      0      0       NaN      NaN       NaN      0
     0      0      0       0      0      0       NaN      NaN       NaN      0
================================================================================
ALL STATS (timing measures are in microseconds)
WORKER 0:
Type     |Total    |Ops/sec  |Hits/sec |Miss/Sec |Resp Time|Proc Time|Srvr Time
SET      |        0|     0.00|     0.00|     0.00|      NaN|      NaN|      NaN
GET      |        0|     0.00|     0.00|     0.00|      NaN|      NaN|      NaN
MULTIGET |     4068|    45.20|   271.20|     0.00|  2650.75|  2597.61|  2538.88
INVALID  |        0|     0.00|      ---|      ---|      NaN|      NaN|      ---
Average mutliget length: 6.00
================================================================================
WORKER 1:
Type     |Total    |Ops/sec  |Hits/sec |Miss/Sec |Resp Time|Proc Time|Srvr Time
SET      |        0|     0.00|     0.00|     0.00|      NaN|      NaN|      NaN
GET      |        0|     0.00|     0.00|     0.00|      NaN|      NaN|      NaN
MULTIGET |     4047|    44.97|   269.80|     0.00|  2665.04|  2604.76|  2548.19
INVALID  |        0|     0.00|      ---|      ---|      NaN|      NaN|      ---
Average mutliget length: 6.00
================================================================================
WORKER 2:
Type     |Total    |Ops/sec  |Hits/sec |Miss/Sec |Resp Time|Proc Time|Srvr Time
SET      |        0|     0.00|     0.00|     0.00|      NaN|      NaN|      NaN
GET      |        0|     0.00|     0.00|     0.00|      NaN|      NaN|      NaN
MULTIGET |     4013|    44.59|   267.53|     0.00|  2662.58|  2601.72|  2546.14
INVALID  |        0|     0.00|      ---|      ---|      NaN|      NaN|      ---
Average mutliget length: 6.00
================================================================================
WORKER 3:
Type     |Total    |Ops/sec  |Hits/sec |Miss/Sec |Resp Time|Proc Time|Srvr Time
SET      |        0|     0.00|     0.00|     0.00|      NaN|      NaN|      NaN
GET      |        0|     0.00|     0.00|     0.00|      NaN|      NaN|      NaN
MULTIGET |     4039|    44.88|   269.27|     0.00|  2632.88|  2576.62|  2520.11
INVALID  |        0|     0.00|      ---|      ---|      NaN|      NaN|      ---
Average mutliget length: 6.00
================================================================================
WORKER 4:
Type     |Total    |Ops/sec  |Hits/sec |Miss/Sec |Resp Time|Proc Time|Srvr Time
SET      |        0|     0.00|     0.00|     0.00|      NaN|      NaN|      NaN
GET      |        0|     0.00|     0.00|     0.00|      NaN|      NaN|      NaN
MULTIGET |     4009|    44.54|   267.27|     0.00|  2625.78|  2569.16|  2512.55
INVALID  |        0|     0.00|      ---|      ---|      NaN|      NaN|      ---
Average mutliget length: 6.00
================================================================================
WORKER 5:
Type     |Total    |Ops/sec  |Hits/sec |Miss/Sec |Resp Time|Proc Time|Srvr Time
SET      |        0|     0.00|     0.00|     0.00|      NaN|      NaN|      NaN
GET      |        0|     0.00|     0.00|     0.00|      NaN|      NaN|      NaN
MULTIGET |     4005|    44.50|   267.00|     0.00|  2674.46|  2609.92|  2546.45
INVALID  |        0|     0.00|      ---|      ---|      NaN|      NaN|      ---
Average mutliget length: 6.00
================================================================================
WORKER 6:
Type     |Total    |Ops/sec  |Hits/sec |Miss/Sec |Resp Time|Proc Time|Srvr Time
SET      |        0|     0.00|     0.00|     0.00|      NaN|      NaN|      NaN
GET      |        0|     0.00|     0.00|     0.00|      NaN|      NaN|      NaN
MULTIGET |     4031|    44.79|   268.73|     0.00|  2637.07|  2582.65|  2524.40
INVALID  |        0|     0.00|      ---|      ---|      NaN|      NaN|      ---
Average mutliget length: 6.00
================================================================================
WORKER 7:
Type     |Total    |Ops/sec  |Hits/sec |Miss/Sec |Resp Time|Proc Time|Srvr Time
SET      |        0|     0.00|     0.00|     0.00|      NaN|      NaN|      NaN
GET      |        0|     0.00|     0.00|     0.00|      NaN|      NaN|      NaN
MULTIGET |     4035|    44.83|   269.00|     0.00|  2673.28|  2609.87|  2544.20
INVALID  |        0|     0.00|      ---|      ---|      NaN|      NaN|      ---
Average mutliget length: 6.00
================================================================================
WORKER 8:
Type     |Total    |Ops/sec  |Hits/sec |Miss/Sec |Resp Time|Proc Time|Srvr Time
SET      |        0|     0.00|     0.00|     0.00|      NaN|      NaN|      NaN
GET      |        0|     0.00|     0.00|     0.00|      NaN|      NaN|      NaN
MULTIGET |     4046|    44.96|   269.73|     0.00|  2638.19|  2578.99|  2524.63
INVALID  |        0|     0.00|      ---|      ---|      NaN|      NaN|      ---
Average mutliget length: 6.00
================================================================================
WORKER 9:
Type     |Total    |Ops/sec  |Hits/sec |Miss/Sec |Resp Time|Proc Time|Srvr Time
SET      |        0|     0.00|     0.00|     0.00|      NaN|      NaN|      NaN
GET      |        0|     0.00|     0.00|     0.00|      NaN|      NaN|      NaN
MULTIGET |     4031|    44.79|   268.73|     0.00|  2676.00|  2613.13|  2558.12
INVALID  |        0|     0.00|      ---|      ---|      NaN|      NaN|      ---
Average mutliget length: 6.00
================================================================================
WORKER 10:
Type     |Total    |Ops/sec  |Hits/sec |Miss/Sec |Resp Time|Proc Time|Srvr Time
SET      |        0|     0.00|     0.00|     0.00|      NaN|      NaN|      NaN
GET      |        0|     0.00|     0.00|     0.00|      NaN|      NaN|      NaN
MULTIGET |     4011|    44.57|   267.40|     0.00|  2673.25|  2613.77|  2556.37
INVALID  |        0|     0.00|      ---|      ---|      NaN|      NaN|      ---
Average mutliget length: 6.00
================================================================================
WORKER 11:
Type     |Total    |Ops/sec  |Hits/sec |Miss/Sec |Resp Time|Proc Time|Srvr Time
SET      |        0|     0.00|     0.00|     0.00|      NaN|      NaN|      NaN
GET      |        0|     0.00|     0.00|     0.00|      NaN|      NaN|      NaN
MULTIGET |     3996|    44.40|   266.40|     0.00|  2654.13|  2591.72|  2536.91
INVALID  |        0|     0.00|      ---|      ---|      NaN|      NaN|      ---
Average mutliget length: 6.00
================================================================================
WORKER 12:
Type     |Total    |Ops/sec  |Hits/sec |Miss/Sec |Resp Time|Proc Time|Srvr Time
SET      |        0|     0.00|     0.00|     0.00|      NaN|      NaN|      NaN
GET      |        0|     0.00|     0.00|     0.00|      NaN|      NaN|      NaN
MULTIGET |     4022|    44.69|   268.13|     0.00|  2667.06|  2609.57|  2549.63
INVALID  |        0|     0.00|      ---|      ---|      NaN|      NaN|      ---
Average mutliget length: 6.00
================================================================================
WORKER 13:
Type     |Total    |Ops/sec  |Hits/sec |Miss/Sec |Resp Time|Proc Time|Srvr Time
SET      |        0|     0.00|     0.00|     0.00|      NaN|      NaN|      NaN
GET      |        0|     0.00|     0.00|     0.00|      NaN|      NaN|      NaN
MULTIGET |     4003|    44.48|   266.87|     0.00|  2638.11|  2578.95|  2522.77
INVALID  |        0|     0.00|      ---|      ---|      NaN|      NaN|      ---
Average mutliget length: 6.00
================================================================================
WORKER 14:
Type     |Total    |Ops/sec  |Hits/sec |Miss/Sec |Resp Time|Proc Time|Srvr Time
SET      |        0|     0.00|     0.00|     0.00|      NaN|      NaN|      NaN
GET      |        0|     0.00|     0.00|     0.00|      NaN|      NaN|      NaN
MULTIGET |     3985|    44.28|   265.67|     0.00|  2677.80|  2617.76|  2554.01
INVALID  |        0|     0.00|      ---|      ---|      NaN|      NaN|      ---
Average mutliget length: 6.00
================================================================================
WORKER 15:
Type     |Total    |Ops/sec  |Hits/sec |Miss/Sec |Resp Time|Proc Time|Srvr Time
SET      |        0|     0.00|     0.00|     0.00|      NaN|      NaN|      NaN
GET      |        0|     0.00|     0.00|     0.00|      NaN|      NaN|      NaN
MULTIGET |     4057|    45.08|   270.47|     0.00|  2662.60|  2604.95|  2548.57
INVALID  |        0|     0.00|      ---|      ---|      NaN|      NaN|      ---
Average mutliget length: 6.00
================================================================================
WORKER 16:
Type     |Total    |Ops/sec  |Hits/sec |Miss/Sec |Resp Time|Proc Time|Srvr Time
SET      |        0|     0.00|     0.00|     0.00|      NaN|      NaN|      NaN
GET      |        0|     0.00|     0.00|     0.00|      NaN|      NaN|      NaN
MULTIGET |     4017|    44.63|   267.80|     0.00|  2680.62|  2616.28|  2557.64
INVALID  |        0|     0.00|      ---|      ---|      NaN|      NaN|      ---
Average mutliget length: 6.00
================================================================================
WORKER 17:
Type     |Total    |Ops/sec  |Hits/sec |Miss/Sec |Resp Time|Proc Time|Srvr Time
SET      |        0|     0.00|     0.00|     0.00|      NaN|      NaN|      NaN
GET      |        0|     0.00|     0.00|     0.00|      NaN|      NaN|      NaN
MULTIGET |     4000|    44.44|   266.67|     0.00|  2657.51|  2599.81|  2544.82
INVALID  |        0|     0.00|      ---|      ---|      NaN|      NaN|      ---
Average mutliget length: 6.00
================================================================================
WORKER 18:
Type     |Total    |Ops/sec  |Hits/sec |Miss/Sec |Resp Time|Proc Time|Srvr Time
SET      |        0|     0.00|     0.00|     0.00|      NaN|      NaN|      NaN
GET      |        0|     0.00|     0.00|     0.00|      NaN|      NaN|      NaN
MULTIGET |     4007|    44.52|   267.13|     0.00|  2666.54|  2601.56|  2535.80
INVALID  |        0|     0.00|      ---|      ---|      NaN|      NaN|      ---
Average mutliget length: 6.00
================================================================================
WORKER 19:
Type     |Total    |Ops/sec  |Hits/sec |Miss/Sec |Resp Time|Proc Time|Srvr Time
SET      |        0|     0.00|     0.00|     0.00|      NaN|      NaN|      NaN
GET      |        0|     0.00|     0.00|     0.00|      NaN|      NaN|      NaN
MULTIGET |     4065|    45.17|   271.00|     0.00|  2628.89|  2569.59|  2510.95
INVALID  |        0|     0.00|      ---|      ---|      NaN|      NaN|      ---
Average mutliget length: 6.00
================================================================================
WORKER 20:
Type     |Total    |Ops/sec  |Hits/sec |Miss/Sec |Resp Time|Proc Time|Srvr Time
SET      |        0|     0.00|     0.00|     0.00|      NaN|      NaN|      NaN
GET      |        0|     0.00|     0.00|     0.00|      NaN|      NaN|      NaN
MULTIGET |     4013|    44.59|   267.53|     0.00|  2673.59|  2621.27|  2564.28
INVALID  |        0|     0.00|      ---|      ---|      NaN|      NaN|      ---
Average mutliget length: 6.00
================================================================================
WORKER 21:
Type     |Total    |Ops/sec  |Hits/sec |Miss/Sec |Resp Time|Proc Time|Srvr Time
SET      |        0|     0.00|     0.00|     0.00|      NaN|      NaN|      NaN
GET      |        0|     0.00|     0.00|     0.00|      NaN|      NaN|      NaN
MULTIGET |     3988|    44.31|   265.87|     0.00|  2655.18|  2592.35|  2535.25
INVALID  |        0|     0.00|      ---|      ---|      NaN|      NaN|      ---
Average mutliget length: 6.00
================================================================================
WORKER 22:
Type     |Total    |Ops/sec  |Hits/sec |Miss/Sec |Resp Time|Proc Time|Srvr Time
SET      |        0|     0.00|     0.00|     0.00|      NaN|      NaN|      NaN
GET      |        0|     0.00|     0.00|     0.00|      NaN|      NaN|      NaN
MULTIGET |     4021|    44.68|   268.07|     0.00|  2663.43|  2606.00|  2549.37
INVALID  |        0|     0.00|      ---|      ---|      NaN|      NaN|      ---
Average mutliget length: 6.00
================================================================================
WORKER 23:
Type     |Total    |Ops/sec  |Hits/sec |Miss/Sec |Resp Time|Proc Time|Srvr Time
SET      |        0|     0.00|     0.00|     0.00|      NaN|      NaN|      NaN
GET      |        0|     0.00|     0.00|     0.00|      NaN|      NaN|      NaN
MULTIGET |     3990|    44.33|   266.00|     0.00|  2654.75|  2597.70|  2537.69
INVALID  |        0|     0.00|      ---|      ---|      NaN|      NaN|      ---
Average mutliget length: 6.00
================================================================================
WORKER 24:
Type     |Total    |Ops/sec  |Hits/sec |Miss/Sec |Resp Time|Proc Time|Srvr Time
SET      |        0|     0.00|     0.00|     0.00|      NaN|      NaN|      NaN
GET      |        0|     0.00|     0.00|     0.00|      NaN|      NaN|      NaN
MULTIGET |     4035|    44.83|   269.00|     0.00|  2662.15|  2604.81|  2543.90
INVALID  |        0|     0.00|      ---|      ---|      NaN|      NaN|      ---
Average mutliget length: 6.00
================================================================================
WORKER 25:
Type     |Total    |Ops/sec  |Hits/sec |Miss/Sec |Resp Time|Proc Time|Srvr Time
SET      |        0|     0.00|     0.00|     0.00|      NaN|      NaN|      NaN
GET      |        0|     0.00|     0.00|     0.00|      NaN|      NaN|      NaN
MULTIGET |     4033|    44.81|   268.87|     0.00|  2645.62|  2587.85|  2531.69
INVALID  |        0|     0.00|      ---|      ---|      NaN|      NaN|      ---
Average mutliget length: 6.00
================================================================================
WORKER 26:
Type     |Total    |Ops/sec  |Hits/sec |Miss/Sec |Resp Time|Proc Time|Srvr Time
SET      |        0|     0.00|     0.00|     0.00|      NaN|      NaN|      NaN
GET      |        0|     0.00|     0.00|     0.00|      NaN|      NaN|      NaN
MULTIGET |     4034|    44.82|   268.93|     0.00|  2649.88|  2593.06|  2539.28
INVALID  |        0|     0.00|      ---|      ---|      NaN|      NaN|      ---
Average mutliget length: 6.00
================================================================================
WORKER 27:
Type     |Total    |Ops/sec  |Hits/sec |Miss/Sec |Resp Time|Proc Time|Srvr Time
SET      |        0|     0.00|     0.00|     0.00|      NaN|      NaN|      NaN
GET      |        0|     0.00|     0.00|     0.00|      NaN|      NaN|      NaN
MULTIGET |     3984|    44.27|   265.60|     0.00|  2651.79|  2591.64|  2534.57
INVALID  |        0|     0.00|      ---|      ---|      NaN|      NaN|      ---
Average mutliget length: 6.00
================================================================================
WORKER 28:
Type     |Total    |Ops/sec  |Hits/sec |Miss/Sec |Resp Time|Proc Time|Srvr Time
SET      |        0|     0.00|     0.00|     0.00|      NaN|      NaN|      NaN
GET      |        0|     0.00|     0.00|     0.00|      NaN|      NaN|      NaN
MULTIGET |     4033|    44.81|   268.87|     0.00|  2653.42|  2595.41|  2536.08
INVALID  |        0|     0.00|      ---|      ---|      NaN|      NaN|      ---
Average mutliget length: 6.00
================================================================================
WORKER 29:
Type     |Total    |Ops/sec  |Hits/sec |Miss/Sec |Resp Time|Proc Time|Srvr Time
SET      |        0|     0.00|     0.00|     0.00|      NaN|      NaN|      NaN
GET      |        0|     0.00|     0.00|     0.00|      NaN|      NaN|      NaN
MULTIGET |     4025|    44.72|   268.33|     0.00|  2664.95|  2599.31|  2541.94
INVALID  |        0|     0.00|      ---|      ---|      NaN|      NaN|      ---
Average mutliget length: 6.00
================================================================================
WORKER 30:
Type     |Total    |Ops/sec  |Hits/sec |Miss/Sec |Resp Time|Proc Time|Srvr Time
SET      |        0|     0.00|     0.00|     0.00|      NaN|      NaN|      NaN
GET      |        0|     0.00|     0.00|     0.00|      NaN|      NaN|      NaN
MULTIGET |     4029|    44.77|   268.60|     0.00|  2634.26|  2579.42|  2523.62
INVALID  |        0|     0.00|      ---|      ---|      NaN|      NaN|      ---
Average mutliget length: 6.00
================================================================================
WORKER 31:
Type     |Total    |Ops/sec  |Hits/sec |Miss/Sec |Resp Time|Proc Time|Srvr Time
SET      |        0|     0.00|     0.00|     0.00|      NaN|      NaN|      NaN
GET      |        0|     0.00|     0.00|     0.00|      NaN|      NaN|      NaN
MULTIGET |     4009|    44.54|   267.27|     0.00|  2653.63|  2597.31|  2536.93
INVALID  |        0|     0.00|      ---|      ---|      NaN|      NaN|      ---
Average mutliget length: 6.00
================================================================================
================================================================================

AGGREGATE FOR ALL WORKERS:
Type     |Total    |Ops/sec  |Hits/sec |Miss/Sec |Resp Time|Proc Time|Srvr Time
SET      |        0|     0.00|     0.00|     0.00|      NaN|      NaN|      NaN
GET      |        0|     0.00|     0.00|     0.00|      NaN|      NaN|      NaN
MULTIGET |   128681|  1429.79|  8578.73|     0.00|  2656.39|  2597.31|  2539.23
INVALID  |        0|     0.00|      ---|      ---|      NaN|      NaN|      ---
Average mutliget length: 6.00


 HISTOGRAM
  Response time (ms)   Percent
                 0.1      0.00%
                 0.2      0.00%
                 0.3      0.00%
                 0.4      0.00%
                 0.5      0.00%
                 0.6      0.00%
                 0.7      0.00%
                 0.8      0.00%
                 0.9      0.00%
                 1.0      0.00%
                 1.1      0.00%
                 1.2      0.00%
                 1.3      0.00%
                 1.4      0.00%
                 1.5      0.00%
                 1.6      0.00%
                 1.7      0.00%
                 1.8      0.00%
                 1.9      0.00%
                 2.0      0.03%
                 2.1      1.95%
                 2.2     11.06%
                 2.3     26.94%
                 2.4     43.34%
                 2.5     56.92%
                 2.6     67.13%
                 2.7     74.67%
                 2.8     80.08%
                 2.9     84.16%
                 3.0     87.22%
                 3.1     89.47%
                 3.2     91.09%
                 3.3     92.27%
                 3.4     93.20%
                 3.5     93.91%
                 3.6     94.47%
                 3.7     94.91%
                 3.8     95.32%
                 3.9     95.66%
                 4.0     95.97%
                 4.1     96.23%
                 4.2     96.49%
                 4.3     96.72%
                 4.4     96.93%
                 4.5     97.15%
                 4.6     97.35%
                 4.7     97.48%
                 4.8     97.63%
                 4.9     97.77%
                 5.0     97.90%
                 5.1     98.03%
                 5.2     98.15%
                 5.3     98.26%
                 5.4     98.37%
                 5.5     98.46%
                 5.6     98.53%
                 5.7     98.61%
                 5.8     98.69%
                 5.9     98.76%
                 6.0     98.83%
                 6.1     98.89%
                 6.2     98.95%
                 6.3     99.00%
                 6.4     99.06%
                 6.5     99.11%
                 6.6     99.15%
                 6.7     99.20%
                 6.8     99.25%
                 6.9     99.29%
                 7.0     99.32%
                 7.1     99.36%
                 7.2     99.39%
                 7.3     99.42%
                 7.4     99.45%
                 7.5     99.50%
                 7.6     99.53%
                 7.7     99.55%
                 7.8     99.58%
                 7.9     99.61%
                 8.0     99.62%
                 8.1     99.64%
                 8.2     99.66%
                 8.3     99.68%
                 8.4     99.69%
                 8.5     99.71%
                 8.6     99.73%
                 8.7     99.74%
                 8.8     99.76%
                 8.9     99.77%
                 9.0     99.79%
                 9.1     99.81%
                 9.2     99.82%
                 9.3     99.83%
                 9.4     99.85%
                 9.5     99.85%
                 9.6     99.86%
                 9.7     99.88%
                 9.8     99.88%
                 9.9     99.88%
                10.0     99.89%
                10.1     99.90%
                10.2     99.90%
                10.3     99.91%
                10.4     99.91%
                10.5     99.91%
                10.6     99.91%
                10.7     99.92%
                10.8     99.92%
                10.9     99.92%
                11.0     99.93%
                11.1     99.93%
                11.2     99.93%
                11.3     99.94%
                11.4     99.94%
                11.5     99.94%
                11.6     99.94%
                11.7     99.94%
                11.8     99.94%
                11.9     99.94%
                12.0     99.94%
                12.1     99.94%
                12.2     99.95%
                12.3     99.95%
                12.4     99.95%
                12.5     99.95%
                12.6     99.95%
                12.7     99.95%
                12.8     99.95%
                12.9     99.95%
                13.0     99.95%
                13.1     99.95%
                13.2     99.95%
                13.3     99.95%
                13.4     99.95%
                13.5     99.95%
                13.6     99.95%
                13.7     99.96%
                13.8     99.96%
                13.9     99.96%
                14.0     99.96%
                14.1     99.96%
                14.2     99.96%
                14.3     99.97%
                14.4     99.97%
                14.5     99.97%
                14.6     99.97%
                14.7     99.97%
                14.8     99.97%
                14.9     99.97%
                15.0     99.97%
                15.1     99.97%
                15.2     99.97%
                15.3     99.97%
                15.4     99.97%
                15.5     99.97%
                15.6     99.98%
                15.7     99.98%
                15.8     99.98%
                15.9     99.98%
                16.0     99.98%
                16.1     99.98%
                16.2     99.98%
                16.3     99.98%
                16.4     99.98%
                16.5     99.98%
                16.6     99.98%
                16.7     99.98%
                16.8     99.98%
                16.9     99.98%
                17.0     99.98%
                17.1     99.98%
                17.2     99.98%
                17.3     99.98%
                17.4     99.98%
                17.5     99.98%
                17.6     99.98%
                17.7     99.98%
                17.8     99.98%
                17.9     99.98%
                18.0     99.98%
                18.1     99.98%
                18.2     99.98%
                18.3     99.98%
                18.4     99.98%
                18.5     99.98%
                18.6     99.98%
                18.7     99.98%
                18.8     99.98%
                18.9     99.98%
                19.0     99.98%
                19.1     99.98%
                19.2     99.98%
                19.3     99.98%
                19.4     99.98%
                19.5     99.98%
                19.6     99.98%
                19.7     99.98%
                19.8     99.98%
                19.9     99.98%
                20.0     99.98%
                20.1     99.98%
                20.2     99.98%
                20.3     99.98%
                20.4     99.98%
                20.5     99.98%
                20.6     99.98%
                20.7     99.98%
                20.8     99.98%
                20.9     99.98%
                21.0     99.98%
                21.1     99.98%
                21.2     99.98%
                21.3     99.98%
                21.4     99.98%
                21.5     99.98%
                21.6     99.98%
                21.7     99.98%
                21.8     99.98%
                21.9     99.98%
                22.0     99.98%
                22.1     99.98%
                22.2     99.98%
                22.3     99.99%
                22.4     99.99%
                22.5     99.99%
                22.6     99.99%
                22.7     99.99%
                22.8     99.99%
                22.9     99.99%
                23.0     99.99%
                23.1     99.99%
                23.2     99.99%
                23.3     99.99%
                23.4     99.99%
                23.5     99.99%
                23.6     99.99%
                23.7     99.99%
                23.8     99.99%
                23.9     99.99%
                24.0     99.99%
                24.1     99.99%
                24.2     99.99%
                24.3     99.99%
                24.4     99.99%
                24.5     99.99%
                24.6     99.99%
                24.7     99.99%
                24.8     99.99%
                24.9     99.99%
                25.0     99.99%
                25.1     99.99%
                25.2     99.99%
                25.3     99.99%
                25.4     99.99%
                25.5     99.99%
                25.6     99.99%
                25.7     99.99%
                25.8     99.99%
                25.9     99.99%
                26.0     99.99%
                26.1     99.99%
                26.2     99.99%
                26.3     99.99%
                26.4     99.99%
                26.5     99.99%
                26.6     99.99%
                26.7     99.99%
                26.8     99.99%
                26.9     99.99%
                27.0     99.99%
                27.1     99.99%
                27.2     99.99%
                27.3     99.99%
                27.4     99.99%
                27.5     99.99%
                27.6     99.99%
                27.7     99.99%
                27.8     99.99%
                27.9     99.99%
                28.0     99.99%
                28.1     99.99%
                28.2     99.99%
                28.3     99.99%
                28.4     99.99%
                28.5     99.99%
                28.6     99.99%
                28.7     99.99%
                28.8     99.99%
                28.9     99.99%
                29.0     99.99%
                29.1     99.99%
                29.2     99.99%
                29.3     99.99%
                29.4     99.99%
                29.5     99.99%
                29.6     99.99%
                29.7     99.99%
                29.8     99.99%
                29.9     99.99%
                30.0     99.99%
                30.1     99.99%
                30.2     99.99%
                30.3     99.99%
                30.4     99.99%
                30.5     99.99%
                30.6     99.99%
                30.7     99.99%
                30.8     99.99%
                30.9     99.99%
                31.0     99.99%
                31.1     99.99%
                31.2     99.99%
                31.3     99.99%
                31.4     99.99%
                31.5     99.99%
                31.6     99.99%
                31.7     99.99%
                31.8     99.99%
                31.9     99.99%
                32.0     99.99%
                32.1     99.99%
                32.2     99.99%
                32.3     99.99%
                32.4     99.99%
                32.5     99.99%
                32.6     99.99%
                32.7     99.99%
                32.8     99.99%
                32.9     99.99%
                33.0     99.99%
                33.1     99.99%
                33.2     99.99%
                33.3     99.99%
                33.4     99.99%
                33.5     99.99%
                33.6     99.99%
                33.7     99.99%
                33.8     99.99%
                33.9     99.99%
                34.0    100.00%
                34.1    100.00%
                34.2    100.00%
                34.3    100.00%
                34.4    100.00%
                34.5    100.00%
                34.6    100.00%
                34.7    100.00%
                34.8    100.00%
                34.9    100.00%
                35.0    100.00%
                35.1    100.00%
                35.2    100.00%
                35.3    100.00%
                35.4    100.00%
                35.5    100.00%
                35.6    100.00%
                35.7    100.00%
                35.8    100.00%
                35.9    100.00%
                36.0    100.00%
                36.1    100.00%
                36.2    100.00%
                36.3    100.00%
                36.4    100.00%
                36.5    100.00%
                36.6    100.00%
                36.7    100.00%
                36.8    100.00%
                36.9    100.00%
                37.0    100.00%
                37.1    100.00%
                37.2    100.00%
                37.3    100.00%
                37.4    100.00%
                37.5    100.00%
                37.6    100.00%
                37.7    100.00%
                37.8    100.00%
                37.9    100.00%
                38.0    100.00%
                38.1    100.00%
                38.2    100.00%
                38.3    100.00%
                38.4    100.00%
                38.5    100.00%
                38.6    100.00%
                38.7    100.00%
                38.8    100.00%
                38.9    100.00%
                39.0    100.00%
                39.1    100.00%
                39.2    100.00%
                39.3    100.00%
                39.4    100.00%
                39.5    100.00%
                39.6    100.00%
                39.7    100.00%
                39.8    100.00%
                39.9    100.00%
                40.0    100.00%
                40.1    100.00%
                40.2    100.00%
                40.3    100.00%
                40.4    100.00%
                40.5    100.00%
                40.6    100.00%
                40.7    100.00%
                40.8    100.00%
                40.9    100.00%
                41.0    100.00%
                41.1    100.00%
                41.2    100.00%
                41.3    100.00%
                41.4    100.00%
                41.5    100.00%
                41.6    100.00%
                41.7    100.00%

