Threads: 8, Sharded reads: false, Number of Memcached servers: 3.

All measures in microseconds.
  SETS   GETS  MGETS   INVLD    TOT   HITS     RSP T      Q T     SVR T  Q LEN
     0  40447      0       0  40447  40447  17869.21 16284.52   1558.66     85
     0   5056      0       0   5056   5056  17914.94 16356.94   1536.59     83
     0   4817      0       0   4817   4817  18801.51 17176.37   1601.50     84
     0   5197      0       0   5197   5197  17579.36 16067.63   1491.16     86
     0   5215      0       0   5215   5215  17438.87 15934.14   1485.69     86
     0   4957      0       0   4957   4957  18303.75 16723.59   1556.36     85
     0   4709      0       0   4709   4709  19333.32 17663.98   1646.69     84
     0   5101      0       0   5101   5101  17794.50 16263.13   1510.83     86
     0   5239      0       0   5239   5239  17212.52 15729.36   1464.66     81
     0   4628      0       0   4628   4628  19709.99 18045.47   1646.56     80
     0   4977      0       0   4977   4977  18329.37 16715.97   1590.58     86
     0   5292      0       0   5292   5292  17183.57 15704.95   1458.11     86
     0   5484      0       0   5484   5484  16358.20 14935.23   1402.51     88
     0   5022      0       0   5022   5022  18125.00 16560.27   1544.14     85
     0   4839      0       0   4839   4839  18812.65 17187.37   1605.20     85
     0   4756      0       0   4756   4756  19094.46 17448.34   1624.33     82
     0   4879      0       0   4879   4879  18688.37 17077.07   1591.49     85
     0   5131      0       0   5131   5131  17725.64 16193.68   1509.35     85
     0   5119      0       0   5119   5119  17779.83 16243.16   1515.10     86
     0   4888      0       0   4888   4888  18676.50 17069.42   1583.49     84
     0   5109      0       0   5109   5109  17729.55 16188.80   1519.42     85
     0   4925      0       0   4925   4925  18067.61 16478.29   1558.44     83
     0   4984      0       0   4984   4984  18043.30 16471.17   1548.42     83
     0   5060      0       0   5060   5060  17944.05 16390.52   1531.50     84
     0   5036      0       0   5036   5036  17990.39 16434.74   1534.08     86
     0   5260      0       0   5260   5260  17264.86 15775.96   1469.88     87
     0   4786      0       0   4786   4786  18940.43 17303.87   1610.87     85
     0   4974      0       0   4974   4974  18174.42 16599.09   1554.42     85
     0   4816      0       0   4816   4816  18769.86 17149.75   1593.80     81
     0   4953      0       0   4953   4953  18454.38 16861.39   1572.77     83
     0   4855      0       0   4855   4855  18753.48 17141.01   1593.09     84
     0   5074      0       0   5074   5074  17869.73 16327.27   1523.48     86
     0   5132      0       0   5132   5132  17721.80 16194.95   1505.34     86
     0   5120      0       0   5120   5120  17661.40 16132.05   1509.88     83
     0   5000      0       0   5000   5000  18299.86 16726.67   1553.79     85
     0   4929      0       0   4929   4929  18424.23 16834.75   1565.70     86
     0   4972      0       0   4972   4972  18157.55 16583.10   1551.41     85
     0   5038      0       0   5038   5038  17947.72 16392.94   1532.39     88
     0   4962      0       0   4962   4962  18351.61 16766.53   1561.10     85
     0   5167      0       0   5167   5167  17536.05 16020.10   1496.07     85
     0   5124      0       0   5124   5124  17719.96 16186.73   1511.17     84
     0   4923      0       0   4923   4923  18374.23 16783.89   1565.18     77
     0   4734      0       0   4734   4734  19010.81 17356.42   1630.55     85
     0   5247      0       0   5247   5247  17432.59 15933.97   1478.44     86
     0   5114      0       0   5114   5114  17735.10 16205.01   1507.97     84
     0   4930      0       0   4930   4930  18394.40 16806.81   1565.35     85
     0   4911      0       0   4911   4911  18476.87 16874.76   1579.32     80
     0   5215      0       0   5215   5215  17356.25 15856.21   1479.90     84
     0   5359      0       0   5359   5359  16930.60 15468.03   1444.96     85
     0   5129      0       0   5129   5129  17667.24 16141.84   1507.44     85
     0   5035      0       0   5035   5035  18006.78 16451.19   1533.27     85
     0   5094      0       0   5094   5094  17810.22 16273.77   1514.33     85
     0   5104      0       0   5104   5104  17746.37 16211.82   1512.76     82
     0   5134      0       0   5134   5134  17657.80 16131.70   1506.47     81
     0   5084      0       0   5084   5084  17821.47 16282.27   1518.37     85
     0   5029      0       0   5029   5029  18008.58 16450.17   1537.48     87
     0   5153      0       0   5153   5153  17617.05 16097.00   1498.76     85
     0   5113      0       0   5113   5113  17732.93 16201.30   1512.19     84
     0   5153      0       0   5153   5153  17619.76 16099.72   1498.46     85
     0   5026      0       0   5026   5026  18081.24 16522.40   1536.47     83
     0   4998      0       0   4998   4998  18127.98 16561.67   1544.63     86
     0   4844      0       0   4844   4844  18784.87 17167.15   1595.25     85
     0   5145      0       0   5145   5145  17668.92 16146.58   1500.53     84
     0   5340      0       0   5340   5340  17027.04 15561.25   1445.28     86
     0   5083      0       0   5083   5083  17821.02 16280.45   1520.46     86
     0   5261      0       0   5261   5261  17258.77 15769.83   1470.24     85
     0   5035      0       0   5035   5035  18022.68 16468.20   1533.58     82
     0   5207      0       0   5207   5207  17428.12 15923.37   1484.38     83
     0   5196      0       0   5196   5196  17496.13 15989.21   1488.14     86
     0   5142      0       0   5142   5142  17632.28 16109.74   1504.66     87
     0   5117      0       0   5117   5117  17724.49 16194.42   1507.99     87
     0   4923      0       0   4923   4923  18425.64 16833.88   1569.31     84
     0   4947      0       0   4947   4947  18359.70 16777.74   1558.99     86
     0   5244      0       0   5244   5244  17300.06 15806.25   1473.88     83
     0   5239      0       0   5239   5239  17261.63 15767.08   1475.75     86
     0   4892      0       0   4892   4892  18661.81 17054.46   1587.12     87
     0   5232      0       0   5232   5232  17383.86 15886.59   1474.18     86
     0   5041      0       0   5041   5041  18055.28 16502.64   1533.13     84
     0   5070      0       0   5070   5070  17855.10 16310.04   1525.21     80
     0   5243      0       0   5243   5243  17292.29 15799.49   1473.95     86
     0   5134      0       0   5134   5134  17502.94 15977.10   1503.95     84
     0   4993      0       0   4993   4993  18243.53 16669.18   1554.33     74
     0   3264      0       0   3264   3264  14755.84 13230.32   1506.00      0
     0      0      0       0      0      0       NaN      NaN       NaN      0
     0      0      0       0      0      0       NaN      NaN       NaN      0
     0      0      0       0      0      0       NaN      NaN       NaN      0
     0      0      0       0      0      0       NaN      NaN       NaN      0
     0      0      0       0      0      0       NaN      NaN       NaN      0
================================================================================
ALL STATS (timing measures are in microseconds)
WORKER 0:
Type     |Total    |Ops/sec  |Hits/sec |Miss/Sec |Resp Time|Proc Time|Srvr Time
SET      |        0|     0.00|     0.00|     0.00|      NaN|      NaN|      NaN
GET      |    56628|   622.29|   622.29|     0.00| 17903.94|  1554.01|  1531.70
MULTIGET |        0|     0.00|     0.00|     0.00|      NaN|      NaN|      NaN
INVALID  |        0|     0.00|      ---|      ---|      NaN|      NaN|      ---
Average mutliget length: NaN
================================================================================
WORKER 1:
Type     |Total    |Ops/sec  |Hits/sec |Miss/Sec |Resp Time|Proc Time|Srvr Time
SET      |        0|     0.00|     0.00|     0.00|      NaN|      NaN|      NaN
GET      |    56500|   620.88|   620.88|     0.00| 17930.20|  1557.52|  1534.88
MULTIGET |        0|     0.00|     0.00|     0.00|      NaN|      NaN|      NaN
INVALID  |        0|     0.00|      ---|      ---|      NaN|      NaN|      ---
Average mutliget length: NaN
================================================================================
WORKER 2:
Type     |Total    |Ops/sec  |Hits/sec |Miss/Sec |Resp Time|Proc Time|Srvr Time
SET      |        0|     0.00|     0.00|     0.00|      NaN|      NaN|      NaN
GET      |    56592|   621.89|   621.89|     0.00| 17931.90|  1555.16|  1533.71
MULTIGET |        0|     0.00|     0.00|     0.00|      NaN|      NaN|      NaN
INVALID  |        0|     0.00|      ---|      ---|      NaN|      NaN|      ---
Average mutliget length: NaN
================================================================================
WORKER 3:
Type     |Total    |Ops/sec  |Hits/sec |Miss/Sec |Resp Time|Proc Time|Srvr Time
SET      |        0|     0.00|     0.00|     0.00|      NaN|      NaN|      NaN
GET      |    56650|   622.53|   622.53|     0.00| 17918.36|  1553.33|  1531.83
MULTIGET |        0|     0.00|     0.00|     0.00|      NaN|      NaN|      NaN
INVALID  |        0|     0.00|      ---|      ---|      NaN|      NaN|      ---
Average mutliget length: NaN
================================================================================
WORKER 4:
Type     |Total    |Ops/sec  |Hits/sec |Miss/Sec |Resp Time|Proc Time|Srvr Time
SET      |        0|     0.00|     0.00|     0.00|      NaN|      NaN|      NaN
GET      |    56624|   622.24|   622.24|     0.00| 17923.02|  1553.90|  1532.66
MULTIGET |        0|     0.00|     0.00|     0.00|      NaN|      NaN|      NaN
INVALID  |        0|     0.00|      ---|      ---|      NaN|      NaN|      ---
Average mutliget length: NaN
================================================================================
WORKER 5:
Type     |Total    |Ops/sec  |Hits/sec |Miss/Sec |Resp Time|Proc Time|Srvr Time
SET      |        0|     0.00|     0.00|     0.00|      NaN|      NaN|      NaN
GET      |    56602|   622.00|   622.00|     0.00| 17924.00|  1554.77|  1532.94
MULTIGET |        0|     0.00|     0.00|     0.00|      NaN|      NaN|      NaN
INVALID  |        0|     0.00|      ---|      ---|      NaN|      NaN|      ---
Average mutliget length: NaN
================================================================================
WORKER 6:
Type     |Total    |Ops/sec  |Hits/sec |Miss/Sec |Resp Time|Proc Time|Srvr Time
SET      |        0|     0.00|     0.00|     0.00|      NaN|      NaN|      NaN
GET      |    56828|   624.48|   624.48|     0.00| 17904.99|  1548.06|  1526.79
MULTIGET |        0|     0.00|     0.00|     0.00|      NaN|      NaN|      NaN
INVALID  |        0|     0.00|      ---|      ---|      NaN|      NaN|      ---
Average mutliget length: NaN
================================================================================
WORKER 7:
Type     |Total    |Ops/sec  |Hits/sec |Miss/Sec |Resp Time|Proc Time|Srvr Time
SET      |        0|     0.00|     0.00|     0.00|      NaN|      NaN|      NaN
GET      |    56682|   622.88|   622.88|     0.00| 17931.14|  1552.48|  1531.30
MULTIGET |        0|     0.00|     0.00|     0.00|      NaN|      NaN|      NaN
INVALID  |        0|     0.00|      ---|      ---|      NaN|      NaN|      ---
Average mutliget length: NaN
================================================================================
================================================================================

AGGREGATE FOR ALL WORKERS:
Type     |Total    |Ops/sec  |Hits/sec |Miss/Sec |Resp Time|Proc Time|Srvr Time
SET      |        0|     0.00|     0.00|     0.00|      NaN|      NaN|      NaN
GET      |   453106|  4979.19|  4979.19|     0.00| 17920.94|  1553.65|  1531.97
MULTIGET |        0|     0.00|     0.00|     0.00|      NaN|      NaN|      NaN
INVALID  |        0|     0.00|      ---|      ---|      NaN|      NaN|      ---
Average mutliget length: NaN


 HISTOGRAM
  Response time (ms)   Percent
                 0.1      0.00%
                 0.2      0.00%
                 0.3      0.00%
                 0.4      0.00%
                 0.5      0.00%
                 0.6      0.00%
                 0.7      0.00%
                 0.8      0.00%
                 0.9      0.00%
                 1.0      0.00%
                 1.1      0.00%
                 1.2      0.00%
                 1.3      0.00%
                 1.4      0.00%
                 1.5      0.00%
                 1.6      0.00%
                 1.7      0.00%
                 1.8      0.00%
                 1.9      0.00%
                 2.0      0.00%
                 2.1      0.00%
                 2.2      0.00%
                 2.3      0.00%
                 2.4      0.00%
                 2.5      0.00%
                 2.6      0.00%
                 2.7      0.00%
                 2.8      0.00%
                 2.9      0.00%
                 3.0      0.00%
                 3.1      0.00%
                 3.2      0.00%
                 3.3      0.00%
                 3.4      0.00%
                 3.5      0.00%
                 3.6      0.00%
                 3.7      0.00%
                 3.8      0.00%
                 3.9      0.00%
                 4.0      0.00%
                 4.1      0.00%
                 4.2      0.00%
                 4.3      0.00%
                 4.4      0.00%
                 4.5      0.00%
                 4.6      0.00%
                 4.7      0.00%
                 4.8      0.00%
                 4.9      0.00%
                 5.0      0.00%
                 5.1      0.00%
                 5.2      0.00%
                 5.3      0.00%
                 5.4      0.01%
                 5.5      0.01%
                 5.6      0.01%
                 5.7      0.01%
                 5.8      0.01%
                 5.9      0.01%
                 6.0      0.01%
                 6.1      0.01%
                 6.2      0.01%
                 6.3      0.01%
                 6.4      0.01%
                 6.5      0.01%
                 6.6      0.01%
                 6.7      0.01%
                 6.8      0.01%
                 6.9      0.01%
                 7.0      0.01%
                 7.1      0.01%
                 7.2      0.01%
                 7.3      0.01%
                 7.4      0.01%
                 7.5      0.02%
                 7.6      0.02%
                 7.7      0.02%
                 7.8      0.02%
                 7.9      0.02%
                 8.0      0.02%
                 8.1      0.02%
                 8.2      0.02%
                 8.3      0.02%
                 8.4      0.02%
                 8.5      0.02%
                 8.6      0.02%
                 8.7      0.02%
                 8.8      0.02%
                 8.9      0.02%
                 9.0      0.03%
                 9.1      0.03%
                 9.2      0.03%
                 9.3      0.03%
                 9.4      0.04%
                 9.5      0.04%
                 9.6      0.05%
                 9.7      0.06%
                 9.8      0.07%
                 9.9      0.07%
                10.0      0.08%
                10.1      0.09%
                10.2      0.10%
                10.3      0.11%
                10.4      0.12%
                10.5      0.13%
                10.6      0.14%
                10.7      0.14%
                10.8      0.15%
                10.9      0.16%
                11.0      0.18%
                11.1      0.19%
                11.2      0.21%
                11.3      0.23%
                11.4      0.25%
                11.5      0.26%
                11.6      0.28%
                11.7      0.30%
                11.8      0.32%
                11.9      0.33%
                12.0      0.35%
                12.1      0.36%
                12.2      0.37%
                12.3      0.39%
                12.4      0.41%
                12.5      0.42%
                12.6      0.44%
                12.7      0.45%
                12.8      0.47%
                12.9      0.49%
                13.0      0.52%
                13.1      0.55%
                13.2      0.58%
                13.3      0.61%
                13.4      0.65%
                13.5      0.69%
                13.6      0.74%
                13.7      0.79%
                13.8      0.85%
                13.9      0.92%
                14.0      1.01%
                14.1      1.11%
                14.2      1.23%
                14.3      1.40%
                14.4      1.61%
                14.5      1.89%
                14.6      2.26%
                14.7      2.71%
                14.8      3.26%
                14.9      3.96%
                15.0      4.82%
                15.1      5.87%
                15.2      7.06%
                15.3      8.40%
                15.4      9.82%
                15.5     11.33%
                15.6     12.86%
                15.7     14.45%
                15.8     16.06%
                15.9     17.72%
                16.0     19.45%
                16.1     21.27%
                16.2     23.22%
                16.3     25.35%
                16.4     27.66%
                16.5     30.14%
                16.6     32.72%
                16.7     35.45%
                16.8     38.29%
                16.9     41.16%
                17.0     44.04%
                17.1     46.84%
                17.2     49.54%
                17.3     52.09%
                17.4     54.45%
                17.5     56.71%
                17.6     58.85%
                17.7     60.79%
                17.8     62.57%
                17.9     64.21%
                18.0     65.74%
                18.1     67.14%
                18.2     68.44%
                18.3     69.65%
                18.4     70.82%
                18.5     71.91%
                18.6     72.92%
                18.7     73.87%
                18.8     74.75%
                18.9     75.62%
                19.0     76.40%
                19.1     77.16%
                19.2     77.86%
                19.3     78.53%
                19.4     79.18%
                19.5     79.83%
                19.6     80.45%
                19.7     81.04%
                19.8     81.59%
                19.9     82.15%
                20.0     82.70%
                20.1     83.23%
                20.2     83.72%
                20.3     84.27%
                20.4     84.77%
                20.5     85.27%
                20.6     85.77%
                20.7     86.24%
                20.8     86.73%
                20.9     87.21%
                21.0     87.66%
                21.1     88.11%
                21.2     88.56%
                21.3     89.02%
                21.4     89.46%
                21.5     89.94%
                21.6     90.39%
                21.7     90.81%
                21.8     91.26%
                21.9     91.69%
                22.0     92.10%
                22.1     92.49%
                22.2     92.86%
                22.3     93.20%
                22.4     93.55%
                22.5     93.85%
                22.6     94.14%
                22.7     94.38%
                22.8     94.63%
                22.9     94.84%
                23.0     95.05%
                23.1     95.22%
                23.2     95.39%
                23.3     95.53%
                23.4     95.68%
                23.5     95.82%
                23.6     95.93%
                23.7     96.06%
                23.8     96.18%
                23.9     96.30%
                24.0     96.41%
                24.1     96.50%
                24.2     96.60%
                24.3     96.69%
                24.4     96.78%
                24.5     96.87%
                24.6     96.96%
                24.7     97.05%
                24.8     97.13%
                24.9     97.22%
                25.0     97.31%
                25.1     97.38%
                25.2     97.46%
                25.3     97.53%
                25.4     97.61%
                25.5     97.68%
                25.6     97.75%
                25.7     97.83%
                25.8     97.90%
                25.9     97.98%
                26.0     98.06%
                26.1     98.14%
                26.2     98.22%
                26.3     98.30%
                26.4     98.38%
                26.5     98.45%
                26.6     98.52%
                26.7     98.60%
                26.8     98.66%
                26.9     98.72%
                27.0     98.77%
                27.1     98.83%
                27.2     98.88%
                27.3     98.93%
                27.4     98.97%
                27.5     99.01%
                27.6     99.05%
                27.7     99.09%
                27.8     99.12%
                27.9     99.16%
                28.0     99.20%
                28.1     99.22%
                28.2     99.26%
                28.3     99.29%
                28.4     99.31%
                28.5     99.34%
                28.6     99.36%
                28.7     99.38%
                28.8     99.40%
                28.9     99.42%
                29.0     99.44%
                29.1     99.46%
                29.2     99.48%
                29.3     99.50%
                29.4     99.52%
                29.5     99.53%
                29.6     99.55%
                29.7     99.57%
                29.8     99.58%
                29.9     99.60%
                30.0     99.61%
                30.1     99.63%
                30.2     99.64%
                30.3     99.65%
                30.4     99.66%
                30.5     99.67%
                30.6     99.68%
                30.7     99.69%
                30.8     99.70%
                30.9     99.71%
                31.0     99.72%
                31.1     99.73%
                31.2     99.74%
                31.3     99.75%
                31.4     99.76%
                31.5     99.77%
                31.6     99.77%
                31.7     99.78%
                31.8     99.79%
                31.9     99.79%
                32.0     99.80%
                32.1     99.81%
                32.2     99.81%
                32.3     99.82%
                32.4     99.82%
                32.5     99.82%
                32.6     99.83%
                32.7     99.83%
                32.8     99.84%
                32.9     99.84%
                33.0     99.84%
                33.1     99.84%
                33.2     99.85%
                33.3     99.85%
                33.4     99.85%
                33.5     99.85%
                33.6     99.86%
                33.7     99.86%
                33.8     99.86%
                33.9     99.86%
                34.0     99.86%
                34.1     99.87%
                34.2     99.87%
                34.3     99.87%
                34.4     99.87%
                34.5     99.87%
                34.6     99.88%
                34.7     99.88%
                34.8     99.88%
                34.9     99.88%
                35.0     99.88%
                35.1     99.88%
                35.2     99.89%
                35.3     99.89%
                35.4     99.89%
                35.5     99.89%
                35.6     99.89%
                35.7     99.89%
                35.8     99.90%
                35.9     99.90%
                36.0     99.90%
                36.1     99.90%
                36.2     99.90%
                36.3     99.90%
                36.4     99.90%
                36.5     99.90%
                36.6     99.90%
                36.7     99.91%
                36.8     99.91%
                36.9     99.91%
                37.0     99.91%
                37.1     99.91%
                37.2     99.91%
                37.3     99.91%
                37.4     99.91%
                37.5     99.91%
                37.6     99.91%
                37.7     99.92%
                37.8     99.92%
                37.9     99.92%
                38.0     99.92%
                38.1     99.92%
                38.2     99.92%
                38.3     99.92%
                38.4     99.92%
                38.5     99.92%
                38.6     99.93%
                38.7     99.93%
                38.8     99.93%
                38.9     99.93%
                39.0     99.93%
                39.1     99.93%
                39.2     99.93%
                39.3     99.93%
                39.4     99.93%
                39.5     99.93%
                39.6     99.94%
                39.7     99.94%
                39.8     99.94%
                39.9     99.94%
                40.0     99.94%
                40.1     99.94%
                40.2     99.94%
                40.3     99.94%
                40.4     99.94%
                40.5     99.95%
                40.6     99.95%
                40.7     99.95%
                40.8     99.96%
                40.9     99.96%
                41.0     99.96%
                41.1     99.96%
                41.2     99.96%
                41.3     99.96%
                41.4     99.96%
                41.5     99.96%
                41.6     99.97%
                41.7     99.97%
                41.8     99.97%
                41.9     99.97%
                42.0     99.97%
                42.1     99.97%
                42.2     99.97%
                42.3     99.97%
                42.4     99.97%
                42.5     99.97%
                42.6     99.97%
                42.7     99.97%
                42.8     99.97%
                42.9     99.97%
                43.0     99.97%
                43.1     99.97%
                43.2     99.97%
                43.3     99.97%
                43.4     99.97%
                43.5     99.97%
                43.6     99.97%
                43.7     99.97%
                43.8     99.97%
                43.9     99.97%
                44.0     99.97%
                44.1     99.97%
                44.2     99.97%
                44.3     99.97%
                44.4     99.97%
                44.5     99.97%
                44.6     99.97%
                44.7     99.97%
                44.8     99.97%
                44.9     99.97%
                45.0     99.97%
                45.1     99.97%
                45.2     99.97%
                45.3     99.97%
                45.4     99.97%
                45.5     99.97%
                45.6     99.98%
                45.7     99.98%
                45.8     99.98%
                45.9     99.98%
                46.0     99.98%
                46.1     99.98%
                46.2     99.98%
                46.3     99.98%
                46.4     99.98%
                46.5     99.98%
                46.6     99.98%
                46.7     99.98%
                46.8     99.98%
                46.9     99.98%
                47.0     99.98%
                47.1     99.99%
                47.2     99.99%
                47.3     99.99%
                47.4     99.99%
                47.5     99.99%
                47.6     99.99%
                47.7     99.99%
                47.8     99.99%
                47.9     99.99%
                48.0     99.99%
                48.1     99.99%
                48.2    100.00%
                48.3    100.00%
                48.4    100.00%
                48.5    100.00%
                48.6    100.00%
                48.7    100.00%
                48.8    100.00%
                48.9    100.00%
                49.0    100.00%
                49.1    100.00%
                49.2    100.00%
                49.3    100.00%
                49.4    100.00%
                49.5    100.00%
                49.6    100.00%
                49.7    100.00%
                49.8    100.00%
                49.9    100.00%
                50.0    100.00%
                50.1    100.00%
                50.2    100.00%
                50.3    100.00%
                50.4    100.00%
                50.5    100.00%
                50.6    100.00%
                50.7    100.00%
                50.8    100.00%
                50.9    100.00%
                51.0    100.00%
                51.1    100.00%
                51.2    100.00%
                51.3    100.00%
                51.4    100.00%
                51.5    100.00%
                51.6    100.00%
                51.7    100.00%
                51.8    100.00%
                51.9    100.00%
                52.0    100.00%
                52.1    100.00%
                52.2    100.00%
                52.3    100.00%
                52.4    100.00%
                52.5    100.00%
                52.6    100.00%
                52.7    100.00%
                52.8    100.00%
                52.9    100.00%
                53.0    100.00%
                53.1    100.00%
                53.2    100.00%
                53.3    100.00%
                53.4    100.00%
                53.5    100.00%
                53.6    100.00%
                53.7    100.00%
                53.8    100.00%
                53.9    100.00%
                54.0    100.00%
                54.1    100.00%
                54.2    100.00%
                54.3    100.00%
                54.4    100.00%
                54.5    100.00%
                54.6    100.00%
                54.7    100.00%
                54.8    100.00%
                54.9    100.00%
                55.0    100.00%
                55.1    100.00%
                55.2    100.00%
                55.3    100.00%
                55.4    100.00%
                55.5    100.00%
                55.6    100.00%
                55.7    100.00%
                55.8    100.00%
                55.9    100.00%
                56.0    100.00%
                56.1    100.00%
                56.2    100.00%
                56.3    100.00%
                56.4    100.00%
                56.5    100.00%
                56.6    100.00%
                56.7    100.00%
                56.8    100.00%
                56.9    100.00%
                57.0    100.00%
                57.1    100.00%
                57.2    100.00%
                57.3    100.00%
                57.4    100.00%
                57.5    100.00%
                57.6    100.00%
                57.7    100.00%
                57.8    100.00%
                57.9    100.00%
                58.0    100.00%
                58.1    100.00%
                58.2    100.00%
                58.3    100.00%
                58.4    100.00%
                58.5    100.00%
                58.6    100.00%
                58.7    100.00%
                58.8    100.00%
                58.9    100.00%
                59.0    100.00%
                59.1    100.00%
                59.2    100.00%
                59.3    100.00%
                59.4    100.00%
                59.5    100.00%
                59.6    100.00%
                59.7    100.00%
                59.8    100.00%
                59.9    100.00%
                60.0    100.00%
                60.1    100.00%
                60.2    100.00%
                60.3    100.00%
                60.4    100.00%
                60.5    100.00%
                60.6    100.00%
                60.7    100.00%
                60.8    100.00%
                60.9    100.00%
                61.0    100.00%
                61.1    100.00%
                61.2    100.00%
                61.3    100.00%
                61.4    100.00%
                61.5    100.00%
                61.6    100.00%
                61.7    100.00%
                61.8    100.00%
                61.9    100.00%
                62.0    100.00%
                62.1    100.00%
                62.2    100.00%
                62.3    100.00%
                62.4    100.00%
                62.5    100.00%
                62.6    100.00%
                62.7    100.00%
                62.8    100.00%
                62.9    100.00%
                63.0    100.00%
                63.1    100.00%
                63.2    100.00%
                63.3    100.00%
                63.4    100.00%
                63.5    100.00%
                63.6    100.00%
                63.7    100.00%
                63.8    100.00%
                63.9    100.00%
                64.0    100.00%
                64.1    100.00%
                64.2    100.00%
                64.3    100.00%
                64.4    100.00%
                64.5    100.00%
                64.6    100.00%
                64.7    100.00%
                64.8    100.00%
                64.9    100.00%
                65.0    100.00%
                65.1    100.00%
                65.2    100.00%
                65.3    100.00%
                65.4    100.00%
                65.5    100.00%
                65.6    100.00%
                65.7    100.00%
                65.8    100.00%
                65.9    100.00%
                66.0    100.00%
                66.1    100.00%
                66.2    100.00%
                66.3    100.00%
                66.4    100.00%
                66.5    100.00%
                66.6    100.00%
                66.7    100.00%
                66.8    100.00%
                66.9    100.00%
                67.0    100.00%
                67.1    100.00%
                67.2    100.00%
                67.3    100.00%
                67.4    100.00%
                67.5    100.00%
                67.6    100.00%
                67.7    100.00%
                67.8    100.00%
                67.9    100.00%
                68.0    100.00%
                68.1    100.00%
                68.2    100.00%
                68.3    100.00%
                68.4    100.00%
                68.5    100.00%
                68.6    100.00%
                68.7    100.00%
                68.8    100.00%
                68.9    100.00%
                69.0    100.00%
                69.1    100.00%
                69.2    100.00%
                69.3    100.00%
                69.4    100.00%
                69.5    100.00%
                69.6    100.00%
                69.7    100.00%
                69.8    100.00%
                69.9    100.00%
                70.0    100.00%
                70.1    100.00%
                70.2    100.00%
                70.3    100.00%
                70.4    100.00%
                70.5    100.00%
                70.6    100.00%
                70.7    100.00%
                70.8    100.00%
                70.9    100.00%
                71.0    100.00%
                71.1    100.00%
                71.2    100.00%
                71.3    100.00%
                71.4    100.00%
                71.5    100.00%
                71.6    100.00%
                71.7    100.00%
                71.8    100.00%
                71.9    100.00%
                72.0    100.00%
                72.1    100.00%
                72.2    100.00%
                72.3    100.00%
                72.4    100.00%
                72.5    100.00%
                72.6    100.00%
                72.7    100.00%
                72.8    100.00%
                72.9    100.00%
                73.0    100.00%
                73.1    100.00%
                73.2    100.00%
                73.3    100.00%
                73.4    100.00%
                73.5    100.00%
                73.6    100.00%
                73.7    100.00%
                73.8    100.00%
                73.9    100.00%
                74.0    100.00%
                74.1    100.00%
                74.2    100.00%
                74.3    100.00%
                74.4    100.00%
                74.5    100.00%
                74.6    100.00%
                74.7    100.00%
                74.8    100.00%
                74.9    100.00%
                75.0    100.00%
                75.1    100.00%
                75.2    100.00%
                75.3    100.00%
                75.4    100.00%
                75.5    100.00%
                75.6    100.00%
                75.7    100.00%
                75.8    100.00%
                75.9    100.00%
                76.0    100.00%
                76.1    100.00%
                76.2    100.00%
                76.3    100.00%
                76.4    100.00%
                76.5    100.00%
                76.6    100.00%
                76.7    100.00%
                76.8    100.00%
                76.9    100.00%
                77.0    100.00%
                77.1    100.00%
                77.2    100.00%
                77.3    100.00%
                77.4    100.00%
                77.5    100.00%
                77.6    100.00%
                77.7    100.00%
                77.8    100.00%
                77.9    100.00%
                78.0    100.00%
                78.1    100.00%
                78.2    100.00%
                78.3    100.00%
                78.4    100.00%
                78.5    100.00%
                78.6    100.00%
                78.7    100.00%
                78.8    100.00%
                78.9    100.00%
                79.0    100.00%
                79.1    100.00%
                79.2    100.00%
                79.3    100.00%
                79.4    100.00%
                79.5    100.00%
                79.6    100.00%
                79.7    100.00%
                79.8    100.00%
                79.9    100.00%
                80.0    100.00%
                80.1    100.00%
                80.2    100.00%
                80.3    100.00%
                80.4    100.00%
                80.5    100.00%
                80.6    100.00%
                80.7    100.00%
                80.8    100.00%
                80.9    100.00%
                81.0    100.00%
                81.1    100.00%
                81.2    100.00%
                81.3    100.00%
                81.4    100.00%
                81.5    100.00%
                81.6    100.00%
                81.7    100.00%
                81.8    100.00%
                81.9    100.00%
                82.0    100.00%
                82.1    100.00%
                82.2    100.00%
                82.3    100.00%
                82.4    100.00%
                82.5    100.00%
                82.6    100.00%
                82.7    100.00%
                82.8    100.00%
                82.9    100.00%
                83.0    100.00%
                83.1    100.00%
                83.2    100.00%
                83.3    100.00%
                83.4    100.00%
                83.5    100.00%
                83.6    100.00%
                83.7    100.00%
                83.8    100.00%
                83.9    100.00%
                84.0    100.00%
                84.1    100.00%
                84.2    100.00%
                84.3    100.00%
                84.4    100.00%
                84.5    100.00%
                84.6    100.00%
                84.7    100.00%
                84.8    100.00%
                84.9    100.00%
                85.0    100.00%
                85.1    100.00%
                85.2    100.00%
                85.3    100.00%
                85.4    100.00%
                85.5    100.00%
                85.6    100.00%
                85.7    100.00%
                85.8    100.00%
                85.9    100.00%
                86.0    100.00%
                86.1    100.00%
                86.2    100.00%
                86.3    100.00%
                86.4    100.00%
                86.5    100.00%
                86.6    100.00%
                86.7    100.00%
                86.8    100.00%
                86.9    100.00%
                87.0    100.00%
                87.1    100.00%
                87.2    100.00%
                87.3    100.00%
                87.4    100.00%
                87.5    100.00%
                87.6    100.00%
                87.7    100.00%
                87.8    100.00%
                87.9    100.00%
                88.0    100.00%
                88.1    100.00%
                88.2    100.00%
                88.3    100.00%
                88.4    100.00%
                88.5    100.00%
                88.6    100.00%
                88.7    100.00%
                88.8    100.00%
                88.9    100.00%
                89.0    100.00%
                89.1    100.00%
                89.2    100.00%
                89.3    100.00%
                89.4    100.00%
                89.5    100.00%
                89.6    100.00%
                89.7    100.00%
                89.8    100.00%
                89.9    100.00%
                90.0    100.00%
                90.1    100.00%
                90.2    100.00%
                90.3    100.00%
                90.4    100.00%
                90.5    100.00%
                90.6    100.00%
                90.7    100.00%
                90.8    100.00%
                90.9    100.00%
                91.0    100.00%
                91.1    100.00%
                91.2    100.00%
                91.3    100.00%
                91.4    100.00%
                91.5    100.00%
                91.6    100.00%
                91.7    100.00%
                91.8    100.00%
                91.9    100.00%
                92.0    100.00%
                92.1    100.00%
                92.2    100.00%
                92.3    100.00%
                92.4    100.00%
                92.5    100.00%
                92.6    100.00%
                92.7    100.00%
                92.8    100.00%
                92.9    100.00%
                93.0    100.00%
                93.1    100.00%
                93.2    100.00%
                93.3    100.00%
                93.4    100.00%
                93.5    100.00%
                93.6    100.00%
                93.7    100.00%
                93.8    100.00%
                93.9    100.00%
                94.0    100.00%
                94.1    100.00%
                94.2    100.00%
                94.3    100.00%
                94.4    100.00%
                94.5    100.00%
                94.6    100.00%
                94.7    100.00%
                94.8    100.00%
                94.9    100.00%
                95.0    100.00%
                95.1    100.00%
                95.2    100.00%
                95.3    100.00%
                95.4    100.00%
                95.5    100.00%
                95.6    100.00%
                95.7    100.00%
                95.8    100.00%
                95.9    100.00%
                96.0    100.00%
                96.1    100.00%
                96.2    100.00%
                96.3    100.00%
                96.4    100.00%
                96.5    100.00%
                96.6    100.00%
                96.7    100.00%
                96.8    100.00%
                96.9    100.00%
                97.0    100.00%
                97.1    100.00%
                97.2    100.00%
                97.3    100.00%
                97.4    100.00%
                97.5    100.00%
                97.6    100.00%
                97.7    100.00%
                97.8    100.00%
                97.9    100.00%
                98.0    100.00%
                98.1    100.00%
                98.2    100.00%
                98.3    100.00%
                98.4    100.00%
                98.5    100.00%
                98.6    100.00%
                98.7    100.00%
                98.8    100.00%
                98.9    100.00%
                99.0    100.00%
                99.1    100.00%
                99.2    100.00%
                99.3    100.00%
                99.4    100.00%
                99.5    100.00%
                99.6    100.00%
                99.7    100.00%
                99.8    100.00%
                99.9    100.00%
               100.0    100.00%
               100.1    100.00%
               100.2    100.00%
               100.3    100.00%
               100.4    100.00%
               100.5    100.00%
               100.6    100.00%
               100.7    100.00%
               100.8    100.00%
               100.9    100.00%
               101.0    100.00%
               101.1    100.00%
               101.2    100.00%
               101.3    100.00%
               101.4    100.00%
               101.5    100.00%
               101.6    100.00%
               101.7    100.00%
               101.8    100.00%
               101.9    100.00%
               102.0    100.00%
               102.1    100.00%
               102.2    100.00%
               102.3    100.00%
               102.4    100.00%
               102.5    100.00%
               102.6    100.00%
               102.7    100.00%
               102.8    100.00%
               102.9    100.00%
               103.0    100.00%
               103.1    100.00%
               103.2    100.00%
               103.3    100.00%
               103.4    100.00%
               103.5    100.00%
               103.6    100.00%
               103.7    100.00%
               103.8    100.00%
               103.9    100.00%
               104.0    100.00%
               104.1    100.00%
               104.2    100.00%
               104.3    100.00%
               104.4    100.00%
               104.5    100.00%
               104.6    100.00%
               104.7    100.00%
               104.8    100.00%
               104.9    100.00%
               105.0    100.00%
               105.1    100.00%
               105.2    100.00%
               105.3    100.00%
               105.4    100.00%
               105.5    100.00%
               105.6    100.00%
               105.7    100.00%
               105.8    100.00%
               105.9    100.00%
               106.0    100.00%
               106.1    100.00%
               106.2    100.00%
               106.3    100.00%
               106.4    100.00%
               106.5    100.00%
               106.6    100.00%
               106.7    100.00%
               106.8    100.00%
               106.9    100.00%
               107.0    100.00%
               107.1    100.00%
               107.2    100.00%
               107.3    100.00%
               107.4    100.00%
               107.5    100.00%
               107.6    100.00%
               107.7    100.00%
               107.8    100.00%
               107.9    100.00%
               108.0    100.00%
               108.1    100.00%
               108.2    100.00%
               108.3    100.00%
               108.4    100.00%
               108.5    100.00%
               108.6    100.00%
               108.7    100.00%
               108.8    100.00%
               108.9    100.00%
               109.0    100.00%
               109.1    100.00%
               109.2    100.00%
               109.3    100.00%
               109.4    100.00%
               109.5    100.00%
               109.6    100.00%
               109.7    100.00%
               109.8    100.00%
               109.9    100.00%
               110.0    100.00%
               110.1    100.00%
               110.2    100.00%
               110.3    100.00%
               110.4    100.00%
               110.5    100.00%
               110.6    100.00%
               110.7    100.00%
               110.8    100.00%
               110.9    100.00%
               111.0    100.00%
               111.1    100.00%
               111.2    100.00%
               111.3    100.00%
               111.4    100.00%
               111.5    100.00%
               111.6    100.00%
               111.7    100.00%
               111.8    100.00%
               111.9    100.00%
               112.0    100.00%
               112.1    100.00%
               112.2    100.00%
               112.3    100.00%
               112.4    100.00%
               112.5    100.00%
               112.6    100.00%
               112.7    100.00%
               112.8    100.00%
               112.9    100.00%
               113.0    100.00%
               113.1    100.00%
               113.2    100.00%
               113.3    100.00%
               113.4    100.00%
               113.5    100.00%
               113.6    100.00%
               113.7    100.00%
               113.8    100.00%
               113.9    100.00%
               114.0    100.00%
               114.1    100.00%
               114.2    100.00%
               114.3    100.00%
               114.4    100.00%
               114.5    100.00%
               114.6    100.00%
               114.7    100.00%
               114.8    100.00%
               114.9    100.00%
               115.0    100.00%
               115.1    100.00%
               115.2    100.00%
               115.3    100.00%
               115.4    100.00%
               115.5    100.00%
               115.6    100.00%
               115.7    100.00%
               115.8    100.00%
               115.9    100.00%
               116.0    100.00%
               116.1    100.00%
               116.2    100.00%
               116.3    100.00%
               116.4    100.00%
               116.5    100.00%
               116.6    100.00%
               116.7    100.00%
               116.8    100.00%
               116.9    100.00%
               117.0    100.00%
               117.1    100.00%
               117.2    100.00%
               117.3    100.00%
               117.4    100.00%
               117.5    100.00%
               117.6    100.00%
               117.7    100.00%
               117.8    100.00%
               117.9    100.00%
               118.0    100.00%
               118.1    100.00%
               118.2    100.00%
               118.3    100.00%
               118.4    100.00%
               118.5    100.00%
               118.6    100.00%
               118.7    100.00%
               118.8    100.00%
               118.9    100.00%
               119.0    100.00%
               119.1    100.00%
               119.2    100.00%
               119.3    100.00%
               119.4    100.00%
               119.5    100.00%
               119.6    100.00%
               119.7    100.00%
               119.8    100.00%
               119.9    100.00%
               120.0    100.00%
               120.1    100.00%
               120.2    100.00%
               120.3    100.00%
               120.4    100.00%
               120.5    100.00%
               120.6    100.00%
               120.7    100.00%
               120.8    100.00%
               120.9    100.00%
               121.0    100.00%
               121.1    100.00%
               121.2    100.00%
               121.3    100.00%
               121.4    100.00%
               121.5    100.00%
               121.6    100.00%
               121.7    100.00%
               121.8    100.00%
               121.9    100.00%
               122.0    100.00%
               122.1    100.00%
               122.2    100.00%
               122.3    100.00%
               122.4    100.00%
               122.5    100.00%
               122.6    100.00%
               122.7    100.00%
               122.8    100.00%
               122.9    100.00%
               123.0    100.00%
               123.1    100.00%
               123.2    100.00%
               123.3    100.00%
               123.4    100.00%
               123.5    100.00%
               123.6    100.00%
               123.7    100.00%
               123.8    100.00%
               123.9    100.00%
               124.0    100.00%
               124.1    100.00%
               124.2    100.00%
               124.3    100.00%
               124.4    100.00%
               124.5    100.00%
               124.6    100.00%
               124.7    100.00%
               124.8    100.00%
               124.9    100.00%
               125.0    100.00%
               125.1    100.00%
               125.2    100.00%
               125.3    100.00%
               125.4    100.00%
               125.5    100.00%
               125.6    100.00%
               125.7    100.00%
               125.8    100.00%
               125.9    100.00%
               126.0    100.00%
               126.1    100.00%
               126.2    100.00%
               126.3    100.00%
               126.4    100.00%
               126.5    100.00%
               126.6    100.00%
               126.7    100.00%
               126.8    100.00%
               126.9    100.00%
               127.0    100.00%
               127.1    100.00%
               127.2    100.00%
               127.3    100.00%
               127.4    100.00%
               127.5    100.00%
               127.6    100.00%
               127.7    100.00%
               127.8    100.00%
               127.9    100.00%
               128.0    100.00%
               128.1    100.00%
               128.2    100.00%
               128.3    100.00%
               128.4    100.00%
               128.5    100.00%
               128.6    100.00%
               128.7    100.00%
               128.8    100.00%
               128.9    100.00%
               129.0    100.00%
               129.1    100.00%
               129.2    100.00%
               129.3    100.00%
               129.4    100.00%
               129.5    100.00%
               129.6    100.00%
               129.7    100.00%
               129.8    100.00%
               129.9    100.00%
               130.0    100.00%
               130.1    100.00%
               130.2    100.00%
               130.3    100.00%
               130.4    100.00%
               130.5    100.00%
               130.6    100.00%
               130.7    100.00%
               130.8    100.00%
               130.9    100.00%
               131.0    100.00%
               131.1    100.00%
               131.2    100.00%
               131.3    100.00%
               131.4    100.00%
               131.5    100.00%
               131.6    100.00%
               131.7    100.00%
               131.8    100.00%
               131.9    100.00%
               132.0    100.00%
               132.1    100.00%
               132.2    100.00%
               132.3    100.00%
               132.4    100.00%
               132.5    100.00%
               132.6    100.00%
               132.7    100.00%
               132.8    100.00%
               132.9    100.00%
               133.0    100.00%
               133.1    100.00%
               133.2    100.00%
               133.3    100.00%
               133.4    100.00%
               133.5    100.00%
               133.6    100.00%
               133.7    100.00%
               133.8    100.00%
               133.9    100.00%
               134.0    100.00%
               134.1    100.00%
               134.2    100.00%
               134.3    100.00%
               134.4    100.00%
               134.5    100.00%
               134.6    100.00%
               134.7    100.00%
               134.8    100.00%
               134.9    100.00%
               135.0    100.00%
               135.1    100.00%
               135.2    100.00%
               135.3    100.00%
               135.4    100.00%
               135.5    100.00%
               135.6    100.00%
               135.7    100.00%
               135.8    100.00%
               135.9    100.00%
               136.0    100.00%
               136.1    100.00%
               136.2    100.00%
               136.3    100.00%
               136.4    100.00%
               136.5    100.00%
               136.6    100.00%
               136.7    100.00%
               136.8    100.00%
               136.9    100.00%
               137.0    100.00%
               137.1    100.00%
               137.2    100.00%
               137.3    100.00%
               137.4    100.00%
               137.5    100.00%
               137.6    100.00%
               137.7    100.00%
               137.8    100.00%
               137.9    100.00%
               138.0    100.00%
               138.1    100.00%
               138.2    100.00%
               138.3    100.00%
               138.4    100.00%
               138.5    100.00%
               138.6    100.00%
               138.7    100.00%
               138.8    100.00%
               138.9    100.00%
               139.0    100.00%
               139.1    100.00%
               139.2    100.00%
               139.3    100.00%
               139.4    100.00%
               139.5    100.00%
               139.6    100.00%
               139.7    100.00%
               139.8    100.00%
               139.9    100.00%
               140.0    100.00%
               140.1    100.00%
               140.2    100.00%
               140.3    100.00%
               140.4    100.00%
               140.5    100.00%
               140.6    100.00%
               140.7    100.00%
               140.8    100.00%
               140.9    100.00%
               141.0    100.00%
               141.1    100.00%
               141.2    100.00%
               141.3    100.00%
               141.4    100.00%
               141.5    100.00%
               141.6    100.00%
               141.7    100.00%
               141.8    100.00%
               141.9    100.00%
               142.0    100.00%
               142.1    100.00%
               142.2    100.00%
               142.3    100.00%
               142.4    100.00%
               142.5    100.00%
               142.6    100.00%
               142.7    100.00%
               142.8    100.00%
               142.9    100.00%
               143.0    100.00%
               143.1    100.00%
               143.2    100.00%
               143.3    100.00%
               143.4    100.00%
               143.5    100.00%
               143.6    100.00%
               143.7    100.00%
               143.8    100.00%
               143.9    100.00%
               144.0    100.00%
               144.1    100.00%
               144.2    100.00%
               144.3    100.00%
               144.4    100.00%
               144.5    100.00%
               144.6    100.00%
               144.7    100.00%
               144.8    100.00%
               144.9    100.00%
               145.0    100.00%
               145.1    100.00%
               145.2    100.00%
               145.3    100.00%
               145.4    100.00%
               145.5    100.00%
               145.6    100.00%
               145.7    100.00%
               145.8    100.00%
               145.9    100.00%
               146.0    100.00%
               146.1    100.00%
               146.2    100.00%
               146.3    100.00%
               146.4    100.00%
               146.5    100.00%
               146.6    100.00%
               146.7    100.00%
               146.8    100.00%
               146.9    100.00%
               147.0    100.00%
               147.1    100.00%
               147.2    100.00%
               147.3    100.00%
               147.4    100.00%
               147.5    100.00%
               147.6    100.00%
               147.7    100.00%
               147.8    100.00%
               147.9    100.00%
               148.0    100.00%
               148.1    100.00%
               148.2    100.00%
               148.3    100.00%
               148.4    100.00%
               148.5    100.00%
               148.6    100.00%
               148.7    100.00%
               148.8    100.00%
               148.9    100.00%
               149.0    100.00%
               149.1    100.00%
               149.2    100.00%
               149.3    100.00%
               149.4    100.00%
               149.5    100.00%
               149.6    100.00%
               149.7    100.00%
               149.8    100.00%
               149.9    100.00%
               150.0    100.00%
               150.1    100.00%
               150.2    100.00%
               150.3    100.00%
               150.4    100.00%
               150.5    100.00%
               150.6    100.00%
               150.7    100.00%
               150.8    100.00%
               150.9    100.00%
               151.0    100.00%
               151.1    100.00%
               151.2    100.00%
               151.3    100.00%
               151.4    100.00%
               151.5    100.00%
               151.6    100.00%
               151.7    100.00%
               151.8    100.00%
               151.9    100.00%
               152.0    100.00%
               152.1    100.00%
               152.2    100.00%
               152.3    100.00%
               152.4    100.00%
               152.5    100.00%
               152.6    100.00%
               152.7    100.00%
               152.8    100.00%
               152.9    100.00%
               153.0    100.00%
               153.1    100.00%
               153.2    100.00%
               153.3    100.00%
               153.4    100.00%
               153.5    100.00%
               153.6    100.00%
               153.7    100.00%
               153.8    100.00%
               153.9    100.00%
               154.0    100.00%
               154.1    100.00%
               154.2    100.00%
               154.3    100.00%
               154.4    100.00%
               154.5    100.00%
               154.6    100.00%
               154.7    100.00%
               154.8    100.00%
               154.9    100.00%
               155.0    100.00%
               155.1    100.00%
               155.2    100.00%
               155.3    100.00%
               155.4    100.00%
               155.5    100.00%
               155.6    100.00%
               155.7    100.00%
               155.8    100.00%
               155.9    100.00%
               156.0    100.00%
               156.1    100.00%
               156.2    100.00%
               156.3    100.00%
               156.4    100.00%
               156.5    100.00%
               156.6    100.00%
               156.7    100.00%
               156.8    100.00%
               156.9    100.00%
               157.0    100.00%
               157.1    100.00%
               157.2    100.00%
               157.3    100.00%
               157.4    100.00%
               157.5    100.00%
               157.6    100.00%
               157.7    100.00%
               157.8    100.00%
               157.9    100.00%
               158.0    100.00%
               158.1    100.00%
               158.2    100.00%
               158.3    100.00%
               158.4    100.00%
               158.5    100.00%
               158.6    100.00%
               158.7    100.00%
               158.8    100.00%
               158.9    100.00%
               159.0    100.00%
               159.1    100.00%
               159.2    100.00%
               159.3    100.00%
               159.4    100.00%
               159.5    100.00%
               159.6    100.00%
               159.7    100.00%
               159.8    100.00%
               159.9    100.00%
               160.0    100.00%
               160.1    100.00%
               160.2    100.00%
               160.3    100.00%
               160.4    100.00%
               160.5    100.00%
               160.6    100.00%
               160.7    100.00%
               160.8    100.00%
               160.9    100.00%
               161.0    100.00%
               161.1    100.00%
               161.2    100.00%
               161.3    100.00%
               161.4    100.00%
               161.5    100.00%
               161.6    100.00%
               161.7    100.00%
               161.8    100.00%
               161.9    100.00%
               162.0    100.00%
               162.1    100.00%
               162.2    100.00%
               162.3    100.00%
               162.4    100.00%
               162.5    100.00%
               162.6    100.00%
               162.7    100.00%
               162.8    100.00%
               162.9    100.00%
               163.0    100.00%
               163.1    100.00%
               163.2    100.00%
               163.3    100.00%
               163.4    100.00%
               163.5    100.00%
               163.6    100.00%
               163.7    100.00%
               163.8    100.00%
               163.9    100.00%
               164.0    100.00%
               164.1    100.00%
               164.2    100.00%
               164.3    100.00%
               164.4    100.00%
               164.5    100.00%
               164.6    100.00%
               164.7    100.00%
               164.8    100.00%
               164.9    100.00%
               165.0    100.00%
               165.1    100.00%
               165.2    100.00%
               165.3    100.00%
               165.4    100.00%
               165.5    100.00%
               165.6    100.00%
               165.7    100.00%
               165.8    100.00%
               165.9    100.00%
               166.0    100.00%
               166.1    100.00%
               166.2    100.00%
               166.3    100.00%
               166.4    100.00%
               166.5    100.00%
               166.6    100.00%
               166.7    100.00%
               166.8    100.00%
               166.9    100.00%
               167.0    100.00%
               167.1    100.00%
               167.2    100.00%
               167.3    100.00%
               167.4    100.00%
               167.5    100.00%
               167.6    100.00%
               167.7    100.00%
               167.8    100.00%
               167.9    100.00%
               168.0    100.00%
               168.1    100.00%
               168.2    100.00%
               168.3    100.00%
               168.4    100.00%
               168.5    100.00%
               168.6    100.00%
               168.7    100.00%
               168.8    100.00%
               168.9    100.00%
               169.0    100.00%
               169.1    100.00%
               169.2    100.00%
               169.3    100.00%
               169.4    100.00%
               169.5    100.00%
               169.6    100.00%
               169.7    100.00%
               169.8    100.00%
               169.9    100.00%
               170.0    100.00%
               170.1    100.00%
               170.2    100.00%
               170.3    100.00%
               170.4    100.00%
               170.5    100.00%
               170.6    100.00%
               170.7    100.00%
               170.8    100.00%
               170.9    100.00%
               171.0    100.00%
               171.1    100.00%
               171.2    100.00%
               171.3    100.00%
               171.4    100.00%
               171.5    100.00%
               171.6    100.00%
               171.7    100.00%
               171.8    100.00%
               171.9    100.00%
               172.0    100.00%
               172.1    100.00%
               172.2    100.00%
               172.3    100.00%
               172.4    100.00%
               172.5    100.00%
               172.6    100.00%
               172.7    100.00%
               172.8    100.00%
               172.9    100.00%
               173.0    100.00%
               173.1    100.00%
               173.2    100.00%
               173.3    100.00%
               173.4    100.00%
               173.5    100.00%
               173.6    100.00%
               173.7    100.00%
               173.8    100.00%
               173.9    100.00%
               174.0    100.00%
               174.1    100.00%
               174.2    100.00%
               174.3    100.00%
               174.4    100.00%
               174.5    100.00%
               174.6    100.00%
               174.7    100.00%
               174.8    100.00%
               174.9    100.00%
               175.0    100.00%
               175.1    100.00%
               175.2    100.00%
               175.3    100.00%
               175.4    100.00%
               175.5    100.00%
               175.6    100.00%
               175.7    100.00%
               175.8    100.00%
               175.9    100.00%
               176.0    100.00%
               176.1    100.00%
               176.2    100.00%
               176.3    100.00%
               176.4    100.00%
               176.5    100.00%
               176.6    100.00%
               176.7    100.00%
               176.8    100.00%
               176.9    100.00%
               177.0    100.00%
               177.1    100.00%
               177.2    100.00%
               177.3    100.00%
               177.4    100.00%
               177.5    100.00%
               177.6    100.00%
               177.7    100.00%
               177.8    100.00%
               177.9    100.00%
               178.0    100.00%
               178.1    100.00%
               178.2    100.00%
               178.3    100.00%
               178.4    100.00%
               178.5    100.00%
               178.6    100.00%
               178.7    100.00%
               178.8    100.00%
               178.9    100.00%
               179.0    100.00%
               179.1    100.00%
               179.2    100.00%
               179.3    100.00%
               179.4    100.00%
               179.5    100.00%
               179.6    100.00%
               179.7    100.00%
               179.8    100.00%
               179.9    100.00%
               180.0    100.00%
               180.1    100.00%
               180.2    100.00%
               180.3    100.00%
               180.4    100.00%
               180.5    100.00%
               180.6    100.00%
               180.7    100.00%
               180.8    100.00%
               180.9    100.00%
               181.0    100.00%
               181.1    100.00%
               181.2    100.00%
               181.3    100.00%
               181.4    100.00%
               181.5    100.00%
               181.6    100.00%
               181.7    100.00%
               181.8    100.00%
               181.9    100.00%
               182.0    100.00%
               182.1    100.00%
               182.2    100.00%
               182.3    100.00%
               182.4    100.00%
               182.5    100.00%
               182.6    100.00%
               182.7    100.00%
               182.8    100.00%
               182.9    100.00%
               183.0    100.00%
               183.1    100.00%
               183.2    100.00%
               183.3    100.00%
               183.4    100.00%
               183.5    100.00%
               183.6    100.00%
               183.7    100.00%
               183.8    100.00%
               183.9    100.00%
               184.0    100.00%
               184.1    100.00%
               184.2    100.00%
               184.3    100.00%
               184.4    100.00%
               184.5    100.00%
               184.6    100.00%
               184.7    100.00%
               184.8    100.00%
               184.9    100.00%
               185.0    100.00%
               185.1    100.00%
               185.2    100.00%
               185.3    100.00%
               185.4    100.00%
               185.5    100.00%
               185.6    100.00%
               185.7    100.00%
               185.8    100.00%
               185.9    100.00%
               186.0    100.00%
               186.1    100.00%
               186.2    100.00%
               186.3    100.00%
               186.4    100.00%
               186.5    100.00%
               186.6    100.00%
               186.7    100.00%
               186.8    100.00%
               186.9    100.00%
               187.0    100.00%
               187.1    100.00%
               187.2    100.00%
               187.3    100.00%
               187.4    100.00%
               187.5    100.00%
               187.6    100.00%
               187.7    100.00%
               187.8    100.00%
               187.9    100.00%
               188.0    100.00%
               188.1    100.00%
               188.2    100.00%
               188.3    100.00%
               188.4    100.00%
               188.5    100.00%
               188.6    100.00%
               188.7    100.00%
               188.8    100.00%
               188.9    100.00%
               189.0    100.00%
               189.1    100.00%
               189.2    100.00%
               189.3    100.00%
               189.4    100.00%
               189.5    100.00%
               189.6    100.00%
               189.7    100.00%
               189.8    100.00%
               189.9    100.00%
               190.0    100.00%
               190.1    100.00%
               190.2    100.00%
               190.3    100.00%
               190.4    100.00%
               190.5    100.00%
               190.6    100.00%
               190.7    100.00%
               190.8    100.00%
               190.9    100.00%
               191.0    100.00%
               191.1    100.00%
               191.2    100.00%
               191.3    100.00%
               191.4    100.00%
               191.5    100.00%
               191.6    100.00%
               191.7    100.00%
               191.8    100.00%
               191.9    100.00%
               192.0    100.00%
               192.1    100.00%
               192.2    100.00%
               192.3    100.00%
               192.4    100.00%
               192.5    100.00%
               192.6    100.00%
               192.7    100.00%
               192.8    100.00%
               192.9    100.00%
               193.0    100.00%
               193.1    100.00%
               193.2    100.00%
               193.3    100.00%
               193.4    100.00%
               193.5    100.00%
               193.6    100.00%
               193.7    100.00%
               193.8    100.00%
               193.9    100.00%
               194.0    100.00%
               194.1    100.00%
               194.2    100.00%
               194.3    100.00%
               194.4    100.00%
               194.5    100.00%
               194.6    100.00%
               194.7    100.00%
               194.8    100.00%
               194.9    100.00%
               195.0    100.00%
               195.1    100.00%
               195.2    100.00%
               195.3    100.00%
               195.4    100.00%
               195.5    100.00%
               195.6    100.00%
               195.7    100.00%
               195.8    100.00%
               195.9    100.00%
               196.0    100.00%
               196.1    100.00%
               196.2    100.00%
               196.3    100.00%
               196.4    100.00%
               196.5    100.00%
               196.6    100.00%
               196.7    100.00%
               196.8    100.00%
               196.9    100.00%
               197.0    100.00%
               197.1    100.00%
               197.2    100.00%
               197.3    100.00%
               197.4    100.00%
               197.5    100.00%
               197.6    100.00%
               197.7    100.00%
               197.8    100.00%
               197.9    100.00%
               198.0    100.00%
               198.1    100.00%
               198.2    100.00%
               198.3    100.00%
               198.4    100.00%
               198.5    100.00%
               198.6    100.00%
               198.7    100.00%
               198.8    100.00%
               198.9    100.00%
               199.0    100.00%
               199.1    100.00%
               199.2    100.00%
               199.3    100.00%
               199.4    100.00%
               199.5    100.00%
               199.6    100.00%
               199.7    100.00%
               199.8    100.00%
               199.9    100.00%
               200.0    100.00%
               200.1    100.00%
               200.2    100.00%
               200.3    100.00%
               200.4    100.00%
               200.5    100.00%
               200.6    100.00%
               200.7    100.00%
               200.8    100.00%
               200.9    100.00%
               201.0    100.00%
               201.1    100.00%
               201.2    100.00%
               201.3    100.00%
               201.4    100.00%
               201.5    100.00%
               201.6    100.00%
               201.7    100.00%
               201.8    100.00%
               201.9    100.00%
               202.0    100.00%
               202.1    100.00%
               202.2    100.00%
               202.3    100.00%
               202.4    100.00%
               202.5    100.00%
               202.6    100.00%
               202.7    100.00%
               202.8    100.00%
               202.9    100.00%
               203.0    100.00%
               203.1    100.00%
               203.2    100.00%
               203.3    100.00%
               203.4    100.00%
               203.5    100.00%
               203.6    100.00%
               203.7    100.00%
               203.8    100.00%
               203.9    100.00%
               204.0    100.00%
               204.1    100.00%
               204.2    100.00%
               204.3    100.00%
               204.4    100.00%
               204.5    100.00%
               204.6    100.00%
               204.7    100.00%
               204.8    100.00%
               204.9    100.00%
               205.0    100.00%
               205.1    100.00%
               205.2    100.00%
               205.3    100.00%
               205.4    100.00%
               205.5    100.00%
               205.6    100.00%
               205.7    100.00%
               205.8    100.00%
               205.9    100.00%
               206.0    100.00%
               206.1    100.00%
               206.2    100.00%
               206.3    100.00%
               206.4    100.00%
               206.5    100.00%
               206.6    100.00%
               206.7    100.00%
               206.8    100.00%
               206.9    100.00%
               207.0    100.00%
               207.1    100.00%
               207.2    100.00%
               207.3    100.00%
               207.4    100.00%
               207.5    100.00%
               207.6    100.00%
               207.7    100.00%
               207.8    100.00%
               207.9    100.00%
               208.0    100.00%
               208.1    100.00%
               208.2    100.00%
               208.3    100.00%
               208.4    100.00%
               208.5    100.00%
               208.6    100.00%
               208.7    100.00%
               208.8    100.00%
               208.9    100.00%
               209.0    100.00%
               209.1    100.00%
               209.2    100.00%
               209.3    100.00%
               209.4    100.00%
               209.5    100.00%
               209.6    100.00%
               209.7    100.00%
               209.8    100.00%
               209.9    100.00%
               210.0    100.00%
               210.1    100.00%
               210.2    100.00%
               210.3    100.00%
               210.4    100.00%
               210.5    100.00%
               210.6    100.00%
               210.7    100.00%
               210.8    100.00%
               210.9    100.00%
               211.0    100.00%
               211.1    100.00%
               211.2    100.00%
               211.3    100.00%
               211.4    100.00%
               211.5    100.00%
               211.6    100.00%
               211.7    100.00%
               211.8    100.00%
               211.9    100.00%
               212.0    100.00%
               212.1    100.00%
               212.2    100.00%
               212.3    100.00%
               212.4    100.00%
               212.5    100.00%
               212.6    100.00%
               212.7    100.00%
               212.8    100.00%
               212.9    100.00%
               213.0    100.00%
               213.1    100.00%
               213.2    100.00%
               213.3    100.00%
               213.4    100.00%
               213.5    100.00%
               213.6    100.00%
               213.7    100.00%
               213.8    100.00%
               213.9    100.00%
               214.0    100.00%
               214.1    100.00%
               214.2    100.00%
               214.3    100.00%
               214.4    100.00%
               214.5    100.00%
               214.6    100.00%
               214.7    100.00%
               214.8    100.00%
               214.9    100.00%
               215.0    100.00%
               215.1    100.00%
               215.2    100.00%
               215.3    100.00%
               215.4    100.00%
               215.5    100.00%
               215.6    100.00%
               215.7    100.00%
               215.8    100.00%
               215.9    100.00%
               216.0    100.00%
               216.1    100.00%
               216.2    100.00%
               216.3    100.00%
               216.4    100.00%
               216.5    100.00%
               216.6    100.00%
               216.7    100.00%
               216.8    100.00%
               216.9    100.00%
               217.0    100.00%
               217.1    100.00%
               217.2    100.00%
               217.3    100.00%
               217.4    100.00%
               217.5    100.00%
               217.6    100.00%
               217.7    100.00%
               217.8    100.00%
               217.9    100.00%
               218.0    100.00%
               218.1    100.00%
               218.2    100.00%
               218.3    100.00%
               218.4    100.00%
               218.5    100.00%
               218.6    100.00%
               218.7    100.00%
               218.8    100.00%
               218.9    100.00%
               219.0    100.00%
               219.1    100.00%
               219.2    100.00%
               219.3    100.00%
               219.4    100.00%
               219.5    100.00%
               219.6    100.00%
               219.7    100.00%
               219.8    100.00%
               219.9    100.00%
               220.0    100.00%
               220.1    100.00%
               220.2    100.00%
               220.3    100.00%
               220.4    100.00%
               220.5    100.00%
               220.6    100.00%
               220.7    100.00%
               220.8    100.00%
               220.9    100.00%
               221.0    100.00%
               221.1    100.00%
               221.2    100.00%
               221.3    100.00%
               221.4    100.00%
               221.5    100.00%
               221.6    100.00%
               221.7    100.00%
               221.8    100.00%
               221.9    100.00%
               222.0    100.00%
               222.1    100.00%
               222.2    100.00%
               222.3    100.00%
               222.4    100.00%
               222.5    100.00%
               222.6    100.00%
               222.7    100.00%
               222.8    100.00%
               222.9    100.00%
               223.0    100.00%
               223.1    100.00%
               223.2    100.00%
               223.3    100.00%
               223.4    100.00%
               223.5    100.00%
               223.6    100.00%
               223.7    100.00%
               223.8    100.00%
               223.9    100.00%
               224.0    100.00%
               224.1    100.00%
               224.2    100.00%
               224.3    100.00%
               224.4    100.00%
               224.5    100.00%
               224.6    100.00%
               224.7    100.00%
               224.8    100.00%
               224.9    100.00%
               225.0    100.00%
               225.1    100.00%
               225.2    100.00%
               225.3    100.00%
               225.4    100.00%
               225.5    100.00%
               225.6    100.00%
               225.7    100.00%
               225.8    100.00%
               225.9    100.00%
               226.0    100.00%
               226.1    100.00%
               226.2    100.00%
               226.3    100.00%
               226.4    100.00%
               226.5    100.00%
               226.6    100.00%
               226.7    100.00%
               226.8    100.00%
               226.9    100.00%
               227.0    100.00%
               227.1    100.00%
               227.2    100.00%
               227.3    100.00%
               227.4    100.00%
               227.5    100.00%
               227.6    100.00%
               227.7    100.00%
               227.8    100.00%
               227.9    100.00%
               228.0    100.00%
               228.1    100.00%
               228.2    100.00%
               228.3    100.00%
               228.4    100.00%
               228.5    100.00%
               228.6    100.00%
               228.7    100.00%
               228.8    100.00%
               228.9    100.00%
               229.0    100.00%
               229.1    100.00%
               229.2    100.00%
               229.3    100.00%
               229.4    100.00%
               229.5    100.00%
               229.6    100.00%
               229.7    100.00%
               229.8    100.00%
               229.9    100.00%
               230.0    100.00%
               230.1    100.00%
               230.2    100.00%
               230.3    100.00%

