Threads: 8, Sharded reads: false, Number of Memcached servers: 3.

All measures in microseconds.
  SETS   GETS  MGETS   INVLD    TOT   HITS     RSP T      Q T     SVR T  Q LEN
 26363      0      0       0  26363  26363  17096.42 14697.10   2374.66     52
  3311      0      0       0   3311   3311  17153.64 14769.84   2363.26     52
  3307      0      0       0   3307   3307  17015.90 14643.64   2352.31     52
  3359      0      0       0   3359   3359  16786.75 14445.80   2322.91     52
  3477      0      0       0   3477   3477  16163.63 13908.43   2237.74     47
  3426      0      0       0   3426   3426  16356.74 14072.04   2263.47     52
  3448      0      0       0   3448   3448  16320.13 14043.97   2255.11     51
  3402      0      0       0   3402   3402  16584.99 14273.44   2290.03     52
  3364      0      0       0   3364   3364  16712.54 14380.74   2312.58     44
  3310      0      0       0   3310   3310  16908.14 14541.75   2336.65     52
  3357      0      0       0   3357   3357  16683.67 14349.63   2314.40     52
  3305      0      0       0   3305   3305  17021.08 14650.70   2346.54     50
  3271      0      0       0   3271   3271  17189.84 14789.50   2381.37     44
  3325      0      0       0   3325   3325  16943.98 14577.30   2344.82     41
  3199      0      0       0   3199   3199  17455.81 15008.62   2425.67     48
  3071      0      0       0   3071   3071  18058.42 15504.81   2516.47     44
  3340      0      0       0   3340   3340  16780.84 14433.75   2324.56     52
  3401      0      0       0   3401   3401  16545.98 14233.04   2290.32     51
  3287      0      0       0   3287   3287  17122.86 14730.11   2369.29     50
  3287      0      0       0   3287   3287  17046.80 14662.29   2360.87     52
  3276      0      0       0   3276   3276  17209.35 14807.53   2383.20     52
  3356      0      0       0   3356   3356  16826.61 14478.50   2328.03     44
  3269      0      0       0   3269   3269  17143.13 14747.89   2369.79     50
  2972      0      0       0   2972   2972  18921.61 16283.84   2620.15     48
  3336      0      0       0   3336   3336  16948.45 14589.70   2334.31     51
  3446      0      0       0   3446   3446  16264.21 13990.18   2252.67     50
  3470      0      0       0   3470   3470  16123.91 13866.09   2237.84     52
  3427      0      0       0   3427   3427  16383.88 14096.36   2267.74     52
  3441      0      0       0   3441   3441  16308.55 14028.80   2258.50     50
  3459      0      0       0   3459   3459  16196.79 13933.40   2241.73     51
  3330      0      0       0   3330   3330  16947.31 14580.44   2346.77     44
  3334      0      0       0   3334   3334  16866.78 14510.26   2337.76     52
  3256      0      0       0   3256   3256  17373.13 14957.80   2393.26     52
  3279      0      0       0   3279   3279  17181.81 14787.41   2373.26     52
  3256      0      0       0   3256   3256  17240.21 14831.44   2385.41     44
  3107      0      0       0   3107   3107  18096.76 15578.06   2491.38     52
  3276      0      0       0   3276   3276  17220.78 14828.00   2367.81     52
  3314      0      0       0   3314   3314  16957.93 14593.30   2323.08     50
  3379      0      0       0   3379   3379  16683.77 14361.13   2303.33     44
  3300      0      0       0   3300   3300  17101.18 14718.16   2363.23     47
  3275      0      0       0   3275   3275  17136.82 14743.28   2375.11     52
  3199      0      0       0   3199   3199  17503.17 15056.36   2422.36     52
  3202      0      0       0   3202   3202  17564.46 15114.76   2429.92     50
  3180      0      0       0   3180   3180  17594.49 15130.64   2442.10     52
  3269      0      0       0   3269   3269  17174.20 14778.06   2371.85     52
  3245      0      0       0   3245   3245  17339.89 14920.19   2399.69     46
  3155      0      0       0   3155   3155  17838.23 15344.81   2471.67     52
  3380      0      0       0   3380   3380  16550.62 14233.52   2295.83     49
  3421      0      0       0   3421   3421  16502.51 14200.39   2282.79     44
  3327      0      0       0   3327   3327  16815.75 14463.31   2327.88     52
  3163      0      0       0   3163   3163  17536.85 15058.40   2455.13     52
  3366      0      0       0   3366   3366  16678.99 14350.49   2306.80     49
  3108      0      0       0   3108   3108  18123.70 15601.15   2476.89     48
  3198      0      0       0   3198   3198  17629.33 15167.64   2440.50     44
  3302      0      0       0   3302   3302  17118.66 14734.50   2359.24     44
  3146      0      0       0   3146   3146  17765.38 15275.94   2457.80     52
  3255      0      0       0   3255   3255  17377.73 14959.25   2389.90     46
  3104      0      0       0   3104   3104  17761.13 15266.04   2449.04     49
  3354      0      0       0   3354   3354  17289.16 14886.33   2367.99     44
  3348      0      0       0   3348   3348  16833.41 14483.72   2326.71     49
  3257      0      0       0   3257   3257  17243.03 14838.30   2383.60     52
  3305      0      0       0   3305   3305  16979.02 14607.38   2350.72     49
  3278      0      0       0   3278   3278  17084.08 14695.43   2368.25     52
  3267      0      0       0   3267   3267  17278.35 14866.51   2394.53     45
  3316      0      0       0   3316   3316  16942.53 14577.84   2345.22     44
  3160      0      0       0   3160   3160  17761.80 15281.68   2456.68     44
  3258      0      0       0   3258   3258  17223.98 14819.75   2385.85     45
  3279      0      0       0   3279   3279  17193.06 14791.74   2383.23     40
  3326      0      0       0   3326   3326  16946.86 14581.42   2346.50     44
  3307      0      0       0   3307   3307  16936.99 14567.03   2348.82     44
  3385      0      0       0   3385   3385  16611.07 14287.76   2304.94     48
  3265      0      0       0   3265   3265  17147.73 14736.01   2385.84     44
  3399      0      0       0   3399   3399  16559.37 14245.60   2293.12     49
  3311      0      0       0   3311   3311  16952.91 14584.50   2346.78     44
  3962      0      0       0   3962   3962  17272.48 14857.88   2396.36     52
  3217      0      0       0   3217   3217  17485.23 15033.34   2432.52     44
  3243      0      0       0   3243   3243  17251.37 14837.06   2393.86     52
  3304      0      0       0   3304   3304  16973.60 14601.57   2351.83     52
  3203      0      0       0   3203   3203  17548.94 15100.58   2425.05     52
  3246      0      0       0   3246   3246  17366.96 14941.55   2406.08     44
  3240      0      0       0   3240   3240  17313.49 14894.70   2393.70     44
  3125      0      0       0   3125   3125  17967.15 15459.00   2483.70     46
   815      0      0       0    815    815  15908.20 13518.92   2365.40      0
     0      0      0       0      0      0       NaN      NaN       NaN      0
     0      0      0       0      0      0       NaN      NaN       NaN      0
     0      0      0       0      0      0       NaN      NaN       NaN      0
================================================================================
ALL STATS (timing measures are in microseconds)
WORKER 0:
Type     |Total    |Ops/sec  |Hits/sec |Miss/Sec |Resp Time|Proc Time|Srvr Time
SET      |    36794|   413.42|   413.42|     0.00| 17069.35|  2387.67|  2364.59
GET      |        0|     0.00|     0.00|     0.00|      NaN|      NaN|      NaN
MULTIGET |        0|     0.00|     0.00|     0.00|      NaN|      NaN|      NaN
INVALID  |        0|     0.00|      ---|      ---|      NaN|      NaN|      ---
Average mutliget length: NaN
================================================================================
WORKER 1:
Type     |Total    |Ops/sec  |Hits/sec |Miss/Sec |Resp Time|Proc Time|Srvr Time
SET      |    36765|   413.09|   413.09|     0.00| 17076.41|  2389.43|  2366.04
GET      |        0|     0.00|     0.00|     0.00|      NaN|      NaN|      NaN
MULTIGET |        0|     0.00|     0.00|     0.00|      NaN|      NaN|      NaN
INVALID  |        0|     0.00|      ---|      ---|      NaN|      NaN|      ---
Average mutliget length: NaN
================================================================================
WORKER 2:
Type     |Total    |Ops/sec  |Hits/sec |Miss/Sec |Resp Time|Proc Time|Srvr Time
SET      |    36796|   413.44|   413.44|     0.00| 17089.31|  2387.54|  2364.71
GET      |        0|     0.00|     0.00|     0.00|      NaN|      NaN|      NaN
MULTIGET |        0|     0.00|     0.00|     0.00|      NaN|      NaN|      NaN
INVALID  |        0|     0.00|      ---|      ---|      NaN|      NaN|      ---
Average mutliget length: NaN
================================================================================
WORKER 3:
Type     |Total    |Ops/sec  |Hits/sec |Miss/Sec |Resp Time|Proc Time|Srvr Time
SET      |    36799|   413.47|   413.47|     0.00| 17108.71|  2387.19|  2363.58
GET      |        0|     0.00|     0.00|     0.00|      NaN|      NaN|      NaN
MULTIGET |        0|     0.00|     0.00|     0.00|      NaN|      NaN|      NaN
INVALID  |        0|     0.00|      ---|      ---|      NaN|      NaN|      ---
Average mutliget length: NaN
================================================================================
WORKER 4:
Type     |Total    |Ops/sec  |Hits/sec |Miss/Sec |Resp Time|Proc Time|Srvr Time
SET      |    36797|   413.45|   413.45|     0.00| 17078.89|  2387.42|  2366.00
GET      |        0|     0.00|     0.00|     0.00|      NaN|      NaN|      NaN
MULTIGET |        0|     0.00|     0.00|     0.00|      NaN|      NaN|      NaN
INVALID  |        0|     0.00|      ---|      ---|      NaN|      NaN|      ---
Average mutliget length: NaN
================================================================================
WORKER 5:
Type     |Total    |Ops/sec  |Hits/sec |Miss/Sec |Resp Time|Proc Time|Srvr Time
SET      |    36795|   413.43|   413.43|     0.00| 17078.77|  2387.57|  2364.10
GET      |        0|     0.00|     0.00|     0.00|      NaN|      NaN|      NaN
MULTIGET |        0|     0.00|     0.00|     0.00|      NaN|      NaN|      NaN
INVALID  |        0|     0.00|      ---|      ---|      NaN|      NaN|      ---
Average mutliget length: NaN
================================================================================
WORKER 6:
Type     |Total    |Ops/sec  |Hits/sec |Miss/Sec |Resp Time|Proc Time|Srvr Time
SET      |    36812|   413.62|   413.62|     0.00| 17100.71|  2386.55|  2364.50
GET      |        0|     0.00|     0.00|     0.00|      NaN|      NaN|      NaN
MULTIGET |        0|     0.00|     0.00|     0.00|      NaN|      NaN|      NaN
INVALID  |        0|     0.00|      ---|      ---|      NaN|      NaN|      ---
Average mutliget length: NaN
================================================================================
WORKER 7:
Type     |Total    |Ops/sec  |Hits/sec |Miss/Sec |Resp Time|Proc Time|Srvr Time
SET      |    36800|   413.48|   413.48|     0.00| 17061.58|  2387.27|  2364.02
GET      |        0|     0.00|     0.00|     0.00|      NaN|      NaN|      NaN
MULTIGET |        0|     0.00|     0.00|     0.00|      NaN|      NaN|      NaN
INVALID  |        0|     0.00|      ---|      ---|      NaN|      NaN|      ---
Average mutliget length: NaN
================================================================================
================================================================================

AGGREGATE FOR ALL WORKERS:
Type     |Total    |Ops/sec  |Hits/sec |Miss/Sec |Resp Time|Proc Time|Srvr Time
SET      |   294358|  3307.39|  3307.39|     0.00| 17082.97|  2387.58|  2364.69
GET      |        0|     0.00|     0.00|     0.00|      NaN|      NaN|      NaN
MULTIGET |        0|     0.00|     0.00|     0.00|      NaN|      NaN|      NaN
INVALID  |        0|     0.00|      ---|      ---|      NaN|      NaN|      ---
Average mutliget length: NaN


 HISTOGRAM
  Response time (ms)   Percent
                 0.1      0.00%
                 0.2      0.00%
                 0.3      0.00%
                 0.4      0.00%
                 0.5      0.00%
                 0.6      0.00%
                 0.7      0.00%
                 0.8      0.00%
                 0.9      0.00%
                 1.0      0.00%
                 1.1      0.00%
                 1.2      0.00%
                 1.3      0.00%
                 1.4      0.00%
                 1.5      0.00%
                 1.6      0.00%
                 1.7      0.00%
                 1.8      0.00%
                 1.9      0.00%
                 2.0      0.00%
                 2.1      0.00%
                 2.2      0.00%
                 2.3      0.00%
                 2.4      0.00%
                 2.5      0.00%
                 2.6      0.00%
                 2.7      0.00%
                 2.8      0.00%
                 2.9      0.00%
                 3.0      0.00%
                 3.1      0.00%
                 3.2      0.00%
                 3.3      0.00%
                 3.4      0.00%
                 3.5      0.00%
                 3.6      0.00%
                 3.7      0.01%
                 3.8      0.01%
                 3.9      0.01%
                 4.0      0.01%
                 4.1      0.01%
                 4.2      0.01%
                 4.3      0.01%
                 4.4      0.01%
                 4.5      0.01%
                 4.6      0.01%
                 4.7      0.01%
                 4.8      0.01%
                 4.9      0.01%
                 5.0      0.01%
                 5.1      0.01%
                 5.2      0.01%
                 5.3      0.02%
                 5.4      0.02%
                 5.5      0.02%
                 5.6      0.02%
                 5.7      0.02%
                 5.8      0.02%
                 5.9      0.02%
                 6.0      0.02%
                 6.1      0.02%
                 6.2      0.02%
                 6.3      0.02%
                 6.4      0.02%
                 6.5      0.02%
                 6.6      0.03%
                 6.7      0.03%
                 6.8      0.03%
                 6.9      0.03%
                 7.0      0.03%
                 7.1      0.03%
                 7.2      0.03%
                 7.3      0.03%
                 7.4      0.03%
                 7.5      0.03%
                 7.6      0.03%
                 7.7      0.03%
                 7.8      0.03%
                 7.9      0.03%
                 8.0      0.03%
                 8.1      0.03%
                 8.2      0.03%
                 8.3      0.03%
                 8.4      0.03%
                 8.5      0.03%
                 8.6      0.03%
                 8.7      0.03%
                 8.8      0.03%
                 8.9      0.03%
                 9.0      0.03%
                 9.1      0.03%
                 9.2      0.03%
                 9.3      0.03%
                 9.4      0.03%
                 9.5      0.03%
                 9.6      0.03%
                 9.7      0.03%
                 9.8      0.03%
                 9.9      0.03%
                10.0      0.03%
                10.1      0.03%
                10.2      0.03%
                10.3      0.04%
                10.4      0.04%
                10.5      0.04%
                10.6      0.04%
                10.7      0.04%
                10.8      0.04%
                10.9      0.05%
                11.0      0.05%
                11.1      0.06%
                11.2      0.06%
                11.3      0.06%
                11.4      0.07%
                11.5      0.07%
                11.6      0.07%
                11.7      0.08%
                11.8      0.08%
                11.9      0.08%
                12.0      0.08%
                12.1      0.08%
                12.2      0.10%
                12.3      0.11%
                12.4      0.12%
                12.5      0.13%
                12.6      0.15%
                12.7      0.16%
                12.8      0.18%
                12.9      0.19%
                13.0      0.22%
                13.1      0.24%
                13.2      0.27%
                13.3      0.30%
                13.4      0.34%
                13.5      0.38%
                13.6      0.43%
                13.7      0.51%
                13.8      0.60%
                13.9      0.72%
                14.0      0.88%
                14.1      1.11%
                14.2      1.45%
                14.3      1.88%
                14.4      2.39%
                14.5      3.09%
                14.6      4.08%
                14.7      5.25%
                14.8      6.66%
                14.9      8.27%
                15.0     10.16%
                15.1     12.22%
                15.2     14.43%
                15.3     16.73%
                15.4     19.07%
                15.5     21.41%
                15.6     23.72%
                15.7     25.97%
                15.8     28.18%
                15.9     30.40%
                16.0     32.52%
                16.1     34.59%
                16.2     36.63%
                16.3     38.62%
                16.4     40.58%
                16.5     42.54%
                16.6     44.62%
                16.7     46.80%
                16.8     49.07%
                16.9     51.35%
                17.0     53.66%
                17.1     56.03%
                17.2     58.48%
                17.3     60.99%
                17.4     63.40%
                17.5     65.81%
                17.6     68.10%
                17.7     70.37%
                17.8     72.43%
                17.9     74.42%
                18.0     76.32%
                18.1     78.06%
                18.2     79.67%
                18.3     81.12%
                18.4     82.44%
                18.5     83.63%
                18.6     84.72%
                18.7     85.70%
                18.8     86.60%
                18.9     87.44%
                19.0     88.23%
                19.1     88.96%
                19.2     89.68%
                19.3     90.31%
                19.4     90.88%
                19.5     91.41%
                19.6     91.94%
                19.7     92.37%
                19.8     92.83%
                19.9     93.21%
                20.0     93.58%
                20.1     93.90%
                20.2     94.21%
                20.3     94.51%
                20.4     94.80%
                20.5     95.08%
                20.6     95.34%
                20.7     95.57%
                20.8     95.82%
                20.9     96.03%
                21.0     96.21%
                21.1     96.42%
                21.2     96.59%
                21.3     96.76%
                21.4     96.91%
                21.5     97.05%
                21.6     97.19%
                21.7     97.31%
                21.8     97.45%
                21.9     97.57%
                22.0     97.67%
                22.1     97.77%
                22.2     97.86%
                22.3     97.93%
                22.4     98.01%
                22.5     98.08%
                22.6     98.14%
                22.7     98.22%
                22.8     98.28%
                22.9     98.34%
                23.0     98.39%
                23.1     98.45%
                23.2     98.51%
                23.3     98.55%
                23.4     98.60%
                23.5     98.65%
                23.6     98.68%
                23.7     98.73%
                23.8     98.76%
                23.9     98.80%
                24.0     98.84%
                24.1     98.87%
                24.2     98.91%
                24.3     98.96%
                24.4     98.99%
                24.5     99.02%
                24.6     99.06%
                24.7     99.09%
                24.8     99.12%
                24.9     99.15%
                25.0     99.18%
                25.1     99.21%
                25.2     99.24%
                25.3     99.26%
                25.4     99.28%
                25.5     99.32%
                25.6     99.35%
                25.7     99.37%
                25.8     99.38%
                25.9     99.39%
                26.0     99.41%
                26.1     99.42%
                26.2     99.44%
                26.3     99.46%
                26.4     99.47%
                26.5     99.48%
                26.6     99.49%
                26.7     99.50%
                26.8     99.51%
                26.9     99.54%
                27.0     99.56%
                27.1     99.57%
                27.2     99.59%
                27.3     99.60%
                27.4     99.61%
                27.5     99.62%
                27.6     99.63%
                27.7     99.64%
                27.8     99.65%
                27.9     99.65%
                28.0     99.66%
                28.1     99.67%
                28.2     99.67%
                28.3     99.67%
                28.4     99.68%
                28.5     99.68%
                28.6     99.68%
                28.7     99.68%
                28.8     99.69%
                28.9     99.69%
                29.0     99.69%
                29.1     99.70%
                29.2     99.70%
                29.3     99.71%
                29.4     99.71%
                29.5     99.72%
                29.6     99.73%
                29.7     99.73%
                29.8     99.74%
                29.9     99.75%
                30.0     99.75%
                30.1     99.76%
                30.2     99.76%
                30.3     99.77%
                30.4     99.77%
                30.5     99.77%
                30.6     99.78%
                30.7     99.78%
                30.8     99.78%
                30.9     99.78%
                31.0     99.79%
                31.1     99.79%
                31.2     99.79%
                31.3     99.79%
                31.4     99.79%
                31.5     99.79%
                31.6     99.80%
                31.7     99.80%
                31.8     99.81%
                31.9     99.81%
                32.0     99.81%
                32.1     99.81%
                32.2     99.81%
                32.3     99.81%
                32.4     99.81%
                32.5     99.81%
                32.6     99.81%
                32.7     99.81%
                32.8     99.81%
                32.9     99.81%
                33.0     99.82%
                33.1     99.82%
                33.2     99.82%
                33.3     99.82%
                33.4     99.82%
                33.5     99.82%
                33.6     99.82%
                33.7     99.82%
                33.8     99.82%
                33.9     99.82%
                34.0     99.82%
                34.1     99.82%
                34.2     99.82%
                34.3     99.82%
                34.4     99.82%
                34.5     99.82%
                34.6     99.82%
                34.7     99.82%
                34.8     99.82%
                34.9     99.82%
                35.0     99.82%
                35.1     99.82%
                35.2     99.82%
                35.3     99.82%
                35.4     99.82%
                35.5     99.82%
                35.6     99.82%
                35.7     99.82%
                35.8     99.83%
                35.9     99.83%
                36.0     99.83%
                36.1     99.83%
                36.2     99.83%
                36.3     99.83%
                36.4     99.83%
                36.5     99.83%
                36.6     99.83%
                36.7     99.83%
                36.8     99.83%
                36.9     99.83%
                37.0     99.83%
                37.1     99.83%
                37.2     99.84%
                37.3     99.84%
                37.4     99.84%
                37.5     99.84%
                37.6     99.84%
                37.7     99.84%
                37.8     99.84%
                37.9     99.85%
                38.0     99.85%
                38.1     99.85%
                38.2     99.85%
                38.3     99.85%
                38.4     99.85%
                38.5     99.86%
                38.6     99.86%
                38.7     99.86%
                38.8     99.86%
                38.9     99.86%
                39.0     99.86%
                39.1     99.86%
                39.2     99.86%
                39.3     99.86%
                39.4     99.87%
                39.5     99.87%
                39.6     99.87%
                39.7     99.87%
                39.8     99.87%
                39.9     99.87%
                40.0     99.87%
                40.1     99.87%
                40.2     99.87%
                40.3     99.87%
                40.4     99.87%
                40.5     99.87%
                40.6     99.87%
                40.7     99.87%
                40.8     99.87%
                40.9     99.87%
                41.0     99.87%
                41.1     99.87%
                41.2     99.87%
                41.3     99.88%
                41.4     99.88%
                41.5     99.88%
                41.6     99.88%
                41.7     99.88%
                41.8     99.88%
                41.9     99.88%
                42.0     99.88%
                42.1     99.88%
                42.2     99.88%
                42.3     99.88%
                42.4     99.88%
                42.5     99.88%
                42.6     99.88%
                42.7     99.88%
                42.8     99.88%
                42.9     99.88%
                43.0     99.88%
                43.1     99.88%
                43.2     99.88%
                43.3     99.89%
                43.4     99.89%
                43.5     99.90%
                43.6     99.90%
                43.7     99.91%
                43.8     99.91%
                43.9     99.91%
                44.0     99.91%
                44.1     99.91%
                44.2     99.91%
                44.3     99.91%
                44.4     99.92%
                44.5     99.92%
                44.6     99.92%
                44.7     99.93%
                44.8     99.93%
                44.9     99.93%
                45.0     99.94%
                45.1     99.94%
                45.2     99.94%
                45.3     99.94%
                45.4     99.94%
                45.5     99.94%
                45.6     99.94%
                45.7     99.94%
                45.8     99.95%
                45.9     99.95%
                46.0     99.95%
                46.1     99.95%
                46.2     99.95%
                46.3     99.96%
                46.4     99.96%
                46.5     99.96%
                46.6     99.96%
                46.7     99.97%
                46.8     99.97%
                46.9     99.97%
                47.0     99.98%
                47.1     99.98%
                47.2     99.98%
                47.3     99.98%
                47.4     99.98%
                47.5     99.98%
                47.6     99.98%
                47.7     99.98%
                47.8     99.98%
                47.9     99.98%
                48.0     99.98%
                48.1     99.98%
                48.2     99.98%
                48.3     99.98%
                48.4     99.98%
                48.5     99.98%
                48.6     99.98%
                48.7     99.98%
                48.8     99.98%
                48.9     99.98%
                49.0     99.98%
                49.1     99.98%
                49.2     99.98%
                49.3     99.98%
                49.4     99.98%
                49.5     99.98%
                49.6     99.98%
                49.7     99.98%
                49.8     99.98%
                49.9     99.98%
                50.0     99.98%
                50.1     99.98%
                50.2     99.98%
                50.3     99.98%
                50.4     99.98%
                50.5     99.98%
                50.6     99.98%
                50.7     99.98%
                50.8     99.98%
                50.9     99.98%
                51.0     99.98%
                51.1     99.98%
                51.2     99.98%
                51.3     99.98%
                51.4     99.98%
                51.5     99.98%
                51.6     99.98%
                51.7     99.98%
                51.8     99.98%
                51.9     99.98%
                52.0     99.98%
                52.1     99.98%
                52.2     99.98%
                52.3     99.98%
                52.4     99.98%
                52.5     99.98%
                52.6     99.98%
                52.7     99.98%
                52.8     99.98%
                52.9     99.98%
                53.0     99.98%
                53.1     99.98%
                53.2     99.98%
                53.3     99.98%
                53.4     99.98%
                53.5     99.98%
                53.6     99.98%
                53.7     99.98%
                53.8     99.98%
                53.9     99.98%
                54.0     99.98%
                54.1     99.98%
                54.2     99.98%
                54.3     99.98%
                54.4     99.98%
                54.5     99.98%
                54.6     99.98%
                54.7     99.98%
                54.8     99.98%
                54.9     99.98%
                55.0     99.98%
                55.1     99.98%
                55.2     99.98%
                55.3     99.98%
                55.4     99.98%
                55.5     99.98%
                55.6     99.98%
                55.7     99.98%
                55.8     99.98%
                55.9     99.98%
                56.0     99.98%
                56.1     99.98%
                56.2     99.98%
                56.3     99.98%
                56.4     99.98%
                56.5     99.98%
                56.6     99.99%
                56.7     99.99%
                56.8     99.99%
                56.9     99.99%
                57.0     99.99%
                57.1     99.99%
                57.2    100.00%
                57.3    100.00%
                57.4    100.00%
                57.5    100.00%
                57.6    100.00%
                57.7    100.00%
                57.8    100.00%
                57.9    100.00%
                58.0    100.00%
                58.1    100.00%
                58.2    100.00%
                58.3    100.00%
                58.4    100.00%
                58.5    100.00%
                58.6    100.00%
                58.7    100.00%
                58.8    100.00%
                58.9    100.00%
                59.0    100.00%
                59.1    100.00%
                59.2    100.00%
                59.3    100.00%
                59.4    100.00%
                59.5    100.00%
                59.6    100.00%
                59.7    100.00%
                59.8    100.00%
                59.9    100.00%
                60.0    100.00%
                60.1    100.00%
                60.2    100.00%
                60.3    100.00%
                60.4    100.00%
                60.5    100.00%
                60.6    100.00%
                60.7    100.00%
                60.8    100.00%
                60.9    100.00%
                61.0    100.00%
                61.1    100.00%
                61.2    100.00%
                61.3    100.00%
                61.4    100.00%
                61.5    100.00%
                61.6    100.00%
                61.7    100.00%
                61.8    100.00%
                61.9    100.00%
                62.0    100.00%

