Threads: 64, Sharded reads: false, Number of Memcached servers: 3.

All measures in microseconds.
  SETS   GETS  MGETS   INVLD    TOT   HITS     RSP T      Q T     SVR T  Q LEN
 25430      0      0       0  25430  25430   2871.07   197.25   2629.06      0
  3250      0      0       0   3250   3250   2776.53   152.94   2588.13      1
  2952      0      0       0   2952   2952   3013.85   260.04   2717.54      0
  3057      0      0       0   3057   3057   2921.80   207.76   2678.54      0
  3222      0      0       0   3222   3222   2756.03   154.66   2566.12      0
  3145      0      0       0   3145   3145   2864.16   182.30   2645.21      0
  3017      0      0       0   3017   3017   2931.30   213.72   2680.32     10
  3197      0      0       0   3197   3197   2829.81   177.23   2618.14      0
  3182      0      0       0   3182   3182   2798.34   189.86   2569.95      1
  2624      0      0       0   2624   2624   3338.73   320.29   2978.09      3
  3146      0      0       0   3146   3146   2853.39   210.71   2603.62      2
  3252      0      0       0   3252   3252   2753.21   132.88   2583.71      1
  3229      0      0       0   3229   3229   2796.79   154.18   2604.53      0
  3078      0      0       0   3078   3078   2962.36   181.28   2743.97      0
  3072      0      0       0   3072   3072   2905.28   194.68   2669.37      2
  3220      0      0       0   3220   3220   2766.29   205.40   2523.01      0
  3379      0      0       0   3379   3379   2622.10   133.54   2453.10      0
  3152      0      0       0   3152   3152   2819.67   202.57   2570.68      0
  2955      0      0       0   2955   2955   2967.40   195.37   2723.35      0
  3167      0      0       0   3167   3167   2833.35   164.01   2629.00      0
  3226      0      0       0   3226   3226   2772.69   157.70   2578.36      0
  2911      0      0       0   2911   2911   3016.21   241.43   2735.22      0
  3192      0      0       0   3192   3192   2794.96   188.01   2570.31      1
  3228      0      0       0   3228   3228   2767.35   157.31   2571.57      0
  2585      0      0       0   2585   2585   3370.47   321.67   3003.27      0
  3268      0      0       0   3268   3268   2731.84   172.88   2516.39      0
  3240      0      0       0   3240   3240   2751.21   148.35   2563.79      0
  3313      0      0       0   3313   3313   2713.68   163.01   2510.73      3
  3097      0      0       0   3097   3097   2894.00   195.74   2661.37      0
  2997      0      0       0   2997   2997   2932.79   228.04   2665.32      0
  2770      0      0       0   2770   2770   3066.42   226.45   2800.55      1
  3131      0      0       0   3131   3131   2889.87   164.54   2680.07      5
  2896      0      0       0   2896   2896   3108.38   247.42   2820.60      0
  3353      0      0       0   3353   3353   2683.52   164.29   2481.86      0
  3240      0      0       0   3240   3240   2722.77   172.19   2504.56      1
  3353      0      0       0   3353   3353   2644.46   147.39   2461.18      0
  2913      0      0       0   2913   2913   3028.45   228.66   2763.59      3
  3245      0      0       0   3245   3245   2719.28   145.40   2537.20      1
  3355      0      0       0   3355   3355   2747.14   154.52   2552.58      0
  2628      0      0       0   2628   2628   3232.10   346.60   2843.57      0
  3178      0      0       0   3178   3178   2845.00   184.72   2620.34      1
  3026      0      0       0   3026   3026   2908.58   275.84   2596.32      0
  2919      0      0       0   2919   2919   2942.18   220.44   2684.72      0
  3127      0      0       0   3127   3127   2940.35   177.76   2723.35      4
  2887      0      0       0   2887   2887   3015.12   228.58   2748.66      1
  3201      0      0       0   3201   3201   2801.32   156.98   2607.42      0
  3272      0      0       0   3272   3272   2716.72   155.99   2523.73      0
  2857      0      0       0   2857   2857   3089.98   209.33   2843.24      0
  3390      0      0       0   3390   3390   2662.09   135.75   2489.63      1
  3338      0      0       0   3338   3338   2716.81   135.39   2543.03      0
  3249      0      0       0   3249   3249   2731.82   163.02   2526.07      1
  3026      0      0       0   3026   3026   2939.99   224.29   2676.74      0
  3355      0      0       0   3355   3355   2689.75   152.80   2495.59      0
  3280      0      0       0   3280   3280   2722.95   176.76   2508.06      0
  2472      0      0       0   2472   2472   3625.27   452.95   3126.97      0
  3136      0      0       0   3136   3136   2843.45   193.67   2610.48      0
  3148      0      0       0   3148   3148   2903.34   182.70   2678.27      2
  2936      0      0       0   2936   2936   3086.00   209.71   2831.46      0
  3325      0      0       0   3325   3325   2729.08   157.91   2531.72      0
  2993      0      0       0   2993   2993   2894.12   214.92   2635.71      0
  3151      0      0       0   3151   3151   2832.58   187.49   2608.06      0
  3254      0      0       0   3254   3254   2715.05   161.62   2517.19      0
  2981      0      0       0   2981   2981   2948.70   231.04   2673.39      0
  3300      0      0       0   3300   3300   2704.51   153.85   2511.56      0
  3105      0      0       0   3105   3105   2858.93   198.19   2621.43      0
  3138      0      0       0   3138   3138   2836.08   182.60   2615.99      3
  2848      0      0       0   2848   2848   3047.00   286.57   2720.97      1
  3348      0      0       0   3348   3348   2643.16   159.41   2442.68      1
  3290      0      0       0   3290   3290   2669.21   172.76   2458.24      0
  2668      0      0       0   2668   2668   3260.46   328.79   2889.72      0
  3156      0      0       0   3156   3156   2873.02   207.22   2628.19      0
  3127      0      0       0   3127   3127   2870.56   151.76   2680.06      0
  3159      0      0       0   3159   3159   2811.54   166.05   2605.85      0
  3245      0      0       0   3245   3245   2764.28   155.99   2569.49      5
  2909      0      0       0   2909   2909   3044.62   236.49   2768.31      0
  3404      0      0       0   3404   3404   2615.51   140.74   2434.64      0
  3255      0      0       0   3255   3255   2746.21   163.66   2545.22      0
  2944      0      0       0   2944   2944   3039.87   211.38   2791.45      0
  3161      0      0       0   3161   3161   2814.94   153.97   2622.90      0
  3081      0      0       0   3081   3081   2940.69   184.35   2718.05      2
  3123      0      0       0   3123   3123   2850.67   216.60   2593.01      0
  2876      0      0       0   2876   2876   2948.81   182.65   2717.60      0
   358      0      0       0    358    358   2573.45   120.99   2416.72      0
     0      0      0       0      0      0       NaN      NaN       NaN      0
     0      0      0       0      0      0       NaN      NaN       NaN      0
     0      0      0       0      0      0       NaN      NaN       NaN      0
================================================================================
ALL STATS (timing measures are in microseconds)
WORKER 0:
Type     |Total    |Ops/sec  |Hits/sec |Miss/Sec |Resp Time|Proc Time|Srvr Time
SET      |     4357|    48.41|    48.41|     0.00|  2895.21|  2695.93|  2653.45
GET      |        0|     0.00|     0.00|     0.00|      NaN|      NaN|      NaN
MULTIGET |        0|     0.00|     0.00|     0.00|      NaN|      NaN|      NaN
INVALID  |        0|     0.00|      ---|      ---|      NaN|      NaN|      ---
Average mutliget length: NaN
================================================================================
WORKER 1:
Type     |Total    |Ops/sec  |Hits/sec |Miss/Sec |Resp Time|Proc Time|Srvr Time
SET      |     4272|    47.47|    47.47|     0.00|  2855.58|  2665.71|  2625.67
GET      |        0|     0.00|     0.00|     0.00|      NaN|      NaN|      NaN
MULTIGET |        0|     0.00|     0.00|     0.00|      NaN|      NaN|      NaN
INVALID  |        0|     0.00|      ---|      ---|      NaN|      NaN|      ---
Average mutliget length: NaN
================================================================================
WORKER 2:
Type     |Total    |Ops/sec  |Hits/sec |Miss/Sec |Resp Time|Proc Time|Srvr Time
SET      |     4336|    48.18|    48.18|     0.00|  2841.07|  2660.69|  2619.30
GET      |        0|     0.00|     0.00|     0.00|      NaN|      NaN|      NaN
MULTIGET |        0|     0.00|     0.00|     0.00|      NaN|      NaN|      NaN
INVALID  |        0|     0.00|      ---|      ---|      NaN|      NaN|      ---
Average mutliget length: NaN
================================================================================
WORKER 3:
Type     |Total    |Ops/sec  |Hits/sec |Miss/Sec |Resp Time|Proc Time|Srvr Time
SET      |     4318|    47.98|    47.98|     0.00|  2845.47|  2649.55|  2607.45
GET      |        0|     0.00|     0.00|     0.00|      NaN|      NaN|      NaN
MULTIGET |        0|     0.00|     0.00|     0.00|      NaN|      NaN|      NaN
INVALID  |        0|     0.00|      ---|      ---|      NaN|      NaN|      ---
Average mutliget length: NaN
================================================================================
WORKER 4:
Type     |Total    |Ops/sec  |Hits/sec |Miss/Sec |Resp Time|Proc Time|Srvr Time
SET      |     4327|    48.08|    48.08|     0.00|  2840.71|  2648.72|  2611.59
GET      |        0|     0.00|     0.00|     0.00|      NaN|      NaN|      NaN
MULTIGET |        0|     0.00|     0.00|     0.00|      NaN|      NaN|      NaN
INVALID  |        0|     0.00|      ---|      ---|      NaN|      NaN|      ---
Average mutliget length: NaN
================================================================================
WORKER 5:
Type     |Total    |Ops/sec  |Hits/sec |Miss/Sec |Resp Time|Proc Time|Srvr Time
SET      |     4332|    48.13|    48.13|     0.00|  2884.56|  2693.09|  2656.41
GET      |        0|     0.00|     0.00|     0.00|      NaN|      NaN|      NaN
MULTIGET |        0|     0.00|     0.00|     0.00|      NaN|      NaN|      NaN
INVALID  |        0|     0.00|      ---|      ---|      NaN|      NaN|      ---
Average mutliget length: NaN
================================================================================
WORKER 6:
Type     |Total    |Ops/sec  |Hits/sec |Miss/Sec |Resp Time|Proc Time|Srvr Time
SET      |     4312|    47.91|    47.91|     0.00|  2868.94|  2671.98|  2629.92
GET      |        0|     0.00|     0.00|     0.00|      NaN|      NaN|      NaN
MULTIGET |        0|     0.00|     0.00|     0.00|      NaN|      NaN|      NaN
INVALID  |        0|     0.00|      ---|      ---|      NaN|      NaN|      ---
Average mutliget length: NaN
================================================================================
WORKER 7:
Type     |Total    |Ops/sec  |Hits/sec |Miss/Sec |Resp Time|Proc Time|Srvr Time
SET      |     4329|    48.10|    48.10|     0.00|  2849.87|  2659.78|  2621.98
GET      |        0|     0.00|     0.00|     0.00|      NaN|      NaN|      NaN
MULTIGET |        0|     0.00|     0.00|     0.00|      NaN|      NaN|      NaN
INVALID  |        0|     0.00|      ---|      ---|      NaN|      NaN|      ---
Average mutliget length: NaN
================================================================================
WORKER 8:
Type     |Total    |Ops/sec  |Hits/sec |Miss/Sec |Resp Time|Proc Time|Srvr Time
SET      |     4335|    48.17|    48.17|     0.00|  2855.57|  2664.30|  2625.79
GET      |        0|     0.00|     0.00|     0.00|      NaN|      NaN|      NaN
MULTIGET |        0|     0.00|     0.00|     0.00|      NaN|      NaN|      NaN
INVALID  |        0|     0.00|      ---|      ---|      NaN|      NaN|      ---
Average mutliget length: NaN
================================================================================
WORKER 9:
Type     |Total    |Ops/sec  |Hits/sec |Miss/Sec |Resp Time|Proc Time|Srvr Time
SET      |     4341|    48.23|    48.23|     0.00|  2868.51|  2677.31|  2636.23
GET      |        0|     0.00|     0.00|     0.00|      NaN|      NaN|      NaN
MULTIGET |        0|     0.00|     0.00|     0.00|      NaN|      NaN|      NaN
INVALID  |        0|     0.00|      ---|      ---|      NaN|      NaN|      ---
Average mutliget length: NaN
================================================================================
WORKER 10:
Type     |Total    |Ops/sec  |Hits/sec |Miss/Sec |Resp Time|Proc Time|Srvr Time
SET      |     4324|    48.04|    48.04|     0.00|  2878.83|  2680.47|  2639.40
GET      |        0|     0.00|     0.00|     0.00|      NaN|      NaN|      NaN
MULTIGET |        0|     0.00|     0.00|     0.00|      NaN|      NaN|      NaN
INVALID  |        0|     0.00|      ---|      ---|      NaN|      NaN|      ---
Average mutliget length: NaN
================================================================================
WORKER 11:
Type     |Total    |Ops/sec  |Hits/sec |Miss/Sec |Resp Time|Proc Time|Srvr Time
SET      |     4339|    48.21|    48.21|     0.00|  2840.68|  2650.51|  2609.00
GET      |        0|     0.00|     0.00|     0.00|      NaN|      NaN|      NaN
MULTIGET |        0|     0.00|     0.00|     0.00|      NaN|      NaN|      NaN
INVALID  |        0|     0.00|      ---|      ---|      NaN|      NaN|      ---
Average mutliget length: NaN
================================================================================
WORKER 12:
Type     |Total    |Ops/sec  |Hits/sec |Miss/Sec |Resp Time|Proc Time|Srvr Time
SET      |     4422|    49.13|    49.13|     0.00|  2853.30|  2662.63|  2625.50
GET      |        0|     0.00|     0.00|     0.00|      NaN|      NaN|      NaN
MULTIGET |        0|     0.00|     0.00|     0.00|      NaN|      NaN|      NaN
INVALID  |        0|     0.00|      ---|      ---|      NaN|      NaN|      ---
Average mutliget length: NaN
================================================================================
WORKER 13:
Type     |Total    |Ops/sec  |Hits/sec |Miss/Sec |Resp Time|Proc Time|Srvr Time
SET      |     4339|    48.21|    48.21|     0.00|  2856.75|  2667.12|  2627.41
GET      |        0|     0.00|     0.00|     0.00|      NaN|      NaN|      NaN
MULTIGET |        0|     0.00|     0.00|     0.00|      NaN|      NaN|      NaN
INVALID  |        0|     0.00|      ---|      ---|      NaN|      NaN|      ---
Average mutliget length: NaN
================================================================================
WORKER 14:
Type     |Total    |Ops/sec  |Hits/sec |Miss/Sec |Resp Time|Proc Time|Srvr Time
SET      |     4351|    48.34|    48.34|     0.00|  2854.65|  2664.82|  2624.63
GET      |        0|     0.00|     0.00|     0.00|      NaN|      NaN|      NaN
MULTIGET |        0|     0.00|     0.00|     0.00|      NaN|      NaN|      NaN
INVALID  |        0|     0.00|      ---|      ---|      NaN|      NaN|      ---
Average mutliget length: NaN
================================================================================
WORKER 15:
Type     |Total    |Ops/sec  |Hits/sec |Miss/Sec |Resp Time|Proc Time|Srvr Time
SET      |     4253|    47.26|    47.26|     0.00|  2892.92|  2698.65|  2654.61
GET      |        0|     0.00|     0.00|     0.00|      NaN|      NaN|      NaN
MULTIGET |        0|     0.00|     0.00|     0.00|      NaN|      NaN|      NaN
INVALID  |        0|     0.00|      ---|      ---|      NaN|      NaN|      ---
Average mutliget length: NaN
================================================================================
WORKER 16:
Type     |Total    |Ops/sec  |Hits/sec |Miss/Sec |Resp Time|Proc Time|Srvr Time
SET      |     4298|    47.76|    47.76|     0.00|  2878.57|  2692.70|  2652.47
GET      |        0|     0.00|     0.00|     0.00|      NaN|      NaN|      NaN
MULTIGET |        0|     0.00|     0.00|     0.00|      NaN|      NaN|      NaN
INVALID  |        0|     0.00|      ---|      ---|      NaN|      NaN|      ---
Average mutliget length: NaN
================================================================================
WORKER 17:
Type     |Total    |Ops/sec  |Hits/sec |Miss/Sec |Resp Time|Proc Time|Srvr Time
SET      |     4300|    47.78|    47.78|     0.00|  2880.84|  2683.01|  2644.09
GET      |        0|     0.00|     0.00|     0.00|      NaN|      NaN|      NaN
MULTIGET |        0|     0.00|     0.00|     0.00|      NaN|      NaN|      NaN
INVALID  |        0|     0.00|      ---|      ---|      NaN|      NaN|      ---
Average mutliget length: NaN
================================================================================
WORKER 18:
Type     |Total    |Ops/sec  |Hits/sec |Miss/Sec |Resp Time|Proc Time|Srvr Time
SET      |     4384|    48.71|    48.71|     0.00|  2867.15|  2677.14|  2636.59
GET      |        0|     0.00|     0.00|     0.00|      NaN|      NaN|      NaN
MULTIGET |        0|     0.00|     0.00|     0.00|      NaN|      NaN|      NaN
INVALID  |        0|     0.00|      ---|      ---|      NaN|      NaN|      ---
Average mutliget length: NaN
================================================================================
WORKER 19:
Type     |Total    |Ops/sec  |Hits/sec |Miss/Sec |Resp Time|Proc Time|Srvr Time
SET      |     4371|    48.57|    48.57|     0.00|  2870.70|  2667.91|  2626.83
GET      |        0|     0.00|     0.00|     0.00|      NaN|      NaN|      NaN
MULTIGET |        0|     0.00|     0.00|     0.00|      NaN|      NaN|      NaN
INVALID  |        0|     0.00|      ---|      ---|      NaN|      NaN|      ---
Average mutliget length: NaN
================================================================================
WORKER 20:
Type     |Total    |Ops/sec  |Hits/sec |Miss/Sec |Resp Time|Proc Time|Srvr Time
SET      |     4439|    49.32|    49.32|     0.00|  2857.76|  2664.87|  2625.84
GET      |        0|     0.00|     0.00|     0.00|      NaN|      NaN|      NaN
MULTIGET |        0|     0.00|     0.00|     0.00|      NaN|      NaN|      NaN
INVALID  |        0|     0.00|      ---|      ---|      NaN|      NaN|      ---
Average mutliget length: NaN
================================================================================
WORKER 21:
Type     |Total    |Ops/sec  |Hits/sec |Miss/Sec |Resp Time|Proc Time|Srvr Time
SET      |     4376|    48.62|    48.62|     0.00|  2855.11|  2665.31|  2628.85
GET      |        0|     0.00|     0.00|     0.00|      NaN|      NaN|      NaN
MULTIGET |        0|     0.00|     0.00|     0.00|      NaN|      NaN|      NaN
INVALID  |        0|     0.00|      ---|      ---|      NaN|      NaN|      ---
Average mutliget length: NaN
================================================================================
WORKER 22:
Type     |Total    |Ops/sec  |Hits/sec |Miss/Sec |Resp Time|Proc Time|Srvr Time
SET      |     4402|    48.91|    48.91|     0.00|  2875.35|  2679.08|  2640.33
GET      |        0|     0.00|     0.00|     0.00|      NaN|      NaN|      NaN
MULTIGET |        0|     0.00|     0.00|     0.00|      NaN|      NaN|      NaN
INVALID  |        0|     0.00|      ---|      ---|      NaN|      NaN|      ---
Average mutliget length: NaN
================================================================================
WORKER 23:
Type     |Total    |Ops/sec  |Hits/sec |Miss/Sec |Resp Time|Proc Time|Srvr Time
SET      |     4261|    47.34|    47.34|     0.00|  2900.69|  2704.36|  2657.73
GET      |        0|     0.00|     0.00|     0.00|      NaN|      NaN|      NaN
MULTIGET |        0|     0.00|     0.00|     0.00|      NaN|      NaN|      NaN
INVALID  |        0|     0.00|      ---|      ---|      NaN|      NaN|      ---
Average mutliget length: NaN
================================================================================
WORKER 24:
Type     |Total    |Ops/sec  |Hits/sec |Miss/Sec |Resp Time|Proc Time|Srvr Time
SET      |     4363|    48.48|    48.48|     0.00|  2877.93|  2679.90|  2637.87
GET      |        0|     0.00|     0.00|     0.00|      NaN|      NaN|      NaN
MULTIGET |        0|     0.00|     0.00|     0.00|      NaN|      NaN|      NaN
INVALID  |        0|     0.00|      ---|      ---|      NaN|      NaN|      ---
Average mutliget length: NaN
================================================================================
WORKER 25:
Type     |Total    |Ops/sec  |Hits/sec |Miss/Sec |Resp Time|Proc Time|Srvr Time
SET      |     4328|    48.09|    48.09|     0.00|  2874.28|  2683.85|  2645.71
GET      |        0|     0.00|     0.00|     0.00|      NaN|      NaN|      NaN
MULTIGET |        0|     0.00|     0.00|     0.00|      NaN|      NaN|      NaN
INVALID  |        0|     0.00|      ---|      ---|      NaN|      NaN|      ---
Average mutliget length: NaN
================================================================================
WORKER 26:
Type     |Total    |Ops/sec  |Hits/sec |Miss/Sec |Resp Time|Proc Time|Srvr Time
SET      |     4364|    48.49|    48.49|     0.00|  2885.63|  2680.79|  2638.95
GET      |        0|     0.00|     0.00|     0.00|      NaN|      NaN|      NaN
MULTIGET |        0|     0.00|     0.00|     0.00|      NaN|      NaN|      NaN
INVALID  |        0|     0.00|      ---|      ---|      NaN|      NaN|      ---
Average mutliget length: NaN
================================================================================
WORKER 27:
Type     |Total    |Ops/sec  |Hits/sec |Miss/Sec |Resp Time|Proc Time|Srvr Time
SET      |     4352|    48.36|    48.36|     0.00|  2838.75|  2653.52|  2616.06
GET      |        0|     0.00|     0.00|     0.00|      NaN|      NaN|      NaN
MULTIGET |        0|     0.00|     0.00|     0.00|      NaN|      NaN|      NaN
INVALID  |        0|     0.00|      ---|      ---|      NaN|      NaN|      ---
Average mutliget length: NaN
================================================================================
WORKER 28:
Type     |Total    |Ops/sec  |Hits/sec |Miss/Sec |Resp Time|Proc Time|Srvr Time
SET      |     4309|    47.88|    47.88|     0.00|  2849.15|  2662.23|  2624.33
GET      |        0|     0.00|     0.00|     0.00|      NaN|      NaN|      NaN
MULTIGET |        0|     0.00|     0.00|     0.00|      NaN|      NaN|      NaN
INVALID  |        0|     0.00|      ---|      ---|      NaN|      NaN|      ---
Average mutliget length: NaN
================================================================================
WORKER 29:
Type     |Total    |Ops/sec  |Hits/sec |Miss/Sec |Resp Time|Proc Time|Srvr Time
SET      |     4354|    48.38|    48.38|     0.00|  2859.18|  2667.54|  2626.60
GET      |        0|     0.00|     0.00|     0.00|      NaN|      NaN|      NaN
MULTIGET |        0|     0.00|     0.00|     0.00|      NaN|      NaN|      NaN
INVALID  |        0|     0.00|      ---|      ---|      NaN|      NaN|      ---
Average mutliget length: NaN
================================================================================
WORKER 30:
Type     |Total    |Ops/sec  |Hits/sec |Miss/Sec |Resp Time|Proc Time|Srvr Time
SET      |     4327|    48.08|    48.08|     0.00|  2833.36|  2647.06|  2606.40
GET      |        0|     0.00|     0.00|     0.00|      NaN|      NaN|      NaN
MULTIGET |        0|     0.00|     0.00|     0.00|      NaN|      NaN|      NaN
INVALID  |        0|     0.00|      ---|      ---|      NaN|      NaN|      ---
Average mutliget length: NaN
================================================================================
WORKER 31:
Type     |Total    |Ops/sec  |Hits/sec |Miss/Sec |Resp Time|Proc Time|Srvr Time
SET      |     4357|    48.41|    48.41|     0.00|  2838.02|  2650.83|  2611.63
GET      |        0|     0.00|     0.00|     0.00|      NaN|      NaN|      NaN
MULTIGET |        0|     0.00|     0.00|     0.00|      NaN|      NaN|      NaN
INVALID  |        0|     0.00|      ---|      ---|      NaN|      NaN|      ---
Average mutliget length: NaN
================================================================================
WORKER 32:
Type     |Total    |Ops/sec  |Hits/sec |Miss/Sec |Resp Time|Proc Time|Srvr Time
SET      |     4331|    48.12|    48.12|     0.00|  2860.57|  2671.24|  2627.99
GET      |        0|     0.00|     0.00|     0.00|      NaN|      NaN|      NaN
MULTIGET |        0|     0.00|     0.00|     0.00|      NaN|      NaN|      NaN
INVALID  |        0|     0.00|      ---|      ---|      NaN|      NaN|      ---
Average mutliget length: NaN
================================================================================
WORKER 33:
Type     |Total    |Ops/sec  |Hits/sec |Miss/Sec |Resp Time|Proc Time|Srvr Time
SET      |     4343|    48.26|    48.26|     0.00|  2877.42|  2677.87|  2641.55
GET      |        0|     0.00|     0.00|     0.00|      NaN|      NaN|      NaN
MULTIGET |        0|     0.00|     0.00|     0.00|      NaN|      NaN|      NaN
INVALID  |        0|     0.00|      ---|      ---|      NaN|      NaN|      ---
Average mutliget length: NaN
================================================================================
WORKER 34:
Type     |Total    |Ops/sec  |Hits/sec |Miss/Sec |Resp Time|Proc Time|Srvr Time
SET      |     4362|    48.47|    48.47|     0.00|  2868.17|  2676.67|  2637.17
GET      |        0|     0.00|     0.00|     0.00|      NaN|      NaN|      NaN
MULTIGET |        0|     0.00|     0.00|     0.00|      NaN|      NaN|      NaN
INVALID  |        0|     0.00|      ---|      ---|      NaN|      NaN|      ---
Average mutliget length: NaN
================================================================================
WORKER 35:
Type     |Total    |Ops/sec  |Hits/sec |Miss/Sec |Resp Time|Proc Time|Srvr Time
SET      |     4399|    48.88|    48.88|     0.00|  2853.49|  2655.94|  2616.30
GET      |        0|     0.00|     0.00|     0.00|      NaN|      NaN|      NaN
MULTIGET |        0|     0.00|     0.00|     0.00|      NaN|      NaN|      NaN
INVALID  |        0|     0.00|      ---|      ---|      NaN|      NaN|      ---
Average mutliget length: NaN
================================================================================
WORKER 36:
Type     |Total    |Ops/sec  |Hits/sec |Miss/Sec |Resp Time|Proc Time|Srvr Time
SET      |     4324|    48.04|    48.04|     0.00|  2879.80|  2685.78|  2646.77
GET      |        0|     0.00|     0.00|     0.00|      NaN|      NaN|      NaN
MULTIGET |        0|     0.00|     0.00|     0.00|      NaN|      NaN|      NaN
INVALID  |        0|     0.00|      ---|      ---|      NaN|      NaN|      ---
Average mutliget length: NaN
================================================================================
WORKER 37:
Type     |Total    |Ops/sec  |Hits/sec |Miss/Sec |Resp Time|Proc Time|Srvr Time
SET      |     4343|    48.26|    48.26|     0.00|  2855.20|  2655.81|  2618.84
GET      |        0|     0.00|     0.00|     0.00|      NaN|      NaN|      NaN
MULTIGET |        0|     0.00|     0.00|     0.00|      NaN|      NaN|      NaN
INVALID  |        0|     0.00|      ---|      ---|      NaN|      NaN|      ---
Average mutliget length: NaN
================================================================================
WORKER 38:
Type     |Total    |Ops/sec  |Hits/sec |Miss/Sec |Resp Time|Proc Time|Srvr Time
SET      |     4348|    48.31|    48.31|     0.00|  2847.91|  2652.27|  2615.74
GET      |        0|     0.00|     0.00|     0.00|      NaN|      NaN|      NaN
MULTIGET |        0|     0.00|     0.00|     0.00|      NaN|      NaN|      NaN
INVALID  |        0|     0.00|      ---|      ---|      NaN|      NaN|      ---
Average mutliget length: NaN
================================================================================
WORKER 39:
Type     |Total    |Ops/sec  |Hits/sec |Miss/Sec |Resp Time|Proc Time|Srvr Time
SET      |     4262|    47.36|    47.36|     0.00|  2855.52|  2667.02|  2622.95
GET      |        0|     0.00|     0.00|     0.00|      NaN|      NaN|      NaN
MULTIGET |        0|     0.00|     0.00|     0.00|      NaN|      NaN|      NaN
INVALID  |        0|     0.00|      ---|      ---|      NaN|      NaN|      ---
Average mutliget length: NaN
================================================================================
WORKER 40:
Type     |Total    |Ops/sec  |Hits/sec |Miss/Sec |Resp Time|Proc Time|Srvr Time
SET      |     4333|    48.14|    48.14|     0.00|  2877.04|  2687.78|  2649.59
GET      |        0|     0.00|     0.00|     0.00|      NaN|      NaN|      NaN
MULTIGET |        0|     0.00|     0.00|     0.00|      NaN|      NaN|      NaN
INVALID  |        0|     0.00|      ---|      ---|      NaN|      NaN|      ---
Average mutliget length: NaN
================================================================================
WORKER 41:
Type     |Total    |Ops/sec  |Hits/sec |Miss/Sec |Resp Time|Proc Time|Srvr Time
SET      |     4304|    47.82|    47.82|     0.00|  2854.97|  2661.15|  2621.65
GET      |        0|     0.00|     0.00|     0.00|      NaN|      NaN|      NaN
MULTIGET |        0|     0.00|     0.00|     0.00|      NaN|      NaN|      NaN
INVALID  |        0|     0.00|      ---|      ---|      NaN|      NaN|      ---
Average mutliget length: NaN
================================================================================
WORKER 42:
Type     |Total    |Ops/sec  |Hits/sec |Miss/Sec |Resp Time|Proc Time|Srvr Time
SET      |     4343|    48.26|    48.26|     0.00|  2887.49|  2692.35|  2650.96
GET      |        0|     0.00|     0.00|     0.00|      NaN|      NaN|      NaN
MULTIGET |        0|     0.00|     0.00|     0.00|      NaN|      NaN|      NaN
INVALID  |        0|     0.00|      ---|      ---|      NaN|      NaN|      ---
Average mutliget length: NaN
================================================================================
WORKER 43:
Type     |Total    |Ops/sec  |Hits/sec |Miss/Sec |Resp Time|Proc Time|Srvr Time
SET      |     4292|    47.69|    47.69|     0.00|  2839.85|  2657.83|  2618.40
GET      |        0|     0.00|     0.00|     0.00|      NaN|      NaN|      NaN
MULTIGET |        0|     0.00|     0.00|     0.00|      NaN|      NaN|      NaN
INVALID  |        0|     0.00|      ---|      ---|      NaN|      NaN|      ---
Average mutliget length: NaN
================================================================================
WORKER 44:
Type     |Total    |Ops/sec  |Hits/sec |Miss/Sec |Resp Time|Proc Time|Srvr Time
SET      |     4347|    48.30|    48.30|     0.00|  2850.50|  2651.79|  2614.18
GET      |        0|     0.00|     0.00|     0.00|      NaN|      NaN|      NaN
MULTIGET |        0|     0.00|     0.00|     0.00|      NaN|      NaN|      NaN
INVALID  |        0|     0.00|      ---|      ---|      NaN|      NaN|      ---
Average mutliget length: NaN
================================================================================
WORKER 45:
Type     |Total    |Ops/sec  |Hits/sec |Miss/Sec |Resp Time|Proc Time|Srvr Time
SET      |     4356|    48.40|    48.40|     0.00|  2863.71|  2667.19|  2629.04
GET      |        0|     0.00|     0.00|     0.00|      NaN|      NaN|      NaN
MULTIGET |        0|     0.00|     0.00|     0.00|      NaN|      NaN|      NaN
INVALID  |        0|     0.00|      ---|      ---|      NaN|      NaN|      ---
Average mutliget length: NaN
================================================================================
WORKER 46:
Type     |Total    |Ops/sec  |Hits/sec |Miss/Sec |Resp Time|Proc Time|Srvr Time
SET      |     4330|    48.11|    48.11|     0.00|  2857.62|  2662.09|  2621.70
GET      |        0|     0.00|     0.00|     0.00|      NaN|      NaN|      NaN
MULTIGET |        0|     0.00|     0.00|     0.00|      NaN|      NaN|      NaN
INVALID  |        0|     0.00|      ---|      ---|      NaN|      NaN|      ---
Average mutliget length: NaN
================================================================================
WORKER 47:
Type     |Total    |Ops/sec  |Hits/sec |Miss/Sec |Resp Time|Proc Time|Srvr Time
SET      |     4324|    48.04|    48.04|     0.00|  2875.90|  2683.65|  2646.70
GET      |        0|     0.00|     0.00|     0.00|      NaN|      NaN|      NaN
MULTIGET |        0|     0.00|     0.00|     0.00|      NaN|      NaN|      NaN
INVALID  |        0|     0.00|      ---|      ---|      NaN|      NaN|      ---
Average mutliget length: NaN
================================================================================
WORKER 48:
Type     |Total    |Ops/sec  |Hits/sec |Miss/Sec |Resp Time|Proc Time|Srvr Time
SET      |     4390|    48.78|    48.78|     0.00|  2854.66|  2660.01|  2613.97
GET      |        0|     0.00|     0.00|     0.00|      NaN|      NaN|      NaN
MULTIGET |        0|     0.00|     0.00|     0.00|      NaN|      NaN|      NaN
INVALID  |        0|     0.00|      ---|      ---|      NaN|      NaN|      ---
Average mutliget length: NaN
================================================================================
WORKER 49:
Type     |Total    |Ops/sec  |Hits/sec |Miss/Sec |Resp Time|Proc Time|Srvr Time
SET      |     4402|    48.91|    48.91|     0.00|  2883.05|  2673.88|  2630.93
GET      |        0|     0.00|     0.00|     0.00|      NaN|      NaN|      NaN
MULTIGET |        0|     0.00|     0.00|     0.00|      NaN|      NaN|      NaN
INVALID  |        0|     0.00|      ---|      ---|      NaN|      NaN|      ---
Average mutliget length: NaN
================================================================================
WORKER 50:
Type     |Total    |Ops/sec  |Hits/sec |Miss/Sec |Resp Time|Proc Time|Srvr Time
SET      |     4350|    48.33|    48.33|     0.00|  2839.77|  2644.84|  2606.76
GET      |        0|     0.00|     0.00|     0.00|      NaN|      NaN|      NaN
MULTIGET |        0|     0.00|     0.00|     0.00|      NaN|      NaN|      NaN
INVALID  |        0|     0.00|      ---|      ---|      NaN|      NaN|      ---
Average mutliget length: NaN
================================================================================
WORKER 51:
Type     |Total    |Ops/sec  |Hits/sec |Miss/Sec |Resp Time|Proc Time|Srvr Time
SET      |     4347|    48.30|    48.30|     0.00|  2840.24|  2658.14|  2619.98
GET      |        0|     0.00|     0.00|     0.00|      NaN|      NaN|      NaN
MULTIGET |        0|     0.00|     0.00|     0.00|      NaN|      NaN|      NaN
INVALID  |        0|     0.00|      ---|      ---|      NaN|      NaN|      ---
Average mutliget length: NaN
================================================================================
WORKER 52:
Type     |Total    |Ops/sec  |Hits/sec |Miss/Sec |Resp Time|Proc Time|Srvr Time
SET      |     4341|    48.23|    48.23|     0.00|  2851.42|  2660.42|  2621.18
GET      |        0|     0.00|     0.00|     0.00|      NaN|      NaN|      NaN
MULTIGET |        0|     0.00|     0.00|     0.00|      NaN|      NaN|      NaN
INVALID  |        0|     0.00|      ---|      ---|      NaN|      NaN|      ---
Average mutliget length: NaN
================================================================================
WORKER 53:
Type     |Total    |Ops/sec  |Hits/sec |Miss/Sec |Resp Time|Proc Time|Srvr Time
SET      |     4359|    48.43|    48.43|     0.00|  2828.22|  2648.94|  2607.87
GET      |        0|     0.00|     0.00|     0.00|      NaN|      NaN|      NaN
MULTIGET |        0|     0.00|     0.00|     0.00|      NaN|      NaN|      NaN
INVALID  |        0|     0.00|      ---|      ---|      NaN|      NaN|      ---
Average mutliget length: NaN
================================================================================
WORKER 54:
Type     |Total    |Ops/sec  |Hits/sec |Miss/Sec |Resp Time|Proc Time|Srvr Time
SET      |     4324|    48.04|    48.04|     0.00|  2852.20|  2666.26|  2629.43
GET      |        0|     0.00|     0.00|     0.00|      NaN|      NaN|      NaN
MULTIGET |        0|     0.00|     0.00|     0.00|      NaN|      NaN|      NaN
INVALID  |        0|     0.00|      ---|      ---|      NaN|      NaN|      ---
Average mutliget length: NaN
================================================================================
WORKER 55:
Type     |Total    |Ops/sec  |Hits/sec |Miss/Sec |Resp Time|Proc Time|Srvr Time
SET      |     4271|    47.46|    47.46|     0.00|  2892.72|  2694.66|  2656.54
GET      |        0|     0.00|     0.00|     0.00|      NaN|      NaN|      NaN
MULTIGET |        0|     0.00|     0.00|     0.00|      NaN|      NaN|      NaN
INVALID  |        0|     0.00|      ---|      ---|      NaN|      NaN|      ---
Average mutliget length: NaN
================================================================================
WORKER 56:
Type     |Total    |Ops/sec  |Hits/sec |Miss/Sec |Resp Time|Proc Time|Srvr Time
SET      |     4355|    48.39|    48.39|     0.00|  2869.56|  2672.89|  2636.04
GET      |        0|     0.00|     0.00|     0.00|      NaN|      NaN|      NaN
MULTIGET |        0|     0.00|     0.00|     0.00|      NaN|      NaN|      NaN
INVALID  |        0|     0.00|      ---|      ---|      NaN|      NaN|      ---
Average mutliget length: NaN
================================================================================
WORKER 57:
Type     |Total    |Ops/sec  |Hits/sec |Miss/Sec |Resp Time|Proc Time|Srvr Time
SET      |     4330|    48.11|    48.11|     0.00|  2871.01|  2681.00|  2642.04
GET      |        0|     0.00|     0.00|     0.00|      NaN|      NaN|      NaN
MULTIGET |        0|     0.00|     0.00|     0.00|      NaN|      NaN|      NaN
INVALID  |        0|     0.00|      ---|      ---|      NaN|      NaN|      ---
Average mutliget length: NaN
================================================================================
WORKER 58:
Type     |Total    |Ops/sec  |Hits/sec |Miss/Sec |Resp Time|Proc Time|Srvr Time
SET      |     4342|    48.24|    48.24|     0.00|  2865.87|  2680.55|  2641.11
GET      |        0|     0.00|     0.00|     0.00|      NaN|      NaN|      NaN
MULTIGET |        0|     0.00|     0.00|     0.00|      NaN|      NaN|      NaN
INVALID  |        0|     0.00|      ---|      ---|      NaN|      NaN|      ---
Average mutliget length: NaN
================================================================================
WORKER 59:
Type     |Total    |Ops/sec  |Hits/sec |Miss/Sec |Resp Time|Proc Time|Srvr Time
SET      |     4323|    48.03|    48.03|     0.00|  2860.20|  2664.82|  2625.85
GET      |        0|     0.00|     0.00|     0.00|      NaN|      NaN|      NaN
MULTIGET |        0|     0.00|     0.00|     0.00|      NaN|      NaN|      NaN
INVALID  |        0|     0.00|      ---|      ---|      NaN|      NaN|      ---
Average mutliget length: NaN
================================================================================
WORKER 60:
Type     |Total    |Ops/sec  |Hits/sec |Miss/Sec |Resp Time|Proc Time|Srvr Time
SET      |     4317|    47.97|    47.97|     0.00|  2855.37|  2663.45|  2624.45
GET      |        0|     0.00|     0.00|     0.00|      NaN|      NaN|      NaN
MULTIGET |        0|     0.00|     0.00|     0.00|      NaN|      NaN|      NaN
INVALID  |        0|     0.00|      ---|      ---|      NaN|      NaN|      ---
Average mutliget length: NaN
================================================================================
WORKER 61:
Type     |Total    |Ops/sec  |Hits/sec |Miss/Sec |Resp Time|Proc Time|Srvr Time
SET      |     4293|    47.70|    47.70|     0.00|  2881.72|  2676.22|  2636.90
GET      |        0|     0.00|     0.00|     0.00|      NaN|      NaN|      NaN
MULTIGET |        0|     0.00|     0.00|     0.00|      NaN|      NaN|      NaN
INVALID  |        0|     0.00|      ---|      ---|      NaN|      NaN|      ---
Average mutliget length: NaN
================================================================================
WORKER 62:
Type     |Total    |Ops/sec  |Hits/sec |Miss/Sec |Resp Time|Proc Time|Srvr Time
SET      |     4314|    47.93|    47.93|     0.00|  2882.44|  2686.81|  2646.47
GET      |        0|     0.00|     0.00|     0.00|      NaN|      NaN|      NaN
MULTIGET |        0|     0.00|     0.00|     0.00|      NaN|      NaN|      NaN
INVALID  |        0|     0.00|      ---|      ---|      NaN|      NaN|      ---
Average mutliget length: NaN
================================================================================
WORKER 63:
Type     |Total    |Ops/sec  |Hits/sec |Miss/Sec |Resp Time|Proc Time|Srvr Time
SET      |     4392|    48.80|    48.80|     0.00|  2861.09|  2663.08|  2620.73
GET      |        0|     0.00|     0.00|     0.00|      NaN|      NaN|      NaN
MULTIGET |        0|     0.00|     0.00|     0.00|      NaN|      NaN|      NaN
INVALID  |        0|     0.00|      ---|      ---|      NaN|      NaN|      ---
Average mutliget length: NaN
================================================================================
================================================================================

AGGREGATE FOR ALL WORKERS:
Type     |Total    |Ops/sec  |Hits/sec |Miss/Sec |Resp Time|Proc Time|Srvr Time
SET      |   277663|  3085.14|  3085.14|     0.00|  2862.78|  2669.87|  2630.10
GET      |        0|     0.00|     0.00|     0.00|      NaN|      NaN|      NaN
MULTIGET |        0|     0.00|     0.00|     0.00|      NaN|      NaN|      NaN
INVALID  |        0|     0.00|      ---|      ---|      NaN|      NaN|      ---
Average mutliget length: NaN


 HISTOGRAM
  Response time (ms)   Percent
                 0.1      0.00%
                 0.2      0.00%
                 0.3      0.00%
                 0.4      0.00%
                 0.5      0.00%
                 0.6      0.00%
                 0.7      0.00%
                 0.8      0.00%
                 0.9      0.00%
                 1.0      0.00%
                 1.1      0.00%
                 1.2      0.00%
                 1.3      0.00%
                 1.4      0.00%
                 1.5      0.00%
                 1.6      0.00%
                 1.7      0.00%
                 1.8      0.00%
                 1.9      0.00%
                 2.0      0.31%
                 2.1      2.83%
                 2.2      9.53%
                 2.3     19.97%
                 2.4     32.11%
                 2.5     43.75%
                 2.6     53.76%
                 2.7     61.88%
                 2.8     68.32%
                 2.9     73.32%
                 3.0     77.27%
                 3.1     80.39%
                 3.2     82.82%
                 3.3     84.79%
                 3.4     86.43%
                 3.5     87.76%
                 3.6     88.84%
                 3.7     89.77%
                 3.8     90.55%
                 3.9     91.26%
                 4.0     91.87%
                 4.1     92.42%
                 4.2     92.96%
                 4.3     93.44%
                 4.4     93.88%
                 4.5     94.27%
                 4.6     94.65%
                 4.7     95.00%
                 4.8     95.32%
                 4.9     95.62%
                 5.0     95.88%
                 5.1     96.14%
                 5.2     96.40%
                 5.3     96.62%
                 5.4     96.82%
                 5.5     97.01%
                 5.6     97.19%
                 5.7     97.35%
                 5.8     97.52%
                 5.9     97.66%
                 6.0     97.79%
                 6.1     97.92%
                 6.2     98.04%
                 6.3     98.16%
                 6.4     98.27%
                 6.5     98.37%
                 6.6     98.46%
                 6.7     98.53%
                 6.8     98.61%
                 6.9     98.68%
                 7.0     98.73%
                 7.1     98.79%
                 7.2     98.84%
                 7.3     98.88%
                 7.4     98.92%
                 7.5     98.97%
                 7.6     99.02%
                 7.7     99.06%
                 7.8     99.11%
                 7.9     99.14%
                 8.0     99.18%
                 8.1     99.22%
                 8.2     99.24%
                 8.3     99.28%
                 8.4     99.32%
                 8.5     99.35%
                 8.6     99.39%
                 8.7     99.41%
                 8.8     99.44%
                 8.9     99.48%
                 9.0     99.50%
                 9.1     99.53%
                 9.2     99.56%
                 9.3     99.59%
                 9.4     99.62%
                 9.5     99.64%
                 9.6     99.67%
                 9.7     99.68%
                 9.8     99.69%
                 9.9     99.71%
                10.0     99.73%
                10.1     99.75%
                10.2     99.76%
                10.3     99.77%
                10.4     99.79%
                10.5     99.80%
                10.6     99.81%
                10.7     99.82%
                10.8     99.83%
                10.9     99.84%
                11.0     99.85%
                11.1     99.87%
                11.2     99.88%
                11.3     99.88%
                11.4     99.89%
                11.5     99.89%
                11.6     99.90%
                11.7     99.91%
                11.8     99.91%
                11.9     99.92%
                12.0     99.93%
                12.1     99.93%
                12.2     99.93%
                12.3     99.93%
                12.4     99.94%
                12.5     99.94%
                12.6     99.94%
                12.7     99.94%
                12.8     99.95%
                12.9     99.95%
                13.0     99.95%
                13.1     99.96%
                13.2     99.96%
                13.3     99.96%
                13.4     99.96%
                13.5     99.97%
                13.6     99.97%
                13.7     99.97%
                13.8     99.97%
                13.9     99.97%
                14.0     99.97%
                14.1     99.97%
                14.2     99.97%
                14.3     99.97%
                14.4     99.97%
                14.5     99.97%
                14.6     99.98%
                14.7     99.98%
                14.8     99.98%
                14.9     99.98%
                15.0     99.98%
                15.1     99.98%
                15.2     99.98%
                15.3     99.98%
                15.4     99.98%
                15.5     99.98%
                15.6     99.98%
                15.7     99.98%
                15.8     99.98%
                15.9     99.98%
                16.0     99.98%
                16.1     99.98%
                16.2     99.98%
                16.3     99.98%
                16.4     99.98%
                16.5     99.98%
                16.6     99.98%
                16.7     99.98%
                16.8     99.98%
                16.9     99.98%
                17.0     99.98%
                17.1     99.98%
                17.2     99.98%
                17.3     99.98%
                17.4     99.98%
                17.5     99.98%
                17.6     99.98%
                17.7     99.98%
                17.8     99.98%
                17.9     99.98%
                18.0     99.98%
                18.1     99.98%
                18.2     99.98%
                18.3     99.98%
                18.4     99.98%
                18.5     99.98%
                18.6     99.98%
                18.7     99.98%
                18.8     99.98%
                18.9     99.98%
                19.0     99.98%
                19.1     99.98%
                19.2     99.98%
                19.3     99.98%
                19.4     99.98%
                19.5     99.98%
                19.6     99.99%
                19.7     99.99%
                19.8     99.99%
                19.9     99.99%
                20.0     99.99%
                20.1     99.99%
                20.2     99.99%
                20.3     99.99%
                20.4     99.99%
                20.5     99.99%
                20.6     99.99%
                20.7     99.99%
                20.8     99.99%
                20.9     99.99%
                21.0     99.99%
                21.1     99.99%
                21.2     99.99%
                21.3     99.99%
                21.4     99.99%
                21.5     99.99%
                21.6     99.99%
                21.7     99.99%
                21.8     99.99%
                21.9     99.99%
                22.0     99.99%
                22.1     99.99%
                22.2     99.99%
                22.3     99.99%
                22.4     99.99%
                22.5     99.99%
                22.6     99.99%
                22.7     99.99%
                22.8     99.99%
                22.9     99.99%
                23.0     99.99%
                23.1     99.99%
                23.2     99.99%
                23.3     99.99%
                23.4     99.99%
                23.5     99.99%
                23.6     99.99%
                23.7     99.99%
                23.8     99.99%
                23.9     99.99%
                24.0     99.99%
                24.1     99.99%
                24.2     99.99%
                24.3     99.99%
                24.4     99.99%
                24.5     99.99%
                24.6     99.99%
                24.7     99.99%
                24.8     99.99%
                24.9     99.99%
                25.0     99.99%
                25.1     99.99%
                25.2     99.99%
                25.3     99.99%
                25.4     99.99%
                25.5     99.99%
                25.6     99.99%
                25.7     99.99%
                25.8     99.99%
                25.9     99.99%
                26.0     99.99%
                26.1     99.99%
                26.2     99.99%
                26.3     99.99%
                26.4     99.99%
                26.5     99.99%
                26.6     99.99%
                26.7     99.99%
                26.8     99.99%
                26.9     99.99%
                27.0     99.99%
                27.1     99.99%
                27.2     99.99%
                27.3     99.99%
                27.4     99.99%
                27.5     99.99%
                27.6     99.99%
                27.7     99.99%
                27.8     99.99%
                27.9     99.99%
                28.0     99.99%
                28.1     99.99%
                28.2     99.99%
                28.3     99.99%
                28.4     99.99%
                28.5     99.99%
                28.6     99.99%
                28.7     99.99%
                28.8     99.99%
                28.9     99.99%
                29.0     99.99%
                29.1     99.99%
                29.2     99.99%
                29.3     99.99%
                29.4     99.99%
                29.5     99.99%
                29.6     99.99%
                29.7     99.99%
                29.8     99.99%
                29.9     99.99%
                30.0     99.99%
                30.1     99.99%
                30.2     99.99%
                30.3     99.99%
                30.4     99.99%
                30.5     99.99%
                30.6     99.99%
                30.7     99.99%
                30.8     99.99%
                30.9     99.99%
                31.0     99.99%
                31.1     99.99%
                31.2     99.99%
                31.3     99.99%
                31.4     99.99%
                31.5     99.99%
                31.6     99.99%
                31.7     99.99%
                31.8     99.99%
                31.9     99.99%
                32.0     99.99%
                32.1     99.99%
                32.2     99.99%
                32.3     99.99%
                32.4     99.99%
                32.5     99.99%
                32.6     99.99%
                32.7     99.99%
                32.8     99.99%
                32.9     99.99%
                33.0     99.99%
                33.1     99.99%
                33.2     99.99%
                33.3     99.99%
                33.4     99.99%
                33.5     99.99%
                33.6     99.99%
                33.7     99.99%
                33.8     99.99%
                33.9     99.99%
                34.0     99.99%
                34.1     99.99%
                34.2     99.99%
                34.3     99.99%
                34.4     99.99%
                34.5     99.99%
                34.6     99.99%
                34.7     99.99%
                34.8     99.99%
                34.9     99.99%
                35.0     99.99%
                35.1     99.99%
                35.2     99.99%
                35.3     99.99%
                35.4     99.99%
                35.5     99.99%
                35.6     99.99%
                35.7     99.99%
                35.8     99.99%
                35.9     99.99%
                36.0     99.99%
                36.1     99.99%
                36.2     99.99%
                36.3     99.99%
                36.4     99.99%
                36.5     99.99%
                36.6     99.99%
                36.7     99.99%
                36.8     99.99%
                36.9     99.99%
                37.0     99.99%
                37.1     99.99%
                37.2     99.99%
                37.3     99.99%
                37.4     99.99%
                37.5     99.99%
                37.6     99.99%
                37.7     99.99%
                37.8     99.99%
                37.9     99.99%
                38.0     99.99%
                38.1     99.99%
                38.2     99.99%
                38.3     99.99%
                38.4     99.99%
                38.5     99.99%
                38.6     99.99%
                38.7     99.99%
                38.8     99.99%
                38.9     99.99%
                39.0     99.99%
                39.1     99.99%
                39.2     99.99%
                39.3     99.99%
                39.4     99.99%
                39.5     99.99%
                39.6     99.99%
                39.7     99.99%
                39.8     99.99%
                39.9     99.99%
                40.0     99.99%
                40.1     99.99%
                40.2     99.99%
                40.3     99.99%
                40.4     99.99%
                40.5     99.99%
                40.6     99.99%
                40.7     99.99%
                40.8     99.99%
                40.9     99.99%
                41.0     99.99%
                41.1     99.99%
                41.2     99.99%
                41.3     99.99%
                41.4     99.99%
                41.5     99.99%
                41.6     99.99%
                41.7     99.99%
                41.8     99.99%
                41.9     99.99%
                42.0     99.99%
                42.1     99.99%
                42.2     99.99%
                42.3     99.99%
                42.4     99.99%
                42.5     99.99%
                42.6    100.00%
                42.7    100.00%
                42.8    100.00%
                42.9    100.00%
                43.0    100.00%
                43.1    100.00%
                43.2    100.00%
                43.3    100.00%
                43.4    100.00%
                43.5    100.00%
                43.6    100.00%
                43.7    100.00%
                43.8    100.00%
                43.9    100.00%
                44.0    100.00%
                44.1    100.00%
                44.2    100.00%
                44.3    100.00%
                44.4    100.00%
                44.5    100.00%
                44.6    100.00%
                44.7    100.00%
                44.8    100.00%
                44.9    100.00%
                45.0    100.00%
                45.1    100.00%
                45.2    100.00%
                45.3    100.00%
                45.4    100.00%
                45.5    100.00%
                45.6    100.00%
                45.7    100.00%
                45.8    100.00%
                45.9    100.00%
                46.0    100.00%
                46.1    100.00%
                46.2    100.00%
                46.3    100.00%
                46.4    100.00%
                46.5    100.00%
                46.6    100.00%
                46.7    100.00%
                46.8    100.00%
                46.9    100.00%
                47.0    100.00%
                47.1    100.00%
                47.2    100.00%
                47.3    100.00%
                47.4    100.00%
                47.5    100.00%
                47.6    100.00%
                47.7    100.00%
                47.8    100.00%
                47.9    100.00%
                48.0    100.00%
                48.1    100.00%
                48.2    100.00%
                48.3    100.00%
                48.4    100.00%
                48.5    100.00%
                48.6    100.00%
                48.7    100.00%
                48.8    100.00%
                48.9    100.00%
                49.0    100.00%
                49.1    100.00%
                49.2    100.00%
                49.3    100.00%
                49.4    100.00%
                49.5    100.00%
                49.6    100.00%
                49.7    100.00%
                49.8    100.00%
                49.9    100.00%
                50.0    100.00%
                50.1    100.00%
                50.2    100.00%
                50.3    100.00%
                50.4    100.00%
                50.5    100.00%
                50.6    100.00%
                50.7    100.00%
                50.8    100.00%
                50.9    100.00%
                51.0    100.00%
                51.1    100.00%
                51.2    100.00%
                51.3    100.00%
                51.4    100.00%
                51.5    100.00%
                51.6    100.00%
                51.7    100.00%
                51.8    100.00%
                51.9    100.00%
                52.0    100.00%
                52.1    100.00%
                52.2    100.00%
                52.3    100.00%
                52.4    100.00%
                52.5    100.00%
                52.6    100.00%
                52.7    100.00%
                52.8    100.00%
                52.9    100.00%
                53.0    100.00%
                53.1    100.00%
                53.2    100.00%
                53.3    100.00%
                53.4    100.00%
                53.5    100.00%
                53.6    100.00%
                53.7    100.00%
                53.8    100.00%
                53.9    100.00%
                54.0    100.00%
                54.1    100.00%
                54.2    100.00%
                54.3    100.00%
                54.4    100.00%
                54.5    100.00%
                54.6    100.00%
                54.7    100.00%
                54.8    100.00%
                54.9    100.00%
                55.0    100.00%
                55.1    100.00%
                55.2    100.00%
                55.3    100.00%
                55.4    100.00%
                55.5    100.00%
                55.6    100.00%
                55.7    100.00%
                55.8    100.00%
                55.9    100.00%

