Threads: 64, Sharded reads: false, Number of Memcached servers: 3.

All measures in microseconds.
  SETS   GETS  MGETS   INVLD    TOT   HITS     RSP T      Q T     SVR T  Q LEN
 29341      0      0       0  29341  29341   2569.21   124.02   2419.32      0
  3845      0      0       0   3845   3845   2373.28    70.65   2284.34      0
  3790      0      0       0   3790   3790   2332.83    70.92   2241.26      0
  3795      0      0       0   3795   3795   2381.44    74.87   2284.73      0
  3687      0      0       0   3687   3687   2380.07    92.07   2260.89      0
  4019      0      0       0   4019   4019   2254.19    74.26   2161.28      0
  3638      0      0       0   3638   3638   2472.78    64.18   2379.82     11
  3855      0      0       0   3855   3855   2338.91    73.63   2244.10      0
  3661      0      0       0   3661   3661   2477.41    82.02   2371.38      0
  3512      0      0       0   3512   3512   2564.93    72.14   2465.79      0
  3696      0      0       0   3696   3696   2440.14    62.94   2355.34      0
  3752      0      0       0   3752   3752   2403.03    96.71   2285.48      0
  3772      0      0       0   3772   3772   2344.25    71.28   2251.29      4
  3641      0      0       0   3641   3641   2507.55   116.34   2364.94      0
  3823      0      0       0   3823   3823   2347.35    56.96   2269.95      0
  3738      0      0       0   3738   3738   2384.86    69.02   2294.01      0
  3778      0      0       0   3778   3778   2411.54    81.57   2307.67      0
  3959      0      0       0   3959   3959   2269.92    55.40   2194.53      0
  3701      0      0       0   3701   3701   2416.36    76.87   2316.67      0
  3835      0      0       0   3835   3835   2344.85    74.26   2247.86      0
  3797      0      0       0   3797   3797   2394.30    67.69   2306.57      2
  3839      0      0       0   3839   3839   2372.17    69.26   2283.82      0
  3797      0      0       0   3797   3797   2403.62    53.17   2330.12      0
  3807      0      0       0   3807   3807   2369.33    63.83   2284.76      0
  3791      0      0       0   3791   3791   2358.27    73.00   2265.51      0
  3784      0      0       0   3784   3784   2418.01    67.04   2328.25      5
  3822      0      0       0   3822   3822   2318.94    63.90   2234.04      0
  4028      0      0       0   4028   4028   2274.42    50.55   2205.18      0
  4153      0      0       0   4153   4153   2207.06    53.63   2134.69      0
  3854      0      0       0   3854   3854   2295.07    65.15   2209.72      0
  3730      0      0       0   3730   3730   2390.37    66.07   2301.43      0
  3514      0      0       0   3514   3514   2621.95    73.22   2528.72      1
  3857      0      0       0   3857   3857   2340.28    61.94   2257.93      2
  3795      0      0       0   3795   3795   2410.90    57.64   2331.65      0
  3765      0      0       0   3765   3765   2400.16    89.60   2288.91      0
  3915      0      0       0   3915   3915   2320.55    83.19   2217.07      0
  3660      0      0       0   3660   3660   2488.32   101.71   2366.91      0
  3769      0      0       0   3769   3769   2436.45    87.04   2327.65      0
  3874      0      0       0   3874   3874   2346.10    74.94   2252.82      0
  3560      0      0       0   3560   3560   2425.91    92.54   2314.06      0
  3727      0      0       0   3727   3727   2411.52   100.38   2289.91      4
  3753      0      0       0   3753   3753   2421.85    75.42   2324.88      0
  3678      0      0       0   3678   3678   2458.24   117.86   2320.13      0
  3688      0      0       0   3688   3688   2407.59    89.02   2294.57      1
  3772      0      0       0   3772   3772   2370.57    89.09   2260.19      0
  3727      0      0       0   3727   3727   2411.57    60.92   2327.03      0
  3939      0      0       0   3939   3939   2256.09    71.75   2160.96      3
  3869      0      0       0   3869   3869   2351.79    53.92   2277.63      0
  3674      0      0       0   3674   3674   2506.90    66.18   2420.78      0
  3803      0      0       0   3803   3803   2314.07    93.80   2194.19      0
  3875      0      0       0   3875   3875   2294.89    76.87   2195.39      0
  3918      0      0       0   3918   3918   2273.65    63.21   2189.03      0
  3742      0      0       0   3742   3742   2364.51    56.20   2286.95      0
  3920      0      0       0   3920   3920   2273.46    54.74   2196.76      0
  3657      0      0       0   3657   3657   2461.65   110.29   2330.92      0
  3923      0      0       0   3923   3923   2255.91    56.34   2179.59      0
  3858      0      0       0   3858   3858   2330.45    62.24   2247.21      0
  3868      0      0       0   3868   3868   2335.87    57.30   2257.12      0
  4086      0      0       0   4086   4086   2208.52    52.55   2134.75      0
  3879      0      0       0   3879   3879   2317.12    69.02   2225.94      1
  3900      0      0       0   3900   3900   2306.46    50.49   2236.12      0
  4124      0      0       0   4124   4124   2186.44    75.92   2088.19      0
  3966      0      0       0   3966   3966   2300.18    71.75   2203.93      0
  4028      0      0       0   4028   4028   2228.77    57.02   2151.73      0
  3935      0      0       0   3935   3935   2295.32    94.90   2177.30      0
  3717      0      0       0   3717   3717   2409.03    83.35   2304.33      0
  4126      0      0       0   4126   4126   2210.37    63.16   2125.67      0
  3933      0      0       0   3933   3933   2292.77    54.66   2215.92      0
  3949      0      0       0   3949   3949   2261.71    53.89   2185.55      0
  4019      0      0       0   4019   4019   2214.07    62.70   2129.86      0
  3975      0      0       0   3975   3975   2279.00    65.91   2192.06      0
  3825      0      0       0   3825   3825   2375.13    76.38   2275.64      0
  3910      0      0       0   3910   3910   2327.20    64.83   2241.78      0
  3995      0      0       0   3995   3995   2266.33    52.04   2192.64      0
  3905      0      0       0   3905   3905   2312.36    70.45   2222.02      0
  4026      0      0       0   4026   4026   2237.59    66.32   2152.07      0
  3876      0      0       0   3876   3876   2291.29    60.20   2211.72      0
  3861      0      0       0   3861   3861   2348.90    56.01   2273.80      0
  4043      0      0       0   4043   4043   2254.60    57.75   2175.67      0
  3899      0      0       0   3899   3899   2251.03    62.22   2167.99      0
  3736      0      0       0   3736   3736   2401.49    91.63   2286.62      0
  3241      0      0       0   3241   3241   2408.67    61.01   2317.97      0
    28      0      0       0     28     28   2258.25    52.75   2185.64      0
     0      0      0       0      0      0       NaN      NaN       NaN      0
     0      0      0       0      0      0       NaN      NaN       NaN      0
     0      0      0       0      0      0       NaN      NaN       NaN      0
     0      0      0       0      0      0       NaN      NaN       NaN      0
     0      0      0       0      0      0       NaN      NaN       NaN      0
================================================================================
ALL STATS (timing measures are in microseconds)
WORKER 0:
Type     |Total    |Ops/sec  |Hits/sec |Miss/Sec |Resp Time|Proc Time|Srvr Time
SET      |     5279|    58.01|    58.01|     0.00|  2385.96|  2308.43|  2286.55
GET      |        0|     0.00|     0.00|     0.00|      NaN|      NaN|      NaN
MULTIGET |        0|     0.00|     0.00|     0.00|      NaN|      NaN|      NaN
INVALID  |        0|     0.00|      ---|      ---|      NaN|      NaN|      ---
Average mutliget length: NaN
================================================================================
WORKER 1:
Type     |Total    |Ops/sec  |Hits/sec |Miss/Sec |Resp Time|Proc Time|Srvr Time
SET      |     5333|    58.60|    58.60|     0.00|  2355.19|  2278.65|  2255.11
GET      |        0|     0.00|     0.00|     0.00|      NaN|      NaN|      NaN
MULTIGET |        0|     0.00|     0.00|     0.00|      NaN|      NaN|      NaN
INVALID  |        0|     0.00|      ---|      ---|      NaN|      NaN|      ---
Average mutliget length: NaN
================================================================================
WORKER 2:
Type     |Total    |Ops/sec  |Hits/sec |Miss/Sec |Resp Time|Proc Time|Srvr Time
SET      |     5297|    58.21|    58.21|     0.00|  2371.09|  2292.31|  2271.79
GET      |        0|     0.00|     0.00|     0.00|      NaN|      NaN|      NaN
MULTIGET |        0|     0.00|     0.00|     0.00|      NaN|      NaN|      NaN
INVALID  |        0|     0.00|      ---|      ---|      NaN|      NaN|      ---
Average mutliget length: NaN
================================================================================
WORKER 3:
Type     |Total    |Ops/sec  |Hits/sec |Miss/Sec |Resp Time|Proc Time|Srvr Time
SET      |     5324|    58.51|    58.51|     0.00|  2356.00|  2278.07|  2256.90
GET      |        0|     0.00|     0.00|     0.00|      NaN|      NaN|      NaN
MULTIGET |        0|     0.00|     0.00|     0.00|      NaN|      NaN|      NaN
INVALID  |        0|     0.00|      ---|      ---|      NaN|      NaN|      ---
Average mutliget length: NaN
================================================================================
WORKER 4:
Type     |Total    |Ops/sec  |Hits/sec |Miss/Sec |Resp Time|Proc Time|Srvr Time
SET      |     5292|    58.15|    58.15|     0.00|  2355.36|  2281.09|  2260.79
GET      |        0|     0.00|     0.00|     0.00|      NaN|      NaN|      NaN
MULTIGET |        0|     0.00|     0.00|     0.00|      NaN|      NaN|      NaN
INVALID  |        0|     0.00|      ---|      ---|      NaN|      NaN|      ---
Average mutliget length: NaN
================================================================================
WORKER 5:
Type     |Total    |Ops/sec  |Hits/sec |Miss/Sec |Resp Time|Proc Time|Srvr Time
SET      |     5337|    58.65|    58.65|     0.00|  2362.10|  2282.05|  2260.75
GET      |        0|     0.00|     0.00|     0.00|      NaN|      NaN|      NaN
MULTIGET |        0|     0.00|     0.00|     0.00|      NaN|      NaN|      NaN
INVALID  |        0|     0.00|      ---|      ---|      NaN|      NaN|      ---
Average mutliget length: NaN
================================================================================
WORKER 6:
Type     |Total    |Ops/sec  |Hits/sec |Miss/Sec |Resp Time|Proc Time|Srvr Time
SET      |     5346|    58.75|    58.75|     0.00|  2374.30|  2299.00|  2277.09
GET      |        0|     0.00|     0.00|     0.00|      NaN|      NaN|      NaN
MULTIGET |        0|     0.00|     0.00|     0.00|      NaN|      NaN|      NaN
INVALID  |        0|     0.00|      ---|      ---|      NaN|      NaN|      ---
Average mutliget length: NaN
================================================================================
WORKER 7:
Type     |Total    |Ops/sec  |Hits/sec |Miss/Sec |Resp Time|Proc Time|Srvr Time
SET      |     5293|    58.16|    58.16|     0.00|  2360.64|  2291.48|  2269.46
GET      |        0|     0.00|     0.00|     0.00|      NaN|      NaN|      NaN
MULTIGET |        0|     0.00|     0.00|     0.00|      NaN|      NaN|      NaN
INVALID  |        0|     0.00|      ---|      ---|      NaN|      NaN|      ---
Average mutliget length: NaN
================================================================================
WORKER 8:
Type     |Total    |Ops/sec  |Hits/sec |Miss/Sec |Resp Time|Proc Time|Srvr Time
SET      |     5294|    58.18|    58.18|     0.00|  2372.76|  2295.01|  2274.68
GET      |        0|     0.00|     0.00|     0.00|      NaN|      NaN|      NaN
MULTIGET |        0|     0.00|     0.00|     0.00|      NaN|      NaN|      NaN
INVALID  |        0|     0.00|      ---|      ---|      NaN|      NaN|      ---
Average mutliget length: NaN
================================================================================
WORKER 9:
Type     |Total    |Ops/sec  |Hits/sec |Miss/Sec |Resp Time|Proc Time|Srvr Time
SET      |     5341|    58.69|    58.69|     0.00|  2361.66|  2286.45|  2265.79
GET      |        0|     0.00|     0.00|     0.00|      NaN|      NaN|      NaN
MULTIGET |        0|     0.00|     0.00|     0.00|      NaN|      NaN|      NaN
INVALID  |        0|     0.00|      ---|      ---|      NaN|      NaN|      ---
Average mutliget length: NaN
================================================================================
WORKER 10:
Type     |Total    |Ops/sec  |Hits/sec |Miss/Sec |Resp Time|Proc Time|Srvr Time
SET      |     5329|    58.56|    58.56|     0.00|  2397.28|  2317.35|  2296.80
GET      |        0|     0.00|     0.00|     0.00|      NaN|      NaN|      NaN
MULTIGET |        0|     0.00|     0.00|     0.00|      NaN|      NaN|      NaN
INVALID  |        0|     0.00|      ---|      ---|      NaN|      NaN|      ---
Average mutliget length: NaN
================================================================================
WORKER 11:
Type     |Total    |Ops/sec  |Hits/sec |Miss/Sec |Resp Time|Proc Time|Srvr Time
SET      |     5286|    58.09|    58.09|     0.00|  2369.79|  2299.03|  2275.90
GET      |        0|     0.00|     0.00|     0.00|      NaN|      NaN|      NaN
MULTIGET |        0|     0.00|     0.00|     0.00|      NaN|      NaN|      NaN
INVALID  |        0|     0.00|      ---|      ---|      NaN|      NaN|      ---
Average mutliget length: NaN
================================================================================
WORKER 12:
Type     |Total    |Ops/sec  |Hits/sec |Miss/Sec |Resp Time|Proc Time|Srvr Time
SET      |     5376|    59.08|    59.08|     0.00|  2361.12|  2282.01|  2259.33
GET      |        0|     0.00|     0.00|     0.00|      NaN|      NaN|      NaN
MULTIGET |        0|     0.00|     0.00|     0.00|      NaN|      NaN|      NaN
INVALID  |        0|     0.00|      ---|      ---|      NaN|      NaN|      ---
Average mutliget length: NaN
================================================================================
WORKER 13:
Type     |Total    |Ops/sec  |Hits/sec |Miss/Sec |Resp Time|Proc Time|Srvr Time
SET      |     5294|    58.18|    58.18|     0.00|  2372.57|  2295.16|  2274.79
GET      |        0|     0.00|     0.00|     0.00|      NaN|      NaN|      NaN
MULTIGET |        0|     0.00|     0.00|     0.00|      NaN|      NaN|      NaN
INVALID  |        0|     0.00|      ---|      ---|      NaN|      NaN|      ---
Average mutliget length: NaN
================================================================================
WORKER 14:
Type     |Total    |Ops/sec  |Hits/sec |Miss/Sec |Resp Time|Proc Time|Srvr Time
SET      |     5305|    58.30|    58.30|     0.00|  2365.40|  2290.57|  2269.74
GET      |        0|     0.00|     0.00|     0.00|      NaN|      NaN|      NaN
MULTIGET |        0|     0.00|     0.00|     0.00|      NaN|      NaN|      NaN
INVALID  |        0|     0.00|      ---|      ---|      NaN|      NaN|      ---
Average mutliget length: NaN
================================================================================
WORKER 15:
Type     |Total    |Ops/sec  |Hits/sec |Miss/Sec |Resp Time|Proc Time|Srvr Time
SET      |     5316|    58.42|    58.42|     0.00|  2384.21|  2300.23|  2276.19
GET      |        0|     0.00|     0.00|     0.00|      NaN|      NaN|      NaN
MULTIGET |        0|     0.00|     0.00|     0.00|      NaN|      NaN|      NaN
INVALID  |        0|     0.00|      ---|      ---|      NaN|      NaN|      ---
Average mutliget length: NaN
================================================================================
WORKER 16:
Type     |Total    |Ops/sec  |Hits/sec |Miss/Sec |Resp Time|Proc Time|Srvr Time
SET      |     5306|    58.31|    58.31|     0.00|  2382.31|  2300.66|  2276.85
GET      |        0|     0.00|     0.00|     0.00|      NaN|      NaN|      NaN
MULTIGET |        0|     0.00|     0.00|     0.00|      NaN|      NaN|      NaN
INVALID  |        0|     0.00|      ---|      ---|      NaN|      NaN|      ---
Average mutliget length: NaN
================================================================================
WORKER 17:
Type     |Total    |Ops/sec  |Hits/sec |Miss/Sec |Resp Time|Proc Time|Srvr Time
SET      |     5348|    58.77|    58.77|     0.00|  2389.70|  2307.76|  2287.03
GET      |        0|     0.00|     0.00|     0.00|      NaN|      NaN|      NaN
MULTIGET |        0|     0.00|     0.00|     0.00|      NaN|      NaN|      NaN
INVALID  |        0|     0.00|      ---|      ---|      NaN|      NaN|      ---
Average mutliget length: NaN
================================================================================
WORKER 18:
Type     |Total    |Ops/sec  |Hits/sec |Miss/Sec |Resp Time|Proc Time|Srvr Time
SET      |     5284|    58.07|    58.07|     0.00|  2349.29|  2275.78|  2255.97
GET      |        0|     0.00|     0.00|     0.00|      NaN|      NaN|      NaN
MULTIGET |        0|     0.00|     0.00|     0.00|      NaN|      NaN|      NaN
INVALID  |        0|     0.00|      ---|      ---|      NaN|      NaN|      ---
Average mutliget length: NaN
================================================================================
WORKER 19:
Type     |Total    |Ops/sec  |Hits/sec |Miss/Sec |Resp Time|Proc Time|Srvr Time
SET      |     5349|    58.78|    58.78|     0.00|  2341.41|  2267.12|  2245.74
GET      |        0|     0.00|     0.00|     0.00|      NaN|      NaN|      NaN
MULTIGET |        0|     0.00|     0.00|     0.00|      NaN|      NaN|      NaN
INVALID  |        0|     0.00|      ---|      ---|      NaN|      NaN|      ---
Average mutliget length: NaN
================================================================================
WORKER 20:
Type     |Total    |Ops/sec  |Hits/sec |Miss/Sec |Resp Time|Proc Time|Srvr Time
SET      |     5319|    58.45|    58.45|     0.00|  2361.51|  2289.31|  2268.55
GET      |        0|     0.00|     0.00|     0.00|      NaN|      NaN|      NaN
MULTIGET |        0|     0.00|     0.00|     0.00|      NaN|      NaN|      NaN
INVALID  |        0|     0.00|      ---|      ---|      NaN|      NaN|      ---
Average mutliget length: NaN
================================================================================
WORKER 21:
Type     |Total    |Ops/sec  |Hits/sec |Miss/Sec |Resp Time|Proc Time|Srvr Time
SET      |     5291|    58.14|    58.14|     0.00|  2367.87|  2288.46|  2269.34
GET      |        0|     0.00|     0.00|     0.00|      NaN|      NaN|      NaN
MULTIGET |        0|     0.00|     0.00|     0.00|      NaN|      NaN|      NaN
INVALID  |        0|     0.00|      ---|      ---|      NaN|      NaN|      ---
Average mutliget length: NaN
================================================================================
WORKER 22:
Type     |Total    |Ops/sec  |Hits/sec |Miss/Sec |Resp Time|Proc Time|Srvr Time
SET      |     5308|    58.33|    58.33|     0.00|  2380.86|  2297.88|  2274.57
GET      |        0|     0.00|     0.00|     0.00|      NaN|      NaN|      NaN
MULTIGET |        0|     0.00|     0.00|     0.00|      NaN|      NaN|      NaN
INVALID  |        0|     0.00|      ---|      ---|      NaN|      NaN|      ---
Average mutliget length: NaN
================================================================================
WORKER 23:
Type     |Total    |Ops/sec  |Hits/sec |Miss/Sec |Resp Time|Proc Time|Srvr Time
SET      |     5258|    57.78|    57.78|     0.00|  2390.36|  2309.63|  2286.05
GET      |        0|     0.00|     0.00|     0.00|      NaN|      NaN|      NaN
MULTIGET |        0|     0.00|     0.00|     0.00|      NaN|      NaN|      NaN
INVALID  |        0|     0.00|      ---|      ---|      NaN|      NaN|      ---
Average mutliget length: NaN
================================================================================
WORKER 24:
Type     |Total    |Ops/sec  |Hits/sec |Miss/Sec |Resp Time|Proc Time|Srvr Time
SET      |     5213|    57.29|    57.29|     0.00|  2370.22|  2296.59|  2275.00
GET      |        0|     0.00|     0.00|     0.00|      NaN|      NaN|      NaN
MULTIGET |        0|     0.00|     0.00|     0.00|      NaN|      NaN|      NaN
INVALID  |        0|     0.00|      ---|      ---|      NaN|      NaN|      ---
Average mutliget length: NaN
================================================================================
WORKER 25:
Type     |Total    |Ops/sec  |Hits/sec |Miss/Sec |Resp Time|Proc Time|Srvr Time
SET      |     5268|    57.89|    57.89|     0.00|  2379.97|  2304.66|  2281.40
GET      |        0|     0.00|     0.00|     0.00|      NaN|      NaN|      NaN
MULTIGET |        0|     0.00|     0.00|     0.00|      NaN|      NaN|      NaN
INVALID  |        0|     0.00|      ---|      ---|      NaN|      NaN|      ---
Average mutliget length: NaN
================================================================================
WORKER 26:
Type     |Total    |Ops/sec  |Hits/sec |Miss/Sec |Resp Time|Proc Time|Srvr Time
SET      |     5277|    57.99|    57.99|     0.00|  2364.41|  2290.14|  2268.86
GET      |        0|     0.00|     0.00|     0.00|      NaN|      NaN|      NaN
MULTIGET |        0|     0.00|     0.00|     0.00|      NaN|      NaN|      NaN
INVALID  |        0|     0.00|      ---|      ---|      NaN|      NaN|      ---
Average mutliget length: NaN
================================================================================
WORKER 27:
Type     |Total    |Ops/sec  |Hits/sec |Miss/Sec |Resp Time|Proc Time|Srvr Time
SET      |     5321|    58.47|    58.47|     0.00|  2339.86|  2268.24|  2247.92
GET      |        0|     0.00|     0.00|     0.00|      NaN|      NaN|      NaN
MULTIGET |        0|     0.00|     0.00|     0.00|      NaN|      NaN|      NaN
INVALID  |        0|     0.00|      ---|      ---|      NaN|      NaN|      ---
Average mutliget length: NaN
================================================================================
WORKER 28:
Type     |Total    |Ops/sec  |Hits/sec |Miss/Sec |Resp Time|Proc Time|Srvr Time
SET      |     5310|    58.35|    58.35|     0.00|  2354.82|  2283.33|  2262.49
GET      |        0|     0.00|     0.00|     0.00|      NaN|      NaN|      NaN
MULTIGET |        0|     0.00|     0.00|     0.00|      NaN|      NaN|      NaN
INVALID  |        0|     0.00|      ---|      ---|      NaN|      NaN|      ---
Average mutliget length: NaN
================================================================================
WORKER 29:
Type     |Total    |Ops/sec  |Hits/sec |Miss/Sec |Resp Time|Proc Time|Srvr Time
SET      |     5318|    58.44|    58.44|     0.00|  2371.17|  2294.27|  2274.98
GET      |        0|     0.00|     0.00|     0.00|      NaN|      NaN|      NaN
MULTIGET |        0|     0.00|     0.00|     0.00|      NaN|      NaN|      NaN
INVALID  |        0|     0.00|      ---|      ---|      NaN|      NaN|      ---
Average mutliget length: NaN
================================================================================
WORKER 30:
Type     |Total    |Ops/sec  |Hits/sec |Miss/Sec |Resp Time|Proc Time|Srvr Time
SET      |     5262|    57.82|    57.82|     0.00|  2363.11|  2290.83|  2264.98
GET      |        0|     0.00|     0.00|     0.00|      NaN|      NaN|      NaN
MULTIGET |        0|     0.00|     0.00|     0.00|      NaN|      NaN|      NaN
INVALID  |        0|     0.00|      ---|      ---|      NaN|      NaN|      ---
Average mutliget length: NaN
================================================================================
WORKER 31:
Type     |Total    |Ops/sec  |Hits/sec |Miss/Sec |Resp Time|Proc Time|Srvr Time
SET      |     5336|    58.64|    58.64|     0.00|  2365.40|  2291.15|  2271.93
GET      |        0|     0.00|     0.00|     0.00|      NaN|      NaN|      NaN
MULTIGET |        0|     0.00|     0.00|     0.00|      NaN|      NaN|      NaN
INVALID  |        0|     0.00|      ---|      ---|      NaN|      NaN|      ---
Average mutliget length: NaN
================================================================================
WORKER 32:
Type     |Total    |Ops/sec  |Hits/sec |Miss/Sec |Resp Time|Proc Time|Srvr Time
SET      |     5295|    58.19|    58.19|     0.00|  2350.93|  2274.83|  2253.36
GET      |        0|     0.00|     0.00|     0.00|      NaN|      NaN|      NaN
MULTIGET |        0|     0.00|     0.00|     0.00|      NaN|      NaN|      NaN
INVALID  |        0|     0.00|      ---|      ---|      NaN|      NaN|      ---
Average mutliget length: NaN
================================================================================
WORKER 33:
Type     |Total    |Ops/sec  |Hits/sec |Miss/Sec |Resp Time|Proc Time|Srvr Time
SET      |     5285|    58.08|    58.08|     0.00|  2347.75|  2273.48|  2253.69
GET      |        0|     0.00|     0.00|     0.00|      NaN|      NaN|      NaN
MULTIGET |        0|     0.00|     0.00|     0.00|      NaN|      NaN|      NaN
INVALID  |        0|     0.00|      ---|      ---|      NaN|      NaN|      ---
Average mutliget length: NaN
================================================================================
WORKER 34:
Type     |Total    |Ops/sec  |Hits/sec |Miss/Sec |Resp Time|Proc Time|Srvr Time
SET      |     5301|    58.25|    58.25|     0.00|  2380.32|  2301.66|  2278.62
GET      |        0|     0.00|     0.00|     0.00|      NaN|      NaN|      NaN
MULTIGET |        0|     0.00|     0.00|     0.00|      NaN|      NaN|      NaN
INVALID  |        0|     0.00|      ---|      ---|      NaN|      NaN|      ---
Average mutliget length: NaN
================================================================================
WORKER 35:
Type     |Total    |Ops/sec  |Hits/sec |Miss/Sec |Resp Time|Proc Time|Srvr Time
SET      |     5325|    58.52|    58.52|     0.00|  2353.08|  2282.03|  2257.11
GET      |        0|     0.00|     0.00|     0.00|      NaN|      NaN|      NaN
MULTIGET |        0|     0.00|     0.00|     0.00|      NaN|      NaN|      NaN
INVALID  |        0|     0.00|      ---|      ---|      NaN|      NaN|      ---
Average mutliget length: NaN
================================================================================
WORKER 36:
Type     |Total    |Ops/sec  |Hits/sec |Miss/Sec |Resp Time|Proc Time|Srvr Time
SET      |     5282|    58.04|    58.04|     0.00|  2385.91|  2307.17|  2285.43
GET      |        0|     0.00|     0.00|     0.00|      NaN|      NaN|      NaN
MULTIGET |        0|     0.00|     0.00|     0.00|      NaN|      NaN|      NaN
INVALID  |        0|     0.00|      ---|      ---|      NaN|      NaN|      ---
Average mutliget length: NaN
================================================================================
WORKER 37:
Type     |Total    |Ops/sec  |Hits/sec |Miss/Sec |Resp Time|Proc Time|Srvr Time
SET      |     5280|    58.02|    58.02|     0.00|  2357.69|  2284.73|  2264.87
GET      |        0|     0.00|     0.00|     0.00|      NaN|      NaN|      NaN
MULTIGET |        0|     0.00|     0.00|     0.00|      NaN|      NaN|      NaN
INVALID  |        0|     0.00|      ---|      ---|      NaN|      NaN|      ---
Average mutliget length: NaN
================================================================================
WORKER 38:
Type     |Total    |Ops/sec  |Hits/sec |Miss/Sec |Resp Time|Proc Time|Srvr Time
SET      |     5292|    58.15|    58.15|     0.00|  2362.96|  2284.48|  2260.25
GET      |        0|     0.00|     0.00|     0.00|      NaN|      NaN|      NaN
MULTIGET |        0|     0.00|     0.00|     0.00|      NaN|      NaN|      NaN
INVALID  |        0|     0.00|      ---|      ---|      NaN|      NaN|      ---
Average mutliget length: NaN
================================================================================
WORKER 39:
Type     |Total    |Ops/sec  |Hits/sec |Miss/Sec |Resp Time|Proc Time|Srvr Time
SET      |     5371|    59.02|    59.02|     0.00|  2368.20|  2292.33|  2269.91
GET      |        0|     0.00|     0.00|     0.00|      NaN|      NaN|      NaN
MULTIGET |        0|     0.00|     0.00|     0.00|      NaN|      NaN|      NaN
INVALID  |        0|     0.00|      ---|      ---|      NaN|      NaN|      ---
Average mutliget length: NaN
================================================================================
WORKER 40:
Type     |Total    |Ops/sec  |Hits/sec |Miss/Sec |Resp Time|Proc Time|Srvr Time
SET      |     5313|    58.38|    58.38|     0.00|  2371.11|  2298.94|  2277.72
GET      |        0|     0.00|     0.00|     0.00|      NaN|      NaN|      NaN
MULTIGET |        0|     0.00|     0.00|     0.00|      NaN|      NaN|      NaN
INVALID  |        0|     0.00|      ---|      ---|      NaN|      NaN|      ---
Average mutliget length: NaN
================================================================================
WORKER 41:
Type     |Total    |Ops/sec  |Hits/sec |Miss/Sec |Resp Time|Proc Time|Srvr Time
SET      |     5294|    58.18|    58.18|     0.00|  2372.75|  2295.23|  2275.56
GET      |        0|     0.00|     0.00|     0.00|      NaN|      NaN|      NaN
MULTIGET |        0|     0.00|     0.00|     0.00|      NaN|      NaN|      NaN
INVALID  |        0|     0.00|      ---|      ---|      NaN|      NaN|      ---
Average mutliget length: NaN
================================================================================
WORKER 42:
Type     |Total    |Ops/sec  |Hits/sec |Miss/Sec |Resp Time|Proc Time|Srvr Time
SET      |     5351|    58.80|    58.80|     0.00|  2391.35|  2310.74|  2286.84
GET      |        0|     0.00|     0.00|     0.00|      NaN|      NaN|      NaN
MULTIGET |        0|     0.00|     0.00|     0.00|      NaN|      NaN|      NaN
INVALID  |        0|     0.00|      ---|      ---|      NaN|      NaN|      ---
Average mutliget length: NaN
================================================================================
WORKER 43:
Type     |Total    |Ops/sec  |Hits/sec |Miss/Sec |Resp Time|Proc Time|Srvr Time
SET      |     5323|    58.49|    58.49|     0.00|  2358.82|  2284.76|  2264.31
GET      |        0|     0.00|     0.00|     0.00|      NaN|      NaN|      NaN
MULTIGET |        0|     0.00|     0.00|     0.00|      NaN|      NaN|      NaN
INVALID  |        0|     0.00|      ---|      ---|      NaN|      NaN|      ---
Average mutliget length: NaN
================================================================================
WORKER 44:
Type     |Total    |Ops/sec  |Hits/sec |Miss/Sec |Resp Time|Proc Time|Srvr Time
SET      |     5322|    58.48|    58.48|     0.00|  2361.32|  2288.58|  2267.85
GET      |        0|     0.00|     0.00|     0.00|      NaN|      NaN|      NaN
MULTIGET |        0|     0.00|     0.00|     0.00|      NaN|      NaN|      NaN
INVALID  |        0|     0.00|      ---|      ---|      NaN|      NaN|      ---
Average mutliget length: NaN
================================================================================
WORKER 45:
Type     |Total    |Ops/sec  |Hits/sec |Miss/Sec |Resp Time|Proc Time|Srvr Time
SET      |     5274|    57.96|    57.96|     0.00|  2366.75|  2297.86|  2276.59
GET      |        0|     0.00|     0.00|     0.00|      NaN|      NaN|      NaN
MULTIGET |        0|     0.00|     0.00|     0.00|      NaN|      NaN|      NaN
INVALID  |        0|     0.00|      ---|      ---|      NaN|      NaN|      ---
Average mutliget length: NaN
================================================================================
WORKER 46:
Type     |Total    |Ops/sec  |Hits/sec |Miss/Sec |Resp Time|Proc Time|Srvr Time
SET      |     5254|    57.74|    57.74|     0.00|  2387.71|  2311.61|  2289.61
GET      |        0|     0.00|     0.00|     0.00|      NaN|      NaN|      NaN
MULTIGET |        0|     0.00|     0.00|     0.00|      NaN|      NaN|      NaN
INVALID  |        0|     0.00|      ---|      ---|      NaN|      NaN|      ---
Average mutliget length: NaN
================================================================================
WORKER 47:
Type     |Total    |Ops/sec  |Hits/sec |Miss/Sec |Resp Time|Proc Time|Srvr Time
SET      |     5347|    58.76|    58.76|     0.00|  2365.99|  2295.37|  2272.78
GET      |        0|     0.00|     0.00|     0.00|      NaN|      NaN|      NaN
MULTIGET |        0|     0.00|     0.00|     0.00|      NaN|      NaN|      NaN
INVALID  |        0|     0.00|      ---|      ---|      NaN|      NaN|      ---
Average mutliget length: NaN
================================================================================
WORKER 48:
Type     |Total    |Ops/sec  |Hits/sec |Miss/Sec |Resp Time|Proc Time|Srvr Time
SET      |     5274|    57.96|    57.96|     0.00|  2351.99|  2283.06|  2258.54
GET      |        0|     0.00|     0.00|     0.00|      NaN|      NaN|      NaN
MULTIGET |        0|     0.00|     0.00|     0.00|      NaN|      NaN|      NaN
INVALID  |        0|     0.00|      ---|      ---|      NaN|      NaN|      ---
Average mutliget length: NaN
================================================================================
WORKER 49:
Type     |Total    |Ops/sec  |Hits/sec |Miss/Sec |Resp Time|Proc Time|Srvr Time
SET      |     5289|    58.12|    58.12|     0.00|  2379.27|  2301.27|  2280.30
GET      |        0|     0.00|     0.00|     0.00|      NaN|      NaN|      NaN
MULTIGET |        0|     0.00|     0.00|     0.00|      NaN|      NaN|      NaN
INVALID  |        0|     0.00|      ---|      ---|      NaN|      NaN|      ---
Average mutliget length: NaN
================================================================================
WORKER 50:
Type     |Total    |Ops/sec  |Hits/sec |Miss/Sec |Resp Time|Proc Time|Srvr Time
SET      |     5268|    57.89|    57.89|     0.00|  2390.27|  2317.30|  2295.46
GET      |        0|     0.00|     0.00|     0.00|      NaN|      NaN|      NaN
MULTIGET |        0|     0.00|     0.00|     0.00|      NaN|      NaN|      NaN
INVALID  |        0|     0.00|      ---|      ---|      NaN|      NaN|      ---
Average mutliget length: NaN
================================================================================
WORKER 51:
Type     |Total    |Ops/sec  |Hits/sec |Miss/Sec |Resp Time|Proc Time|Srvr Time
SET      |     5254|    57.74|    57.74|     0.00|  2384.89|  2306.02|  2282.90
GET      |        0|     0.00|     0.00|     0.00|      NaN|      NaN|      NaN
MULTIGET |        0|     0.00|     0.00|     0.00|      NaN|      NaN|      NaN
INVALID  |        0|     0.00|      ---|      ---|      NaN|      NaN|      ---
Average mutliget length: NaN
================================================================================
WORKER 52:
Type     |Total    |Ops/sec  |Hits/sec |Miss/Sec |Resp Time|Proc Time|Srvr Time
SET      |     5282|    58.04|    58.04|     0.00|  2358.13|  2283.34|  2260.99
GET      |        0|     0.00|     0.00|     0.00|      NaN|      NaN|      NaN
MULTIGET |        0|     0.00|     0.00|     0.00|      NaN|      NaN|      NaN
INVALID  |        0|     0.00|      ---|      ---|      NaN|      NaN|      ---
Average mutliget length: NaN
================================================================================
WORKER 53:
Type     |Total    |Ops/sec  |Hits/sec |Miss/Sec |Resp Time|Proc Time|Srvr Time
SET      |     5286|    58.09|    58.09|     0.00|  2363.24|  2286.51|  2266.22
GET      |        0|     0.00|     0.00|     0.00|      NaN|      NaN|      NaN
MULTIGET |        0|     0.00|     0.00|     0.00|      NaN|      NaN|      NaN
INVALID  |        0|     0.00|      ---|      ---|      NaN|      NaN|      ---
Average mutliget length: NaN
================================================================================
WORKER 54:
Type     |Total    |Ops/sec  |Hits/sec |Miss/Sec |Resp Time|Proc Time|Srvr Time
SET      |     5269|    57.90|    57.90|     0.00|  2363.28|  2291.14|  2264.40
GET      |        0|     0.00|     0.00|     0.00|      NaN|      NaN|      NaN
MULTIGET |        0|     0.00|     0.00|     0.00|      NaN|      NaN|      NaN
INVALID  |        0|     0.00|      ---|      ---|      NaN|      NaN|      ---
Average mutliget length: NaN
================================================================================
WORKER 55:
Type     |Total    |Ops/sec  |Hits/sec |Miss/Sec |Resp Time|Proc Time|Srvr Time
SET      |     5304|    58.29|    58.29|     0.00|  2360.07|  2284.62|  2264.24
GET      |        0|     0.00|     0.00|     0.00|      NaN|      NaN|      NaN
MULTIGET |        0|     0.00|     0.00|     0.00|      NaN|      NaN|      NaN
INVALID  |        0|     0.00|      ---|      ---|      NaN|      NaN|      ---
Average mutliget length: NaN
================================================================================
WORKER 56:
Type     |Total    |Ops/sec  |Hits/sec |Miss/Sec |Resp Time|Proc Time|Srvr Time
SET      |     5310|    58.35|    58.35|     0.00|  2372.89|  2295.21|  2271.47
GET      |        0|     0.00|     0.00|     0.00|      NaN|      NaN|      NaN
MULTIGET |        0|     0.00|     0.00|     0.00|      NaN|      NaN|      NaN
INVALID  |        0|     0.00|      ---|      ---|      NaN|      NaN|      ---
Average mutliget length: NaN
================================================================================
WORKER 57:
Type     |Total    |Ops/sec  |Hits/sec |Miss/Sec |Resp Time|Proc Time|Srvr Time
SET      |     5337|    58.65|    58.65|     0.00|  2365.90|  2296.05|  2271.97
GET      |        0|     0.00|     0.00|     0.00|      NaN|      NaN|      NaN
MULTIGET |        0|     0.00|     0.00|     0.00|      NaN|      NaN|      NaN
INVALID  |        0|     0.00|      ---|      ---|      NaN|      NaN|      ---
Average mutliget length: NaN
================================================================================
WORKER 58:
Type     |Total    |Ops/sec  |Hits/sec |Miss/Sec |Resp Time|Proc Time|Srvr Time
SET      |     5266|    57.87|    57.87|     0.00|  2352.22|  2272.32|  2248.70
GET      |        0|     0.00|     0.00|     0.00|      NaN|      NaN|      NaN
MULTIGET |        0|     0.00|     0.00|     0.00|      NaN|      NaN|      NaN
INVALID  |        0|     0.00|      ---|      ---|      NaN|      NaN|      ---
Average mutliget length: NaN
================================================================================
WORKER 59:
Type     |Total    |Ops/sec  |Hits/sec |Miss/Sec |Resp Time|Proc Time|Srvr Time
SET      |     5269|    57.90|    57.90|     0.00|  2364.38|  2292.23|  2269.47
GET      |        0|     0.00|     0.00|     0.00|      NaN|      NaN|      NaN
MULTIGET |        0|     0.00|     0.00|     0.00|      NaN|      NaN|      NaN
INVALID  |        0|     0.00|      ---|      ---|      NaN|      NaN|      ---
Average mutliget length: NaN
================================================================================
WORKER 60:
Type     |Total    |Ops/sec  |Hits/sec |Miss/Sec |Resp Time|Proc Time|Srvr Time
SET      |     5279|    58.01|    58.01|     0.00|  2379.24|  2301.49|  2278.70
GET      |        0|     0.00|     0.00|     0.00|      NaN|      NaN|      NaN
MULTIGET |        0|     0.00|     0.00|     0.00|      NaN|      NaN|      NaN
INVALID  |        0|     0.00|      ---|      ---|      NaN|      NaN|      ---
Average mutliget length: NaN
================================================================================
WORKER 61:
Type     |Total    |Ops/sec  |Hits/sec |Miss/Sec |Resp Time|Proc Time|Srvr Time
SET      |     5330|    58.57|    58.57|     0.00|  2366.89|  2292.69|  2271.64
GET      |        0|     0.00|     0.00|     0.00|      NaN|      NaN|      NaN
MULTIGET |        0|     0.00|     0.00|     0.00|      NaN|      NaN|      NaN
INVALID  |        0|     0.00|      ---|      ---|      NaN|      NaN|      ---
Average mutliget length: NaN
================================================================================
WORKER 62:
Type     |Total    |Ops/sec  |Hits/sec |Miss/Sec |Resp Time|Proc Time|Srvr Time
SET      |     5275|    57.97|    57.97|     0.00|  2381.81|  2306.56|  2284.13
GET      |        0|     0.00|     0.00|     0.00|      NaN|      NaN|      NaN
MULTIGET |        0|     0.00|     0.00|     0.00|      NaN|      NaN|      NaN
INVALID  |        0|     0.00|      ---|      ---|      NaN|      NaN|      ---
Average mutliget length: NaN
================================================================================
WORKER 63:
Type     |Total    |Ops/sec  |Hits/sec |Miss/Sec |Resp Time|Proc Time|Srvr Time
SET      |     5311|    58.36|    58.36|     0.00|  2376.57|  2301.33|  2277.84
GET      |        0|     0.00|     0.00|     0.00|      NaN|      NaN|      NaN
MULTIGET |        0|     0.00|     0.00|     0.00|      NaN|      NaN|      NaN
INVALID  |        0|     0.00|      ---|      ---|      NaN|      NaN|      ---
Average mutliget length: NaN
================================================================================
================================================================================

AGGREGATE FOR ALL WORKERS:
Type     |Total    |Ops/sec  |Hits/sec |Miss/Sec |Resp Time|Proc Time|Srvr Time
SET      |   339322|  3728.81|  3728.81|     0.00|  2368.29|  2292.61|  2270.69
GET      |        0|     0.00|     0.00|     0.00|      NaN|      NaN|      NaN
MULTIGET |        0|     0.00|     0.00|     0.00|      NaN|      NaN|      NaN
INVALID  |        0|     0.00|      ---|      ---|      NaN|      NaN|      ---
Average mutliget length: NaN


 HISTOGRAM
  Response time (ms)   Percent
                 0.1      0.00%
                 0.2      0.00%
                 0.3      0.00%
                 0.4      0.00%
                 0.5      0.00%
                 0.6      0.00%
                 0.7      0.00%
                 0.8      0.00%
                 0.9      0.00%
                 1.0      0.00%
                 1.1      0.00%
                 1.2      0.00%
                 1.3      0.00%
                 1.4      0.00%
                 1.5      0.00%
                 1.6      0.00%
                 1.7      0.09%
                 1.8      3.78%
                 1.9     17.18%
                 2.0     35.77%
                 2.1     51.63%
                 2.2     63.00%
                 2.3     70.83%
                 2.4     76.47%
                 2.5     80.72%
                 2.6     83.70%
                 2.7     86.02%
                 2.8     87.80%
                 2.9     89.22%
                 3.0     90.43%
                 3.1     91.36%
                 3.2     92.13%
                 3.3     92.80%
                 3.4     93.36%
                 3.5     93.83%
                 3.6     94.29%
                 3.7     94.69%
                 3.8     95.05%
                 3.9     95.37%
                 4.0     95.67%
                 4.1     95.92%
                 4.2     96.13%
                 4.3     96.34%
                 4.4     96.55%
                 4.5     96.74%
                 4.6     96.93%
                 4.7     97.10%
                 4.8     97.27%
                 4.9     97.41%
                 5.0     97.55%
                 5.1     97.67%
                 5.2     97.78%
                 5.3     97.88%
                 5.4     97.97%
                 5.5     98.05%
                 5.6     98.14%
                 5.7     98.22%
                 5.8     98.30%
                 5.9     98.38%
                 6.0     98.46%
                 6.1     98.55%
                 6.2     98.63%
                 6.3     98.71%
                 6.4     98.79%
                 6.5     98.86%
                 6.6     98.91%
                 6.7     98.98%
                 6.8     99.04%
                 6.9     99.10%
                 7.0     99.17%
                 7.1     99.22%
                 7.2     99.28%
                 7.3     99.35%
                 7.4     99.40%
                 7.5     99.44%
                 7.6     99.50%
                 7.7     99.54%
                 7.8     99.58%
                 7.9     99.61%
                 8.0     99.64%
                 8.1     99.66%
                 8.2     99.67%
                 8.3     99.69%
                 8.4     99.70%
                 8.5     99.72%
                 8.6     99.73%
                 8.7     99.75%
                 8.8     99.77%
                 8.9     99.78%
                 9.0     99.80%
                 9.1     99.81%
                 9.2     99.82%
                 9.3     99.83%
                 9.4     99.84%
                 9.5     99.85%
                 9.6     99.86%
                 9.7     99.86%
                 9.8     99.87%
                 9.9     99.88%
                10.0     99.89%
                10.1     99.89%
                10.2     99.90%
                10.3     99.90%
                10.4     99.91%
                10.5     99.91%
                10.6     99.91%
                10.7     99.92%
                10.8     99.92%
                10.9     99.92%
                11.0     99.92%
                11.1     99.93%
                11.2     99.93%
                11.3     99.94%
                11.4     99.94%
                11.5     99.94%
                11.6     99.95%
                11.7     99.95%
                11.8     99.95%
                11.9     99.96%
                12.0     99.96%
                12.1     99.96%
                12.2     99.97%
                12.3     99.97%
                12.4     99.97%
                12.5     99.97%
                12.6     99.97%
                12.7     99.97%
                12.8     99.97%
                12.9     99.97%
                13.0     99.97%
                13.1     99.97%
                13.2     99.97%
                13.3     99.97%
                13.4     99.97%
                13.5     99.97%
                13.6     99.97%
                13.7     99.97%
                13.8     99.97%
                13.9     99.97%
                14.0     99.98%
                14.1     99.98%
                14.2     99.98%
                14.3     99.98%
                14.4     99.98%
                14.5     99.98%
                14.6     99.98%
                14.7     99.98%
                14.8     99.99%
                14.9     99.99%
                15.0     99.99%
                15.1     99.99%
                15.2     99.99%
                15.3     99.99%
                15.4     99.99%
                15.5     99.99%
                15.6     99.99%
                15.7     99.99%
                15.8     99.99%
                15.9     99.99%
                16.0     99.99%
                16.1     99.99%
                16.2     99.99%
                16.3     99.99%
                16.4     99.99%
                16.5     99.99%
                16.6     99.99%
                16.7     99.99%
                16.8     99.99%
                16.9     99.99%
                17.0     99.99%
                17.1     99.99%
                17.2     99.99%
                17.3     99.99%
                17.4     99.99%
                17.5     99.99%
                17.6     99.99%
                17.7     99.99%
                17.8     99.99%
                17.9     99.99%
                18.0     99.99%
                18.1     99.99%
                18.2     99.99%
                18.3     99.99%
                18.4     99.99%
                18.5     99.99%
                18.6     99.99%
                18.7     99.99%
                18.8     99.99%
                18.9     99.99%
                19.0     99.99%
                19.1     99.99%
                19.2     99.99%
                19.3     99.99%
                19.4     99.99%
                19.5     99.99%
                19.6     99.99%
                19.7     99.99%
                19.8     99.99%
                19.9     99.99%
                20.0     99.99%
                20.1     99.99%
                20.2     99.99%
                20.3     99.99%
                20.4     99.99%
                20.5     99.99%
                20.6     99.99%
                20.7     99.99%
                20.8     99.99%
                20.9     99.99%
                21.0     99.99%
                21.1     99.99%
                21.2     99.99%
                21.3     99.99%
                21.4     99.99%
                21.5     99.99%
                21.6     99.99%
                21.7     99.99%
                21.8     99.99%
                21.9     99.99%
                22.0     99.99%
                22.1     99.99%
                22.2     99.99%
                22.3     99.99%
                22.4     99.99%
                22.5     99.99%
                22.6     99.99%
                22.7     99.99%
                22.8     99.99%
                22.9     99.99%
                23.0     99.99%
                23.1     99.99%
                23.2     99.99%
                23.3     99.99%
                23.4     99.99%
                23.5     99.99%
                23.6     99.99%
                23.7     99.99%
                23.8     99.99%
                23.9     99.99%
                24.0     99.99%
                24.1     99.99%
                24.2     99.99%
                24.3     99.99%
                24.4     99.99%
                24.5     99.99%
                24.6     99.99%
                24.7     99.99%
                24.8     99.99%
                24.9     99.99%
                25.0     99.99%
                25.1     99.99%
                25.2     99.99%
                25.3    100.00%
                25.4    100.00%
                25.5    100.00%
                25.6    100.00%
                25.7    100.00%
                25.8    100.00%
                25.9    100.00%
                26.0    100.00%
                26.1    100.00%
                26.2    100.00%
                26.3    100.00%
                26.4    100.00%
                26.5    100.00%
                26.6    100.00%
                26.7    100.00%
                26.8    100.00%
                26.9    100.00%
                27.0    100.00%
                27.1    100.00%

