[7l----total-cpu-usage---- -net/total- -dsk/total- --epoch---
usr sys idl wai hiq siq| recv  send| read  writ|  epoch   
  2   4  91   2   2   0|   0     0 |  44k 9237k|1510860449
  1   1  98   0   0   0|   0    25k|   0     0 |1510860450
  0   0 100   0   0   0|1820B  962B|   0     0 |1510860451
  0   1  98   0   1   0|  61k  526k|   0     0 |1510860452
  1   1  96   0   2   0|  78k  706k|   0     0 |1510860453
  0   1  96   2   1   0|  74k  668k|   0    40k|1510860454
  1   2  96   0   1   0|  68k  653k|   0     0 |1510860455
  1   1  97   0   1   0|  73k  705k|   0     0 |1510860456
  0   1  97   0   2   0|  71k  697k|   0     0 |1510860457
  1   2  96   0   1   0|  73k  735k|   0     0 |1510860458
  0   1  97   0   2   0|  71k  722k|   0    28k|1510860459
  1   1  95   2   1   0|  68k  679k|   0    12k|1510860460
  0   2  96   0   2   0|  73k  721k|   0     0 |1510860461
  1   1  97   0   1   0|  71k  695k|   0     0 |1510860462
  1   2  94   0   3   0| 138k 1314k|   0     0 |1510860463
  1   3  94   0   2   0| 185k 1825k|   0     0 |1510860464
  1   2  94   0   3   0| 166k 1686k|   0     0 |1510860465
  1   2  91   3   3   0| 171k 1802k|   0    12k|1510860466
  1   3  94   0   2   0| 170k 1804k|   0     0 |1510860467
  1   2  94   0   3   0| 162k 1663k|   0     0 |1510860468
  2   3  93   0   2   0| 175k 1853k|   0     0 |1510860469
  1   3  93   0   3   0| 174k 1826k|   0     0 |1510860470
  1   2  95   0   2   0| 176k 1867k|   0     0 |1510860471
  1   3  91   2   3   0| 170k 1807k|   0    12k|1510860472
  1   2  94   0   3   0| 171k 1775k|   0     0 |1510860473
  2   3  93   0   2   0| 178k 1879k|   0     0 |1510860474
  1   2  94   0   3   0| 176k 1874k|   0     0 |1510860475
  1   3  93   0   3   0| 174k 1816k|   0     0 |1510860476
  1   3  93   0   3   0| 176k 1871k|   0     0 |1510860477
  1   3  90   3   3   0| 180k 1927k|   0    12k|1510860478
  1   2  94   0   3   0| 177k 1895k|   0  8192B|1510860479
  1   3  94   0   2   0| 178k 1902k|   0     0 |1510860480
  1   2  94   0   3   0| 150k 1567k|   0     0 |1510860481
  1   3  94   0   2   0| 176k 1872k|   0     0 |1510860482
  1   2  94   0   3   0| 183k 1945k|   0     0 |1510860483
  2   3  89   3   3   0| 178k 1923k|   0    16k|1510860484
  1   3  94   0   2   0| 173k 1831k|   0     0 |1510860485
  1   3  93   0   3   0| 170k 1810k|   0     0 |1510860486
  1   2  94   0   3   0| 176k 1873k|   0     0 |1510860487
  1   3  94   0   2   0| 178k 1890k|   0     0 |1510860488
  1   3  94   0   2   0| 176k 1879k|   0     0 |1510860489
  1   2  91   3   3   0| 170k 1840k|   0    20k|1510860490
  1   3  93   0   3   0| 177k 1877k|   0     0 |1510860491
  1   2  95   0   2   0| 173k 1808k|   0     0 |1510860492
  1   3  93   0   3   0| 178k 1922k|   0     0 |1510860493
  2   3  92   0   3   0| 180k 1908k|   0     0 |1510860494
  1   3  93   0   3   0| 174k 1839k|   0  8192B|1510860495
  1   2  93   2   2   0| 174k 1840k|   0    12k|1510860496
  1   3  93   0   3   0| 170k 1789k|   0     0 |1510860497
  1   2  94   0   3   0| 172k 1837k|   0     0 |1510860498
  1   3  94   0   2   0| 175k 1868k|   0     0 |1510860499
  2   3  92   0   3   0| 174k 1852k|   0     0 |1510860500
  1   2  94   0   3   0| 175k 1857k|   0     0 |1510860501
  1   3  91   2   3   0| 177k 1895k|   0    12k|1510860502
  1   3  93   0   3   0| 177k 1880k|   0     0 |1510860503
  1   2  95   0   2   0| 165k 1719k|   0     0 |1510860504
  2   3  92   0   3   0| 178k 1912k|   0     0 |1510860505
  0   2  95   0   3   0| 144k 1476k|   0     0 |1510860506
  1   3  94   0   2   0| 148k 1527k|   0     0 |1510860507
  2   2  92   2   2   0| 172k 1811k|   0    12k|1510860508
  1   3  93   0   3   0| 169k 1809k|   0     0 |1510860509
  1   3  93   0   3   0| 172k 1818k|   0     0 |1510860510
  1   3  93   0   3   0| 173k 1841k|   0     0 |1510860511
  1   2  95   0   2   0| 175k 1877k|   0     0 |1510860512
  1   3  93   0   3   0| 169k 1781k|   0     0 |1510860513
  2   2  91   2   3   0| 174k 1849k|   0    12k|1510860514
  1   3  94   0   2   0| 171k 1815k|   0  4096B|1510860515
  1   2  94   0   3   0| 173k 1835k|   0     0 |1510860516
  1   3  93   0   3   0| 177k 1892k|   0     0 |1510860517
  1   3  94   0   2   0| 172k 1814k|   0     0 |1510860518
  1   2  94   0   3   0| 172k 1822k|   0     0 |1510860519
  1   3  90   3   3   0| 168k 1779k|   0    12k|1510860520
  1   3  94   0   2   0| 171k 1809k|   0     0 |1510860521
  2   2  93   0   3   0| 171k 1813k|   0     0 |1510860522
  1   3  93   0   3   0| 173k 1832k|   0     0 |1510860523
  1   3  93   0   3   0| 173k 1838k|   0     0 |1510860524
  1   2  95   0   2   0| 174k 1850k|   0     0 |1510860525
  1   3  91   2   3   0| 175k 1842k|   0    12k|1510860526
  2   2  93   0   3   0| 174k 1844k|   0     0 |1510860527
  1   3  92   0   4   0| 176k 1865k|   0     0 |1510860528
  1   3  94   0   2   0| 171k 1825k|   0     0 |1510860529
  1   3  93   0   3   0| 171k 1800k|   0     0 |1510860530
  1   2  95   0   2   0| 172k 1831k|   0     0 |1510860531
  1   3  90   2   4   0| 170k 1815k|   0    12k|1510860532
  1   3  93   0   3   0| 175k 1875k|   0     0 |1510860533
  2   3  93   0   2   0| 170k 1791k|   0     0 |1510860534
  1   2  94   0   3   0| 173k 1811k|   0     0 |1510860535
  1   3  93   0   3   0| 171k 1809k|   0     0 |1510860536
  1   3  93   0   3   0| 168k 1774k|   0     0 |1510860537
  1   3  90   3   3   0| 171k 1786k|   0    12k|1510860538
  1   2  94   0   3   0| 171k 1787k|   0     0 |1510860539
