Threads: 32, Sharded reads: false, Number of Memcached servers: 3.

All measures in microseconds.
  SETS   GETS  MGETS   INVLD    TOT   HITS     RSP T      Q T     SVR T  Q LEN
 47945      0      0       0  47945  47945  12839.01  7480.62   5305.74     32
  6180      0      0       0   6180   6180  12858.21  7694.12   5116.74     49
  5966      0      0       0   5966   5966  12955.93  7699.09   5211.51     49
  5903      0      0       0   5903   5903  12662.76  7397.40   5221.81     46
  5948      0      0       0   5948   5948  13112.53  7768.61   5303.49     19
  6056      0      0       0   6056   6056  12719.08  7525.05   5153.95     42
  6004      0      0       0   6004   6004  12856.71  7635.52   5177.67     56
  6166      0      0       0   6166   6166  12358.70  7270.54   5043.36     45
  5452      0      0       0   5452   5452  14091.94  8334.73   5688.94     30
  6203      0      0       0   6203   6203  12223.15  7154.68   5026.76     34
  6075      0      0       0   6075   6075  12115.64  6980.57   5088.76     42
  6408      0      0       0   6408   6408  11935.59  7024.92   4866.65     46
  6337      0      0       0   6337   6337  11768.51  6850.55   4878.33     34
  6152      0      0       0   6152   6152  12532.06  7429.12   5059.95     64
  6111      0      0       0   6111   6111  12323.91  7183.84   5093.51     44
  6249      0      0       0   6249   6249  12252.72  7230.75   4976.12     46
  6179      0      0       0   6179   6179  12533.89  7430.99   5055.33     45
  5700      0      0       0   5700   5700  13730.61  8188.70   5482.71     40
  5956      0      0       0   5956   5956  12871.73  7612.87   5220.72     54
  6311      0      0       0   6311   6311  12059.87  7084.59   4934.03     28
  6168      0      0       0   6168   6168  12049.78  6979.62   5026.47     46
  6300      0      0       0   6300   6300  11914.90  6905.29   4961.36     55
  6474      0      0       0   6474   6474  11418.21  6623.29   4747.87     62
  6206      0      0       0   6206   6206  11944.60  6883.77   5015.82     40
  6260      0      0       0   6260   6260  12052.04  7026.27   4989.30     42
  6259      0      0       0   6259   6259  11933.52  6913.46   4974.89     31
  6419      0      0       0   6419   6419  11722.12  6815.84   4862.41     40
  6486      0      0       0   6486   6486  11669.95  6847.90   4779.16     37
  6250      0      0       0   6250   6250  11937.68  6912.64   4983.81     47
  6360      0      0       0   6360   6360  11561.58  6711.64   4805.87     52
  5882      0      0       0   5882   5882  12920.69  7605.19   5274.73     42
  6418      0      0       0   6418   6418  11615.25  6681.86   4895.40     55
  5856      0      0       0   5856   5856  12866.79  7566.93   5237.94     64
  5964      0      0       0   5964   5964  12878.97  7590.71   5244.45     40
  5952      0      0       0   5952   5952  12702.66  7481.75   5174.27     48
  6203      0      0       0   6203   6203  12219.32  7164.93   5007.75     46
  6320      0      0       0   6320   6320  12048.49  7096.85   4907.84     36
  6062      0      0       0   6062   6062  12480.70  7342.00   5097.17     47
  6322      0      0       0   6322   6322  11910.46  7056.91   4807.93     49
  6123      0      0       0   6123   6123  12670.33  7511.72   5113.28     32
  6095      0      0       0   6095   6095  12375.43  7229.49   5104.01     44
  6278      0      0       0   6278   6278  12071.77  7064.26   4964.93     38
  6228      0      0       0   6228   6228  12220.88  7172.99   5005.60     47
  5816      0      0       0   5816   5816  13486.68  8079.07   5371.46     18
  5514      0      0       0   5514   5514  14082.87  8421.96   5612.37     50
  5168      0      0       0   5168   5168  14298.88  8553.15   5697.74     50
  5317      0      0       0   5317   5317  15822.07  9561.24   6222.70     50
  5346      0      0       0   5346   5346  14925.81  9043.53   5834.19     25
  5824      0      0       0   5824   5824  13388.46  7999.68   5341.94     64
  5346      0      0       0   5346   5346  14946.62  9064.46   5825.62     60
  5709      0      0       0   5709   5709  13765.18  8268.02   5455.31     42
  6086      0      0       0   6086   6086  12454.11  7328.33   5081.14     49
  5631      0      0       0   5631   5631  13815.93  8219.26   5547.09     46
  5769      0      0       0   5769   5769  13624.04  8190.08   5392.79     58
  6066      0      0       0   6066   6066  12724.08  7523.33   5154.32     43
  6062      0      0       0   6062   6062  12642.04  7466.93   5129.43     46
  5876      0      0       0   5876   5876  12728.30  7432.17   5238.13     32
  5598      0      0       0   5598   5598  13740.54  8084.89   5600.41     46
  5762      0      0       0   5762   5762  13627.51  8187.32   5392.51     60
  5663      0      0       0   5663   5663  13766.62  8231.01   5484.15     38
  6197      0      0       0   6197   6197  12379.88  7320.24   5011.44     39
  5670      0      0       0   5670   5670  13528.93  8096.54   5389.06     33
  5342      0      0       0   5342   5342  14327.25  8463.58   5809.63     31
  5766      0      0       0   5766   5766  13435.83  8056.45   5326.46     31
  5519      0      0       0   5519   5519  14573.78  8874.37   5644.44     48
  5813      0      0       0   5813   5813  13559.03  8147.14   5363.76     42
  5921      0      0       0   5921   5921  12646.07  7373.86   5213.95     44
  5340      0      0       0   5340   5340  14309.07  8470.77   5776.23     36
  5083      0      0       0   5083   5083  14650.66  8618.51   5984.99     36
  5787      0      0       0   5787   5787  12499.40  7168.88   5282.83     42
  5978      0      0       0   5978   5978  12429.38  7165.10   5219.24     34
  5664      0      0       0   5664   5664  13169.65  7669.69   5437.85     42
  6024      0      0       0   6024   6024  12360.99  7234.91   5080.63     53
  5401      0      0       0   5401   5401  14205.46  8457.24   5703.15     45
  4883      0      0       0   4883   4883  15027.34  8590.29   6389.55     29
  4680      0      0       0   4680   4680  15435.08  8707.46   6688.09     34
  5250      0      0       0   5250   5250  14319.06  8389.36   5883.83     39
  5375      0      0       0   5375   5375  13734.87  8073.24   5606.97     35
  5992      0      0       0   5992   5992  13081.54  7825.37   5215.58     43
  5775      0      0       0   5775   5775  13210.20  7804.61   5360.85     46
  5926      0      0       0   5926   5926  13049.60  7754.25   5241.53     41
  5442      0      0       0   5442   5442  13229.20  7451.26   5713.76     14
   516      0      0       0    516    516   7842.70  2353.17   5455.43      0
     0      0      0       0      0      0       NaN      NaN       NaN      0
     0      0      0       0      0      0       NaN      NaN       NaN      0
     0      0      0       0      0      0       NaN      NaN       NaN      0
================================================================================
ALL STATS (timing measures are in microseconds)
WORKER 0:
Type     |Total    |Ops/sec  |Hits/sec |Miss/Sec |Resp Time|Proc Time|Srvr Time
SET      |    16400|   182.22|   182.22|     0.00| 12900.83|  5330.27|  5282.02
GET      |        0|     0.00|     0.00|     0.00|      NaN|      NaN|      NaN
MULTIGET |        0|     0.00|     0.00|     0.00|      NaN|      NaN|      NaN
INVALID  |        0|     0.00|      ---|      ---|      NaN|      NaN|      ---
Average mutliget length: NaN
================================================================================
WORKER 1:
Type     |Total    |Ops/sec  |Hits/sec |Miss/Sec |Resp Time|Proc Time|Srvr Time
SET      |    16441|   182.68|   182.68|     0.00| 12933.15|  5316.23|  5268.21
GET      |        0|     0.00|     0.00|     0.00|      NaN|      NaN|      NaN
MULTIGET |        0|     0.00|     0.00|     0.00|      NaN|      NaN|      NaN
INVALID  |        0|     0.00|      ---|      ---|      NaN|      NaN|      ---
Average mutliget length: NaN
================================================================================
WORKER 2:
Type     |Total    |Ops/sec  |Hits/sec |Miss/Sec |Resp Time|Proc Time|Srvr Time
SET      |    16389|   182.10|   182.10|     0.00| 12905.62|  5333.42|  5286.39
GET      |        0|     0.00|     0.00|     0.00|      NaN|      NaN|      NaN
MULTIGET |        0|     0.00|     0.00|     0.00|      NaN|      NaN|      NaN
INVALID  |        0|     0.00|      ---|      ---|      NaN|      NaN|      ---
Average mutliget length: NaN
================================================================================
WORKER 3:
Type     |Total    |Ops/sec  |Hits/sec |Miss/Sec |Resp Time|Proc Time|Srvr Time
SET      |    16443|   182.70|   182.70|     0.00| 12892.46|  5313.86|  5270.40
GET      |        0|     0.00|     0.00|     0.00|      NaN|      NaN|      NaN
MULTIGET |        0|     0.00|     0.00|     0.00|      NaN|      NaN|      NaN
INVALID  |        0|     0.00|      ---|      ---|      NaN|      NaN|      ---
Average mutliget length: NaN
================================================================================
WORKER 4:
Type     |Total    |Ops/sec  |Hits/sec |Miss/Sec |Resp Time|Proc Time|Srvr Time
SET      |    16410|   182.33|   182.33|     0.00| 12921.71|  5324.03|  5278.21
GET      |        0|     0.00|     0.00|     0.00|      NaN|      NaN|      NaN
MULTIGET |        0|     0.00|     0.00|     0.00|      NaN|      NaN|      NaN
INVALID  |        0|     0.00|      ---|      ---|      NaN|      NaN|      ---
Average mutliget length: NaN
================================================================================
WORKER 5:
Type     |Total    |Ops/sec  |Hits/sec |Miss/Sec |Resp Time|Proc Time|Srvr Time
SET      |    16437|   182.63|   182.63|     0.00| 12901.37|  5314.95|  5268.24
GET      |        0|     0.00|     0.00|     0.00|      NaN|      NaN|      NaN
MULTIGET |        0|     0.00|     0.00|     0.00|      NaN|      NaN|      NaN
INVALID  |        0|     0.00|      ---|      ---|      NaN|      NaN|      ---
Average mutliget length: NaN
================================================================================
WORKER 6:
Type     |Total    |Ops/sec  |Hits/sec |Miss/Sec |Resp Time|Proc Time|Srvr Time
SET      |    16342|   181.58|   181.58|     0.00| 12949.92|  5346.44|  5295.45
GET      |        0|     0.00|     0.00|     0.00|      NaN|      NaN|      NaN
MULTIGET |        0|     0.00|     0.00|     0.00|      NaN|      NaN|      NaN
INVALID  |        0|     0.00|      ---|      ---|      NaN|      NaN|      ---
Average mutliget length: NaN
================================================================================
WORKER 7:
Type     |Total    |Ops/sec  |Hits/sec |Miss/Sec |Resp Time|Proc Time|Srvr Time
SET      |    16447|   182.74|   182.74|     0.00| 12919.31|  5315.67|  5272.49
GET      |        0|     0.00|     0.00|     0.00|      NaN|      NaN|      NaN
MULTIGET |        0|     0.00|     0.00|     0.00|      NaN|      NaN|      NaN
INVALID  |        0|     0.00|      ---|      ---|      NaN|      NaN|      ---
Average mutliget length: NaN
================================================================================
WORKER 8:
Type     |Total    |Ops/sec  |Hits/sec |Miss/Sec |Resp Time|Proc Time|Srvr Time
SET      |    16446|   182.73|   182.73|     0.00| 12922.83|  5312.46|  5266.87
GET      |        0|     0.00|     0.00|     0.00|      NaN|      NaN|      NaN
MULTIGET |        0|     0.00|     0.00|     0.00|      NaN|      NaN|      NaN
INVALID  |        0|     0.00|      ---|      ---|      NaN|      NaN|      ---
Average mutliget length: NaN
================================================================================
WORKER 9:
Type     |Total    |Ops/sec  |Hits/sec |Miss/Sec |Resp Time|Proc Time|Srvr Time
SET      |    16475|   183.06|   183.06|     0.00| 12937.13|  5305.87|  5257.46
GET      |        0|     0.00|     0.00|     0.00|      NaN|      NaN|      NaN
MULTIGET |        0|     0.00|     0.00|     0.00|      NaN|      NaN|      NaN
INVALID  |        0|     0.00|      ---|      ---|      NaN|      NaN|      ---
Average mutliget length: NaN
================================================================================
WORKER 10:
Type     |Total    |Ops/sec  |Hits/sec |Miss/Sec |Resp Time|Proc Time|Srvr Time
SET      |    16407|   182.30|   182.30|     0.00| 12938.64|  5323.77|  5274.85
GET      |        0|     0.00|     0.00|     0.00|      NaN|      NaN|      NaN
MULTIGET |        0|     0.00|     0.00|     0.00|      NaN|      NaN|      NaN
INVALID  |        0|     0.00|      ---|      ---|      NaN|      NaN|      ---
Average mutliget length: NaN
================================================================================
WORKER 11:
Type     |Total    |Ops/sec  |Hits/sec |Miss/Sec |Resp Time|Proc Time|Srvr Time
SET      |    16309|   181.21|   181.21|     0.00| 12951.68|  5353.93|  5306.53
GET      |        0|     0.00|     0.00|     0.00|      NaN|      NaN|      NaN
MULTIGET |        0|     0.00|     0.00|     0.00|      NaN|      NaN|      NaN
INVALID  |        0|     0.00|      ---|      ---|      NaN|      NaN|      ---
Average mutliget length: NaN
================================================================================
WORKER 12:
Type     |Total    |Ops/sec  |Hits/sec |Miss/Sec |Resp Time|Proc Time|Srvr Time
SET      |    16475|   183.06|   183.06|     0.00| 12891.18|  5305.40|  5260.37
GET      |        0|     0.00|     0.00|     0.00|      NaN|      NaN|      NaN
MULTIGET |        0|     0.00|     0.00|     0.00|      NaN|      NaN|      NaN
INVALID  |        0|     0.00|      ---|      ---|      NaN|      NaN|      ---
Average mutliget length: NaN
================================================================================
WORKER 13:
Type     |Total    |Ops/sec  |Hits/sec |Miss/Sec |Resp Time|Proc Time|Srvr Time
SET      |    16339|   181.54|   181.54|     0.00| 12929.19|  5350.09|  5303.26
GET      |        0|     0.00|     0.00|     0.00|      NaN|      NaN|      NaN
MULTIGET |        0|     0.00|     0.00|     0.00|      NaN|      NaN|      NaN
INVALID  |        0|     0.00|      ---|      ---|      NaN|      NaN|      ---
Average mutliget length: NaN
================================================================================
WORKER 14:
Type     |Total    |Ops/sec  |Hits/sec |Miss/Sec |Resp Time|Proc Time|Srvr Time
SET      |    16404|   182.27|   182.27|     0.00| 12927.20|  5327.38|  5279.55
GET      |        0|     0.00|     0.00|     0.00|      NaN|      NaN|      NaN
MULTIGET |        0|     0.00|     0.00|     0.00|      NaN|      NaN|      NaN
INVALID  |        0|     0.00|      ---|      ---|      NaN|      NaN|      ---
Average mutliget length: NaN
================================================================================
WORKER 15:
Type     |Total    |Ops/sec  |Hits/sec |Miss/Sec |Resp Time|Proc Time|Srvr Time
SET      |    16358|   181.76|   181.76|     0.00| 12933.39|  5344.24|  5295.77
GET      |        0|     0.00|     0.00|     0.00|      NaN|      NaN|      NaN
MULTIGET |        0|     0.00|     0.00|     0.00|      NaN|      NaN|      NaN
INVALID  |        0|     0.00|      ---|      ---|      NaN|      NaN|      ---
Average mutliget length: NaN
================================================================================
WORKER 16:
Type     |Total    |Ops/sec  |Hits/sec |Miss/Sec |Resp Time|Proc Time|Srvr Time
SET      |    16444|   182.71|   182.71|     0.00| 12881.01|  5312.52|  5263.20
GET      |        0|     0.00|     0.00|     0.00|      NaN|      NaN|      NaN
MULTIGET |        0|     0.00|     0.00|     0.00|      NaN|      NaN|      NaN
INVALID  |        0|     0.00|      ---|      ---|      NaN|      NaN|      ---
Average mutliget length: NaN
================================================================================
WORKER 17:
Type     |Total    |Ops/sec  |Hits/sec |Miss/Sec |Resp Time|Proc Time|Srvr Time
SET      |    16400|   182.22|   182.22|     0.00| 12917.08|  5328.77|  5281.33
GET      |        0|     0.00|     0.00|     0.00|      NaN|      NaN|      NaN
MULTIGET |        0|     0.00|     0.00|     0.00|      NaN|      NaN|      NaN
INVALID  |        0|     0.00|      ---|      ---|      NaN|      NaN|      ---
Average mutliget length: NaN
================================================================================
WORKER 18:
Type     |Total    |Ops/sec  |Hits/sec |Miss/Sec |Resp Time|Proc Time|Srvr Time
SET      |    16466|   182.96|   182.96|     0.00| 12901.52|  5308.90|  5261.58
GET      |        0|     0.00|     0.00|     0.00|      NaN|      NaN|      NaN
MULTIGET |        0|     0.00|     0.00|     0.00|      NaN|      NaN|      NaN
INVALID  |        0|     0.00|      ---|      ---|      NaN|      NaN|      ---
Average mutliget length: NaN
================================================================================
WORKER 19:
Type     |Total    |Ops/sec  |Hits/sec |Miss/Sec |Resp Time|Proc Time|Srvr Time
SET      |    16513|   183.48|   183.48|     0.00| 12921.66|  5291.74|  5247.92
GET      |        0|     0.00|     0.00|     0.00|      NaN|      NaN|      NaN
MULTIGET |        0|     0.00|     0.00|     0.00|      NaN|      NaN|      NaN
INVALID  |        0|     0.00|      ---|      ---|      NaN|      NaN|      ---
Average mutliget length: NaN
================================================================================
WORKER 20:
Type     |Total    |Ops/sec  |Hits/sec |Miss/Sec |Resp Time|Proc Time|Srvr Time
SET      |    16351|   181.68|   181.68|     0.00| 12899.61|  5338.94|  5290.01
GET      |        0|     0.00|     0.00|     0.00|      NaN|      NaN|      NaN
MULTIGET |        0|     0.00|     0.00|     0.00|      NaN|      NaN|      NaN
INVALID  |        0|     0.00|      ---|      ---|      NaN|      NaN|      ---
Average mutliget length: NaN
================================================================================
WORKER 21:
Type     |Total    |Ops/sec  |Hits/sec |Miss/Sec |Resp Time|Proc Time|Srvr Time
SET      |    16566|   184.07|   184.07|     0.00| 12908.19|  5272.69|  5222.67
GET      |        0|     0.00|     0.00|     0.00|      NaN|      NaN|      NaN
MULTIGET |        0|     0.00|     0.00|     0.00|      NaN|      NaN|      NaN
INVALID  |        0|     0.00|      ---|      ---|      NaN|      NaN|      ---
Average mutliget length: NaN
================================================================================
WORKER 22:
Type     |Total    |Ops/sec  |Hits/sec |Miss/Sec |Resp Time|Proc Time|Srvr Time
SET      |    16512|   183.47|   183.47|     0.00| 12903.59|  5291.72|  5245.95
GET      |        0|     0.00|     0.00|     0.00|      NaN|      NaN|      NaN
MULTIGET |        0|     0.00|     0.00|     0.00|      NaN|      NaN|      NaN
INVALID  |        0|     0.00|      ---|      ---|      NaN|      NaN|      ---
Average mutliget length: NaN
================================================================================
WORKER 23:
Type     |Total    |Ops/sec  |Hits/sec |Miss/Sec |Resp Time|Proc Time|Srvr Time
SET      |    16413|   182.37|   182.37|     0.00| 12929.65|  5322.10|  5277.12
GET      |        0|     0.00|     0.00|     0.00|      NaN|      NaN|      NaN
MULTIGET |        0|     0.00|     0.00|     0.00|      NaN|      NaN|      NaN
INVALID  |        0|     0.00|      ---|      ---|      NaN|      NaN|      ---
Average mutliget length: NaN
================================================================================
WORKER 24:
Type     |Total    |Ops/sec  |Hits/sec |Miss/Sec |Resp Time|Proc Time|Srvr Time
SET      |    16527|   183.63|   183.63|     0.00| 12878.93|  5287.00|  5236.88
GET      |        0|     0.00|     0.00|     0.00|      NaN|      NaN|      NaN
MULTIGET |        0|     0.00|     0.00|     0.00|      NaN|      NaN|      NaN
INVALID  |        0|     0.00|      ---|      ---|      NaN|      NaN|      ---
Average mutliget length: NaN
================================================================================
WORKER 25:
Type     |Total    |Ops/sec  |Hits/sec |Miss/Sec |Resp Time|Proc Time|Srvr Time
SET      |    16484|   183.16|   183.16|     0.00| 12911.42|  5303.84|  5258.74
GET      |        0|     0.00|     0.00|     0.00|      NaN|      NaN|      NaN
MULTIGET |        0|     0.00|     0.00|     0.00|      NaN|      NaN|      NaN
INVALID  |        0|     0.00|      ---|      ---|      NaN|      NaN|      ---
Average mutliget length: NaN
================================================================================
WORKER 26:
Type     |Total    |Ops/sec  |Hits/sec |Miss/Sec |Resp Time|Proc Time|Srvr Time
SET      |    16542|   183.80|   183.80|     0.00| 12904.00|  5285.86|  5241.32
GET      |        0|     0.00|     0.00|     0.00|      NaN|      NaN|      NaN
MULTIGET |        0|     0.00|     0.00|     0.00|      NaN|      NaN|      NaN
INVALID  |        0|     0.00|      ---|      ---|      NaN|      NaN|      ---
Average mutliget length: NaN
================================================================================
WORKER 27:
Type     |Total    |Ops/sec  |Hits/sec |Miss/Sec |Resp Time|Proc Time|Srvr Time
SET      |    16563|   184.03|   184.03|     0.00| 12911.17|  5278.47|  5231.42
GET      |        0|     0.00|     0.00|     0.00|      NaN|      NaN|      NaN
MULTIGET |        0|     0.00|     0.00|     0.00|      NaN|      NaN|      NaN
INVALID  |        0|     0.00|      ---|      ---|      NaN|      NaN|      ---
Average mutliget length: NaN
================================================================================
WORKER 28:
Type     |Total    |Ops/sec  |Hits/sec |Miss/Sec |Resp Time|Proc Time|Srvr Time
SET      |    16392|   182.13|   182.13|     0.00| 12941.72|  5334.79|  5278.52
GET      |        0|     0.00|     0.00|     0.00|      NaN|      NaN|      NaN
MULTIGET |        0|     0.00|     0.00|     0.00|      NaN|      NaN|      NaN
INVALID  |        0|     0.00|      ---|      ---|      NaN|      NaN|      ---
Average mutliget length: NaN
================================================================================
WORKER 29:
Type     |Total    |Ops/sec  |Hits/sec |Miss/Sec |Resp Time|Proc Time|Srvr Time
SET      |    16500|   183.33|   183.33|     0.00| 12921.14|  5296.53|  5250.15
GET      |        0|     0.00|     0.00|     0.00|      NaN|      NaN|      NaN
MULTIGET |        0|     0.00|     0.00|     0.00|      NaN|      NaN|      NaN
INVALID  |        0|     0.00|      ---|      ---|      NaN|      NaN|      ---
Average mutliget length: NaN
================================================================================
WORKER 30:
Type     |Total    |Ops/sec  |Hits/sec |Miss/Sec |Resp Time|Proc Time|Srvr Time
SET      |    16441|   182.68|   182.68|     0.00| 12908.88|  5316.78|  5271.15
GET      |        0|     0.00|     0.00|     0.00|      NaN|      NaN|      NaN
MULTIGET |        0|     0.00|     0.00|     0.00|      NaN|      NaN|      NaN
INVALID  |        0|     0.00|      ---|      ---|      NaN|      NaN|      ---
Average mutliget length: NaN
================================================================================
WORKER 31:
Type     |Total    |Ops/sec  |Hits/sec |Miss/Sec |Resp Time|Proc Time|Srvr Time
SET      |    16447|   182.74|   182.74|     0.00| 12932.35|  5313.58|  5267.15
GET      |        0|     0.00|     0.00|     0.00|      NaN|      NaN|      NaN
MULTIGET |        0|     0.00|     0.00|     0.00|      NaN|      NaN|      NaN
INVALID  |        0|     0.00|      ---|      ---|      NaN|      NaN|      ---
Average mutliget length: NaN
================================================================================
================================================================================

AGGREGATE FOR ALL WORKERS:
Type     |Total    |Ops/sec  |Hits/sec |Miss/Sec |Resp Time|Proc Time|Srvr Time
SET      |   526083|  5845.37|  5845.37|     0.00| 12916.45|  5315.62|  5268.40
GET      |        0|     0.00|     0.00|     0.00|      NaN|      NaN|      NaN
MULTIGET |        0|     0.00|     0.00|     0.00|      NaN|      NaN|      NaN
INVALID  |        0|     0.00|      ---|      ---|      NaN|      NaN|      ---
Average mutliget length: NaN


 HISTOGRAM
  Response time (ms)   Percent
                 0.1      0.00%
                 0.2      0.00%
                 0.3      0.00%
                 0.4      0.00%
                 0.5      0.00%
                 0.6      0.00%
                 0.7      0.00%
                 0.8      0.00%
                 0.9      0.00%
                 1.0      0.00%
                 1.1      0.00%
                 1.2      0.00%
                 1.3      0.00%
                 1.4      0.00%
                 1.5      0.00%
                 1.6      0.00%
                 1.7      0.00%
                 1.8      0.00%
                 1.9      0.00%
                 2.0      0.00%
                 2.1      0.00%
                 2.2      0.00%
                 2.3      0.00%
                 2.4      0.00%
                 2.5      0.01%
                 2.6      0.01%
                 2.7      0.02%
                 2.8      0.03%
                 2.9      0.04%
                 3.0      0.06%
                 3.1      0.07%
                 3.2      0.08%
                 3.3      0.09%
                 3.4      0.11%
                 3.5      0.14%
                 3.6      0.16%
                 3.7      0.18%
                 3.8      0.21%
                 3.9      0.23%
                 4.0      0.26%
                 4.1      0.28%
                 4.2      0.31%
                 4.3      0.34%
                 4.4      0.36%
                 4.5      0.39%
                 4.6      0.43%
                 4.7      0.46%
                 4.8      0.50%
                 4.9      0.54%
                 5.0      0.57%
                 5.1      0.62%
                 5.2      0.67%
                 5.3      0.72%
                 5.4      0.77%
                 5.5      0.83%
                 5.6      0.89%
                 5.7      0.95%
                 5.8      1.00%
                 5.9      1.07%
                 6.0      1.16%
                 6.1      1.24%
                 6.2      1.31%
                 6.3      1.41%
                 6.4      1.50%
                 6.5      1.59%
                 6.6      1.69%
                 6.7      1.80%
                 6.8      1.93%
                 6.9      2.07%
                 7.0      2.22%
                 7.1      2.39%
                 7.2      2.56%
                 7.3      2.74%
                 7.4      2.96%
                 7.5      3.20%
                 7.6      3.48%
                 7.7      3.77%
                 7.8      4.07%
                 7.9      4.41%
                 8.0      4.75%
                 8.1      5.13%
                 8.2      5.55%
                 8.3      5.97%
                 8.4      6.42%
                 8.5      6.92%
                 8.6      7.46%
                 8.7      8.02%
                 8.8      8.59%
                 8.9      9.16%
                 9.0      9.77%
                 9.1     10.42%
                 9.2     11.10%
                 9.3     11.82%
                 9.4     12.59%
                 9.5     13.38%
                 9.6     14.20%
                 9.7     15.07%
                 9.8     16.00%
                 9.9     16.97%
                10.0     17.98%
                10.1     19.10%
                10.2     20.23%
                10.3     21.43%
                10.4     22.66%
                10.5     23.92%
                10.6     25.26%
                10.7     26.63%
                10.8     28.07%
                10.9     29.52%
                11.0     31.01%
                11.1     32.56%
                11.2     34.12%
                11.3     35.68%
                11.4     37.24%
                11.5     38.79%
                11.6     40.32%
                11.7     41.81%
                11.8     43.30%
                11.9     44.73%
                12.0     46.08%
                12.1     47.42%
                12.2     48.70%
                12.3     50.02%
                12.4     51.24%
                12.5     52.43%
                12.6     53.57%
                12.7     54.69%
                12.8     55.78%
                12.9     56.89%
                13.0     57.95%
                13.1     59.01%
                13.2     60.05%
                13.3     61.03%
                13.4     62.02%
                13.5     63.01%
                13.6     64.00%
                13.7     64.98%
                13.8     66.00%
                13.9     67.01%
                14.0     67.99%
                14.1     68.97%
                14.2     69.92%
                14.3     70.86%
                14.4     71.81%
                14.5     72.76%
                14.6     73.72%
                14.7     74.63%
                14.8     75.53%
                14.9     76.42%
                15.0     77.29%
                15.1     78.12%
                15.2     78.90%
                15.3     79.67%
                15.4     80.41%
                15.5     81.11%
                15.6     81.80%
                15.7     82.44%
                15.8     83.08%
                15.9     83.67%
                16.0     84.25%
                16.1     84.80%
                16.2     85.33%
                16.3     85.84%
                16.4     86.32%
                16.5     86.78%
                16.6     87.23%
                16.7     87.64%
                16.8     88.05%
                16.9     88.44%
                17.0     88.83%
                17.1     89.20%
                17.2     89.58%
                17.3     89.91%
                17.4     90.23%
                17.5     90.53%
                17.6     90.83%
                17.7     91.10%
                17.8     91.36%
                17.9     91.60%
                18.0     91.84%
                18.1     92.08%
                18.2     92.32%
                18.3     92.53%
                18.4     92.72%
                18.5     92.91%
                18.6     93.10%
                18.7     93.28%
                18.8     93.47%
                18.9     93.64%
                19.0     93.82%
                19.1     93.99%
                19.2     94.15%
                19.3     94.34%
                19.4     94.51%
                19.5     94.67%
                19.6     94.82%
                19.7     94.97%
                19.8     95.12%
                19.9     95.28%
                20.0     95.44%
                20.1     95.59%
                20.2     95.73%
                20.3     95.89%
                20.4     96.04%
                20.5     96.19%
                20.6     96.33%
                20.7     96.48%
                20.8     96.60%
                20.9     96.73%
                21.0     96.85%
                21.1     96.98%
                21.2     97.11%
                21.3     97.23%
                21.4     97.33%
                21.5     97.43%
                21.6     97.53%
                21.7     97.64%
                21.8     97.73%
                21.9     97.81%
                22.0     97.90%
                22.1     97.97%
                22.2     98.05%
                22.3     98.12%
                22.4     98.20%
                22.5     98.27%
                22.6     98.34%
                22.7     98.40%
                22.8     98.46%
                22.9     98.52%
                23.0     98.56%
                23.1     98.61%
                23.2     98.65%
                23.3     98.70%
                23.4     98.74%
                23.5     98.78%
                23.6     98.82%
                23.7     98.85%
                23.8     98.89%
                23.9     98.92%
                24.0     98.96%
                24.1     99.00%
                24.2     99.03%
                24.3     99.06%
                24.4     99.09%
                24.5     99.11%
                24.6     99.14%
                24.7     99.16%
                24.8     99.18%
                24.9     99.20%
                25.0     99.22%
                25.1     99.24%
                25.2     99.26%
                25.3     99.28%
                25.4     99.29%
                25.5     99.31%
                25.6     99.33%
                25.7     99.35%
                25.8     99.37%
                25.9     99.38%
                26.0     99.40%
                26.1     99.41%
                26.2     99.43%
                26.3     99.45%
                26.4     99.46%
                26.5     99.48%
                26.6     99.49%
                26.7     99.51%
                26.8     99.52%
                26.9     99.53%
                27.0     99.54%
                27.1     99.55%
                27.2     99.56%
                27.3     99.57%
                27.4     99.58%
                27.5     99.59%
                27.6     99.60%
                27.7     99.61%
                27.8     99.62%
                27.9     99.62%
                28.0     99.63%
                28.1     99.64%
                28.2     99.65%
                28.3     99.65%
                28.4     99.66%
                28.5     99.67%
                28.6     99.67%
                28.7     99.68%
                28.8     99.69%
                28.9     99.69%
                29.0     99.70%
                29.1     99.70%
                29.2     99.71%
                29.3     99.72%
                29.4     99.73%
                29.5     99.73%
                29.6     99.74%
                29.7     99.75%
                29.8     99.75%
                29.9     99.76%
                30.0     99.77%
                30.1     99.77%
                30.2     99.78%
                30.3     99.78%
                30.4     99.79%
                30.5     99.79%
                30.6     99.80%
                30.7     99.80%
                30.8     99.80%
                30.9     99.81%
                31.0     99.81%
                31.1     99.82%
                31.2     99.82%
                31.3     99.82%
                31.4     99.83%
                31.5     99.83%
                31.6     99.84%
                31.7     99.84%
                31.8     99.84%
                31.9     99.85%
                32.0     99.85%
                32.1     99.85%
                32.2     99.86%
                32.3     99.86%
                32.4     99.86%
                32.5     99.86%
                32.6     99.87%
                32.7     99.87%
                32.8     99.87%
                32.9     99.87%
                33.0     99.87%
                33.1     99.88%
                33.2     99.88%
                33.3     99.88%
                33.4     99.88%
                33.5     99.88%
                33.6     99.88%
                33.7     99.89%
                33.8     99.89%
                33.9     99.89%
                34.0     99.89%
                34.1     99.89%
                34.2     99.89%
                34.3     99.90%
                34.4     99.90%
                34.5     99.90%
                34.6     99.90%
                34.7     99.90%
                34.8     99.90%
                34.9     99.90%
                35.0     99.90%
                35.1     99.91%
                35.2     99.91%
                35.3     99.91%
                35.4     99.91%
                35.5     99.91%
                35.6     99.91%
                35.7     99.91%
                35.8     99.91%
                35.9     99.91%
                36.0     99.92%
                36.1     99.92%
                36.2     99.92%
                36.3     99.92%
                36.4     99.92%
                36.5     99.92%
                36.6     99.92%
                36.7     99.92%
                36.8     99.92%
                36.9     99.92%
                37.0     99.92%
                37.1     99.92%
                37.2     99.92%
                37.3     99.92%
                37.4     99.92%
                37.5     99.92%
                37.6     99.92%
                37.7     99.92%
                37.8     99.92%
                37.9     99.92%
                38.0     99.92%
                38.1     99.92%
                38.2     99.92%
                38.3     99.92%
                38.4     99.92%
                38.5     99.93%
                38.6     99.93%
                38.7     99.93%
                38.8     99.93%
                38.9     99.93%
                39.0     99.93%
                39.1     99.93%
                39.2     99.93%
                39.3     99.93%
                39.4     99.93%
                39.5     99.93%
                39.6     99.93%
                39.7     99.93%
                39.8     99.93%
                39.9     99.93%
                40.0     99.93%
                40.1     99.93%
                40.2     99.93%
                40.3     99.93%
                40.4     99.93%
                40.5     99.93%
                40.6     99.93%
                40.7     99.93%
                40.8     99.93%
                40.9     99.93%
                41.0     99.93%
                41.1     99.93%
                41.2     99.93%
                41.3     99.93%
                41.4     99.93%
                41.5     99.94%
                41.6     99.94%
                41.7     99.94%
                41.8     99.94%
                41.9     99.94%
                42.0     99.94%
                42.1     99.94%
                42.2     99.94%
                42.3     99.94%
                42.4     99.94%
                42.5     99.94%
                42.6     99.94%
                42.7     99.94%
                42.8     99.94%
                42.9     99.94%
                43.0     99.94%
                43.1     99.95%
                43.2     99.95%
                43.3     99.95%
                43.4     99.95%
                43.5     99.95%
                43.6     99.95%
                43.7     99.95%
                43.8     99.95%
                43.9     99.95%
                44.0     99.95%
                44.1     99.95%
                44.2     99.96%
                44.3     99.96%
                44.4     99.96%
                44.5     99.96%
                44.6     99.96%
                44.7     99.96%
                44.8     99.96%
                44.9     99.96%
                45.0     99.96%
                45.1     99.96%
                45.2     99.96%
                45.3     99.96%
                45.4     99.96%
                45.5     99.96%
                45.6     99.96%
                45.7     99.96%
                45.8     99.97%
                45.9     99.97%
                46.0     99.97%
                46.1     99.97%
                46.2     99.97%
                46.3     99.97%
                46.4     99.97%
                46.5     99.97%
                46.6     99.97%
                46.7     99.97%
                46.8     99.97%
                46.9     99.97%
                47.0     99.97%
                47.1     99.97%
                47.2     99.97%
                47.3     99.97%
                47.4     99.97%
                47.5     99.97%
                47.6     99.97%
                47.7     99.97%
                47.8     99.97%
                47.9     99.97%
                48.0     99.97%
                48.1     99.97%
                48.2     99.97%
                48.3     99.97%
                48.4     99.97%
                48.5     99.97%
                48.6     99.97%
                48.7     99.97%
                48.8     99.97%
                48.9     99.97%
                49.0     99.97%
                49.1     99.97%
                49.2     99.97%
                49.3     99.97%
                49.4     99.97%
                49.5     99.97%
                49.6     99.97%
                49.7     99.97%
                49.8     99.97%
                49.9     99.97%
                50.0     99.97%
                50.1     99.97%
                50.2     99.97%
                50.3     99.97%
                50.4     99.97%
                50.5     99.97%
                50.6     99.98%
                50.7     99.98%
                50.8     99.98%
                50.9     99.98%
                51.0     99.98%
                51.1     99.98%
                51.2     99.98%
                51.3     99.98%
                51.4     99.98%
                51.5     99.98%
                51.6     99.98%
                51.7     99.98%
                51.8     99.98%
                51.9     99.98%
                52.0     99.98%
                52.1     99.98%
                52.2     99.98%
                52.3     99.98%
                52.4     99.98%
                52.5     99.98%
                52.6     99.98%
                52.7     99.98%
                52.8     99.98%
                52.9     99.98%
                53.0     99.98%
                53.1     99.98%
                53.2     99.98%
                53.3     99.98%
                53.4     99.98%
                53.5     99.98%
                53.6     99.98%
                53.7     99.98%
                53.8     99.98%
                53.9     99.98%
                54.0     99.98%
                54.1     99.98%
                54.2     99.98%
                54.3     99.98%
                54.4     99.98%
                54.5     99.98%
                54.6     99.98%
                54.7     99.98%
                54.8     99.98%
                54.9     99.98%
                55.0     99.98%
                55.1     99.98%
                55.2     99.98%
                55.3     99.98%
                55.4     99.98%
                55.5     99.98%
                55.6     99.98%
                55.7     99.98%
                55.8     99.98%
                55.9     99.98%
                56.0     99.98%
                56.1     99.98%
                56.2     99.98%
                56.3     99.98%
                56.4     99.98%
                56.5     99.98%
                56.6     99.98%
                56.7     99.98%
                56.8     99.98%
                56.9     99.98%
                57.0     99.98%
                57.1     99.98%
                57.2     99.98%
                57.3     99.98%
                57.4     99.98%
                57.5     99.98%
                57.6     99.98%
                57.7     99.98%
                57.8     99.98%
                57.9     99.98%
                58.0     99.98%
                58.1     99.98%
                58.2     99.98%
                58.3     99.98%
                58.4     99.98%
                58.5     99.98%
                58.6     99.98%
                58.7     99.98%
                58.8     99.98%
                58.9     99.98%
                59.0     99.98%
                59.1     99.98%
                59.2     99.98%
                59.3     99.98%
                59.4     99.98%
                59.5     99.98%
                59.6     99.98%
                59.7     99.98%
                59.8     99.98%
                59.9     99.98%
                60.0     99.98%
                60.1     99.98%
                60.2     99.98%
                60.3     99.98%
                60.4     99.98%
                60.5     99.98%
                60.6     99.98%
                60.7     99.98%
                60.8     99.98%
                60.9     99.98%
                61.0     99.98%
                61.1     99.98%
                61.2     99.98%
                61.3     99.98%
                61.4     99.98%
                61.5     99.98%
                61.6     99.98%
                61.7     99.98%
                61.8     99.98%
                61.9     99.98%
                62.0     99.98%
                62.1     99.98%
                62.2     99.98%
                62.3     99.98%
                62.4     99.98%
                62.5     99.98%
                62.6     99.98%
                62.7     99.98%
                62.8     99.98%
                62.9     99.98%
                63.0     99.98%
                63.1     99.98%
                63.2     99.98%
                63.3     99.98%
                63.4     99.98%
                63.5     99.98%
                63.6     99.98%
                63.7     99.98%
                63.8     99.98%
                63.9     99.98%
                64.0     99.98%
                64.1     99.98%
                64.2     99.98%
                64.3     99.98%
                64.4     99.98%
                64.5     99.98%
                64.6     99.98%
                64.7     99.98%
                64.8     99.98%
                64.9     99.98%
                65.0     99.98%
                65.1     99.98%
                65.2     99.98%
                65.3     99.98%
                65.4     99.98%
                65.5     99.98%
                65.6     99.98%
                65.7     99.98%
                65.8     99.98%
                65.9     99.98%
                66.0     99.98%
                66.1     99.98%
                66.2     99.98%
                66.3     99.98%
                66.4     99.98%
                66.5     99.98%
                66.6     99.98%
                66.7     99.98%
                66.8     99.98%
                66.9     99.98%
                67.0     99.98%
                67.1     99.98%
                67.2     99.98%
                67.3     99.98%
                67.4     99.98%
                67.5     99.98%
                67.6     99.98%
                67.7     99.98%
                67.8     99.98%
                67.9     99.98%
                68.0     99.98%
                68.1     99.98%
                68.2     99.98%
                68.3     99.98%
                68.4     99.98%
                68.5     99.98%
                68.6     99.98%
                68.7     99.98%
                68.8     99.98%
                68.9     99.98%
                69.0     99.98%
                69.1     99.98%
                69.2     99.98%
                69.3     99.98%
                69.4     99.98%
                69.5     99.98%
                69.6     99.98%
                69.7     99.98%
                69.8     99.98%
                69.9     99.98%
                70.0     99.98%
                70.1     99.98%
                70.2     99.98%
                70.3     99.98%
                70.4     99.98%
                70.5     99.98%
                70.6     99.98%
                70.7     99.98%
                70.8     99.98%
                70.9     99.98%
                71.0     99.98%
                71.1     99.98%
                71.2     99.98%
                71.3     99.98%
                71.4     99.98%
                71.5     99.98%
                71.6     99.98%
                71.7     99.98%
                71.8     99.98%
                71.9     99.98%
                72.0     99.98%
                72.1     99.98%
                72.2     99.98%
                72.3     99.98%
                72.4     99.98%
                72.5     99.98%
                72.6     99.98%
                72.7     99.98%
                72.8     99.98%
                72.9     99.98%
                73.0     99.98%
                73.1     99.98%
                73.2     99.98%
                73.3     99.98%
                73.4     99.98%
                73.5     99.98%
                73.6     99.98%
                73.7     99.98%
                73.8     99.98%
                73.9     99.98%
                74.0     99.98%
                74.1     99.98%
                74.2     99.98%
                74.3     99.98%
                74.4     99.98%
                74.5     99.98%
                74.6     99.98%
                74.7     99.98%
                74.8     99.98%
                74.9     99.98%
                75.0     99.98%
                75.1     99.98%
                75.2     99.98%
                75.3     99.98%
                75.4     99.98%
                75.5     99.98%
                75.6     99.98%
                75.7     99.98%
                75.8     99.98%
                75.9     99.98%
                76.0     99.98%
                76.1     99.98%
                76.2     99.98%
                76.3     99.98%
                76.4     99.98%
                76.5     99.98%
                76.6     99.98%
                76.7     99.98%
                76.8     99.98%
                76.9     99.98%
                77.0     99.98%
                77.1     99.98%
                77.2     99.98%
                77.3     99.98%
                77.4     99.98%
                77.5     99.98%
                77.6     99.98%
                77.7     99.98%
                77.8     99.98%
                77.9     99.98%
                78.0     99.98%
                78.1     99.98%
                78.2     99.98%
                78.3     99.98%
                78.4     99.98%
                78.5     99.98%
                78.6     99.98%
                78.7     99.98%
                78.8     99.98%
                78.9     99.98%
                79.0     99.98%
                79.1     99.98%
                79.2     99.98%
                79.3     99.98%
                79.4     99.98%
                79.5     99.98%
                79.6     99.98%
                79.7     99.98%
                79.8     99.98%
                79.9     99.98%
                80.0     99.98%
                80.1     99.98%
                80.2     99.98%
                80.3     99.98%
                80.4     99.98%
                80.5     99.98%
                80.6     99.98%
                80.7     99.98%
                80.8     99.98%
                80.9     99.98%
                81.0     99.98%
                81.1     99.98%
                81.2     99.98%
                81.3     99.98%
                81.4     99.98%
                81.5     99.98%
                81.6     99.98%
                81.7     99.98%
                81.8     99.98%
                81.9     99.98%
                82.0     99.98%
                82.1     99.98%
                82.2     99.98%
                82.3     99.98%
                82.4     99.98%
                82.5     99.98%
                82.6     99.98%
                82.7     99.98%
                82.8     99.98%
                82.9     99.98%
                83.0     99.98%
                83.1     99.98%
                83.2     99.98%
                83.3     99.98%
                83.4     99.98%
                83.5     99.98%
                83.6     99.98%
                83.7     99.98%
                83.8     99.98%
                83.9     99.98%
                84.0     99.98%
                84.1     99.98%
                84.2     99.98%
                84.3     99.98%
                84.4     99.98%
                84.5     99.98%
                84.6     99.98%
                84.7     99.98%
                84.8     99.98%
                84.9     99.98%
                85.0     99.98%
                85.1     99.98%
                85.2     99.98%
                85.3     99.98%
                85.4     99.98%
                85.5     99.98%
                85.6     99.98%
                85.7     99.98%
                85.8     99.98%
                85.9     99.98%
                86.0     99.98%
                86.1     99.98%
                86.2     99.98%
                86.3     99.98%
                86.4     99.98%
                86.5     99.98%
                86.6     99.98%
                86.7     99.98%
                86.8     99.98%
                86.9     99.98%
                87.0     99.98%
                87.1     99.98%
                87.2     99.98%
                87.3     99.98%
                87.4     99.98%
                87.5     99.98%
                87.6     99.98%
                87.7     99.98%
                87.8     99.98%
                87.9     99.98%
                88.0     99.98%
                88.1     99.98%
                88.2     99.98%
                88.3     99.98%
                88.4     99.98%
                88.5     99.98%
                88.6     99.98%
                88.7     99.98%
                88.8     99.98%
                88.9     99.98%
                89.0     99.98%
                89.1     99.98%
                89.2     99.98%
                89.3     99.98%
                89.4     99.98%
                89.5     99.98%
                89.6     99.98%
                89.7     99.98%
                89.8     99.98%
                89.9     99.98%
                90.0     99.98%
                90.1     99.98%
                90.2     99.98%
                90.3     99.98%
                90.4     99.98%
                90.5     99.98%
                90.6     99.98%
                90.7     99.98%
                90.8     99.98%
                90.9     99.98%
                91.0     99.98%
                91.1     99.98%
                91.2     99.98%
                91.3     99.98%
                91.4     99.98%
                91.5     99.98%
                91.6     99.98%
                91.7     99.98%
                91.8     99.98%
                91.9     99.98%
                92.0     99.98%
                92.1     99.98%
                92.2     99.98%
                92.3     99.98%
                92.4     99.98%
                92.5     99.98%
                92.6     99.98%
                92.7     99.98%
                92.8     99.98%
                92.9     99.98%
                93.0     99.98%
                93.1     99.98%
                93.2     99.98%
                93.3     99.98%
                93.4     99.98%
                93.5     99.98%
                93.6     99.98%
                93.7     99.98%
                93.8     99.98%
                93.9     99.98%
                94.0     99.98%
                94.1     99.98%
                94.2     99.98%
                94.3     99.98%
                94.4     99.98%
                94.5     99.98%
                94.6     99.98%
                94.7     99.98%
                94.8     99.98%
                94.9     99.98%
                95.0     99.98%
                95.1     99.98%
                95.2     99.98%
                95.3     99.98%
                95.4     99.98%
                95.5     99.98%
                95.6     99.98%
                95.7     99.98%
                95.8     99.98%
                95.9     99.98%
                96.0     99.98%
                96.1     99.98%
                96.2     99.98%
                96.3     99.98%
                96.4     99.98%
                96.5     99.98%
                96.6     99.98%
                96.7     99.98%
                96.8     99.98%
                96.9     99.98%
                97.0     99.98%
                97.1     99.98%
                97.2     99.98%
                97.3     99.98%
                97.4     99.98%
                97.5     99.98%
                97.6     99.98%
                97.7     99.98%
                97.8     99.98%
                97.9     99.98%
                98.0     99.98%
                98.1     99.98%
                98.2     99.98%
                98.3     99.98%
                98.4     99.98%
                98.5     99.98%
                98.6     99.98%
                98.7     99.98%
                98.8     99.98%
                98.9     99.98%
                99.0     99.98%
                99.1     99.98%
                99.2     99.98%
                99.3     99.98%
                99.4     99.98%
                99.5     99.98%
                99.6     99.98%
                99.7     99.98%
                99.8     99.98%
                99.9     99.98%
               100.0     99.98%
               100.1     99.98%
               100.2     99.98%
               100.3     99.98%
               100.4     99.98%
               100.5     99.98%
               100.6     99.98%
               100.7     99.98%
               100.8     99.98%
               100.9     99.98%
               101.0     99.98%
               101.1     99.98%
               101.2     99.98%
               101.3     99.98%
               101.4     99.98%
               101.5     99.98%
               101.6     99.98%
               101.7     99.98%
               101.8     99.98%
               101.9     99.98%
               102.0     99.98%
               102.1     99.98%
               102.2     99.98%
               102.3     99.98%
               102.4     99.98%
               102.5     99.98%
               102.6     99.98%
               102.7     99.98%
               102.8     99.98%
               102.9     99.98%
               103.0     99.98%
               103.1     99.98%
               103.2     99.98%
               103.3     99.98%
               103.4     99.98%
               103.5     99.98%
               103.6     99.98%
               103.7     99.98%
               103.8     99.98%
               103.9     99.98%
               104.0     99.98%
               104.1     99.98%
               104.2     99.98%
               104.3     99.98%
               104.4     99.98%
               104.5     99.98%
               104.6     99.98%
               104.7     99.98%
               104.8     99.98%
               104.9     99.98%
               105.0     99.98%
               105.1     99.98%
               105.2     99.98%
               105.3     99.98%
               105.4     99.98%
               105.5     99.98%
               105.6     99.98%
               105.7     99.98%
               105.8     99.98%
               105.9     99.98%
               106.0     99.98%
               106.1     99.98%
               106.2     99.98%
               106.3     99.98%
               106.4     99.98%
               106.5     99.98%
               106.6     99.98%
               106.7     99.98%
               106.8     99.98%
               106.9     99.98%
               107.0     99.98%
               107.1     99.98%
               107.2     99.98%
               107.3     99.98%
               107.4     99.98%
               107.5     99.98%
               107.6     99.98%
               107.7     99.98%
               107.8     99.98%
               107.9     99.98%
               108.0     99.98%
               108.1     99.98%
               108.2     99.98%
               108.3     99.98%
               108.4     99.98%
               108.5     99.98%
               108.6     99.98%
               108.7     99.98%
               108.8     99.98%
               108.9     99.98%
               109.0     99.98%
               109.1     99.98%
               109.2     99.98%
               109.3     99.98%
               109.4     99.98%
               109.5     99.98%
               109.6     99.98%
               109.7     99.98%
               109.8     99.98%
               109.9     99.98%
               110.0     99.98%
               110.1     99.98%
               110.2     99.98%
               110.3     99.98%
               110.4     99.98%
               110.5     99.98%
               110.6     99.98%
               110.7     99.98%
               110.8     99.98%
               110.9     99.98%
               111.0     99.98%
               111.1     99.98%
               111.2     99.98%
               111.3     99.98%
               111.4     99.98%
               111.5     99.98%
               111.6     99.98%
               111.7     99.98%
               111.8     99.98%
               111.9     99.98%
               112.0     99.98%
               112.1     99.98%
               112.2     99.98%
               112.3     99.98%
               112.4     99.98%
               112.5     99.98%
               112.6     99.98%
               112.7     99.98%
               112.8     99.98%
               112.9     99.98%
               113.0     99.98%
               113.1     99.98%
               113.2     99.98%
               113.3     99.98%
               113.4     99.98%
               113.5     99.98%
               113.6     99.98%
               113.7     99.98%
               113.8     99.98%
               113.9     99.98%
               114.0     99.98%
               114.1     99.98%
               114.2     99.98%
               114.3     99.98%
               114.4     99.98%
               114.5     99.98%
               114.6     99.98%
               114.7     99.98%
               114.8     99.98%
               114.9     99.98%
               115.0     99.98%
               115.1     99.98%
               115.2     99.98%
               115.3     99.98%
               115.4     99.98%
               115.5     99.98%
               115.6     99.98%
               115.7     99.98%
               115.8     99.98%
               115.9     99.98%
               116.0     99.98%
               116.1     99.98%
               116.2     99.98%
               116.3     99.98%
               116.4     99.98%
               116.5     99.98%
               116.6     99.98%
               116.7     99.98%
               116.8     99.98%
               116.9     99.98%
               117.0     99.98%
               117.1     99.98%
               117.2     99.98%
               117.3     99.98%
               117.4     99.98%
               117.5     99.98%
               117.6     99.98%
               117.7     99.98%
               117.8     99.98%
               117.9     99.98%
               118.0     99.98%
               118.1     99.98%
               118.2     99.98%
               118.3     99.98%
               118.4     99.98%
               118.5     99.98%
               118.6     99.98%
               118.7     99.98%
               118.8     99.98%
               118.9     99.98%
               119.0     99.98%
               119.1     99.98%
               119.2     99.98%
               119.3     99.98%
               119.4     99.98%
               119.5     99.98%
               119.6     99.98%
               119.7     99.98%
               119.8     99.98%
               119.9     99.98%
               120.0     99.98%
               120.1     99.98%
               120.2     99.98%
               120.3     99.98%
               120.4     99.98%
               120.5     99.98%
               120.6     99.98%
               120.7     99.98%
               120.8     99.98%
               120.9     99.98%
               121.0     99.98%
               121.1     99.98%
               121.2     99.98%
               121.3     99.98%
               121.4     99.98%
               121.5     99.98%
               121.6     99.98%
               121.7     99.98%
               121.8     99.98%
               121.9     99.98%
               122.0     99.98%
               122.1     99.98%
               122.2     99.98%
               122.3     99.98%
               122.4     99.98%
               122.5     99.98%
               122.6     99.98%
               122.7     99.98%
               122.8     99.98%
               122.9     99.98%
               123.0     99.98%
               123.1     99.98%
               123.2     99.98%
               123.3     99.98%
               123.4     99.98%
               123.5     99.98%
               123.6     99.98%
               123.7     99.98%
               123.8     99.98%
               123.9     99.98%
               124.0     99.98%
               124.1     99.98%
               124.2     99.98%
               124.3     99.98%
               124.4     99.98%
               124.5     99.98%
               124.6     99.98%
               124.7     99.98%
               124.8     99.98%
               124.9     99.98%
               125.0     99.98%
               125.1     99.98%
               125.2     99.98%
               125.3     99.98%
               125.4     99.98%
               125.5     99.98%
               125.6     99.98%
               125.7     99.98%
               125.8     99.98%
               125.9     99.98%
               126.0     99.98%
               126.1     99.98%
               126.2     99.98%
               126.3     99.98%
               126.4     99.98%
               126.5     99.98%
               126.6     99.98%
               126.7     99.98%
               126.8     99.98%
               126.9     99.98%
               127.0     99.98%
               127.1     99.98%
               127.2     99.98%
               127.3     99.98%
               127.4     99.98%
               127.5     99.98%
               127.6     99.98%
               127.7     99.98%
               127.8     99.98%
               127.9     99.98%
               128.0     99.98%
               128.1     99.98%
               128.2     99.98%
               128.3     99.98%
               128.4     99.98%
               128.5     99.98%
               128.6     99.98%
               128.7     99.98%
               128.8     99.98%
               128.9     99.98%
               129.0     99.98%
               129.1     99.98%
               129.2     99.98%
               129.3     99.98%
               129.4     99.98%
               129.5     99.98%
               129.6     99.98%
               129.7     99.98%
               129.8     99.98%
               129.9     99.98%
               130.0     99.98%
               130.1     99.98%
               130.2     99.98%
               130.3     99.98%
               130.4     99.98%
               130.5     99.98%
               130.6     99.98%
               130.7     99.98%
               130.8     99.98%
               130.9     99.98%
               131.0     99.98%
               131.1     99.98%
               131.2     99.98%
               131.3     99.98%
               131.4     99.98%
               131.5     99.98%
               131.6     99.98%
               131.7     99.98%
               131.8     99.98%
               131.9     99.98%
               132.0     99.98%
               132.1     99.98%
               132.2     99.98%
               132.3     99.98%
               132.4     99.98%
               132.5     99.98%
               132.6     99.98%
               132.7     99.98%
               132.8     99.98%
               132.9     99.98%
               133.0     99.98%
               133.1     99.98%
               133.2     99.98%
               133.3     99.98%
               133.4     99.98%
               133.5     99.98%
               133.6     99.98%
               133.7     99.98%
               133.8     99.98%
               133.9     99.98%
               134.0     99.98%
               134.1     99.98%
               134.2     99.98%
               134.3     99.98%
               134.4     99.98%
               134.5     99.98%
               134.6     99.98%
               134.7     99.98%
               134.8     99.98%
               134.9     99.98%
               135.0     99.98%
               135.1     99.98%
               135.2     99.98%
               135.3     99.98%
               135.4     99.98%
               135.5     99.98%
               135.6     99.98%
               135.7     99.98%
               135.8     99.98%
               135.9     99.98%
               136.0     99.98%
               136.1     99.98%
               136.2     99.98%
               136.3     99.98%
               136.4     99.98%
               136.5     99.98%
               136.6     99.98%
               136.7     99.98%
               136.8     99.98%
               136.9     99.98%
               137.0     99.98%
               137.1     99.98%
               137.2     99.98%
               137.3     99.98%
               137.4     99.98%
               137.5     99.98%
               137.6     99.98%
               137.7     99.98%
               137.8     99.98%
               137.9     99.98%
               138.0     99.98%
               138.1     99.98%
               138.2     99.98%
               138.3     99.98%
               138.4     99.98%
               138.5     99.98%
               138.6     99.98%
               138.7     99.98%
               138.8     99.98%
               138.9     99.98%
               139.0     99.98%
               139.1     99.98%
               139.2     99.98%
               139.3     99.98%
               139.4     99.98%
               139.5     99.98%
               139.6     99.98%
               139.7     99.98%
               139.8     99.98%
               139.9     99.98%
               140.0     99.98%
               140.1     99.98%
               140.2     99.98%
               140.3     99.98%
               140.4     99.98%
               140.5     99.98%
               140.6     99.98%
               140.7     99.98%
               140.8     99.98%
               140.9     99.98%
               141.0     99.98%
               141.1     99.98%
               141.2     99.98%
               141.3     99.98%
               141.4     99.98%
               141.5     99.98%
               141.6     99.98%
               141.7     99.98%
               141.8     99.98%
               141.9     99.98%
               142.0     99.98%
               142.1     99.98%
               142.2     99.98%
               142.3     99.98%
               142.4     99.98%
               142.5     99.98%
               142.6     99.98%
               142.7     99.98%
               142.8     99.98%
               142.9     99.98%
               143.0     99.98%
               143.1     99.98%
               143.2     99.98%
               143.3     99.98%
               143.4     99.98%
               143.5     99.98%
               143.6     99.98%
               143.7     99.98%
               143.8     99.98%
               143.9     99.98%
               144.0     99.98%
               144.1     99.98%
               144.2     99.98%
               144.3     99.98%
               144.4     99.98%
               144.5     99.98%
               144.6     99.98%
               144.7     99.98%
               144.8     99.98%
               144.9     99.98%
               145.0     99.98%
               145.1     99.98%
               145.2     99.98%
               145.3     99.98%
               145.4     99.98%
               145.5     99.98%
               145.6     99.98%
               145.7     99.98%
               145.8     99.98%
               145.9     99.98%
               146.0     99.98%
               146.1     99.98%
               146.2     99.98%
               146.3     99.98%
               146.4     99.98%
               146.5     99.98%
               146.6     99.98%
               146.7     99.98%
               146.8     99.98%
               146.9     99.98%
               147.0     99.98%
               147.1     99.98%
               147.2     99.98%
               147.3     99.98%
               147.4     99.98%
               147.5     99.98%
               147.6     99.98%
               147.7     99.98%
               147.8     99.98%
               147.9     99.98%
               148.0     99.98%
               148.1     99.98%
               148.2     99.98%
               148.3     99.98%
               148.4     99.98%
               148.5     99.98%
               148.6     99.98%
               148.7     99.98%
               148.8     99.98%
               148.9     99.98%
               149.0     99.98%
               149.1     99.98%
               149.2     99.98%
               149.3     99.98%
               149.4     99.98%
               149.5     99.99%
               149.6     99.99%
               149.7     99.99%
               149.8     99.99%
               149.9     99.99%
               150.0     99.99%
               150.1     99.99%
               150.2     99.99%
               150.3     99.99%
               150.4     99.99%
               150.5     99.99%
               150.6     99.99%
               150.7     99.99%
               150.8     99.99%
               150.9     99.99%
               151.0     99.99%
               151.1     99.99%
               151.2     99.99%
               151.3     99.99%
               151.4     99.99%
               151.5     99.99%
               151.6     99.99%
               151.7     99.99%
               151.8     99.99%
               151.9     99.99%
               152.0     99.99%
               152.1     99.99%
               152.2     99.99%
               152.3     99.99%
               152.4     99.99%
               152.5     99.99%
               152.6     99.99%
               152.7     99.99%
               152.8     99.99%
               152.9     99.99%
               153.0     99.99%
               153.1     99.99%
               153.2     99.99%
               153.3     99.99%
               153.4     99.99%
               153.5     99.99%
               153.6     99.99%
               153.7     99.99%
               153.8     99.99%
               153.9     99.99%
               154.0     99.99%
               154.1     99.99%
               154.2     99.99%
               154.3     99.99%
               154.4     99.99%
               154.5     99.99%
               154.6     99.99%
               154.7     99.99%
               154.8     99.99%
               154.9     99.99%
               155.0     99.99%
               155.1     99.99%
               155.2     99.99%
               155.3     99.99%
               155.4     99.99%
               155.5     99.99%
               155.6     99.99%
               155.7     99.99%
               155.8     99.99%
               155.9     99.99%
               156.0     99.99%
               156.1     99.99%
               156.2     99.99%
               156.3     99.99%
               156.4     99.99%
               156.5     99.99%
               156.6     99.99%
               156.7     99.99%
               156.8     99.99%
               156.9     99.99%
               157.0     99.99%
               157.1     99.99%
               157.2    100.00%
               157.3    100.00%
               157.4    100.00%
               157.5    100.00%
               157.6    100.00%
               157.7    100.00%
               157.8    100.00%
               157.9    100.00%
               158.0    100.00%
               158.1    100.00%
               158.2    100.00%
               158.3    100.00%
               158.4    100.00%
               158.5    100.00%
               158.6    100.00%
               158.7    100.00%
               158.8    100.00%
               158.9    100.00%
               159.0    100.00%
               159.1    100.00%
               159.2    100.00%

