[7l----total-cpu-usage---- -net/total- -dsk/total- --epoch---
usr sys idl wai hiq siq| recv  send| read  writ|  epoch   
  4   6  85   1   4   0|   0     0 |  21k 4994k|1510771707
  2   3  91   0   4   0|2577k  173k|   0     0 |1510771708
  3   5  87   0   5   0|3883k  251k|   0     0 |1510771709
  2   4  89   0   5   0|4274k  279k|   0     0 |1510771710
  3   4  88   0   5   0|4060k  264k|   0    12k|1510771711
  3   5  87   0   5   0|4407k  289k|   0     0 |1510771712
  3   5  85   3   4   0|4351k  285k|   0    32k|1510771713
  3   4  88   0   5   0|4350k  285k|   0     0 |1510771714
  3   5  86   0   6   0|4526k  295k|   0     0 |1510771715
  3   5  87   0   5   0|4536k  297k|   0     0 |1510771716
  3   5  87   0   5   0|4532k  298k|   0     0 |1510771717
  3   4  82   6   5   0|4557k  299k|   0    12k|1510771718
  2   5  88   0   5   0|4357k  287k|   0     0 |1510771719
  3   4  88   0   5   0|4364k  286k|   0     0 |1510771720
  3   5  87   0   5   0|4262k  277k|   0     0 |1510771721
  3   4  89   0   4   0|4344k  285k|   0     0 |1510771722
  2   5  86   2   5   0|4319k  283k|   0    12k|1510771723
  3   4  89   0   4   0|4350k  284k|   0     0 |1510771724
  3   5  87   0   5   0|4420k  289k|   0     0 |1510771725
  3   4  88   0   5   0|4472k  293k|   0     0 |1510771726
  3   5  87   0   5   0|4329k  283k|   0     0 |1510771727
  2   5  86   2   5   0|4395k  288k|   0    12k|1510771728
  3   4  88   0   5   0|4370k  287k|   0     0 |1510771729
  3   4  89   0   4   0|4292k  279k|   0     0 |1510771730
  3   5  87   0   5   0|4231k  277k|   0     0 |1510771731
  2   4  89   0   5   0|4436k  291k|   0     0 |1510771732
  3   5  87   0   5   0|4263k  278k|   0     0 |1510771733
  3   4  87   2   4   0|4398k  288k|   0    12k|1510771734
  3   5  87   0   5   0|4436k  291k|   0     0 |1510771735
  3   4  88   0   5   0|4335k  283k|   0    12k|1510771736
  3   5  87   0   5   0|4539k  298k|   0     0 |1510771737
  3   4  88   0   5   0|4497k  294k|   0     0 |1510771738
  2   5  85   3   5   0|4417k  289k|   0    28k|1510771739
  3   4  89   0   4   0|4488k  293k|   0     0 |1510771740
  3   5  87   0   5   0|4397k  289k|   0  4096B|1510771741
  3   4  88   0   5   0|4226k  276k|   0     0 |1510771742
  2   4  90   0   4   0|4312k  282k|   0     0 |1510771743
  4   5  83   3   5   0|4272k  280k|   0    20k|1510771744
  2   4  89   0   5   0|4269k  279k|   0     0 |1510771745
  3   5  87   0   5   0|4345k  285k|   0    32k|1510771746
  3   4  89   0   4   0|4282k  280k|   0     0 |1510771747
  2   5  88   0   5   0|4328k  283k|   0     0 |1510771748
  3   4  85   3   5   0|4411k  290k|   0    12k|1510771749
  3   5  88   0   4   0|4432k  291k|   0     0 |1510771750
  3   4  88   0   5   0|4307k  281k|   0     0 |1510771751
  3   5  87   0   5   0|4376k  287k|   0     0 |1510771752
  3   4  88   0   5   0|4430k  289k|   0     0 |1510771753
  2   5  89   0   4   0|4371k  287k|   0     0 |1510771754
  3   4  87   2   4   0|4421k  290k|   0    12k|1510771755
  3   4  88   0   5   0|4051k  264k|   0     0 |1510771756
  3   5  88   0   4   0|4399k  288k|   0     0 |1510771757
  3   5  87   0   5   0|4398k  289k|   0     0 |1510771758
  2   4  89   0   5   0|4254k  279k|   0     0 |1510771759
  3   5  87   0   5   0|4390k  287k|   0     0 |1510771760
  3   4  86   2   5   0|4489k  294k|   0    12k|1510771761
  3   5  87   0   5   0|4398k  287k|   0     0 |1510771762
  3   4  89   0   4   0|4588k  301k|   0     0 |1510771763
  3   5  87   0   5   0|4443k  291k|   0     0 |1510771764
  2   4  89   0   5   0|4329k  284k|   0     0 |1510771765
  3   5  88   0   4   0|4467k  294k|   0     0 |1510771766
  3   5  85   2   5   0|4394k  287k|   0    12k|1510771767
  3   5  88   0   4   0|4450k  292k|   0     0 |1510771768
  3   4  88   0   5   0|4381k  288k|   0     0 |1510771769
  3   5  87   0   5   0|4234k  277k|   0     0 |1510771770
  3   4  89   0   4   0|4384k  288k|   0     0 |1510771771
  3   5  85   2   5   0|4347k  285k|   0    12k|1510771772
  2   5  88   0   5   0|4369k  285k|   0     0 |1510771773
  3   4  89   0   4   0|4422k  291k|   0     0 |1510771774
  3   5  87   0   5   0|4378k  287k|   0     0 |1510771775
  3   4  88   0   5   0|4411k  288k|   0  8192B|1510771776
  3   5  86   2   4   0|4437k  290k|   0    20k|1510771777
  2   4  89   0   5   0|4297k  282k|   0     0 |1510771778
  3   4  89   0   4   0|4417k  290k|   0     0 |1510771779
  3   5  87   0   5   0|4389k  288k|   0     0 |1510771780
  2   5  88   0   5   0|4421k  290k|   0  8192B|1510771781
  3   4  87   2   4   0|4361k  285k|   0    12k|1510771782
  3   5  87   0   5   0|4641k  304k|   0     0 |1510771783
  3   4  89   0   4   0|4429k  290k|   0     0 |1510771784
  3   5  87   0   5   0|4552k  299k|   0     0 |1510771785
  2   4  89   0   5   0|4378k  286k|   0     0 |1510771786
  3   4  83   6   4   0|4350k  286k|   0     0 |1510771787
  3   5  78   9   5   0|4355k  284k|   0    12k|1510771788
  3   5  87   0   5   0|4145k  271k|   0     0 |1510771789
  3   4  88   0   5   0|4371k  288k|   0     0 |1510771790
  3   5  87   0   5   0|4383k  288k|   0     0 |1510771791
  3   5  88   0   4   0|4224k  276k|   0     0 |1510771792
  3   4  86   2   5   0|4520k  297k|   0    16k|1510771793
  3   5  87   0   5   0|4392k  287k|   0     0 |1510771794
  3   4  88   0   5   0|4497k  296k|   0     0 |1510771795
  3   5  87   0   5   0|4490k  294k|   0     0 |1510771796
  3   5  87   0   5   0|4371k  287k|   0     0 |1510771797
