Threads: 32, Sharded reads: false, Number of Memcached servers: 3.

All measures in microseconds.
  SETS   GETS  MGETS   INVLD    TOT   HITS     RSP T      Q T     SVR T  Q LEN
 52591      0      0       0  52591  52591   5408.37  1102.84   4266.27     16
  6639      0      0       0   6639   6639   5066.82   943.51   4099.09      0
  6797      0      0       0   6797   6797   5439.41  1152.21   4262.79      1
  6558      0      0       0   6558   6558   5433.57  1094.66   4306.27     16
  6606      0      0       0   6606   6606   5285.49  1042.81   4215.92      5
  6712      0      0       0   6712   6712   5317.64  1043.15   4245.73     15
  6611      0      0       0   6611   6611   5309.61  1017.99   4256.25      3
  6403      0      0       0   6403   6403   5479.39  1135.40   4310.64      0
  6675      0      0       0   6675   6675   5008.67   949.52   4032.78     13
  7008      0      0       0   7008   7008   5012.16   886.68   4096.91      0
  7011      0      0       0   7011   7011   5022.78   906.98   4081.66      8
  6856      0      0       0   6856   6856   5082.52   938.76   4116.91      0
  7127      0      0       0   7127   7127   4901.15   886.26   3990.24      2
  6601      0      0       0   6601   6601   5386.92   974.81   4387.22      6
  6856      0      0       0   6856   6856   5032.53   884.38   4121.84      6
  6801      0      0       0   6801   6801   5129.79   918.98   4186.09     18
  6399      0      0       0   6399   6399   5347.06  1030.18   4267.25      8
  6688      0      0       0   6688   6688   5444.76  1121.03   4290.87     19
  6758      0      0       0   6758   6758   5340.68   996.40   4320.08      3
  6156      0      0       0   6156   6156   5566.76  1002.87   4541.43     17
  6742      0      0       0   6742   6742   5244.77  1008.05   4209.16     16
  6739      0      0       0   6739   6739   5107.00  1128.07   3934.22      6
  7037      0      0       0   7037   7037   4881.36   869.55   3983.47      1
  6865      0      0       0   6865   6865   5035.59   904.20   4106.86     16
  6727      0      0       0   6727   6727   5340.52  1085.44   4232.42      0
  6380      0      0       0   6380   6380   5423.56  1043.95   4349.75      3
  6709      0      0       0   6709   6709   5227.65  1003.84   4199.56      4
  6879      0      0       0   6879   6879   5098.39   899.79   4173.60      0
  6939      0      0       0   6939   6939   5181.15  1014.31   4139.45     10
  6818      0      0       0   6818   6818   5356.19  1082.38   4248.33      0
  6026      0      0       0   6026   6026   5921.68  1085.29   4807.71      0
  6908      0      0       0   6908   6908   5203.46  1003.48   4174.58      4
  6912      0      0       0   6912   6912   5104.77   953.50   4126.07     10
  6953      0      0       0   6953   6953   5119.28   940.58   4143.69      6
  6817      0      0       0   6817   6817   5125.53   908.06   4190.63      0
  6962      0      0       0   6962   6962   5036.00   970.22   4032.43      6
  7069      0      0       0   7069   7069   4753.14   825.44   3898.72      0
  6774      0      0       0   6774   6774   5193.61   983.68   4177.73     10
  6807      0      0       0   6807   6807   5310.84  1043.50   4240.37      0
  5942      0      0       0   5942   5942   5646.81   913.93   4702.70      0
  6688      0      0       0   6688   6688   5166.45   960.84   4180.55      2
  7003      0      0       0   7003   7003   5048.27   970.14   4049.42      9
  6764      0      0       0   6764   6764   5288.79  1059.10   4196.07     16
  6509      0      0       0   6509   6509   5404.54  1144.64   4232.58      4
  7019      0      0       0   7019   7019   5003.81   953.75   4021.72      0
  6882      0      0       0   6882   6882   4928.75   888.04   4014.86      1
  6861      0      0       0   6861   6861   5200.65  1017.36   4156.76      0
  6606      0      0       0   6606   6606   5425.54  1114.98   4287.31     16
  6683      0      0       0   6683   6683   5203.07  1048.63   4113.30      0
  6952      0      0       0   6952   6952   4955.09   889.10   4037.47     16
  6873      0      0       0   6873   6873   4971.34   911.16   4034.80      1
  6963      0      0       0   6963   6963   5057.53   969.18   4061.67     15
  7164      0      0       0   7164   7164   5047.92   979.46   4043.64      0
  7085      0      0       0   7085   7085   4973.79   943.38   4008.92      3
  6557      0      0       0   6557   6557   5327.26  1060.79   4221.58      0
  6492      0      0       0   6492   6492   5328.72   985.19   4315.73      2
  5923      0      0       0   5923   5923   5858.28  1031.57   4805.11      0
  5867      0      0       0   5867   5867   5504.82  1033.43   4440.80      0
  5895      0      0       0   5895   5895   5976.92  1012.53   4939.43     16
  6636      0      0       0   6636   6636   5328.73   984.77   4311.24     12
  6871      0      0       0   6871   6871   5268.90  1055.20   4190.92      3
  6616      0      0       0   6616   6616   5378.61  1133.97   4217.70      0
  6932      0      0       0   6932   6932   5152.82  1069.67   4061.25      3
  6470      0      0       0   6470   6470   5620.08  1159.82   4435.47      4
  7089      0      0       0   7089   7089   4913.98   879.68   4007.85     14
  6704      0      0       0   6704   6704   4979.02   870.90   4082.72      0
  6636      0      0       0   6636   6636   5640.10  1241.76   4370.81      8
  6282      0      0       0   6282   6282   5640.66  1201.39   4416.53      6
  6986      0      0       0   6986   6986   5065.79   911.12   4125.78     16
  6345      0      0       0   6345   6345   5945.72  1322.91   4596.58      0
  6809      0      0       0   6809   6809   5197.00   978.71   4191.09      0
  6392      0      0       0   6392   6392   5441.40  1068.94   4346.53      0
  6571      0      0       0   6571   6571   5398.31  1071.50   4289.88      4
  6461      0      0       0   6461   6461   5256.57   997.43   4233.99      4
  6754      0      0       0   6754   6754   5261.09   985.63   4253.04      2
  6731      0      0       0   6731   6731   5152.62   921.02   4203.16     11
  6190      0      0       0   6190   6190   5718.47  1098.37   4583.49     10
  6711      0      0       0   6711   6711   5291.78  1040.90   4224.31     12
  6806      0      0       0   6806   6806   5232.81  1045.94   4162.71      0
  7047      0      0       0   7047   7047   5052.17   912.88   4111.28     16
  6954      0      0       0   6954   6954   4966.67   964.21   3969.30      6
  6442      0      0       0   6442   6442   5135.12  1008.47   4097.76      0
  1951      0      0       0   1951   1951   3210.13   278.81   2911.07      0
     0      0      0       0      0      0       NaN      NaN       NaN      0
     0      0      0       0      0      0       NaN      NaN       NaN      0
     0      0      0       0      0      0       NaN      NaN       NaN      0
     0      0      0       0      0      0       NaN      NaN       NaN      0
     0      0      0       0      0      0       NaN      NaN       NaN      0
================================================================================
ALL STATS (timing measures are in microseconds)
WORKER 0:
Type     |Total    |Ops/sec  |Hits/sec |Miss/Sec |Resp Time|Proc Time|Srvr Time
SET      |    18833|   206.96|   206.96|     0.00|  5289.74|  4224.90|  4198.18
GET      |        0|     0.00|     0.00|     0.00|      NaN|      NaN|      NaN
MULTIGET |        0|     0.00|     0.00|     0.00|      NaN|      NaN|      NaN
INVALID  |        0|     0.00|      ---|      ---|      NaN|      NaN|      ---
Average mutliget length: NaN
================================================================================
WORKER 1:
Type     |Total    |Ops/sec  |Hits/sec |Miss/Sec |Resp Time|Proc Time|Srvr Time
SET      |    18755|   206.10|   206.10|     0.00|  5279.11|  4243.89|  4216.66
GET      |        0|     0.00|     0.00|     0.00|      NaN|      NaN|      NaN
MULTIGET |        0|     0.00|     0.00|     0.00|      NaN|      NaN|      NaN
INVALID  |        0|     0.00|      ---|      ---|      NaN|      NaN|      ---
Average mutliget length: NaN
================================================================================
WORKER 2:
Type     |Total    |Ops/sec  |Hits/sec |Miss/Sec |Resp Time|Proc Time|Srvr Time
SET      |    18628|   204.70|   204.70|     0.00|  5290.03|  4262.06|  4230.95
GET      |        0|     0.00|     0.00|     0.00|      NaN|      NaN|      NaN
MULTIGET |        0|     0.00|     0.00|     0.00|      NaN|      NaN|      NaN
INVALID  |        0|     0.00|      ---|      ---|      NaN|      NaN|      ---
Average mutliget length: NaN
================================================================================
WORKER 3:
Type     |Total    |Ops/sec  |Hits/sec |Miss/Sec |Resp Time|Proc Time|Srvr Time
SET      |    18730|   205.82|   205.82|     0.00|  5252.07|  4229.84|  4200.66
GET      |        0|     0.00|     0.00|     0.00|      NaN|      NaN|      NaN
MULTIGET |        0|     0.00|     0.00|     0.00|      NaN|      NaN|      NaN
INVALID  |        0|     0.00|      ---|      ---|      NaN|      NaN|      ---
Average mutliget length: NaN
================================================================================
WORKER 4:
Type     |Total    |Ops/sec  |Hits/sec |Miss/Sec |Resp Time|Proc Time|Srvr Time
SET      |    18474|   203.01|   203.01|     0.00|  5230.61|  4257.47|  4225.75
GET      |        0|     0.00|     0.00|     0.00|      NaN|      NaN|      NaN
MULTIGET |        0|     0.00|     0.00|     0.00|      NaN|      NaN|      NaN
INVALID  |        0|     0.00|      ---|      ---|      NaN|      NaN|      ---
Average mutliget length: NaN
================================================================================
WORKER 5:
Type     |Total    |Ops/sec  |Hits/sec |Miss/Sec |Resp Time|Proc Time|Srvr Time
SET      |    18778|   206.35|   206.35|     0.00|  5269.93|  4232.50|  4204.05
GET      |        0|     0.00|     0.00|     0.00|      NaN|      NaN|      NaN
MULTIGET |        0|     0.00|     0.00|     0.00|      NaN|      NaN|      NaN
INVALID  |        0|     0.00|      ---|      ---|      NaN|      NaN|      ---
Average mutliget length: NaN
================================================================================
WORKER 6:
Type     |Total    |Ops/sec  |Hits/sec |Miss/Sec |Resp Time|Proc Time|Srvr Time
SET      |    18581|   204.19|   204.19|     0.00|  5232.47|  4251.30|  4222.11
GET      |        0|     0.00|     0.00|     0.00|      NaN|      NaN|      NaN
MULTIGET |        0|     0.00|     0.00|     0.00|      NaN|      NaN|      NaN
INVALID  |        0|     0.00|      ---|      ---|      NaN|      NaN|      ---
Average mutliget length: NaN
================================================================================
WORKER 7:
Type     |Total    |Ops/sec  |Hits/sec |Miss/Sec |Resp Time|Proc Time|Srvr Time
SET      |    18453|   202.78|   202.78|     0.00|  5252.77|  4271.89|  4239.70
GET      |        0|     0.00|     0.00|     0.00|      NaN|      NaN|      NaN
MULTIGET |        0|     0.00|     0.00|     0.00|      NaN|      NaN|      NaN
INVALID  |        0|     0.00|      ---|      ---|      NaN|      NaN|      ---
Average mutliget length: NaN
================================================================================
WORKER 8:
Type     |Total    |Ops/sec  |Hits/sec |Miss/Sec |Resp Time|Proc Time|Srvr Time
SET      |    18625|   204.67|   204.67|     0.00|  5212.12|  4241.69|  4213.90
GET      |        0|     0.00|     0.00|     0.00|      NaN|      NaN|      NaN
MULTIGET |        0|     0.00|     0.00|     0.00|      NaN|      NaN|      NaN
INVALID  |        0|     0.00|      ---|      ---|      NaN|      NaN|      ---
Average mutliget length: NaN
================================================================================
WORKER 9:
Type     |Total    |Ops/sec  |Hits/sec |Miss/Sec |Resp Time|Proc Time|Srvr Time
SET      |    18813|   206.74|   206.74|     0.00|  5270.91|  4227.43|  4194.56
GET      |        0|     0.00|     0.00|     0.00|      NaN|      NaN|      NaN
MULTIGET |        0|     0.00|     0.00|     0.00|      NaN|      NaN|      NaN
INVALID  |        0|     0.00|      ---|      ---|      NaN|      NaN|      ---
Average mutliget length: NaN
================================================================================
WORKER 10:
Type     |Total    |Ops/sec  |Hits/sec |Miss/Sec |Resp Time|Proc Time|Srvr Time
SET      |    18628|   204.70|   204.70|     0.00|  5251.64|  4246.50|  4217.61
GET      |        0|     0.00|     0.00|     0.00|      NaN|      NaN|      NaN
MULTIGET |        0|     0.00|     0.00|     0.00|      NaN|      NaN|      NaN
INVALID  |        0|     0.00|      ---|      ---|      NaN|      NaN|      ---
Average mutliget length: NaN
================================================================================
WORKER 11:
Type     |Total    |Ops/sec  |Hits/sec |Miss/Sec |Resp Time|Proc Time|Srvr Time
SET      |    18738|   205.91|   205.91|     0.00|  5231.33|  4221.31|  4195.68
GET      |        0|     0.00|     0.00|     0.00|      NaN|      NaN|      NaN
MULTIGET |        0|     0.00|     0.00|     0.00|      NaN|      NaN|      NaN
INVALID  |        0|     0.00|      ---|      ---|      NaN|      NaN|      ---
Average mutliget length: NaN
================================================================================
WORKER 12:
Type     |Total    |Ops/sec  |Hits/sec |Miss/Sec |Resp Time|Proc Time|Srvr Time
SET      |    18729|   205.81|   205.81|     0.00|  5221.53|  4225.75|  4201.60
GET      |        0|     0.00|     0.00|     0.00|      NaN|      NaN|      NaN
MULTIGET |        0|     0.00|     0.00|     0.00|      NaN|      NaN|      NaN
INVALID  |        0|     0.00|      ---|      ---|      NaN|      NaN|      ---
Average mutliget length: NaN
================================================================================
WORKER 13:
Type     |Total    |Ops/sec  |Hits/sec |Miss/Sec |Resp Time|Proc Time|Srvr Time
SET      |    18710|   205.60|   205.60|     0.00|  5264.21|  4239.65|  4214.95
GET      |        0|     0.00|     0.00|     0.00|      NaN|      NaN|      NaN
MULTIGET |        0|     0.00|     0.00|     0.00|      NaN|      NaN|      NaN
INVALID  |        0|     0.00|      ---|      ---|      NaN|      NaN|      ---
Average mutliget length: NaN
================================================================================
WORKER 14:
Type     |Total    |Ops/sec  |Hits/sec |Miss/Sec |Resp Time|Proc Time|Srvr Time
SET      |    18596|   204.35|   204.35|     0.00|  5259.31|  4254.67|  4227.13
GET      |        0|     0.00|     0.00|     0.00|      NaN|      NaN|      NaN
MULTIGET |        0|     0.00|     0.00|     0.00|      NaN|      NaN|      NaN
INVALID  |        0|     0.00|      ---|      ---|      NaN|      NaN|      ---
Average mutliget length: NaN
================================================================================
WORKER 15:
Type     |Total    |Ops/sec  |Hits/sec |Miss/Sec |Resp Time|Proc Time|Srvr Time
SET      |    18702|   205.52|   205.52|     0.00|  5236.23|  4228.16|  4197.86
GET      |        0|     0.00|     0.00|     0.00|      NaN|      NaN|      NaN
MULTIGET |        0|     0.00|     0.00|     0.00|      NaN|      NaN|      NaN
INVALID  |        0|     0.00|      ---|      ---|      NaN|      NaN|      ---
Average mutliget length: NaN
================================================================================
WORKER 16:
Type     |Total    |Ops/sec  |Hits/sec |Miss/Sec |Resp Time|Proc Time|Srvr Time
SET      |    18591|   204.30|   204.30|     0.00|  5240.19|  4247.91|  4220.55
GET      |        0|     0.00|     0.00|     0.00|      NaN|      NaN|      NaN
MULTIGET |        0|     0.00|     0.00|     0.00|      NaN|      NaN|      NaN
INVALID  |        0|     0.00|      ---|      ---|      NaN|      NaN|      ---
Average mutliget length: NaN
================================================================================
WORKER 17:
Type     |Total    |Ops/sec  |Hits/sec |Miss/Sec |Resp Time|Proc Time|Srvr Time
SET      |    18748|   206.02|   206.02|     0.00|  5267.04|  4226.83|  4198.97
GET      |        0|     0.00|     0.00|     0.00|      NaN|      NaN|      NaN
MULTIGET |        0|     0.00|     0.00|     0.00|      NaN|      NaN|      NaN
INVALID  |        0|     0.00|      ---|      ---|      NaN|      NaN|      ---
Average mutliget length: NaN
================================================================================
WORKER 18:
Type     |Total    |Ops/sec  |Hits/sec |Miss/Sec |Resp Time|Proc Time|Srvr Time
SET      |    18783|   206.41|   206.41|     0.00|  5268.54|  4231.26|  4202.40
GET      |        0|     0.00|     0.00|     0.00|      NaN|      NaN|      NaN
MULTIGET |        0|     0.00|     0.00|     0.00|      NaN|      NaN|      NaN
INVALID  |        0|     0.00|      ---|      ---|      NaN|      NaN|      ---
Average mutliget length: NaN
================================================================================
WORKER 19:
Type     |Total    |Ops/sec  |Hits/sec |Miss/Sec |Resp Time|Proc Time|Srvr Time
SET      |    18670|   205.16|   205.16|     0.00|  5233.44|  4234.29|  4203.13
GET      |        0|     0.00|     0.00|     0.00|      NaN|      NaN|      NaN
MULTIGET |        0|     0.00|     0.00|     0.00|      NaN|      NaN|      NaN
INVALID  |        0|     0.00|      ---|      ---|      NaN|      NaN|      ---
Average mutliget length: NaN
================================================================================
WORKER 20:
Type     |Total    |Ops/sec  |Hits/sec |Miss/Sec |Resp Time|Proc Time|Srvr Time
SET      |    18657|   205.02|   205.02|     0.00|  5275.79|  4255.52|  4224.83
GET      |        0|     0.00|     0.00|     0.00|      NaN|      NaN|      NaN
MULTIGET |        0|     0.00|     0.00|     0.00|      NaN|      NaN|      NaN
INVALID  |        0|     0.00|      ---|      ---|      NaN|      NaN|      ---
Average mutliget length: NaN
================================================================================
WORKER 21:
Type     |Total    |Ops/sec  |Hits/sec |Miss/Sec |Resp Time|Proc Time|Srvr Time
SET      |    18747|   206.01|   206.01|     0.00|  5246.20|  4216.26|  4187.04
GET      |        0|     0.00|     0.00|     0.00|      NaN|      NaN|      NaN
MULTIGET |        0|     0.00|     0.00|     0.00|      NaN|      NaN|      NaN
INVALID  |        0|     0.00|      ---|      ---|      NaN|      NaN|      ---
Average mutliget length: NaN
================================================================================
WORKER 22:
Type     |Total    |Ops/sec  |Hits/sec |Miss/Sec |Resp Time|Proc Time|Srvr Time
SET      |    18758|   206.13|   206.13|     0.00|  5264.07|  4235.19|  4203.94
GET      |        0|     0.00|     0.00|     0.00|      NaN|      NaN|      NaN
MULTIGET |        0|     0.00|     0.00|     0.00|      NaN|      NaN|      NaN
INVALID  |        0|     0.00|      ---|      ---|      NaN|      NaN|      ---
Average mutliget length: NaN
================================================================================
WORKER 23:
Type     |Total    |Ops/sec  |Hits/sec |Miss/Sec |Resp Time|Proc Time|Srvr Time
SET      |    18525|   203.57|   203.57|     0.00|  5238.15|  4256.29|  4225.33
GET      |        0|     0.00|     0.00|     0.00|      NaN|      NaN|      NaN
MULTIGET |        0|     0.00|     0.00|     0.00|      NaN|      NaN|      NaN
INVALID  |        0|     0.00|      ---|      ---|      NaN|      NaN|      ---
Average mutliget length: NaN
================================================================================
WORKER 24:
Type     |Total    |Ops/sec  |Hits/sec |Miss/Sec |Resp Time|Proc Time|Srvr Time
SET      |    18655|   205.00|   205.00|     0.00|  5247.52|  4242.39|  4210.37
GET      |        0|     0.00|     0.00|     0.00|      NaN|      NaN|      NaN
MULTIGET |        0|     0.00|     0.00|     0.00|      NaN|      NaN|      NaN
INVALID  |        0|     0.00|      ---|      ---|      NaN|      NaN|      ---
Average mutliget length: NaN
================================================================================
WORKER 25:
Type     |Total    |Ops/sec  |Hits/sec |Miss/Sec |Resp Time|Proc Time|Srvr Time
SET      |    18697|   205.46|   205.46|     0.00|  5275.32|  4242.93|  4217.58
GET      |        0|     0.00|     0.00|     0.00|      NaN|      NaN|      NaN
MULTIGET |        0|     0.00|     0.00|     0.00|      NaN|      NaN|      NaN
INVALID  |        0|     0.00|      ---|      ---|      NaN|      NaN|      ---
Average mutliget length: NaN
================================================================================
WORKER 26:
Type     |Total    |Ops/sec  |Hits/sec |Miss/Sec |Resp Time|Proc Time|Srvr Time
SET      |    18302|   201.12|   201.12|     0.00|  5202.35|  4285.59|  4250.96
GET      |        0|     0.00|     0.00|     0.00|      NaN|      NaN|      NaN
MULTIGET |        0|     0.00|     0.00|     0.00|      NaN|      NaN|      NaN
INVALID  |        0|     0.00|      ---|      ---|      NaN|      NaN|      ---
Average mutliget length: NaN
================================================================================
WORKER 27:
Type     |Total    |Ops/sec  |Hits/sec |Miss/Sec |Resp Time|Proc Time|Srvr Time
SET      |    18648|   204.92|   204.92|     0.00|  5264.96|  4244.93|  4217.83
GET      |        0|     0.00|     0.00|     0.00|      NaN|      NaN|      NaN
MULTIGET |        0|     0.00|     0.00|     0.00|      NaN|      NaN|      NaN
INVALID  |        0|     0.00|      ---|      ---|      NaN|      NaN|      ---
Average mutliget length: NaN
================================================================================
WORKER 28:
Type     |Total    |Ops/sec  |Hits/sec |Miss/Sec |Resp Time|Proc Time|Srvr Time
SET      |    18858|   207.23|   207.23|     0.00|  5263.83|  4217.99|  4189.39
GET      |        0|     0.00|     0.00|     0.00|      NaN|      NaN|      NaN
MULTIGET |        0|     0.00|     0.00|     0.00|      NaN|      NaN|      NaN
INVALID  |        0|     0.00|      ---|      ---|      NaN|      NaN|      ---
Average mutliget length: NaN
================================================================================
WORKER 29:
Type     |Total    |Ops/sec  |Hits/sec |Miss/Sec |Resp Time|Proc Time|Srvr Time
SET      |    18236|   200.40|   200.40|     0.00|  5267.05|  4302.31|  4266.69
GET      |        0|     0.00|     0.00|     0.00|      NaN|      NaN|      NaN
MULTIGET |        0|     0.00|     0.00|     0.00|      NaN|      NaN|      NaN
INVALID  |        0|     0.00|      ---|      ---|      NaN|      NaN|      ---
Average mutliget length: NaN
================================================================================
WORKER 30:
Type     |Total    |Ops/sec  |Hits/sec |Miss/Sec |Resp Time|Proc Time|Srvr Time
SET      |    18739|   205.92|   205.92|     0.00|  5236.72|  4220.71|  4192.11
GET      |        0|     0.00|     0.00|     0.00|      NaN|      NaN|      NaN
MULTIGET |        0|     0.00|     0.00|     0.00|      NaN|      NaN|      NaN
INVALID  |        0|     0.00|      ---|      ---|      NaN|      NaN|      ---
Average mutliget length: NaN
================================================================================
WORKER 31:
Type     |Total    |Ops/sec  |Hits/sec |Miss/Sec |Resp Time|Proc Time|Srvr Time
SET      |    18643|   204.87|   204.87|     0.00|  5260.42|  4245.68|  4218.04
GET      |        0|     0.00|     0.00|     0.00|      NaN|      NaN|      NaN
MULTIGET |        0|     0.00|     0.00|     0.00|      NaN|      NaN|      NaN
INVALID  |        0|     0.00|      ---|      ---|      NaN|      NaN|      ---
Average mutliget length: NaN
================================================================================
================================================================================

AGGREGATE FOR ALL WORKERS:
Type     |Total    |Ops/sec  |Hits/sec |Miss/Sec |Resp Time|Proc Time|Srvr Time
SET      |   597030|  6560.77|  6560.77|     0.00|  5253.05|  4242.53|  4213.33
GET      |        0|     0.00|     0.00|     0.00|      NaN|      NaN|      NaN
MULTIGET |        0|     0.00|     0.00|     0.00|      NaN|      NaN|      NaN
INVALID  |        0|     0.00|      ---|      ---|      NaN|      NaN|      ---
Average mutliget length: NaN


 HISTOGRAM
  Response time (ms)   Percent
                 0.1      0.00%
                 0.2      0.00%
                 0.3      0.00%
                 0.4      0.00%
                 0.5      0.00%
                 0.6      0.00%
                 0.7      0.00%
                 0.8      0.00%
                 0.9      0.00%
                 1.0      0.00%
                 1.1      0.00%
                 1.2      0.00%
                 1.3      0.00%
                 1.4      0.00%
                 1.5      0.00%
                 1.6      0.00%
                 1.7      0.01%
                 1.8      0.18%
                 1.9      1.11%
                 2.0      3.10%
                 2.1      6.10%
                 2.2      9.76%
                 2.3     13.61%
                 2.4     17.41%
                 2.5     21.03%
                 2.6     24.34%
                 2.7     27.27%
                 2.8     29.97%
                 2.9     32.41%
                 3.0     34.66%
                 3.1     36.80%
                 3.2     38.69%
                 3.3     40.39%
                 3.4     41.89%
                 3.5     43.28%
                 3.6     44.45%
                 3.7     45.47%
                 3.8     46.37%
                 3.9     47.19%
                 4.0     47.90%
                 4.1     48.53%
                 4.2     49.13%
                 4.3     49.70%
                 4.4     50.19%
                 4.5     50.68%
                 4.6     51.15%
                 4.7     51.59%
                 4.8     51.99%
                 4.9     52.44%
                 5.0     52.87%
                 5.1     53.33%
                 5.2     53.81%
                 5.3     54.28%
                 5.4     54.79%
                 5.5     55.32%
                 5.6     55.83%
                 5.7     56.39%
                 5.8     56.99%
                 5.9     57.60%
                 6.0     58.30%
                 6.1     59.08%
                 6.2     59.95%
                 6.3     60.93%
                 6.4     61.96%
                 6.5     63.06%
                 6.6     64.20%
                 6.7     65.31%
                 6.8     66.44%
                 6.9     67.64%
                 7.0     68.85%
                 7.1     70.05%
                 7.2     71.22%
                 7.3     72.48%
                 7.4     73.72%
                 7.5     74.98%
                 7.6     76.31%
                 7.7     77.62%
                 7.8     78.90%
                 7.9     80.27%
                 8.0     81.64%
                 8.1     82.94%
                 8.2     84.15%
                 8.3     85.37%
                 8.4     86.50%
                 8.5     87.56%
                 8.6     88.53%
                 8.7     89.45%
                 8.8     90.38%
                 8.9     91.19%
                 9.0     91.98%
                 9.1     92.70%
                 9.2     93.34%
                 9.3     93.93%
                 9.4     94.46%
                 9.5     94.93%
                 9.6     95.36%
                 9.7     95.74%
                 9.8     96.09%
                 9.9     96.40%
                10.0     96.64%
                10.1     96.88%
                10.2     97.08%
                10.3     97.27%
                10.4     97.43%
                10.5     97.57%
                10.6     97.71%
                10.7     97.83%
                10.8     97.94%
                10.9     98.03%
                11.0     98.12%
                11.1     98.21%
                11.2     98.30%
                11.3     98.38%
                11.4     98.46%
                11.5     98.53%
                11.6     98.60%
                11.7     98.66%
                11.8     98.72%
                11.9     98.77%
                12.0     98.82%
                12.1     98.88%
                12.2     98.93%
                12.3     98.97%
                12.4     99.01%
                12.5     99.05%
                12.6     99.08%
                12.7     99.12%
                12.8     99.15%
                12.9     99.19%
                13.0     99.22%
                13.1     99.25%
                13.2     99.28%
                13.3     99.30%
                13.4     99.32%
                13.5     99.34%
                13.6     99.36%
                13.7     99.38%
                13.8     99.39%
                13.9     99.41%
                14.0     99.42%
                14.1     99.43%
                14.2     99.44%
                14.3     99.46%
                14.4     99.47%
                14.5     99.48%
                14.6     99.49%
                14.7     99.50%
                14.8     99.51%
                14.9     99.52%
                15.0     99.53%
                15.1     99.54%
                15.2     99.55%
                15.3     99.55%
                15.4     99.55%
                15.5     99.56%
                15.6     99.57%
                15.7     99.58%
                15.8     99.59%
                15.9     99.61%
                16.0     99.62%
                16.1     99.62%
                16.2     99.63%
                16.3     99.64%
                16.4     99.65%
                16.5     99.65%
                16.6     99.66%
                16.7     99.67%
                16.8     99.68%
                16.9     99.68%
                17.0     99.69%
                17.1     99.69%
                17.2     99.70%
                17.3     99.71%
                17.4     99.71%
                17.5     99.72%
                17.6     99.73%
                17.7     99.74%
                17.8     99.74%
                17.9     99.75%
                18.0     99.75%
                18.1     99.75%
                18.2     99.75%
                18.3     99.76%
                18.4     99.76%
                18.5     99.76%
                18.6     99.77%
                18.7     99.77%
                18.8     99.77%
                18.9     99.77%
                19.0     99.77%
                19.1     99.78%
                19.2     99.78%
                19.3     99.78%
                19.4     99.78%
                19.5     99.78%
                19.6     99.78%
                19.7     99.78%
                19.8     99.79%
                19.9     99.79%
                20.0     99.79%
                20.1     99.79%
                20.2     99.79%
                20.3     99.79%
                20.4     99.79%
                20.5     99.79%
                20.6     99.79%
                20.7     99.79%
                20.8     99.79%
                20.9     99.79%
                21.0     99.80%
                21.1     99.80%
                21.2     99.80%
                21.3     99.80%
                21.4     99.80%
                21.5     99.80%
                21.6     99.80%
                21.7     99.80%
                21.8     99.81%
                21.9     99.81%
                22.0     99.81%
                22.1     99.81%
                22.2     99.81%
                22.3     99.81%
                22.4     99.81%
                22.5     99.81%
                22.6     99.82%
                22.7     99.82%
                22.8     99.82%
                22.9     99.82%
                23.0     99.82%
                23.1     99.82%
                23.2     99.83%
                23.3     99.83%
                23.4     99.83%
                23.5     99.83%
                23.6     99.83%
                23.7     99.83%
                23.8     99.83%
                23.9     99.83%
                24.0     99.83%
                24.1     99.83%
                24.2     99.83%
                24.3     99.83%
                24.4     99.83%
                24.5     99.83%
                24.6     99.83%
                24.7     99.83%
                24.8     99.83%
                24.9     99.83%
                25.0     99.83%
                25.1     99.84%
                25.2     99.84%
                25.3     99.84%
                25.4     99.84%
                25.5     99.84%
                25.6     99.84%
                25.7     99.84%
                25.8     99.84%
                25.9     99.84%
                26.0     99.84%
                26.1     99.84%
                26.2     99.84%
                26.3     99.85%
                26.4     99.85%
                26.5     99.85%
                26.6     99.85%
                26.7     99.85%
                26.8     99.85%
                26.9     99.85%
                27.0     99.85%
                27.1     99.85%
                27.2     99.85%
                27.3     99.85%
                27.4     99.86%
                27.5     99.86%
                27.6     99.86%
                27.7     99.86%
                27.8     99.86%
                27.9     99.86%
                28.0     99.86%
                28.1     99.86%
                28.2     99.86%
                28.3     99.86%
                28.4     99.86%
                28.5     99.87%
                28.6     99.87%
                28.7     99.87%
                28.8     99.87%
                28.9     99.87%
                29.0     99.87%
                29.1     99.87%
                29.2     99.87%
                29.3     99.87%
                29.4     99.87%
                29.5     99.87%
                29.6     99.87%
                29.7     99.87%
                29.8     99.87%
                29.9     99.87%
                30.0     99.87%
                30.1     99.87%
                30.2     99.87%
                30.3     99.87%
                30.4     99.87%
                30.5     99.87%
                30.6     99.87%
                30.7     99.87%
                30.8     99.87%
                30.9     99.87%
                31.0     99.87%
                31.1     99.87%
                31.2     99.87%
                31.3     99.87%
                31.4     99.87%
                31.5     99.87%
                31.6     99.88%
                31.7     99.88%
                31.8     99.88%
                31.9     99.88%
                32.0     99.88%
                32.1     99.88%
                32.2     99.88%
                32.3     99.88%
                32.4     99.88%
                32.5     99.88%
                32.6     99.88%
                32.7     99.88%
                32.8     99.88%
                32.9     99.88%
                33.0     99.88%
                33.1     99.88%
                33.2     99.88%
                33.3     99.88%
                33.4     99.88%
                33.5     99.88%
                33.6     99.88%
                33.7     99.88%
                33.8     99.88%
                33.9     99.88%
                34.0     99.88%
                34.1     99.88%
                34.2     99.88%
                34.3     99.89%
                34.4     99.89%
                34.5     99.89%
                34.6     99.89%
                34.7     99.89%
                34.8     99.89%
                34.9     99.89%
                35.0     99.89%
                35.1     99.89%
                35.2     99.89%
                35.3     99.89%
                35.4     99.89%
                35.5     99.89%
                35.6     99.89%
                35.7     99.89%
                35.8     99.89%
                35.9     99.89%
                36.0     99.90%
                36.1     99.90%
                36.2     99.90%
                36.3     99.90%
                36.4     99.90%
                36.5     99.90%
                36.6     99.90%
                36.7     99.91%
                36.8     99.91%
                36.9     99.91%
                37.0     99.91%
                37.1     99.91%
                37.2     99.91%
                37.3     99.91%
                37.4     99.91%
                37.5     99.91%
                37.6     99.91%
                37.7     99.91%
                37.8     99.91%
                37.9     99.91%
                38.0     99.91%
                38.1     99.91%
                38.2     99.91%
                38.3     99.91%
                38.4     99.91%
                38.5     99.92%
                38.6     99.92%
                38.7     99.92%
                38.8     99.92%
                38.9     99.92%
                39.0     99.92%
                39.1     99.92%
                39.2     99.92%
                39.3     99.92%
                39.4     99.92%
                39.5     99.93%
                39.6     99.93%
                39.7     99.93%
                39.8     99.93%
                39.9     99.93%
                40.0     99.93%
                40.1     99.93%
                40.2     99.93%
                40.3     99.93%
                40.4     99.93%
                40.5     99.93%
                40.6     99.93%
                40.7     99.93%
                40.8     99.93%
                40.9     99.93%
                41.0     99.93%
                41.1     99.93%
                41.2     99.93%
                41.3     99.94%
                41.4     99.94%
                41.5     99.94%
                41.6     99.94%
                41.7     99.94%
                41.8     99.94%
                41.9     99.94%
                42.0     99.94%
                42.1     99.94%
                42.2     99.94%
                42.3     99.94%
                42.4     99.94%
                42.5     99.94%
                42.6     99.94%
                42.7     99.94%
                42.8     99.94%
                42.9     99.94%
                43.0     99.94%
                43.1     99.94%
                43.2     99.94%
                43.3     99.94%
                43.4     99.94%
                43.5     99.94%
                43.6     99.94%
                43.7     99.94%
                43.8     99.94%
                43.9     99.94%
                44.0     99.94%
                44.1     99.94%
                44.2     99.94%
                44.3     99.94%
                44.4     99.94%
                44.5     99.94%
                44.6     99.94%
                44.7     99.94%
                44.8     99.94%
                44.9     99.94%
                45.0     99.94%
                45.1     99.94%
                45.2     99.94%
                45.3     99.94%
                45.4     99.94%
                45.5     99.94%
                45.6     99.94%
                45.7     99.94%
                45.8     99.94%
                45.9     99.94%
                46.0     99.94%
                46.1     99.95%
                46.2     99.95%
                46.3     99.95%
                46.4     99.95%
                46.5     99.95%
                46.6     99.95%
                46.7     99.95%
                46.8     99.95%
                46.9     99.95%
                47.0     99.95%
                47.1     99.95%
                47.2     99.95%
                47.3     99.95%
                47.4     99.95%
                47.5     99.95%
                47.6     99.95%
                47.7     99.95%
                47.8     99.95%
                47.9     99.95%
                48.0     99.95%
                48.1     99.95%
                48.2     99.95%
                48.3     99.95%
                48.4     99.95%
                48.5     99.95%
                48.6     99.95%
                48.7     99.95%
                48.8     99.95%
                48.9     99.95%
                49.0     99.95%
                49.1     99.95%
                49.2     99.95%
                49.3     99.95%
                49.4     99.95%
                49.5     99.95%
                49.6     99.95%
                49.7     99.95%
                49.8     99.95%
                49.9     99.95%
                50.0     99.95%
                50.1     99.95%
                50.2     99.95%
                50.3     99.95%
                50.4     99.95%
                50.5     99.95%
                50.6     99.95%
                50.7     99.95%
                50.8     99.95%
                50.9     99.95%
                51.0     99.95%
                51.1     99.95%
                51.2     99.95%
                51.3     99.95%
                51.4     99.95%
                51.5     99.95%
                51.6     99.95%
                51.7     99.95%
                51.8     99.95%
                51.9     99.95%
                52.0     99.95%
                52.1     99.95%
                52.2     99.95%
                52.3     99.95%
                52.4     99.95%
                52.5     99.95%
                52.6     99.95%
                52.7     99.95%
                52.8     99.95%
                52.9     99.95%
                53.0     99.95%
                53.1     99.95%
                53.2     99.95%
                53.3     99.95%
                53.4     99.95%
                53.5     99.95%
                53.6     99.95%
                53.7     99.95%
                53.8     99.95%
                53.9     99.95%
                54.0     99.95%
                54.1     99.95%
                54.2     99.95%
                54.3     99.95%
                54.4     99.95%
                54.5     99.96%
                54.6     99.96%
                54.7     99.96%
                54.8     99.96%
                54.9     99.96%
                55.0     99.96%
                55.1     99.96%
                55.2     99.96%
                55.3     99.96%
                55.4     99.96%
                55.5     99.96%
                55.6     99.96%
                55.7     99.96%
                55.8     99.96%
                55.9     99.96%
                56.0     99.96%
                56.1     99.96%
                56.2     99.96%
                56.3     99.96%
                56.4     99.96%
                56.5     99.96%
                56.6     99.96%
                56.7     99.96%
                56.8     99.96%
                56.9     99.96%
                57.0     99.96%
                57.1     99.96%
                57.2     99.96%
                57.3     99.96%
                57.4     99.96%
                57.5     99.96%
                57.6     99.96%
                57.7     99.96%
                57.8     99.96%
                57.9     99.96%
                58.0     99.96%
                58.1     99.96%
                58.2     99.96%
                58.3     99.96%
                58.4     99.96%
                58.5     99.96%
                58.6     99.96%
                58.7     99.96%
                58.8     99.96%
                58.9     99.96%
                59.0     99.96%
                59.1     99.96%
                59.2     99.96%
                59.3     99.96%
                59.4     99.96%
                59.5     99.96%
                59.6     99.96%
                59.7     99.96%
                59.8     99.96%
                59.9     99.96%
                60.0     99.96%
                60.1     99.96%
                60.2     99.96%
                60.3     99.96%
                60.4     99.96%
                60.5     99.96%
                60.6     99.96%
                60.7     99.96%
                60.8     99.96%
                60.9     99.96%
                61.0     99.96%
                61.1     99.96%
                61.2     99.96%
                61.3     99.96%
                61.4     99.96%
                61.5     99.96%
                61.6     99.96%
                61.7     99.96%
                61.8     99.96%
                61.9     99.96%
                62.0     99.96%
                62.1     99.96%
                62.2     99.96%
                62.3     99.96%
                62.4     99.96%
                62.5     99.96%
                62.6     99.96%
                62.7     99.96%
                62.8     99.96%
                62.9     99.96%
                63.0     99.96%
                63.1     99.96%
                63.2     99.96%
                63.3     99.96%
                63.4     99.96%
                63.5     99.96%
                63.6     99.97%
                63.7     99.97%
                63.8     99.97%
                63.9     99.97%
                64.0     99.97%
                64.1     99.97%
                64.2     99.97%
                64.3     99.97%
                64.4     99.97%
                64.5     99.97%
                64.6     99.97%
                64.7     99.97%
                64.8     99.97%
                64.9     99.97%
                65.0     99.97%
                65.1     99.97%
                65.2     99.97%
                65.3     99.97%
                65.4     99.97%
                65.5     99.97%
                65.6     99.97%
                65.7     99.97%
                65.8     99.97%
                65.9     99.97%
                66.0     99.97%
                66.1     99.97%
                66.2     99.97%
                66.3     99.97%
                66.4     99.97%
                66.5     99.97%
                66.6     99.97%
                66.7     99.97%
                66.8     99.97%
                66.9     99.97%
                67.0     99.97%
                67.1     99.97%
                67.2     99.97%
                67.3     99.97%
                67.4     99.97%
                67.5     99.97%
                67.6     99.97%
                67.7     99.97%
                67.8     99.97%
                67.9     99.97%
                68.0     99.97%
                68.1     99.97%
                68.2     99.97%
                68.3     99.97%
                68.4     99.97%
                68.5     99.97%
                68.6     99.97%
                68.7     99.97%
                68.8     99.97%
                68.9     99.97%
                69.0     99.97%
                69.1     99.97%
                69.2     99.97%
                69.3     99.97%
                69.4     99.97%
                69.5     99.97%
                69.6     99.97%
                69.7     99.97%
                69.8     99.97%
                69.9     99.97%
                70.0     99.97%
                70.1     99.97%
                70.2     99.97%
                70.3     99.97%
                70.4     99.97%
                70.5     99.97%
                70.6     99.97%
                70.7     99.97%
                70.8     99.97%
                70.9     99.97%
                71.0     99.97%
                71.1     99.97%
                71.2     99.97%
                71.3     99.97%
                71.4     99.97%
                71.5     99.97%
                71.6     99.97%
                71.7     99.97%
                71.8     99.97%
                71.9     99.97%
                72.0     99.97%
                72.1     99.97%
                72.2     99.97%
                72.3     99.97%
                72.4     99.97%
                72.5     99.97%
                72.6     99.97%
                72.7     99.97%
                72.8     99.97%
                72.9     99.97%
                73.0     99.97%
                73.1     99.97%
                73.2     99.97%
                73.3     99.97%
                73.4     99.97%
                73.5     99.97%
                73.6     99.97%
                73.7     99.97%
                73.8     99.97%
                73.9     99.97%
                74.0     99.97%
                74.1     99.97%
                74.2     99.97%
                74.3     99.97%
                74.4     99.97%
                74.5     99.97%
                74.6     99.97%
                74.7     99.97%
                74.8     99.97%
                74.9     99.97%
                75.0     99.97%
                75.1     99.97%
                75.2     99.97%
                75.3     99.97%
                75.4     99.97%
                75.5     99.97%
                75.6     99.97%
                75.7     99.97%
                75.8     99.97%
                75.9     99.97%
                76.0     99.97%
                76.1     99.97%
                76.2     99.97%
                76.3     99.97%
                76.4     99.97%
                76.5     99.97%
                76.6     99.97%
                76.7     99.97%
                76.8     99.97%
                76.9     99.97%
                77.0     99.97%
                77.1     99.97%
                77.2     99.97%
                77.3     99.97%
                77.4     99.97%
                77.5     99.97%
                77.6     99.97%
                77.7     99.97%
                77.8     99.97%
                77.9     99.97%
                78.0     99.97%
                78.1     99.97%
                78.2     99.97%
                78.3     99.97%
                78.4     99.97%
                78.5     99.97%
                78.6     99.97%
                78.7     99.97%
                78.8     99.97%
                78.9     99.97%
                79.0     99.97%
                79.1     99.97%
                79.2     99.97%
                79.3     99.97%
                79.4     99.97%
                79.5     99.97%
                79.6     99.97%
                79.7     99.97%
                79.8     99.97%
                79.9     99.97%
                80.0     99.97%
                80.1     99.97%
                80.2     99.97%
                80.3     99.97%
                80.4     99.97%
                80.5     99.97%
                80.6     99.97%
                80.7     99.97%
                80.8     99.97%
                80.9     99.97%
                81.0     99.97%
                81.1     99.97%
                81.2     99.97%
                81.3     99.97%
                81.4     99.97%
                81.5     99.97%
                81.6     99.97%
                81.7     99.97%
                81.8     99.97%
                81.9     99.97%
                82.0     99.97%
                82.1     99.97%
                82.2     99.97%
                82.3     99.97%
                82.4     99.97%
                82.5     99.97%
                82.6     99.97%
                82.7     99.97%
                82.8     99.97%
                82.9     99.97%
                83.0     99.97%
                83.1     99.97%
                83.2     99.97%
                83.3     99.97%
                83.4     99.97%
                83.5     99.97%
                83.6     99.97%
                83.7     99.97%
                83.8     99.97%
                83.9     99.97%
                84.0     99.97%
                84.1     99.97%
                84.2     99.97%
                84.3     99.97%
                84.4     99.97%
                84.5     99.97%
                84.6     99.97%
                84.7     99.97%
                84.8     99.97%
                84.9     99.97%
                85.0     99.97%
                85.1     99.97%
                85.2     99.97%
                85.3     99.97%
                85.4     99.97%
                85.5     99.97%
                85.6     99.97%
                85.7     99.97%
                85.8     99.97%
                85.9     99.97%
                86.0     99.97%
                86.1     99.97%
                86.2     99.97%
                86.3     99.97%
                86.4     99.97%
                86.5     99.97%
                86.6     99.97%
                86.7     99.97%
                86.8     99.97%
                86.9     99.97%
                87.0     99.97%
                87.1     99.97%
                87.2     99.97%
                87.3     99.97%
                87.4     99.97%
                87.5     99.97%
                87.6     99.97%
                87.7     99.97%
                87.8     99.97%
                87.9     99.97%
                88.0     99.97%
                88.1     99.97%
                88.2     99.97%
                88.3     99.97%
                88.4     99.97%
                88.5     99.97%
                88.6     99.97%
                88.7     99.97%
                88.8     99.97%
                88.9     99.97%
                89.0     99.97%
                89.1     99.97%
                89.2     99.97%
                89.3     99.97%
                89.4     99.97%
                89.5     99.97%
                89.6     99.97%
                89.7     99.97%
                89.8     99.97%
                89.9     99.97%
                90.0     99.97%
                90.1     99.97%
                90.2     99.97%
                90.3     99.97%
                90.4     99.97%
                90.5     99.97%
                90.6     99.97%
                90.7     99.97%
                90.8     99.97%
                90.9     99.97%
                91.0     99.97%
                91.1     99.97%
                91.2     99.97%
                91.3     99.97%
                91.4     99.97%
                91.5     99.97%
                91.6     99.97%
                91.7     99.97%
                91.8     99.97%
                91.9     99.97%
                92.0     99.97%
                92.1     99.97%
                92.2     99.97%
                92.3     99.97%
                92.4     99.97%
                92.5     99.97%
                92.6     99.98%
                92.7     99.98%
                92.8     99.98%
                92.9     99.98%
                93.0     99.98%
                93.1     99.98%
                93.2     99.98%
                93.3     99.98%
                93.4     99.98%
                93.5     99.98%
                93.6     99.98%
                93.7     99.98%
                93.8     99.98%
                93.9     99.98%
                94.0     99.98%
                94.1     99.98%
                94.2     99.98%
                94.3     99.98%
                94.4     99.98%
                94.5     99.98%
                94.6     99.98%
                94.7     99.98%
                94.8     99.98%
                94.9     99.98%
                95.0     99.98%
                95.1     99.98%
                95.2     99.98%
                95.3     99.98%
                95.4     99.98%
                95.5     99.98%
                95.6     99.98%
                95.7     99.98%
                95.8     99.98%
                95.9     99.98%
                96.0     99.98%
                96.1     99.98%
                96.2     99.98%
                96.3     99.98%
                96.4     99.98%
                96.5     99.98%
                96.6     99.98%
                96.7     99.98%
                96.8     99.98%
                96.9     99.98%
                97.0     99.98%
                97.1     99.98%
                97.2     99.98%
                97.3     99.98%
                97.4     99.98%
                97.5     99.98%
                97.6     99.98%
                97.7     99.98%
                97.8     99.98%
                97.9     99.98%
                98.0     99.98%
                98.1     99.98%
                98.2     99.98%
                98.3     99.98%
                98.4     99.98%
                98.5     99.98%
                98.6     99.98%
                98.7     99.98%
                98.8     99.98%
                98.9     99.98%
                99.0     99.98%
                99.1     99.98%
                99.2     99.98%
                99.3     99.98%
                99.4     99.98%
                99.5     99.98%
                99.6     99.98%
                99.7     99.98%
                99.8     99.98%
                99.9     99.98%
               100.0     99.98%
               100.1     99.98%
               100.2     99.98%
               100.3     99.98%
               100.4     99.98%
               100.5     99.98%
               100.6     99.98%
               100.7     99.98%
               100.8     99.98%
               100.9     99.98%
               101.0     99.98%
               101.1     99.98%
               101.2     99.98%
               101.3     99.98%
               101.4     99.98%
               101.5     99.98%
               101.6     99.98%
               101.7     99.98%
               101.8     99.98%
               101.9     99.98%
               102.0     99.98%
               102.1     99.98%
               102.2     99.98%
               102.3     99.98%
               102.4     99.98%
               102.5     99.98%
               102.6     99.98%
               102.7     99.98%
               102.8     99.98%
               102.9     99.98%
               103.0     99.98%
               103.1     99.98%
               103.2     99.98%
               103.3     99.98%
               103.4     99.98%
               103.5     99.98%
               103.6     99.98%
               103.7     99.98%
               103.8     99.98%
               103.9     99.98%
               104.0     99.98%
               104.1     99.98%
               104.2     99.98%
               104.3     99.98%
               104.4     99.98%
               104.5     99.98%
               104.6     99.98%
               104.7     99.98%
               104.8     99.98%
               104.9     99.98%
               105.0     99.98%
               105.1     99.98%
               105.2     99.98%
               105.3     99.98%
               105.4     99.98%
               105.5     99.98%
               105.6     99.98%
               105.7     99.98%
               105.8     99.98%
               105.9     99.98%
               106.0     99.98%
               106.1     99.98%
               106.2     99.98%
               106.3     99.98%
               106.4     99.98%
               106.5     99.98%
               106.6     99.98%
               106.7     99.98%
               106.8     99.98%
               106.9     99.98%
               107.0     99.98%
               107.1     99.98%
               107.2     99.98%
               107.3     99.98%
               107.4     99.98%
               107.5     99.98%
               107.6     99.98%
               107.7     99.98%
               107.8     99.98%
               107.9     99.98%
               108.0     99.98%
               108.1     99.98%
               108.2     99.98%
               108.3     99.98%
               108.4     99.98%
               108.5     99.98%
               108.6     99.98%
               108.7     99.98%
               108.8     99.98%
               108.9     99.98%
               109.0     99.98%
               109.1     99.98%
               109.2     99.98%
               109.3     99.98%
               109.4     99.98%
               109.5     99.98%
               109.6     99.98%
               109.7     99.98%
               109.8     99.98%
               109.9     99.98%
               110.0     99.98%
               110.1     99.98%
               110.2     99.98%
               110.3     99.98%
               110.4     99.98%
               110.5     99.98%
               110.6     99.98%
               110.7     99.98%
               110.8     99.98%
               110.9     99.98%
               111.0     99.98%
               111.1     99.98%
               111.2     99.98%
               111.3     99.98%
               111.4     99.98%
               111.5     99.98%
               111.6     99.98%
               111.7     99.98%
               111.8     99.98%
               111.9     99.98%
               112.0     99.98%
               112.1     99.98%
               112.2     99.98%
               112.3     99.98%
               112.4     99.98%
               112.5     99.98%
               112.6     99.98%
               112.7     99.98%
               112.8     99.98%
               112.9     99.98%
               113.0     99.98%
               113.1     99.98%
               113.2     99.98%
               113.3     99.98%
               113.4     99.98%
               113.5     99.98%
               113.6     99.98%
               113.7     99.98%
               113.8     99.98%
               113.9     99.98%
               114.0     99.98%
               114.1     99.98%
               114.2     99.98%
               114.3     99.98%
               114.4     99.98%
               114.5     99.98%
               114.6     99.98%
               114.7     99.98%
               114.8     99.98%
               114.9     99.98%
               115.0     99.98%
               115.1     99.98%
               115.2     99.98%
               115.3     99.98%
               115.4     99.98%
               115.5     99.98%
               115.6     99.98%
               115.7     99.98%
               115.8     99.98%
               115.9     99.98%
               116.0     99.98%
               116.1     99.98%
               116.2     99.98%
               116.3     99.98%
               116.4     99.98%
               116.5     99.98%
               116.6     99.98%
               116.7     99.98%
               116.8     99.98%
               116.9     99.98%
               117.0     99.98%
               117.1     99.98%
               117.2     99.98%
               117.3     99.98%
               117.4     99.98%
               117.5     99.98%
               117.6     99.98%
               117.7     99.98%
               117.8     99.98%
               117.9     99.98%
               118.0     99.98%
               118.1     99.98%
               118.2     99.98%
               118.3     99.98%
               118.4     99.98%
               118.5     99.98%
               118.6     99.98%
               118.7     99.98%
               118.8     99.98%
               118.9     99.98%
               119.0     99.98%
               119.1     99.98%
               119.2     99.98%
               119.3     99.98%
               119.4     99.98%
               119.5     99.98%
               119.6     99.98%
               119.7     99.98%
               119.8     99.98%
               119.9     99.98%
               120.0     99.98%
               120.1     99.98%
               120.2     99.98%
               120.3     99.98%
               120.4     99.98%
               120.5     99.98%
               120.6     99.98%
               120.7     99.98%
               120.8     99.98%
               120.9     99.98%
               121.0     99.98%
               121.1     99.98%
               121.2     99.98%
               121.3     99.98%
               121.4     99.98%
               121.5     99.98%
               121.6     99.98%
               121.7     99.98%
               121.8     99.98%
               121.9     99.98%
               122.0     99.98%
               122.1     99.98%
               122.2     99.98%
               122.3     99.98%
               122.4     99.98%
               122.5     99.98%
               122.6     99.98%
               122.7     99.98%
               122.8     99.99%
               122.9     99.99%
               123.0     99.99%
               123.1     99.99%
               123.2     99.99%
               123.3     99.99%
               123.4     99.99%
               123.5     99.99%
               123.6     99.99%
               123.7     99.99%
               123.8     99.99%
               123.9     99.99%
               124.0     99.99%
               124.1     99.99%
               124.2     99.99%
               124.3     99.99%
               124.4     99.99%
               124.5     99.99%
               124.6     99.99%
               124.7     99.99%
               124.8     99.99%
               124.9     99.99%
               125.0     99.99%
               125.1     99.99%
               125.2     99.99%
               125.3     99.99%
               125.4     99.99%
               125.5     99.99%
               125.6     99.99%
               125.7     99.99%
               125.8     99.99%
               125.9     99.99%
               126.0     99.99%
               126.1     99.99%
               126.2     99.99%
               126.3     99.99%
               126.4     99.99%
               126.5     99.99%
               126.6     99.99%
               126.7     99.99%
               126.8     99.99%
               126.9     99.99%
               127.0     99.99%
               127.1     99.99%
               127.2     99.99%
               127.3     99.99%
               127.4     99.99%
               127.5     99.99%
               127.6     99.99%
               127.7     99.99%
               127.8     99.99%
               127.9     99.99%
               128.0     99.99%
               128.1     99.99%
               128.2     99.99%
               128.3     99.99%
               128.4     99.99%
               128.5     99.99%
               128.6     99.99%
               128.7     99.99%
               128.8     99.99%
               128.9     99.99%
               129.0     99.99%
               129.1     99.99%
               129.2     99.99%
               129.3     99.99%
               129.4     99.99%
               129.5     99.99%
               129.6     99.99%
               129.7     99.99%
               129.8     99.99%
               129.9     99.99%
               130.0     99.99%
               130.1     99.99%
               130.2     99.99%
               130.3     99.99%
               130.4     99.99%
               130.5     99.99%
               130.6     99.99%
               130.7     99.99%
               130.8     99.99%
               130.9     99.99%
               131.0     99.99%
               131.1     99.99%
               131.2     99.99%
               131.3     99.99%
               131.4     99.99%
               131.5     99.99%
               131.6     99.99%
               131.7     99.99%
               131.8     99.99%
               131.9     99.99%
               132.0     99.99%
               132.1     99.99%
               132.2     99.99%
               132.3     99.99%
               132.4     99.99%
               132.5     99.99%
               132.6     99.99%
               132.7     99.99%
               132.8     99.99%
               132.9     99.99%
               133.0     99.99%
               133.1     99.99%
               133.2     99.99%
               133.3    100.00%
               133.4    100.00%
               133.5    100.00%
               133.6    100.00%
               133.7    100.00%
               133.8    100.00%
               133.9    100.00%
               134.0    100.00%
               134.1    100.00%
               134.2    100.00%
               134.3    100.00%
               134.4    100.00%
               134.5    100.00%
               134.6    100.00%
               134.7    100.00%
               134.8    100.00%
               134.9    100.00%
               135.0    100.00%
               135.1    100.00%
               135.2    100.00%
               135.3    100.00%
               135.4    100.00%
               135.5    100.00%
               135.6    100.00%
               135.7    100.00%
               135.8    100.00%
               135.9    100.00%
               136.0    100.00%
               136.1    100.00%
               136.2    100.00%
               136.3    100.00%
               136.4    100.00%
               136.5    100.00%
               136.6    100.00%
               136.7    100.00%
               136.8    100.00%
               136.9    100.00%
               137.0    100.00%
               137.1    100.00%
               137.2    100.00%
               137.3    100.00%
               137.4    100.00%
               137.5    100.00%
               137.6    100.00%
               137.7    100.00%
               137.8    100.00%
               137.9    100.00%
               138.0    100.00%
               138.1    100.00%
               138.2    100.00%
               138.3    100.00%
               138.4    100.00%
               138.5    100.00%
               138.6    100.00%
               138.7    100.00%
               138.8    100.00%
               138.9    100.00%
               139.0    100.00%
               139.1    100.00%
               139.2    100.00%
               139.3    100.00%
               139.4    100.00%
               139.5    100.00%
               139.6    100.00%
               139.7    100.00%
               139.8    100.00%
               139.9    100.00%
               140.0    100.00%
               140.1    100.00%
               140.2    100.00%
               140.3    100.00%
               140.4    100.00%
               140.5    100.00%
               140.6    100.00%
               140.7    100.00%
               140.8    100.00%
               140.9    100.00%
               141.0    100.00%
               141.1    100.00%
               141.2    100.00%
               141.3    100.00%
               141.4    100.00%
               141.5    100.00%
               141.6    100.00%
               141.7    100.00%
               141.8    100.00%
               141.9    100.00%
               142.0    100.00%
               142.1    100.00%
               142.2    100.00%
               142.3    100.00%
               142.4    100.00%
               142.5    100.00%
               142.6    100.00%
               142.7    100.00%
               142.8    100.00%
               142.9    100.00%
               143.0    100.00%
               143.1    100.00%
               143.2    100.00%
               143.3    100.00%
               143.4    100.00%
               143.5    100.00%
               143.6    100.00%
               143.7    100.00%
               143.8    100.00%
               143.9    100.00%
               144.0    100.00%
               144.1    100.00%
               144.2    100.00%
               144.3    100.00%
               144.4    100.00%
               144.5    100.00%
               144.6    100.00%
               144.7    100.00%
               144.8    100.00%
               144.9    100.00%
               145.0    100.00%
               145.1    100.00%
               145.2    100.00%
               145.3    100.00%
               145.4    100.00%
               145.5    100.00%
               145.6    100.00%
               145.7    100.00%
               145.8    100.00%
               145.9    100.00%
               146.0    100.00%
               146.1    100.00%
               146.2    100.00%
               146.3    100.00%
               146.4    100.00%
               146.5    100.00%
               146.6    100.00%
               146.7    100.00%
               146.8    100.00%
               146.9    100.00%
               147.0    100.00%
               147.1    100.00%
               147.2    100.00%
               147.3    100.00%
               147.4    100.00%
               147.5    100.00%
               147.6    100.00%
               147.7    100.00%
               147.8    100.00%
               147.9    100.00%
               148.0    100.00%
               148.1    100.00%
               148.2    100.00%
               148.3    100.00%
               148.4    100.00%
               148.5    100.00%
               148.6    100.00%
               148.7    100.00%
               148.8    100.00%
               148.9    100.00%
               149.0    100.00%
               149.1    100.00%
               149.2    100.00%
               149.3    100.00%
               149.4    100.00%
               149.5    100.00%
               149.6    100.00%
               149.7    100.00%
               149.8    100.00%
               149.9    100.00%
               150.0    100.00%
               150.1    100.00%
               150.2    100.00%
               150.3    100.00%
               150.4    100.00%
               150.5    100.00%
               150.6    100.00%
               150.7    100.00%
               150.8    100.00%
               150.9    100.00%
               151.0    100.00%
               151.1    100.00%
               151.2    100.00%
               151.3    100.00%
               151.4    100.00%
               151.5    100.00%
               151.6    100.00%
               151.7    100.00%
               151.8    100.00%
               151.9    100.00%
               152.0    100.00%
               152.1    100.00%
               152.2    100.00%
               152.3    100.00%
               152.4    100.00%
               152.5    100.00%
               152.6    100.00%
               152.7    100.00%
               152.8    100.00%
               152.9    100.00%
               153.0    100.00%
               153.1    100.00%
               153.2    100.00%
               153.3    100.00%
               153.4    100.00%
               153.5    100.00%
               153.6    100.00%
               153.7    100.00%
               153.8    100.00%
               153.9    100.00%
               154.0    100.00%
               154.1    100.00%
               154.2    100.00%
               154.3    100.00%
               154.4    100.00%
               154.5    100.00%
               154.6    100.00%
               154.7    100.00%
               154.8    100.00%
               154.9    100.00%
               155.0    100.00%
               155.1    100.00%
               155.2    100.00%
               155.3    100.00%
               155.4    100.00%
               155.5    100.00%
               155.6    100.00%
               155.7    100.00%
               155.8    100.00%
               155.9    100.00%
               156.0    100.00%
               156.1    100.00%
               156.2    100.00%
               156.3    100.00%
               156.4    100.00%
               156.5    100.00%
               156.6    100.00%
               156.7    100.00%
               156.8    100.00%
               156.9    100.00%
               157.0    100.00%
               157.1    100.00%
               157.2    100.00%
               157.3    100.00%
               157.4    100.00%
               157.5    100.00%
               157.6    100.00%
               157.7    100.00%
               157.8    100.00%
               157.9    100.00%
               158.0    100.00%
               158.1    100.00%
               158.2    100.00%
               158.3    100.00%
               158.4    100.00%
               158.5    100.00%
               158.6    100.00%
               158.7    100.00%
               158.8    100.00%
               158.9    100.00%
               159.0    100.00%
               159.1    100.00%
               159.2    100.00%
               159.3    100.00%
               159.4    100.00%
               159.5    100.00%
               159.6    100.00%
               159.7    100.00%
               159.8    100.00%
               159.9    100.00%
               160.0    100.00%
               160.1    100.00%
               160.2    100.00%
               160.3    100.00%
               160.4    100.00%
               160.5    100.00%
               160.6    100.00%
               160.7    100.00%
               160.8    100.00%
               160.9    100.00%
               161.0    100.00%
               161.1    100.00%
               161.2    100.00%
               161.3    100.00%
               161.4    100.00%
               161.5    100.00%
               161.6    100.00%
               161.7    100.00%
               161.8    100.00%
               161.9    100.00%
               162.0    100.00%
               162.1    100.00%
               162.2    100.00%
               162.3    100.00%
               162.4    100.00%
               162.5    100.00%
               162.6    100.00%
               162.7    100.00%
               162.8    100.00%
               162.9    100.00%
               163.0    100.00%
               163.1    100.00%
               163.2    100.00%
               163.3    100.00%
               163.4    100.00%
               163.5    100.00%
               163.6    100.00%
               163.7    100.00%
               163.8    100.00%
               163.9    100.00%
               164.0    100.00%
               164.1    100.00%
               164.2    100.00%
               164.3    100.00%
               164.4    100.00%
               164.5    100.00%
               164.6    100.00%
               164.7    100.00%
               164.8    100.00%
               164.9    100.00%
               165.0    100.00%
               165.1    100.00%
               165.2    100.00%
               165.3    100.00%
               165.4    100.00%
               165.5    100.00%
               165.6    100.00%
               165.7    100.00%
               165.8    100.00%
               165.9    100.00%
               166.0    100.00%
               166.1    100.00%
               166.2    100.00%
               166.3    100.00%
               166.4    100.00%
               166.5    100.00%
               166.6    100.00%
               166.7    100.00%
               166.8    100.00%
               166.9    100.00%
               167.0    100.00%
               167.1    100.00%
               167.2    100.00%
               167.3    100.00%
               167.4    100.00%
               167.5    100.00%
               167.6    100.00%
               167.7    100.00%
               167.8    100.00%
               167.9    100.00%
               168.0    100.00%
               168.1    100.00%
               168.2    100.00%
               168.3    100.00%
               168.4    100.00%
               168.5    100.00%
               168.6    100.00%
               168.7    100.00%
               168.8    100.00%
               168.9    100.00%
               169.0    100.00%
               169.1    100.00%
               169.2    100.00%
               169.3    100.00%
               169.4    100.00%
               169.5    100.00%
               169.6    100.00%
               169.7    100.00%
               169.8    100.00%
               169.9    100.00%
               170.0    100.00%
               170.1    100.00%
               170.2    100.00%
               170.3    100.00%
               170.4    100.00%
               170.5    100.00%
               170.6    100.00%
               170.7    100.00%
               170.8    100.00%
               170.9    100.00%
               171.0    100.00%
               171.1    100.00%
               171.2    100.00%
               171.3    100.00%
               171.4    100.00%
               171.5    100.00%
               171.6    100.00%
               171.7    100.00%
               171.8    100.00%
               171.9    100.00%
               172.0    100.00%
               172.1    100.00%
               172.2    100.00%
               172.3    100.00%
               172.4    100.00%
               172.5    100.00%
               172.6    100.00%
               172.7    100.00%
               172.8    100.00%
               172.9    100.00%
               173.0    100.00%
               173.1    100.00%
               173.2    100.00%
               173.3    100.00%
               173.4    100.00%
               173.5    100.00%
               173.6    100.00%
               173.7    100.00%
               173.8    100.00%
               173.9    100.00%
               174.0    100.00%
               174.1    100.00%
               174.2    100.00%
               174.3    100.00%
               174.4    100.00%
               174.5    100.00%
               174.6    100.00%
               174.7    100.00%
               174.8    100.00%
               174.9    100.00%
               175.0    100.00%
               175.1    100.00%
               175.2    100.00%
               175.3    100.00%
               175.4    100.00%
               175.5    100.00%
               175.6    100.00%
               175.7    100.00%
               175.8    100.00%
               175.9    100.00%
               176.0    100.00%
               176.1    100.00%
               176.2    100.00%
               176.3    100.00%
               176.4    100.00%
               176.5    100.00%
               176.6    100.00%
               176.7    100.00%
               176.8    100.00%
               176.9    100.00%
               177.0    100.00%
               177.1    100.00%
               177.2    100.00%
               177.3    100.00%
               177.4    100.00%
               177.5    100.00%
               177.6    100.00%
               177.7    100.00%
               177.8    100.00%
               177.9    100.00%
               178.0    100.00%
               178.1    100.00%
               178.2    100.00%
               178.3    100.00%
               178.4    100.00%
               178.5    100.00%
               178.6    100.00%
               178.7    100.00%
               178.8    100.00%
               178.9    100.00%
               179.0    100.00%
               179.1    100.00%
               179.2    100.00%
               179.3    100.00%
               179.4    100.00%
               179.5    100.00%
               179.6    100.00%
               179.7    100.00%
               179.8    100.00%

