Threads: 8, Sharded reads: false, Number of Memcached servers: 3.

All measures in microseconds.
  SETS   GETS  MGETS   INVLD    TOT   HITS     RSP T      Q T     SVR T  Q LEN
 17136  17090      0       0  34226  34226  21689.17 19725.93   1938.35     88
  1980   1978      0       0   3958   3958  23126.64 21142.28   1964.58     84
  2111   2113      0       0   4224   4224  21581.81 19722.19   1838.38     81
  2045   2045      0       0   4090   4090  22331.30 20411.61   1901.76     88
  2145   2145      0       0   4290   4290  21328.87 19494.10   1815.99     85
  2019   2020      0       0   4039   4039  22513.73 20576.13   1914.21     88
  1985   1978      0       0   3963   3963  23161.38 21184.86   1953.94     82
  2169   2166      0       0   4335   4335  21118.10 19304.54   1792.35     78
  2068   2072      0       0   4140   4140  21982.39 20091.90   1872.90     75
  2115   2122      0       0   4237   4237  21567.50 19710.94   1836.62     85
  2038   2039      0       0   4077   4077  22351.92 20432.48   1899.44     88
  2047   2044      0       0   4091   4091  22323.35 20407.97   1895.83     88
  2047   2045      0       0   4092   4092  22421.77 20498.49   1903.84     83
  1997   1996      0       0   3993   3993  22796.60 20835.29   1942.68     87
  2059   2057      0       0   4116   4116  22184.65 20279.15   1884.47     82
  2105   2106      0       0   4211   4211  21734.16 19867.37   1848.76     83
  2000   2012      0       0   4012   4012  22679.86 20729.17   1931.27     86
  2127   2118      0       0   4245   4245  21457.85 19609.90   1829.12     86
  2098   2098      0       0   4196   4196  21715.65 19848.61   1848.82     85
  1994   1987      0       0   3981   3981  22974.90 20990.67   1961.15     85
  2144   2158      0       0   4302   4302  21251.73 19423.28   1810.21     85
  2078   2067      0       0   4145   4145  21993.02 20104.95   1864.21     86
  2092   2101      0       0   4193   4193  21898.59 20022.11   1855.70     86
  2016   2006      0       0   4022   4022  22663.99 20713.43   1931.05     87
  2093   2090      0       0   4183   4183  21815.68 19944.57   1851.97     82
  2054   2063      0       0   4117   4117  22176.70 20273.09   1882.65     84
  2082   2081      0       0   4163   4163  21915.71 20033.68   1861.41     80
  2056   2059      0       0   4115   4115  22127.24 20224.05   1880.85     85
  1993   1986      0       0   3979   3979  22480.35 20510.72   1935.53     82
  2032   2036      0       0   4068   4068  22562.12 20630.23   1912.22     86
  2102   2097      0       0   4199   4199  21701.21 19835.05   1846.98     85
  2024   2024      0       0   4048   4048  22465.22 20535.48   1908.69     86
  2133   2142      0       0   4275   4275  21396.53 19558.66   1818.18     86
  2079   2072      0       0   4151   4151  21941.05 20053.84   1867.28     85
  2083   2083      0       0   4166   4166  22004.02 20116.14   1867.22     86
  2146   2151      0       0   4297   4297  21232.72 19410.61   1802.95     87
  2000   1998      0       0   3998   3998  22918.16 20957.28   1940.93     84
  2008   2009      0       0   4017   4017  22681.24 20733.78   1926.89     87
  1816   1810      0       0   3626   3626  25268.82 23106.86   2133.72     81
  2111   2108      0       0   4219   4219  21663.58 19798.64   1843.34     86
  2068   2073      0       0   4141   4141  21985.09 20093.42   1866.81     87
  2110   2114      0       0   4224   4224  21649.22 19795.84   1833.43     86
  2107   2106      0       0   4213   4213  21610.37 19751.69   1835.05     87
  2036   2043      0       0   4079   4079  22487.50 20559.25   1907.85     84
  2039   2031      0       0   4070   4070  22407.85 20478.50   1909.79     86
  2057   2063      0       0   4120   4120  22211.13 20307.00   1883.51     87
  2137   2132      0       0   4269   4269  21410.52 19575.60   1815.83     85
  2049   2052      0       0   4101   4101  22213.28 20303.47   1889.98     86
  2037   2034      0       0   4071   4071  22488.35 20562.96   1902.24     85
  2020   2028      0       0   4048   4048  22667.11 20715.15   1929.36     82
  2061   2055      0       0   4116   4116  22190.85 20280.80   1890.52     86
  2056   2058      0       0   4114   4114  22218.25 20313.89   1884.43     84
  2059   2059      0       0   4118   4118  22104.96 20196.00   1888.26     86
  2060   2054      0       0   4114   4114  22242.23 20337.39   1883.49     86
  2061   2067      0       0   4128   4128  22214.10 20309.74   1882.18     87
  2069   2068      0       0   4137   4137  22171.02 20268.72   1878.69     85
  1995   1991      0       0   3986   3986  22831.23 20865.15   1939.57     83
  2040   2043      0       0   4083   4083  22355.48 20437.74   1898.87     86
  2000   2005      0       0   4005   4005  22671.35 20714.62   1934.77     86
  2013   2010      0       0   4023   4023  22665.69 20713.66   1933.23     87
  1998   1988      0       0   3986   3986  22906.09 20930.73   1954.36     87
  2071   2079      0       0   4150   4150  22233.50 20338.43   1876.26     83
  2016   2012      0       0   4028   4028  22711.26 20759.91   1931.95     88
  2080   2081      0       0   4161   4161  21891.62 20041.73   1826.19     79
  1907   1910      0       0   3817   3817  24137.57 22006.19   2107.34     82
  2027   2020      0       0   4047   4047  22937.81 20993.22   1919.26     87
  2051   2058      0       0   4109   4109  22341.04 20425.96   1893.35     88
  2061   2060      0       0   4121   4121  22154.81 20246.57   1888.43     85
  2093   2097      0       0   4190   4190  21785.03 19911.72   1854.19     87
  2065   2058      0       0   4123   4123  22329.44 20409.71   1897.95     83
  2005   2007      0       0   4012   4012  22844.13 20884.00   1939.12     86
  2128   2121      0       0   4249   4249  21521.54 19670.43   1831.28     82
  2091   2087      0       0   4178   4178  21900.98 20020.13   1858.90     86
  2155   2167      0       0   4322   4322  21189.67 19369.64   1798.52     87
  2069   2066      0       0   4135   4135  22083.52 20181.14   1882.47     84
  2021   2024      0       0   4045   4045  22355.19 20414.91   1920.42     87
  2028   2033      0       0   4061   4061  22832.34 20900.24   1908.27     82
  1965   1963      0       0   3928   3928  23199.75 21198.61   1975.34     86
  2070   2063      0       0   4133   4133  22021.72 20126.40   1874.37     87
  2048   2044      0       0   4092   4092  22375.70 20451.18   1906.68     80
  2134   2138      0       0   4272   4272  21416.11 19577.21   1819.64     88
  2001   2006      0       0   4007   4007  21935.41 19979.03   1936.11     55
  1058   1043      0       0   2101   2101  12122.14 10078.56   2024.51      0
     0      0      0       0      0      0       NaN      NaN       NaN      0
     0      0      0       0      0      0       NaN      NaN       NaN      0
     0      0      0       0      0      0       NaN      NaN       NaN      0
     0      0      0       0      0      0       NaN      NaN       NaN      0
     0      0      0       0      0      0       NaN      NaN       NaN      0
================================================================================
ALL STATS (timing measures are in microseconds)
WORKER 0:
Type     |Total    |Ops/sec  |Hits/sec |Miss/Sec |Resp Time|Proc Time|Srvr Time
SET      |    23169|   254.60|   254.60|     0.00| 22473.47|  2252.75|  2231.98
GET      |    23024|   253.01|   253.01|     0.00| 21751.46|  1574.24|  1552.77
MULTIGET |        0|     0.00|     0.00|     0.00|      NaN|      NaN|      NaN
INVALID  |        0|     0.00|      ---|      ---|      NaN|      NaN|      ---
Average mutliget length: NaN
================================================================================
WORKER 1:
Type     |Total    |Ops/sec  |Hits/sec |Miss/Sec |Resp Time|Proc Time|Srvr Time
SET      |    23045|   253.24|   253.24|     0.00| 22459.48|  2246.72|  2226.41
GET      |    23116|   254.02|   254.02|     0.00| 21785.70|  1585.89|  1563.59
MULTIGET |        0|     0.00|     0.00|     0.00|      NaN|      NaN|      NaN
INVALID  |        0|     0.00|      ---|      ---|      NaN|      NaN|      ---
Average mutliget length: NaN
================================================================================
WORKER 2:
Type     |Total    |Ops/sec  |Hits/sec |Miss/Sec |Resp Time|Proc Time|Srvr Time
SET      |    23193|   254.87|   254.87|     0.00| 22467.81|  2251.13|  2228.76
GET      |    22870|   251.32|   251.32|     0.00| 21746.04|  1583.61|  1562.68
MULTIGET |        0|     0.00|     0.00|     0.00|      NaN|      NaN|      NaN
INVALID  |        0|     0.00|      ---|      ---|      NaN|      NaN|      ---
Average mutliget length: NaN
================================================================================
WORKER 3:
Type     |Total    |Ops/sec  |Hits/sec |Miss/Sec |Resp Time|Proc Time|Srvr Time
SET      |    23305|   256.10|   256.10|     0.00| 22501.04|  2250.85|  2230.64
GET      |    22964|   252.35|   252.35|     0.00| 21733.79|  1565.98|  1544.70
MULTIGET |        0|     0.00|     0.00|     0.00|      NaN|      NaN|      NaN
INVALID  |        0|     0.00|      ---|      ---|      NaN|      NaN|      ---
Average mutliget length: NaN
================================================================================
WORKER 4:
Type     |Total    |Ops/sec  |Hits/sec |Miss/Sec |Resp Time|Proc Time|Srvr Time
SET      |    23237|   255.35|   255.35|     0.00| 22490.00|  2251.82|  2231.41
GET      |    22994|   252.68|   252.68|     0.00| 21723.79|  1570.88|  1548.60
MULTIGET |        0|     0.00|     0.00|     0.00|      NaN|      NaN|      NaN
INVALID  |        0|     0.00|      ---|      ---|      NaN|      NaN|      ---
Average mutliget length: NaN
================================================================================
WORKER 5:
Type     |Total    |Ops/sec  |Hits/sec |Miss/Sec |Resp Time|Proc Time|Srvr Time
SET      |    22892|   251.56|   251.56|     0.00| 22460.05|  2251.81|  2231.48
GET      |    23178|   254.70|   254.70|     0.00| 21745.78|  1590.41|  1568.56
MULTIGET |        0|     0.00|     0.00|     0.00|      NaN|      NaN|      NaN
INVALID  |        0|     0.00|      ---|      ---|      NaN|      NaN|      ---
Average mutliget length: NaN
================================================================================
WORKER 6:
Type     |Total    |Ops/sec  |Hits/sec |Miss/Sec |Resp Time|Proc Time|Srvr Time
SET      |    22948|   252.18|   252.18|     0.00| 22452.89|  2251.68|  2228.90
GET      |    23133|   254.21|   254.21|     0.00| 21774.76|  1589.28|  1568.75
MULTIGET |        0|     0.00|     0.00|     0.00|      NaN|      NaN|      NaN
INVALID  |        0|     0.00|      ---|      ---|      NaN|      NaN|      ---
Average mutliget length: NaN
================================================================================
WORKER 7:
Type     |Total    |Ops/sec  |Hits/sec |Miss/Sec |Resp Time|Proc Time|Srvr Time
SET      |    22854|   251.14|   251.14|     0.00| 22495.83|  2254.70|  2233.26
GET      |    23304|   256.09|   256.09|     0.00| 21785.68|  1584.11|  1562.06
MULTIGET |        0|     0.00|     0.00|     0.00|      NaN|      NaN|      NaN
INVALID  |        0|     0.00|      ---|      ---|      NaN|      NaN|      ---
Average mutliget length: NaN
================================================================================
================================================================================

AGGREGATE FOR ALL WORKERS:
Type     |Total    |Ops/sec  |Hits/sec |Miss/Sec |Resp Time|Proc Time|Srvr Time
SET      |   184643|  2029.04|  2029.04|     0.00| 22475.12|  2251.43|  2230.35
GET      |   184583|  2028.38|  2028.38|     0.00| 21755.96|  1580.58|  1558.99
MULTIGET |        0|     0.00|     0.00|     0.00|      NaN|      NaN|      NaN
INVALID  |        0|     0.00|      ---|      ---|      NaN|      NaN|      ---
Average mutliget length: NaN


 HISTOGRAM
  Response time (ms)   Percent
                 0.1      0.00%
                 0.2      0.00%
                 0.3      0.00%
                 0.4      0.00%
                 0.5      0.00%
                 0.6      0.00%
                 0.7      0.00%
                 0.8      0.00%
                 0.9      0.00%
                 1.0      0.00%
                 1.1      0.00%
                 1.2      0.00%
                 1.3      0.00%
                 1.4      0.00%
                 1.5      0.00%
                 1.6      0.00%
                 1.7      0.00%
                 1.8      0.00%
                 1.9      0.00%
                 2.0      0.00%
                 2.1      0.01%
                 2.2      0.01%
                 2.3      0.01%
                 2.4      0.01%
                 2.5      0.01%
                 2.6      0.01%
                 2.7      0.01%
                 2.8      0.01%
                 2.9      0.01%
                 3.0      0.01%
                 3.1      0.01%
                 3.2      0.01%
                 3.3      0.01%
                 3.4      0.01%
                 3.5      0.01%
                 3.6      0.01%
                 3.7      0.02%
                 3.8      0.02%
                 3.9      0.02%
                 4.0      0.02%
                 4.1      0.02%
                 4.2      0.02%
                 4.3      0.03%
                 4.4      0.03%
                 4.5      0.03%
                 4.6      0.03%
                 4.7      0.04%
                 4.8      0.04%
                 4.9      0.04%
                 5.0      0.04%
                 5.1      0.05%
                 5.2      0.05%
                 5.3      0.06%
                 5.4      0.06%
                 5.5      0.07%
                 5.6      0.07%
                 5.7      0.07%
                 5.8      0.08%
                 5.9      0.09%
                 6.0      0.09%
                 6.1      0.10%
                 6.2      0.11%
                 6.3      0.11%
                 6.4      0.12%
                 6.5      0.13%
                 6.6      0.13%
                 6.7      0.14%
                 6.8      0.15%
                 6.9      0.15%
                 7.0      0.16%
                 7.1      0.17%
                 7.2      0.18%
                 7.3      0.18%
                 7.4      0.19%
                 7.5      0.19%
                 7.6      0.20%
                 7.7      0.20%
                 7.8      0.21%
                 7.9      0.21%
                 8.0      0.22%
                 8.1      0.22%
                 8.2      0.22%
                 8.3      0.23%
                 8.4      0.23%
                 8.5      0.23%
                 8.6      0.24%
                 8.7      0.24%
                 8.8      0.24%
                 8.9      0.24%
                 9.0      0.24%
                 9.1      0.24%
                 9.2      0.24%
                 9.3      0.24%
                 9.4      0.25%
                 9.5      0.25%
                 9.6      0.25%
                 9.7      0.25%
                 9.8      0.25%
                 9.9      0.25%
                10.0      0.25%
                10.1      0.25%
                10.2      0.25%
                10.3      0.25%
                10.4      0.25%
                10.5      0.25%
                10.6      0.26%
                10.7      0.26%
                10.8      0.26%
                10.9      0.26%
                11.0      0.26%
                11.1      0.26%
                11.2      0.26%
                11.3      0.27%
                11.4      0.27%
                11.5      0.27%
                11.6      0.27%
                11.7      0.28%
                11.8      0.28%
                11.9      0.28%
                12.0      0.28%
                12.1      0.28%
                12.2      0.29%
                12.3      0.29%
                12.4      0.29%
                12.5      0.30%
                12.6      0.31%
                12.7      0.31%
                12.8      0.32%
                12.9      0.33%
                13.0      0.33%
                13.1      0.34%
                13.2      0.35%
                13.3      0.36%
                13.4      0.37%
                13.5      0.37%
                13.6      0.38%
                13.7      0.39%
                13.8      0.40%
                13.9      0.41%
                14.0      0.42%
                14.1      0.43%
                14.2      0.45%
                14.3      0.46%
                14.4      0.47%
                14.5      0.49%
                14.6      0.50%
                14.7      0.51%
                14.8      0.52%
                14.9      0.53%
                15.0      0.54%
                15.1      0.55%
                15.2      0.56%
                15.3      0.57%
                15.4      0.58%
                15.5      0.59%
                15.6      0.60%
                15.7      0.61%
                15.8      0.62%
                15.9      0.63%
                16.0      0.64%
                16.1      0.65%
                16.2      0.67%
                16.3      0.69%
                16.4      0.71%
                16.5      0.73%
                16.6      0.75%
                16.7      0.77%
                16.8      0.80%
                16.9      0.83%
                17.0      0.87%
                17.1      0.91%
                17.2      0.96%
                17.3      1.02%
                17.4      1.11%
                17.5      1.21%
                17.6      1.32%
                17.7      1.47%
                17.8      1.64%
                17.9      1.84%
                18.0      2.08%
                18.1      2.36%
                18.2      2.69%
                18.3      3.05%
                18.4      3.46%
                18.5      3.92%
                18.6      4.44%
                18.7      5.03%
                18.8      5.67%
                18.9      6.40%
                19.0      7.20%
                19.1      8.14%
                19.2      9.17%
                19.3     10.32%
                19.4     11.59%
                19.5     12.98%
                19.6     14.51%
                19.7     16.11%
                19.8     17.82%
                19.9     19.62%
                20.0     21.49%
                20.1     23.49%
                20.2     25.51%
                20.3     27.58%
                20.4     29.78%
                20.5     31.97%
                20.6     34.20%
                20.7     36.40%
                20.8     38.57%
                20.9     40.71%
                21.0     42.79%
                21.1     44.81%
                21.2     46.77%
                21.3     48.65%
                21.4     50.45%
                21.5     52.23%
                21.6     53.88%
                21.7     55.48%
                21.8     56.95%
                21.9     58.36%
                22.0     59.70%
                22.1     61.02%
                22.2     62.25%
                22.3     63.43%
                22.4     64.57%
                22.5     65.69%
                22.6     66.74%
                22.7     67.77%
                22.8     68.73%
                22.9     69.62%
                23.0     70.50%
                23.1     71.36%
                23.2     72.21%
                23.3     73.02%
                23.4     73.80%
                23.5     74.59%
                23.6     75.32%
                23.7     76.03%
                23.8     76.77%
                23.9     77.46%
                24.0     78.17%
                24.1     78.88%
                24.2     79.52%
                24.3     80.18%
                24.4     80.87%
                24.5     81.55%
                24.6     82.19%
                24.7     82.83%
                24.8     83.48%
                24.9     84.08%
                25.0     84.69%
                25.1     85.29%
                25.2     85.87%
                25.3     86.45%
                25.4     87.01%
                25.5     87.57%
                25.6     88.11%
                25.7     88.61%
                25.8     89.08%
                25.9     89.55%
                26.0     90.00%
                26.1     90.38%
                26.2     90.75%
                26.3     91.10%
                26.4     91.44%
                26.5     91.75%
                26.6     92.05%
                26.7     92.34%
                26.8     92.61%
                26.9     92.85%
                27.0     93.10%
                27.1     93.32%
                27.2     93.53%
                27.3     93.72%
                27.4     93.92%
                27.5     94.09%
                27.6     94.26%
                27.7     94.43%
                27.8     94.59%
                27.9     94.73%
                28.0     94.88%
                28.1     95.02%
                28.2     95.16%
                28.3     95.30%
                28.4     95.43%
                28.5     95.55%
                28.6     95.68%
                28.7     95.79%
                28.8     95.91%
                28.9     96.02%
                29.0     96.14%
                29.1     96.25%
                29.2     96.37%
                29.3     96.49%
                29.4     96.62%
                29.5     96.72%
                29.6     96.84%
                29.7     96.95%
                29.8     97.06%
                29.9     97.17%
                30.0     97.27%
                30.1     97.39%
                30.2     97.49%
                30.3     97.59%
                30.4     97.69%
                30.5     97.79%
                30.6     97.88%
                30.7     97.96%
                30.8     98.03%
                30.9     98.10%
                31.0     98.17%
                31.1     98.23%
                31.2     98.29%
                31.3     98.35%
                31.4     98.42%
                31.5     98.48%
                31.6     98.53%
                31.7     98.57%
                31.8     98.62%
                31.9     98.67%
                32.0     98.72%
                32.1     98.76%
                32.2     98.81%
                32.3     98.86%
                32.4     98.90%
                32.5     98.94%
                32.6     98.98%
                32.7     99.02%
                32.8     99.06%
                32.9     99.09%
                33.0     99.12%
                33.1     99.16%
                33.2     99.18%
                33.3     99.21%
                33.4     99.23%
                33.5     99.26%
                33.6     99.28%
                33.7     99.31%
                33.8     99.33%
                33.9     99.35%
                34.0     99.37%
                34.1     99.39%
                34.2     99.40%
                34.3     99.42%
                34.4     99.43%
                34.5     99.44%
                34.6     99.46%
                34.7     99.48%
                34.8     99.49%
                34.9     99.50%
                35.0     99.52%
                35.1     99.53%
                35.2     99.54%
                35.3     99.55%
                35.4     99.56%
                35.5     99.57%
                35.6     99.59%
                35.7     99.60%
                35.8     99.61%
                35.9     99.62%
                36.0     99.64%
                36.1     99.65%
                36.2     99.66%
                36.3     99.67%
                36.4     99.68%
                36.5     99.69%
                36.6     99.70%
                36.7     99.70%
                36.8     99.71%
                36.9     99.72%
                37.0     99.72%
                37.1     99.73%
                37.2     99.73%
                37.3     99.74%
                37.4     99.74%
                37.5     99.74%
                37.6     99.75%
                37.7     99.75%
                37.8     99.76%
                37.9     99.76%
                38.0     99.77%
                38.1     99.77%
                38.2     99.77%
                38.3     99.78%
                38.4     99.78%
                38.5     99.79%
                38.6     99.79%
                38.7     99.79%
                38.8     99.79%
                38.9     99.79%
                39.0     99.80%
                39.1     99.80%
                39.2     99.80%
                39.3     99.80%
                39.4     99.80%
                39.5     99.80%
                39.6     99.81%
                39.7     99.81%
                39.8     99.81%
                39.9     99.81%
                40.0     99.81%
                40.1     99.81%
                40.2     99.81%
                40.3     99.82%
                40.4     99.82%
                40.5     99.82%
                40.6     99.82%
                40.7     99.82%
                40.8     99.82%
                40.9     99.82%
                41.0     99.82%
                41.1     99.82%
                41.2     99.82%
                41.3     99.82%
                41.4     99.83%
                41.5     99.83%
                41.6     99.83%
                41.7     99.83%
                41.8     99.84%
                41.9     99.84%
                42.0     99.84%
                42.1     99.84%
                42.2     99.84%
                42.3     99.84%
                42.4     99.84%
                42.5     99.85%
                42.6     99.85%
                42.7     99.85%
                42.8     99.85%
                42.9     99.85%
                43.0     99.86%
                43.1     99.86%
                43.2     99.86%
                43.3     99.86%
                43.4     99.86%
                43.5     99.86%
                43.6     99.87%
                43.7     99.87%
                43.8     99.87%
                43.9     99.87%
                44.0     99.88%
                44.1     99.88%
                44.2     99.88%
                44.3     99.88%
                44.4     99.88%
                44.5     99.89%
                44.6     99.89%
                44.7     99.89%
                44.8     99.89%
                44.9     99.89%
                45.0     99.90%
                45.1     99.90%
                45.2     99.90%
                45.3     99.90%
                45.4     99.90%
                45.5     99.90%
                45.6     99.90%
                45.7     99.90%
                45.8     99.90%
                45.9     99.90%
                46.0     99.90%
                46.1     99.91%
                46.2     99.91%
                46.3     99.91%
                46.4     99.91%
                46.5     99.91%
                46.6     99.91%
                46.7     99.91%
                46.8     99.91%
                46.9     99.91%
                47.0     99.91%
                47.1     99.91%
                47.2     99.91%
                47.3     99.91%
                47.4     99.91%
                47.5     99.91%
                47.6     99.92%
                47.7     99.92%
                47.8     99.92%
                47.9     99.92%
                48.0     99.92%
                48.1     99.92%
                48.2     99.92%
                48.3     99.92%
                48.4     99.92%
                48.5     99.92%
                48.6     99.92%
                48.7     99.92%
                48.8     99.92%
                48.9     99.92%
                49.0     99.92%
                49.1     99.92%
                49.2     99.92%
                49.3     99.92%
                49.4     99.92%
                49.5     99.92%
                49.6     99.92%
                49.7     99.92%
                49.8     99.92%
                49.9     99.92%
                50.0     99.92%
                50.1     99.92%
                50.2     99.92%
                50.3     99.92%
                50.4     99.92%
                50.5     99.92%
                50.6     99.92%
                50.7     99.92%
                50.8     99.92%
                50.9     99.92%
                51.0     99.92%
                51.1     99.92%
                51.2     99.92%
                51.3     99.92%
                51.4     99.92%
                51.5     99.92%
                51.6     99.92%
                51.7     99.92%
                51.8     99.92%
                51.9     99.92%
                52.0     99.92%
                52.1     99.92%
                52.2     99.92%
                52.3     99.92%
                52.4     99.92%
                52.5     99.92%
                52.6     99.92%
                52.7     99.93%
                52.8     99.93%
                52.9     99.93%
                53.0     99.93%
                53.1     99.93%
                53.2     99.93%
                53.3     99.93%
                53.4     99.93%
                53.5     99.93%
                53.6     99.93%
                53.7     99.93%
                53.8     99.93%
                53.9     99.93%
                54.0     99.93%
                54.1     99.93%
                54.2     99.93%
                54.3     99.94%
                54.4     99.94%
                54.5     99.94%
                54.6     99.94%
                54.7     99.94%
                54.8     99.94%
                54.9     99.94%
                55.0     99.94%
                55.1     99.94%
                55.2     99.95%
                55.3     99.95%
                55.4     99.95%
                55.5     99.95%
                55.6     99.95%
                55.7     99.95%
                55.8     99.95%
                55.9     99.95%
                56.0     99.96%
                56.1     99.96%
                56.2     99.96%
                56.3     99.96%
                56.4     99.96%
                56.5     99.96%
                56.6     99.96%
                56.7     99.97%
                56.8     99.97%
                56.9     99.97%
                57.0     99.97%
                57.1     99.97%
                57.2     99.97%
                57.3     99.97%
                57.4     99.97%
                57.5     99.97%
                57.6     99.97%
                57.7     99.97%
                57.8     99.97%
                57.9     99.97%
                58.0     99.97%
                58.1     99.97%
                58.2     99.97%
                58.3     99.98%
                58.4     99.98%
                58.5     99.98%
                58.6     99.98%
                58.7     99.98%
                58.8     99.98%
                58.9     99.98%
                59.0     99.98%
                59.1     99.98%
                59.2     99.98%
                59.3     99.98%
                59.4     99.98%
                59.5     99.98%
                59.6     99.98%
                59.7     99.98%
                59.8     99.98%
                59.9     99.98%
                60.0     99.98%
                60.1     99.98%
                60.2     99.98%
                60.3     99.98%
                60.4     99.98%
                60.5     99.98%
                60.6     99.98%
                60.7     99.98%
                60.8     99.98%
                60.9     99.98%
                61.0     99.98%
                61.1     99.98%
                61.2     99.98%
                61.3     99.98%
                61.4     99.98%
                61.5     99.98%
                61.6     99.98%
                61.7     99.98%
                61.8     99.98%
                61.9     99.98%
                62.0     99.98%
                62.1     99.98%
                62.2     99.98%
                62.3     99.98%
                62.4     99.98%
                62.5     99.98%
                62.6     99.98%
                62.7     99.98%
                62.8     99.98%
                62.9     99.98%
                63.0     99.98%
                63.1     99.98%
                63.2     99.98%
                63.3     99.98%
                63.4     99.98%
                63.5     99.98%
                63.6     99.98%
                63.7     99.98%
                63.8     99.98%
                63.9     99.98%
                64.0     99.99%
                64.1     99.99%
                64.2     99.99%
                64.3     99.99%
                64.4     99.99%
                64.5     99.99%
                64.6     99.99%
                64.7     99.99%
                64.8     99.99%
                64.9     99.99%
                65.0     99.99%
                65.1     99.99%
                65.2     99.99%
                65.3     99.99%
                65.4     99.99%
                65.5     99.99%
                65.6     99.99%
                65.7     99.99%
                65.8     99.99%
                65.9     99.99%
                66.0     99.99%
                66.1     99.99%
                66.2     99.99%
                66.3     99.99%
                66.4     99.99%
                66.5     99.99%
                66.6     99.99%
                66.7     99.99%
                66.8     99.99%
                66.9     99.99%
                67.0     99.99%
                67.1     99.99%
                67.2     99.99%
                67.3     99.99%
                67.4     99.99%
                67.5     99.99%
                67.6     99.99%
                67.7     99.99%
                67.8     99.99%
                67.9     99.99%
                68.0     99.99%
                68.1     99.99%
                68.2     99.99%
                68.3     99.99%
                68.4     99.99%
                68.5     99.99%
                68.6     99.99%
                68.7     99.99%
                68.8     99.99%
                68.9     99.99%
                69.0     99.99%
                69.1     99.99%
                69.2     99.99%
                69.3     99.99%
                69.4     99.99%
                69.5     99.99%
                69.6     99.99%
                69.7     99.99%
                69.8     99.99%
                69.9     99.99%
                70.0     99.99%
                70.1     99.99%
                70.2     99.99%
                70.3     99.99%
                70.4     99.99%
                70.5     99.99%
                70.6     99.99%
                70.7     99.99%
                70.8     99.99%
                70.9     99.99%
                71.0     99.99%
                71.1     99.99%
                71.2     99.99%
                71.3     99.99%
                71.4     99.99%
                71.5     99.99%
                71.6     99.99%
                71.7     99.99%
                71.8     99.99%
                71.9     99.99%
                72.0     99.99%
                72.1     99.99%
                72.2     99.99%
                72.3     99.99%
                72.4     99.99%
                72.5     99.99%
                72.6     99.99%
                72.7     99.99%
                72.8     99.99%
                72.9     99.99%
                73.0    100.00%
                73.1    100.00%
                73.2    100.00%
                73.3    100.00%
                73.4    100.00%
                73.5    100.00%
                73.6    100.00%
                73.7    100.00%
                73.8    100.00%
                73.9    100.00%
                74.0    100.00%
                74.1    100.00%
                74.2    100.00%
                74.3    100.00%
                74.4    100.00%
                74.5    100.00%
                74.6    100.00%
                74.7    100.00%
                74.8    100.00%
                74.9    100.00%
                75.0    100.00%
                75.1    100.00%
                75.2    100.00%
                75.3    100.00%
                75.4    100.00%
                75.5    100.00%
                75.6    100.00%
                75.7    100.00%
                75.8    100.00%
                75.9    100.00%
                76.0    100.00%
                76.1    100.00%
                76.2    100.00%
                76.3    100.00%
                76.4    100.00%
                76.5    100.00%
                76.6    100.00%
                76.7    100.00%
                76.8    100.00%
                76.9    100.00%
                77.0    100.00%
                77.1    100.00%
                77.2    100.00%
                77.3    100.00%
                77.4    100.00%
                77.5    100.00%
                77.6    100.00%
                77.7    100.00%
                77.8    100.00%
                77.9    100.00%
                78.0    100.00%
                78.1    100.00%
                78.2    100.00%
                78.3    100.00%
                78.4    100.00%
                78.5    100.00%
                78.6    100.00%
                78.7    100.00%
                78.8    100.00%
                78.9    100.00%
                79.0    100.00%
                79.1    100.00%
                79.2    100.00%
                79.3    100.00%
                79.4    100.00%
                79.5    100.00%
                79.6    100.00%
                79.7    100.00%
                79.8    100.00%
                79.9    100.00%
                80.0    100.00%
                80.1    100.00%
                80.2    100.00%
                80.3    100.00%
                80.4    100.00%
                80.5    100.00%
                80.6    100.00%
                80.7    100.00%
                80.8    100.00%
                80.9    100.00%
                81.0    100.00%
                81.1    100.00%
                81.2    100.00%
                81.3    100.00%
                81.4    100.00%
                81.5    100.00%
                81.6    100.00%
                81.7    100.00%
                81.8    100.00%
                81.9    100.00%
                82.0    100.00%
                82.1    100.00%
                82.2    100.00%
                82.3    100.00%
                82.4    100.00%
                82.5    100.00%
                82.6    100.00%
                82.7    100.00%
                82.8    100.00%
                82.9    100.00%
                83.0    100.00%
                83.1    100.00%
                83.2    100.00%
                83.3    100.00%
                83.4    100.00%
                83.5    100.00%
                83.6    100.00%
                83.7    100.00%
                83.8    100.00%
                83.9    100.00%
                84.0    100.00%
                84.1    100.00%
                84.2    100.00%
                84.3    100.00%
                84.4    100.00%
                84.5    100.00%
                84.6    100.00%
                84.7    100.00%
                84.8    100.00%
                84.9    100.00%
                85.0    100.00%
                85.1    100.00%
                85.2    100.00%
                85.3    100.00%
                85.4    100.00%
                85.5    100.00%
                85.6    100.00%
                85.7    100.00%
                85.8    100.00%
                85.9    100.00%
                86.0    100.00%
                86.1    100.00%
                86.2    100.00%
                86.3    100.00%
                86.4    100.00%
                86.5    100.00%
                86.6    100.00%
                86.7    100.00%
                86.8    100.00%
                86.9    100.00%
                87.0    100.00%
                87.1    100.00%
                87.2    100.00%
                87.3    100.00%
                87.4    100.00%
                87.5    100.00%
                87.6    100.00%
                87.7    100.00%
                87.8    100.00%
                87.9    100.00%
                88.0    100.00%
                88.1    100.00%
                88.2    100.00%
                88.3    100.00%
                88.4    100.00%
                88.5    100.00%
                88.6    100.00%
                88.7    100.00%
                88.8    100.00%
                88.9    100.00%
                89.0    100.00%
                89.1    100.00%
                89.2    100.00%
                89.3    100.00%
                89.4    100.00%
                89.5    100.00%
                89.6    100.00%
                89.7    100.00%
                89.8    100.00%
                89.9    100.00%
                90.0    100.00%
                90.1    100.00%
                90.2    100.00%
                90.3    100.00%
                90.4    100.00%
                90.5    100.00%
                90.6    100.00%
                90.7    100.00%
                90.8    100.00%
                90.9    100.00%
                91.0    100.00%
                91.1    100.00%
                91.2    100.00%
                91.3    100.00%
                91.4    100.00%
                91.5    100.00%
                91.6    100.00%
                91.7    100.00%
                91.8    100.00%
                91.9    100.00%
                92.0    100.00%
                92.1    100.00%
                92.2    100.00%
                92.3    100.00%
                92.4    100.00%
                92.5    100.00%
                92.6    100.00%
                92.7    100.00%
                92.8    100.00%
                92.9    100.00%
                93.0    100.00%
                93.1    100.00%
                93.2    100.00%
                93.3    100.00%
                93.4    100.00%
                93.5    100.00%
                93.6    100.00%
                93.7    100.00%
                93.8    100.00%
                93.9    100.00%
                94.0    100.00%
                94.1    100.00%
                94.2    100.00%
                94.3    100.00%
                94.4    100.00%
                94.5    100.00%
                94.6    100.00%
                94.7    100.00%
                94.8    100.00%
                94.9    100.00%
                95.0    100.00%
                95.1    100.00%
                95.2    100.00%
                95.3    100.00%
                95.4    100.00%
                95.5    100.00%
                95.6    100.00%
                95.7    100.00%
                95.8    100.00%
                95.9    100.00%
                96.0    100.00%
                96.1    100.00%
                96.2    100.00%
                96.3    100.00%
                96.4    100.00%
                96.5    100.00%
                96.6    100.00%
                96.7    100.00%
                96.8    100.00%
                96.9    100.00%
                97.0    100.00%
                97.1    100.00%
                97.2    100.00%
                97.3    100.00%
                97.4    100.00%
                97.5    100.00%
                97.6    100.00%
                97.7    100.00%
                97.8    100.00%
                97.9    100.00%
                98.0    100.00%
                98.1    100.00%
                98.2    100.00%
                98.3    100.00%
                98.4    100.00%
                98.5    100.00%
                98.6    100.00%
                98.7    100.00%
                98.8    100.00%
                98.9    100.00%
                99.0    100.00%
                99.1    100.00%
                99.2    100.00%
                99.3    100.00%
                99.4    100.00%
                99.5    100.00%
                99.6    100.00%
                99.7    100.00%
                99.8    100.00%
                99.9    100.00%
               100.0    100.00%
               100.1    100.00%
               100.2    100.00%
               100.3    100.00%
               100.4    100.00%
               100.5    100.00%
               100.6    100.00%
               100.7    100.00%
               100.8    100.00%
               100.9    100.00%
               101.0    100.00%
               101.1    100.00%
               101.2    100.00%
               101.3    100.00%
               101.4    100.00%
               101.5    100.00%
               101.6    100.00%
               101.7    100.00%
               101.8    100.00%
               101.9    100.00%
               102.0    100.00%
               102.1    100.00%
               102.2    100.00%
               102.3    100.00%
               102.4    100.00%
               102.5    100.00%
               102.6    100.00%
               102.7    100.00%
               102.8    100.00%
               102.9    100.00%
               103.0    100.00%
               103.1    100.00%
               103.2    100.00%
               103.3    100.00%
               103.4    100.00%
               103.5    100.00%
               103.6    100.00%
               103.7    100.00%
               103.8    100.00%
               103.9    100.00%
               104.0    100.00%
               104.1    100.00%
               104.2    100.00%
               104.3    100.00%
               104.4    100.00%
               104.5    100.00%
               104.6    100.00%
               104.7    100.00%
               104.8    100.00%
               104.9    100.00%
               105.0    100.00%
               105.1    100.00%
               105.2    100.00%
               105.3    100.00%
               105.4    100.00%
               105.5    100.00%
               105.6    100.00%
               105.7    100.00%
               105.8    100.00%
               105.9    100.00%
               106.0    100.00%
               106.1    100.00%
               106.2    100.00%
               106.3    100.00%
               106.4    100.00%
               106.5    100.00%
               106.6    100.00%
               106.7    100.00%
               106.8    100.00%
               106.9    100.00%
               107.0    100.00%
               107.1    100.00%
               107.2    100.00%
               107.3    100.00%
               107.4    100.00%
               107.5    100.00%
               107.6    100.00%
               107.7    100.00%
               107.8    100.00%
               107.9    100.00%
               108.0    100.00%
               108.1    100.00%
               108.2    100.00%
               108.3    100.00%
               108.4    100.00%
               108.5    100.00%
               108.6    100.00%
               108.7    100.00%
               108.8    100.00%
               108.9    100.00%
               109.0    100.00%
               109.1    100.00%
               109.2    100.00%
               109.3    100.00%
               109.4    100.00%
               109.5    100.00%
               109.6    100.00%
               109.7    100.00%
               109.8    100.00%
               109.9    100.00%
               110.0    100.00%
               110.1    100.00%
               110.2    100.00%
               110.3    100.00%
               110.4    100.00%
               110.5    100.00%
               110.6    100.00%
               110.7    100.00%
               110.8    100.00%
               110.9    100.00%
               111.0    100.00%
               111.1    100.00%
               111.2    100.00%
               111.3    100.00%
               111.4    100.00%
               111.5    100.00%
               111.6    100.00%
               111.7    100.00%
               111.8    100.00%
               111.9    100.00%
               112.0    100.00%
               112.1    100.00%
               112.2    100.00%
               112.3    100.00%
               112.4    100.00%
               112.5    100.00%
               112.6    100.00%
               112.7    100.00%
               112.8    100.00%
               112.9    100.00%
               113.0    100.00%
               113.1    100.00%
               113.2    100.00%
               113.3    100.00%
               113.4    100.00%
               113.5    100.00%
               113.6    100.00%
               113.7    100.00%
               113.8    100.00%
               113.9    100.00%
               114.0    100.00%
               114.1    100.00%
               114.2    100.00%
               114.3    100.00%
               114.4    100.00%
               114.5    100.00%
               114.6    100.00%
               114.7    100.00%
               114.8    100.00%
               114.9    100.00%
               115.0    100.00%
               115.1    100.00%
               115.2    100.00%
               115.3    100.00%
               115.4    100.00%
               115.5    100.00%
               115.6    100.00%
               115.7    100.00%
               115.8    100.00%
               115.9    100.00%
               116.0    100.00%
               116.1    100.00%
               116.2    100.00%
               116.3    100.00%
               116.4    100.00%
               116.5    100.00%
               116.6    100.00%
               116.7    100.00%
               116.8    100.00%
               116.9    100.00%
               117.0    100.00%
               117.1    100.00%
               117.2    100.00%
               117.3    100.00%
               117.4    100.00%
               117.5    100.00%
               117.6    100.00%
               117.7    100.00%
               117.8    100.00%
               117.9    100.00%
               118.0    100.00%
               118.1    100.00%
               118.2    100.00%
               118.3    100.00%
               118.4    100.00%
               118.5    100.00%
               118.6    100.00%
               118.7    100.00%
               118.8    100.00%
               118.9    100.00%
               119.0    100.00%
               119.1    100.00%
               119.2    100.00%
               119.3    100.00%
               119.4    100.00%
               119.5    100.00%
               119.6    100.00%
               119.7    100.00%
               119.8    100.00%
               119.9    100.00%
               120.0    100.00%
               120.1    100.00%
               120.2    100.00%
               120.3    100.00%
               120.4    100.00%
               120.5    100.00%
               120.6    100.00%
               120.7    100.00%
               120.8    100.00%
               120.9    100.00%
               121.0    100.00%
               121.1    100.00%
               121.2    100.00%
               121.3    100.00%
               121.4    100.00%
               121.5    100.00%
               121.6    100.00%
               121.7    100.00%
               121.8    100.00%
               121.9    100.00%
               122.0    100.00%
               122.1    100.00%
               122.2    100.00%
               122.3    100.00%
               122.4    100.00%
               122.5    100.00%
               122.6    100.00%
               122.7    100.00%
               122.8    100.00%
               122.9    100.00%
               123.0    100.00%
               123.1    100.00%
               123.2    100.00%
               123.3    100.00%
               123.4    100.00%
               123.5    100.00%
               123.6    100.00%
               123.7    100.00%
               123.8    100.00%
               123.9    100.00%
               124.0    100.00%
               124.1    100.00%
               124.2    100.00%
               124.3    100.00%
               124.4    100.00%
               124.5    100.00%
               124.6    100.00%
               124.7    100.00%
               124.8    100.00%
               124.9    100.00%
               125.0    100.00%
               125.1    100.00%
               125.2    100.00%
               125.3    100.00%
               125.4    100.00%
               125.5    100.00%
               125.6    100.00%
               125.7    100.00%
               125.8    100.00%
               125.9    100.00%
               126.0    100.00%
               126.1    100.00%
               126.2    100.00%
               126.3    100.00%
               126.4    100.00%
               126.5    100.00%
               126.6    100.00%
               126.7    100.00%
               126.8    100.00%
               126.9    100.00%
               127.0    100.00%
               127.1    100.00%
               127.2    100.00%
               127.3    100.00%
               127.4    100.00%
               127.5    100.00%
               127.6    100.00%
               127.7    100.00%
               127.8    100.00%
               127.9    100.00%
               128.0    100.00%
               128.1    100.00%
               128.2    100.00%
               128.3    100.00%
               128.4    100.00%
               128.5    100.00%
               128.6    100.00%
               128.7    100.00%
               128.8    100.00%
               128.9    100.00%
               129.0    100.00%
               129.1    100.00%
               129.2    100.00%
               129.3    100.00%
               129.4    100.00%
               129.5    100.00%
               129.6    100.00%
               129.7    100.00%
               129.8    100.00%
               129.9    100.00%
               130.0    100.00%
               130.1    100.00%
               130.2    100.00%
               130.3    100.00%
               130.4    100.00%
               130.5    100.00%
               130.6    100.00%
               130.7    100.00%
               130.8    100.00%
               130.9    100.00%
               131.0    100.00%
               131.1    100.00%
               131.2    100.00%
               131.3    100.00%
               131.4    100.00%
               131.5    100.00%
               131.6    100.00%
               131.7    100.00%
               131.8    100.00%
               131.9    100.00%
               132.0    100.00%
               132.1    100.00%
               132.2    100.00%
               132.3    100.00%
               132.4    100.00%
               132.5    100.00%
               132.6    100.00%
               132.7    100.00%
               132.8    100.00%
               132.9    100.00%
               133.0    100.00%
               133.1    100.00%
               133.2    100.00%
               133.3    100.00%
               133.4    100.00%
               133.5    100.00%
               133.6    100.00%
               133.7    100.00%
               133.8    100.00%
               133.9    100.00%
               134.0    100.00%
               134.1    100.00%
               134.2    100.00%
               134.3    100.00%
               134.4    100.00%
               134.5    100.00%
               134.6    100.00%
               134.7    100.00%
               134.8    100.00%
               134.9    100.00%
               135.0    100.00%
               135.1    100.00%
               135.2    100.00%
               135.3    100.00%
               135.4    100.00%
               135.5    100.00%
               135.6    100.00%
               135.7    100.00%
               135.8    100.00%
               135.9    100.00%
               136.0    100.00%
               136.1    100.00%
               136.2    100.00%
               136.3    100.00%
               136.4    100.00%
               136.5    100.00%
               136.6    100.00%
               136.7    100.00%
               136.8    100.00%
               136.9    100.00%
               137.0    100.00%
               137.1    100.00%
               137.2    100.00%
               137.3    100.00%
               137.4    100.00%
               137.5    100.00%
               137.6    100.00%
               137.7    100.00%
               137.8    100.00%
               137.9    100.00%
               138.0    100.00%
               138.1    100.00%
               138.2    100.00%
               138.3    100.00%
               138.4    100.00%
               138.5    100.00%
               138.6    100.00%
               138.7    100.00%
               138.8    100.00%
               138.9    100.00%
               139.0    100.00%
               139.1    100.00%
               139.2    100.00%
               139.3    100.00%
               139.4    100.00%
               139.5    100.00%
               139.6    100.00%
               139.7    100.00%
               139.8    100.00%
               139.9    100.00%
               140.0    100.00%
               140.1    100.00%
               140.2    100.00%
               140.3    100.00%
               140.4    100.00%
               140.5    100.00%
               140.6    100.00%
               140.7    100.00%
               140.8    100.00%
               140.9    100.00%
               141.0    100.00%
               141.1    100.00%
               141.2    100.00%
               141.3    100.00%
               141.4    100.00%
               141.5    100.00%
               141.6    100.00%
               141.7    100.00%
               141.8    100.00%
               141.9    100.00%
               142.0    100.00%
               142.1    100.00%
               142.2    100.00%
               142.3    100.00%
               142.4    100.00%
               142.5    100.00%
               142.6    100.00%
               142.7    100.00%
               142.8    100.00%
               142.9    100.00%
               143.0    100.00%
               143.1    100.00%
               143.2    100.00%
               143.3    100.00%
               143.4    100.00%
               143.5    100.00%
               143.6    100.00%
               143.7    100.00%
               143.8    100.00%
               143.9    100.00%
               144.0    100.00%
               144.1    100.00%
               144.2    100.00%
               144.3    100.00%
               144.4    100.00%
               144.5    100.00%
               144.6    100.00%
               144.7    100.00%
               144.8    100.00%
               144.9    100.00%
               145.0    100.00%
               145.1    100.00%
               145.2    100.00%
               145.3    100.00%
               145.4    100.00%
               145.5    100.00%
               145.6    100.00%
               145.7    100.00%
               145.8    100.00%
               145.9    100.00%
               146.0    100.00%
               146.1    100.00%
               146.2    100.00%
               146.3    100.00%
               146.4    100.00%
               146.5    100.00%
               146.6    100.00%
               146.7    100.00%
               146.8    100.00%
               146.9    100.00%
               147.0    100.00%
               147.1    100.00%
               147.2    100.00%
               147.3    100.00%
               147.4    100.00%
               147.5    100.00%
               147.6    100.00%
               147.7    100.00%
               147.8    100.00%
               147.9    100.00%
               148.0    100.00%
               148.1    100.00%
               148.2    100.00%
               148.3    100.00%
               148.4    100.00%
               148.5    100.00%
               148.6    100.00%
               148.7    100.00%
               148.8    100.00%
               148.9    100.00%
               149.0    100.00%
               149.1    100.00%
               149.2    100.00%
               149.3    100.00%
               149.4    100.00%
               149.5    100.00%
               149.6    100.00%
               149.7    100.00%
               149.8    100.00%
               149.9    100.00%
               150.0    100.00%
               150.1    100.00%
               150.2    100.00%
               150.3    100.00%
               150.4    100.00%
               150.5    100.00%
               150.6    100.00%
               150.7    100.00%
               150.8    100.00%
               150.9    100.00%
               151.0    100.00%
               151.1    100.00%
               151.2    100.00%
               151.3    100.00%
               151.4    100.00%
               151.5    100.00%
               151.6    100.00%
               151.7    100.00%
               151.8    100.00%
               151.9    100.00%
               152.0    100.00%
               152.1    100.00%
               152.2    100.00%
               152.3    100.00%
               152.4    100.00%
               152.5    100.00%
               152.6    100.00%
               152.7    100.00%
               152.8    100.00%
               152.9    100.00%
               153.0    100.00%
               153.1    100.00%
               153.2    100.00%
               153.3    100.00%
               153.4    100.00%
               153.5    100.00%
               153.6    100.00%
               153.7    100.00%
               153.8    100.00%
               153.9    100.00%
               154.0    100.00%
               154.1    100.00%
               154.2    100.00%
               154.3    100.00%
               154.4    100.00%
               154.5    100.00%
               154.6    100.00%
               154.7    100.00%
               154.8    100.00%
               154.9    100.00%
               155.0    100.00%
               155.1    100.00%
               155.2    100.00%
               155.3    100.00%
               155.4    100.00%
               155.5    100.00%
               155.6    100.00%
               155.7    100.00%
               155.8    100.00%
               155.9    100.00%
               156.0    100.00%
               156.1    100.00%
               156.2    100.00%
               156.3    100.00%
               156.4    100.00%
               156.5    100.00%
               156.6    100.00%
               156.7    100.00%
               156.8    100.00%
               156.9    100.00%
               157.0    100.00%
               157.1    100.00%
               157.2    100.00%
               157.3    100.00%
               157.4    100.00%
               157.5    100.00%
               157.6    100.00%
               157.7    100.00%
               157.8    100.00%
               157.9    100.00%
               158.0    100.00%
               158.1    100.00%
               158.2    100.00%
               158.3    100.00%
               158.4    100.00%
               158.5    100.00%
               158.6    100.00%
               158.7    100.00%
               158.8    100.00%
               158.9    100.00%
               159.0    100.00%
               159.1    100.00%
               159.2    100.00%
               159.3    100.00%
               159.4    100.00%
               159.5    100.00%
               159.6    100.00%
               159.7    100.00%
               159.8    100.00%
               159.9    100.00%
               160.0    100.00%
               160.1    100.00%
               160.2    100.00%
               160.3    100.00%
               160.4    100.00%
               160.5    100.00%
               160.6    100.00%
               160.7    100.00%
               160.8    100.00%
               160.9    100.00%
               161.0    100.00%
               161.1    100.00%
               161.2    100.00%
               161.3    100.00%
               161.4    100.00%
               161.5    100.00%
               161.6    100.00%
               161.7    100.00%
               161.8    100.00%
               161.9    100.00%
               162.0    100.00%
               162.1    100.00%
               162.2    100.00%
               162.3    100.00%
               162.4    100.00%
               162.5    100.00%
               162.6    100.00%
               162.7    100.00%
               162.8    100.00%
               162.9    100.00%
               163.0    100.00%
               163.1    100.00%
               163.2    100.00%
               163.3    100.00%
               163.4    100.00%
               163.5    100.00%
               163.6    100.00%
               163.7    100.00%
               163.8    100.00%
               163.9    100.00%
               164.0    100.00%
               164.1    100.00%
               164.2    100.00%
               164.3    100.00%
               164.4    100.00%
               164.5    100.00%
               164.6    100.00%
               164.7    100.00%
               164.8    100.00%
               164.9    100.00%
               165.0    100.00%
               165.1    100.00%
               165.2    100.00%
               165.3    100.00%
               165.4    100.00%
               165.5    100.00%
               165.6    100.00%
               165.7    100.00%
               165.8    100.00%
               165.9    100.00%
               166.0    100.00%
               166.1    100.00%
               166.2    100.00%
               166.3    100.00%
               166.4    100.00%
               166.5    100.00%
               166.6    100.00%
               166.7    100.00%
               166.8    100.00%
               166.9    100.00%
               167.0    100.00%
               167.1    100.00%
               167.2    100.00%
               167.3    100.00%
               167.4    100.00%
               167.5    100.00%
               167.6    100.00%
               167.7    100.00%
               167.8    100.00%
               167.9    100.00%
               168.0    100.00%
               168.1    100.00%
               168.2    100.00%
               168.3    100.00%
               168.4    100.00%
               168.5    100.00%
               168.6    100.00%
               168.7    100.00%
               168.8    100.00%
               168.9    100.00%
               169.0    100.00%
               169.1    100.00%
               169.2    100.00%
               169.3    100.00%
               169.4    100.00%
               169.5    100.00%
               169.6    100.00%
               169.7    100.00%
               169.8    100.00%
               169.9    100.00%
               170.0    100.00%
               170.1    100.00%
               170.2    100.00%
               170.3    100.00%
               170.4    100.00%
               170.5    100.00%
               170.6    100.00%
               170.7    100.00%
               170.8    100.00%
               170.9    100.00%
               171.0    100.00%
               171.1    100.00%
               171.2    100.00%
               171.3    100.00%
               171.4    100.00%
               171.5    100.00%
               171.6    100.00%
               171.7    100.00%
               171.8    100.00%
               171.9    100.00%
               172.0    100.00%
               172.1    100.00%
               172.2    100.00%
               172.3    100.00%
               172.4    100.00%
               172.5    100.00%
               172.6    100.00%
               172.7    100.00%
               172.8    100.00%
               172.9    100.00%
               173.0    100.00%
               173.1    100.00%
               173.2    100.00%
               173.3    100.00%
               173.4    100.00%
               173.5    100.00%
               173.6    100.00%
               173.7    100.00%
               173.8    100.00%
               173.9    100.00%
               174.0    100.00%
               174.1    100.00%
               174.2    100.00%
               174.3    100.00%
               174.4    100.00%
               174.5    100.00%
               174.6    100.00%
               174.7    100.00%
               174.8    100.00%
               174.9    100.00%
               175.0    100.00%
               175.1    100.00%
               175.2    100.00%
               175.3    100.00%
               175.4    100.00%
               175.5    100.00%
               175.6    100.00%
               175.7    100.00%
               175.8    100.00%
               175.9    100.00%
               176.0    100.00%
               176.1    100.00%
               176.2    100.00%
               176.3    100.00%
               176.4    100.00%
               176.5    100.00%
               176.6    100.00%
               176.7    100.00%
               176.8    100.00%
               176.9    100.00%
               177.0    100.00%
               177.1    100.00%
               177.2    100.00%
               177.3    100.00%
               177.4    100.00%
               177.5    100.00%
               177.6    100.00%
               177.7    100.00%
               177.8    100.00%
               177.9    100.00%
               178.0    100.00%
               178.1    100.00%
               178.2    100.00%
               178.3    100.00%
               178.4    100.00%
               178.5    100.00%
               178.6    100.00%
               178.7    100.00%
               178.8    100.00%
               178.9    100.00%
               179.0    100.00%
               179.1    100.00%
               179.2    100.00%
               179.3    100.00%
               179.4    100.00%
               179.5    100.00%
               179.6    100.00%
               179.7    100.00%
               179.8    100.00%
               179.9    100.00%
               180.0    100.00%
               180.1    100.00%
               180.2    100.00%
               180.3    100.00%
               180.4    100.00%
               180.5    100.00%
               180.6    100.00%
               180.7    100.00%
               180.8    100.00%
               180.9    100.00%
               181.0    100.00%
               181.1    100.00%
               181.2    100.00%
               181.3    100.00%
               181.4    100.00%
               181.5    100.00%
               181.6    100.00%
               181.7    100.00%
               181.8    100.00%
               181.9    100.00%
               182.0    100.00%
               182.1    100.00%
               182.2    100.00%
               182.3    100.00%
               182.4    100.00%
               182.5    100.00%
               182.6    100.00%
               182.7    100.00%
               182.8    100.00%
               182.9    100.00%
               183.0    100.00%
               183.1    100.00%
               183.2    100.00%
               183.3    100.00%
               183.4    100.00%
               183.5    100.00%
               183.6    100.00%
               183.7    100.00%
               183.8    100.00%
               183.9    100.00%
               184.0    100.00%
               184.1    100.00%
               184.2    100.00%
               184.3    100.00%
               184.4    100.00%
               184.5    100.00%
               184.6    100.00%
               184.7    100.00%
               184.8    100.00%
               184.9    100.00%
               185.0    100.00%
               185.1    100.00%
               185.2    100.00%
               185.3    100.00%
               185.4    100.00%
               185.5    100.00%
               185.6    100.00%
               185.7    100.00%
               185.8    100.00%
               185.9    100.00%
               186.0    100.00%
               186.1    100.00%
               186.2    100.00%
               186.3    100.00%
               186.4    100.00%
               186.5    100.00%
               186.6    100.00%
               186.7    100.00%
               186.8    100.00%
               186.9    100.00%
               187.0    100.00%
               187.1    100.00%
               187.2    100.00%
               187.3    100.00%
               187.4    100.00%
               187.5    100.00%
               187.6    100.00%
               187.7    100.00%
               187.8    100.00%
               187.9    100.00%
               188.0    100.00%
               188.1    100.00%
               188.2    100.00%
               188.3    100.00%
               188.4    100.00%
               188.5    100.00%
               188.6    100.00%
               188.7    100.00%
               188.8    100.00%
               188.9    100.00%
               189.0    100.00%
               189.1    100.00%
               189.2    100.00%
               189.3    100.00%
               189.4    100.00%
               189.5    100.00%
               189.6    100.00%
               189.7    100.00%
               189.8    100.00%
               189.9    100.00%
               190.0    100.00%
               190.1    100.00%
               190.2    100.00%
               190.3    100.00%
               190.4    100.00%
               190.5    100.00%
               190.6    100.00%
               190.7    100.00%
               190.8    100.00%
               190.9    100.00%
               191.0    100.00%
               191.1    100.00%
               191.2    100.00%
               191.3    100.00%
               191.4    100.00%
               191.5    100.00%
               191.6    100.00%
               191.7    100.00%
               191.8    100.00%
               191.9    100.00%
               192.0    100.00%
               192.1    100.00%
               192.2    100.00%
               192.3    100.00%
               192.4    100.00%
               192.5    100.00%
               192.6    100.00%
               192.7    100.00%
               192.8    100.00%
               192.9    100.00%
               193.0    100.00%
               193.1    100.00%
               193.2    100.00%
               193.3    100.00%
               193.4    100.00%
               193.5    100.00%
               193.6    100.00%
               193.7    100.00%
               193.8    100.00%
               193.9    100.00%
               194.0    100.00%
               194.1    100.00%
               194.2    100.00%
               194.3    100.00%
               194.4    100.00%
               194.5    100.00%
               194.6    100.00%
               194.7    100.00%
               194.8    100.00%
               194.9    100.00%
               195.0    100.00%
               195.1    100.00%
               195.2    100.00%
               195.3    100.00%
               195.4    100.00%
               195.5    100.00%
               195.6    100.00%
               195.7    100.00%
               195.8    100.00%
               195.9    100.00%
               196.0    100.00%
               196.1    100.00%
               196.2    100.00%
               196.3    100.00%
               196.4    100.00%
               196.5    100.00%
               196.6    100.00%
               196.7    100.00%
               196.8    100.00%
               196.9    100.00%
               197.0    100.00%
               197.1    100.00%
               197.2    100.00%
               197.3    100.00%
               197.4    100.00%
               197.5    100.00%
               197.6    100.00%
               197.7    100.00%
               197.8    100.00%
               197.9    100.00%
               198.0    100.00%
               198.1    100.00%
               198.2    100.00%
               198.3    100.00%
               198.4    100.00%
               198.5    100.00%
               198.6    100.00%
               198.7    100.00%
               198.8    100.00%
               198.9    100.00%
               199.0    100.00%
               199.1    100.00%
               199.2    100.00%
               199.3    100.00%
               199.4    100.00%
               199.5    100.00%
               199.6    100.00%
               199.7    100.00%
               199.8    100.00%
               199.9    100.00%
               200.0    100.00%
               200.1    100.00%
               200.2    100.00%
               200.3    100.00%
               200.4    100.00%
               200.5    100.00%
               200.6    100.00%
               200.7    100.00%
               200.8    100.00%
               200.9    100.00%
               201.0    100.00%
               201.1    100.00%
               201.2    100.00%
               201.3    100.00%
               201.4    100.00%
               201.5    100.00%
               201.6    100.00%
               201.7    100.00%
               201.8    100.00%
               201.9    100.00%
               202.0    100.00%
               202.1    100.00%
               202.2    100.00%
               202.3    100.00%
               202.4    100.00%
               202.5    100.00%
               202.6    100.00%
               202.7    100.00%
               202.8    100.00%
               202.9    100.00%
               203.0    100.00%
               203.1    100.00%
               203.2    100.00%
               203.3    100.00%
               203.4    100.00%
               203.5    100.00%
               203.6    100.00%
               203.7    100.00%
               203.8    100.00%
               203.9    100.00%
               204.0    100.00%
               204.1    100.00%
               204.2    100.00%
               204.3    100.00%
               204.4    100.00%
               204.5    100.00%
               204.6    100.00%
               204.7    100.00%
               204.8    100.00%
               204.9    100.00%
               205.0    100.00%
               205.1    100.00%
               205.2    100.00%
               205.3    100.00%
               205.4    100.00%
               205.5    100.00%
               205.6    100.00%
               205.7    100.00%
               205.8    100.00%
               205.9    100.00%
               206.0    100.00%
               206.1    100.00%
               206.2    100.00%
               206.3    100.00%
               206.4    100.00%
               206.5    100.00%
               206.6    100.00%
               206.7    100.00%
               206.8    100.00%
               206.9    100.00%
               207.0    100.00%
               207.1    100.00%
               207.2    100.00%
               207.3    100.00%
               207.4    100.00%
               207.5    100.00%
               207.6    100.00%
               207.7    100.00%
               207.8    100.00%
               207.9    100.00%
               208.0    100.00%
               208.1    100.00%
               208.2    100.00%
               208.3    100.00%
               208.4    100.00%
               208.5    100.00%
               208.6    100.00%
               208.7    100.00%
               208.8    100.00%
               208.9    100.00%
               209.0    100.00%
               209.1    100.00%
               209.2    100.00%
               209.3    100.00%
               209.4    100.00%
               209.5    100.00%
               209.6    100.00%
               209.7    100.00%
               209.8    100.00%
               209.9    100.00%
               210.0    100.00%
               210.1    100.00%
               210.2    100.00%
               210.3    100.00%
               210.4    100.00%
               210.5    100.00%
               210.6    100.00%
               210.7    100.00%
               210.8    100.00%
               210.9    100.00%
               211.0    100.00%
               211.1    100.00%
               211.2    100.00%
               211.3    100.00%
               211.4    100.00%
               211.5    100.00%
               211.6    100.00%
               211.7    100.00%
               211.8    100.00%
               211.9    100.00%
               212.0    100.00%
               212.1    100.00%
               212.2    100.00%
               212.3    100.00%
               212.4    100.00%
               212.5    100.00%
               212.6    100.00%
               212.7    100.00%
               212.8    100.00%
               212.9    100.00%
               213.0    100.00%
               213.1    100.00%
               213.2    100.00%
               213.3    100.00%
               213.4    100.00%
               213.5    100.00%
               213.6    100.00%
               213.7    100.00%
               213.8    100.00%
               213.9    100.00%
               214.0    100.00%
               214.1    100.00%
               214.2    100.00%
               214.3    100.00%
               214.4    100.00%
               214.5    100.00%
               214.6    100.00%
               214.7    100.00%
               214.8    100.00%
               214.9    100.00%
               215.0    100.00%
               215.1    100.00%
               215.2    100.00%
               215.3    100.00%
               215.4    100.00%
               215.5    100.00%
               215.6    100.00%
               215.7    100.00%
               215.8    100.00%
               215.9    100.00%
               216.0    100.00%
               216.1    100.00%
               216.2    100.00%
               216.3    100.00%
               216.4    100.00%
               216.5    100.00%
               216.6    100.00%
               216.7    100.00%
               216.8    100.00%
               216.9    100.00%
               217.0    100.00%
               217.1    100.00%
               217.2    100.00%
               217.3    100.00%
               217.4    100.00%
               217.5    100.00%
               217.6    100.00%
               217.7    100.00%
               217.8    100.00%
               217.9    100.00%
               218.0    100.00%
               218.1    100.00%
               218.2    100.00%
               218.3    100.00%
               218.4    100.00%
               218.5    100.00%
               218.6    100.00%
               218.7    100.00%
               218.8    100.00%
               218.9    100.00%
               219.0    100.00%
               219.1    100.00%
               219.2    100.00%
               219.3    100.00%
               219.4    100.00%
               219.5    100.00%
               219.6    100.00%
               219.7    100.00%
               219.8    100.00%
               219.9    100.00%
               220.0    100.00%
               220.1    100.00%
               220.2    100.00%
               220.3    100.00%
               220.4    100.00%
               220.5    100.00%
               220.6    100.00%
               220.7    100.00%
               220.8    100.00%
               220.9    100.00%
               221.0    100.00%
               221.1    100.00%
               221.2    100.00%
               221.3    100.00%
               221.4    100.00%
               221.5    100.00%
               221.6    100.00%
               221.7    100.00%
               221.8    100.00%
               221.9    100.00%
               222.0    100.00%
               222.1    100.00%
               222.2    100.00%
               222.3    100.00%
               222.4    100.00%
               222.5    100.00%
               222.6    100.00%
               222.7    100.00%
               222.8    100.00%
               222.9    100.00%
               223.0    100.00%
               223.1    100.00%
               223.2    100.00%
               223.3    100.00%
               223.4    100.00%
               223.5    100.00%
               223.6    100.00%
               223.7    100.00%
               223.8    100.00%
               223.9    100.00%
               224.0    100.00%
               224.1    100.00%
               224.2    100.00%
               224.3    100.00%
               224.4    100.00%
               224.5    100.00%
               224.6    100.00%
               224.7    100.00%
               224.8    100.00%
               224.9    100.00%
               225.0    100.00%
               225.1    100.00%
               225.2    100.00%
               225.3    100.00%
               225.4    100.00%
               225.5    100.00%
               225.6    100.00%
               225.7    100.00%
               225.8    100.00%
               225.9    100.00%
               226.0    100.00%

