[7l----total-cpu-usage---- -net/total- -dsk/total- --epoch---
usr sys idl wai hiq siq| recv  send| read  writ|  epoch   
  1   3  92   2   2   0|   0     0 |  72k   15M|1510858667
  1   2  95   0   2   0| 158k 1905k|   0     0 |1510858668
  1   3  92   0   4   0| 248k 3190k|   0     0 |1510858669
  1   4  92   0   3   0| 270k 3540k|   0     0 |1510858670
  2   3  92   0   3   0| 261k 3374k|   0     0 |1510858671
  1   4  88   3   4   0| 273k 3602k|   0    36k|1510858672
  2   3  92   0   3   0| 275k 3656k|   0     0 |1510858673
  1   4  92   0   3   0| 269k 3575k|   0     0 |1510858674
  2   3  91   0   4   0| 274k 3619k|   0     0 |1510858675
  1   4  92   0   3   0| 267k 3550k|   0     0 |1510858676
  2   3  92   0   3   0| 270k 3588k|   0     0 |1510858677
  1   3  90   3   3   0| 267k 3548k|   0    12k|1510858678
  2   4  90   0   4   0| 263k 3479k|   0     0 |1510858679
  1   3  93   0   3   0| 273k 3608k|   0     0 |1510858680
  1   4  91   0   4   0| 273k 3630k|   0     0 |1510858681
  2   3  92   0   3   0| 281k 3746k|   0     0 |1510858682
  1   4  92   0   3   0| 272k 3608k|   0     0 |1510858683
  2   3  90   2   3   0| 273k 3617k|   0    12k|1510858684
  1   3  93   0   3   0| 276k 3647k|   0     0 |1510858685
  2   4  91   0   3   0| 270k 3599k|   0     0 |1510858686
  1   3  92   0   4   0| 284k 3770k|   0     0 |1510858687
  2   4  91   0   3   0| 274k 3621k|   0     0 |1510858688
  1   3  93   0   3   0| 269k 3582k|   0  8192B|1510858689
  2   4  89   2   3   0| 277k 3690k|   0    12k|1510858690
  1   3  93   0   3   0| 281k 3725k|   0     0 |1510858691
  1   3  93   0   3   0| 276k 3663k|   0     0 |1510858692
  2   4  91   0   3   0| 281k 3743k|   0     0 |1510858693
  1   3  92   0   4   0| 274k 3641k|   0     0 |1510858694
  2   4  91   0   3   0| 271k 3587k|   0     0 |1510858695
  1   3  91   2   3   0| 277k 3682k|   0    12k|1510858696
  1   3  92   0   4   0| 277k 3701k|   0     0 |1510858697
  2   4  91   0   3   0| 279k 3733k|   0     0 |1510858698
  1   3  93   0   3   0| 277k 3672k|   0  4096B|1510858699
  2   4  90   0   4   0| 284k 3770k|   0     0 |1510858700
  1   4  91   0   4   0| 277k 3666k|   0     0 |1510858701
  2   3  89   3   3   0| 288k 3824k|   0    20k|1510858702
  1   4  92   0   3   0| 286k 3815k|   0     0 |1510858703
  2   3  92   0   3   0| 276k 3660k|   0    28k|1510858704
  1   3  92   0   4   0| 273k 3619k|   0     0 |1510858705
  1   3  93   0   3   0| 274k 3640k|   0     0 |1510858706
  2   4  91   0   3   0| 284k 3786k|   0     0 |1510858707
  2   4  89   2   3   0| 284k 3766k|   0    12k|1510858708
  1   3  93   0   3   0| 276k 3679k|   0     0 |1510858709
  2   3  91   0   4   0| 278k 3662k|   0     0 |1510858710
  1   4  92   0   3   0| 281k 3740k|   0     0 |1510858711
  2   3  91   0   4   0| 288k 3848k|   0     0 |1510858712
  1   4  92   0   3   0| 277k 3667k|   0     0 |1510858713
  2   3  90   2   3   0| 280k 3714k|   0    12k|1510858714
  1   3  92   0   4   0| 284k 3787k|   0     0 |1510858715
  2   4  91   0   3   0| 273k 3599k|   0     0 |1510858716
  2   4  91   0   3   0| 287k 3833k|   0     0 |1510858717
  1   3  93   0   3   0| 278k 3676k|   0     0 |1510858718
  1   4  91   0   4   0| 283k 3748k|   0     0 |1510858719
  2   3  89   3   3   0| 282k 3744k|   0    12k|1510858720
  1   3  93   0   3   0| 280k 3728k|   0     0 |1510858721
  2   4  91   0   3   0| 283k 3748k|   0     0 |1510858722
  1   4  91   0   4   0| 277k 3675k|   0     0 |1510858723
  2   3  92   0   3   0| 276k 3668k|   0     0 |1510858724
  1   3  91   2   3   0| 264k 3495k|   0    12k|1510858725
  2   4  91   0   3   0| 280k 3692k|   0     0 |1510858726
  1   3  92   0   4   0| 278k 3703k|   0     0 |1510858727
  2   4  91   0   3   0| 287k 3794k|   0     0 |1510858728
  1   3  93   0   3   0| 284k 3782k|   0     0 |1510858729
  2   4  90   0   4   0| 281k 3740k|   0     0 |1510858730
  1   4  90   2   3   0| 282k 3745k|   0    12k|1510858731
  2   3  92   0   3   0| 281k 3725k|   0     0 |1510858732
  1   4  91   0   4   0| 280k 3725k|   0     0 |1510858733
  2   3  92   0   3   0| 280k 3742k|   0  4096B|1510858734
  1   4  92   0   3   0| 271k 3589k|   0     0 |1510858735
  2   3  92   0   3   0| 272k 3612k|   0     0 |1510858736
  1   3  90   3   3   0| 270k 3601k|   0    12k|1510858737
  2   3  91   0   4   0| 259k 3425k|   0     0 |1510858738
  1   4  92   0   3   0| 266k 3517k|   0     0 |1510858739
  1   3  92   0   4   0| 268k 3524k|   0     0 |1510858740
  2   3  92   0   3   0| 269k 3586k|   0     0 |1510858741
  1   3  93   0   3   0| 265k 3509k|   0     0 |1510858742
  1   4  89   3   3   0| 273k 3639k|   0    12k|1510858743
  2   3  91   0   4   0| 274k 3645k|   0     0 |1510858744
  1   3  93   0   3   0| 286k 3810k|   0     0 |1510858745
  2   4  91   0   3   0| 276k 3672k|   0     0 |1510858746
  1   3  93   0   3   0| 283k 3733k|   0     0 |1510858747
  2   3  91   0   4   0| 283k 3751k|   0     0 |1510858748
  1   4  91   1   3   0| 275k 3642k|   0    12k|1510858749
  1   3  93   0   3   0| 272k 3604k|   0     0 |1510858750
  2   3  92   0   3   0| 278k 3702k|   0     0 |1510858751
  2   4  90   0   4   0| 271k 3593k|   0     0 |1510858752
  2   3  92   0   3   0| 268k 3573k|   0     0 |1510858753
  1   4  92   0   3   0| 272k 3596k|   0     0 |1510858754
  1   3  89   3   4   0| 275k 3643k|   0    16k|1510858755
  2   3  92   0   3   0| 265k 3518k|   0     0 |1510858756
  2   4  91   0   3   0| 269k 3596k|   0     0 |1510858757
