Threads: 64, Sharded reads: false, Number of Memcached servers: 3.

All measures in microseconds.
  SETS   GETS  MGETS   INVLD    TOT   HITS     RSP T      Q T     SVR T  Q LEN
     0  19693      0       0  19693  19693   1866.14   112.66   1710.52      0
     0   2458      0       0   2458   2458   1761.99    81.17   1639.97      0
     0   2440      0       0   2440   2440   1779.29    80.49   1663.24      1
     0   2466      0       0   2466   2466   1761.04    78.51   1649.16      0
     0   2395      0       0   2395   2395   1831.92    77.30   1712.69      0
     0   2245      0       0   2245   2245   1892.82   114.31   1743.79      1
     0   2302      0       0   2302   2302   1856.93   103.15   1722.05      0
     0   2451      0       0   2451   2451   1780.54    89.25   1660.45      0
     0   2329      0       0   2329   2329   1868.31   122.35   1711.30      0
     0   2512      0       0   2512   2512   1732.59    88.88   1608.12      0
     0   2482      0       0   2482   2482   1749.60    78.14   1635.72      2
     0   2353      0       0   2353   2353   1826.45    96.23   1695.74      1
     0   2330      0       0   2330   2330   1846.46    93.63   1720.06      1
     0   2499      0       0   2499   2499   1731.47    84.81   1613.58      0
     0   2172      0       0   2172   2172   1935.42   115.38   1788.30      1
     0   2163      0       0   2163   2163   1959.92   160.78   1767.72      0
     0   2522      0       0   2522   2522   1732.79    78.29   1622.93      0
     0   2180      0       0   2180   2180   1975.42    97.25   1840.41      0
     0   2444      0       0   2444   2444   1771.78    85.21   1653.47      1
     0   2467      0       0   2467   2467   1754.25    81.23   1638.85      0
     0   2242      0       0   2242   2242   1883.45   133.06   1719.42      0
     0   2507      0       0   2507   2507   1737.88    74.96   1632.03      0
     0   2439      0       0   2439   2439   1762.05    88.37   1643.66      0
     0   2370      0       0   2370   2370   1828.80   108.70   1688.53      1
     0   2482      0       0   2482   2482   1755.04    99.89   1624.56      0
     0   2410      0       0   2410   2410   1804.29    90.43   1683.14      0
     0   2386      0       0   2386   2386   1796.98   124.40   1641.38      0
     0   2352      0       0   2352   2352   1840.93   106.54   1702.20      0
     0   2497      0       0   2497   2497   1730.94    77.33   1622.43      0
     0   2280      0       0   2280   2280   1870.21   117.61   1720.46      0
     0   2148      0       0   2148   2148   1956.39   151.32   1772.51      0
     0   2405      0       0   2405   2405   1799.51    88.18   1680.05      0
     0   2370      0       0   2370   2370   1793.74    85.90   1677.90      0
     0   2410      0       0   2410   2410   1805.64    89.22   1686.79      1
     0   2444      0       0   2444   2444   1812.39   107.58   1662.80      0
     0   2337      0       0   2337   2337   1800.84    96.07   1673.11      0
     0   2477      0       0   2477   2477   1732.14    79.88   1621.71      1
     0   2296      0       0   2296   2296   1858.42   128.45   1700.00      0
     0   2424      0       0   2424   2424   1785.98    82.83   1673.12      0
     0   2443      0       0   2443   2443   1753.21    81.57   1640.82      0
     0   2500      0       0   2500   2500   1740.10    79.70   1630.29      1
     0   2312      0       0   2312   2312   1832.18   106.93   1694.62      1
     0   2343      0       0   2343   2343   1821.19    85.60   1705.21      0
     0   2495      0       0   2495   2495   1755.29    97.94   1626.64      0
     0   2100      0       0   2100   2100   1987.70   120.81   1835.80      1
     0   2243      0       0   2243   2243   1942.50   113.20   1797.35      0
     0   2430      0       0   2430   2430   1813.97    83.69   1700.83      0
     0   2297      0       0   2297   2297   1861.28    99.22   1728.18      1
     0   2280      0       0   2280   2280   1859.35    90.23   1738.62      0
     0   2428      0       0   2428   2428   1777.20    99.60   1646.86      0
     0   2278      0       0   2278   2278   1858.06    92.44   1734.76      0
     0   2356      0       0   2356   2356   1815.47    89.73   1694.79      1
     0   2255      0       0   2255   2255   1909.78   107.73   1771.52      0
     0   2277      0       0   2277   2277   1860.44    91.83   1726.89      0
     0   2380      0       0   2380   2380   1801.92    82.99   1687.55      0
     0   2459      0       0   2459   2459   1773.94    82.57   1661.55      0
     0   2329      0       0   2329   2329   1840.53   110.80   1696.25      1
     0   2325      0       0   2325   2325   1836.29    92.69   1713.32      0
     0   2442      0       0   2442   2442   1754.63    79.18   1644.63      0
     0   2050      0       0   2050   2050   2108.48   192.95   1869.73      0
     0   2468      0       0   2468   2468   1770.96    88.21   1651.55      0
     0   2485      0       0   2485   2485   1732.69    78.50   1621.63      1
     0   2371      0       0   2371   2371   1847.21    87.36   1727.78      0
     0   2409      0       0   2409   2409   1799.15    85.40   1681.68      0
     0   2344      0       0   2344   2344   1844.33   123.76   1689.38      0
     0   2018      0       0   2018   2018   2008.50   163.27   1810.35      0
     0   2368      0       0   2368   2368   1797.49    92.57   1670.10      0
     0   2187      0       0   2187   2187   1927.74   147.48   1749.72      0
     0   2456      0       0   2456   2456   1778.05    94.24   1653.07      0
     0   2562      0       0   2562   2562   1685.56    75.55   1577.15      1
     0   2557      0       0   2557   2557   1709.68    74.65   1603.68      0
     0   2256      0       0   2256   2256   1872.41   126.11   1715.86      0
     0   2489      0       0   2489   2489   1743.44    94.86   1619.93      1
     0   2487      0       0   2487   2487   1734.27    82.58   1622.97      0
     0   2070      0       0   2070   2070   2027.91   158.54   1838.20      4
     0   2429      0       0   2429   2429   1764.46    83.21   1651.36      0
     0   2354      0       0   2354   2354   1865.46    96.82   1738.81      0
     0   2422      0       0   2422   2422   1739.79    99.90   1610.61      0
     0   2391      0       0   2391   2391   1801.37   121.93   1648.94      1
     0   2216      0       0   2216   2216   1893.10   128.44   1734.47      0
     0   2391      0       0   2391   2391   1792.74   107.52   1655.92      0
     0   1537      0       0   1537   1537   1768.46    81.34   1653.86      0
     0      0      0       0      0      0       NaN      NaN       NaN      0
     0      0      0       0      0      0       NaN      NaN       NaN      0
     0      0      0       0      0      0       NaN      NaN       NaN      0
     0      0      0       0      0      0       NaN      NaN       NaN      0
================================================================================
ALL STATS (timing measures are in microseconds)
WORKER 0:
Type     |Total    |Ops/sec  |Hits/sec |Miss/Sec |Resp Time|Proc Time|Srvr Time
SET      |        0|     0.00|     0.00|     0.00|      NaN|      NaN|      NaN
GET      |     3292|    36.58|    36.58|     0.00|  1820.27|  1720.17|  1687.00
MULTIGET |        0|     0.00|     0.00|     0.00|      NaN|      NaN|      NaN
INVALID  |        0|     0.00|      ---|      ---|      NaN|      NaN|      ---
Average mutliget length: NaN
================================================================================
WORKER 1:
Type     |Total    |Ops/sec  |Hits/sec |Miss/Sec |Resp Time|Proc Time|Srvr Time
SET      |        0|     0.00|     0.00|     0.00|      NaN|      NaN|      NaN
GET      |     3374|    37.49|    37.49|     0.00|  1816.58|  1717.51|  1686.60
MULTIGET |        0|     0.00|     0.00|     0.00|      NaN|      NaN|      NaN
INVALID  |        0|     0.00|      ---|      ---|      NaN|      NaN|      ---
Average mutliget length: NaN
================================================================================
WORKER 2:
Type     |Total    |Ops/sec  |Hits/sec |Miss/Sec |Resp Time|Proc Time|Srvr Time
SET      |        0|     0.00|     0.00|     0.00|      NaN|      NaN|      NaN
GET      |     3285|    36.50|    36.50|     0.00|  1797.93|  1693.76|  1661.90
MULTIGET |        0|     0.00|     0.00|     0.00|      NaN|      NaN|      NaN
INVALID  |        0|     0.00|      ---|      ---|      NaN|      NaN|      ---
Average mutliget length: NaN
================================================================================
WORKER 3:
Type     |Total    |Ops/sec  |Hits/sec |Miss/Sec |Resp Time|Proc Time|Srvr Time
SET      |        0|     0.00|     0.00|     0.00|      NaN|      NaN|      NaN
GET      |     3304|    36.71|    36.71|     0.00|  1850.14|  1735.93|  1704.59
MULTIGET |        0|     0.00|     0.00|     0.00|      NaN|      NaN|      NaN
INVALID  |        0|     0.00|      ---|      ---|      NaN|      NaN|      ---
Average mutliget length: NaN
================================================================================
WORKER 4:
Type     |Total    |Ops/sec  |Hits/sec |Miss/Sec |Resp Time|Proc Time|Srvr Time
SET      |        0|     0.00|     0.00|     0.00|      NaN|      NaN|      NaN
GET      |     3290|    36.56|    36.56|     0.00|  1828.88|  1732.06|  1698.56
MULTIGET |        0|     0.00|     0.00|     0.00|      NaN|      NaN|      NaN
INVALID  |        0|     0.00|      ---|      ---|      NaN|      NaN|      ---
Average mutliget length: NaN
================================================================================
WORKER 5:
Type     |Total    |Ops/sec  |Hits/sec |Miss/Sec |Resp Time|Proc Time|Srvr Time
SET      |        0|     0.00|     0.00|     0.00|      NaN|      NaN|      NaN
GET      |     3293|    36.59|    36.59|     0.00|  1821.43|  1721.81|  1689.93
MULTIGET |        0|     0.00|     0.00|     0.00|      NaN|      NaN|      NaN
INVALID  |        0|     0.00|      ---|      ---|      NaN|      NaN|      ---
Average mutliget length: NaN
================================================================================
WORKER 6:
Type     |Total    |Ops/sec  |Hits/sec |Miss/Sec |Resp Time|Proc Time|Srvr Time
SET      |        0|     0.00|     0.00|     0.00|      NaN|      NaN|      NaN
GET      |     3270|    36.33|    36.33|     0.00|  1836.01|  1730.73|  1699.90
MULTIGET |        0|     0.00|     0.00|     0.00|      NaN|      NaN|      NaN
INVALID  |        0|     0.00|      ---|      ---|      NaN|      NaN|      ---
Average mutliget length: NaN
================================================================================
WORKER 7:
Type     |Total    |Ops/sec  |Hits/sec |Miss/Sec |Resp Time|Proc Time|Srvr Time
SET      |        0|     0.00|     0.00|     0.00|      NaN|      NaN|      NaN
GET      |     3340|    37.11|    37.11|     0.00|  1811.89|  1703.93|  1672.19
MULTIGET |        0|     0.00|     0.00|     0.00|      NaN|      NaN|      NaN
INVALID  |        0|     0.00|      ---|      ---|      NaN|      NaN|      ---
Average mutliget length: NaN
================================================================================
WORKER 8:
Type     |Total    |Ops/sec  |Hits/sec |Miss/Sec |Resp Time|Proc Time|Srvr Time
SET      |        0|     0.00|     0.00|     0.00|      NaN|      NaN|      NaN
GET      |     3245|    36.06|    36.06|     0.00|  1823.16|  1719.75|  1688.51
MULTIGET |        0|     0.00|     0.00|     0.00|      NaN|      NaN|      NaN
INVALID  |        0|     0.00|      ---|      ---|      NaN|      NaN|      ---
Average mutliget length: NaN
================================================================================
WORKER 9:
Type     |Total    |Ops/sec  |Hits/sec |Miss/Sec |Resp Time|Proc Time|Srvr Time
SET      |        0|     0.00|     0.00|     0.00|      NaN|      NaN|      NaN
GET      |     3277|    36.41|    36.41|     0.00|  1813.65|  1719.44|  1684.82
MULTIGET |        0|     0.00|     0.00|     0.00|      NaN|      NaN|      NaN
INVALID  |        0|     0.00|      ---|      ---|      NaN|      NaN|      ---
Average mutliget length: NaN
================================================================================
WORKER 10:
Type     |Total    |Ops/sec  |Hits/sec |Miss/Sec |Resp Time|Proc Time|Srvr Time
SET      |        0|     0.00|     0.00|     0.00|      NaN|      NaN|      NaN
GET      |     3240|    36.00|    36.00|     0.00|  1822.84|  1724.57|  1691.60
MULTIGET |        0|     0.00|     0.00|     0.00|      NaN|      NaN|      NaN
INVALID  |        0|     0.00|      ---|      ---|      NaN|      NaN|      ---
Average mutliget length: NaN
================================================================================
WORKER 11:
Type     |Total    |Ops/sec  |Hits/sec |Miss/Sec |Resp Time|Proc Time|Srvr Time
SET      |        0|     0.00|     0.00|     0.00|      NaN|      NaN|      NaN
GET      |     3289|    36.54|    36.54|     0.00|  1860.15|  1748.16|  1714.42
MULTIGET |        0|     0.00|     0.00|     0.00|      NaN|      NaN|      NaN
INVALID  |        0|     0.00|      ---|      ---|      NaN|      NaN|      ---
Average mutliget length: NaN
================================================================================
WORKER 12:
Type     |Total    |Ops/sec  |Hits/sec |Miss/Sec |Resp Time|Proc Time|Srvr Time
SET      |        0|     0.00|     0.00|     0.00|      NaN|      NaN|      NaN
GET      |     3327|    36.97|    36.97|     0.00|  1799.43|  1700.33|  1669.46
MULTIGET |        0|     0.00|     0.00|     0.00|      NaN|      NaN|      NaN
INVALID  |        0|     0.00|      ---|      ---|      NaN|      NaN|      ---
Average mutliget length: NaN
================================================================================
WORKER 13:
Type     |Total    |Ops/sec  |Hits/sec |Miss/Sec |Resp Time|Proc Time|Srvr Time
SET      |        0|     0.00|     0.00|     0.00|      NaN|      NaN|      NaN
GET      |     3289|    36.54|    36.54|     0.00|  1839.92|  1734.82|  1702.64
MULTIGET |        0|     0.00|     0.00|     0.00|      NaN|      NaN|      NaN
INVALID  |        0|     0.00|      ---|      ---|      NaN|      NaN|      ---
Average mutliget length: NaN
================================================================================
WORKER 14:
Type     |Total    |Ops/sec  |Hits/sec |Miss/Sec |Resp Time|Proc Time|Srvr Time
SET      |        0|     0.00|     0.00|     0.00|      NaN|      NaN|      NaN
GET      |     3319|    36.88|    36.88|     0.00|  1824.22|  1724.79|  1693.31
MULTIGET |        0|     0.00|     0.00|     0.00|      NaN|      NaN|      NaN
INVALID  |        0|     0.00|      ---|      ---|      NaN|      NaN|      ---
Average mutliget length: NaN
================================================================================
WORKER 15:
Type     |Total    |Ops/sec  |Hits/sec |Miss/Sec |Resp Time|Proc Time|Srvr Time
SET      |        0|     0.00|     0.00|     0.00|      NaN|      NaN|      NaN
GET      |     3261|    36.23|    36.23|     0.00|  1817.03|  1718.99|  1685.97
MULTIGET |        0|     0.00|     0.00|     0.00|      NaN|      NaN|      NaN
INVALID  |        0|     0.00|      ---|      ---|      NaN|      NaN|      ---
Average mutliget length: NaN
================================================================================
WORKER 16:
Type     |Total    |Ops/sec  |Hits/sec |Miss/Sec |Resp Time|Proc Time|Srvr Time
SET      |        0|     0.00|     0.00|     0.00|      NaN|      NaN|      NaN
GET      |     3311|    36.79|    36.79|     0.00|  1830.09|  1729.11|  1696.62
MULTIGET |        0|     0.00|     0.00|     0.00|      NaN|      NaN|      NaN
INVALID  |        0|     0.00|      ---|      ---|      NaN|      NaN|      ---
Average mutliget length: NaN
================================================================================
WORKER 17:
Type     |Total    |Ops/sec  |Hits/sec |Miss/Sec |Resp Time|Proc Time|Srvr Time
SET      |        0|     0.00|     0.00|     0.00|      NaN|      NaN|      NaN
GET      |     3279|    36.43|    36.43|     0.00|  1820.03|  1725.06|  1689.32
MULTIGET |        0|     0.00|     0.00|     0.00|      NaN|      NaN|      NaN
INVALID  |        0|     0.00|      ---|      ---|      NaN|      NaN|      ---
Average mutliget length: NaN
================================================================================
WORKER 18:
Type     |Total    |Ops/sec  |Hits/sec |Miss/Sec |Resp Time|Proc Time|Srvr Time
SET      |        0|     0.00|     0.00|     0.00|      NaN|      NaN|      NaN
GET      |     3234|    35.93|    35.93|     0.00|  1823.77|  1729.71|  1697.67
MULTIGET |        0|     0.00|     0.00|     0.00|      NaN|      NaN|      NaN
INVALID  |        0|     0.00|      ---|      ---|      NaN|      NaN|      ---
Average mutliget length: NaN
================================================================================
WORKER 19:
Type     |Total    |Ops/sec  |Hits/sec |Miss/Sec |Resp Time|Proc Time|Srvr Time
SET      |        0|     0.00|     0.00|     0.00|      NaN|      NaN|      NaN
GET      |     3311|    36.79|    36.79|     0.00|  1802.40|  1704.50|  1671.80
MULTIGET |        0|     0.00|     0.00|     0.00|      NaN|      NaN|      NaN
INVALID  |        0|     0.00|      ---|      ---|      NaN|      NaN|      ---
Average mutliget length: NaN
================================================================================
WORKER 20:
Type     |Total    |Ops/sec  |Hits/sec |Miss/Sec |Resp Time|Proc Time|Srvr Time
SET      |        0|     0.00|     0.00|     0.00|      NaN|      NaN|      NaN
GET      |     3319|    36.88|    36.88|     0.00|  1808.76|  1699.31|  1666.24
MULTIGET |        0|     0.00|     0.00|     0.00|      NaN|      NaN|      NaN
INVALID  |        0|     0.00|      ---|      ---|      NaN|      NaN|      ---
Average mutliget length: NaN
================================================================================
WORKER 21:
Type     |Total    |Ops/sec  |Hits/sec |Miss/Sec |Resp Time|Proc Time|Srvr Time
SET      |        0|     0.00|     0.00|     0.00|      NaN|      NaN|      NaN
GET      |     3294|    36.60|    36.60|     0.00|  1855.94|  1758.13|  1727.11
MULTIGET |        0|     0.00|     0.00|     0.00|      NaN|      NaN|      NaN
INVALID  |        0|     0.00|      ---|      ---|      NaN|      NaN|      ---
Average mutliget length: NaN
================================================================================
WORKER 22:
Type     |Total    |Ops/sec  |Hits/sec |Miss/Sec |Resp Time|Proc Time|Srvr Time
SET      |        0|     0.00|     0.00|     0.00|      NaN|      NaN|      NaN
GET      |     3246|    36.07|    36.07|     0.00|  1820.19|  1724.15|  1691.91
MULTIGET |        0|     0.00|     0.00|     0.00|      NaN|      NaN|      NaN
INVALID  |        0|     0.00|      ---|      ---|      NaN|      NaN|      ---
Average mutliget length: NaN
================================================================================
WORKER 23:
Type     |Total    |Ops/sec  |Hits/sec |Miss/Sec |Resp Time|Proc Time|Srvr Time
SET      |        0|     0.00|     0.00|     0.00|      NaN|      NaN|      NaN
GET      |     3291|    36.57|    36.57|     0.00|  1801.60|  1701.76|  1669.59
MULTIGET |        0|     0.00|     0.00|     0.00|      NaN|      NaN|      NaN
INVALID  |        0|     0.00|      ---|      ---|      NaN|      NaN|      ---
Average mutliget length: NaN
================================================================================
WORKER 24:
Type     |Total    |Ops/sec  |Hits/sec |Miss/Sec |Resp Time|Proc Time|Srvr Time
SET      |        0|     0.00|     0.00|     0.00|      NaN|      NaN|      NaN
GET      |     3274|    36.38|    36.38|     0.00|  1841.49|  1745.73|  1714.22
MULTIGET |        0|     0.00|     0.00|     0.00|      NaN|      NaN|      NaN
INVALID  |        0|     0.00|      ---|      ---|      NaN|      NaN|      ---
Average mutliget length: NaN
================================================================================
WORKER 25:
Type     |Total    |Ops/sec  |Hits/sec |Miss/Sec |Resp Time|Proc Time|Srvr Time
SET      |        0|     0.00|     0.00|     0.00|      NaN|      NaN|      NaN
GET      |     3304|    36.71|    36.71|     0.00|  1828.91|  1728.19|  1696.18
MULTIGET |        0|     0.00|     0.00|     0.00|      NaN|      NaN|      NaN
INVALID  |        0|     0.00|      ---|      ---|      NaN|      NaN|      ---
Average mutliget length: NaN
================================================================================
WORKER 26:
Type     |Total    |Ops/sec  |Hits/sec |Miss/Sec |Resp Time|Proc Time|Srvr Time
SET      |        0|     0.00|     0.00|     0.00|      NaN|      NaN|      NaN
GET      |     3235|    35.94|    35.94|     0.00|  1813.00|  1708.91|  1677.82
MULTIGET |        0|     0.00|     0.00|     0.00|      NaN|      NaN|      NaN
INVALID  |        0|     0.00|      ---|      ---|      NaN|      NaN|      ---
Average mutliget length: NaN
================================================================================
WORKER 27:
Type     |Total    |Ops/sec  |Hits/sec |Miss/Sec |Resp Time|Proc Time|Srvr Time
SET      |        0|     0.00|     0.00|     0.00|      NaN|      NaN|      NaN
GET      |     3302|    36.69|    36.69|     0.00|  1839.37|  1746.13|  1716.15
MULTIGET |        0|     0.00|     0.00|     0.00|      NaN|      NaN|      NaN
INVALID  |        0|     0.00|      ---|      ---|      NaN|      NaN|      ---
Average mutliget length: NaN
================================================================================
WORKER 28:
Type     |Total    |Ops/sec  |Hits/sec |Miss/Sec |Resp Time|Proc Time|Srvr Time
SET      |        0|     0.00|     0.00|     0.00|      NaN|      NaN|      NaN
GET      |     3326|    36.96|    36.96|     0.00|  1850.05|  1749.01|  1711.64
MULTIGET |        0|     0.00|     0.00|     0.00|      NaN|      NaN|      NaN
INVALID  |        0|     0.00|      ---|      ---|      NaN|      NaN|      ---
Average mutliget length: NaN
================================================================================
WORKER 29:
Type     |Total    |Ops/sec  |Hits/sec |Miss/Sec |Resp Time|Proc Time|Srvr Time
SET      |        0|     0.00|     0.00|     0.00|      NaN|      NaN|      NaN
GET      |     3243|    36.03|    36.03|     0.00|  1806.45|  1706.74|  1675.46
MULTIGET |        0|     0.00|     0.00|     0.00|      NaN|      NaN|      NaN
INVALID  |        0|     0.00|      ---|      ---|      NaN|      NaN|      ---
Average mutliget length: NaN
================================================================================
WORKER 30:
Type     |Total    |Ops/sec  |Hits/sec |Miss/Sec |Resp Time|Proc Time|Srvr Time
SET      |        0|     0.00|     0.00|     0.00|      NaN|      NaN|      NaN
GET      |     3260|    36.22|    36.22|     0.00|  1862.79|  1758.47|  1726.01
MULTIGET |        0|     0.00|     0.00|     0.00|      NaN|      NaN|      NaN
INVALID  |        0|     0.00|      ---|      ---|      NaN|      NaN|      ---
Average mutliget length: NaN
================================================================================
WORKER 31:
Type     |Total    |Ops/sec  |Hits/sec |Miss/Sec |Resp Time|Proc Time|Srvr Time
SET      |        0|     0.00|     0.00|     0.00|      NaN|      NaN|      NaN
GET      |     3315|    36.83|    36.83|     0.00|  1815.58|  1708.52|  1675.75
MULTIGET |        0|     0.00|     0.00|     0.00|      NaN|      NaN|      NaN
INVALID  |        0|     0.00|      ---|      ---|      NaN|      NaN|      ---
Average mutliget length: NaN
================================================================================
WORKER 32:
Type     |Total    |Ops/sec  |Hits/sec |Miss/Sec |Resp Time|Proc Time|Srvr Time
SET      |        0|     0.00|     0.00|     0.00|      NaN|      NaN|      NaN
GET      |     3283|    36.48|    36.48|     0.00|  1843.90|  1748.94|  1717.57
MULTIGET |        0|     0.00|     0.00|     0.00|      NaN|      NaN|      NaN
INVALID  |        0|     0.00|      ---|      ---|      NaN|      NaN|      ---
Average mutliget length: NaN
================================================================================
WORKER 33:
Type     |Total    |Ops/sec  |Hits/sec |Miss/Sec |Resp Time|Proc Time|Srvr Time
SET      |        0|     0.00|     0.00|     0.00|      NaN|      NaN|      NaN
GET      |     3261|    36.23|    36.23|     0.00|  1805.37|  1708.93|  1671.71
MULTIGET |        0|     0.00|     0.00|     0.00|      NaN|      NaN|      NaN
INVALID  |        0|     0.00|      ---|      ---|      NaN|      NaN|      ---
Average mutliget length: NaN
================================================================================
WORKER 34:
Type     |Total    |Ops/sec  |Hits/sec |Miss/Sec |Resp Time|Proc Time|Srvr Time
SET      |        0|     0.00|     0.00|     0.00|      NaN|      NaN|      NaN
GET      |     3342|    37.13|    37.13|     0.00|  1844.75|  1744.20|  1711.43
MULTIGET |        0|     0.00|     0.00|     0.00|      NaN|      NaN|      NaN
INVALID  |        0|     0.00|      ---|      ---|      NaN|      NaN|      ---
Average mutliget length: NaN
================================================================================
WORKER 35:
Type     |Total    |Ops/sec  |Hits/sec |Miss/Sec |Resp Time|Proc Time|Srvr Time
SET      |        0|     0.00|     0.00|     0.00|      NaN|      NaN|      NaN
GET      |     3295|    36.61|    36.61|     0.00|  1822.31|  1720.64|  1682.54
MULTIGET |        0|     0.00|     0.00|     0.00|      NaN|      NaN|      NaN
INVALID  |        0|     0.00|      ---|      ---|      NaN|      NaN|      ---
Average mutliget length: NaN
================================================================================
WORKER 36:
Type     |Total    |Ops/sec  |Hits/sec |Miss/Sec |Resp Time|Proc Time|Srvr Time
SET      |        0|     0.00|     0.00|     0.00|      NaN|      NaN|      NaN
GET      |     3299|    36.66|    36.66|     0.00|  1802.46|  1703.29|  1672.32
MULTIGET |        0|     0.00|     0.00|     0.00|      NaN|      NaN|      NaN
INVALID  |        0|     0.00|      ---|      ---|      NaN|      NaN|      ---
Average mutliget length: NaN
================================================================================
WORKER 37:
Type     |Total    |Ops/sec  |Hits/sec |Miss/Sec |Resp Time|Proc Time|Srvr Time
SET      |        0|     0.00|     0.00|     0.00|      NaN|      NaN|      NaN
GET      |     3305|    36.72|    36.72|     0.00|  1836.26|  1728.68|  1697.26
MULTIGET |        0|     0.00|     0.00|     0.00|      NaN|      NaN|      NaN
INVALID  |        0|     0.00|      ---|      ---|      NaN|      NaN|      ---
Average mutliget length: NaN
================================================================================
WORKER 38:
Type     |Total    |Ops/sec  |Hits/sec |Miss/Sec |Resp Time|Proc Time|Srvr Time
SET      |        0|     0.00|     0.00|     0.00|      NaN|      NaN|      NaN
GET      |     3265|    36.28|    36.28|     0.00|  1816.95|  1710.44|  1677.50
MULTIGET |        0|     0.00|     0.00|     0.00|      NaN|      NaN|      NaN
INVALID  |        0|     0.00|      ---|      ---|      NaN|      NaN|      ---
Average mutliget length: NaN
================================================================================
WORKER 39:
Type     |Total    |Ops/sec  |Hits/sec |Miss/Sec |Resp Time|Proc Time|Srvr Time
SET      |        0|     0.00|     0.00|     0.00|      NaN|      NaN|      NaN
GET      |     3278|    36.42|    36.42|     0.00|  1845.25|  1745.79|  1713.84
MULTIGET |        0|     0.00|     0.00|     0.00|      NaN|      NaN|      NaN
INVALID  |        0|     0.00|      ---|      ---|      NaN|      NaN|      ---
Average mutliget length: NaN
================================================================================
WORKER 40:
Type     |Total    |Ops/sec  |Hits/sec |Miss/Sec |Resp Time|Proc Time|Srvr Time
SET      |        0|     0.00|     0.00|     0.00|      NaN|      NaN|      NaN
GET      |     3378|    37.53|    37.53|     0.00|  1824.45|  1727.12|  1694.33
MULTIGET |        0|     0.00|     0.00|     0.00|      NaN|      NaN|      NaN
INVALID  |        0|     0.00|      ---|      ---|      NaN|      NaN|      ---
Average mutliget length: NaN
================================================================================
WORKER 41:
Type     |Total    |Ops/sec  |Hits/sec |Miss/Sec |Resp Time|Proc Time|Srvr Time
SET      |        0|     0.00|     0.00|     0.00|      NaN|      NaN|      NaN
GET      |     3252|    36.13|    36.13|     0.00|  1799.95|  1704.67|  1670.17
MULTIGET |        0|     0.00|     0.00|     0.00|      NaN|      NaN|      NaN
INVALID  |        0|     0.00|      ---|      ---|      NaN|      NaN|      ---
Average mutliget length: NaN
================================================================================
WORKER 42:
Type     |Total    |Ops/sec  |Hits/sec |Miss/Sec |Resp Time|Proc Time|Srvr Time
SET      |        0|     0.00|     0.00|     0.00|      NaN|      NaN|      NaN
GET      |     3259|    36.21|    36.21|     0.00|  1823.42|  1726.46|  1690.98
MULTIGET |        0|     0.00|     0.00|     0.00|      NaN|      NaN|      NaN
INVALID  |        0|     0.00|      ---|      ---|      NaN|      NaN|      ---
Average mutliget length: NaN
================================================================================
WORKER 43:
Type     |Total    |Ops/sec  |Hits/sec |Miss/Sec |Resp Time|Proc Time|Srvr Time
SET      |        0|     0.00|     0.00|     0.00|      NaN|      NaN|      NaN
GET      |     3241|    36.01|    36.01|     0.00|  1805.40|  1706.58|  1674.01
MULTIGET |        0|     0.00|     0.00|     0.00|      NaN|      NaN|      NaN
INVALID  |        0|     0.00|      ---|      ---|      NaN|      NaN|      ---
Average mutliget length: NaN
================================================================================
WORKER 44:
Type     |Total    |Ops/sec  |Hits/sec |Miss/Sec |Resp Time|Proc Time|Srvr Time
SET      |        0|     0.00|     0.00|     0.00|      NaN|      NaN|      NaN
GET      |     3245|    36.06|    36.06|     0.00|  1844.26|  1742.35|  1699.49
MULTIGET |        0|     0.00|     0.00|     0.00|      NaN|      NaN|      NaN
INVALID  |        0|     0.00|      ---|      ---|      NaN|      NaN|      ---
Average mutliget length: NaN
================================================================================
WORKER 45:
Type     |Total    |Ops/sec  |Hits/sec |Miss/Sec |Resp Time|Proc Time|Srvr Time
SET      |        0|     0.00|     0.00|     0.00|      NaN|      NaN|      NaN
GET      |     3335|    37.06|    37.06|     0.00|  1809.69|  1711.55|  1677.97
MULTIGET |        0|     0.00|     0.00|     0.00|      NaN|      NaN|      NaN
INVALID  |        0|     0.00|      ---|      ---|      NaN|      NaN|      ---
Average mutliget length: NaN
================================================================================
WORKER 46:
Type     |Total    |Ops/sec  |Hits/sec |Miss/Sec |Resp Time|Proc Time|Srvr Time
SET      |        0|     0.00|     0.00|     0.00|      NaN|      NaN|      NaN
GET      |     3272|    36.36|    36.36|     0.00|  1814.73|  1713.33|  1681.92
MULTIGET |        0|     0.00|     0.00|     0.00|      NaN|      NaN|      NaN
INVALID  |        0|     0.00|      ---|      ---|      NaN|      NaN|      ---
Average mutliget length: NaN
================================================================================
WORKER 47:
Type     |Total    |Ops/sec  |Hits/sec |Miss/Sec |Resp Time|Proc Time|Srvr Time
SET      |        0|     0.00|     0.00|     0.00|      NaN|      NaN|      NaN
GET      |     3251|    36.12|    36.12|     0.00|  1829.34|  1734.20|  1702.61
MULTIGET |        0|     0.00|     0.00|     0.00|      NaN|      NaN|      NaN
INVALID  |        0|     0.00|      ---|      ---|      NaN|      NaN|      ---
Average mutliget length: NaN
================================================================================
WORKER 48:
Type     |Total    |Ops/sec  |Hits/sec |Miss/Sec |Resp Time|Proc Time|Srvr Time
SET      |        0|     0.00|     0.00|     0.00|      NaN|      NaN|      NaN
GET      |     3338|    37.09|    37.09|     0.00|  1829.39|  1725.15|  1686.33
MULTIGET |        0|     0.00|     0.00|     0.00|      NaN|      NaN|      NaN
INVALID  |        0|     0.00|      ---|      ---|      NaN|      NaN|      ---
Average mutliget length: NaN
================================================================================
WORKER 49:
Type     |Total    |Ops/sec  |Hits/sec |Miss/Sec |Resp Time|Proc Time|Srvr Time
SET      |        0|     0.00|     0.00|     0.00|      NaN|      NaN|      NaN
GET      |     3281|    36.46|    36.46|     0.00|  1782.82|  1684.05|  1651.73
MULTIGET |        0|     0.00|     0.00|     0.00|      NaN|      NaN|      NaN
INVALID  |        0|     0.00|      ---|      ---|      NaN|      NaN|      ---
Average mutliget length: NaN
================================================================================
WORKER 50:
Type     |Total    |Ops/sec  |Hits/sec |Miss/Sec |Resp Time|Proc Time|Srvr Time
SET      |        0|     0.00|     0.00|     0.00|      NaN|      NaN|      NaN
GET      |     3258|    36.20|    36.20|     0.00|  1848.70|  1741.09|  1707.09
MULTIGET |        0|     0.00|     0.00|     0.00|      NaN|      NaN|      NaN
INVALID  |        0|     0.00|      ---|      ---|      NaN|      NaN|      ---
Average mutliget length: NaN
================================================================================
WORKER 51:
Type     |Total    |Ops/sec  |Hits/sec |Miss/Sec |Resp Time|Proc Time|Srvr Time
SET      |        0|     0.00|     0.00|     0.00|      NaN|      NaN|      NaN
GET      |     3306|    36.73|    36.73|     0.00|  1826.53|  1724.26|  1683.37
MULTIGET |        0|     0.00|     0.00|     0.00|      NaN|      NaN|      NaN
INVALID  |        0|     0.00|      ---|      ---|      NaN|      NaN|      ---
Average mutliget length: NaN
================================================================================
WORKER 52:
Type     |Total    |Ops/sec  |Hits/sec |Miss/Sec |Resp Time|Proc Time|Srvr Time
SET      |        0|     0.00|     0.00|     0.00|      NaN|      NaN|      NaN
GET      |     3292|    36.58|    36.58|     0.00|  1804.38|  1707.52|  1668.24
MULTIGET |        0|     0.00|     0.00|     0.00|      NaN|      NaN|      NaN
INVALID  |        0|     0.00|      ---|      ---|      NaN|      NaN|      ---
Average mutliget length: NaN
================================================================================
WORKER 53:
Type     |Total    |Ops/sec  |Hits/sec |Miss/Sec |Resp Time|Proc Time|Srvr Time
SET      |        0|     0.00|     0.00|     0.00|      NaN|      NaN|      NaN
GET      |     3321|    36.90|    36.90|     0.00|  1797.37|  1699.22|  1668.76
MULTIGET |        0|     0.00|     0.00|     0.00|      NaN|      NaN|      NaN
INVALID  |        0|     0.00|      ---|      ---|      NaN|      NaN|      ---
Average mutliget length: NaN
================================================================================
WORKER 54:
Type     |Total    |Ops/sec  |Hits/sec |Miss/Sec |Resp Time|Proc Time|Srvr Time
SET      |        0|     0.00|     0.00|     0.00|      NaN|      NaN|      NaN
GET      |     3279|    36.43|    36.43|     0.00|  1816.32|  1710.28|  1678.50
MULTIGET |        0|     0.00|     0.00|     0.00|      NaN|      NaN|      NaN
INVALID  |        0|     0.00|      ---|      ---|      NaN|      NaN|      ---
Average mutliget length: NaN
================================================================================
WORKER 55:
Type     |Total    |Ops/sec  |Hits/sec |Miss/Sec |Resp Time|Proc Time|Srvr Time
SET      |        0|     0.00|     0.00|     0.00|      NaN|      NaN|      NaN
GET      |     3334|    37.04|    37.04|     0.00|  1830.22|  1727.31|  1693.71
MULTIGET |        0|     0.00|     0.00|     0.00|      NaN|      NaN|      NaN
INVALID  |        0|     0.00|      ---|      ---|      NaN|      NaN|      ---
Average mutliget length: NaN
================================================================================
WORKER 56:
Type     |Total    |Ops/sec  |Hits/sec |Miss/Sec |Resp Time|Proc Time|Srvr Time
SET      |        0|     0.00|     0.00|     0.00|      NaN|      NaN|      NaN
GET      |     3247|    36.08|    36.08|     0.00|  1831.26|  1735.92|  1702.51
MULTIGET |        0|     0.00|     0.00|     0.00|      NaN|      NaN|      NaN
INVALID  |        0|     0.00|      ---|      ---|      NaN|      NaN|      ---
Average mutliget length: NaN
================================================================================
WORKER 57:
Type     |Total    |Ops/sec  |Hits/sec |Miss/Sec |Resp Time|Proc Time|Srvr Time
SET      |        0|     0.00|     0.00|     0.00|      NaN|      NaN|      NaN
GET      |     3328|    36.98|    36.98|     0.00|  1771.89|  1681.15|  1647.34
MULTIGET |        0|     0.00|     0.00|     0.00|      NaN|      NaN|      NaN
INVALID  |        0|     0.00|      ---|      ---|      NaN|      NaN|      ---
Average mutliget length: NaN
================================================================================
WORKER 58:
Type     |Total    |Ops/sec  |Hits/sec |Miss/Sec |Resp Time|Proc Time|Srvr Time
SET      |        0|     0.00|     0.00|     0.00|      NaN|      NaN|      NaN
GET      |     3275|    36.39|    36.39|     0.00|  1844.30|  1744.14|  1709.90
MULTIGET |        0|     0.00|     0.00|     0.00|      NaN|      NaN|      NaN
INVALID  |        0|     0.00|      ---|      ---|      NaN|      NaN|      ---
Average mutliget length: NaN
================================================================================
WORKER 59:
Type     |Total    |Ops/sec  |Hits/sec |Miss/Sec |Resp Time|Proc Time|Srvr Time
SET      |        0|     0.00|     0.00|     0.00|      NaN|      NaN|      NaN
GET      |     3299|    36.66|    36.66|     0.00|  1793.94|  1688.60|  1652.66
MULTIGET |        0|     0.00|     0.00|     0.00|      NaN|      NaN|      NaN
INVALID  |        0|     0.00|      ---|      ---|      NaN|      NaN|      ---
Average mutliget length: NaN
================================================================================
WORKER 60:
Type     |Total    |Ops/sec  |Hits/sec |Miss/Sec |Resp Time|Proc Time|Srvr Time
SET      |        0|     0.00|     0.00|     0.00|      NaN|      NaN|      NaN
GET      |     3248|    36.09|    36.09|     0.00|  1830.17|  1720.23|  1686.09
MULTIGET |        0|     0.00|     0.00|     0.00|      NaN|      NaN|      NaN
INVALID  |        0|     0.00|      ---|      ---|      NaN|      NaN|      ---
Average mutliget length: NaN
================================================================================
WORKER 61:
Type     |Total    |Ops/sec  |Hits/sec |Miss/Sec |Resp Time|Proc Time|Srvr Time
SET      |        0|     0.00|     0.00|     0.00|      NaN|      NaN|      NaN
GET      |     3295|    36.61|    36.61|     0.00|  1821.96|  1724.59|  1692.05
MULTIGET |        0|     0.00|     0.00|     0.00|      NaN|      NaN|      NaN
INVALID  |        0|     0.00|      ---|      ---|      NaN|      NaN|      ---
Average mutliget length: NaN
================================================================================
WORKER 62:
Type     |Total    |Ops/sec  |Hits/sec |Miss/Sec |Resp Time|Proc Time|Srvr Time
SET      |        0|     0.00|     0.00|     0.00|      NaN|      NaN|      NaN
GET      |     3303|    36.70|    36.70|     0.00|  1799.92|  1710.09|  1676.07
MULTIGET |        0|     0.00|     0.00|     0.00|      NaN|      NaN|      NaN
INVALID  |        0|     0.00|      ---|      ---|      NaN|      NaN|      ---
Average mutliget length: NaN
================================================================================
WORKER 63:
Type     |Total    |Ops/sec  |Hits/sec |Miss/Sec |Resp Time|Proc Time|Srvr Time
SET      |        0|     0.00|     0.00|     0.00|      NaN|      NaN|      NaN
GET      |     3264|    36.27|    36.27|     0.00|  1811.91|  1710.41|  1677.81
MULTIGET |        0|     0.00|     0.00|     0.00|      NaN|      NaN|      NaN
INVALID  |        0|     0.00|      ---|      ---|      NaN|      NaN|      ---
Average mutliget length: NaN
================================================================================
================================================================================

AGGREGATE FOR ALL WORKERS:
Type     |Total    |Ops/sec  |Hits/sec |Miss/Sec |Resp Time|Proc Time|Srvr Time
SET      |        0|     0.00|     0.00|     0.00|      NaN|      NaN|      NaN
GET      |   210468|  2338.53|  2338.53|     0.00|  1822.07|  1721.56|  1688.31
MULTIGET |        0|     0.00|     0.00|     0.00|      NaN|      NaN|      NaN
INVALID  |        0|     0.00|      ---|      ---|      NaN|      NaN|      ---
Average mutliget length: NaN


 HISTOGRAM
  Response time (ms)   Percent
                 0.1      0.00%
                 0.2      0.00%
                 0.3      0.00%
                 0.4      0.08%
                 0.5      2.67%
                 0.6     12.83%
                 0.7     23.80%
                 0.8     28.29%
                 0.9     29.69%
                 1.0     30.35%
                 1.1     30.83%
                 1.2     31.19%
                 1.3     31.47%
                 1.4     31.73%
                 1.5     31.91%
                 1.6     32.05%
                 1.7     32.16%
                 1.8     32.35%
                 1.9     34.27%
                 2.0     42.08%
                 2.1     55.78%
                 2.2     69.25%
                 2.3     78.16%
                 2.4     83.54%
                 2.5     87.02%
                 2.6     89.59%
                 2.7     91.50%
                 2.8     92.96%
                 2.9     94.07%
                 3.0     94.86%
                 3.1     95.48%
                 3.2     95.96%
                 3.3     96.36%
                 3.4     96.70%
                 3.5     97.00%
                 3.6     97.23%
                 3.7     97.43%
                 3.8     97.63%
                 3.9     97.81%
                 4.0     97.97%
                 4.1     98.09%
                 4.2     98.21%
                 4.3     98.32%
                 4.4     98.43%
                 4.5     98.56%
                 4.6     98.67%
                 4.7     98.77%
                 4.8     98.86%
                 4.9     98.95%
                 5.0     99.02%
                 5.1     99.09%
                 5.2     99.15%
                 5.3     99.20%
                 5.4     99.25%
                 5.5     99.30%
                 5.6     99.34%
                 5.7     99.39%
                 5.8     99.43%
                 5.9     99.48%
                 6.0     99.51%
                 6.1     99.54%
                 6.2     99.57%
                 6.3     99.59%
                 6.4     99.61%
                 6.5     99.64%
                 6.6     99.65%
                 6.7     99.66%
                 6.8     99.67%
                 6.9     99.69%
                 7.0     99.70%
                 7.1     99.72%
                 7.2     99.73%
                 7.3     99.74%
                 7.4     99.75%
                 7.5     99.76%
                 7.6     99.78%
                 7.7     99.79%
                 7.8     99.80%
                 7.9     99.81%
                 8.0     99.81%
                 8.1     99.82%
                 8.2     99.83%
                 8.3     99.84%
                 8.4     99.84%
                 8.5     99.85%
                 8.6     99.86%
                 8.7     99.86%
                 8.8     99.87%
                 8.9     99.88%
                 9.0     99.89%
                 9.1     99.89%
                 9.2     99.90%
                 9.3     99.91%
                 9.4     99.92%
                 9.5     99.92%
                 9.6     99.93%
                 9.7     99.93%
                 9.8     99.93%
                 9.9     99.94%
                10.0     99.94%
                10.1     99.94%
                10.2     99.95%
                10.3     99.95%
                10.4     99.95%
                10.5     99.95%
                10.6     99.95%
                10.7     99.96%
                10.8     99.96%
                10.9     99.96%
                11.0     99.96%
                11.1     99.97%
                11.2     99.97%
                11.3     99.97%
                11.4     99.97%
                11.5     99.97%
                11.6     99.98%
                11.7     99.98%
                11.8     99.98%
                11.9     99.98%
                12.0     99.98%
                12.1     99.98%
                12.2     99.98%
                12.3     99.98%
                12.4     99.98%
                12.5     99.98%
                12.6     99.98%
                12.7     99.98%
                12.8     99.98%
                12.9     99.98%
                13.0     99.98%
                13.1     99.98%
                13.2     99.98%
                13.3     99.98%
                13.4     99.98%
                13.5     99.98%
                13.6     99.98%
                13.7     99.98%
                13.8     99.98%
                13.9     99.98%
                14.0     99.98%
                14.1     99.98%
                14.2     99.98%
                14.3     99.98%
                14.4     99.98%
                14.5     99.98%
                14.6     99.98%
                14.7     99.98%
                14.8     99.98%
                14.9     99.98%
                15.0     99.98%
                15.1     99.98%
                15.2     99.98%
                15.3     99.98%
                15.4     99.98%
                15.5     99.98%
                15.6     99.98%
                15.7     99.98%
                15.8     99.99%
                15.9     99.99%
                16.0     99.99%
                16.1     99.99%
                16.2     99.99%
                16.3     99.99%
                16.4     99.99%
                16.5     99.99%
                16.6     99.99%
                16.7     99.99%
                16.8     99.99%
                16.9     99.99%
                17.0     99.99%
                17.1     99.99%
                17.2     99.99%
                17.3     99.99%
                17.4     99.99%
                17.5     99.99%
                17.6     99.99%
                17.7     99.99%
                17.8     99.99%
                17.9     99.99%
                18.0     99.99%
                18.1     99.99%
                18.2     99.99%
                18.3     99.99%
                18.4     99.99%
                18.5     99.99%
                18.6     99.99%
                18.7     99.99%
                18.8     99.99%
                18.9     99.99%
                19.0     99.99%
                19.1     99.99%
                19.2     99.99%
                19.3     99.99%
                19.4     99.99%
                19.5     99.99%
                19.6     99.99%
                19.7     99.99%
                19.8     99.99%
                19.9     99.99%
                20.0     99.99%
                20.1     99.99%
                20.2     99.99%
                20.3     99.99%
                20.4     99.99%
                20.5     99.99%
                20.6     99.99%
                20.7     99.99%
                20.8     99.99%
                20.9     99.99%
                21.0     99.99%
                21.1     99.99%
                21.2     99.99%
                21.3     99.99%
                21.4     99.99%
                21.5     99.99%
                21.6     99.99%
                21.7     99.99%
                21.8     99.99%
                21.9     99.99%
                22.0     99.99%
                22.1     99.99%
                22.2     99.99%
                22.3     99.99%
                22.4     99.99%
                22.5     99.99%
                22.6     99.99%
                22.7     99.99%
                22.8     99.99%
                22.9     99.99%
                23.0     99.99%
                23.1     99.99%
                23.2     99.99%
                23.3     99.99%
                23.4     99.99%
                23.5     99.99%
                23.6     99.99%
                23.7     99.99%
                23.8     99.99%
                23.9     99.99%
                24.0     99.99%
                24.1     99.99%
                24.2     99.99%
                24.3     99.99%
                24.4     99.99%
                24.5     99.99%
                24.6     99.99%
                24.7     99.99%
                24.8     99.99%
                24.9     99.99%
                25.0     99.99%
                25.1     99.99%
                25.2     99.99%
                25.3     99.99%
                25.4     99.99%
                25.5     99.99%
                25.6     99.99%
                25.7     99.99%
                25.8     99.99%
                25.9     99.99%
                26.0     99.99%
                26.1     99.99%
                26.2     99.99%
                26.3     99.99%
                26.4     99.99%
                26.5     99.99%
                26.6     99.99%
                26.7     99.99%
                26.8     99.99%
                26.9     99.99%
                27.0     99.99%
                27.1     99.99%
                27.2     99.99%
                27.3     99.99%
                27.4     99.99%
                27.5     99.99%
                27.6     99.99%
                27.7     99.99%
                27.8     99.99%
                27.9    100.00%
                28.0    100.00%
                28.1    100.00%
                28.2    100.00%
                28.3    100.00%
                28.4    100.00%
                28.5    100.00%
                28.6    100.00%
                28.7    100.00%
                28.8    100.00%
                28.9    100.00%
                29.0    100.00%
                29.1    100.00%
                29.2    100.00%
                29.3    100.00%
                29.4    100.00%
                29.5    100.00%
                29.6    100.00%
                29.7    100.00%
                29.8    100.00%
                29.9    100.00%
                30.0    100.00%
                30.1    100.00%
                30.2    100.00%
                30.3    100.00%
                30.4    100.00%
                30.5    100.00%
                30.6    100.00%
                30.7    100.00%
                30.8    100.00%
                30.9    100.00%
                31.0    100.00%
                31.1    100.00%
                31.2    100.00%
                31.3    100.00%
                31.4    100.00%
                31.5    100.00%
                31.6    100.00%
                31.7    100.00%
                31.8    100.00%
                31.9    100.00%
                32.0    100.00%
                32.1    100.00%
                32.2    100.00%
                32.3    100.00%
                32.4    100.00%
                32.5    100.00%
                32.6    100.00%
                32.7    100.00%
                32.8    100.00%
                32.9    100.00%
                33.0    100.00%
                33.1    100.00%
                33.2    100.00%
                33.3    100.00%
                33.4    100.00%
                33.5    100.00%
                33.6    100.00%
                33.7    100.00%
                33.8    100.00%
                33.9    100.00%
                34.0    100.00%
                34.1    100.00%

