Threads: 32, Sharded reads: false, Number of Memcached servers: 3.

All measures in microseconds.
  SETS   GETS  MGETS   INVLD    TOT   HITS     RSP T      Q T     SVR T  Q LEN
 30673      0      0       0  30673  30673   2370.69   114.85   2231.30      0
  3822      0      0       0   3822   3822   2364.21    74.14   2265.06      0
  3966      0      0       0   3966   3966   2279.14    52.26   2207.11      0
  3852      0      0       0   3852   3852   2348.26    76.02   2251.15      0
  3954      0      0       0   3954   3954   2282.04    81.31   2180.02      0
  3838      0      0       0   3838   3838   2369.78    85.26   2260.52      0
  3869      0      0       0   3869   3869   2365.21    94.21   2247.15      0
  3934      0      0       0   3934   3934   2267.75    58.77   2190.01      0
  3999      0      0       0   3999   3999   2264.51    60.84   2182.02      1
  4008      0      0       0   4008   4008   2266.92    54.70   2194.14      0
  3922      0      0       0   3922   3922   2305.87    62.47   2225.67      0
  3976      0      0       0   3976   3976   2263.52    63.08   2181.92      0
  3949      0      0       0   3949   3949   2279.51    87.52   2172.20      0
  4058      0      0       0   4058   4058   2232.47    53.58   2158.75      0
  3908      0      0       0   3908   3908   2304.31    54.31   2230.26      0
  4041      0      0       0   4041   4041   2217.00    77.14   2120.42      0
  3956      0      0       0   3956   3956   2325.50    64.50   2242.32      1
  3824      0      0       0   3824   3824   2379.66    62.00   2299.16      0
  3862      0      0       0   3862   3862   2363.45    76.06   2266.85      0
  3866      0      0       0   3866   3866   2328.18    89.15   2220.21      0
  3989      0      0       0   3989   3989   2256.62    52.96   2184.64      0
  3722      0      0       0   3722   3722   2473.32    82.60   2369.74      1
  3941      0      0       0   3941   3941   2329.40    58.34   2252.32      0
  3993      0      0       0   3993   3993   2291.56    61.91   2208.98      1
  4012      0      0       0   4012   4012   2265.14    56.78   2188.59      0
  3950      0      0       0   3950   3950   2327.02    56.70   2250.96      0
  4032      0      0       0   4032   4032   2242.31    75.33   2147.01      0
  3810      0      0       0   3810   3810   2379.56    73.12   2285.44      0
  3662      0      0       0   3662   3662   2469.10    56.48   2393.94      0
  3900      0      0       0   3900   3900   2335.28    61.10   2253.82      2
  4051      0      0       0   4051   4051   2241.47    78.59   2142.95      0
  3895      0      0       0   3895   3895   2319.75    69.29   2230.50      0
  3887      0      0       0   3887   3887   2326.61    93.81   2213.88      0
  3925      0      0       0   3925   3925   2287.56    77.90   2186.92      0
  3596      0      0       0   3596   3596   2412.75   101.42   2289.85      0
  3827      0      0       0   3827   3827   2310.32    63.79   2226.37      0
  3806      0      0       0   3806   3806   2369.29    72.97   2276.84      0
  3926      0      0       0   3926   3926   2284.71    65.64   2197.38      0
  3901      0      0       0   3901   3901   2287.29    49.55   2216.98      0
  4026      0      0       0   4026   4026   2245.05    69.20   2156.55      1
  3959      0      0       0   3959   3959   2283.61    58.56   2204.71      0
  3928      0      0       0   3928   3928   2310.00    64.73   2222.67      1
  4010      0      0       0   4010   4010   2249.54    55.66   2172.38      0
  4029      0      0       0   4029   4029   2242.14    59.06   2163.94      0
  3940      0      0       0   3940   3940   2308.18    50.53   2237.83      0
  3963      0      0       0   3963   3963   2271.17    79.93   2170.27      0
  3957      0      0       0   3957   3957   2287.21    62.71   2203.94      0
  3923      0      0       0   3923   3923   2311.38    62.55   2228.68      0
  3971      0      0       0   3971   3971   2271.84    66.05   2186.02      0
  3817      0      0       0   3817   3817   2375.72   114.70   2238.16      0
  3959      0      0       0   3959   3959   2283.95    77.52   2185.32      2
  3890      0      0       0   3890   3890   2368.99    56.20   2291.31      0
  3790      0      0       0   3790   3790   2407.76    54.48   2332.30      2
  3881      0      0       0   3881   3881   2332.58    57.96   2254.35      0
  3978      0      0       0   3978   3978   2268.54    46.67   2202.96      0
  4050      0      0       0   4050   4050   2250.20    75.64   2154.21      0
  3960      0      0       0   3960   3960   2284.99    72.60   2191.97      0
  4017      0      0       0   4017   4017   2249.87    48.19   2181.48      0
  3809      0      0       0   3809   3809   2410.85    53.89   2337.51      0
  3970      0      0       0   3970   3970   2277.15    75.47   2178.62      0
  3879      0      0       0   3879   3879   2315.02    86.35   2208.12      0
  4044      0      0       0   4044   4044   2268.50    55.52   2191.58      0
  4135      0      0       0   4135   4135   2194.35    64.89   2106.79      0
  4116      0      0       0   4116   4116   2200.80    62.13   2119.35      0
  3955      0      0       0   3955   3955   2286.44    97.39   2167.04      0
  3936      0      0       0   3936   3936   2291.08    72.51   2196.99      0
  3847      0      0       0   3847   3847   2359.61    58.56   2276.77      0
  3859      0      0       0   3859   3859   2317.57    55.17   2242.59      0
  3900      0      0       0   3900   3900   2317.18    75.79   2221.07      0
  3997      0      0       0   3997   3997   2242.83    47.61   2173.53      0
  3866      0      0       0   3866   3866   2350.15    62.89   2268.64      3
  3990      0      0       0   3990   3990   2242.66    54.60   2165.54      0
  4017      0      0       0   4017   4017   2245.57    59.42   2166.97      0
  3815      0      0       0   3815   3815   2372.60    71.19   2280.15      0
  3357      0      0       0   3357   3357   2466.98    68.68   2378.22      0
  3989      0      0       0   3989   3989   2290.24    78.88   2189.62      0
  3891      0      0       0   3891   3891   2348.22    69.31   2257.84      0
  3956      0      0       0   3956   3956   2262.23    64.81   2175.10      0
  3866      0      0       0   3866   3866   2349.52    75.41   2253.27      0
  3903      0      0       0   3903   3903   2334.45    80.62   2232.41      0
  3962      0      0       0   3962   3962   2296.57    68.74   2207.25      0
  3794      0      0       0   3794   3794   2372.53    90.94   2260.56      0
   716      0      0       0    716    716   2351.47    47.89   2276.07      0
     0      0      0       0      0      0       NaN      NaN       NaN      0
     0      0      0       0      0      0       NaN      NaN       NaN      0
     0      0      0       0      0      0       NaN      NaN       NaN      0
     0      0      0       0      0      0       NaN      NaN       NaN      0
     0      0      0       0      0      0       NaN      NaN       NaN      0
================================================================================
ALL STATS (timing measures are in microseconds)
WORKER 0:
Type     |Total    |Ops/sec  |Hits/sec |Miss/Sec |Resp Time|Proc Time|Srvr Time
SET      |    10969|   120.54|   120.54|     0.00|  2312.83|  2242.29|  2222.97
GET      |        0|     0.00|     0.00|     0.00|      NaN|      NaN|      NaN
MULTIGET |        0|     0.00|     0.00|     0.00|      NaN|      NaN|      NaN
INVALID  |        0|     0.00|      ---|      ---|      NaN|      NaN|      ---
Average mutliget length: NaN
================================================================================
WORKER 1:
Type     |Total    |Ops/sec  |Hits/sec |Miss/Sec |Resp Time|Proc Time|Srvr Time
SET      |    10861|   119.35|   119.35|     0.00|  2316.69|  2246.86|  2226.39
GET      |        0|     0.00|     0.00|     0.00|      NaN|      NaN|      NaN
MULTIGET |        0|     0.00|     0.00|     0.00|      NaN|      NaN|      NaN
INVALID  |        0|     0.00|      ---|      ---|      NaN|      NaN|      ---
Average mutliget length: NaN
================================================================================
WORKER 2:
Type     |Total    |Ops/sec  |Hits/sec |Miss/Sec |Resp Time|Proc Time|Srvr Time
SET      |    10897|   119.75|   119.75|     0.00|  2321.26|  2249.30|  2228.02
GET      |        0|     0.00|     0.00|     0.00|      NaN|      NaN|      NaN
MULTIGET |        0|     0.00|     0.00|     0.00|      NaN|      NaN|      NaN
INVALID  |        0|     0.00|      ---|      ---|      NaN|      NaN|      ---
Average mutliget length: NaN
================================================================================
WORKER 3:
Type     |Total    |Ops/sec  |Hits/sec |Miss/Sec |Resp Time|Proc Time|Srvr Time
SET      |    10910|   119.89|   119.89|     0.00|  2316.67|  2243.35|  2222.64
GET      |        0|     0.00|     0.00|     0.00|      NaN|      NaN|      NaN
MULTIGET |        0|     0.00|     0.00|     0.00|      NaN|      NaN|      NaN
INVALID  |        0|     0.00|      ---|      ---|      NaN|      NaN|      ---
Average mutliget length: NaN
================================================================================
WORKER 4:
Type     |Total    |Ops/sec  |Hits/sec |Miss/Sec |Resp Time|Proc Time|Srvr Time
SET      |    10852|   119.25|   119.25|     0.00|  2308.59|  2235.49|  2215.64
GET      |        0|     0.00|     0.00|     0.00|      NaN|      NaN|      NaN
MULTIGET |        0|     0.00|     0.00|     0.00|      NaN|      NaN|      NaN
INVALID  |        0|     0.00|      ---|      ---|      NaN|      NaN|      ---
Average mutliget length: NaN
================================================================================
WORKER 5:
Type     |Total    |Ops/sec  |Hits/sec |Miss/Sec |Resp Time|Proc Time|Srvr Time
SET      |    10940|   120.22|   120.22|     0.00|  2302.61|  2230.94|  2210.50
GET      |        0|     0.00|     0.00|     0.00|      NaN|      NaN|      NaN
MULTIGET |        0|     0.00|     0.00|     0.00|      NaN|      NaN|      NaN
INVALID  |        0|     0.00|      ---|      ---|      NaN|      NaN|      ---
Average mutliget length: NaN
================================================================================
WORKER 6:
Type     |Total    |Ops/sec  |Hits/sec |Miss/Sec |Resp Time|Proc Time|Srvr Time
SET      |    10930|   120.11|   120.11|     0.00|  2321.19|  2251.34|  2230.74
GET      |        0|     0.00|     0.00|     0.00|      NaN|      NaN|      NaN
MULTIGET |        0|     0.00|     0.00|     0.00|      NaN|      NaN|      NaN
INVALID  |        0|     0.00|      ---|      ---|      NaN|      NaN|      ---
Average mutliget length: NaN
================================================================================
WORKER 7:
Type     |Total    |Ops/sec  |Hits/sec |Miss/Sec |Resp Time|Proc Time|Srvr Time
SET      |    10844|   119.16|   119.16|     0.00|  2308.30|  2237.12|  2215.33
GET      |        0|     0.00|     0.00|     0.00|      NaN|      NaN|      NaN
MULTIGET |        0|     0.00|     0.00|     0.00|      NaN|      NaN|      NaN
INVALID  |        0|     0.00|      ---|      ---|      NaN|      NaN|      ---
Average mutliget length: NaN
================================================================================
WORKER 8:
Type     |Total    |Ops/sec  |Hits/sec |Miss/Sec |Resp Time|Proc Time|Srvr Time
SET      |    10907|   119.86|   119.86|     0.00|  2304.60|  2235.72|  2213.61
GET      |        0|     0.00|     0.00|     0.00|      NaN|      NaN|      NaN
MULTIGET |        0|     0.00|     0.00|     0.00|      NaN|      NaN|      NaN
INVALID  |        0|     0.00|      ---|      ---|      NaN|      NaN|      ---
Average mutliget length: NaN
================================================================================
WORKER 9:
Type     |Total    |Ops/sec  |Hits/sec |Miss/Sec |Resp Time|Proc Time|Srvr Time
SET      |    10834|   119.05|   119.05|     0.00|  2310.24|  2238.97|  2218.87
GET      |        0|     0.00|     0.00|     0.00|      NaN|      NaN|      NaN
MULTIGET |        0|     0.00|     0.00|     0.00|      NaN|      NaN|      NaN
INVALID  |        0|     0.00|      ---|      ---|      NaN|      NaN|      ---
Average mutliget length: NaN
================================================================================
WORKER 10:
Type     |Total    |Ops/sec  |Hits/sec |Miss/Sec |Resp Time|Proc Time|Srvr Time
SET      |    10922|   120.02|   120.02|     0.00|  2302.47|  2231.50|  2209.62
GET      |        0|     0.00|     0.00|     0.00|      NaN|      NaN|      NaN
MULTIGET |        0|     0.00|     0.00|     0.00|      NaN|      NaN|      NaN
INVALID  |        0|     0.00|      ---|      ---|      NaN|      NaN|      ---
Average mutliget length: NaN
================================================================================
WORKER 11:
Type     |Total    |Ops/sec  |Hits/sec |Miss/Sec |Resp Time|Proc Time|Srvr Time
SET      |    10847|   119.20|   119.20|     0.00|  2311.17|  2238.42|  2215.58
GET      |        0|     0.00|     0.00|     0.00|      NaN|      NaN|      NaN
MULTIGET |        0|     0.00|     0.00|     0.00|      NaN|      NaN|      NaN
INVALID  |        0|     0.00|      ---|      ---|      NaN|      NaN|      ---
Average mutliget length: NaN
================================================================================
WORKER 12:
Type     |Total    |Ops/sec  |Hits/sec |Miss/Sec |Resp Time|Proc Time|Srvr Time
SET      |    10921|   120.01|   120.01|     0.00|  2311.81|  2242.23|  2221.80
GET      |        0|     0.00|     0.00|     0.00|      NaN|      NaN|      NaN
MULTIGET |        0|     0.00|     0.00|     0.00|      NaN|      NaN|      NaN
INVALID  |        0|     0.00|      ---|      ---|      NaN|      NaN|      ---
Average mutliget length: NaN
================================================================================
WORKER 13:
Type     |Total    |Ops/sec  |Hits/sec |Miss/Sec |Resp Time|Proc Time|Srvr Time
SET      |    10970|   120.55|   120.55|     0.00|  2326.89|  2254.97|  2233.44
GET      |        0|     0.00|     0.00|     0.00|      NaN|      NaN|      NaN
MULTIGET |        0|     0.00|     0.00|     0.00|      NaN|      NaN|      NaN
INVALID  |        0|     0.00|      ---|      ---|      NaN|      NaN|      ---
Average mutliget length: NaN
================================================================================
WORKER 14:
Type     |Total    |Ops/sec  |Hits/sec |Miss/Sec |Resp Time|Proc Time|Srvr Time
SET      |    10871|   119.46|   119.46|     0.00|  2309.18|  2234.84|  2214.66
GET      |        0|     0.00|     0.00|     0.00|      NaN|      NaN|      NaN
MULTIGET |        0|     0.00|     0.00|     0.00|      NaN|      NaN|      NaN
INVALID  |        0|     0.00|      ---|      ---|      NaN|      NaN|      ---
Average mutliget length: NaN
================================================================================
WORKER 15:
Type     |Total    |Ops/sec  |Hits/sec |Miss/Sec |Resp Time|Proc Time|Srvr Time
SET      |    10906|   119.85|   119.85|     0.00|  2307.89|  2232.39|  2209.29
GET      |        0|     0.00|     0.00|     0.00|      NaN|      NaN|      NaN
MULTIGET |        0|     0.00|     0.00|     0.00|      NaN|      NaN|      NaN
INVALID  |        0|     0.00|      ---|      ---|      NaN|      NaN|      ---
Average mutliget length: NaN
================================================================================
WORKER 16:
Type     |Total    |Ops/sec  |Hits/sec |Miss/Sec |Resp Time|Proc Time|Srvr Time
SET      |    10859|   119.33|   119.33|     0.00|  2311.92|  2240.27|  2218.08
GET      |        0|     0.00|     0.00|     0.00|      NaN|      NaN|      NaN
MULTIGET |        0|     0.00|     0.00|     0.00|      NaN|      NaN|      NaN
INVALID  |        0|     0.00|      ---|      ---|      NaN|      NaN|      ---
Average mutliget length: NaN
================================================================================
WORKER 17:
Type     |Total    |Ops/sec  |Hits/sec |Miss/Sec |Resp Time|Proc Time|Srvr Time
SET      |    10927|   120.08|   120.08|     0.00|  2315.30|  2241.36|  2221.76
GET      |        0|     0.00|     0.00|     0.00|      NaN|      NaN|      NaN
MULTIGET |        0|     0.00|     0.00|     0.00|      NaN|      NaN|      NaN
INVALID  |        0|     0.00|      ---|      ---|      NaN|      NaN|      ---
Average mutliget length: NaN
================================================================================
WORKER 18:
Type     |Total    |Ops/sec  |Hits/sec |Miss/Sec |Resp Time|Proc Time|Srvr Time
SET      |    10935|   120.16|   120.16|     0.00|  2313.12|  2241.59|  2219.86
GET      |        0|     0.00|     0.00|     0.00|      NaN|      NaN|      NaN
MULTIGET |        0|     0.00|     0.00|     0.00|      NaN|      NaN|      NaN
INVALID  |        0|     0.00|      ---|      ---|      NaN|      NaN|      ---
Average mutliget length: NaN
================================================================================
WORKER 19:
Type     |Total    |Ops/sec  |Hits/sec |Miss/Sec |Resp Time|Proc Time|Srvr Time
SET      |    10874|   119.49|   119.49|     0.00|  2309.52|  2236.50|  2215.98
GET      |        0|     0.00|     0.00|     0.00|      NaN|      NaN|      NaN
MULTIGET |        0|     0.00|     0.00|     0.00|      NaN|      NaN|      NaN
INVALID  |        0|     0.00|      ---|      ---|      NaN|      NaN|      ---
Average mutliget length: NaN
================================================================================
WORKER 20:
Type     |Total    |Ops/sec  |Hits/sec |Miss/Sec |Resp Time|Proc Time|Srvr Time
SET      |    10908|   119.87|   119.87|     0.00|  2321.04|  2246.52|  2226.75
GET      |        0|     0.00|     0.00|     0.00|      NaN|      NaN|      NaN
MULTIGET |        0|     0.00|     0.00|     0.00|      NaN|      NaN|      NaN
INVALID  |        0|     0.00|      ---|      ---|      NaN|      NaN|      ---
Average mutliget length: NaN
================================================================================
WORKER 21:
Type     |Total    |Ops/sec  |Hits/sec |Miss/Sec |Resp Time|Proc Time|Srvr Time
SET      |    10820|   118.90|   118.90|     0.00|  2309.29|  2239.63|  2219.46
GET      |        0|     0.00|     0.00|     0.00|      NaN|      NaN|      NaN
MULTIGET |        0|     0.00|     0.00|     0.00|      NaN|      NaN|      NaN
INVALID  |        0|     0.00|      ---|      ---|      NaN|      NaN|      ---
Average mutliget length: NaN
================================================================================
WORKER 22:
Type     |Total    |Ops/sec  |Hits/sec |Miss/Sec |Resp Time|Proc Time|Srvr Time
SET      |    10929|   120.10|   120.10|     0.00|  2313.39|  2240.42|  2219.44
GET      |        0|     0.00|     0.00|     0.00|      NaN|      NaN|      NaN
MULTIGET |        0|     0.00|     0.00|     0.00|      NaN|      NaN|      NaN
INVALID  |        0|     0.00|      ---|      ---|      NaN|      NaN|      ---
Average mutliget length: NaN
================================================================================
WORKER 23:
Type     |Total    |Ops/sec  |Hits/sec |Miss/Sec |Resp Time|Proc Time|Srvr Time
SET      |    10917|   119.97|   119.97|     0.00|  2309.14|  2239.77|  2218.23
GET      |        0|     0.00|     0.00|     0.00|      NaN|      NaN|      NaN
MULTIGET |        0|     0.00|     0.00|     0.00|      NaN|      NaN|      NaN
INVALID  |        0|     0.00|      ---|      ---|      NaN|      NaN|      ---
Average mutliget length: NaN
================================================================================
WORKER 24:
Type     |Total    |Ops/sec  |Hits/sec |Miss/Sec |Resp Time|Proc Time|Srvr Time
SET      |    10896|   119.74|   119.74|     0.00|  2315.19|  2241.55|  2220.86
GET      |        0|     0.00|     0.00|     0.00|      NaN|      NaN|      NaN
MULTIGET |        0|     0.00|     0.00|     0.00|      NaN|      NaN|      NaN
INVALID  |        0|     0.00|      ---|      ---|      NaN|      NaN|      ---
Average mutliget length: NaN
================================================================================
WORKER 25:
Type     |Total    |Ops/sec  |Hits/sec |Miss/Sec |Resp Time|Proc Time|Srvr Time
SET      |    10817|   118.87|   118.87|     0.00|  2310.72|  2236.96|  2215.41
GET      |        0|     0.00|     0.00|     0.00|      NaN|      NaN|      NaN
MULTIGET |        0|     0.00|     0.00|     0.00|      NaN|      NaN|      NaN
INVALID  |        0|     0.00|      ---|      ---|      NaN|      NaN|      ---
Average mutliget length: NaN
================================================================================
WORKER 26:
Type     |Total    |Ops/sec  |Hits/sec |Miss/Sec |Resp Time|Proc Time|Srvr Time
SET      |    10829|   119.00|   119.00|     0.00|  2321.10|  2250.52|  2228.30
GET      |        0|     0.00|     0.00|     0.00|      NaN|      NaN|      NaN
MULTIGET |        0|     0.00|     0.00|     0.00|      NaN|      NaN|      NaN
INVALID  |        0|     0.00|      ---|      ---|      NaN|      NaN|      ---
Average mutliget length: NaN
================================================================================
WORKER 27:
Type     |Total    |Ops/sec  |Hits/sec |Miss/Sec |Resp Time|Proc Time|Srvr Time
SET      |    10952|   120.35|   120.35|     0.00|  2311.38|  2240.31|  2219.80
GET      |        0|     0.00|     0.00|     0.00|      NaN|      NaN|      NaN
MULTIGET |        0|     0.00|     0.00|     0.00|      NaN|      NaN|      NaN
INVALID  |        0|     0.00|      ---|      ---|      NaN|      NaN|      ---
Average mutliget length: NaN
================================================================================
WORKER 28:
Type     |Total    |Ops/sec  |Hits/sec |Miss/Sec |Resp Time|Proc Time|Srvr Time
SET      |    10883|   119.59|   119.59|     0.00|  2313.45|  2239.24|  2219.35
GET      |        0|     0.00|     0.00|     0.00|      NaN|      NaN|      NaN
MULTIGET |        0|     0.00|     0.00|     0.00|      NaN|      NaN|      NaN
INVALID  |        0|     0.00|      ---|      ---|      NaN|      NaN|      ---
Average mutliget length: NaN
================================================================================
WORKER 29:
Type     |Total    |Ops/sec  |Hits/sec |Miss/Sec |Resp Time|Proc Time|Srvr Time
SET      |    10857|   119.31|   119.31|     0.00|  2312.80|  2240.98|  2219.94
GET      |        0|     0.00|     0.00|     0.00|      NaN|      NaN|      NaN
MULTIGET |        0|     0.00|     0.00|     0.00|      NaN|      NaN|      NaN
INVALID  |        0|     0.00|      ---|      ---|      NaN|      NaN|      ---
Average mutliget length: NaN
================================================================================
WORKER 30:
Type     |Total    |Ops/sec  |Hits/sec |Miss/Sec |Resp Time|Proc Time|Srvr Time
SET      |    11010|   120.99|   120.99|     0.00|  2321.07|  2242.61|  2221.43
GET      |        0|     0.00|     0.00|     0.00|      NaN|      NaN|      NaN
MULTIGET |        0|     0.00|     0.00|     0.00|      NaN|      NaN|      NaN
INVALID  |        0|     0.00|      ---|      ---|      NaN|      NaN|      ---
Average mutliget length: NaN
================================================================================
WORKER 31:
Type     |Total    |Ops/sec  |Hits/sec |Miss/Sec |Resp Time|Proc Time|Srvr Time
SET      |    10925|   120.05|   120.05|     0.00|  2321.18|  2250.50|  2230.92
GET      |        0|     0.00|     0.00|     0.00|      NaN|      NaN|      NaN
MULTIGET |        0|     0.00|     0.00|     0.00|      NaN|      NaN|      NaN
INVALID  |        0|     0.00|      ---|      ---|      NaN|      NaN|      ---
Average mutliget length: NaN
================================================================================
================================================================================

AGGREGATE FOR ALL WORKERS:
Type     |Total    |Ops/sec  |Hits/sec |Miss/Sec |Resp Time|Proc Time|Srvr Time
SET      |   348719|  3832.08|  3832.08|     0.00|  2313.19|  2241.08|  2220.15
GET      |        0|     0.00|     0.00|     0.00|      NaN|      NaN|      NaN
MULTIGET |        0|     0.00|     0.00|     0.00|      NaN|      NaN|      NaN
INVALID  |        0|     0.00|      ---|      ---|      NaN|      NaN|      ---
Average mutliget length: NaN


 HISTOGRAM
  Response time (ms)   Percent
                 0.1      0.00%
                 0.2      0.00%
                 0.3      0.00%
                 0.4      0.00%
                 0.5      0.00%
                 0.6      0.00%
                 0.7      0.00%
                 0.8      0.00%
                 0.9      0.00%
                 1.0      0.00%
                 1.1      0.00%
                 1.2      0.00%
                 1.3      0.00%
                 1.4      0.00%
                 1.5      0.00%
                 1.6      0.00%
                 1.7      0.09%
                 1.8      3.86%
                 1.9     17.71%
                 2.0     36.57%
                 2.1     52.83%
                 2.2     64.53%
                 2.3     72.45%
                 2.4     78.18%
                 2.5     82.42%
                 2.6     85.45%
                 2.7     87.77%
                 2.8     89.61%
                 2.9     91.01%
                 3.0     92.10%
                 3.1     92.95%
                 3.2     93.60%
                 3.3     94.14%
                 3.4     94.59%
                 3.5     95.00%
                 3.6     95.34%
                 3.7     95.65%
                 3.8     95.94%
                 3.9     96.20%
                 4.0     96.42%
                 4.1     96.64%
                 4.2     96.85%
                 4.3     97.04%
                 4.4     97.21%
                 4.5     97.35%
                 4.6     97.50%
                 4.7     97.62%
                 4.8     97.74%
                 4.9     97.86%
                 5.0     97.97%
                 5.1     98.07%
                 5.2     98.18%
                 5.3     98.28%
                 5.4     98.36%
                 5.5     98.44%
                 5.6     98.51%
                 5.7     98.57%
                 5.8     98.63%
                 5.9     98.71%
                 6.0     98.77%
                 6.1     98.84%
                 6.2     98.90%
                 6.3     98.95%
                 6.4     99.02%
                 6.5     99.09%
                 6.6     99.15%
                 6.7     99.21%
                 6.8     99.26%
                 6.9     99.31%
                 7.0     99.35%
                 7.1     99.40%
                 7.2     99.44%
                 7.3     99.48%
                 7.4     99.51%
                 7.5     99.54%
                 7.6     99.58%
                 7.7     99.60%
                 7.8     99.62%
                 7.9     99.65%
                 8.0     99.67%
                 8.1     99.69%
                 8.2     99.71%
                 8.3     99.73%
                 8.4     99.74%
                 8.5     99.76%
                 8.6     99.77%
                 8.7     99.78%
                 8.8     99.80%
                 8.9     99.81%
                 9.0     99.83%
                 9.1     99.84%
                 9.2     99.85%
                 9.3     99.86%
                 9.4     99.87%
                 9.5     99.88%
                 9.6     99.89%
                 9.7     99.90%
                 9.8     99.90%
                 9.9     99.91%
                10.0     99.92%
                10.1     99.92%
                10.2     99.92%
                10.3     99.92%
                10.4     99.93%
                10.5     99.93%
                10.6     99.93%
                10.7     99.94%
                10.8     99.94%
                10.9     99.95%
                11.0     99.95%
                11.1     99.95%
                11.2     99.95%
                11.3     99.95%
                11.4     99.96%
                11.5     99.96%
                11.6     99.96%
                11.7     99.96%
                11.8     99.97%
                11.9     99.97%
                12.0     99.97%
                12.1     99.97%
                12.2     99.97%
                12.3     99.97%
                12.4     99.97%
                12.5     99.97%
                12.6     99.97%
                12.7     99.97%
                12.8     99.97%
                12.9     99.98%
                13.0     99.98%
                13.1     99.98%
                13.2     99.98%
                13.3     99.98%
                13.4     99.98%
                13.5     99.98%
                13.6     99.98%
                13.7     99.98%
                13.8     99.98%
                13.9     99.98%
                14.0     99.98%
                14.1     99.98%
                14.2     99.98%
                14.3     99.98%
                14.4     99.98%
                14.5     99.98%
                14.6     99.98%
                14.7     99.98%
                14.8     99.98%
                14.9     99.99%
                15.0     99.99%
                15.1     99.99%
                15.2     99.99%
                15.3     99.99%
                15.4     99.99%
                15.5     99.99%
                15.6     99.99%
                15.7     99.99%
                15.8     99.99%
                15.9     99.99%
                16.0     99.99%
                16.1     99.99%
                16.2     99.99%
                16.3     99.99%
                16.4     99.99%
                16.5     99.99%
                16.6     99.99%
                16.7     99.99%
                16.8     99.99%
                16.9     99.99%
                17.0     99.99%
                17.1     99.99%
                17.2     99.99%
                17.3     99.99%
                17.4     99.99%
                17.5     99.99%
                17.6     99.99%
                17.7     99.99%
                17.8     99.99%
                17.9     99.99%
                18.0     99.99%
                18.1     99.99%
                18.2     99.99%
                18.3     99.99%
                18.4     99.99%
                18.5     99.99%
                18.6     99.99%
                18.7     99.99%
                18.8     99.99%
                18.9     99.99%
                19.0     99.99%
                19.1     99.99%
                19.2     99.99%
                19.3     99.99%
                19.4     99.99%
                19.5     99.99%
                19.6     99.99%
                19.7     99.99%
                19.8     99.99%
                19.9     99.99%
                20.0     99.99%
                20.1     99.99%
                20.2     99.99%
                20.3     99.99%
                20.4     99.99%
                20.5     99.99%
                20.6     99.99%
                20.7     99.99%
                20.8     99.99%
                20.9     99.99%
                21.0     99.99%
                21.1     99.99%
                21.2     99.99%
                21.3     99.99%
                21.4     99.99%
                21.5     99.99%
                21.6     99.99%
                21.7     99.99%
                21.8     99.99%
                21.9     99.99%
                22.0     99.99%
                22.1     99.99%
                22.2     99.99%
                22.3     99.99%
                22.4     99.99%
                22.5     99.99%
                22.6     99.99%
                22.7     99.99%
                22.8     99.99%
                22.9     99.99%
                23.0     99.99%
                23.1     99.99%
                23.2     99.99%
                23.3     99.99%
                23.4     99.99%
                23.5     99.99%
                23.6     99.99%
                23.7     99.99%
                23.8     99.99%
                23.9     99.99%
                24.0     99.99%
                24.1     99.99%
                24.2     99.99%
                24.3     99.99%
                24.4     99.99%
                24.5     99.99%
                24.6     99.99%
                24.7     99.99%
                24.8     99.99%
                24.9     99.99%
                25.0     99.99%
                25.1     99.99%
                25.2     99.99%
                25.3     99.99%
                25.4     99.99%
                25.5     99.99%
                25.6     99.99%
                25.7     99.99%
                25.8     99.99%
                25.9     99.99%
                26.0     99.99%
                26.1     99.99%
                26.2     99.99%
                26.3     99.99%
                26.4     99.99%
                26.5     99.99%
                26.6     99.99%
                26.7     99.99%
                26.8     99.99%
                26.9     99.99%
                27.0     99.99%
                27.1     99.99%
                27.2     99.99%
                27.3     99.99%
                27.4     99.99%
                27.5     99.99%
                27.6     99.99%
                27.7     99.99%
                27.8     99.99%
                27.9     99.99%
                28.0     99.99%
                28.1    100.00%
                28.2    100.00%
                28.3    100.00%
                28.4    100.00%
                28.5    100.00%
                28.6    100.00%
                28.7    100.00%
                28.8    100.00%
                28.9    100.00%
                29.0    100.00%
                29.1    100.00%
                29.2    100.00%
                29.3    100.00%
                29.4    100.00%
                29.5    100.00%
                29.6    100.00%
                29.7    100.00%
                29.8    100.00%
                29.9    100.00%
                30.0    100.00%
                30.1    100.00%
                30.2    100.00%
                30.3    100.00%
                30.4    100.00%
                30.5    100.00%
                30.6    100.00%
                30.7    100.00%
                30.8    100.00%
                30.9    100.00%
                31.0    100.00%
                31.1    100.00%
                31.2    100.00%
                31.3    100.00%
                31.4    100.00%
                31.5    100.00%
                31.6    100.00%
                31.7    100.00%
                31.8    100.00%
                31.9    100.00%
                32.0    100.00%
                32.1    100.00%
                32.2    100.00%
                32.3    100.00%
                32.4    100.00%
                32.5    100.00%
                32.6    100.00%
                32.7    100.00%
                32.8    100.00%
                32.9    100.00%
                33.0    100.00%
                33.1    100.00%
                33.2    100.00%
                33.3    100.00%
                33.4    100.00%
                33.5    100.00%
                33.6    100.00%
                33.7    100.00%
                33.8    100.00%
                33.9    100.00%
                34.0    100.00%
                34.1    100.00%
                34.2    100.00%
                34.3    100.00%
                34.4    100.00%
                34.5    100.00%
                34.6    100.00%
                34.7    100.00%
                34.8    100.00%
                34.9    100.00%
                35.0    100.00%
                35.1    100.00%
                35.2    100.00%
                35.3    100.00%
                35.4    100.00%
                35.5    100.00%
                35.6    100.00%
                35.7    100.00%
                35.8    100.00%
                35.9    100.00%
                36.0    100.00%
                36.1    100.00%
                36.2    100.00%
                36.3    100.00%
                36.4    100.00%
                36.5    100.00%
                36.6    100.00%
                36.7    100.00%
                36.8    100.00%
                36.9    100.00%
                37.0    100.00%
                37.1    100.00%
                37.2    100.00%
                37.3    100.00%
                37.4    100.00%
                37.5    100.00%
                37.6    100.00%
                37.7    100.00%
                37.8    100.00%
                37.9    100.00%
                38.0    100.00%
                38.1    100.00%
                38.2    100.00%
                38.3    100.00%
                38.4    100.00%
                38.5    100.00%
                38.6    100.00%
                38.7    100.00%
                38.8    100.00%
                38.9    100.00%
                39.0    100.00%
                39.1    100.00%
                39.2    100.00%
                39.3    100.00%
                39.4    100.00%
                39.5    100.00%
                39.6    100.00%
                39.7    100.00%
                39.8    100.00%
                39.9    100.00%
                40.0    100.00%
                40.1    100.00%
                40.2    100.00%
                40.3    100.00%
                40.4    100.00%
                40.5    100.00%
                40.6    100.00%
                40.7    100.00%
                40.8    100.00%
                40.9    100.00%
                41.0    100.00%
                41.1    100.00%
                41.2    100.00%
                41.3    100.00%
                41.4    100.00%
                41.5    100.00%
                41.6    100.00%
                41.7    100.00%
                41.8    100.00%
                41.9    100.00%
                42.0    100.00%
                42.1    100.00%
                42.2    100.00%
                42.3    100.00%
                42.4    100.00%
                42.5    100.00%
                42.6    100.00%
                42.7    100.00%
                42.8    100.00%
                42.9    100.00%
                43.0    100.00%
                43.1    100.00%
                43.2    100.00%
                43.3    100.00%
                43.4    100.00%
                43.5    100.00%
                43.6    100.00%
                43.7    100.00%
                43.8    100.00%
                43.9    100.00%
                44.0    100.00%
                44.1    100.00%
                44.2    100.00%
                44.3    100.00%
                44.4    100.00%
                44.5    100.00%
                44.6    100.00%
                44.7    100.00%
                44.8    100.00%
                44.9    100.00%
                45.0    100.00%
                45.1    100.00%
                45.2    100.00%
                45.3    100.00%
                45.4    100.00%
                45.5    100.00%
                45.6    100.00%
                45.7    100.00%
                45.8    100.00%
                45.9    100.00%
                46.0    100.00%
                46.1    100.00%
                46.2    100.00%
                46.3    100.00%
                46.4    100.00%
                46.5    100.00%
                46.6    100.00%
                46.7    100.00%
                46.8    100.00%
                46.9    100.00%
                47.0    100.00%
                47.1    100.00%
                47.2    100.00%
                47.3    100.00%
                47.4    100.00%
                47.5    100.00%
                47.6    100.00%
                47.7    100.00%
                47.8    100.00%
                47.9    100.00%
                48.0    100.00%
                48.1    100.00%
                48.2    100.00%
                48.3    100.00%
                48.4    100.00%
                48.5    100.00%
                48.6    100.00%
                48.7    100.00%
                48.8    100.00%
                48.9    100.00%
                49.0    100.00%
                49.1    100.00%
                49.2    100.00%
                49.3    100.00%
                49.4    100.00%
                49.5    100.00%
                49.6    100.00%
                49.7    100.00%
                49.8    100.00%
                49.9    100.00%
                50.0    100.00%
                50.1    100.00%
                50.2    100.00%
                50.3    100.00%
                50.4    100.00%
                50.5    100.00%
                50.6    100.00%
                50.7    100.00%
                50.8    100.00%
                50.9    100.00%
                51.0    100.00%
                51.1    100.00%
                51.2    100.00%
                51.3    100.00%
                51.4    100.00%
                51.5    100.00%
                51.6    100.00%
                51.7    100.00%
                51.8    100.00%
                51.9    100.00%
                52.0    100.00%
                52.1    100.00%
                52.2    100.00%
                52.3    100.00%
                52.4    100.00%
                52.5    100.00%
                52.6    100.00%
                52.7    100.00%
                52.8    100.00%
                52.9    100.00%
                53.0    100.00%
                53.1    100.00%
                53.2    100.00%
                53.3    100.00%
                53.4    100.00%
                53.5    100.00%
                53.6    100.00%
                53.7    100.00%
                53.8    100.00%
                53.9    100.00%
                54.0    100.00%
                54.1    100.00%
                54.2    100.00%
                54.3    100.00%
                54.4    100.00%
                54.5    100.00%
                54.6    100.00%
                54.7    100.00%
                54.8    100.00%
                54.9    100.00%
                55.0    100.00%
                55.1    100.00%
                55.2    100.00%
                55.3    100.00%
                55.4    100.00%
                55.5    100.00%
                55.6    100.00%
                55.7    100.00%
                55.8    100.00%
                55.9    100.00%
                56.0    100.00%
                56.1    100.00%
                56.2    100.00%
                56.3    100.00%
                56.4    100.00%
                56.5    100.00%
                56.6    100.00%
                56.7    100.00%
                56.8    100.00%
                56.9    100.00%
                57.0    100.00%
                57.1    100.00%
                57.2    100.00%
                57.3    100.00%
                57.4    100.00%
                57.5    100.00%
                57.6    100.00%
                57.7    100.00%
                57.8    100.00%
                57.9    100.00%
                58.0    100.00%
                58.1    100.00%
                58.2    100.00%
                58.3    100.00%
                58.4    100.00%
                58.5    100.00%
                58.6    100.00%
                58.7    100.00%
                58.8    100.00%
                58.9    100.00%
                59.0    100.00%
                59.1    100.00%
                59.2    100.00%
                59.3    100.00%
                59.4    100.00%
                59.5    100.00%
                59.6    100.00%
                59.7    100.00%
                59.8    100.00%
                59.9    100.00%
                60.0    100.00%
                60.1    100.00%
                60.2    100.00%
                60.3    100.00%
                60.4    100.00%
                60.5    100.00%
                60.6    100.00%
                60.7    100.00%
                60.8    100.00%
                60.9    100.00%
                61.0    100.00%
                61.1    100.00%
                61.2    100.00%
                61.3    100.00%
                61.4    100.00%
                61.5    100.00%
                61.6    100.00%
                61.7    100.00%
                61.8    100.00%
                61.9    100.00%
                62.0    100.00%
                62.1    100.00%
                62.2    100.00%
                62.3    100.00%
                62.4    100.00%
                62.5    100.00%
                62.6    100.00%
                62.7    100.00%
                62.8    100.00%
                62.9    100.00%
                63.0    100.00%
                63.1    100.00%
                63.2    100.00%
                63.3    100.00%
                63.4    100.00%
                63.5    100.00%
                63.6    100.00%
                63.7    100.00%
                63.8    100.00%
                63.9    100.00%
                64.0    100.00%
                64.1    100.00%
                64.2    100.00%
                64.3    100.00%
                64.4    100.00%
                64.5    100.00%
                64.6    100.00%
                64.7    100.00%
                64.8    100.00%
                64.9    100.00%
                65.0    100.00%
                65.1    100.00%
                65.2    100.00%
                65.3    100.00%
                65.4    100.00%
                65.5    100.00%
                65.6    100.00%
                65.7    100.00%
                65.8    100.00%
                65.9    100.00%
                66.0    100.00%
                66.1    100.00%
                66.2    100.00%
                66.3    100.00%
                66.4    100.00%
                66.5    100.00%
                66.6    100.00%
                66.7    100.00%
                66.8    100.00%
                66.9    100.00%
                67.0    100.00%
                67.1    100.00%
                67.2    100.00%
                67.3    100.00%
                67.4    100.00%
                67.5    100.00%
                67.6    100.00%
                67.7    100.00%
                67.8    100.00%
                67.9    100.00%
                68.0    100.00%
                68.1    100.00%
                68.2    100.00%
                68.3    100.00%
                68.4    100.00%
                68.5    100.00%
                68.6    100.00%
                68.7    100.00%
                68.8    100.00%
                68.9    100.00%
                69.0    100.00%
                69.1    100.00%
                69.2    100.00%
                69.3    100.00%
                69.4    100.00%
                69.5    100.00%
                69.6    100.00%
                69.7    100.00%
                69.8    100.00%
                69.9    100.00%
                70.0    100.00%
                70.1    100.00%
                70.2    100.00%
                70.3    100.00%
                70.4    100.00%
                70.5    100.00%
                70.6    100.00%
                70.7    100.00%
                70.8    100.00%
                70.9    100.00%
                71.0    100.00%
                71.1    100.00%
                71.2    100.00%
                71.3    100.00%
                71.4    100.00%
                71.5    100.00%
                71.6    100.00%
                71.7    100.00%
                71.8    100.00%
                71.9    100.00%
                72.0    100.00%
                72.1    100.00%
                72.2    100.00%
                72.3    100.00%
                72.4    100.00%
                72.5    100.00%
                72.6    100.00%
                72.7    100.00%
                72.8    100.00%
                72.9    100.00%
                73.0    100.00%
                73.1    100.00%
                73.2    100.00%
                73.3    100.00%
                73.4    100.00%
                73.5    100.00%
                73.6    100.00%
                73.7    100.00%
                73.8    100.00%
                73.9    100.00%
                74.0    100.00%
                74.1    100.00%
                74.2    100.00%
                74.3    100.00%
                74.4    100.00%
                74.5    100.00%
                74.6    100.00%
                74.7    100.00%
                74.8    100.00%
                74.9    100.00%
                75.0    100.00%
                75.1    100.00%
                75.2    100.00%
                75.3    100.00%
                75.4    100.00%
                75.5    100.00%
                75.6    100.00%
                75.7    100.00%
                75.8    100.00%
                75.9    100.00%
                76.0    100.00%
                76.1    100.00%
                76.2    100.00%
                76.3    100.00%
                76.4    100.00%
                76.5    100.00%
                76.6    100.00%
                76.7    100.00%
                76.8    100.00%
                76.9    100.00%
                77.0    100.00%
                77.1    100.00%
                77.2    100.00%
                77.3    100.00%
                77.4    100.00%
                77.5    100.00%
                77.6    100.00%
                77.7    100.00%
                77.8    100.00%
                77.9    100.00%
                78.0    100.00%
                78.1    100.00%
                78.2    100.00%
                78.3    100.00%
                78.4    100.00%
                78.5    100.00%
                78.6    100.00%
                78.7    100.00%
                78.8    100.00%
                78.9    100.00%
                79.0    100.00%
                79.1    100.00%
                79.2    100.00%
                79.3    100.00%
                79.4    100.00%
                79.5    100.00%
                79.6    100.00%
                79.7    100.00%
                79.8    100.00%
                79.9    100.00%
                80.0    100.00%
                80.1    100.00%
                80.2    100.00%
                80.3    100.00%
                80.4    100.00%
                80.5    100.00%
                80.6    100.00%
                80.7    100.00%
                80.8    100.00%
                80.9    100.00%
                81.0    100.00%
                81.1    100.00%
                81.2    100.00%
                81.3    100.00%
                81.4    100.00%
                81.5    100.00%
                81.6    100.00%
                81.7    100.00%
                81.8    100.00%
                81.9    100.00%
                82.0    100.00%
                82.1    100.00%
                82.2    100.00%
                82.3    100.00%
                82.4    100.00%
                82.5    100.00%
                82.6    100.00%
                82.7    100.00%
                82.8    100.00%
                82.9    100.00%
                83.0    100.00%
                83.1    100.00%
                83.2    100.00%
                83.3    100.00%
                83.4    100.00%
                83.5    100.00%
                83.6    100.00%
                83.7    100.00%
                83.8    100.00%
                83.9    100.00%
                84.0    100.00%
                84.1    100.00%
                84.2    100.00%
                84.3    100.00%
                84.4    100.00%
                84.5    100.00%
                84.6    100.00%
                84.7    100.00%
                84.8    100.00%
                84.9    100.00%
                85.0    100.00%
                85.1    100.00%
                85.2    100.00%
                85.3    100.00%
                85.4    100.00%
                85.5    100.00%
                85.6    100.00%
                85.7    100.00%
                85.8    100.00%
                85.9    100.00%
                86.0    100.00%
                86.1    100.00%
                86.2    100.00%
                86.3    100.00%
                86.4    100.00%
                86.5    100.00%
                86.6    100.00%
                86.7    100.00%
                86.8    100.00%
                86.9    100.00%
                87.0    100.00%
                87.1    100.00%
                87.2    100.00%
                87.3    100.00%
                87.4    100.00%
                87.5    100.00%
                87.6    100.00%
                87.7    100.00%
                87.8    100.00%
                87.9    100.00%
                88.0    100.00%
                88.1    100.00%
                88.2    100.00%
                88.3    100.00%
                88.4    100.00%
                88.5    100.00%
                88.6    100.00%
                88.7    100.00%
                88.8    100.00%
                88.9    100.00%
                89.0    100.00%
                89.1    100.00%
                89.2    100.00%
                89.3    100.00%
                89.4    100.00%
                89.5    100.00%
                89.6    100.00%
                89.7    100.00%
                89.8    100.00%
                89.9    100.00%
                90.0    100.00%
                90.1    100.00%
                90.2    100.00%
                90.3    100.00%
                90.4    100.00%
                90.5    100.00%
                90.6    100.00%
                90.7    100.00%
                90.8    100.00%
                90.9    100.00%
                91.0    100.00%
                91.1    100.00%
                91.2    100.00%
                91.3    100.00%
                91.4    100.00%
                91.5    100.00%
                91.6    100.00%
                91.7    100.00%
                91.8    100.00%
                91.9    100.00%
                92.0    100.00%
                92.1    100.00%
                92.2    100.00%
                92.3    100.00%
                92.4    100.00%
                92.5    100.00%
                92.6    100.00%
                92.7    100.00%
                92.8    100.00%
                92.9    100.00%
                93.0    100.00%
                93.1    100.00%
                93.2    100.00%
                93.3    100.00%
                93.4    100.00%
                93.5    100.00%
                93.6    100.00%
                93.7    100.00%
                93.8    100.00%
                93.9    100.00%
                94.0    100.00%
                94.1    100.00%
                94.2    100.00%
                94.3    100.00%
                94.4    100.00%
                94.5    100.00%
                94.6    100.00%
                94.7    100.00%
                94.8    100.00%
                94.9    100.00%
                95.0    100.00%
                95.1    100.00%
                95.2    100.00%
                95.3    100.00%
                95.4    100.00%
                95.5    100.00%
                95.6    100.00%
                95.7    100.00%
                95.8    100.00%
                95.9    100.00%
                96.0    100.00%
                96.1    100.00%
                96.2    100.00%
                96.3    100.00%
                96.4    100.00%
                96.5    100.00%
                96.6    100.00%
                96.7    100.00%
                96.8    100.00%
                96.9    100.00%
                97.0    100.00%
                97.1    100.00%
                97.2    100.00%
                97.3    100.00%
                97.4    100.00%
                97.5    100.00%
                97.6    100.00%
                97.7    100.00%
                97.8    100.00%
                97.9    100.00%
                98.0    100.00%
                98.1    100.00%
                98.2    100.00%
                98.3    100.00%
                98.4    100.00%
                98.5    100.00%
                98.6    100.00%
                98.7    100.00%
                98.8    100.00%
                98.9    100.00%
                99.0    100.00%
                99.1    100.00%
                99.2    100.00%
                99.3    100.00%
                99.4    100.00%
                99.5    100.00%
                99.6    100.00%
                99.7    100.00%
                99.8    100.00%
                99.9    100.00%
               100.0    100.00%
               100.1    100.00%
               100.2    100.00%
               100.3    100.00%
               100.4    100.00%
               100.5    100.00%
               100.6    100.00%
               100.7    100.00%
               100.8    100.00%
               100.9    100.00%
               101.0    100.00%
               101.1    100.00%
               101.2    100.00%
               101.3    100.00%
               101.4    100.00%
               101.5    100.00%
               101.6    100.00%
               101.7    100.00%
               101.8    100.00%
               101.9    100.00%
               102.0    100.00%
               102.1    100.00%
               102.2    100.00%
               102.3    100.00%
               102.4    100.00%
               102.5    100.00%
               102.6    100.00%
               102.7    100.00%
               102.8    100.00%
               102.9    100.00%
               103.0    100.00%
               103.1    100.00%
               103.2    100.00%
               103.3    100.00%
               103.4    100.00%
               103.5    100.00%
               103.6    100.00%
               103.7    100.00%
               103.8    100.00%
               103.9    100.00%
               104.0    100.00%
               104.1    100.00%
               104.2    100.00%
               104.3    100.00%
               104.4    100.00%
               104.5    100.00%
               104.6    100.00%
               104.7    100.00%
               104.8    100.00%
               104.9    100.00%
               105.0    100.00%
               105.1    100.00%
               105.2    100.00%
               105.3    100.00%
               105.4    100.00%
               105.5    100.00%
               105.6    100.00%
               105.7    100.00%
               105.8    100.00%
               105.9    100.00%
               106.0    100.00%
               106.1    100.00%
               106.2    100.00%
               106.3    100.00%
               106.4    100.00%
               106.5    100.00%
               106.6    100.00%
               106.7    100.00%
               106.8    100.00%
               106.9    100.00%
               107.0    100.00%
               107.1    100.00%
               107.2    100.00%
               107.3    100.00%
               107.4    100.00%
               107.5    100.00%
               107.6    100.00%
               107.7    100.00%
               107.8    100.00%
               107.9    100.00%
               108.0    100.00%
               108.1    100.00%
               108.2    100.00%
               108.3    100.00%
               108.4    100.00%
               108.5    100.00%
               108.6    100.00%
               108.7    100.00%
               108.8    100.00%
               108.9    100.00%
               109.0    100.00%
               109.1    100.00%
               109.2    100.00%
               109.3    100.00%
               109.4    100.00%
               109.5    100.00%
               109.6    100.00%
               109.7    100.00%
               109.8    100.00%
               109.9    100.00%
               110.0    100.00%
               110.1    100.00%
               110.2    100.00%
               110.3    100.00%
               110.4    100.00%
               110.5    100.00%
               110.6    100.00%
               110.7    100.00%
               110.8    100.00%
               110.9    100.00%
               111.0    100.00%
               111.1    100.00%
               111.2    100.00%
               111.3    100.00%
               111.4    100.00%
               111.5    100.00%
               111.6    100.00%
               111.7    100.00%
               111.8    100.00%
               111.9    100.00%
               112.0    100.00%
               112.1    100.00%
               112.2    100.00%
               112.3    100.00%
               112.4    100.00%
               112.5    100.00%
               112.6    100.00%
               112.7    100.00%
               112.8    100.00%
               112.9    100.00%
               113.0    100.00%
               113.1    100.00%
               113.2    100.00%
               113.3    100.00%
               113.4    100.00%
               113.5    100.00%
               113.6    100.00%
               113.7    100.00%
               113.8    100.00%
               113.9    100.00%
               114.0    100.00%
               114.1    100.00%
               114.2    100.00%
               114.3    100.00%
               114.4    100.00%
               114.5    100.00%
               114.6    100.00%
               114.7    100.00%
               114.8    100.00%
               114.9    100.00%
               115.0    100.00%
               115.1    100.00%
               115.2    100.00%
               115.3    100.00%
               115.4    100.00%
               115.5    100.00%
               115.6    100.00%
               115.7    100.00%
               115.8    100.00%
               115.9    100.00%
               116.0    100.00%
               116.1    100.00%
               116.2    100.00%
               116.3    100.00%
               116.4    100.00%
               116.5    100.00%
               116.6    100.00%
               116.7    100.00%
               116.8    100.00%
               116.9    100.00%
               117.0    100.00%
               117.1    100.00%
               117.2    100.00%
               117.3    100.00%
               117.4    100.00%
               117.5    100.00%
               117.6    100.00%
               117.7    100.00%
               117.8    100.00%
               117.9    100.00%
               118.0    100.00%
               118.1    100.00%
               118.2    100.00%
               118.3    100.00%
               118.4    100.00%
               118.5    100.00%
               118.6    100.00%
               118.7    100.00%
               118.8    100.00%
               118.9    100.00%
               119.0    100.00%
               119.1    100.00%
               119.2    100.00%
               119.3    100.00%
               119.4    100.00%
               119.5    100.00%
               119.6    100.00%
               119.7    100.00%
               119.8    100.00%
               119.9    100.00%
               120.0    100.00%
               120.1    100.00%
               120.2    100.00%
               120.3    100.00%
               120.4    100.00%
               120.5    100.00%
               120.6    100.00%
               120.7    100.00%
               120.8    100.00%
               120.9    100.00%
               121.0    100.00%
               121.1    100.00%
               121.2    100.00%
               121.3    100.00%
               121.4    100.00%
               121.5    100.00%
               121.6    100.00%
               121.7    100.00%
               121.8    100.00%
               121.9    100.00%
               122.0    100.00%
               122.1    100.00%
               122.2    100.00%
               122.3    100.00%
               122.4    100.00%
               122.5    100.00%
               122.6    100.00%
               122.7    100.00%
               122.8    100.00%
               122.9    100.00%
               123.0    100.00%
               123.1    100.00%
               123.2    100.00%
               123.3    100.00%
               123.4    100.00%
               123.5    100.00%
               123.6    100.00%
               123.7    100.00%
               123.8    100.00%
               123.9    100.00%
               124.0    100.00%
               124.1    100.00%
               124.2    100.00%
               124.3    100.00%
               124.4    100.00%
               124.5    100.00%
               124.6    100.00%
               124.7    100.00%
               124.8    100.00%
               124.9    100.00%
               125.0    100.00%
               125.1    100.00%
               125.2    100.00%
               125.3    100.00%
               125.4    100.00%
               125.5    100.00%
               125.6    100.00%
               125.7    100.00%
               125.8    100.00%
               125.9    100.00%
               126.0    100.00%
               126.1    100.00%
               126.2    100.00%
               126.3    100.00%
               126.4    100.00%
               126.5    100.00%
               126.6    100.00%
               126.7    100.00%
               126.8    100.00%
               126.9    100.00%
               127.0    100.00%
               127.1    100.00%
               127.2    100.00%
               127.3    100.00%
               127.4    100.00%
               127.5    100.00%
               127.6    100.00%
               127.7    100.00%
               127.8    100.00%
               127.9    100.00%
               128.0    100.00%
               128.1    100.00%
               128.2    100.00%
               128.3    100.00%
               128.4    100.00%
               128.5    100.00%
               128.6    100.00%
               128.7    100.00%
               128.8    100.00%
               128.9    100.00%
               129.0    100.00%
               129.1    100.00%
               129.2    100.00%
               129.3    100.00%
               129.4    100.00%
               129.5    100.00%
               129.6    100.00%
               129.7    100.00%
               129.8    100.00%
               129.9    100.00%
               130.0    100.00%
               130.1    100.00%
               130.2    100.00%
               130.3    100.00%
               130.4    100.00%
               130.5    100.00%
               130.6    100.00%
               130.7    100.00%
               130.8    100.00%
               130.9    100.00%
               131.0    100.00%
               131.1    100.00%
               131.2    100.00%
               131.3    100.00%
               131.4    100.00%
               131.5    100.00%
               131.6    100.00%
               131.7    100.00%
               131.8    100.00%
               131.9    100.00%
               132.0    100.00%
               132.1    100.00%
               132.2    100.00%
               132.3    100.00%
               132.4    100.00%
               132.5    100.00%
               132.6    100.00%
               132.7    100.00%
               132.8    100.00%
               132.9    100.00%
               133.0    100.00%
               133.1    100.00%
               133.2    100.00%
               133.3    100.00%
               133.4    100.00%
               133.5    100.00%
               133.6    100.00%
               133.7    100.00%
               133.8    100.00%
               133.9    100.00%
               134.0    100.00%
               134.1    100.00%
               134.2    100.00%
               134.3    100.00%
               134.4    100.00%
               134.5    100.00%
               134.6    100.00%
               134.7    100.00%
               134.8    100.00%
               134.9    100.00%
               135.0    100.00%
               135.1    100.00%
               135.2    100.00%
               135.3    100.00%
               135.4    100.00%
               135.5    100.00%
               135.6    100.00%
               135.7    100.00%
               135.8    100.00%
               135.9    100.00%
               136.0    100.00%
               136.1    100.00%
               136.2    100.00%
               136.3    100.00%
               136.4    100.00%
               136.5    100.00%
               136.6    100.00%
               136.7    100.00%
               136.8    100.00%
               136.9    100.00%
               137.0    100.00%
               137.1    100.00%
               137.2    100.00%
               137.3    100.00%
               137.4    100.00%
               137.5    100.00%
               137.6    100.00%
               137.7    100.00%
               137.8    100.00%
               137.9    100.00%
               138.0    100.00%
               138.1    100.00%
               138.2    100.00%
               138.3    100.00%
               138.4    100.00%
               138.5    100.00%
               138.6    100.00%
               138.7    100.00%
               138.8    100.00%
               138.9    100.00%
               139.0    100.00%
               139.1    100.00%
               139.2    100.00%
               139.3    100.00%
               139.4    100.00%
               139.5    100.00%
               139.6    100.00%
               139.7    100.00%
               139.8    100.00%
               139.9    100.00%
               140.0    100.00%
               140.1    100.00%
               140.2    100.00%
               140.3    100.00%
               140.4    100.00%
               140.5    100.00%
               140.6    100.00%
               140.7    100.00%
               140.8    100.00%
               140.9    100.00%
               141.0    100.00%
               141.1    100.00%
               141.2    100.00%
               141.3    100.00%
               141.4    100.00%
               141.5    100.00%
               141.6    100.00%
               141.7    100.00%
               141.8    100.00%
               141.9    100.00%
               142.0    100.00%
               142.1    100.00%
               142.2    100.00%
               142.3    100.00%
               142.4    100.00%
               142.5    100.00%
               142.6    100.00%
               142.7    100.00%
               142.8    100.00%
               142.9    100.00%
               143.0    100.00%
               143.1    100.00%
               143.2    100.00%
               143.3    100.00%
               143.4    100.00%
               143.5    100.00%
               143.6    100.00%
               143.7    100.00%
               143.8    100.00%
               143.9    100.00%
               144.0    100.00%
               144.1    100.00%
               144.2    100.00%
               144.3    100.00%
               144.4    100.00%
               144.5    100.00%
               144.6    100.00%
               144.7    100.00%
               144.8    100.00%
               144.9    100.00%
               145.0    100.00%
               145.1    100.00%
               145.2    100.00%
               145.3    100.00%
               145.4    100.00%
               145.5    100.00%
               145.6    100.00%
               145.7    100.00%
               145.8    100.00%
               145.9    100.00%
               146.0    100.00%
               146.1    100.00%
               146.2    100.00%
               146.3    100.00%
               146.4    100.00%
               146.5    100.00%
               146.6    100.00%
               146.7    100.00%
               146.8    100.00%
               146.9    100.00%
               147.0    100.00%
               147.1    100.00%
               147.2    100.00%
               147.3    100.00%
               147.4    100.00%
               147.5    100.00%
               147.6    100.00%
               147.7    100.00%
               147.8    100.00%
               147.9    100.00%
               148.0    100.00%
               148.1    100.00%
               148.2    100.00%
               148.3    100.00%
               148.4    100.00%
               148.5    100.00%
               148.6    100.00%
               148.7    100.00%
               148.8    100.00%
               148.9    100.00%
               149.0    100.00%
               149.1    100.00%
               149.2    100.00%
               149.3    100.00%
               149.4    100.00%
               149.5    100.00%
               149.6    100.00%
               149.7    100.00%
               149.8    100.00%
               149.9    100.00%
               150.0    100.00%
               150.1    100.00%
               150.2    100.00%
               150.3    100.00%
               150.4    100.00%
               150.5    100.00%
               150.6    100.00%
               150.7    100.00%
               150.8    100.00%
               150.9    100.00%
               151.0    100.00%
               151.1    100.00%
               151.2    100.00%
               151.3    100.00%
               151.4    100.00%
               151.5    100.00%
               151.6    100.00%
               151.7    100.00%
               151.8    100.00%
               151.9    100.00%
               152.0    100.00%
               152.1    100.00%
               152.2    100.00%
               152.3    100.00%
               152.4    100.00%
               152.5    100.00%
               152.6    100.00%
               152.7    100.00%
               152.8    100.00%
               152.9    100.00%
               153.0    100.00%
               153.1    100.00%
               153.2    100.00%
               153.3    100.00%
               153.4    100.00%
               153.5    100.00%
               153.6    100.00%
               153.7    100.00%
               153.8    100.00%
               153.9    100.00%
               154.0    100.00%
               154.1    100.00%
               154.2    100.00%
               154.3    100.00%
               154.4    100.00%
               154.5    100.00%
               154.6    100.00%
               154.7    100.00%
               154.8    100.00%
               154.9    100.00%
               155.0    100.00%
               155.1    100.00%
               155.2    100.00%
               155.3    100.00%
               155.4    100.00%
               155.5    100.00%
               155.6    100.00%
               155.7    100.00%
               155.8    100.00%
               155.9    100.00%
               156.0    100.00%
               156.1    100.00%
               156.2    100.00%
               156.3    100.00%
               156.4    100.00%
               156.5    100.00%
               156.6    100.00%
               156.7    100.00%
               156.8    100.00%
               156.9    100.00%
               157.0    100.00%
               157.1    100.00%
               157.2    100.00%
               157.3    100.00%
               157.4    100.00%
               157.5    100.00%
               157.6    100.00%
               157.7    100.00%
               157.8    100.00%
               157.9    100.00%
               158.0    100.00%
               158.1    100.00%
               158.2    100.00%
               158.3    100.00%
               158.4    100.00%
               158.5    100.00%
               158.6    100.00%
               158.7    100.00%
               158.8    100.00%
               158.9    100.00%
               159.0    100.00%
               159.1    100.00%
               159.2    100.00%
               159.3    100.00%
               159.4    100.00%
               159.5    100.00%
               159.6    100.00%
               159.7    100.00%
               159.8    100.00%
               159.9    100.00%
               160.0    100.00%
               160.1    100.00%
               160.2    100.00%
               160.3    100.00%
               160.4    100.00%
               160.5    100.00%
               160.6    100.00%
               160.7    100.00%
               160.8    100.00%
               160.9    100.00%
               161.0    100.00%
               161.1    100.00%
               161.2    100.00%
               161.3    100.00%
               161.4    100.00%
               161.5    100.00%
               161.6    100.00%
               161.7    100.00%
               161.8    100.00%
               161.9    100.00%
               162.0    100.00%
               162.1    100.00%
               162.2    100.00%
               162.3    100.00%
               162.4    100.00%
               162.5    100.00%
               162.6    100.00%
               162.7    100.00%
               162.8    100.00%
               162.9    100.00%
               163.0    100.00%
               163.1    100.00%
               163.2    100.00%
               163.3    100.00%
               163.4    100.00%
               163.5    100.00%
               163.6    100.00%
               163.7    100.00%
               163.8    100.00%
               163.9    100.00%
               164.0    100.00%
               164.1    100.00%
               164.2    100.00%
               164.3    100.00%
               164.4    100.00%
               164.5    100.00%
               164.6    100.00%
               164.7    100.00%
               164.8    100.00%
               164.9    100.00%
               165.0    100.00%
               165.1    100.00%
               165.2    100.00%
               165.3    100.00%
               165.4    100.00%
               165.5    100.00%
               165.6    100.00%
               165.7    100.00%
               165.8    100.00%
               165.9    100.00%
               166.0    100.00%
               166.1    100.00%
               166.2    100.00%
               166.3    100.00%
               166.4    100.00%
               166.5    100.00%
               166.6    100.00%
               166.7    100.00%
               166.8    100.00%
               166.9    100.00%
               167.0    100.00%
               167.1    100.00%
               167.2    100.00%
               167.3    100.00%
               167.4    100.00%
               167.5    100.00%
               167.6    100.00%
               167.7    100.00%
               167.8    100.00%
               167.9    100.00%
               168.0    100.00%
               168.1    100.00%
               168.2    100.00%
               168.3    100.00%
               168.4    100.00%
               168.5    100.00%
               168.6    100.00%
               168.7    100.00%
               168.8    100.00%
               168.9    100.00%
               169.0    100.00%
               169.1    100.00%
               169.2    100.00%
               169.3    100.00%
               169.4    100.00%
               169.5    100.00%
               169.6    100.00%
               169.7    100.00%
               169.8    100.00%
               169.9    100.00%
               170.0    100.00%
               170.1    100.00%
               170.2    100.00%
               170.3    100.00%
               170.4    100.00%
               170.5    100.00%
               170.6    100.00%
               170.7    100.00%
               170.8    100.00%
               170.9    100.00%
               171.0    100.00%
               171.1    100.00%
               171.2    100.00%
               171.3    100.00%
               171.4    100.00%
               171.5    100.00%
               171.6    100.00%
               171.7    100.00%
               171.8    100.00%
               171.9    100.00%
               172.0    100.00%
               172.1    100.00%
               172.2    100.00%
               172.3    100.00%
               172.4    100.00%
               172.5    100.00%
               172.6    100.00%
               172.7    100.00%
               172.8    100.00%
               172.9    100.00%
               173.0    100.00%
               173.1    100.00%
               173.2    100.00%
               173.3    100.00%
               173.4    100.00%
               173.5    100.00%
               173.6    100.00%
               173.7    100.00%
               173.8    100.00%
               173.9    100.00%
               174.0    100.00%
               174.1    100.00%
               174.2    100.00%
               174.3    100.00%
               174.4    100.00%
               174.5    100.00%
               174.6    100.00%
               174.7    100.00%
               174.8    100.00%
               174.9    100.00%
               175.0    100.00%
               175.1    100.00%
               175.2    100.00%
               175.3    100.00%
               175.4    100.00%
               175.5    100.00%
               175.6    100.00%
               175.7    100.00%
               175.8    100.00%
               175.9    100.00%
               176.0    100.00%
               176.1    100.00%
               176.2    100.00%
               176.3    100.00%
               176.4    100.00%
               176.5    100.00%
               176.6    100.00%
               176.7    100.00%
               176.8    100.00%
               176.9    100.00%
               177.0    100.00%
               177.1    100.00%
               177.2    100.00%
               177.3    100.00%
               177.4    100.00%
               177.5    100.00%
               177.6    100.00%
               177.7    100.00%
               177.8    100.00%
               177.9    100.00%
               178.0    100.00%
               178.1    100.00%
               178.2    100.00%
               178.3    100.00%
               178.4    100.00%
               178.5    100.00%
               178.6    100.00%
               178.7    100.00%
               178.8    100.00%
               178.9    100.00%
               179.0    100.00%
               179.1    100.00%
               179.2    100.00%
               179.3    100.00%
               179.4    100.00%
               179.5    100.00%
               179.6    100.00%
               179.7    100.00%
               179.8    100.00%
               179.9    100.00%
               180.0    100.00%
               180.1    100.00%
               180.2    100.00%
               180.3    100.00%
               180.4    100.00%
               180.5    100.00%
               180.6    100.00%
               180.7    100.00%
               180.8    100.00%
               180.9    100.00%
               181.0    100.00%
               181.1    100.00%
               181.2    100.00%
               181.3    100.00%
               181.4    100.00%
               181.5    100.00%
               181.6    100.00%
               181.7    100.00%
               181.8    100.00%
               181.9    100.00%
               182.0    100.00%
               182.1    100.00%
               182.2    100.00%
               182.3    100.00%
               182.4    100.00%
               182.5    100.00%
               182.6    100.00%
               182.7    100.00%
               182.8    100.00%
               182.9    100.00%
               183.0    100.00%
               183.1    100.00%
               183.2    100.00%
               183.3    100.00%
               183.4    100.00%
               183.5    100.00%
               183.6    100.00%
               183.7    100.00%
               183.8    100.00%
               183.9    100.00%
               184.0    100.00%
               184.1    100.00%
               184.2    100.00%
               184.3    100.00%
               184.4    100.00%
               184.5    100.00%
               184.6    100.00%
               184.7    100.00%
               184.8    100.00%
               184.9    100.00%
               185.0    100.00%
               185.1    100.00%
               185.2    100.00%
               185.3    100.00%
               185.4    100.00%
               185.5    100.00%
               185.6    100.00%
               185.7    100.00%
               185.8    100.00%
               185.9    100.00%
               186.0    100.00%
               186.1    100.00%
               186.2    100.00%
               186.3    100.00%
               186.4    100.00%
               186.5    100.00%
               186.6    100.00%
               186.7    100.00%
               186.8    100.00%
               186.9    100.00%
               187.0    100.00%
               187.1    100.00%
               187.2    100.00%
               187.3    100.00%
               187.4    100.00%
               187.5    100.00%
               187.6    100.00%
               187.7    100.00%
               187.8    100.00%
               187.9    100.00%
               188.0    100.00%
               188.1    100.00%
               188.2    100.00%
               188.3    100.00%
               188.4    100.00%
               188.5    100.00%
               188.6    100.00%
               188.7    100.00%
               188.8    100.00%
               188.9    100.00%
               189.0    100.00%
               189.1    100.00%
               189.2    100.00%
               189.3    100.00%
               189.4    100.00%
               189.5    100.00%
               189.6    100.00%
               189.7    100.00%
               189.8    100.00%
               189.9    100.00%
               190.0    100.00%
               190.1    100.00%
               190.2    100.00%
               190.3    100.00%
               190.4    100.00%
               190.5    100.00%
               190.6    100.00%
               190.7    100.00%
               190.8    100.00%
               190.9    100.00%
               191.0    100.00%
               191.1    100.00%
               191.2    100.00%
               191.3    100.00%
               191.4    100.00%
               191.5    100.00%
               191.6    100.00%
               191.7    100.00%
               191.8    100.00%
               191.9    100.00%
               192.0    100.00%
               192.1    100.00%
               192.2    100.00%
               192.3    100.00%
               192.4    100.00%
               192.5    100.00%
               192.6    100.00%
               192.7    100.00%
               192.8    100.00%
               192.9    100.00%
               193.0    100.00%
               193.1    100.00%
               193.2    100.00%
               193.3    100.00%
               193.4    100.00%
               193.5    100.00%
               193.6    100.00%
               193.7    100.00%
               193.8    100.00%
               193.9    100.00%
               194.0    100.00%
               194.1    100.00%
               194.2    100.00%
               194.3    100.00%
               194.4    100.00%
               194.5    100.00%
               194.6    100.00%
               194.7    100.00%
               194.8    100.00%
               194.9    100.00%
               195.0    100.00%
               195.1    100.00%
               195.2    100.00%
               195.3    100.00%
               195.4    100.00%
               195.5    100.00%
               195.6    100.00%
               195.7    100.00%
               195.8    100.00%
               195.9    100.00%
               196.0    100.00%
               196.1    100.00%
               196.2    100.00%
               196.3    100.00%
               196.4    100.00%
               196.5    100.00%
               196.6    100.00%
               196.7    100.00%
               196.8    100.00%
               196.9    100.00%
               197.0    100.00%
               197.1    100.00%
               197.2    100.00%
               197.3    100.00%
               197.4    100.00%
               197.5    100.00%
               197.6    100.00%
               197.7    100.00%
               197.8    100.00%
               197.9    100.00%
               198.0    100.00%
               198.1    100.00%
               198.2    100.00%
               198.3    100.00%
               198.4    100.00%
               198.5    100.00%
               198.6    100.00%
               198.7    100.00%
               198.8    100.00%
               198.9    100.00%
               199.0    100.00%
               199.1    100.00%
               199.2    100.00%
               199.3    100.00%
               199.4    100.00%
               199.5    100.00%
               199.6    100.00%
               199.7    100.00%
               199.8    100.00%
               199.9    100.00%
               200.0    100.00%
               200.1    100.00%
               200.2    100.00%
               200.3    100.00%
               200.4    100.00%
               200.5    100.00%
               200.6    100.00%
               200.7    100.00%
               200.8    100.00%
               200.9    100.00%
               201.0    100.00%
               201.1    100.00%
               201.2    100.00%
               201.3    100.00%
               201.4    100.00%
               201.5    100.00%
               201.6    100.00%
               201.7    100.00%
               201.8    100.00%
               201.9    100.00%
               202.0    100.00%
               202.1    100.00%
               202.2    100.00%
               202.3    100.00%
               202.4    100.00%
               202.5    100.00%
               202.6    100.00%
               202.7    100.00%
               202.8    100.00%
               202.9    100.00%
               203.0    100.00%
               203.1    100.00%
               203.2    100.00%
               203.3    100.00%
               203.4    100.00%
               203.5    100.00%
               203.6    100.00%
               203.7    100.00%
               203.8    100.00%
               203.9    100.00%
               204.0    100.00%
               204.1    100.00%
               204.2    100.00%

