Threads: 32, Sharded reads: true, Number of Memcached servers: 3.

All measures in microseconds.
  SETS   GETS  MGETS   INVLD    TOT   HITS     RSP T      Q T     SVR T  Q LEN
     0  15632      0       0  15632      0   1829.54    76.67   1732.49      0
     0   1942      0       0   1942      0   1753.09    25.57   1713.80      0
     0   1954      0       0   1954      0   1745.07    27.03   1702.75      0
     0   1943      0       0   1943      0   1773.41    24.12   1735.73      0
     0   1845      0       0   1845      0   1851.62    38.15   1776.41      0
     0   1917      0       0   1917      0   1782.60    16.02   1753.13      0
     0   1903      0       0   1903      0   1797.95    34.90   1737.10      0
     0   1959      0       0   1959      0   1747.73    23.61   1708.48      0
     0   1950      0       0   1950      0   1759.01    29.43   1716.01      0
     0   1954      0       0   1954      0   1731.26    22.47   1693.32      0
     0   2053      0       0   2053      0   1697.33    15.99   1660.44      0
     0   1970      0       0   1970      0   1748.01    26.85   1706.45      0
     0   1942      0       0   1942      0   1778.39    27.46   1736.41      0
     0   1984      0       0   1984      0   1741.85    37.96   1688.82      0
     0   1905      0       0   1905      0   1792.45    37.67   1739.97      0
     0   1985      0       0   1985      0   1752.19    27.57   1710.37      0
     0   1952      0       0   1952      0   1788.31    23.04   1751.42      0
     0   1932      0       0   1932      0   1793.24    35.02   1743.36      1
     0   1968      0       0   1968      0   1756.66    27.29   1715.58      0
     0   1938      0       0   1938      0   1780.21    32.13   1733.75      0
     0   2008      0       0   2008      0   1715.72    18.87   1682.71      0
     0   1856      0       0   1856      0   1831.18    30.85   1756.50      0
     0   1952      0       0   1952      0   1757.46    29.60   1714.14      0
     0   1992      0       0   1992      0   1728.34    27.58   1687.44      0
     0   1985      0       0   1985      0   1747.56    20.18   1713.92      0
     0   1953      0       0   1953      0   1757.26    21.10   1723.04      0
     0   1946      0       0   1946      0   1756.96    23.59   1710.67      0
     0   1967      0       0   1967      0   1754.47    23.51   1717.66      0
     0   1943      0       0   1943      0   1751.55    27.08   1709.85      0
     0   2073      0       0   2073      0   1674.76    13.21   1649.74      0
     0   2065      0       0   2065      0   1683.33    14.96   1655.87      0
     0   2033      0       0   2033      0   1701.26    11.88   1676.13      0
     0   1988      0       0   1988      0   1708.05    18.91   1675.78      0
     0   1946      0       0   1946      0   1747.40    23.17   1709.70      0
     0   1952      0       0   1952      0   1792.17    25.93   1752.31      0
     0   1960      0       0   1960      0   1744.49    21.36   1708.94      0
     0   1946      0       0   1946      0   1755.64    26.77   1714.82      0
     0   1971      0       0   1971      0   1702.17    18.04   1671.09      0
     0   1983      0       0   1983      0   1735.44    14.10   1707.80      0
     0   2014      0       0   2014      0   1690.90    17.84   1659.53      0
     0   1917      0       0   1917      0   1752.79    29.89   1709.66      0
     0   1902      0       0   1902      0   1791.69    25.47   1751.73      0
     0   1879      0       0   1879      0   1756.54    21.57   1720.47      0
     0   1977      0       0   1977      0   1737.37    14.58   1710.14      0
     0   1991      0       0   1991      0   1719.78    11.66   1685.21      0
     0   1981      0       0   1981      0   1727.14    19.19   1694.72      0
     0   1947      0       0   1947      0   1759.03    25.45   1719.66      1
     0   1879      0       0   1879      0   1835.22    29.95   1790.90      0
     0   1871      0       0   1871      0   1815.46    37.56   1763.32      0
     0   1913      0       0   1913      0   1810.14    28.69   1767.40      0
     0   1918      0       0   1918      0   1807.85    28.82   1763.98      0
     0   1951      0       0   1951      0   1777.33    29.05   1734.03      0
     0   1960      0       0   1960      0   1746.01    36.27   1695.64      0
     0   2001      0       0   2001      0   1751.50    18.74   1719.10      0
     0   1990      0       0   1990      0   1725.40    23.38   1687.67      0
     0   1846      0       0   1846      0   1865.76    33.97   1804.43      0
     0   1934      0       0   1934      0   1781.61    24.63   1742.70      0
     0   1885      0       0   1885      0   1812.55    39.80   1758.93      0
     0   1843      0       0   1843      0   1789.96    32.39   1743.02      0
     0   1956      0       0   1956      0   1777.06    21.55   1742.04      0
     0   1890      0       0   1890      0   1845.21    19.62   1803.61      0
     0   1907      0       0   1907      0   1777.92    12.54   1753.33      0
     0   2087      0       0   2087      0   1681.03    11.30   1657.57      0
     0   1837      0       0   1837      0   1854.73    27.36   1800.52      0
     0   1980      0       0   1980      0   1745.31    27.03   1704.54      0
     0   1913      0       0   1913      0   1814.90    27.30   1755.03      0
     0   1958      0       0   1958      0   1749.37    25.91   1709.79      0
     0   1968      0       0   1968      0   1776.32    29.41   1711.86      1
     0   1981      0       0   1981      0   1727.92    30.82   1682.07      0
     0   1953      0       0   1953      0   1768.62    26.45   1726.72      0
     0   1890      0       0   1890      0   1857.13    34.04   1807.98      0
     0   2009      0       0   2009      0   1702.70    20.96   1667.58      0
     0   1936      0       0   1936      0   1772.57    32.27   1725.93      0
     0   1996      0       0   1996      0   1731.04    27.63   1689.95      0
     0   1989      0       0   1989      0   1712.96    21.75   1677.86      0
     0   1868      0       0   1868      0   1832.79    17.41   1801.52      0
     0   1843      0       0   1843      0   1853.91    37.89   1801.36      0
     0   1929      0       0   1929      0   1797.35    40.61   1742.64      0
     0   1927      0       0   1927      0   1774.01    32.15   1726.70      0
     0   1882      0       0   1882      0   1874.65    29.17   1810.76      0
     0   1915      0       0   1915      0   1811.32    37.23   1758.81      0
     0   1848      0       0   1848      0   1880.40    58.07   1802.06      0
     0    686      0       0    686      0   1815.88    39.34   1762.36      0
     0      0      0       0      0      0       NaN      NaN       NaN      0
     0      0      0       0      0      0       NaN      NaN       NaN      0
     0      0      0       0      0      0       NaN      NaN       NaN      0
     0      0      0       0      0      0       NaN      NaN       NaN      0
================================================================================
ALL STATS (timing measures are in microseconds)
WORKER 0:
Type     |Total    |Ops/sec  |Hits/sec |Miss/Sec |Resp Time|Proc Time|Srvr Time
SET      |        0|     0.00|     0.00|     0.00|      NaN|      NaN|      NaN
GET      |     5436|    60.40|     0.00|    60.40|  1772.11|  1740.01|  1725.16
MULTIGET |        0|     0.00|     0.00|     0.00|      NaN|      NaN|      NaN
INVALID  |        0|     0.00|      ---|      ---|      NaN|      NaN|      ---
Average mutliget length: NaN
================================================================================
WORKER 1:
Type     |Total    |Ops/sec  |Hits/sec |Miss/Sec |Resp Time|Proc Time|Srvr Time
SET      |        0|     0.00|     0.00|     0.00|      NaN|      NaN|      NaN
GET      |     5455|    60.61|     0.00|    60.61|  1759.68|  1731.13|  1716.92
MULTIGET |        0|     0.00|     0.00|     0.00|      NaN|      NaN|      NaN
INVALID  |        0|     0.00|      ---|      ---|      NaN|      NaN|      ---
Average mutliget length: NaN
================================================================================
WORKER 2:
Type     |Total    |Ops/sec  |Hits/sec |Miss/Sec |Resp Time|Proc Time|Srvr Time
SET      |        0|     0.00|     0.00|     0.00|      NaN|      NaN|      NaN
GET      |     5407|    60.08|     0.00|    60.08|  1758.95|  1729.20|  1712.97
MULTIGET |        0|     0.00|     0.00|     0.00|      NaN|      NaN|      NaN
INVALID  |        0|     0.00|      ---|      ---|      NaN|      NaN|      ---
Average mutliget length: NaN
================================================================================
WORKER 3:
Type     |Total    |Ops/sec  |Hits/sec |Miss/Sec |Resp Time|Proc Time|Srvr Time
SET      |        0|     0.00|     0.00|     0.00|      NaN|      NaN|      NaN
GET      |     5440|    60.44|     0.00|    60.44|  1790.50|  1760.46|  1739.61
MULTIGET |        0|     0.00|     0.00|     0.00|      NaN|      NaN|      NaN
INVALID  |        0|     0.00|      ---|      ---|      NaN|      NaN|      ---
Average mutliget length: NaN
================================================================================
WORKER 4:
Type     |Total    |Ops/sec  |Hits/sec |Miss/Sec |Resp Time|Proc Time|Srvr Time
SET      |        0|     0.00|     0.00|     0.00|      NaN|      NaN|      NaN
GET      |     5446|    60.51|     0.00|    60.51|  1756.25|  1726.80|  1712.40
MULTIGET |        0|     0.00|     0.00|     0.00|      NaN|      NaN|      NaN
INVALID  |        0|     0.00|      ---|      ---|      NaN|      NaN|      ---
Average mutliget length: NaN
================================================================================
WORKER 5:
Type     |Total    |Ops/sec  |Hits/sec |Miss/Sec |Resp Time|Proc Time|Srvr Time
SET      |        0|     0.00|     0.00|     0.00|      NaN|      NaN|      NaN
GET      |     5398|    59.98|     0.00|    59.98|  1758.08|  1729.06|  1711.48
MULTIGET |        0|     0.00|     0.00|     0.00|      NaN|      NaN|      NaN
INVALID  |        0|     0.00|      ---|      ---|      NaN|      NaN|      ---
Average mutliget length: NaN
================================================================================
WORKER 6:
Type     |Total    |Ops/sec  |Hits/sec |Miss/Sec |Resp Time|Proc Time|Srvr Time
SET      |        0|     0.00|     0.00|     0.00|      NaN|      NaN|      NaN
GET      |     5398|    59.98|     0.00|    59.98|  1745.29|  1717.00|  1697.53
MULTIGET |        0|     0.00|     0.00|     0.00|      NaN|      NaN|      NaN
INVALID  |        0|     0.00|      ---|      ---|      NaN|      NaN|      ---
Average mutliget length: NaN
================================================================================
WORKER 7:
Type     |Total    |Ops/sec  |Hits/sec |Miss/Sec |Resp Time|Proc Time|Srvr Time
SET      |        0|     0.00|     0.00|     0.00|      NaN|      NaN|      NaN
GET      |     5462|    60.69|     0.00|    60.69|  1758.01|  1729.47|  1713.83
MULTIGET |        0|     0.00|     0.00|     0.00|      NaN|      NaN|      NaN
INVALID  |        0|     0.00|      ---|      ---|      NaN|      NaN|      ---
Average mutliget length: NaN
================================================================================
WORKER 8:
Type     |Total    |Ops/sec  |Hits/sec |Miss/Sec |Resp Time|Proc Time|Srvr Time
SET      |        0|     0.00|     0.00|     0.00|      NaN|      NaN|      NaN
GET      |     5450|    60.56|     0.00|    60.56|  1790.40|  1759.44|  1745.19
MULTIGET |        0|     0.00|     0.00|     0.00|      NaN|      NaN|      NaN
INVALID  |        0|     0.00|      ---|      ---|      NaN|      NaN|      ---
Average mutliget length: NaN
================================================================================
WORKER 9:
Type     |Total    |Ops/sec  |Hits/sec |Miss/Sec |Resp Time|Proc Time|Srvr Time
SET      |        0|     0.00|     0.00|     0.00|      NaN|      NaN|      NaN
GET      |     5446|    60.51|     0.00|    60.51|  1767.03|  1737.38|  1714.98
MULTIGET |        0|     0.00|     0.00|     0.00|      NaN|      NaN|      NaN
INVALID  |        0|     0.00|      ---|      ---|      NaN|      NaN|      ---
Average mutliget length: NaN
================================================================================
WORKER 10:
Type     |Total    |Ops/sec  |Hits/sec |Miss/Sec |Resp Time|Proc Time|Srvr Time
SET      |        0|     0.00|     0.00|     0.00|      NaN|      NaN|      NaN
GET      |     5429|    60.32|     0.00|    60.32|  1773.56|  1740.33|  1726.34
MULTIGET |        0|     0.00|     0.00|     0.00|      NaN|      NaN|      NaN
INVALID  |        0|     0.00|      ---|      ---|      NaN|      NaN|      ---
Average mutliget length: NaN
================================================================================
WORKER 11:
Type     |Total    |Ops/sec  |Hits/sec |Miss/Sec |Resp Time|Proc Time|Srvr Time
SET      |        0|     0.00|     0.00|     0.00|      NaN|      NaN|      NaN
GET      |     5408|    60.09|     0.00|    60.09|  1773.14|  1745.45|  1730.57
MULTIGET |        0|     0.00|     0.00|     0.00|      NaN|      NaN|      NaN
INVALID  |        0|     0.00|      ---|      ---|      NaN|      NaN|      ---
Average mutliget length: NaN
================================================================================
WORKER 12:
Type     |Total    |Ops/sec  |Hits/sec |Miss/Sec |Resp Time|Proc Time|Srvr Time
SET      |        0|     0.00|     0.00|     0.00|      NaN|      NaN|      NaN
GET      |     5427|    60.30|     0.00|    60.30|  1778.16|  1746.64|  1725.62
MULTIGET |        0|     0.00|     0.00|     0.00|      NaN|      NaN|      NaN
INVALID  |        0|     0.00|      ---|      ---|      NaN|      NaN|      ---
Average mutliget length: NaN
================================================================================
WORKER 13:
Type     |Total    |Ops/sec  |Hits/sec |Miss/Sec |Resp Time|Proc Time|Srvr Time
SET      |        0|     0.00|     0.00|     0.00|      NaN|      NaN|      NaN
GET      |     5380|    59.78|     0.00|    59.78|  1779.39|  1750.62|  1736.68
MULTIGET |        0|     0.00|     0.00|     0.00|      NaN|      NaN|      NaN
INVALID  |        0|     0.00|      ---|      ---|      NaN|      NaN|      ---
Average mutliget length: NaN
================================================================================
WORKER 14:
Type     |Total    |Ops/sec  |Hits/sec |Miss/Sec |Resp Time|Proc Time|Srvr Time
SET      |        0|     0.00|     0.00|     0.00|      NaN|      NaN|      NaN
GET      |     5435|    60.39|     0.00|    60.39|  1773.11|  1739.16|  1716.29
MULTIGET |        0|     0.00|     0.00|     0.00|      NaN|      NaN|      NaN
INVALID  |        0|     0.00|      ---|      ---|      NaN|      NaN|      ---
Average mutliget length: NaN
================================================================================
WORKER 15:
Type     |Total    |Ops/sec  |Hits/sec |Miss/Sec |Resp Time|Proc Time|Srvr Time
SET      |        0|     0.00|     0.00|     0.00|      NaN|      NaN|      NaN
GET      |     5443|    60.48|     0.00|    60.48|  1791.27|  1757.22|  1734.63
MULTIGET |        0|     0.00|     0.00|     0.00|      NaN|      NaN|      NaN
INVALID  |        0|     0.00|      ---|      ---|      NaN|      NaN|      ---
Average mutliget length: NaN
================================================================================
WORKER 16:
Type     |Total    |Ops/sec  |Hits/sec |Miss/Sec |Resp Time|Proc Time|Srvr Time
SET      |        0|     0.00|     0.00|     0.00|      NaN|      NaN|      NaN
GET      |     5419|    60.21|     0.00|    60.21|  1756.99|  1727.83|  1713.49
MULTIGET |        0|     0.00|     0.00|     0.00|      NaN|      NaN|      NaN
INVALID  |        0|     0.00|      ---|      ---|      NaN|      NaN|      ---
Average mutliget length: NaN
================================================================================
WORKER 17:
Type     |Total    |Ops/sec  |Hits/sec |Miss/Sec |Resp Time|Proc Time|Srvr Time
SET      |        0|     0.00|     0.00|     0.00|      NaN|      NaN|      NaN
GET      |     5430|    60.33|     0.00|    60.33|  1765.57|  1731.94|  1717.52
MULTIGET |        0|     0.00|     0.00|     0.00|      NaN|      NaN|      NaN
INVALID  |        0|     0.00|      ---|      ---|      NaN|      NaN|      ---
Average mutliget length: NaN
================================================================================
WORKER 18:
Type     |Total    |Ops/sec  |Hits/sec |Miss/Sec |Resp Time|Proc Time|Srvr Time
SET      |        0|     0.00|     0.00|     0.00|      NaN|      NaN|      NaN
GET      |     5428|    60.31|     0.00|    60.31|  1763.22|  1735.59|  1716.98
MULTIGET |        0|     0.00|     0.00|     0.00|      NaN|      NaN|      NaN
INVALID  |        0|     0.00|      ---|      ---|      NaN|      NaN|      ---
Average mutliget length: NaN
================================================================================
WORKER 19:
Type     |Total    |Ops/sec  |Hits/sec |Miss/Sec |Resp Time|Proc Time|Srvr Time
SET      |        0|     0.00|     0.00|     0.00|      NaN|      NaN|      NaN
GET      |     5412|    60.13|     0.00|    60.13|  1761.12|  1732.06|  1717.90
MULTIGET |        0|     0.00|     0.00|     0.00|      NaN|      NaN|      NaN
INVALID  |        0|     0.00|      ---|      ---|      NaN|      NaN|      ---
Average mutliget length: NaN
================================================================================
WORKER 20:
Type     |Total    |Ops/sec  |Hits/sec |Miss/Sec |Resp Time|Proc Time|Srvr Time
SET      |        0|     0.00|     0.00|     0.00|      NaN|      NaN|      NaN
GET      |     5466|    60.73|     0.00|    60.73|  1785.29|  1755.06|  1740.37
MULTIGET |        0|     0.00|     0.00|     0.00|      NaN|      NaN|      NaN
INVALID  |        0|     0.00|      ---|      ---|      NaN|      NaN|      ---
Average mutliget length: NaN
================================================================================
WORKER 21:
Type     |Total    |Ops/sec  |Hits/sec |Miss/Sec |Resp Time|Proc Time|Srvr Time
SET      |        0|     0.00|     0.00|     0.00|      NaN|      NaN|      NaN
GET      |     5436|    60.40|     0.00|    60.40|  1792.01|  1759.96|  1742.22
MULTIGET |        0|     0.00|     0.00|     0.00|      NaN|      NaN|      NaN
INVALID  |        0|     0.00|      ---|      ---|      NaN|      NaN|      ---
Average mutliget length: NaN
================================================================================
WORKER 22:
Type     |Total    |Ops/sec  |Hits/sec |Miss/Sec |Resp Time|Proc Time|Srvr Time
SET      |        0|     0.00|     0.00|     0.00|      NaN|      NaN|      NaN
GET      |     5403|    60.03|     0.00|    60.03|  1799.36|  1770.55|  1755.35
MULTIGET |        0|     0.00|     0.00|     0.00|      NaN|      NaN|      NaN
INVALID  |        0|     0.00|      ---|      ---|      NaN|      NaN|      ---
Average mutliget length: NaN
================================================================================
WORKER 23:
Type     |Total    |Ops/sec  |Hits/sec |Miss/Sec |Resp Time|Proc Time|Srvr Time
SET      |        0|     0.00|     0.00|     0.00|      NaN|      NaN|      NaN
GET      |     5450|    60.56|     0.00|    60.56|  1760.26|  1728.01|  1713.93
MULTIGET |        0|     0.00|     0.00|     0.00|      NaN|      NaN|      NaN
INVALID  |        0|     0.00|      ---|      ---|      NaN|      NaN|      ---
Average mutliget length: NaN
================================================================================
WORKER 24:
Type     |Total    |Ops/sec  |Hits/sec |Miss/Sec |Resp Time|Proc Time|Srvr Time
SET      |        0|     0.00|     0.00|     0.00|      NaN|      NaN|      NaN
GET      |     5408|    60.09|     0.00|    60.09|  1780.33|  1748.42|  1734.01
MULTIGET |        0|     0.00|     0.00|     0.00|      NaN|      NaN|      NaN
INVALID  |        0|     0.00|      ---|      ---|      NaN|      NaN|      ---
Average mutliget length: NaN
================================================================================
WORKER 25:
Type     |Total    |Ops/sec  |Hits/sec |Miss/Sec |Resp Time|Proc Time|Srvr Time
SET      |        0|     0.00|     0.00|     0.00|      NaN|      NaN|      NaN
GET      |     5432|    60.36|     0.00|    60.36|  1786.57|  1759.38|  1741.97
MULTIGET |        0|     0.00|     0.00|     0.00|      NaN|      NaN|      NaN
INVALID  |        0|     0.00|      ---|      ---|      NaN|      NaN|      ---
Average mutliget length: NaN
================================================================================
WORKER 26:
Type     |Total    |Ops/sec  |Hits/sec |Miss/Sec |Resp Time|Proc Time|Srvr Time
SET      |        0|     0.00|     0.00|     0.00|      NaN|      NaN|      NaN
GET      |     5432|    60.36|     0.00|    60.36|  1790.32|  1757.56|  1743.13
MULTIGET |        0|     0.00|     0.00|     0.00|      NaN|      NaN|      NaN
INVALID  |        0|     0.00|      ---|      ---|      NaN|      NaN|      ---
Average mutliget length: NaN
================================================================================
WORKER 27:
Type     |Total    |Ops/sec  |Hits/sec |Miss/Sec |Resp Time|Proc Time|Srvr Time
SET      |        0|     0.00|     0.00|     0.00|      NaN|      NaN|      NaN
GET      |     5485|    60.94|     0.00|    60.94|  1805.03|  1771.99|  1757.90
MULTIGET |        0|     0.00|     0.00|     0.00|      NaN|      NaN|      NaN
INVALID  |        0|     0.00|      ---|      ---|      NaN|      NaN|      ---
Average mutliget length: NaN
================================================================================
WORKER 28:
Type     |Total    |Ops/sec  |Hits/sec |Miss/Sec |Resp Time|Proc Time|Srvr Time
SET      |        0|     0.00|     0.00|     0.00|      NaN|      NaN|      NaN
GET      |     5488|    60.98|     0.00|    60.98|  1740.30|  1708.05|  1692.20
MULTIGET |        0|     0.00|     0.00|     0.00|      NaN|      NaN|      NaN
INVALID  |        0|     0.00|      ---|      ---|      NaN|      NaN|      ---
Average mutliget length: NaN
================================================================================
WORKER 29:
Type     |Total    |Ops/sec  |Hits/sec |Miss/Sec |Resp Time|Proc Time|Srvr Time
SET      |        0|     0.00|     0.00|     0.00|      NaN|      NaN|      NaN
GET      |     5416|    60.18|     0.00|    60.18|  1769.73|  1740.28|  1725.85
MULTIGET |        0|     0.00|     0.00|     0.00|      NaN|      NaN|      NaN
INVALID  |        0|     0.00|      ---|      ---|      NaN|      NaN|      ---
Average mutliget length: NaN
================================================================================
WORKER 30:
Type     |Total    |Ops/sec  |Hits/sec |Miss/Sec |Resp Time|Proc Time|Srvr Time
SET      |        0|     0.00|     0.00|     0.00|      NaN|      NaN|      NaN
GET      |     5440|    60.44|     0.00|    60.44|  1756.77|  1723.25|  1708.21
MULTIGET |        0|     0.00|     0.00|     0.00|      NaN|      NaN|      NaN
INVALID  |        0|     0.00|      ---|      ---|      NaN|      NaN|      ---
Average mutliget length: NaN
================================================================================
WORKER 31:
Type     |Total    |Ops/sec  |Hits/sec |Miss/Sec |Resp Time|Proc Time|Srvr Time
SET      |        0|     0.00|     0.00|     0.00|      NaN|      NaN|      NaN
GET      |     5489|    60.99|     0.00|    60.99|  1780.54|  1748.48|  1724.00
MULTIGET |        0|     0.00|     0.00|     0.00|      NaN|      NaN|      NaN
INVALID  |        0|     0.00|      ---|      ---|      NaN|      NaN|      ---
Average mutliget length: NaN
================================================================================
================================================================================

AGGREGATE FOR ALL WORKERS:
Type     |Total    |Ops/sec  |Hits/sec |Miss/Sec |Resp Time|Proc Time|Srvr Time
SET      |        0|     0.00|     0.00|     0.00|      NaN|      NaN|      NaN
GET      |   173894|  1932.16|     0.00|  1932.16|  1772.46|  1741.81|  1725.16
MULTIGET |        0|     0.00|     0.00|     0.00|      NaN|      NaN|      NaN
INVALID  |        0|     0.00|      ---|      ---|      NaN|      NaN|      ---
Average mutliget length: NaN


 HISTOGRAM
  Response time (ms)   Percent
                 0.1      0.00%
                 0.2      0.03%
                 0.3      1.42%
                 0.4      5.11%
                 0.5     10.25%
                 0.6     14.88%
                 0.7     18.71%
                 0.8     21.75%
                 0.9     24.25%
                 1.0     26.26%
                 1.1     27.83%
                 1.2     29.03%
                 1.3     29.90%
                 1.4     30.61%
                 1.5     31.15%
                 1.6     31.54%
                 1.7     31.83%
                 1.8     33.37%
                 1.9     40.87%
                 2.0     51.38%
                 2.1     63.29%
                 2.2     73.58%
                 2.3     80.93%
                 2.4     86.14%
                 2.5     89.77%
                 2.6     92.37%
                 2.7     94.14%
                 2.8     95.37%
                 2.9     96.27%
                 3.0     96.90%
                 3.1     97.37%
                 3.2     97.72%
                 3.3     97.97%
                 3.4     98.15%
                 3.5     98.31%
                 3.6     98.44%
                 3.7     98.55%
                 3.8     98.66%
                 3.9     98.76%
                 4.0     98.84%
                 4.1     98.91%
                 4.2     98.97%
                 4.3     99.04%
                 4.4     99.10%
                 4.5     99.16%
                 4.6     99.22%
                 4.7     99.27%
                 4.8     99.30%
                 4.9     99.35%
                 5.0     99.40%
                 5.1     99.44%
                 5.2     99.47%
                 5.3     99.50%
                 5.4     99.52%
                 5.5     99.54%
                 5.6     99.56%
                 5.7     99.59%
                 5.8     99.61%
                 5.9     99.62%
                 6.0     99.64%
                 6.1     99.65%
                 6.2     99.67%
                 6.3     99.69%
                 6.4     99.69%
                 6.5     99.71%
                 6.6     99.72%
                 6.7     99.74%
                 6.8     99.74%
                 6.9     99.76%
                 7.0     99.77%
                 7.1     99.78%
                 7.2     99.78%
                 7.3     99.79%
                 7.4     99.80%
                 7.5     99.81%
                 7.6     99.81%
                 7.7     99.82%
                 7.8     99.82%
                 7.9     99.83%
                 8.0     99.83%
                 8.1     99.84%
                 8.2     99.84%
                 8.3     99.85%
                 8.4     99.85%
                 8.5     99.86%
                 8.6     99.86%
                 8.7     99.87%
                 8.8     99.87%
                 8.9     99.88%
                 9.0     99.88%
                 9.1     99.88%
                 9.2     99.88%
                 9.3     99.88%
                 9.4     99.89%
                 9.5     99.89%
                 9.6     99.89%
                 9.7     99.89%
                 9.8     99.90%
                 9.9     99.90%
                10.0     99.90%
                10.1     99.91%
                10.2     99.91%
                10.3     99.91%
                10.4     99.91%
                10.5     99.91%
                10.6     99.91%
                10.7     99.92%
                10.8     99.92%
                10.9     99.92%
                11.0     99.92%
                11.1     99.92%
                11.2     99.92%
                11.3     99.93%
                11.4     99.93%
                11.5     99.93%
                11.6     99.93%
                11.7     99.93%
                11.8     99.93%
                11.9     99.93%
                12.0     99.93%
                12.1     99.93%
                12.2     99.93%
                12.3     99.93%
                12.4     99.93%
                12.5     99.93%
                12.6     99.93%
                12.7     99.93%
                12.8     99.93%
                12.9     99.94%
                13.0     99.94%
                13.1     99.94%
                13.2     99.94%
                13.3     99.94%
                13.4     99.94%
                13.5     99.94%
                13.6     99.94%
                13.7     99.94%
                13.8     99.94%
                13.9     99.94%
                14.0     99.94%
                14.1     99.94%
                14.2     99.94%
                14.3     99.94%
                14.4     99.94%
                14.5     99.94%
                14.6     99.94%
                14.7     99.94%
                14.8     99.94%
                14.9     99.94%
                15.0     99.94%
                15.1     99.94%
                15.2     99.94%
                15.3     99.94%
                15.4     99.94%
                15.5     99.95%
                15.6     99.95%
                15.7     99.95%
                15.8     99.95%
                15.9     99.95%
                16.0     99.95%
                16.1     99.95%
                16.2     99.95%
                16.3     99.95%
                16.4     99.95%
                16.5     99.95%
                16.6     99.95%
                16.7     99.95%
                16.8     99.95%
                16.9     99.95%
                17.0     99.95%
                17.1     99.95%
                17.2     99.95%
                17.3     99.95%
                17.4     99.95%
                17.5     99.95%
                17.6     99.95%
                17.7     99.95%
                17.8     99.95%
                17.9     99.96%
                18.0     99.96%
                18.1     99.96%
                18.2     99.96%
                18.3     99.96%
                18.4     99.96%
                18.5     99.96%
                18.6     99.96%
                18.7     99.96%
                18.8     99.96%
                18.9     99.96%
                19.0     99.96%
                19.1     99.96%
                19.2     99.96%
                19.3     99.96%
                19.4     99.96%
                19.5     99.96%
                19.6     99.96%
                19.7     99.96%
                19.8     99.96%
                19.9     99.96%
                20.0     99.96%
                20.1     99.96%
                20.2     99.96%
                20.3     99.96%
                20.4     99.96%
                20.5     99.96%
                20.6     99.96%
                20.7     99.97%
                20.8     99.97%
                20.9     99.97%
                21.0     99.97%
                21.1     99.97%
                21.2     99.97%
                21.3     99.97%
                21.4     99.97%
                21.5     99.97%
                21.6     99.97%
                21.7     99.97%
                21.8     99.97%
                21.9     99.97%
                22.0     99.97%
                22.1     99.97%
                22.2     99.97%
                22.3     99.97%
                22.4     99.97%
                22.5     99.97%
                22.6     99.97%
                22.7     99.97%
                22.8     99.98%
                22.9     99.98%
                23.0     99.98%
                23.1     99.98%
                23.2     99.98%
                23.3     99.98%
                23.4     99.98%
                23.5     99.98%
                23.6     99.98%
                23.7     99.98%
                23.8     99.98%
                23.9     99.98%
                24.0     99.98%
                24.1     99.98%
                24.2     99.98%
                24.3     99.98%
                24.4     99.98%
                24.5     99.98%
                24.6     99.98%
                24.7     99.98%
                24.8     99.98%
                24.9     99.98%
                25.0     99.98%
                25.1     99.98%
                25.2     99.98%
                25.3     99.98%
                25.4     99.98%
                25.5     99.98%
                25.6     99.98%
                25.7     99.98%
                25.8     99.98%
                25.9     99.98%
                26.0     99.98%
                26.1     99.98%
                26.2     99.99%
                26.3     99.99%
                26.4     99.99%
                26.5     99.99%
                26.6     99.99%
                26.7     99.99%
                26.8     99.99%
                26.9     99.99%
                27.0     99.99%
                27.1     99.99%
                27.2     99.99%
                27.3     99.99%
                27.4     99.99%
                27.5     99.99%
                27.6     99.99%
                27.7     99.99%
                27.8     99.99%
                27.9     99.99%
                28.0     99.99%
                28.1     99.99%
                28.2     99.99%
                28.3     99.99%
                28.4     99.99%
                28.5     99.99%
                28.6     99.99%
                28.7     99.99%
                28.8     99.99%
                28.9     99.99%
                29.0     99.99%
                29.1     99.99%
                29.2     99.99%
                29.3     99.99%
                29.4     99.99%
                29.5     99.99%
                29.6     99.99%
                29.7     99.99%
                29.8     99.99%
                29.9     99.99%
                30.0     99.99%
                30.1     99.99%
                30.2     99.99%
                30.3     99.99%
                30.4     99.99%
                30.5     99.99%
                30.6     99.99%
                30.7     99.99%
                30.8     99.99%
                30.9     99.99%
                31.0     99.99%
                31.1     99.99%
                31.2     99.99%
                31.3     99.99%
                31.4     99.99%
                31.5     99.99%
                31.6     99.99%
                31.7     99.99%
                31.8     99.99%
                31.9     99.99%
                32.0     99.99%
                32.1     99.99%
                32.2     99.99%
                32.3     99.99%
                32.4     99.99%
                32.5     99.99%
                32.6     99.99%
                32.7     99.99%
                32.8     99.99%
                32.9     99.99%
                33.0     99.99%
                33.1     99.99%
                33.2     99.99%
                33.3     99.99%
                33.4     99.99%
                33.5     99.99%
                33.6     99.99%
                33.7     99.99%
                33.8     99.99%
                33.9     99.99%
                34.0     99.99%
                34.1     99.99%
                34.2     99.99%
                34.3     99.99%
                34.4     99.99%
                34.5     99.99%
                34.6     99.99%
                34.7     99.99%
                34.8     99.99%
                34.9     99.99%
                35.0     99.99%
                35.1     99.99%
                35.2     99.99%
                35.3     99.99%
                35.4     99.99%
                35.5     99.99%
                35.6     99.99%
                35.7     99.99%
                35.8     99.99%
                35.9     99.99%
                36.0     99.99%
                36.1     99.99%
                36.2     99.99%
                36.3     99.99%
                36.4     99.99%
                36.5     99.99%
                36.6     99.99%
                36.7     99.99%
                36.8     99.99%
                36.9     99.99%
                37.0     99.99%
                37.1     99.99%
                37.2     99.99%
                37.3     99.99%
                37.4     99.99%
                37.5     99.99%
                37.6     99.99%
                37.7     99.99%
                37.8     99.99%
                37.9     99.99%
                38.0     99.99%
                38.1     99.99%
                38.2     99.99%
                38.3     99.99%
                38.4     99.99%
                38.5     99.99%
                38.6     99.99%
                38.7     99.99%
                38.8     99.99%
                38.9     99.99%
                39.0     99.99%
                39.1     99.99%
                39.2    100.00%
                39.3    100.00%
                39.4    100.00%
                39.5    100.00%
                39.6    100.00%
                39.7    100.00%
                39.8    100.00%
                39.9    100.00%
                40.0    100.00%
                40.1    100.00%
                40.2    100.00%
                40.3    100.00%
                40.4    100.00%
                40.5    100.00%
                40.6    100.00%
                40.7    100.00%
                40.8    100.00%
                40.9    100.00%
                41.0    100.00%
                41.1    100.00%
                41.2    100.00%
                41.3    100.00%
                41.4    100.00%
                41.5    100.00%
                41.6    100.00%
                41.7    100.00%
                41.8    100.00%
                41.9    100.00%
                42.0    100.00%
                42.1    100.00%
                42.2    100.00%
                42.3    100.00%
                42.4    100.00%
                42.5    100.00%
                42.6    100.00%
                42.7    100.00%
                42.8    100.00%
                42.9    100.00%
                43.0    100.00%
                43.1    100.00%
                43.2    100.00%
                43.3    100.00%
                43.4    100.00%
                43.5    100.00%
                43.6    100.00%
                43.7    100.00%
                43.8    100.00%
                43.9    100.00%
                44.0    100.00%
                44.1    100.00%
                44.2    100.00%
                44.3    100.00%
                44.4    100.00%
                44.5    100.00%
                44.6    100.00%
                44.7    100.00%
                44.8    100.00%
                44.9    100.00%
                45.0    100.00%
                45.1    100.00%
                45.2    100.00%
                45.3    100.00%
                45.4    100.00%
                45.5    100.00%
                45.6    100.00%
                45.7    100.00%
                45.8    100.00%
                45.9    100.00%
                46.0    100.00%
                46.1    100.00%
                46.2    100.00%
                46.3    100.00%
                46.4    100.00%
                46.5    100.00%
                46.6    100.00%
                46.7    100.00%
                46.8    100.00%
                46.9    100.00%
                47.0    100.00%
                47.1    100.00%
                47.2    100.00%
                47.3    100.00%
                47.4    100.00%
                47.5    100.00%
                47.6    100.00%
                47.7    100.00%
                47.8    100.00%
                47.9    100.00%
                48.0    100.00%
                48.1    100.00%
                48.2    100.00%

