Threads: 32, Sharded reads: false, Number of Memcached servers: 3.

All measures in microseconds.
  SETS   GETS  MGETS   INVLD    TOT   HITS     RSP T      Q T     SVR T  Q LEN
 48293      0      0       0  48293  48293  17294.83 11859.74   5387.23     88
  5694      0      0       0   5694   5694  18312.49 12693.89   5558.29     73
  5719      0      0       0   5719   5719  18146.70 12654.41   5456.01     88
  5756      0      0       0   5756   5756  17449.48 12064.77   5329.96     58
  6128      0      0       0   6128   6128  16521.56 11320.15   5141.68     66
  6071      0      0       0   6071   6071  16778.83 11603.11   5130.84     69
  6147      0      0       0   6147   6147  16867.43 11731.82   5078.88     66
  5869      0      0       0   5869   5869  17609.81 12252.10   5308.38     77
  5813      0      0       0   5813   5813  17510.98 12116.95   5323.60     56
  6016      0      0       0   6016   6016  17097.91 11897.14   5163.67     70
  6308      0      0       0   6308   6308  16113.54 11095.38   4970.53     65
  5309      0      0       0   5309   5309  19284.93 13365.63   5853.68     82
  5526      0      0       0   5526   5526  19075.80 13386.60   5652.57     69
  6079      0      0       0   6079   6079  17198.86 11947.63   5208.87     88
  5966      0      0       0   5966   5966  17331.99 12039.18   5244.03     59
  5931      0      0       0   5931   5931  17449.06 12154.82   5251.37     71
  5738      0      0       0   5738   5738  17496.82 12055.11   5398.30     76
  5253      0      0       0   5253   5253  19152.86 13128.52   5959.61     62
  6359      0      0       0   6359   6359  15602.12 10670.40   4892.22     67
  6173      0      0       0   6173   6173  16146.84 11054.03   5051.77     69
  5455      0      0       0   5455   5455  19104.34 13350.68   5715.98     59
  5833      0      0       0   5833   5833  17422.63 12042.24   5338.84     74
  5737      0      0       0   5737   5737  17993.70 12505.14   5448.48     73
  6001      0      0       0   6001   6001  16817.66 11597.32   5172.07     80
  5916      0      0       0   5916   5916  17184.47 11878.24   5267.01     66
  5780      0      0       0   5780   5780  18052.28 12576.16   5432.98     66
  5483      0      0       0   5483   5483  18266.47 12506.00   5680.78     77
  5790      0      0       0   5790   5790  17831.95 12406.62   5381.48     81
  5434      0      0       0   5434   5434  19282.75 13489.47   5733.74     88
  5844      0      0       0   5844   5844  17582.50 12190.89   5346.48     80
  5925      0      0       0   5925   5925  17260.02 11947.06   5267.57     67
  5747      0      0       0   5747   5747  17650.29 12181.18   5407.61     56
  6139      0      0       0   6139   6139  16652.03 11549.07   5058.40     69
  6046      0      0       0   6046   6046  16842.76 11610.24   5176.34     67
  6161      0      0       0   6161   6161  16237.79 11141.18   5044.08     74
  5581      0      0       0   5581   5581  18545.38 12914.24   5588.13     88
  5493      0      0       0   5493   5493  19168.98 13415.48   5696.18     87
  5534      0      0       0   5534   5534  18662.67 12963.56   5618.44     86
  5899      0      0       0   5899   5899  17473.98 12127.37   5304.91     70
  5524      0      0       0   5524   5524  18416.41 12684.16   5680.74     74
  5558      0      0       0   5558   5558  18923.77 13242.25   5634.70     64
  5180      0      0       0   5180   5180  19487.46 13414.89   6003.48     52
  5636      0      0       0   5636   5636  18546.85 12980.41   5518.82     80
  5534      0      0       0   5534   5534  18954.42 13226.61   5681.20     75
  6205      0      0       0   6205   6205  16395.93 11328.10   5024.99     70
  6029      0      0       0   6029   6029  17060.36 11853.33   5155.27     72
  5722      0      0       0   5722   5722  18003.38 12515.08   5426.62     64
  6142      0      0       0   6142   6142  16584.88 11476.62   5063.47     88
  5977      0      0       0   5977   5977  17052.39 11761.79   5239.72     70
  6289      0      0       0   6289   6289  16055.93 11079.12   4922.46     88
  5916      0      0       0   5916   5916  17563.04 12228.03   5292.51     67
  5869      0      0       0   5869   5869  17719.33 12370.57   5309.00     69
  5748      0      0       0   5748   5748  18139.01 12667.63   5431.98     70
  6023      0      0       0   6023   6023  17005.29 11802.53   5152.42     88
  6172      0      0       0   6172   6172  16684.68 11576.38   5027.25     69
  5679      0      0       0   5679   5679  18440.94 12876.17   5512.43     70
  5722      0      0       0   5722   5722  17959.67 12470.34   5440.66     88
  5959      0      0       0   5959   5959  17518.90 12210.21   5268.86     71
  5628      0      0       0   5628   5628  18515.75 12955.12   5515.26     88
  6229      0      0       0   6229   6229  16395.83 11327.88   5023.44     66
  6286      0      0       0   6286   6286  16244.85 11233.20   4968.20     72
  5512      0      0       0   5512   5512  18673.93 12955.91   5673.65     78
  6259      0      0       0   6259   6259  16345.01 11328.12   4973.73     65
  5969      0      0       0   5969   5969  16879.61 11590.32   5211.80     66
  6309      0      0       0   6309   6309  16075.48 11072.39   4947.43     86
  6006      0      0       0   6006   6006  17191.07 11936.69   5204.23     78
  5855      0      0       0   5855   5855  18078.18 12572.05   5463.57     72
  5676      0      0       0   5676   5676  18399.51 12842.77   5514.43     79
  5972      0      0       0   5972   5972  17158.55 11901.48   5198.69     74
  6231      0      0       0   6231   6231  16557.60 11491.36   5013.54     58
  5801      0      0       0   5801   5801  17702.97 12273.76   5381.01     72
  5673      0      0       0   5673   5673  18092.35 12542.58   5496.20     62
  5706      0      0       0   5706   5706  18241.31 12732.82   5460.60     76
  5627      0      0       0   5627   5627  18421.88 12850.19   5521.67     88
  6400      0      0       0   6400   6400  15819.42 10885.04   4874.56     73
  5954      0      0       0   5954   5954  16925.99 11655.58   5192.96     72
  5867      0      0       0   5867   5867  16426.92 11125.11   5249.14     76
  6419      0      0       0   6419   6419  15330.14 10412.98   4868.08     76
  6191      0      0       0   6191   6191  16127.12 11038.74   5039.83     66
  6485      0      0       0   6485   6485  15458.65 10605.83   4803.54     69
  5913      0      0       0   5913   5913  17349.69 12011.47   5280.57     68
  6028      0      0       0   6028   6028  14350.16  9281.96   5008.99      8
   360      0      0       0    360    360   5727.42  1187.41   4489.83      0
     0      0      0       0      0      0       NaN      NaN       NaN      0
     0      0      0       0      0      0       NaN      NaN       NaN      0
     0      0      0       0      0      0       NaN      NaN       NaN      0
================================================================================
ALL STATS (timing measures are in microseconds)
WORKER 0:
Type     |Total    |Ops/sec  |Hits/sec |Miss/Sec |Resp Time|Proc Time|Srvr Time
SET      |    16429|   182.54|   182.54|     0.00| 17361.20|  5350.87|  5299.04
GET      |        0|     0.00|     0.00|     0.00|      NaN|      NaN|      NaN
MULTIGET |        0|     0.00|     0.00|     0.00|      NaN|      NaN|      NaN
INVALID  |        0|     0.00|      ---|      ---|      NaN|      NaN|      ---
Average mutliget length: NaN
================================================================================
WORKER 1:
Type     |Total    |Ops/sec  |Hits/sec |Miss/Sec |Resp Time|Proc Time|Srvr Time
SET      |    16365|   181.83|   181.83|     0.00| 17364.99|  5373.01|  5321.14
GET      |        0|     0.00|     0.00|     0.00|      NaN|      NaN|      NaN
MULTIGET |        0|     0.00|     0.00|     0.00|      NaN|      NaN|      NaN
INVALID  |        0|     0.00|      ---|      ---|      NaN|      NaN|      ---
Average mutliget length: NaN
================================================================================
WORKER 2:
Type     |Total    |Ops/sec  |Hits/sec |Miss/Sec |Resp Time|Proc Time|Srvr Time
SET      |    16573|   184.14|   184.14|     0.00| 17377.21|  5307.90|  5252.23
GET      |        0|     0.00|     0.00|     0.00|      NaN|      NaN|      NaN
MULTIGET |        0|     0.00|     0.00|     0.00|      NaN|      NaN|      NaN
INVALID  |        0|     0.00|      ---|      ---|      NaN|      NaN|      ---
Average mutliget length: NaN
================================================================================
WORKER 3:
Type     |Total    |Ops/sec  |Hits/sec |Miss/Sec |Resp Time|Proc Time|Srvr Time
SET      |    16401|   182.23|   182.23|     0.00| 17383.04|  5361.28|  5311.09
GET      |        0|     0.00|     0.00|     0.00|      NaN|      NaN|      NaN
MULTIGET |        0|     0.00|     0.00|     0.00|      NaN|      NaN|      NaN
INVALID  |        0|     0.00|      ---|      ---|      NaN|      NaN|      ---
Average mutliget length: NaN
================================================================================
WORKER 4:
Type     |Total    |Ops/sec  |Hits/sec |Miss/Sec |Resp Time|Proc Time|Srvr Time
SET      |    16441|   182.68|   182.68|     0.00| 17364.33|  5349.73|  5299.92
GET      |        0|     0.00|     0.00|     0.00|      NaN|      NaN|      NaN
MULTIGET |        0|     0.00|     0.00|     0.00|      NaN|      NaN|      NaN
INVALID  |        0|     0.00|      ---|      ---|      NaN|      NaN|      ---
Average mutliget length: NaN
================================================================================
WORKER 5:
Type     |Total    |Ops/sec  |Hits/sec |Miss/Sec |Resp Time|Proc Time|Srvr Time
SET      |    16401|   182.23|   182.23|     0.00| 17378.22|  5363.10|  5309.65
GET      |        0|     0.00|     0.00|     0.00|      NaN|      NaN|      NaN
MULTIGET |        0|     0.00|     0.00|     0.00|      NaN|      NaN|      NaN
INVALID  |        0|     0.00|      ---|      ---|      NaN|      NaN|      ---
Average mutliget length: NaN
================================================================================
WORKER 6:
Type     |Total    |Ops/sec  |Hits/sec |Miss/Sec |Resp Time|Proc Time|Srvr Time
SET      |    16444|   182.71|   182.71|     0.00| 17364.55|  5345.48|  5295.61
GET      |        0|     0.00|     0.00|     0.00|      NaN|      NaN|      NaN
MULTIGET |        0|     0.00|     0.00|     0.00|      NaN|      NaN|      NaN
INVALID  |        0|     0.00|      ---|      ---|      NaN|      NaN|      ---
Average mutliget length: NaN
================================================================================
WORKER 7:
Type     |Total    |Ops/sec  |Hits/sec |Miss/Sec |Resp Time|Proc Time|Srvr Time
SET      |    16424|   182.49|   182.49|     0.00| 17339.41|  5354.55|  5304.73
GET      |        0|     0.00|     0.00|     0.00|      NaN|      NaN|      NaN
MULTIGET |        0|     0.00|     0.00|     0.00|      NaN|      NaN|      NaN
INVALID  |        0|     0.00|      ---|      ---|      NaN|      NaN|      ---
Average mutliget length: NaN
================================================================================
WORKER 8:
Type     |Total    |Ops/sec  |Hits/sec |Miss/Sec |Resp Time|Proc Time|Srvr Time
SET      |    16388|   182.09|   182.09|     0.00| 17388.68|  5363.87|  5314.47
GET      |        0|     0.00|     0.00|     0.00|      NaN|      NaN|      NaN
MULTIGET |        0|     0.00|     0.00|     0.00|      NaN|      NaN|      NaN
INVALID  |        0|     0.00|      ---|      ---|      NaN|      NaN|      ---
Average mutliget length: NaN
================================================================================
WORKER 9:
Type     |Total    |Ops/sec  |Hits/sec |Miss/Sec |Resp Time|Proc Time|Srvr Time
SET      |    16455|   182.83|   182.83|     0.00| 17397.75|  5344.60|  5297.03
GET      |        0|     0.00|     0.00|     0.00|      NaN|      NaN|      NaN
MULTIGET |        0|     0.00|     0.00|     0.00|      NaN|      NaN|      NaN
INVALID  |        0|     0.00|      ---|      ---|      NaN|      NaN|      ---
Average mutliget length: NaN
================================================================================
WORKER 10:
Type     |Total    |Ops/sec  |Hits/sec |Miss/Sec |Resp Time|Proc Time|Srvr Time
SET      |    16397|   182.19|   182.19|     0.00| 17372.95|  5363.72|  5315.52
GET      |        0|     0.00|     0.00|     0.00|      NaN|      NaN|      NaN
MULTIGET |        0|     0.00|     0.00|     0.00|      NaN|      NaN|      NaN
INVALID  |        0|     0.00|      ---|      ---|      NaN|      NaN|      ---
Average mutliget length: NaN
================================================================================
WORKER 11:
Type     |Total    |Ops/sec  |Hits/sec |Miss/Sec |Resp Time|Proc Time|Srvr Time
SET      |    16439|   182.66|   182.66|     0.00| 17386.23|  5349.08|  5301.88
GET      |        0|     0.00|     0.00|     0.00|      NaN|      NaN|      NaN
MULTIGET |        0|     0.00|     0.00|     0.00|      NaN|      NaN|      NaN
INVALID  |        0|     0.00|      ---|      ---|      NaN|      NaN|      ---
Average mutliget length: NaN
================================================================================
WORKER 12:
Type     |Total    |Ops/sec  |Hits/sec |Miss/Sec |Resp Time|Proc Time|Srvr Time
SET      |    16413|   182.37|   182.37|     0.00| 17398.10|  5359.46|  5313.16
GET      |        0|     0.00|     0.00|     0.00|      NaN|      NaN|      NaN
MULTIGET |        0|     0.00|     0.00|     0.00|      NaN|      NaN|      NaN
INVALID  |        0|     0.00|      ---|      ---|      NaN|      NaN|      ---
Average mutliget length: NaN
================================================================================
WORKER 13:
Type     |Total    |Ops/sec  |Hits/sec |Miss/Sec |Resp Time|Proc Time|Srvr Time
SET      |    16452|   182.80|   182.80|     0.00| 17361.26|  5342.77|  5293.68
GET      |        0|     0.00|     0.00|     0.00|      NaN|      NaN|      NaN
MULTIGET |        0|     0.00|     0.00|     0.00|      NaN|      NaN|      NaN
INVALID  |        0|     0.00|      ---|      ---|      NaN|      NaN|      ---
Average mutliget length: NaN
================================================================================
WORKER 14:
Type     |Total    |Ops/sec  |Hits/sec |Miss/Sec |Resp Time|Proc Time|Srvr Time
SET      |    16362|   181.80|   181.80|     0.00| 17339.17|  5375.17|  5318.27
GET      |        0|     0.00|     0.00|     0.00|      NaN|      NaN|      NaN
MULTIGET |        0|     0.00|     0.00|     0.00|      NaN|      NaN|      NaN
INVALID  |        0|     0.00|      ---|      ---|      NaN|      NaN|      ---
Average mutliget length: NaN
================================================================================
WORKER 15:
Type     |Total    |Ops/sec  |Hits/sec |Miss/Sec |Resp Time|Proc Time|Srvr Time
SET      |    16353|   181.70|   181.70|     0.00| 17373.83|  5377.58|  5328.30
GET      |        0|     0.00|     0.00|     0.00|      NaN|      NaN|      NaN
MULTIGET |        0|     0.00|     0.00|     0.00|      NaN|      NaN|      NaN
INVALID  |        0|     0.00|      ---|      ---|      NaN|      NaN|      ---
Average mutliget length: NaN
================================================================================
WORKER 16:
Type     |Total    |Ops/sec  |Hits/sec |Miss/Sec |Resp Time|Proc Time|Srvr Time
SET      |    16398|   182.20|   182.20|     0.00| 17376.15|  5362.98|  5315.87
GET      |        0|     0.00|     0.00|     0.00|      NaN|      NaN|      NaN
MULTIGET |        0|     0.00|     0.00|     0.00|      NaN|      NaN|      NaN
INVALID  |        0|     0.00|      ---|      ---|      NaN|      NaN|      ---
Average mutliget length: NaN
================================================================================
WORKER 17:
Type     |Total    |Ops/sec  |Hits/sec |Miss/Sec |Resp Time|Proc Time|Srvr Time
SET      |    16413|   182.37|   182.37|     0.00| 17375.02|  5358.38|  5302.77
GET      |        0|     0.00|     0.00|     0.00|      NaN|      NaN|      NaN
MULTIGET |        0|     0.00|     0.00|     0.00|      NaN|      NaN|      NaN
INVALID  |        0|     0.00|      ---|      ---|      NaN|      NaN|      ---
Average mutliget length: NaN
================================================================================
WORKER 18:
Type     |Total    |Ops/sec  |Hits/sec |Miss/Sec |Resp Time|Proc Time|Srvr Time
SET      |    16396|   182.18|   182.18|     0.00| 17347.34|  5362.99|  5314.84
GET      |        0|     0.00|     0.00|     0.00|      NaN|      NaN|      NaN
MULTIGET |        0|     0.00|     0.00|     0.00|      NaN|      NaN|      NaN
INVALID  |        0|     0.00|      ---|      ---|      NaN|      NaN|      ---
Average mutliget length: NaN
================================================================================
WORKER 19:
Type     |Total    |Ops/sec  |Hits/sec |Miss/Sec |Resp Time|Proc Time|Srvr Time
SET      |    16471|   183.01|   183.01|     0.00| 17356.52|  5337.89|  5292.56
GET      |        0|     0.00|     0.00|     0.00|      NaN|      NaN|      NaN
MULTIGET |        0|     0.00|     0.00|     0.00|      NaN|      NaN|      NaN
INVALID  |        0|     0.00|      ---|      ---|      NaN|      NaN|      ---
Average mutliget length: NaN
================================================================================
WORKER 20:
Type     |Total    |Ops/sec  |Hits/sec |Miss/Sec |Resp Time|Proc Time|Srvr Time
SET      |    16406|   182.29|   182.29|     0.00| 17357.54|  5359.87|  5310.18
GET      |        0|     0.00|     0.00|     0.00|      NaN|      NaN|      NaN
MULTIGET |        0|     0.00|     0.00|     0.00|      NaN|      NaN|      NaN
INVALID  |        0|     0.00|      ---|      ---|      NaN|      NaN|      ---
Average mutliget length: NaN
================================================================================
WORKER 21:
Type     |Total    |Ops/sec  |Hits/sec |Miss/Sec |Resp Time|Proc Time|Srvr Time
SET      |    16420|   182.44|   182.44|     0.00| 17381.71|  5355.46|  5307.20
GET      |        0|     0.00|     0.00|     0.00|      NaN|      NaN|      NaN
MULTIGET |        0|     0.00|     0.00|     0.00|      NaN|      NaN|      NaN
INVALID  |        0|     0.00|      ---|      ---|      NaN|      NaN|      ---
Average mutliget length: NaN
================================================================================
WORKER 22:
Type     |Total    |Ops/sec  |Hits/sec |Miss/Sec |Resp Time|Proc Time|Srvr Time
SET      |    16440|   182.67|   182.67|     0.00| 17350.35|  5348.63|  5297.95
GET      |        0|     0.00|     0.00|     0.00|      NaN|      NaN|      NaN
MULTIGET |        0|     0.00|     0.00|     0.00|      NaN|      NaN|      NaN
INVALID  |        0|     0.00|      ---|      ---|      NaN|      NaN|      ---
Average mutliget length: NaN
================================================================================
WORKER 23:
Type     |Total    |Ops/sec  |Hits/sec |Miss/Sec |Resp Time|Proc Time|Srvr Time
SET      |    16474|   183.04|   183.04|     0.00| 17394.98|  5337.03|  5283.60
GET      |        0|     0.00|     0.00|     0.00|      NaN|      NaN|      NaN
MULTIGET |        0|     0.00|     0.00|     0.00|      NaN|      NaN|      NaN
INVALID  |        0|     0.00|      ---|      ---|      NaN|      NaN|      ---
Average mutliget length: NaN
================================================================================
WORKER 24:
Type     |Total    |Ops/sec  |Hits/sec |Miss/Sec |Resp Time|Proc Time|Srvr Time
SET      |    16343|   181.59|   181.59|     0.00| 17381.63|  5379.29|  5329.58
GET      |        0|     0.00|     0.00|     0.00|      NaN|      NaN|      NaN
MULTIGET |        0|     0.00|     0.00|     0.00|      NaN|      NaN|      NaN
INVALID  |        0|     0.00|      ---|      ---|      NaN|      NaN|      ---
Average mutliget length: NaN
================================================================================
WORKER 25:
Type     |Total    |Ops/sec  |Hits/sec |Miss/Sec |Resp Time|Proc Time|Srvr Time
SET      |    16326|   181.40|   181.40|     0.00| 17386.27|  5388.04|  5334.57
GET      |        0|     0.00|     0.00|     0.00|      NaN|      NaN|      NaN
MULTIGET |        0|     0.00|     0.00|     0.00|      NaN|      NaN|      NaN
INVALID  |        0|     0.00|      ---|      ---|      NaN|      NaN|      ---
Average mutliget length: NaN
================================================================================
WORKER 26:
Type     |Total    |Ops/sec  |Hits/sec |Miss/Sec |Resp Time|Proc Time|Srvr Time
SET      |    16417|   182.41|   182.41|     0.00| 17381.10|  5355.01|  5306.37
GET      |        0|     0.00|     0.00|     0.00|      NaN|      NaN|      NaN
MULTIGET |        0|     0.00|     0.00|     0.00|      NaN|      NaN|      NaN
INVALID  |        0|     0.00|      ---|      ---|      NaN|      NaN|      ---
Average mutliget length: NaN
================================================================================
WORKER 27:
Type     |Total    |Ops/sec  |Hits/sec |Miss/Sec |Resp Time|Proc Time|Srvr Time
SET      |    16396|   182.18|   182.18|     0.00| 17371.07|  5364.59|  5309.97
GET      |        0|     0.00|     0.00|     0.00|      NaN|      NaN|      NaN
MULTIGET |        0|     0.00|     0.00|     0.00|      NaN|      NaN|      NaN
INVALID  |        0|     0.00|      ---|      ---|      NaN|      NaN|      ---
Average mutliget length: NaN
================================================================================
WORKER 28:
Type     |Total    |Ops/sec  |Hits/sec |Miss/Sec |Resp Time|Proc Time|Srvr Time
SET      |    16347|   181.63|   181.63|     0.00| 17395.29|  5379.96|  5330.20
GET      |        0|     0.00|     0.00|     0.00|      NaN|      NaN|      NaN
MULTIGET |        0|     0.00|     0.00|     0.00|      NaN|      NaN|      NaN
INVALID  |        0|     0.00|      ---|      ---|      NaN|      NaN|      ---
Average mutliget length: NaN
================================================================================
WORKER 29:
Type     |Total    |Ops/sec  |Hits/sec |Miss/Sec |Resp Time|Proc Time|Srvr Time
SET      |    16354|   181.71|   181.71|     0.00| 17391.98|  5377.26|  5323.12
GET      |        0|     0.00|     0.00|     0.00|      NaN|      NaN|      NaN
MULTIGET |        0|     0.00|     0.00|     0.00|      NaN|      NaN|      NaN
INVALID  |        0|     0.00|      ---|      ---|      NaN|      NaN|      ---
Average mutliget length: NaN
================================================================================
WORKER 30:
Type     |Total    |Ops/sec  |Hits/sec |Miss/Sec |Resp Time|Proc Time|Srvr Time
SET      |    16434|   182.60|   182.60|     0.00| 17379.30|  5351.04|  5302.29
GET      |        0|     0.00|     0.00|     0.00|      NaN|      NaN|      NaN
MULTIGET |        0|     0.00|     0.00|     0.00|      NaN|      NaN|      NaN
INVALID  |        0|     0.00|      ---|      ---|      NaN|      NaN|      ---
Average mutliget length: NaN
================================================================================
WORKER 31:
Type     |Total    |Ops/sec  |Hits/sec |Miss/Sec |Resp Time|Proc Time|Srvr Time
SET      |    16414|   182.38|   182.38|     0.00| 17382.22|  5358.25|  5306.07
GET      |        0|     0.00|     0.00|     0.00|      NaN|      NaN|      NaN
MULTIGET |        0|     0.00|     0.00|     0.00|      NaN|      NaN|      NaN
INVALID  |        0|     0.00|      ---|      ---|      NaN|      NaN|      ---
Average mutliget length: NaN
================================================================================
================================================================================

AGGREGATE FOR ALL WORKERS:
Type     |Total    |Ops/sec  |Hits/sec |Miss/Sec |Resp Time|Proc Time|Srvr Time
SET      |   525186|  5835.40|  5835.40|     0.00| 17373.73|  5358.04|  5307.55
GET      |        0|     0.00|     0.00|     0.00|      NaN|      NaN|      NaN
MULTIGET |        0|     0.00|     0.00|     0.00|      NaN|      NaN|      NaN
INVALID  |        0|     0.00|      ---|      ---|      NaN|      NaN|      ---
Average mutliget length: NaN


 HISTOGRAM
  Response time (ms)   Percent
                 0.1      0.00%
                 0.2      0.00%
                 0.3      0.00%
                 0.4      0.00%
                 0.5      0.00%
                 0.6      0.00%
                 0.7      0.00%
                 0.8      0.00%
                 0.9      0.00%
                 1.0      0.00%
                 1.1      0.00%
                 1.2      0.00%
                 1.3      0.00%
                 1.4      0.00%
                 1.5      0.00%
                 1.6      0.00%
                 1.7      0.00%
                 1.8      0.00%
                 1.9      0.00%
                 2.0      0.00%
                 2.1      0.00%
                 2.2      0.00%
                 2.3      0.00%
                 2.4      0.01%
                 2.5      0.01%
                 2.6      0.01%
                 2.7      0.01%
                 2.8      0.02%
                 2.9      0.03%
                 3.0      0.04%
                 3.1      0.05%
                 3.2      0.05%
                 3.3      0.06%
                 3.4      0.07%
                 3.5      0.08%
                 3.6      0.09%
                 3.7      0.10%
                 3.8      0.11%
                 3.9      0.11%
                 4.0      0.12%
                 4.1      0.13%
                 4.2      0.13%
                 4.3      0.14%
                 4.4      0.15%
                 4.5      0.16%
                 4.6      0.16%
                 4.7      0.17%
                 4.8      0.18%
                 4.9      0.18%
                 5.0      0.19%
                 5.1      0.19%
                 5.2      0.20%
                 5.3      0.20%
                 5.4      0.21%
                 5.5      0.22%
                 5.6      0.22%
                 5.7      0.23%
                 5.8      0.24%
                 5.9      0.24%
                 6.0      0.25%
                 6.1      0.26%
                 6.2      0.27%
                 6.3      0.28%
                 6.4      0.29%
                 6.5      0.30%
                 6.6      0.31%
                 6.7      0.33%
                 6.8      0.34%
                 6.9      0.35%
                 7.0      0.37%
                 7.1      0.38%
                 7.2      0.40%
                 7.3      0.41%
                 7.4      0.43%
                 7.5      0.44%
                 7.6      0.46%
                 7.7      0.48%
                 7.8      0.50%
                 7.9      0.52%
                 8.0      0.55%
                 8.1      0.57%
                 8.2      0.60%
                 8.3      0.64%
                 8.4      0.66%
                 8.5      0.69%
                 8.6      0.73%
                 8.7      0.76%
                 8.8      0.80%
                 8.9      0.84%
                 9.0      0.89%
                 9.1      0.94%
                 9.2      0.99%
                 9.3      1.05%
                 9.4      1.10%
                 9.5      1.16%
                 9.6      1.23%
                 9.7      1.32%
                 9.8      1.40%
                 9.9      1.50%
                10.0      1.61%
                10.1      1.72%
                10.2      1.83%
                10.3      1.96%
                10.4      2.10%
                10.5      2.28%
                10.6      2.44%
                10.7      2.60%
                10.8      2.77%
                10.9      2.96%
                11.0      3.16%
                11.1      3.37%
                11.2      3.60%
                11.3      3.85%
                11.4      4.11%
                11.5      4.40%
                11.6      4.69%
                11.7      4.99%
                11.8      5.33%
                11.9      5.67%
                12.0      6.04%
                12.1      6.44%
                12.2      6.87%
                12.3      7.34%
                12.4      7.82%
                12.5      8.33%
                12.6      8.90%
                12.7      9.51%
                12.8     10.13%
                12.9     10.78%
                13.0     11.46%
                13.1     12.18%
                13.2     12.94%
                13.3     13.71%
                13.4     14.51%
                13.5     15.29%
                13.6     16.12%
                13.7     16.97%
                13.8     17.79%
                13.9     18.66%
                14.0     19.54%
                14.1     20.40%
                14.2     21.26%
                14.3     22.12%
                14.4     22.98%
                14.5     23.81%
                14.6     24.67%
                14.7     25.54%
                14.8     26.46%
                14.9     27.35%
                15.0     28.24%
                15.1     29.11%
                15.2     29.99%
                15.3     30.93%
                15.4     31.86%
                15.5     32.84%
                15.6     33.87%
                15.7     34.89%
                15.8     35.92%
                15.9     37.00%
                16.0     38.09%
                16.1     39.22%
                16.2     40.39%
                16.3     41.58%
                16.4     42.82%
                16.5     44.08%
                16.6     45.40%
                16.7     46.68%
                16.8     48.01%
                16.9     49.33%
                17.0     50.66%
                17.1     51.93%
                17.2     53.25%
                17.3     54.54%
                17.4     55.81%
                17.5     57.03%
                17.6     58.23%
                17.7     59.37%
                17.8     60.50%
                17.9     61.63%
                18.0     62.67%
                18.1     63.63%
                18.2     64.59%
                18.3     65.52%
                18.4     66.40%
                18.5     67.27%
                18.6     68.09%
                18.7     68.85%
                18.8     69.60%
                18.9     70.30%
                19.0     70.99%
                19.1     71.63%
                19.2     72.23%
                19.3     72.81%
                19.4     73.38%
                19.5     73.92%
                19.6     74.46%
                19.7     74.99%
                19.8     75.47%
                19.9     75.93%
                20.0     76.39%
                20.1     76.86%
                20.2     77.29%
                20.3     77.70%
                20.4     78.14%
                20.5     78.60%
                20.6     79.06%
                20.7     79.51%
                20.8     79.95%
                20.9     80.38%
                21.0     80.81%
                21.1     81.27%
                21.2     81.71%
                21.3     82.17%
                21.4     82.62%
                21.5     83.09%
                21.6     83.55%
                21.7     84.03%
                21.8     84.49%
                21.9     84.97%
                22.0     85.45%
                22.1     85.94%
                22.2     86.41%
                22.3     86.90%
                22.4     87.40%
                22.5     87.91%
                22.6     88.42%
                22.7     88.95%
                22.8     89.44%
                22.9     89.92%
                23.0     90.40%
                23.1     90.89%
                23.2     91.38%
                23.3     91.83%
                23.4     92.27%
                23.5     92.71%
                23.6     93.13%
                23.7     93.55%
                23.8     93.93%
                23.9     94.31%
                24.0     94.65%
                24.1     94.97%
                24.2     95.27%
                24.3     95.57%
                24.4     95.84%
                24.5     96.10%
                24.6     96.34%
                24.7     96.55%
                24.8     96.77%
                24.9     96.97%
                25.0     97.13%
                25.1     97.29%
                25.2     97.44%
                25.3     97.59%
                25.4     97.73%
                25.5     97.84%
                25.6     97.95%
                25.7     98.05%
                25.8     98.15%
                25.9     98.24%
                26.0     98.32%
                26.1     98.40%
                26.2     98.47%
                26.3     98.54%
                26.4     98.60%
                26.5     98.66%
                26.6     98.72%
                26.7     98.77%
                26.8     98.82%
                26.9     98.87%
                27.0     98.91%
                27.1     98.95%
                27.2     98.99%
                27.3     99.03%
                27.4     99.07%
                27.5     99.10%
                27.6     99.13%
                27.7     99.16%
                27.8     99.19%
                27.9     99.22%
                28.0     99.24%
                28.1     99.27%
                28.2     99.29%
                28.3     99.31%
                28.4     99.33%
                28.5     99.35%
                28.6     99.37%
                28.7     99.39%
                28.8     99.41%
                28.9     99.43%
                29.0     99.45%
                29.1     99.46%
                29.2     99.48%
                29.3     99.49%
                29.4     99.50%
                29.5     99.52%
                29.6     99.53%
                29.7     99.54%
                29.8     99.56%
                29.9     99.57%
                30.0     99.58%
                30.1     99.59%
                30.2     99.60%
                30.3     99.61%
                30.4     99.62%
                30.5     99.63%
                30.6     99.63%
                30.7     99.65%
                30.8     99.65%
                30.9     99.66%
                31.0     99.67%
                31.1     99.67%
                31.2     99.68%
                31.3     99.69%
                31.4     99.69%
                31.5     99.69%
                31.6     99.70%
                31.7     99.70%
                31.8     99.70%
                31.9     99.71%
                32.0     99.71%
                32.1     99.71%
                32.2     99.72%
                32.3     99.72%
                32.4     99.72%
                32.5     99.73%
                32.6     99.73%
                32.7     99.73%
                32.8     99.74%
                32.9     99.74%
                33.0     99.74%
                33.1     99.75%
                33.2     99.75%
                33.3     99.75%
                33.4     99.76%
                33.5     99.76%
                33.6     99.76%
                33.7     99.77%
                33.8     99.77%
                33.9     99.77%
                34.0     99.78%
                34.1     99.78%
                34.2     99.78%
                34.3     99.79%
                34.4     99.79%
                34.5     99.79%
                34.6     99.80%
                34.7     99.80%
                34.8     99.80%
                34.9     99.81%
                35.0     99.81%
                35.1     99.82%
                35.2     99.82%
                35.3     99.82%
                35.4     99.83%
                35.5     99.83%
                35.6     99.84%
                35.7     99.84%
                35.8     99.84%
                35.9     99.85%
                36.0     99.85%
                36.1     99.85%
                36.2     99.86%
                36.3     99.86%
                36.4     99.86%
                36.5     99.86%
                36.6     99.87%
                36.7     99.87%
                36.8     99.87%
                36.9     99.88%
                37.0     99.88%
                37.1     99.88%
                37.2     99.88%
                37.3     99.88%
                37.4     99.89%
                37.5     99.89%
                37.6     99.89%
                37.7     99.89%
                37.8     99.89%
                37.9     99.89%
                38.0     99.90%
                38.1     99.90%
                38.2     99.90%
                38.3     99.90%
                38.4     99.91%
                38.5     99.91%
                38.6     99.91%
                38.7     99.91%
                38.8     99.91%
                38.9     99.91%
                39.0     99.92%
                39.1     99.92%
                39.2     99.92%
                39.3     99.92%
                39.4     99.92%
                39.5     99.92%
                39.6     99.92%
                39.7     99.92%
                39.8     99.92%
                39.9     99.93%
                40.0     99.93%
                40.1     99.93%
                40.2     99.93%
                40.3     99.93%
                40.4     99.93%
                40.5     99.93%
                40.6     99.93%
                40.7     99.93%
                40.8     99.93%
                40.9     99.93%
                41.0     99.93%
                41.1     99.93%
                41.2     99.93%
                41.3     99.93%
                41.4     99.93%
                41.5     99.93%
                41.6     99.93%
                41.7     99.93%
                41.8     99.93%
                41.9     99.93%
                42.0     99.93%
                42.1     99.93%
                42.2     99.93%
                42.3     99.93%
                42.4     99.93%
                42.5     99.93%
                42.6     99.94%
                42.7     99.94%
                42.8     99.94%
                42.9     99.94%
                43.0     99.94%
                43.1     99.94%
                43.2     99.94%
                43.3     99.94%
                43.4     99.94%
                43.5     99.94%
                43.6     99.94%
                43.7     99.94%
                43.8     99.94%
                43.9     99.94%
                44.0     99.94%
                44.1     99.94%
                44.2     99.94%
                44.3     99.94%
                44.4     99.94%
                44.5     99.94%
                44.6     99.94%
                44.7     99.94%
                44.8     99.95%
                44.9     99.95%
                45.0     99.95%
                45.1     99.95%
                45.2     99.95%
                45.3     99.95%
                45.4     99.95%
                45.5     99.95%
                45.6     99.95%
                45.7     99.95%
                45.8     99.95%
                45.9     99.95%
                46.0     99.95%
                46.1     99.95%
                46.2     99.95%
                46.3     99.96%
                46.4     99.96%
                46.5     99.96%
                46.6     99.96%
                46.7     99.96%
                46.8     99.96%
                46.9     99.96%
                47.0     99.96%
                47.1     99.97%
                47.2     99.97%
                47.3     99.97%
                47.4     99.97%
                47.5     99.97%
                47.6     99.97%
                47.7     99.98%
                47.8     99.98%
                47.9     99.98%
                48.0     99.98%
                48.1     99.98%
                48.2     99.98%
                48.3     99.98%
                48.4     99.98%
                48.5     99.98%
                48.6     99.98%
                48.7     99.98%
                48.8     99.98%
                48.9     99.98%
                49.0     99.98%
                49.1     99.98%
                49.2     99.98%
                49.3     99.98%
                49.4     99.98%
                49.5     99.98%
                49.6     99.98%
                49.7     99.98%
                49.8     99.98%
                49.9     99.98%
                50.0     99.98%
                50.1     99.98%
                50.2     99.98%
                50.3     99.98%
                50.4     99.98%
                50.5     99.98%
                50.6     99.98%
                50.7     99.98%
                50.8     99.98%
                50.9     99.98%
                51.0     99.98%
                51.1     99.98%
                51.2     99.98%
                51.3     99.98%
                51.4     99.98%
                51.5     99.98%
                51.6     99.98%
                51.7     99.98%
                51.8     99.98%
                51.9     99.98%
                52.0     99.98%
                52.1     99.98%
                52.2     99.98%
                52.3     99.98%
                52.4     99.98%
                52.5     99.98%
                52.6     99.98%
                52.7     99.98%
                52.8     99.98%
                52.9     99.98%
                53.0     99.98%
                53.1     99.98%
                53.2     99.98%
                53.3     99.98%
                53.4     99.98%
                53.5     99.98%
                53.6     99.98%
                53.7     99.98%
                53.8     99.98%
                53.9     99.98%
                54.0     99.98%
                54.1     99.98%
                54.2     99.98%
                54.3     99.98%
                54.4     99.98%
                54.5     99.98%
                54.6     99.98%
                54.7     99.98%
                54.8     99.98%
                54.9     99.98%
                55.0     99.98%
                55.1     99.98%
                55.2     99.98%
                55.3     99.98%
                55.4     99.98%
                55.5     99.98%
                55.6     99.98%
                55.7     99.98%
                55.8     99.98%
                55.9     99.98%
                56.0     99.98%
                56.1     99.98%
                56.2     99.98%
                56.3     99.98%
                56.4     99.98%
                56.5     99.98%
                56.6     99.98%
                56.7     99.98%
                56.8     99.98%
                56.9     99.98%
                57.0     99.98%
                57.1     99.98%
                57.2     99.98%
                57.3     99.98%
                57.4     99.98%
                57.5     99.98%
                57.6     99.98%
                57.7     99.98%
                57.8     99.98%
                57.9     99.98%
                58.0     99.98%
                58.1     99.98%
                58.2     99.98%
                58.3     99.98%
                58.4     99.98%
                58.5     99.98%
                58.6     99.98%
                58.7     99.98%
                58.8     99.98%
                58.9     99.98%
                59.0     99.98%
                59.1     99.98%
                59.2     99.98%
                59.3     99.98%
                59.4     99.98%
                59.5     99.98%
                59.6     99.98%
                59.7     99.98%
                59.8     99.98%
                59.9     99.98%
                60.0     99.98%
                60.1     99.98%
                60.2     99.98%
                60.3     99.98%
                60.4     99.98%
                60.5     99.98%
                60.6     99.98%
                60.7     99.98%
                60.8     99.98%
                60.9     99.98%
                61.0     99.98%
                61.1     99.98%
                61.2     99.98%
                61.3     99.98%
                61.4     99.98%
                61.5     99.98%
                61.6     99.98%
                61.7     99.98%
                61.8     99.98%
                61.9     99.98%
                62.0     99.98%
                62.1     99.98%
                62.2     99.98%
                62.3     99.98%
                62.4     99.98%
                62.5     99.98%
                62.6     99.98%
                62.7     99.98%
                62.8     99.98%
                62.9     99.98%
                63.0     99.98%
                63.1     99.98%
                63.2     99.98%
                63.3     99.98%
                63.4     99.98%
                63.5     99.98%
                63.6     99.98%
                63.7     99.98%
                63.8     99.98%
                63.9     99.98%
                64.0     99.98%
                64.1     99.98%
                64.2     99.98%
                64.3     99.98%
                64.4     99.98%
                64.5     99.98%
                64.6     99.98%
                64.7     99.98%
                64.8     99.98%
                64.9     99.98%
                65.0     99.98%
                65.1     99.98%
                65.2     99.98%
                65.3     99.98%
                65.4     99.98%
                65.5     99.98%
                65.6     99.98%
                65.7     99.98%
                65.8     99.98%
                65.9     99.98%
                66.0     99.98%
                66.1     99.98%
                66.2     99.98%
                66.3     99.98%
                66.4     99.98%
                66.5     99.98%
                66.6     99.98%
                66.7     99.98%
                66.8     99.98%
                66.9     99.98%
                67.0     99.98%
                67.1     99.98%
                67.2     99.98%
                67.3     99.98%
                67.4     99.98%
                67.5     99.98%
                67.6     99.98%
                67.7     99.98%
                67.8     99.98%
                67.9     99.98%
                68.0     99.98%
                68.1     99.98%
                68.2     99.98%
                68.3     99.98%
                68.4     99.98%
                68.5     99.98%
                68.6     99.98%
                68.7     99.98%
                68.8     99.98%
                68.9     99.98%
                69.0     99.98%
                69.1     99.98%
                69.2     99.98%
                69.3     99.98%
                69.4     99.98%
                69.5     99.98%
                69.6     99.98%
                69.7     99.98%
                69.8     99.98%
                69.9     99.98%
                70.0     99.98%
                70.1     99.98%
                70.2     99.98%
                70.3     99.98%
                70.4     99.98%
                70.5     99.98%
                70.6     99.98%
                70.7     99.98%
                70.8     99.98%
                70.9     99.98%
                71.0     99.98%
                71.1     99.98%
                71.2     99.98%
                71.3     99.98%
                71.4     99.98%
                71.5     99.98%
                71.6     99.98%
                71.7     99.98%
                71.8     99.98%
                71.9     99.98%
                72.0     99.98%
                72.1     99.98%
                72.2     99.98%
                72.3     99.98%
                72.4     99.98%
                72.5     99.98%
                72.6     99.98%
                72.7     99.98%
                72.8     99.98%
                72.9     99.98%
                73.0     99.98%
                73.1     99.98%
                73.2     99.98%
                73.3     99.98%
                73.4     99.98%
                73.5     99.98%
                73.6     99.98%
                73.7     99.98%
                73.8     99.98%
                73.9     99.98%
                74.0     99.98%
                74.1     99.98%
                74.2     99.98%
                74.3     99.98%
                74.4     99.98%
                74.5     99.98%
                74.6     99.98%
                74.7     99.98%
                74.8     99.98%
                74.9     99.98%
                75.0     99.98%
                75.1     99.98%
                75.2     99.98%
                75.3     99.98%
                75.4     99.98%
                75.5     99.98%
                75.6     99.98%
                75.7     99.98%
                75.8     99.98%
                75.9     99.98%
                76.0     99.98%
                76.1     99.98%
                76.2     99.98%
                76.3     99.98%
                76.4     99.98%
                76.5     99.98%
                76.6     99.98%
                76.7     99.98%
                76.8     99.98%
                76.9     99.98%
                77.0     99.98%
                77.1     99.98%
                77.2     99.98%
                77.3     99.98%
                77.4     99.98%
                77.5     99.98%
                77.6     99.98%
                77.7     99.98%
                77.8     99.98%
                77.9     99.98%
                78.0     99.98%
                78.1     99.98%
                78.2     99.98%
                78.3     99.98%
                78.4     99.98%
                78.5     99.98%
                78.6     99.98%
                78.7     99.98%
                78.8     99.98%
                78.9     99.98%
                79.0     99.98%
                79.1     99.98%
                79.2     99.98%
                79.3     99.98%
                79.4     99.98%
                79.5     99.98%
                79.6     99.98%
                79.7     99.98%
                79.8     99.98%
                79.9     99.98%
                80.0     99.98%
                80.1     99.98%
                80.2     99.98%
                80.3     99.98%
                80.4     99.98%
                80.5     99.98%
                80.6     99.98%
                80.7     99.98%
                80.8     99.98%
                80.9     99.98%
                81.0     99.98%
                81.1     99.98%
                81.2     99.98%
                81.3     99.98%
                81.4     99.98%
                81.5     99.98%
                81.6     99.98%
                81.7     99.98%
                81.8     99.98%
                81.9     99.98%
                82.0     99.98%
                82.1     99.98%
                82.2     99.98%
                82.3     99.98%
                82.4     99.98%
                82.5     99.98%
                82.6     99.98%
                82.7     99.98%
                82.8     99.98%
                82.9     99.98%
                83.0     99.98%
                83.1     99.98%
                83.2     99.98%
                83.3     99.98%
                83.4     99.98%
                83.5     99.98%
                83.6     99.98%
                83.7     99.98%
                83.8     99.98%
                83.9     99.98%
                84.0     99.98%
                84.1     99.98%
                84.2     99.98%
                84.3     99.98%
                84.4     99.98%
                84.5     99.98%
                84.6     99.98%
                84.7     99.98%
                84.8     99.98%
                84.9     99.98%
                85.0     99.98%
                85.1     99.98%
                85.2     99.98%
                85.3     99.98%
                85.4     99.98%
                85.5     99.98%
                85.6     99.98%
                85.7     99.98%
                85.8     99.98%
                85.9     99.98%
                86.0     99.98%
                86.1     99.98%
                86.2     99.98%
                86.3     99.98%
                86.4     99.98%
                86.5     99.98%
                86.6     99.98%
                86.7     99.98%
                86.8     99.98%
                86.9     99.98%
                87.0     99.98%
                87.1     99.98%
                87.2     99.98%
                87.3     99.98%
                87.4     99.98%
                87.5     99.98%
                87.6     99.98%
                87.7     99.98%
                87.8     99.98%
                87.9     99.98%
                88.0     99.98%
                88.1     99.98%
                88.2     99.98%
                88.3     99.98%
                88.4     99.98%
                88.5     99.98%
                88.6     99.98%
                88.7     99.98%
                88.8     99.98%
                88.9     99.98%
                89.0     99.98%
                89.1     99.98%
                89.2     99.98%
                89.3     99.98%
                89.4     99.98%
                89.5     99.98%
                89.6     99.98%
                89.7     99.98%
                89.8     99.98%
                89.9     99.98%
                90.0     99.98%
                90.1     99.98%
                90.2     99.98%
                90.3     99.98%
                90.4     99.98%
                90.5     99.98%
                90.6     99.98%
                90.7     99.98%
                90.8     99.98%
                90.9     99.98%
                91.0     99.98%
                91.1     99.98%
                91.2     99.98%
                91.3     99.98%
                91.4     99.98%
                91.5     99.98%
                91.6     99.98%
                91.7     99.98%
                91.8     99.98%
                91.9     99.98%
                92.0     99.98%
                92.1     99.98%
                92.2     99.98%
                92.3     99.98%
                92.4     99.98%
                92.5     99.98%
                92.6     99.98%
                92.7     99.98%
                92.8     99.98%
                92.9     99.98%
                93.0     99.98%
                93.1     99.98%
                93.2     99.98%
                93.3     99.98%
                93.4     99.98%
                93.5     99.98%
                93.6     99.98%
                93.7     99.98%
                93.8     99.98%
                93.9     99.98%
                94.0     99.98%
                94.1     99.98%
                94.2     99.98%
                94.3     99.98%
                94.4     99.98%
                94.5     99.98%
                94.6     99.98%
                94.7     99.98%
                94.8     99.98%
                94.9     99.98%
                95.0     99.98%
                95.1     99.98%
                95.2     99.98%
                95.3     99.98%
                95.4     99.98%
                95.5     99.98%
                95.6     99.98%
                95.7     99.98%
                95.8     99.98%
                95.9     99.98%
                96.0     99.98%
                96.1     99.98%
                96.2     99.98%
                96.3     99.98%
                96.4     99.98%
                96.5     99.98%
                96.6     99.98%
                96.7     99.98%
                96.8     99.98%
                96.9     99.98%
                97.0     99.98%
                97.1     99.98%
                97.2     99.98%
                97.3     99.98%
                97.4     99.98%
                97.5     99.98%
                97.6     99.98%
                97.7     99.98%
                97.8     99.98%
                97.9     99.98%
                98.0     99.98%
                98.1     99.98%
                98.2     99.98%
                98.3     99.98%
                98.4     99.98%
                98.5     99.98%
                98.6     99.98%
                98.7     99.98%
                98.8     99.98%
                98.9     99.98%
                99.0     99.98%
                99.1     99.98%
                99.2     99.98%
                99.3     99.98%
                99.4     99.98%
                99.5     99.98%
                99.6     99.98%
                99.7     99.98%
                99.8     99.98%
                99.9     99.98%
               100.0     99.98%
               100.1     99.98%
               100.2     99.98%
               100.3     99.98%
               100.4     99.98%
               100.5     99.98%
               100.6     99.98%
               100.7     99.98%
               100.8     99.98%
               100.9     99.98%
               101.0     99.98%
               101.1     99.98%
               101.2     99.98%
               101.3     99.98%
               101.4     99.98%
               101.5     99.98%
               101.6     99.98%
               101.7     99.98%
               101.8     99.98%
               101.9     99.98%
               102.0     99.98%
               102.1     99.98%
               102.2     99.98%
               102.3     99.98%
               102.4     99.98%
               102.5     99.98%
               102.6     99.99%
               102.7     99.99%
               102.8     99.99%
               102.9     99.99%
               103.0     99.99%
               103.1     99.99%
               103.2     99.99%
               103.3     99.99%
               103.4     99.99%
               103.5     99.99%
               103.6     99.99%
               103.7     99.99%
               103.8     99.99%
               103.9     99.99%
               104.0     99.99%
               104.1     99.99%
               104.2     99.99%
               104.3     99.99%
               104.4     99.99%
               104.5     99.99%
               104.6     99.99%
               104.7     99.99%
               104.8     99.99%
               104.9     99.99%
               105.0     99.99%
               105.1     99.99%
               105.2     99.99%
               105.3     99.99%
               105.4     99.99%
               105.5     99.99%
               105.6     99.99%
               105.7     99.99%
               105.8     99.99%
               105.9     99.99%
               106.0     99.99%
               106.1     99.99%
               106.2     99.99%
               106.3     99.99%
               106.4     99.99%
               106.5    100.00%
               106.6    100.00%
               106.7    100.00%
               106.8    100.00%
               106.9    100.00%
               107.0    100.00%
               107.1    100.00%
               107.2    100.00%
               107.3    100.00%
               107.4    100.00%
               107.5    100.00%
               107.6    100.00%
               107.7    100.00%
               107.8    100.00%
               107.9    100.00%
               108.0    100.00%
               108.1    100.00%
               108.2    100.00%
               108.3    100.00%
               108.4    100.00%
               108.5    100.00%
               108.6    100.00%
               108.7    100.00%
               108.8    100.00%
               108.9    100.00%
               109.0    100.00%
               109.1    100.00%
               109.2    100.00%
               109.3    100.00%
               109.4    100.00%
               109.5    100.00%
               109.6    100.00%
               109.7    100.00%
               109.8    100.00%
               109.9    100.00%
               110.0    100.00%
               110.1    100.00%
               110.2    100.00%
               110.3    100.00%
               110.4    100.00%
               110.5    100.00%
               110.6    100.00%
               110.7    100.00%
               110.8    100.00%
               110.9    100.00%
               111.0    100.00%
               111.1    100.00%
               111.2    100.00%
               111.3    100.00%
               111.4    100.00%
               111.5    100.00%
               111.6    100.00%
               111.7    100.00%
               111.8    100.00%
               111.9    100.00%
               112.0    100.00%
               112.1    100.00%
               112.2    100.00%
               112.3    100.00%
               112.4    100.00%
               112.5    100.00%
               112.6    100.00%
               112.7    100.00%
               112.8    100.00%
               112.9    100.00%
               113.0    100.00%
               113.1    100.00%
               113.2    100.00%
               113.3    100.00%
               113.4    100.00%
               113.5    100.00%
               113.6    100.00%
               113.7    100.00%
               113.8    100.00%
               113.9    100.00%
               114.0    100.00%
               114.1    100.00%
               114.2    100.00%
               114.3    100.00%
               114.4    100.00%
               114.5    100.00%
               114.6    100.00%
               114.7    100.00%
               114.8    100.00%
               114.9    100.00%
               115.0    100.00%
               115.1    100.00%
               115.2    100.00%
               115.3    100.00%
               115.4    100.00%
               115.5    100.00%
               115.6    100.00%
               115.7    100.00%
               115.8    100.00%
               115.9    100.00%
               116.0    100.00%
               116.1    100.00%
               116.2    100.00%
               116.3    100.00%
               116.4    100.00%
               116.5    100.00%
               116.6    100.00%
               116.7    100.00%
               116.8    100.00%
               116.9    100.00%
               117.0    100.00%
               117.1    100.00%
               117.2    100.00%
               117.3    100.00%
               117.4    100.00%
               117.5    100.00%
               117.6    100.00%
               117.7    100.00%
               117.8    100.00%
               117.9    100.00%
               118.0    100.00%
               118.1    100.00%
               118.2    100.00%
               118.3    100.00%
               118.4    100.00%
               118.5    100.00%
               118.6    100.00%
               118.7    100.00%

