Threads: 8, Sharded reads: false, Number of Memcached servers: 3.

All measures in microseconds.
  SETS   GETS  MGETS   INVLD    TOT   HITS     RSP T      Q T     SVR T  Q LEN
 25093      0      0       0  25093  25093  23574.38 21017.23   2530.46     67
  3317      0      0       0   3317   3317  22412.58 20031.48   2355.25     70
  3193      0      0       0   3193   3193  23249.03 20781.60   2445.74     62
  3253      0      0       0   3253   3253  22745.77 20329.50   2388.31     70
  3221      0      0       0   3221   3221  22996.60 20556.13   2419.36     70
  3238      0      0       0   3238   3238  22961.50 20526.03   2414.57     62
  2781      0      0       0   2781   2781  26071.07 23251.59   2733.70     70
  1621      0      0       0   1621   1621  43789.33 38950.80   4820.09     62
  2462      0      0       0   2462   2462  29806.12 26589.86   3194.50     62
  3326      0      0       0   3326   3326  22236.89 19876.18   2339.94     68
  3293      0      0       0   3293   3293  22490.69 20101.89   2370.20     70
  3184      0      0       0   3184   3184  23336.85 20861.86   2455.40     64
  3222      0      0       0   3222   3222  22912.68 20473.99   2418.78     70
  3104      0      0       0   3104   3104  23679.90 21142.13   2513.37     62
  1518      0      0       0   1518   1518  46853.70 41682.78   5147.77     70
  3159      0      0       0   3159   3159  24065.16 21536.76   2506.27     62
  3303      0      0       0   3303   3303  22436.30 20053.51   2363.11     70
  3136      0      0       0   3136   3136  23635.11 21126.76   2485.96     66
  3347      0      0       0   3347   3347  22170.20 19810.06   2342.51     70
  2029      0      0       0   2029   2029  35607.29 31711.27   3874.09     64
  3246      0      0       0   3246   3246  22808.68 20384.39   2406.74     70
  3263      0      0       0   3263   3263  22757.20 20333.63   2404.11     66
  3314      0      0       0   3314   3314  22430.26 20044.35   2367.75     70
  3235      0      0       0   3235   3235  22894.21 20465.92   2407.48     64
  3310      0      0       0   3310   3310  22386.67 20009.24   2359.66     68
  3266      0      0       0   3266   3266  22582.21 20172.65   2392.17     69
  3163      0      0       0   3163   3163  23417.07 20931.31   2466.40     70
  3225      0      0       0   3225   3225  22961.35 20519.26   2421.63     70
  2303      0      0       0   2303   2303  31546.25 28129.27   3395.25     65
  3368      0      0       0   3368   3368  22001.07 19655.03   2326.09     67
  3257      0      0       0   3257   3257  22620.12 20202.91   2389.26     62
  3341      0      0       0   3341   3341  22225.26 19872.47   2329.27     70
  3320      0      0       0   3320   3320  22246.94 19874.32   2349.41     62
  3237      0      0       0   3237   3237  22711.83 20281.38   2410.95     70
  3173      0      0       0   3173   3173  23471.77 20971.19   2476.90     67
  3232      0      0       0   3232   3232  23000.83 20566.23   2408.32     65
  3204      0      0       0   3204   3204  23105.20 20648.95   2433.11     66
  3310      0      0       0   3310   3310  22533.79 20149.36   2363.80     70
  3222      0      0       0   3222   3222  23186.79 20729.83   2435.41     70
  3247      0      0       0   3247   3247  22777.30 20359.41   2397.78     63
  3172      0      0       0   3172   3172  23265.67 20796.04   2446.05     70
  3199      0      0       0   3199   3199  23166.58 20709.13   2434.80     70
  3233      0      0       0   3233   3233  22952.90 20517.39   2390.49     65
  3243      0      0       0   3243   3243  22846.80 20419.39   2404.33     67
  3204      0      0       0   3204   3204  23016.07 20553.31   2430.30     70
  3244      0      0       0   3244   3244  23037.10 20607.81   2409.55     69
  3282      0      0       0   3282   3282  22710.75 20297.64   2389.11     62
  3182      0      0       0   3182   3182  23328.60 20853.76   2450.81     70
  3208      0      0       0   3208   3208  23127.61 20673.86   2413.81     70
  3201      0      0       0   3201   3201  22815.46 20376.89   2417.01     63
  2988      0      0       0   2988   2988  24786.61 22143.14   2623.48     70
  3392      0      0       0   3392   3392  21817.56 19496.87   2296.37     70
  3364      0      0       0   3364   3364  22067.93 19727.24   2314.67     63
  3307      0      0       0   3307   3307  22366.12 19989.59   2324.18     70
  3295      0      0       0   3295   3295  22497.87 20098.29   2376.70     62
  3188      0      0       0   3188   3188  23324.36 20855.68   2444.59     62
  3130      0      0       0   3130   3130  23602.33 21092.42   2486.85     67
  3216      0      0       0   3216   3216  23063.90 20614.64   2430.93     63
  3223      0      0       0   3223   3223  22980.93 20541.62   2415.44     70
  3188      0      0       0   3188   3188  23507.02 21016.57   2454.18     63
  3231      0      0       0   3231   3231  22937.65 20503.00   2413.37     69
  3205      0      0       0   3205   3205  23099.71 20644.57   2420.47     70
  3321      0      0       0   3321   3321  22348.31 19978.89   2344.38     70
  3258      0      0       0   3258   3258  22758.85 20344.16   2388.72     66
  3320      0      0       0   3320   3320  22385.36 20011.77   2351.35     70
  3257      0      0       0   3257   3257  22818.29 20387.64   2399.69     70
  3205      0      0       0   3205   3205  23088.46 20632.26   2428.19     66
  3139      0      0       0   3139   3139  23612.80 21104.11   2483.53     66
  3275      0      0       0   3275   3275  22642.95 20241.96   2376.55     68
  3184      0      0       0   3184   3184  23291.67 20814.43   2432.65     68
  3249      0      0       0   3249   3249  22815.87 20386.19   2399.51     70
  3219      0      0       0   3219   3219  23023.17 20578.55   2422.68     70
  3330      0      0       0   3330   3330  22267.30 19903.28   2342.89     70
  3328      0      0       0   3328   3328  22260.60 19897.44   2343.09     70
  3419      0      0       0   3419   3419  21708.36 19404.68   2282.38     64
  3242      0      0       0   3242   3242  22840.78 20414.17   2384.75     70
  3285      0      0       0   3285   3285  22572.50 20176.01   2372.21     62
  3277      0      0       0   3277   3277  22606.51 20206.97   2378.83     61
  3198      0      0       0   3198   3198  23203.77 20740.06   2442.26     69
  3289      0      0       0   3289   3289  22704.96 20293.84   2389.24     64
  3165      0      0       0   3165   3165  23490.61 20995.37   2455.68     68
  3205      0      0       0   3205   3205  23089.82 20637.08   2429.45     62
   894      0      0       0    894    894   9582.33  6858.09   2664.72      0
     0      0      0       0      0      0       NaN      NaN       NaN      0
     0      0      0       0      0      0       NaN      NaN       NaN      0
     0      0      0       0      0      0       NaN      NaN       NaN      0
     0      0      0       0      0      0       NaN      NaN       NaN      0
     0      0      0       0      0      0       NaN      NaN       NaN      0
================================================================================
ALL STATS (timing measures are in microseconds)
WORKER 0:
Type     |Total    |Ops/sec  |Hits/sec |Miss/Sec |Resp Time|Proc Time|Srvr Time
SET      |    35241|   387.26|   387.26|     0.00| 23344.30|  2499.57|  2476.19
GET      |        0|     0.00|     0.00|     0.00|      NaN|      NaN|      NaN
MULTIGET |        0|     0.00|     0.00|     0.00|      NaN|      NaN|      NaN
INVALID  |        0|     0.00|      ---|      ---|      NaN|      NaN|      ---
Average mutliget length: NaN
================================================================================
WORKER 1:
Type     |Total    |Ops/sec  |Hits/sec |Miss/Sec |Resp Time|Proc Time|Srvr Time
SET      |    35260|   387.47|   387.47|     0.00| 23450.19|  2498.09|  2471.56
GET      |        0|     0.00|     0.00|     0.00|      NaN|      NaN|      NaN
MULTIGET |        0|     0.00|     0.00|     0.00|      NaN|      NaN|      NaN
INVALID  |        0|     0.00|      ---|      ---|      NaN|      NaN|      ---
Average mutliget length: NaN
================================================================================
WORKER 2:
Type     |Total    |Ops/sec  |Hits/sec |Miss/Sec |Resp Time|Proc Time|Srvr Time
SET      |    35236|   387.21|   387.21|     0.00| 23370.42|  2500.26|  2473.94
GET      |        0|     0.00|     0.00|     0.00|      NaN|      NaN|      NaN
MULTIGET |        0|     0.00|     0.00|     0.00|      NaN|      NaN|      NaN
INVALID  |        0|     0.00|      ---|      ---|      NaN|      NaN|      ---
Average mutliget length: NaN
================================================================================
WORKER 3:
Type     |Total    |Ops/sec  |Hits/sec |Miss/Sec |Resp Time|Proc Time|Srvr Time
SET      |    35263|   387.51|   387.51|     0.00| 23379.11|  2498.30|  2472.43
GET      |        0|     0.00|     0.00|     0.00|      NaN|      NaN|      NaN
MULTIGET |        0|     0.00|     0.00|     0.00|      NaN|      NaN|      NaN
INVALID  |        0|     0.00|      ---|      ---|      NaN|      NaN|      ---
Average mutliget length: NaN
================================================================================
WORKER 4:
Type     |Total    |Ops/sec  |Hits/sec |Miss/Sec |Resp Time|Proc Time|Srvr Time
SET      |    35226|   387.10|   387.10|     0.00| 23394.78|  2500.74|  2478.24
GET      |        0|     0.00|     0.00|     0.00|      NaN|      NaN|      NaN
MULTIGET |        0|     0.00|     0.00|     0.00|      NaN|      NaN|      NaN
INVALID  |        0|     0.00|      ---|      ---|      NaN|      NaN|      ---
Average mutliget length: NaN
================================================================================
WORKER 5:
Type     |Total    |Ops/sec  |Hits/sec |Miss/Sec |Resp Time|Proc Time|Srvr Time
SET      |    35228|   387.12|   387.12|     0.00| 23381.39|  2500.55|  2474.81
GET      |        0|     0.00|     0.00|     0.00|      NaN|      NaN|      NaN
MULTIGET |        0|     0.00|     0.00|     0.00|      NaN|      NaN|      NaN
INVALID  |        0|     0.00|      ---|      ---|      NaN|      NaN|      ---
Average mutliget length: NaN
================================================================================
WORKER 6:
Type     |Total    |Ops/sec  |Hits/sec |Miss/Sec |Resp Time|Proc Time|Srvr Time
SET      |    35294|   387.85|   387.85|     0.00| 23388.25|  2496.05|  2470.30
GET      |        0|     0.00|     0.00|     0.00|      NaN|      NaN|      NaN
MULTIGET |        0|     0.00|     0.00|     0.00|      NaN|      NaN|      NaN
INVALID  |        0|     0.00|      ---|      ---|      NaN|      NaN|      ---
Average mutliget length: NaN
================================================================================
WORKER 7:
Type     |Total    |Ops/sec  |Hits/sec |Miss/Sec |Resp Time|Proc Time|Srvr Time
SET      |    35242|   387.27|   387.27|     0.00| 23377.82|  2498.90|  2472.44
GET      |        0|     0.00|     0.00|     0.00|      NaN|      NaN|      NaN
MULTIGET |        0|     0.00|     0.00|     0.00|      NaN|      NaN|      NaN
INVALID  |        0|     0.00|      ---|      ---|      NaN|      NaN|      ---
Average mutliget length: NaN
================================================================================
================================================================================

AGGREGATE FOR ALL WORKERS:
Type     |Total    |Ops/sec  |Hits/sec |Miss/Sec |Resp Time|Proc Time|Srvr Time
SET      |   281990|  3098.79|  3098.79|     0.00| 23385.79|  2499.06|  2473.74
GET      |        0|     0.00|     0.00|     0.00|      NaN|      NaN|      NaN
MULTIGET |        0|     0.00|     0.00|     0.00|      NaN|      NaN|      NaN
INVALID  |        0|     0.00|      ---|      ---|      NaN|      NaN|      ---
Average mutliget length: NaN


 HISTOGRAM
  Response time (ms)   Percent
                 0.1      0.00%
                 0.2      0.00%
                 0.3      0.00%
                 0.4      0.00%
                 0.5      0.00%
                 0.6      0.00%
                 0.7      0.00%
                 0.8      0.00%
                 0.9      0.00%
                 1.0      0.00%
                 1.1      0.00%
                 1.2      0.00%
                 1.3      0.00%
                 1.4      0.00%
                 1.5      0.00%
                 1.6      0.00%
                 1.7      0.00%
                 1.8      0.00%
                 1.9      0.00%
                 2.0      0.00%
                 2.1      0.00%
                 2.2      0.00%
                 2.3      0.00%
                 2.4      0.00%
                 2.5      0.00%
                 2.6      0.00%
                 2.7      0.00%
                 2.8      0.01%
                 2.9      0.01%
                 3.0      0.01%
                 3.1      0.01%
                 3.2      0.01%
                 3.3      0.01%
                 3.4      0.01%
                 3.5      0.01%
                 3.6      0.01%
                 3.7      0.01%
                 3.8      0.01%
                 3.9      0.01%
                 4.0      0.01%
                 4.1      0.01%
                 4.2      0.02%
                 4.3      0.02%
                 4.4      0.02%
                 4.5      0.02%
                 4.6      0.02%
                 4.7      0.02%
                 4.8      0.02%
                 4.9      0.02%
                 5.0      0.02%
                 5.1      0.03%
                 5.2      0.03%
                 5.3      0.03%
                 5.4      0.03%
                 5.5      0.03%
                 5.6      0.04%
                 5.7      0.04%
                 5.8      0.05%
                 5.9      0.06%
                 6.0      0.07%
                 6.1      0.08%
                 6.2      0.09%
                 6.3      0.10%
                 6.4      0.11%
                 6.5      0.12%
                 6.6      0.13%
                 6.7      0.14%
                 6.8      0.15%
                 6.9      0.16%
                 7.0      0.17%
                 7.1      0.17%
                 7.2      0.17%
                 7.3      0.18%
                 7.4      0.18%
                 7.5      0.19%
                 7.6      0.19%
                 7.7      0.20%
                 7.8      0.20%
                 7.9      0.21%
                 8.0      0.22%
                 8.1      0.22%
                 8.2      0.23%
                 8.3      0.23%
                 8.4      0.23%
                 8.5      0.24%
                 8.6      0.24%
                 8.7      0.25%
                 8.8      0.25%
                 8.9      0.25%
                 9.0      0.26%
                 9.1      0.26%
                 9.2      0.26%
                 9.3      0.27%
                 9.4      0.27%
                 9.5      0.27%
                 9.6      0.27%
                 9.7      0.27%
                 9.8      0.27%
                 9.9      0.27%
                10.0      0.27%
                10.1      0.27%
                10.2      0.27%
                10.3      0.28%
                10.4      0.28%
                10.5      0.28%
                10.6      0.28%
                10.7      0.28%
                10.8      0.28%
                10.9      0.28%
                11.0      0.28%
                11.1      0.28%
                11.2      0.28%
                11.3      0.28%
                11.4      0.28%
                11.5      0.28%
                11.6      0.28%
                11.7      0.29%
                11.8      0.29%
                11.9      0.29%
                12.0      0.29%
                12.1      0.29%
                12.2      0.29%
                12.3      0.29%
                12.4      0.29%
                12.5      0.29%
                12.6      0.29%
                12.7      0.29%
                12.8      0.29%
                12.9      0.29%
                13.0      0.29%
                13.1      0.29%
                13.2      0.29%
                13.3      0.29%
                13.4      0.29%
                13.5      0.29%
                13.6      0.29%
                13.7      0.29%
                13.8      0.30%
                13.9      0.30%
                14.0      0.30%
                14.1      0.30%
                14.2      0.30%
                14.3      0.30%
                14.4      0.30%
                14.5      0.30%
                14.6      0.30%
                14.7      0.31%
                14.8      0.31%
                14.9      0.31%
                15.0      0.31%
                15.1      0.31%
                15.2      0.31%
                15.3      0.31%
                15.4      0.31%
                15.5      0.31%
                15.6      0.31%
                15.7      0.31%
                15.8      0.32%
                15.9      0.32%
                16.0      0.32%
                16.1      0.32%
                16.2      0.32%
                16.3      0.33%
                16.4      0.33%
                16.5      0.34%
                16.6      0.34%
                16.7      0.34%
                16.8      0.35%
                16.9      0.36%
                17.0      0.36%
                17.1      0.36%
                17.2      0.36%
                17.3      0.37%
                17.4      0.37%
                17.5      0.37%
                17.6      0.38%
                17.7      0.38%
                17.8      0.39%
                17.9      0.40%
                18.0      0.41%
                18.1      0.43%
                18.2      0.45%
                18.3      0.46%
                18.4      0.48%
                18.5      0.50%
                18.6      0.54%
                18.7      0.58%
                18.8      0.65%
                18.9      0.73%
                19.0      0.84%
                19.1      0.96%
                19.2      1.15%
                19.3      1.39%
                19.4      1.67%
                19.5      2.02%
                19.6      2.43%
                19.7      2.91%
                19.8      3.47%
                19.9      4.14%
                20.0      4.88%
                20.1      5.73%
                20.2      6.65%
                20.3      7.64%
                20.4      8.71%
                20.5      9.90%
                20.6     11.06%
                20.7     12.30%
                20.8     13.64%
                20.9     15.06%
                21.0     16.53%
                21.1     18.05%
                21.2     19.63%
                21.3     21.29%
                21.4     23.04%
                21.5     24.86%
                21.6     26.74%
                21.7     28.79%
                21.8     30.94%
                21.9     33.15%
                22.0     35.61%
                22.1     38.06%
                22.2     40.63%
                22.3     43.29%
                22.4     46.02%
                22.5     48.70%
                22.6     51.43%
                22.7     54.20%
                22.8     56.84%
                22.9     59.36%
                23.0     61.83%
                23.1     64.16%
                23.2     66.31%
                23.3     68.38%
                23.4     70.31%
                23.5     72.14%
                23.6     73.86%
                23.7     75.44%
                23.8     76.94%
                23.9     78.30%
                24.0     79.56%
                24.1     80.69%
                24.2     81.77%
                24.3     82.78%
                24.4     83.68%
                24.5     84.50%
                24.6     85.23%
                24.7     85.93%
                24.8     86.58%
                24.9     87.14%
                25.0     87.63%
                25.1     88.07%
                25.2     88.53%
                25.3     88.96%
                25.4     89.37%
                25.5     89.77%
                25.6     90.10%
                25.7     90.43%
                25.8     90.75%
                25.9     91.04%
                26.0     91.31%
                26.1     91.55%
                26.2     91.79%
                26.3     92.01%
                26.4     92.21%
                26.5     92.42%
                26.6     92.61%
                26.7     92.80%
                26.8     92.97%
                26.9     93.14%
                27.0     93.31%
                27.1     93.44%
                27.2     93.56%
                27.3     93.66%
                27.4     93.78%
                27.5     93.89%
                27.6     93.99%
                27.7     94.08%
                27.8     94.17%
                27.9     94.26%
                28.0     94.35%
                28.1     94.44%
                28.2     94.51%
                28.3     94.57%
                28.4     94.65%
                28.5     94.72%
                28.6     94.80%
                28.7     94.89%
                28.8     94.97%
                28.9     95.04%
                29.0     95.10%
                29.1     95.17%
                29.2     95.21%
                29.3     95.26%
                29.4     95.30%
                29.5     95.33%
                29.6     95.37%
                29.7     95.40%
                29.8     95.45%
                29.9     95.48%
                30.0     95.52%
                30.1     95.56%
                30.2     95.59%
                30.3     95.64%
                30.4     95.68%
                30.5     95.72%
                30.6     95.77%
                30.7     95.82%
                30.8     95.86%
                30.9     95.91%
                31.0     95.95%
                31.1     95.98%
                31.2     96.03%
                31.3     96.05%
                31.4     96.08%
                31.5     96.11%
                31.6     96.14%
                31.7     96.16%
                31.8     96.19%
                31.9     96.20%
                32.0     96.22%
                32.1     96.25%
                32.2     96.27%
                32.3     96.31%
                32.4     96.34%
                32.5     96.37%
                32.6     96.39%
                32.7     96.43%
                32.8     96.45%
                32.9     96.49%
                33.0     96.51%
                33.1     96.53%
                33.2     96.55%
                33.3     96.57%
                33.4     96.60%
                33.5     96.62%
                33.6     96.64%
                33.7     96.66%
                33.8     96.67%
                33.9     96.69%
                34.0     96.70%
                34.1     96.71%
                34.2     96.73%
                34.3     96.75%
                34.4     96.76%
                34.5     96.77%
                34.6     96.79%
                34.7     96.80%
                34.8     96.81%
                34.9     96.82%
                35.0     96.84%
                35.1     96.85%
                35.2     96.86%
                35.3     96.87%
                35.4     96.87%
                35.5     96.88%
                35.6     96.89%
                35.7     96.90%
                35.8     96.90%
                35.9     96.91%
                36.0     96.92%
                36.1     96.93%
                36.2     96.93%
                36.3     96.94%
                36.4     96.96%
                36.5     96.96%
                36.6     96.97%
                36.7     96.99%
                36.8     97.00%
                36.9     97.01%
                37.0     97.02%
                37.1     97.04%
                37.2     97.05%
                37.3     97.06%
                37.4     97.08%
                37.5     97.10%
                37.6     97.11%
                37.7     97.13%
                37.8     97.14%
                37.9     97.16%
                38.0     97.17%
                38.1     97.19%
                38.2     97.20%
                38.3     97.21%
                38.4     97.24%
                38.5     97.25%
                38.6     97.27%
                38.7     97.30%
                38.8     97.33%
                38.9     97.34%
                39.0     97.35%
                39.1     97.36%
                39.2     97.37%
                39.3     97.38%
                39.4     97.40%
                39.5     97.41%
                39.6     97.42%
                39.7     97.44%
                39.8     97.46%
                39.9     97.49%
                40.0     97.52%
                40.1     97.57%
                40.2     97.61%
                40.3     97.65%
                40.4     97.69%
                40.5     97.73%
                40.6     97.79%
                40.7     97.83%
                40.8     97.89%
                40.9     97.95%
                41.0     98.01%
                41.1     98.05%
                41.2     98.08%
                41.3     98.10%
                41.4     98.12%
                41.5     98.14%
                41.6     98.15%
                41.7     98.16%
                41.8     98.17%
                41.9     98.18%
                42.0     98.19%
                42.1     98.19%
                42.2     98.20%
                42.3     98.21%
                42.4     98.21%
                42.5     98.22%
                42.6     98.22%
                42.7     98.22%
                42.8     98.22%
                42.9     98.23%
                43.0     98.24%
                43.1     98.24%
                43.2     98.25%
                43.3     98.26%
                43.4     98.26%
                43.5     98.27%
                43.6     98.28%
                43.7     98.28%
                43.8     98.29%
                43.9     98.30%
                44.0     98.31%
                44.1     98.31%
                44.2     98.32%
                44.3     98.34%
                44.4     98.34%
                44.5     98.35%
                44.6     98.35%
                44.7     98.35%
                44.8     98.36%
                44.9     98.36%
                45.0     98.37%
                45.1     98.38%
                45.2     98.38%
                45.3     98.39%
                45.4     98.40%
                45.5     98.41%
                45.6     98.42%
                45.7     98.42%
                45.8     98.44%
                45.9     98.45%
                46.0     98.47%
                46.1     98.49%
                46.2     98.53%
                46.3     98.55%
                46.4     98.58%
                46.5     98.59%
                46.6     98.61%
                46.7     98.64%
                46.8     98.68%
                46.9     98.71%
                47.0     98.76%
                47.1     98.81%
                47.2     98.86%
                47.3     98.92%
                47.4     98.97%
                47.5     99.03%
                47.6     99.08%
                47.7     99.13%
                47.8     99.18%
                47.9     99.23%
                48.0     99.28%
                48.1     99.32%
                48.2     99.35%
                48.3     99.38%
                48.4     99.41%
                48.5     99.43%
                48.6     99.45%
                48.7     99.46%
                48.8     99.47%
                48.9     99.48%
                49.0     99.50%
                49.1     99.51%
                49.2     99.53%
                49.3     99.55%
                49.4     99.56%
                49.5     99.58%
                49.6     99.60%
                49.7     99.62%
                49.8     99.65%
                49.9     99.67%
                50.0     99.69%
                50.1     99.71%
                50.2     99.73%
                50.3     99.74%
                50.4     99.77%
                50.5     99.78%
                50.6     99.79%
                50.7     99.80%
                50.8     99.81%
                50.9     99.82%
                51.0     99.82%
                51.1     99.82%
                51.2     99.82%
                51.3     99.82%
                51.4     99.82%
                51.5     99.82%
                51.6     99.83%
                51.7     99.83%
                51.8     99.83%
                51.9     99.83%
                52.0     99.83%
                52.1     99.83%
                52.2     99.83%
                52.3     99.83%
                52.4     99.83%
                52.5     99.83%
                52.6     99.84%
                52.7     99.84%
                52.8     99.84%
                52.9     99.84%
                53.0     99.84%
                53.1     99.84%
                53.2     99.84%
                53.3     99.84%
                53.4     99.84%
                53.5     99.84%
                53.6     99.84%
                53.7     99.84%
                53.8     99.84%
                53.9     99.85%
                54.0     99.85%
                54.1     99.85%
                54.2     99.85%
                54.3     99.85%
                54.4     99.85%
                54.5     99.85%
                54.6     99.85%
                54.7     99.85%
                54.8     99.86%
                54.9     99.86%
                55.0     99.86%
                55.1     99.86%
                55.2     99.86%
                55.3     99.87%
                55.4     99.87%
                55.5     99.88%
                55.6     99.88%
                55.7     99.88%
                55.8     99.88%
                55.9     99.88%
                56.0     99.88%
                56.1     99.89%
                56.2     99.89%
                56.3     99.89%
                56.4     99.89%
                56.5     99.90%
                56.6     99.90%
                56.7     99.91%
                56.8     99.92%
                56.9     99.92%
                57.0     99.93%
                57.1     99.94%
                57.2     99.95%
                57.3     99.95%
                57.4     99.95%
                57.5     99.95%
                57.6     99.95%
                57.7     99.95%
                57.8     99.96%
                57.9     99.96%
                58.0     99.96%
                58.1     99.96%
                58.2     99.96%
                58.3     99.96%
                58.4     99.96%
                58.5     99.96%
                58.6     99.96%
                58.7     99.96%
                58.8     99.96%
                58.9     99.97%
                59.0     99.97%
                59.1     99.97%
                59.2     99.97%
                59.3     99.97%
                59.4     99.97%
                59.5     99.97%
                59.6     99.97%
                59.7     99.97%
                59.8     99.97%
                59.9     99.97%
                60.0     99.97%
                60.1     99.97%
                60.2     99.97%
                60.3     99.97%
                60.4     99.97%
                60.5     99.97%
                60.6     99.97%
                60.7     99.97%
                60.8     99.97%
                60.9     99.97%
                61.0     99.97%
                61.1     99.97%
                61.2     99.97%
                61.3     99.97%
                61.4     99.97%
                61.5     99.97%
                61.6     99.97%
                61.7     99.97%
                61.8     99.97%
                61.9     99.97%
                62.0     99.97%
                62.1     99.97%
                62.2     99.97%
                62.3     99.97%
                62.4     99.97%
                62.5     99.97%
                62.6     99.97%
                62.7     99.97%
                62.8     99.97%
                62.9     99.97%
                63.0     99.97%
                63.1     99.97%
                63.2     99.97%
                63.3     99.97%
                63.4     99.97%
                63.5     99.97%
                63.6     99.97%
                63.7     99.97%
                63.8     99.97%
                63.9     99.97%
                64.0     99.97%
                64.1     99.97%
                64.2     99.97%
                64.3     99.97%
                64.4     99.97%
                64.5     99.97%
                64.6     99.97%
                64.7     99.97%
                64.8     99.97%
                64.9     99.97%
                65.0     99.97%
                65.1     99.97%
                65.2     99.97%
                65.3     99.97%
                65.4     99.97%
                65.5     99.97%
                65.6     99.97%
                65.7     99.97%
                65.8     99.97%
                65.9     99.97%
                66.0     99.97%
                66.1     99.97%
                66.2     99.97%
                66.3     99.97%
                66.4     99.97%
                66.5     99.97%
                66.6     99.97%
                66.7     99.97%
                66.8     99.97%
                66.9     99.97%
                67.0     99.97%
                67.1     99.97%
                67.2     99.97%
                67.3     99.97%
                67.4     99.97%
                67.5     99.97%
                67.6     99.97%
                67.7     99.97%
                67.8     99.97%
                67.9     99.97%
                68.0     99.97%
                68.1     99.97%
                68.2     99.97%
                68.3     99.97%
                68.4     99.97%
                68.5     99.97%
                68.6     99.97%
                68.7     99.97%
                68.8     99.97%
                68.9     99.97%
                69.0     99.97%
                69.1     99.97%
                69.2     99.97%
                69.3     99.97%
                69.4     99.97%
                69.5     99.97%
                69.6     99.97%
                69.7     99.97%
                69.8     99.97%
                69.9     99.97%
                70.0     99.97%
                70.1     99.97%
                70.2     99.97%
                70.3     99.97%
                70.4     99.97%
                70.5     99.97%
                70.6     99.97%
                70.7     99.97%
                70.8     99.97%
                70.9     99.97%
                71.0     99.97%
                71.1     99.97%
                71.2     99.97%
                71.3     99.97%
                71.4     99.97%
                71.5     99.97%
                71.6     99.97%
                71.7     99.97%
                71.8     99.97%
                71.9     99.97%
                72.0     99.97%
                72.1     99.97%
                72.2     99.97%
                72.3     99.97%
                72.4     99.97%
                72.5     99.97%
                72.6     99.97%
                72.7     99.97%
                72.8     99.97%
                72.9     99.97%
                73.0     99.97%
                73.1     99.97%
                73.2     99.97%
                73.3     99.97%
                73.4     99.97%
                73.5     99.97%
                73.6     99.97%
                73.7     99.97%
                73.8     99.97%
                73.9     99.97%
                74.0     99.97%
                74.1     99.97%
                74.2     99.97%
                74.3     99.97%
                74.4     99.97%
                74.5     99.97%
                74.6     99.98%
                74.7     99.98%
                74.8     99.98%
                74.9     99.98%
                75.0     99.98%
                75.1     99.98%
                75.2     99.98%
                75.3     99.98%
                75.4     99.98%
                75.5     99.98%
                75.6     99.98%
                75.7     99.98%
                75.8     99.98%
                75.9     99.98%
                76.0     99.98%
                76.1     99.98%
                76.2     99.98%
                76.3     99.98%
                76.4     99.98%
                76.5     99.98%
                76.6     99.98%
                76.7     99.98%
                76.8     99.98%
                76.9     99.98%
                77.0     99.98%
                77.1     99.98%
                77.2     99.98%
                77.3     99.98%
                77.4     99.98%
                77.5     99.98%
                77.6     99.98%
                77.7     99.98%
                77.8     99.98%
                77.9     99.98%
                78.0     99.98%
                78.1     99.98%
                78.2     99.98%
                78.3     99.98%
                78.4     99.98%
                78.5     99.98%
                78.6     99.98%
                78.7     99.98%
                78.8     99.98%
                78.9     99.98%
                79.0     99.98%
                79.1     99.98%
                79.2     99.98%
                79.3     99.98%
                79.4     99.98%
                79.5     99.98%
                79.6     99.98%
                79.7     99.98%
                79.8     99.98%
                79.9     99.98%
                80.0     99.98%
                80.1     99.99%
                80.2     99.99%
                80.3     99.99%
                80.4     99.99%
                80.5     99.99%
                80.6     99.99%
                80.7     99.99%
                80.8     99.99%
                80.9     99.99%
                81.0     99.99%
                81.1     99.99%
                81.2     99.99%
                81.3     99.99%
                81.4     99.99%
                81.5     99.99%
                81.6     99.99%
                81.7     99.99%
                81.8     99.99%
                81.9     99.99%
                82.0     99.99%
                82.1     99.99%
                82.2     99.99%
                82.3     99.99%
                82.4     99.99%
                82.5     99.99%
                82.6     99.99%
                82.7     99.99%
                82.8     99.99%
                82.9     99.99%
                83.0     99.99%
                83.1     99.99%
                83.2     99.99%
                83.3     99.99%
                83.4     99.99%
                83.5     99.99%
                83.6     99.99%
                83.7     99.99%
                83.8     99.99%
                83.9     99.99%
                84.0     99.99%
                84.1     99.99%
                84.2     99.99%
                84.3     99.99%
                84.4     99.99%
                84.5     99.99%
                84.6     99.99%
                84.7     99.99%
                84.8     99.99%
                84.9     99.99%
                85.0     99.99%
                85.1     99.99%
                85.2     99.99%
                85.3     99.99%
                85.4     99.99%
                85.5     99.99%
                85.6     99.99%
                85.7     99.99%
                85.8     99.99%
                85.9     99.99%
                86.0     99.99%
                86.1     99.99%
                86.2     99.99%
                86.3     99.99%
                86.4     99.99%
                86.5     99.99%
                86.6     99.99%
                86.7     99.99%
                86.8     99.99%
                86.9     99.99%
                87.0     99.99%
                87.1     99.99%
                87.2     99.99%
                87.3     99.99%
                87.4     99.99%
                87.5     99.99%
                87.6     99.99%
                87.7     99.99%
                87.8     99.99%
                87.9     99.99%
                88.0     99.99%
                88.1     99.99%
                88.2     99.99%
                88.3     99.99%
                88.4     99.99%
                88.5     99.99%
                88.6     99.99%
                88.7     99.99%
                88.8     99.99%
                88.9     99.99%
                89.0     99.99%
                89.1     99.99%
                89.2     99.99%
                89.3     99.99%
                89.4     99.99%
                89.5    100.00%
                89.6    100.00%
                89.7    100.00%
                89.8    100.00%
                89.9    100.00%
                90.0    100.00%
                90.1    100.00%
                90.2    100.00%
                90.3    100.00%
                90.4    100.00%
                90.5    100.00%
                90.6    100.00%
                90.7    100.00%
                90.8    100.00%
                90.9    100.00%
                91.0    100.00%
                91.1    100.00%
                91.2    100.00%
                91.3    100.00%
                91.4    100.00%
                91.5    100.00%
                91.6    100.00%
                91.7    100.00%
                91.8    100.00%
                91.9    100.00%
                92.0    100.00%
                92.1    100.00%
                92.2    100.00%
                92.3    100.00%
                92.4    100.00%
                92.5    100.00%
                92.6    100.00%
                92.7    100.00%
                92.8    100.00%
                92.9    100.00%
                93.0    100.00%
                93.1    100.00%
                93.2    100.00%
                93.3    100.00%
                93.4    100.00%
                93.5    100.00%
                93.6    100.00%
                93.7    100.00%
                93.8    100.00%
                93.9    100.00%
                94.0    100.00%
                94.1    100.00%
                94.2    100.00%
                94.3    100.00%
                94.4    100.00%
                94.5    100.00%
                94.6    100.00%

