[7l----total-cpu-usage---- -net/total- -dsk/total- --epoch---
usr sys idl wai hiq siq| recv  send| read  writ|  epoch   
  3   5  85   1   5   0|   0     0 |  13k 3027k|1510777280
  0   1  98   0   1   0|  82k 1032k|   0     0 |1510777281
  1   0  99   0   0   0|  21k  277k|   0     0 |1510777282
  0   1  99   0   0   0|   0     0 |   0     0 |1510777283
  0   0  99   1   0   0|   0     0 |   0    36k|1510777284
  0   0  99   0   1   0| 460B 1119B|   0     0 |1510777285
  0   0 100   0   0   0|   0     0 |   0     0 |1510777286
  0   1  99   0   0   0|   0     0 |   0     0 |1510777287
  0   0 100   0   0   0|   0     0 |   0     0 |1510777288
  0   0 100   0   0   0|   0     0 |   0     0 |1510777289
  0   0  98   2   0   0|   0     0 |   0    12k|1510777290
  0   0 100   0   0   0|  60B   54B|   0     0 |1510777291
  0   1  99   0   0   0|   0     0 |   0     0 |1510777292
  0   0 100   0   0   0|   0     0 |   0     0 |1510777293
  0   0 100   0   0   0|   0     0 |   0     0 |1510777294
  0   0  96   4   0   0|   0     0 |   0    12k|1510777295
  1   1  98   0   0   0|   0     0 |   0     0 |1510777296
  0   0 100   0   0   0|   0     0 |   0     0 |1510777297
  0   0 100   0   0   0|   0     0 |   0     0 |1510777298
  0   0 100   0   0   0| 202B   54B|   0     0 |1510777299
  0   0  97   3   0   0|   0     0 |   0    12k|1510777300
  0   1  99   0   0   0|   0     0 |   0     0 |1510777301
  0   0 100   0   0   0|   0     0 |   0     0 |1510777302
  0   0 100   0   0   0|   0     0 |   0     0 |1510777303
  0   0 100   0   0   0|   0     0 |   0     0 |1510777304
  0   1  97   2   0   0|   0     0 |   0    12k|1510777305
  0   0 100   0   0   0|   0     0 |   0     0 |1510777306
  0   0 100   0   0   0|   0     0 |   0     0 |1510777307
  0   0 100   0   0   0|   0     0 |   0     0 |1510777308
  0   0 100   0   0   0|   0     0 |   0     0 |1510777309
  1   1  95   3   0   0| 460B 1119B|   0    12k|1510777310
  0   0 100   0   0   0|   0     0 |   0     0 |1510777311
  0   0 100   0   0   0|   0     0 |   0     0 |1510777312
  0   0 100   0   0   0|   0     0 |   0     0 |1510777313
  0   1  99   0   0   0|   0     0 |   0  8192B|1510777314
  0   0  98   2   0   0|   0     0 |   0    20k|1510777315
  0   0 100   0   0   0|   0     0 |   0     0 |1510777316
  0   0  99   0   1   0|   0     0 |   0     0 |1510777317
  0   1  99   0   0   0|   0     0 |   0     0 |1510777318
  0   0 100   0   0   0|   0     0 |   0    24k|1510777319
  0   0  96   4   0   0|   0     0 |   0    12k|1510777320
  0   0 100   0   0   0|   0     0 |   0     0 |1510777321
  0   0 100   0   0   0|   0     0 |   0     0 |1510777322
  0   1  99   0   0   0|   0     0 |   0     0 |1510777323
  0   0 100   0   0   0|   0     0 |   0     0 |1510777324
  0   0  98   2   0   0|   0     0 |   0    12k|1510777325
  0   0 100   0   0   0|   0     0 |   0     0 |1510777326
  1   1  98   0   0   0|  60B   54B|   0     0 |1510777327
  0   0 100   0   0   0|   0     0 |   0     0 |1510777328
  0   0 100   0   0   0|   0     0 |   0     0 |1510777329
  0   0 100   0   0   0|   0     0 |   0     0 |1510777330
  0   1  96   3   0   0|   0     0 |   0    12k|1510777331
  0   0 100   0   0   0|   0     0 |   0     0 |1510777332
  0   0 100   0   0   0|   0     0 |   0     0 |1510777333
  0   0 100   0   0   0|   0     0 |   0     0 |1510777334
  0   1  99   0   0   0|  74B  409B|   0     0 |1510777335
  0   0  98   2   0   0| 386B  710B|   0    12k|1510777336
  0   0 100   0   0   0|   0     0 |   0     0 |1510777337
  0   0 100   0   0   0|   0     0 |   0     0 |1510777338
  0   1  99   0   0   0|   0     0 |   0     0 |1510777339
  0   0 100   0   0   0|   0     0 |   0     0 |1510777340
  1   0  97   2   0   0|   0     0 |   0    12k|1510777341
  0   0 100   0   0   0|   0     0 |   0     0 |1510777342
  0   1  99   0   0   0|   0     0 |   0     0 |1510777343
  0   0 100   0   0   0|   0     0 |   0     0 |1510777344
  0   0 100   0   0   0|   0     0 |   0     0 |1510777345
  0   0  97   3   0   0|   0     0 |   0    12k|1510777346
  0   1  99   0   0   0|   0     0 |   0     0 |1510777347
  0   0 100   0   0   0|   0     0 |   0     0 |1510777348
  0   0 100   0   0   0|   0     0 |   0  8192B|1510777349
  0   0 100   0   0   0|   0     0 |   0     0 |1510777350
  0   1  97   2   0   0|   0     0 |   0    20k|1510777351
  0   0 100   0   0   0|   0     0 |   0     0 |1510777352
  0   0 100   0   0   0|   0     0 |   0     0 |1510777353
  0   0 100   0   0   0|   0     0 |   0     0 |1510777354
  1   1  97   0   1   0|   0     0 |   0     0 |1510777355
  0   0  98   2   0   0|   0     0 |   0    12k|1510777356
  0   0 100   0   0   0|   0     0 |   0     0 |1510777357
  0   0 100   0   0   0|   0     0 |   0     0 |1510777358
  0   1  99   0   0   0|   0     0 |   0  8192B|1510777359
  0   0 100   0   0   0|   0     0 |   0     0 |1510777360
  0   0 100   0   0   0| 460B 1119B|   0     0 |1510777361
  0   0  98   2   0   0|   0     0 |   0    12k|1510777362
  0   1  99   0   0   0|   0     0 |   0     0 |1510777363
  0   0 100   0   0   0|   0     0 |   0     0 |1510777364
  0   0 100   0   0   0|   0     0 |   0     0 |1510777365
  0   0 100   0   0   0|   0     0 |   0     0 |1510777366
  0   1  95   4   0   0|   0     0 |   0    12k|1510777367
  1   0  99   0   0   0|   0     0 |   0     0 |1510777368
  0   0 100   0   0   0|   0     0 |   0     0 |1510777369
  0   0 100   0   0   0|   0     0 |   0     0 |1510777370
