Threads: 32, Sharded reads: true, Number of Memcached servers: 3.

All measures in microseconds.
  SETS   GETS  MGETS   INVLD    TOT   HITS     RSP T      Q T     SVR T  Q LEN
     0      0   1821       0   1821   1821   3231.79   143.27   2856.13      0
     0      0      0       0      0      0       NaN      NaN       NaN      0
     0      0      0       0      0      0       NaN      NaN       NaN      0
     0      0      0       0      0      0       NaN      NaN       NaN      0
     0      0      0       0      0      0       NaN      NaN       NaN      0
     0      0      0       0      0      0       NaN      NaN       NaN      0
     0      0      0       0      0      0       NaN      NaN       NaN      0
     0      0      0       0      0      0       NaN      NaN       NaN      0
     0      0      0       0      0      0       NaN      NaN       NaN      0
     0      0      0       0      0      0       NaN      NaN       NaN      0
     0      0      0       0      0      0       NaN      NaN       NaN      0
     0      0      0       0      0      0       NaN      NaN       NaN      0
     0      0      0       0      0      0       NaN      NaN       NaN      0
     0      0      0       0      0      0       NaN      NaN       NaN      0
     0      0      0       0      0      0       NaN      NaN       NaN      0
     0      0      0       0      0      0       NaN      NaN       NaN      0
     0      0      0       0      0      0       NaN      NaN       NaN      0
     0      0      0       0      0      0       NaN      NaN       NaN      0
     0      0      0       0      0      0       NaN      NaN       NaN      0
     0      0      0       0      0      0       NaN      NaN       NaN      0
     0      0      0       0      0      0       NaN      NaN       NaN      0
     0      0      0       0      0      0       NaN      NaN       NaN      0
     0      0      0       0      0      0       NaN      NaN       NaN      0
     0      0      0       0      0      0       NaN      NaN       NaN      0
     0      0      0       0      0      0       NaN      NaN       NaN      0
     0      0      0       0      0      0       NaN      NaN       NaN      0
     0      0      0       0      0      0       NaN      NaN       NaN      0
     0      0      0       0      0      0       NaN      NaN       NaN      0
     0      0      0       0      0      0       NaN      NaN       NaN      0
     0      0      0       0      0      0       NaN      NaN       NaN      0
     0      0      0       0      0      0       NaN      NaN       NaN      0
     0      0      0       0      0      0       NaN      NaN       NaN      0
     0      0      0       0      0      0       NaN      NaN       NaN      0
     0      0      0       0      0      0       NaN      NaN       NaN      0
     0      0      0       0      0      0       NaN      NaN       NaN      0
     0      0      0       0      0      0       NaN      NaN       NaN      0
     0      0      0       0      0      0       NaN      NaN       NaN      0
     0      0      0       0      0      0       NaN      NaN       NaN      0
     0      0      0       0      0      0       NaN      NaN       NaN      0
     0      0      0       0      0      0       NaN      NaN       NaN      0
     0      0      0       0      0      0       NaN      NaN       NaN      0
     0      0      0       0      0      0       NaN      NaN       NaN      0
     0      0      0       0      0      0       NaN      NaN       NaN      0
     0      0      0       0      0      0       NaN      NaN       NaN      0
     0      0      0       0      0      0       NaN      NaN       NaN      0
     0      0      0       0      0      0       NaN      NaN       NaN      0
     0      0      0       0      0      0       NaN      NaN       NaN      0
     0      0      0       0      0      0       NaN      NaN       NaN      0
     0      0      0       0      0      0       NaN      NaN       NaN      0
     0      0      0       0      0      0       NaN      NaN       NaN      0
     0      0      0       0      0      0       NaN      NaN       NaN      0
     0      0      0       0      0      0       NaN      NaN       NaN      0
     0      0      0       0      0      0       NaN      NaN       NaN      0
     0      0      0       0      0      0       NaN      NaN       NaN      0
     0      0      0       0      0      0       NaN      NaN       NaN      0
     0      0      0       0      0      0       NaN      NaN       NaN      0
     0      0      0       0      0      0       NaN      NaN       NaN      0
     0      0      0       0      0      0       NaN      NaN       NaN      0
     0      0      0       0      0      0       NaN      NaN       NaN      0
     0      0      0       0      0      0       NaN      NaN       NaN      0
     0      0      0       0      0      0       NaN      NaN       NaN      0
     0      0      0       0      0      0       NaN      NaN       NaN      0
     0      0      0       0      0      0       NaN      NaN       NaN      0
     0      0      0       0      0      0       NaN      NaN       NaN      0
     0      0      0       0      0      0       NaN      NaN       NaN      0
     0      0      0       0      0      0       NaN      NaN       NaN      0
     0      0      0       0      0      0       NaN      NaN       NaN      0
     0      0      0       0      0      0       NaN      NaN       NaN      0
     0      0      0       0      0      0       NaN      NaN       NaN      0
     0      0      0       0      0      0       NaN      NaN       NaN      0
     0      0      0       0      0      0       NaN      NaN       NaN      0
     0      0      0       0      0      0       NaN      NaN       NaN      0
     0      0      0       0      0      0       NaN      NaN       NaN      0
     0      0      0       0      0      0       NaN      NaN       NaN      0
     0      0      0       0      0      0       NaN      NaN       NaN      0
     0      0      0       0      0      0       NaN      NaN       NaN      0
     0      0      0       0      0      0       NaN      NaN       NaN      0
     0      0      0       0      0      0       NaN      NaN       NaN      0
     0      0      0       0      0      0       NaN      NaN       NaN      0
     0      0      0       0      0      0       NaN      NaN       NaN      0
     0      0      0       0      0      0       NaN      NaN       NaN      0
     0      0      0       0      0      0       NaN      NaN       NaN      0
     0      0      0       0      0      0       NaN      NaN       NaN      0
     0      0      0       0      0      0       NaN      NaN       NaN      0
     0      0      0       0      0      0       NaN      NaN       NaN      0
     0      0      0       0      0      0       NaN      NaN       NaN      0
================================================================================
ALL STATS (timing measures are in microseconds)
WORKER 0:
Type     |Total    |Ops/sec  |Hits/sec |Miss/Sec |Resp Time|Proc Time|Srvr Time
SET      |        0|     0.00|     0.00|     0.00|      NaN|      NaN|      NaN
GET      |        0|     0.00|     0.00|     0.00|      NaN|      NaN|      NaN
MULTIGET |       55|     0.62|     0.62|     0.00|  3078.33|  2911.22|  2763.02
INVALID  |        0|     0.00|      ---|      ---|      NaN|      NaN|      ---
Average mutliget length: 9.00
================================================================================
WORKER 1:
Type     |Total    |Ops/sec  |Hits/sec |Miss/Sec |Resp Time|Proc Time|Srvr Time
SET      |        0|     0.00|     0.00|     0.00|      NaN|      NaN|      NaN
GET      |        0|     0.00|     0.00|     0.00|      NaN|      NaN|      NaN
MULTIGET |       56|     0.63|     0.63|     0.00|  3276.54|  3188.48|  3062.80
INVALID  |        0|     0.00|      ---|      ---|      NaN|      NaN|      ---
Average mutliget length: 9.00
================================================================================
WORKER 2:
Type     |Total    |Ops/sec  |Hits/sec |Miss/Sec |Resp Time|Proc Time|Srvr Time
SET      |        0|     0.00|     0.00|     0.00|      NaN|      NaN|      NaN
GET      |        0|     0.00|     0.00|     0.00|      NaN|      NaN|      NaN
MULTIGET |       58|     0.65|     0.65|     0.00|  3579.22|  3508.41|  3373.45
INVALID  |        0|     0.00|      ---|      ---|      NaN|      NaN|      ---
Average mutliget length: 9.00
================================================================================
WORKER 3:
Type     |Total    |Ops/sec  |Hits/sec |Miss/Sec |Resp Time|Proc Time|Srvr Time
SET      |        0|     0.00|     0.00|     0.00|      NaN|      NaN|      NaN
GET      |        0|     0.00|     0.00|     0.00|      NaN|      NaN|      NaN
MULTIGET |       56|     0.63|     0.63|     0.00|  3525.91|  3469.84|  2637.05
INVALID  |        0|     0.00|      ---|      ---|      NaN|      NaN|      ---
Average mutliget length: 9.00
================================================================================
WORKER 4:
Type     |Total    |Ops/sec  |Hits/sec |Miss/Sec |Resp Time|Proc Time|Srvr Time
SET      |        0|     0.00|     0.00|     0.00|      NaN|      NaN|      NaN
GET      |        0|     0.00|     0.00|     0.00|      NaN|      NaN|      NaN
MULTIGET |       60|     0.67|     0.67|     0.00|  3387.90|  3222.53|  3072.10
INVALID  |        0|     0.00|      ---|      ---|      NaN|      NaN|      ---
Average mutliget length: 9.00
================================================================================
WORKER 5:
Type     |Total    |Ops/sec  |Hits/sec |Miss/Sec |Resp Time|Proc Time|Srvr Time
SET      |        0|     0.00|     0.00|     0.00|      NaN|      NaN|      NaN
GET      |        0|     0.00|     0.00|     0.00|      NaN|      NaN|      NaN
MULTIGET |       59|     0.66|     0.66|     0.00|  3216.71|  2935.41|  2759.32
INVALID  |        0|     0.00|      ---|      ---|      NaN|      NaN|      ---
Average mutliget length: 9.00
================================================================================
WORKER 6:
Type     |Total    |Ops/sec  |Hits/sec |Miss/Sec |Resp Time|Proc Time|Srvr Time
SET      |        0|     0.00|     0.00|     0.00|      NaN|      NaN|      NaN
GET      |        0|     0.00|     0.00|     0.00|      NaN|      NaN|      NaN
MULTIGET |       59|     0.66|     0.66|     0.00|  3318.53|  3181.31|  2806.46
INVALID  |        0|     0.00|      ---|      ---|      NaN|      NaN|      ---
Average mutliget length: 9.00
================================================================================
WORKER 7:
Type     |Total    |Ops/sec  |Hits/sec |Miss/Sec |Resp Time|Proc Time|Srvr Time
SET      |        0|     0.00|     0.00|     0.00|      NaN|      NaN|      NaN
GET      |        0|     0.00|     0.00|     0.00|      NaN|      NaN|      NaN
MULTIGET |       57|     0.64|     0.64|     0.00|  2852.00|  2784.74|  2577.30
INVALID  |        0|     0.00|      ---|      ---|      NaN|      NaN|      ---
Average mutliget length: 9.00
================================================================================
WORKER 8:
Type     |Total    |Ops/sec  |Hits/sec |Miss/Sec |Resp Time|Proc Time|Srvr Time
SET      |        0|     0.00|     0.00|     0.00|      NaN|      NaN|      NaN
GET      |        0|     0.00|     0.00|     0.00|      NaN|      NaN|      NaN
MULTIGET |       56|     0.63|     0.63|     0.00|  3320.89|  3180.00|  2915.70
INVALID  |        0|     0.00|      ---|      ---|      NaN|      NaN|      ---
Average mutliget length: 9.00
================================================================================
WORKER 9:
Type     |Total    |Ops/sec  |Hits/sec |Miss/Sec |Resp Time|Proc Time|Srvr Time
SET      |        0|     0.00|     0.00|     0.00|      NaN|      NaN|      NaN
GET      |        0|     0.00|     0.00|     0.00|      NaN|      NaN|      NaN
MULTIGET |       57|     0.64|     0.64|     0.00|  3188.12|  3106.88|  2882.77
INVALID  |        0|     0.00|      ---|      ---|      NaN|      NaN|      ---
Average mutliget length: 9.00
================================================================================
WORKER 10:
Type     |Total    |Ops/sec  |Hits/sec |Miss/Sec |Resp Time|Proc Time|Srvr Time
SET      |        0|     0.00|     0.00|     0.00|      NaN|      NaN|      NaN
GET      |        0|     0.00|     0.00|     0.00|      NaN|      NaN|      NaN
MULTIGET |       59|     0.66|     0.66|     0.00|  3163.61|  3026.88|  2817.66
INVALID  |        0|     0.00|      ---|      ---|      NaN|      NaN|      ---
Average mutliget length: 9.00
================================================================================
WORKER 11:
Type     |Total    |Ops/sec  |Hits/sec |Miss/Sec |Resp Time|Proc Time|Srvr Time
SET      |        0|     0.00|     0.00|     0.00|      NaN|      NaN|      NaN
GET      |        0|     0.00|     0.00|     0.00|      NaN|      NaN|      NaN
MULTIGET |       56|     0.63|     0.63|     0.00|  3107.63|  3023.30|  2709.21
INVALID  |        0|     0.00|      ---|      ---|      NaN|      NaN|      ---
Average mutliget length: 9.00
================================================================================
WORKER 12:
Type     |Total    |Ops/sec  |Hits/sec |Miss/Sec |Resp Time|Proc Time|Srvr Time
SET      |        0|     0.00|     0.00|     0.00|      NaN|      NaN|      NaN
GET      |        0|     0.00|     0.00|     0.00|      NaN|      NaN|      NaN
MULTIGET |       58|     0.65|     0.65|     0.00|  3179.95|  3049.02|  2840.24
INVALID  |        0|     0.00|      ---|      ---|      NaN|      NaN|      ---
Average mutliget length: 9.00
================================================================================
WORKER 13:
Type     |Total    |Ops/sec  |Hits/sec |Miss/Sec |Resp Time|Proc Time|Srvr Time
SET      |        0|     0.00|     0.00|     0.00|      NaN|      NaN|      NaN
GET      |        0|     0.00|     0.00|     0.00|      NaN|      NaN|      NaN
MULTIGET |       55|     0.62|     0.62|     0.00|  3140.55|  2983.75|  2827.75
INVALID  |        0|     0.00|      ---|      ---|      NaN|      NaN|      ---
Average mutliget length: 9.00
================================================================================
WORKER 14:
Type     |Total    |Ops/sec  |Hits/sec |Miss/Sec |Resp Time|Proc Time|Srvr Time
SET      |        0|     0.00|     0.00|     0.00|      NaN|      NaN|      NaN
GET      |        0|     0.00|     0.00|     0.00|      NaN|      NaN|      NaN
MULTIGET |       53|     0.60|     0.60|     0.00|  2785.74|  2726.89|  2518.96
INVALID  |        0|     0.00|      ---|      ---|      NaN|      NaN|      ---
Average mutliget length: 9.00
================================================================================
WORKER 15:
Type     |Total    |Ops/sec  |Hits/sec |Miss/Sec |Resp Time|Proc Time|Srvr Time
SET      |        0|     0.00|     0.00|     0.00|      NaN|      NaN|      NaN
GET      |        0|     0.00|     0.00|     0.00|      NaN|      NaN|      NaN
MULTIGET |       61|     0.69|     0.69|     0.00|  3221.34|  3031.56|  2847.92
INVALID  |        0|     0.00|      ---|      ---|      NaN|      NaN|      ---
Average mutliget length: 9.00
================================================================================
WORKER 16:
Type     |Total    |Ops/sec  |Hits/sec |Miss/Sec |Resp Time|Proc Time|Srvr Time
SET      |        0|     0.00|     0.00|     0.00|      NaN|      NaN|      NaN
GET      |        0|     0.00|     0.00|     0.00|      NaN|      NaN|      NaN
MULTIGET |       59|     0.66|     0.66|     0.00|  3353.44|  3054.71|  2940.51
INVALID  |        0|     0.00|      ---|      ---|      NaN|      NaN|      ---
Average mutliget length: 9.00
================================================================================
WORKER 17:
Type     |Total    |Ops/sec  |Hits/sec |Miss/Sec |Resp Time|Proc Time|Srvr Time
SET      |        0|     0.00|     0.00|     0.00|      NaN|      NaN|      NaN
GET      |        0|     0.00|     0.00|     0.00|      NaN|      NaN|      NaN
MULTIGET |       57|     0.64|     0.64|     0.00|  3259.49|  3059.44|  2764.09
INVALID  |        0|     0.00|      ---|      ---|      NaN|      NaN|      ---
Average mutliget length: 9.00
================================================================================
WORKER 18:
Type     |Total    |Ops/sec  |Hits/sec |Miss/Sec |Resp Time|Proc Time|Srvr Time
SET      |        0|     0.00|     0.00|     0.00|      NaN|      NaN|      NaN
GET      |        0|     0.00|     0.00|     0.00|      NaN|      NaN|      NaN
MULTIGET |       55|     0.62|     0.62|     0.00|  2868.22|  2773.85|  2673.36
INVALID  |        0|     0.00|      ---|      ---|      NaN|      NaN|      ---
Average mutliget length: 9.00
================================================================================
WORKER 19:
Type     |Total    |Ops/sec  |Hits/sec |Miss/Sec |Resp Time|Proc Time|Srvr Time
SET      |        0|     0.00|     0.00|     0.00|      NaN|      NaN|      NaN
GET      |        0|     0.00|     0.00|     0.00|      NaN|      NaN|      NaN
MULTIGET |       55|     0.62|     0.62|     0.00|  3155.85|  3081.78|  2811.16
INVALID  |        0|     0.00|      ---|      ---|      NaN|      NaN|      ---
Average mutliget length: 9.00
================================================================================
WORKER 20:
Type     |Total    |Ops/sec  |Hits/sec |Miss/Sec |Resp Time|Proc Time|Srvr Time
SET      |        0|     0.00|     0.00|     0.00|      NaN|      NaN|      NaN
GET      |        0|     0.00|     0.00|     0.00|      NaN|      NaN|      NaN
MULTIGET |       57|     0.64|     0.64|     0.00|  3761.91|  3499.81|  3368.11
INVALID  |        0|     0.00|      ---|      ---|      NaN|      NaN|      ---
Average mutliget length: 9.00
================================================================================
WORKER 21:
Type     |Total    |Ops/sec  |Hits/sec |Miss/Sec |Resp Time|Proc Time|Srvr Time
SET      |        0|     0.00|     0.00|     0.00|      NaN|      NaN|      NaN
GET      |        0|     0.00|     0.00|     0.00|      NaN|      NaN|      NaN
MULTIGET |       57|     0.64|     0.64|     0.00|  3211.86|  2978.77|  2757.67
INVALID  |        0|     0.00|      ---|      ---|      NaN|      NaN|      ---
Average mutliget length: 9.00
================================================================================
WORKER 22:
Type     |Total    |Ops/sec  |Hits/sec |Miss/Sec |Resp Time|Proc Time|Srvr Time
SET      |        0|     0.00|     0.00|     0.00|      NaN|      NaN|      NaN
GET      |        0|     0.00|     0.00|     0.00|      NaN|      NaN|      NaN
MULTIGET |       56|     0.63|     0.63|     0.00|  3693.96|  3239.52|  2953.18
INVALID  |        0|     0.00|      ---|      ---|      NaN|      NaN|      ---
Average mutliget length: 9.00
================================================================================
WORKER 23:
Type     |Total    |Ops/sec  |Hits/sec |Miss/Sec |Resp Time|Proc Time|Srvr Time
SET      |        0|     0.00|     0.00|     0.00|      NaN|      NaN|      NaN
GET      |        0|     0.00|     0.00|     0.00|      NaN|      NaN|      NaN
MULTIGET |       55|     0.62|     0.62|     0.00|  3100.69|  3041.35|  2917.15
INVALID  |        0|     0.00|      ---|      ---|      NaN|      NaN|      ---
Average mutliget length: 9.00
================================================================================
WORKER 24:
Type     |Total    |Ops/sec  |Hits/sec |Miss/Sec |Resp Time|Proc Time|Srvr Time
SET      |        0|     0.00|     0.00|     0.00|      NaN|      NaN|      NaN
GET      |        0|     0.00|     0.00|     0.00|      NaN|      NaN|      NaN
MULTIGET |       58|     0.65|     0.65|     0.00|  3170.12|  3040.86|  2702.59
INVALID  |        0|     0.00|      ---|      ---|      NaN|      NaN|      ---
Average mutliget length: 9.00
================================================================================
WORKER 25:
Type     |Total    |Ops/sec  |Hits/sec |Miss/Sec |Resp Time|Proc Time|Srvr Time
SET      |        0|     0.00|     0.00|     0.00|      NaN|      NaN|      NaN
GET      |        0|     0.00|     0.00|     0.00|      NaN|      NaN|      NaN
MULTIGET |       56|     0.63|     0.63|     0.00|  3133.63|  3041.59|  2927.14
INVALID  |        0|     0.00|      ---|      ---|      NaN|      NaN|      ---
Average mutliget length: 9.00
================================================================================
WORKER 26:
Type     |Total    |Ops/sec  |Hits/sec |Miss/Sec |Resp Time|Proc Time|Srvr Time
SET      |        0|     0.00|     0.00|     0.00|      NaN|      NaN|      NaN
GET      |        0|     0.00|     0.00|     0.00|      NaN|      NaN|      NaN
MULTIGET |       56|     0.63|     0.63|     0.00|  3083.91|  2929.00|  2595.93
INVALID  |        0|     0.00|      ---|      ---|      NaN|      NaN|      ---
Average mutliget length: 9.00
================================================================================
WORKER 27:
Type     |Total    |Ops/sec  |Hits/sec |Miss/Sec |Resp Time|Proc Time|Srvr Time
SET      |        0|     0.00|     0.00|     0.00|      NaN|      NaN|      NaN
GET      |        0|     0.00|     0.00|     0.00|      NaN|      NaN|      NaN
MULTIGET |       57|     0.64|     0.64|     0.00|  3524.00|  3411.37|  3145.11
INVALID  |        0|     0.00|      ---|      ---|      NaN|      NaN|      ---
Average mutliget length: 9.00
================================================================================
WORKER 28:
Type     |Total    |Ops/sec  |Hits/sec |Miss/Sec |Resp Time|Proc Time|Srvr Time
SET      |        0|     0.00|     0.00|     0.00|      NaN|      NaN|      NaN
GET      |        0|     0.00|     0.00|     0.00|      NaN|      NaN|      NaN
MULTIGET |       58|     0.65|     0.65|     0.00|  3398.71|  3319.40|  3057.62
INVALID  |        0|     0.00|      ---|      ---|      NaN|      NaN|      ---
Average mutliget length: 9.00
================================================================================
WORKER 29:
Type     |Total    |Ops/sec  |Hits/sec |Miss/Sec |Resp Time|Proc Time|Srvr Time
SET      |        0|     0.00|     0.00|     0.00|      NaN|      NaN|      NaN
GET      |        0|     0.00|     0.00|     0.00|      NaN|      NaN|      NaN
MULTIGET |       55|     0.62|     0.62|     0.00|  3289.93|  3158.55|  2815.00
INVALID  |        0|     0.00|      ---|      ---|      NaN|      NaN|      ---
Average mutliget length: 9.00
================================================================================
WORKER 30:
Type     |Total    |Ops/sec  |Hits/sec |Miss/Sec |Resp Time|Proc Time|Srvr Time
SET      |        0|     0.00|     0.00|     0.00|      NaN|      NaN|      NaN
GET      |        0|     0.00|     0.00|     0.00|      NaN|      NaN|      NaN
MULTIGET |       58|     0.65|     0.65|     0.00|  3103.28|  3053.24|  2869.91
INVALID  |        0|     0.00|      ---|      ---|      NaN|      NaN|      ---
Average mutliget length: 9.00
================================================================================
WORKER 31:
Type     |Total    |Ops/sec  |Hits/sec |Miss/Sec |Resp Time|Proc Time|Srvr Time
SET      |        0|     0.00|     0.00|     0.00|      NaN|      NaN|      NaN
GET      |        0|     0.00|     0.00|     0.00|      NaN|      NaN|      NaN
MULTIGET |       57|     0.64|     0.64|     0.00|  2899.89|  2774.35|  2630.14
INVALID  |        0|     0.00|      ---|      ---|      NaN|      NaN|      ---
Average mutliget length: 9.00
================================================================================
================================================================================

AGGREGATE FOR ALL WORKERS:
Type     |Total    |Ops/sec  |Hits/sec |Miss/Sec |Resp Time|Proc Time|Srvr Time
SET      |        0|     0.00|     0.00|     0.00|      NaN|      NaN|      NaN
GET      |        0|     0.00|     0.00|     0.00|      NaN|      NaN|      NaN
MULTIGET |     1821|    20.46|    20.46|     0.00|  3231.79|  3088.51|  2856.13
INVALID  |        0|     0.00|      ---|      ---|      NaN|      NaN|      ---
Average mutliget length: 9.00


 HISTOGRAM
  Response time (ms)   Percent

