[7l----total-cpu-usage---- -net/total- -dsk/total- --epoch---
usr sys idl wai hiq siq| recv  send| read  writ|  epoch   
  7  10  78   0   5   0|   0     0 |3021B  816k|1511013186
  4   6  86   0   4   0|1725k 1735k|   0    12k|1511013187
  4   6  87   0   4   0|1437k 1445k|   0     0 |1511013188
  3   6  87   0   4   0|1418k 1419k|   0     0 |1511013189
  4   6  85   1   4   0|1569k 1579k|   0    32k|1511013190
  4   6  86   0   4   0|1551k 1562k|   0     0 |1511013191
  4   6  85   0   4   0|1582k 1592k|   0    28k|1511013192
  4   6  87   0   4   0|1491k 1496k|   0     0 |1511013193
  4   6  87   0   4   0|1476k 1481k|   0     0 |1511013194
  4   6  85   2   4   0|1496k 1503k|   0    28k|1511013195
  3   6  87   0   4   0|1430k 1440k|   0     0 |1511013196
  4   6  88   0   4   0|1452k 1461k|   0     0 |1511013197
  4   6  86   0   4   0|1537k 1547k|   0     0 |1511013198
  4   6  86   0   4   0|1498k 1506k|   0     0 |1511013199
  4   6  86   1   4   0|1457k 1467k|   0    12k|1511013200
  4   6  86   0   4   0|1501k 1511k|   0     0 |1511013201
  4   7  86   0   4   0|1425k 1433k|   0     0 |1511013202
  4   6  87   0   4   0|1502k 1509k|   0     0 |1511013203
  4   6  87   0   4   0|1465k 1477k|   0     0 |1511013204
  4   6  86   2   4   0|1453k 1463k|   0    12k|1511013205
  4   6  86   0   4   0|1475k 1482k|   0     0 |1511013206
  4   6  87   0   4   0|1522k 1533k|   0     0 |1511013207
  3   6  87   0   4   0|1480k 1486k|   0     0 |1511013208
  4   7  86   0   4   0|1592k 1600k|   0     0 |1511013209
  4   6  86   0   4   0|1556k 1567k|   0     0 |1511013210
  4   6  86   1   4   0|1519k 1520k|   0    12k|1511013211
  4   6  87   0   3   0|1494k 1503k|   0  8192B|1511013212
  4   7  86   0   4   0|1528k 1540k|   0     0 |1511013213
  4   6  86   0   4   0|1522k 1533k|   0     0 |1511013214
  4   6  87   0   4   0|1505k 1511k|   0     0 |1511013215
  4   6  86   1   4   0|1453k 1456k|   0    28k|1511013216
  3   6  87   0   4   0|1490k 1494k|   0    20k|1511013217
  4   6  87   0   4   0|1507k 1513k|   0     0 |1511013218
  4   7  86   0   4   0|1517k 1527k|   0     0 |1511013219
  4   6  87   0   4   0|1480k 1490k|   0     0 |1511013220
  4   6  86   0   4   0|1506k 1516k|   0     0 |1511013221
  4   6  86   1   4   0|1486k 1490k|   0    60k|1511013222
  4   6  87   0   4   0|1476k 1483k|   0     0 |1511013223
  4   6  86   0   4   0|1503k 1511k|   0     0 |1511013224
  4   6  86   0   4   0|1507k 1520k|   0     0 |1511013225
  4   6  87   0   4   0|1479k 1483k|   0     0 |1511013226
  4   6  86   1   4   0|1435k 1442k|   0    12k|1511013227
  4   6  87   0   4   0|1490k 1494k|   0     0 |1511013228
  4   6  87   0   4   0|1504k 1510k|   0     0 |1511013229
  3   6  87   0   3   0|1476k 1485k|   0     0 |1511013230
  4   6  87   0   4   0|1461k 1471k|   0     0 |1511013231
  4   6  86   1   4   0|1513k 1523k|   0    12k|1511013232
  4   6  86   0   4   0|1473k 1483k|   0     0 |1511013233
  4   6  87   0   4   0|1492k 1495k|   0     0 |1511013234
  4   6  87   0   4   0|1546k 1560k|   0     0 |1511013235
  4   6  87   0   4   0|1539k 1548k|   0     0 |1511013236
  4   6  85   2   4   0|1541k 1553k|   0    12k|1511013237
  4   6  87   0   4   0|1504k 1508k|   0     0 |1511013238
  4   6  87   0   4   0|1511k 1520k|   0     0 |1511013239
  4   6  86   0   4   0|1574k 1585k|   0     0 |1511013240
  3   6  87   0   4   0|1460k 1464k|   0     0 |1511013241
  4   6  86   1   4   0|1524k 1533k|   0  8192B|1511013242
  4   6  86   1   4   0|1549k 1558k|   0  4096B|1511013243
  4   6  87   0   4   0|1515k 1522k|   0     0 |1511013244
  3   6  87   0   4   0|1498k 1509k|   0     0 |1511013245
  4   6  86   0   4   0|1464k 1474k|   0     0 |1511013246
  4   6  87   0   4   0|1516k 1524k|   0     0 |1511013247
  4   7  85   1   4   0|1522k 1532k|   0    12k|1511013248
  4   6  87   0   4   0|1478k 1484k|   0     0 |1511013249
  4   6  86   0   4   0|1516k 1526k|   0     0 |1511013250
  4   6  87   0   4   0|1477k 1485k|   0     0 |1511013251
  4   6  86   0   4   0|1503k 1514k|   0    20k|1511013252
  4   6  85   2   4   0|1518k 1527k|   0    20k|1511013253
  4   6  87   0   4   0|1515k 1522k|   0     0 |1511013254
  4   6  86   0   4   0|1532k 1541k|   0     0 |1511013255
  4   6  87   0   4   0|1454k 1455k|   0     0 |1511013256
  4   6  87   0   4   0|1517k 1527k|   0     0 |1511013257
  4   6  85   1   4   0|1530k 1540k|   0    12k|1511013258
  3   6  86   0   4   0|1518k 1525k|   0     0 |1511013259
  4   6  87   0   4   0|1471k 1480k|   0     0 |1511013260
  4   6  86   0   4   0|1469k 1476k|   0     0 |1511013261
  4   6  87   0   4   0|1526k 1536k|   0     0 |1511013262
  3   6  85   1   4   0|1453k 1460k|   0    12k|1511013263
  4   6  87   0   4   0|1442k 1446k|   0     0 |1511013264
  4   6  86   0   4   0|1536k 1547k|   0     0 |1511013265
  4   7  86   0   4   0|1496k 1504k|   0     0 |1511013266
  4   6  86   0   4   0|1542k 1552k|   0  8192B|1511013267
  4   6  85   1   4   0|1469k 1476k|   0    12k|1511013268
  4   6  86   0   5   0|1581k 1592k|   0     0 |1511013269
  4   6  87   0   4   0|1520k 1530k|   0     0 |1511013270
  4   6  86   0   4   0|1463k 1463k|   0     0 |1511013271
  4   5  88   0   4   0|1441k 1446k|   0     0 |1511013272
  4   6  87   0   4   0|1541k 1553k|   0     0 |1511013273
  4   6  85   1   4   0|1505k 1512k|   0    12k|1511013274
  4   6  87   0   4   0|1530k 1540k|   0     0 |1511013275
  3   5  89   0   3   0|1145k 1113k|   0     0 |1511013276
