[7l----total-cpu-usage---- -net/total- -dsk/total- --epoch---
usr sys idl wai hiq siq| recv  send| read  writ|  epoch   
  0   1  96   2   1   0|   0     0 | 138k  160M|1510764654
  3   2  93   1   1   0|1158k 2959k|  12k  116k|1510764655
  6   5  88   0   1   0|2479k 6348k|   0     0 |1510764656
  6   6  88   0   1   0|2523k 6456k|   0     0 |1510764657
  4   4  92   0   1   0|2500k 6398k|   0     0 |1510764658
  2   2  96   0   1   0|2543k 6509k|   0     0 |1510764659
  2   2  95   1   1   0|2446k 6257k|   0    84k|1510764660
  2   3  94   0   1   0|2512k 6432k|   0     0 |1510764661
  1   2  96   0   1   0|2545k 6514k|   0     0 |1510764662
  2   3  94   0   1   0|2484k 6358k|   0     0 |1510764663
  2   3  93   0   1   0|2559k 6549k|   0     0 |1510764664
  1   2  96   1   1   0|2520k 6449k|   0    52k|1510764665
  2   2  95   0   1   0|2493k 6382k|   0     0 |1510764666
  1   2  96   0   1   0|2633k 6741k|   0     0 |1510764667
  1   2  97   0   1   0|2666k 6825k|   0     0 |1510764668
  1   2  96   0   1   0|2499k 6395k|   0     0 |1510764669
  1   1  96   1   1   0|2397k 6136k|   0    44k|1510764670
  1   2  97   0   1   0|2400k 6143k|   0     0 |1510764671
  1   2  97   0   1   0|2459k 6294k|   0     0 |1510764672
  1   2  97   0   1   0|2544k 6507k|   0     0 |1510764673
  1   2  97   0   1   0|2529k 6478k|   0     0 |1510764674
  1   1  96   1   1   0|2473k 6328k|   0    44k|1510764675
  1   2  96   0   1   0|2578k 6593k|   0     0 |1510764676
  1   2  96   0   1   0|2635k 6751k|   0     0 |1510764677
  1   2  97   0   1   0|2537k 6493k|   0     0 |1510764678
  1   2  96   0   1   0|2554k 6539k|   0     0 |1510764679
  1   2  96   1   1   0|2584k 6614k|   0    44k|1510764680
  1   2  97   0   1   0|2587k 6620k|   0     0 |1510764681
  1   2  96   0   1   0|2644k 6768k|   0     0 |1510764682
  1   2  96   0   1   0|2601k 6657k|   0     0 |1510764683
  1   2  97   0   1   0|2559k 6550k|   0     0 |1510764684
  1   2  96   1   1   0|2581k 6607k|   0    44k|1510764685
  1   2  96   0   1   0|2638k 6755k|   0     0 |1510764686
  1   2  96   0   1   0|2689k 6880k|   0     0 |1510764687
  1   2  96   0   1   0|2613k 6691k|   0     0 |1510764688
  1   2  97   0   1   0|2654k 6792k|   0     0 |1510764689
  1   2  95   1   1   0|2522k 6455k|   0    44k|1510764690
  1   2  96   0   1   0|2557k 6547k|   0     0 |1510764691
  1   2  96   0   1   0|2512k 6425k|   0     0 |1510764692
  2   2  96   0   1   0|2623k 6712k|   0     0 |1510764693
  1   2  96   0   1   0|2572k 6592k|   0     0 |1510764694
  1   1  96   1   1   0|2572k 6583k|   0    44k|1510764695
  1   2  96   0   1   0|2478k 6341k|   0     0 |1510764696
  1   2  97   0   1   0|2674k 6845k|   0     0 |1510764697
  1   2  96   0   1   0|2564k 6563k|   0     0 |1510764698
  1   2  97   0   1   0|2637k 6744k|   0     0 |1510764699
  1   2  96   1   1   0|2564k 6570k|   0    44k|1510764700
  1   2  96   0   1   0|2549k 6526k|   0     0 |1510764701
  1   2  96   0   1   0|2614k 6689k|   0     0 |1510764702
  2   3  94   0   1   0|2642k 6764k|   0     0 |1510764703
  1   2  96   0   1   0|2622k 6711k|   0     0 |1510764704
  1   2  96   1   1   0|2455k 6284k|   0    56k|1510764705
  1   2  96   0   1   0|2468k 6318k|   0     0 |1510764706
  1   2  96   0   1   0|2560k 6553k|   0     0 |1510764707
  1   2  96   0   1   0|2637k 6751k|   0     0 |1510764708
  1   2  97   0   1   0|2632k 6735k|   0     0 |1510764709
  1   1  96   0   1   0|2187k 5602k|   0    52k|1510764710
  1   2  96   0   1   0|2587k 6624k|   0     0 |1510764711
  1   1  97   0   1   0|2672k 6840k|   0     0 |1510764712
  1   2  96   0   1   0|2562k 6556k|   0     0 |1510764713
  1   2  96   0   1   0|2576k 6593k|   0     0 |1510764714
  1   2  96   1   1   0|2546k 6516k|   0    56k|1510764715
  1   2  96   0   1   0|2576k 6593k|   0     0 |1510764716
  1   2  97   0   1   0|2534k 6486k|   0     0 |1510764717
  1   2  96   0   1   0|2514k 6435k|   0     0 |1510764718
  1   2  96   0   1   0|2608k 6674k|   0     0 |1510764719
  1   2  96   0   1   0|2572k 6583k|   0    52k|1510764720
  1   2  96   0   1   0|2576k 6593k|   0     0 |1510764721
  1   2  96   0   1   0|2489k 6371k|   0     0 |1510764722
  1   2  97   0   1   0|2468k 6314k|   0     0 |1510764723
  1   2  97   0   1   0|2518k 6445k|   0     0 |1510764724
  1   1  96   0   1   0|2638k 6751k|   0    56k|1510764725
  1   2  96   0   1   0|2418k 6190k|   0     0 |1510764726
  1   2  96   0   1   0|2479k 6345k|   0     0 |1510764727
  1   2  96   0   1   0|2564k 6556k|   0     0 |1510764728
  1   2  96   0   1   0|2535k 6496k|   0     0 |1510764729
  1   2  96   0   1   0|2615k 6694k|   0    52k|1510764730
  1   2  96   0   1   0|2567k 6570k|   0     0 |1510764731
  1   2  96   0   1   0|2572k 6583k|   0     0 |1510764732
  1   2  96   0   1   0|2661k 6812k|   0     0 |1510764733
  1   2  96   0   1   0|2611k 6684k|   0     0 |1510764734
  1   2  96   0   1   0|2426k 6210k|   0    44k|1510764735
  1   2  96   0   1   0|2550k 6526k|   0     0 |1510764736
  1   2  96   0   1   0|2519k 6447k|   0     0 |1510764737
  1   2  96   0   1   0|2603k 6658k|   0     0 |1510764738
  1   2  96   0   1   0|2531k 6485k|   0     0 |1510764739
  1   2  96   0   1   0|2488k 6369k|   0    44k|1510764740
  1   2  96   0   1   0|2556k 6543k|   0     0 |1510764741
  1   2  96   0   1   0|2582k 6610k|   0     0 |1510764742
  1   2  95   0   1   0|2501k 6402k|   0     0 |1510764743
  2   2  95   0   1   0|2507k 6415k|   0     0 |1510764744
