Threads: 8, Sharded reads: false, Number of Memcached servers: 3.

All measures in microseconds.
  SETS   GETS  MGETS   INVLD    TOT   HITS     RSP T      Q T     SVR T  Q LEN
 15755      0      0       0  15755  15755   2330.72    67.87   2238.12      0
  2004      0      0       0   2004   2004   2273.09    83.91   2155.02      0
  2027      0      0       0   2027   2027   2242.40    70.01   2151.75      0
  2031      0      0       0   2031   2031   2250.34    66.03   2150.08      0
  2057      0      0       0   2057   2057   2206.20    37.93   2147.34      2
  1994      0      0       0   1994   1994   2261.50    41.99   2198.87      0
  1975      0      0       0   1975   1975   2317.03    57.88   2238.04      0
  1917      0      0       0   1917   1917   2392.35    63.81   2303.81      0
  1952      0      0       0   1952   1952   2344.06    69.45   2253.10      0
  1881      0      0       0   1881   1881   2453.50    61.54   2371.71      0
  1958      0      0       0   1958   1958   2328.20    59.88   2246.09      0
  1872      0      0       0   1872   1872   2438.90    89.51   2325.13      0
  1920      0      0       0   1920   1920   2328.11    57.67   2250.39      1
  1930      0      0       0   1930   1930   2325.95    64.57   2240.38      0
  1958      0      0       0   1958   1958   2337.05    70.62   2244.63      0
  1965      0      0       0   1965   1965   2317.29    70.08   2225.12      0
  1915      0      0       0   1915   1915   2364.58    57.81   2285.50      0
  1961      0      0       0   1961   1961   2306.19    67.72   2217.04      0
  1879      0      0       0   1879   1879   2396.88    61.10   2314.08      0
  1901      0      0       0   1901   1901   2389.34    62.76   2304.20      0
  1942      0      0       0   1942   1942   2346.95    62.88   2262.26      0
  2028      0      0       0   2028   2028   2225.03    59.48   2143.94      0
  1983      0      0       0   1983   1983   2249.46    64.78   2163.09      0
  2031      0      0       0   2031   2031   2205.15    58.10   2126.23      0
  2023      0      0       0   2023   2023   2226.26    60.04   2145.85      0
  1986      0      0       0   1986   1986   2281.71    62.18   2194.31      0
  1923      0      0       0   1923   1923   2386.67    63.20   2302.71      1
  1925      0      0       0   1925   1925   2347.46    61.69   2264.64      3
  1901      0      0       0   1901   1901   2354.18    50.72   2281.65      0
  1844      0      0       0   1844   1844   2454.23    68.67   2362.66      0
  1789      0      0       0   1789   1789   2477.68    81.42   2375.97      0
  1895      0      0       0   1895   1895   2409.26    63.44   2322.92      0
  1967      0      0       0   1967   1967   2310.01    64.51   2225.27      0
  1961      0      0       0   1961   1961   2317.51    60.82   2233.26      0
  1954      0      0       0   1954   1954   2314.90    55.67   2238.13      0
  1972      0      0       0   1972   1972   2316.06    49.58   2246.05      0
  1983      0      0       0   1983   1983   2270.59    50.13   2199.88      0
  1959      0      0       0   1959   1959   2348.98    69.97   2258.50      0
  1958      0      0       0   1958   1958   2340.35    63.41   2255.59      0
  1960      0      0       0   1960   1960   2339.70    53.10   2263.77      0
  1880      0      0       0   1880   1880   2405.26    60.50   2312.31      0
  1955      0      0       0   1955   1955   2383.61    54.53   2310.84      0
  1958      0      0       0   1958   1958   2369.98    57.84   2291.68      1
  1981      0      0       0   1981   1981   2307.15    46.57   2212.52      0
  2004      0      0       0   2004   2004   2267.26    59.20   2177.99      0
  1991      0      0       0   1991   1991   2268.32    54.32   2174.64      0
  1984      0      0       0   1984   1984   2274.13    52.25   2185.86      0
  1986      0      0       0   1986   1986   2322.52    46.87   2247.40      0
  1958      0      0       0   1958   1958   2325.27    37.21   2255.97      0
  1824      0      0       0   1824   1824   2422.54    41.77   2351.84      0
  1855      0      0       0   1855   1855   2393.06    57.04   2302.66      3
  1954      0      0       0   1954   1954   2325.85    50.22   2255.40      0
  1895      0      0       0   1895   1895   2422.36    80.20   2300.29      0
  1866      0      0       0   1866   1866   2437.02    52.70   2348.84      0
  1965      0      0       0   1965   1965   2271.22    54.85   2197.35      0
  1890      0      0       0   1890   1890   2393.92    60.73   2297.59      0
  1953      0      0       0   1953   1953   2328.72    56.62   2253.30      0
  1973      0      0       0   1973   1973   2309.46    53.45   2224.01      0
  2076      0      0       0   2076   2076   2233.73    52.04   2163.54      0
  1961      0      0       0   1961   1961   2360.78    46.41   2281.03      0
  1990      0      0       0   1990   1990   2282.81    46.25   2218.53      0
  1931      0      0       0   1931   1931   2321.43    43.61   2257.98      0
  1876      0      0       0   1876   1876   2404.84    57.84   2319.44      0
  1984      0      0       0   1984   1984   2302.57    53.01   2230.48      0
  2028      0      0       0   2028   2028   2237.95    49.16   2169.03      0
  1972      0      0       0   1972   1972   2238.03    55.04   2164.81      0
  2030      0      0       0   2030   2030   2220.08    56.03   2143.60      0
  1892      0      0       0   1892   1892   2350.15    52.82   2276.01      0
  1999      0      0       0   1999   1999   2273.48    59.37   2195.30      0
  1957      0      0       0   1957   1957   2306.32    60.95   2226.50      0
  1980      0      0       0   1980   1980   2304.82    51.96   2231.59      0
  1923      0      0       0   1923   1923   2354.63    61.34   2274.64      0
  1927      0      0       0   1927   1927   2335.11    53.83   2263.13      0
  1957      0      0       0   1957   1957   2318.22    53.91   2242.81      0
  1979      0      0       0   1979   1979   2292.77    60.44   2212.35      0
  1876      0      0       0   1876   1876   2401.30    51.51   2322.45      0
  1956      0      0       0   1956   1956   2339.71    54.71   2265.88      0
  2024      0      0       0   2024   2024   2240.76    45.43   2178.32      0
  1965      0      0       0   1965   1965   2297.11    46.59   2229.53      0
  2030      0      0       0   2030   2030   2224.00    42.66   2163.21      0
  1994      0      0       0   1994   1994   2258.11    49.86   2187.54      0
  1967      0      0       0   1967   1967   2297.84    65.12   2213.61      0
   387      0      0       0    387    387   2503.90    51.21   2432.84      0
     0      0      0       0      0      0       NaN      NaN       NaN      0
     0      0      0       0      0      0       NaN      NaN       NaN      0
     0      0      0       0      0      0       NaN      NaN       NaN      0
     0      0      0       0      0      0       NaN      NaN       NaN      0
     0      0      0       0      0      0       NaN      NaN       NaN      0
================================================================================
ALL STATS (timing measures are in microseconds)
WORKER 0:
Type     |Total    |Ops/sec  |Hits/sec |Miss/Sec |Resp Time|Proc Time|Srvr Time
SET      |    21761|   239.13|   239.13|     0.00|  2325.83|  2268.08|  2244.42
GET      |        0|     0.00|     0.00|     0.00|      NaN|      NaN|      NaN
MULTIGET |        0|     0.00|     0.00|     0.00|      NaN|      NaN|      NaN
INVALID  |        0|     0.00|      ---|      ---|      NaN|      NaN|      ---
Average mutliget length: NaN
================================================================================
WORKER 1:
Type     |Total    |Ops/sec  |Hits/sec |Miss/Sec |Resp Time|Proc Time|Srvr Time
SET      |    21686|   238.31|   238.31|     0.00|  2321.37|  2262.99|  2239.35
GET      |        0|     0.00|     0.00|     0.00|      NaN|      NaN|      NaN
MULTIGET |        0|     0.00|     0.00|     0.00|      NaN|      NaN|      NaN
INVALID  |        0|     0.00|      ---|      ---|      NaN|      NaN|      ---
Average mutliget length: NaN
================================================================================
WORKER 2:
Type     |Total    |Ops/sec  |Hits/sec |Miss/Sec |Resp Time|Proc Time|Srvr Time
SET      |    21816|   239.74|   239.74|     0.00|  2329.28|  2268.99|  2245.13
GET      |        0|     0.00|     0.00|     0.00|      NaN|      NaN|      NaN
MULTIGET |        0|     0.00|     0.00|     0.00|      NaN|      NaN|      NaN
INVALID  |        0|     0.00|      ---|      ---|      NaN|      NaN|      ---
Average mutliget length: NaN
================================================================================
WORKER 3:
Type     |Total    |Ops/sec  |Hits/sec |Miss/Sec |Resp Time|Proc Time|Srvr Time
SET      |    21970|   241.43|   241.43|     0.00|  2319.93|  2262.35|  2239.17
GET      |        0|     0.00|     0.00|     0.00|      NaN|      NaN|      NaN
MULTIGET |        0|     0.00|     0.00|     0.00|      NaN|      NaN|      NaN
INVALID  |        0|     0.00|      ---|      ---|      NaN|      NaN|      ---
Average mutliget length: NaN
================================================================================
WORKER 4:
Type     |Total    |Ops/sec  |Hits/sec |Miss/Sec |Resp Time|Proc Time|Srvr Time
SET      |    21704|   238.51|   238.51|     0.00|  2324.25|  2264.06|  2238.88
GET      |        0|     0.00|     0.00|     0.00|      NaN|      NaN|      NaN
MULTIGET |        0|     0.00|     0.00|     0.00|      NaN|      NaN|      NaN
INVALID  |        0|     0.00|      ---|      ---|      NaN|      NaN|      ---
Average mutliget length: NaN
================================================================================
WORKER 5:
Type     |Total    |Ops/sec  |Hits/sec |Miss/Sec |Resp Time|Proc Time|Srvr Time
SET      |    21761|   239.13|   239.13|     0.00|  2326.93|  2268.73|  2243.49
GET      |        0|     0.00|     0.00|     0.00|      NaN|      NaN|      NaN
MULTIGET |        0|     0.00|     0.00|     0.00|      NaN|      NaN|      NaN
INVALID  |        0|     0.00|      ---|      ---|      NaN|      NaN|      ---
Average mutliget length: NaN
================================================================================
WORKER 6:
Type     |Total    |Ops/sec  |Hits/sec |Miss/Sec |Resp Time|Proc Time|Srvr Time
SET      |    21849|   240.10|   240.10|     0.00|  2314.25|  2255.58|  2233.20
GET      |        0|     0.00|     0.00|     0.00|      NaN|      NaN|      NaN
MULTIGET |        0|     0.00|     0.00|     0.00|      NaN|      NaN|      NaN
INVALID  |        0|     0.00|      ---|      ---|      NaN|      NaN|      ---
Average mutliget length: NaN
================================================================================
WORKER 7:
Type     |Total    |Ops/sec  |Hits/sec |Miss/Sec |Resp Time|Proc Time|Srvr Time
SET      |    21822|   239.80|   239.80|     0.00|  2324.29|  2266.05|  2243.64
GET      |        0|     0.00|     0.00|     0.00|      NaN|      NaN|      NaN
MULTIGET |        0|     0.00|     0.00|     0.00|      NaN|      NaN|      NaN
INVALID  |        0|     0.00|      ---|      ---|      NaN|      NaN|      ---
Average mutliget length: NaN
================================================================================
================================================================================

AGGREGATE FOR ALL WORKERS:
Type     |Total    |Ops/sec  |Hits/sec |Miss/Sec |Resp Time|Proc Time|Srvr Time
SET      |   174369|  1916.14|  1916.14|     0.00|  2323.26|  2264.60|  2240.91
GET      |        0|     0.00|     0.00|     0.00|      NaN|      NaN|      NaN
MULTIGET |        0|     0.00|     0.00|     0.00|      NaN|      NaN|      NaN
INVALID  |        0|     0.00|      ---|      ---|      NaN|      NaN|      ---
Average mutliget length: NaN


 HISTOGRAM
  Response time (ms)   Percent
                 0.1      0.00%
                 0.2      0.00%
                 0.3      0.00%
                 0.4      0.00%
                 0.5      0.00%
                 0.6      0.00%
                 0.7      0.00%
                 0.8      0.00%
                 0.9      0.00%
                 1.0      0.00%
                 1.1      0.00%
                 1.2      0.00%
                 1.3      0.00%
                 1.4      0.00%
                 1.5      0.00%
                 1.6      0.00%
                 1.7      0.00%
                 1.8      0.00%
                 1.9      0.85%
                 2.0      9.96%
                 2.1     29.68%
                 2.2     51.20%
                 2.3     67.36%
                 2.4     77.52%
                 2.5     84.01%
                 2.6     88.13%
                 2.7     90.80%
                 2.8     92.82%
                 2.9     94.24%
                 3.0     95.28%
                 3.1     96.09%
                 3.2     96.70%
                 3.3     97.20%
                 3.4     97.59%
                 3.5     97.89%
                 3.6     98.11%
                 3.7     98.28%
                 3.8     98.43%
                 3.9     98.56%
                 4.0     98.68%
                 4.1     98.78%
                 4.2     98.87%
                 4.3     98.95%
                 4.4     99.02%
                 4.5     99.09%
                 4.6     99.15%
                 4.7     99.21%
                 4.8     99.24%
                 4.9     99.28%
                 5.0     99.34%
                 5.1     99.39%
                 5.2     99.43%
                 5.3     99.47%
                 5.4     99.49%
                 5.5     99.50%
                 5.6     99.52%
                 5.7     99.54%
                 5.8     99.56%
                 5.9     99.58%
                 6.0     99.60%
                 6.1     99.61%
                 6.2     99.62%
                 6.3     99.63%
                 6.4     99.64%
                 6.5     99.65%
                 6.6     99.67%
                 6.7     99.69%
                 6.8     99.71%
                 6.9     99.72%
                 7.0     99.73%
                 7.1     99.74%
                 7.2     99.75%
                 7.3     99.77%
                 7.4     99.78%
                 7.5     99.79%
                 7.6     99.80%
                 7.7     99.80%
                 7.8     99.80%
                 7.9     99.81%
                 8.0     99.82%
                 8.1     99.83%
                 8.2     99.84%
                 8.3     99.84%
                 8.4     99.85%
                 8.5     99.86%
                 8.6     99.87%
                 8.7     99.87%
                 8.8     99.88%
                 8.9     99.88%
                 9.0     99.89%
                 9.1     99.89%
                 9.2     99.89%
                 9.3     99.89%
                 9.4     99.90%
                 9.5     99.90%
                 9.6     99.90%
                 9.7     99.90%
                 9.8     99.90%
                 9.9     99.90%
                10.0     99.91%
                10.1     99.91%
                10.2     99.92%
                10.3     99.92%
                10.4     99.92%
                10.5     99.92%
                10.6     99.92%
                10.7     99.92%
                10.8     99.92%
                10.9     99.92%
                11.0     99.92%
                11.1     99.93%
                11.2     99.93%
                11.3     99.93%
                11.4     99.93%
                11.5     99.93%
                11.6     99.93%
                11.7     99.93%
                11.8     99.93%
                11.9     99.93%
                12.0     99.93%
                12.1     99.94%
                12.2     99.94%
                12.3     99.94%
                12.4     99.94%
                12.5     99.94%
                12.6     99.94%
                12.7     99.94%
                12.8     99.94%
                12.9     99.94%
                13.0     99.94%
                13.1     99.94%
                13.2     99.94%
                13.3     99.94%
                13.4     99.94%
                13.5     99.94%
                13.6     99.94%
                13.7     99.94%
                13.8     99.94%
                13.9     99.94%
                14.0     99.94%
                14.1     99.94%
                14.2     99.94%
                14.3     99.94%
                14.4     99.94%
                14.5     99.94%
                14.6     99.94%
                14.7     99.94%
                14.8     99.94%
                14.9     99.94%
                15.0     99.94%
                15.1     99.94%
                15.2     99.94%
                15.3     99.94%
                15.4     99.94%
                15.5     99.94%
                15.6     99.94%
                15.7     99.94%
                15.8     99.94%
                15.9     99.94%
                16.0     99.94%
                16.1     99.95%
                16.2     99.95%
                16.3     99.95%
                16.4     99.95%
                16.5     99.95%
                16.6     99.95%
                16.7     99.95%
                16.8     99.95%
                16.9     99.95%
                17.0     99.95%
                17.1     99.95%
                17.2     99.95%
                17.3     99.95%
                17.4     99.95%
                17.5     99.95%
                17.6     99.95%
                17.7     99.95%
                17.8     99.95%
                17.9     99.95%
                18.0     99.95%
                18.1     99.95%
                18.2     99.95%
                18.3     99.95%
                18.4     99.95%
                18.5     99.95%
                18.6     99.95%
                18.7     99.95%
                18.8     99.95%
                18.9     99.95%
                19.0     99.95%
                19.1     99.95%
                19.2     99.95%
                19.3     99.95%
                19.4     99.95%
                19.5     99.95%
                19.6     99.95%
                19.7     99.95%
                19.8     99.95%
                19.9     99.95%
                20.0     99.95%
                20.1     99.95%
                20.2     99.95%
                20.3     99.95%
                20.4     99.95%
                20.5     99.95%
                20.6     99.95%
                20.7     99.95%
                20.8     99.95%
                20.9     99.95%
                21.0     99.95%
                21.1     99.95%
                21.2     99.95%
                21.3     99.95%
                21.4     99.95%
                21.5     99.95%
                21.6     99.95%
                21.7     99.96%
                21.8     99.96%
                21.9     99.96%
                22.0     99.96%
                22.1     99.96%
                22.2     99.96%
                22.3     99.96%
                22.4     99.96%
                22.5     99.96%
                22.6     99.96%
                22.7     99.96%
                22.8     99.96%
                22.9     99.96%
                23.0     99.96%
                23.1     99.96%
                23.2     99.96%
                23.3     99.96%
                23.4     99.96%
                23.5     99.96%
                23.6     99.96%
                23.7     99.96%
                23.8     99.96%
                23.9     99.96%
                24.0     99.96%
                24.1     99.96%
                24.2     99.96%
                24.3     99.97%
                24.4     99.97%
                24.5     99.97%
                24.6     99.97%
                24.7     99.97%
                24.8     99.97%
                24.9     99.97%
                25.0     99.97%
                25.1     99.97%
                25.2     99.97%
                25.3     99.97%
                25.4     99.97%
                25.5     99.97%
                25.6     99.97%
                25.7     99.97%
                25.8     99.97%
                25.9     99.97%
                26.0     99.97%
                26.1     99.97%
                26.2     99.97%
                26.3     99.97%
                26.4     99.97%
                26.5     99.97%
                26.6     99.97%
                26.7     99.97%
                26.8     99.97%
                26.9     99.97%
                27.0     99.97%
                27.1     99.97%
                27.2     99.97%
                27.3     99.97%
                27.4     99.97%
                27.5     99.97%
                27.6     99.97%
                27.7     99.97%
                27.8     99.97%
                27.9     99.97%
                28.0     99.97%
                28.1     99.97%
                28.2     99.97%
                28.3     99.97%
                28.4     99.97%
                28.5     99.97%
                28.6     99.97%
                28.7     99.97%
                28.8     99.97%
                28.9     99.97%
                29.0     99.97%
                29.1     99.97%
                29.2     99.97%
                29.3     99.97%
                29.4     99.97%
                29.5     99.97%
                29.6     99.97%
                29.7     99.97%
                29.8     99.97%
                29.9     99.98%
                30.0     99.98%
                30.1     99.98%
                30.2     99.98%
                30.3     99.98%
                30.4     99.98%
                30.5     99.98%
                30.6     99.98%
                30.7     99.98%
                30.8     99.98%
                30.9     99.98%
                31.0     99.98%
                31.1     99.98%
                31.2     99.98%
                31.3     99.98%
                31.4     99.98%
                31.5     99.98%
                31.6     99.98%
                31.7     99.98%
                31.8     99.98%
                31.9     99.99%
                32.0     99.99%
                32.1     99.99%
                32.2     99.99%
                32.3     99.99%
                32.4     99.99%
                32.5     99.99%
                32.6     99.99%
                32.7     99.99%
                32.8     99.99%
                32.9     99.99%
                33.0     99.99%
                33.1     99.99%
                33.2     99.99%
                33.3     99.99%
                33.4     99.99%
                33.5     99.99%
                33.6     99.99%
                33.7     99.99%
                33.8     99.99%
                33.9     99.99%
                34.0     99.99%
                34.1     99.99%
                34.2     99.99%
                34.3     99.99%
                34.4     99.99%
                34.5     99.99%
                34.6     99.99%
                34.7     99.99%
                34.8     99.99%
                34.9     99.99%
                35.0     99.99%
                35.1     99.99%
                35.2    100.00%
                35.3    100.00%
                35.4    100.00%
                35.5    100.00%
                35.6    100.00%
                35.7    100.00%
                35.8    100.00%
                35.9    100.00%
                36.0    100.00%
                36.1    100.00%
                36.2    100.00%
                36.3    100.00%
                36.4    100.00%
                36.5    100.00%
                36.6    100.00%
                36.7    100.00%
                36.8    100.00%
                36.9    100.00%
                37.0    100.00%
                37.1    100.00%
                37.2    100.00%
                37.3    100.00%
                37.4    100.00%
                37.5    100.00%
                37.6    100.00%
                37.7    100.00%
                37.8    100.00%
                37.9    100.00%
                38.0    100.00%
                38.1    100.00%
                38.2    100.00%
                38.3    100.00%
                38.4    100.00%
                38.5    100.00%
                38.6    100.00%
                38.7    100.00%
                38.8    100.00%
                38.9    100.00%
                39.0    100.00%
                39.1    100.00%
                39.2    100.00%
                39.3    100.00%
                39.4    100.00%
                39.5    100.00%
                39.6    100.00%
                39.7    100.00%
                39.8    100.00%
                39.9    100.00%
                40.0    100.00%
                40.1    100.00%
                40.2    100.00%
                40.3    100.00%
                40.4    100.00%
                40.5    100.00%
                40.6    100.00%
                40.7    100.00%
                40.8    100.00%
                40.9    100.00%
                41.0    100.00%
                41.1    100.00%
                41.2    100.00%
                41.3    100.00%
                41.4    100.00%
                41.5    100.00%
                41.6    100.00%
                41.7    100.00%
                41.8    100.00%
                41.9    100.00%
                42.0    100.00%
                42.1    100.00%
                42.2    100.00%
                42.3    100.00%
                42.4    100.00%
                42.5    100.00%
                42.6    100.00%
                42.7    100.00%
                42.8    100.00%
                42.9    100.00%
                43.0    100.00%
                43.1    100.00%
                43.2    100.00%
                43.3    100.00%
                43.4    100.00%
                43.5    100.00%
                43.6    100.00%
                43.7    100.00%
                43.8    100.00%
                43.9    100.00%
                44.0    100.00%
                44.1    100.00%
                44.2    100.00%
                44.3    100.00%
                44.4    100.00%
                44.5    100.00%
                44.6    100.00%
                44.7    100.00%
                44.8    100.00%
                44.9    100.00%
                45.0    100.00%
                45.1    100.00%
                45.2    100.00%
                45.3    100.00%
                45.4    100.00%
                45.5    100.00%
                45.6    100.00%
                45.7    100.00%
                45.8    100.00%
                45.9    100.00%
                46.0    100.00%
                46.1    100.00%
                46.2    100.00%
                46.3    100.00%
                46.4    100.00%
                46.5    100.00%
                46.6    100.00%
                46.7    100.00%
                46.8    100.00%
                46.9    100.00%
                47.0    100.00%
                47.1    100.00%
                47.2    100.00%
                47.3    100.00%
                47.4    100.00%

