[7l----total-cpu-usage---- -net/total- -dsk/total- --epoch---
usr sys idl wai hiq siq| recv  send| read  writ|  epoch   
  1   2  96   1   1   0|   0     0 |  40k   76M|1510859335
  9   6  84   0   1   0|  11M   11M|   0     0 |1510859336
  8  10  77   0   5   0|  12M   12M|   0     0 |1510859337
  8   6  85   0   1   0|  16M   16M|   0  8192B|1510859338
  3   3  93   1   1   0|  15M   15M|   0    76k|1510859339
  3   3  93   0   1   0|  16M   16M|   0     0 |1510859340
  3   3  93   0   1   0|  16M   16M|   0     0 |1510859341
  2   2  95   0   1   0|  16M   16M|   0     0 |1510859342
  2   2  96   0   1   0|  16M   16M|   0     0 |1510859343
  2   2  94   0   1   0|  16M   16M|   0     0 |1510859344
  2   2  94   0   1   0|  15M   16M|   0    12k|1510859345
  2   2  95   0   1   0|  16M   16M|   0     0 |1510859346
  2   2  94   0   1   0|  16M   16M|   0     0 |1510859347
  2   2  96   0   1   0|  16M   16M|   0     0 |1510859348
  2   2  95   0   1   0|  15M   16M|   0     0 |1510859349
  1   2  95   0   1   0|  15M   16M|   0    12k|1510859350
  2   2  94   0   2   0|  16M   16M|   0     0 |1510859351
  2   2  95   0   1   0|  16M   16M|   0     0 |1510859352
  2   2  95   0   1   0|  15M   16M|   0     0 |1510859353
  2   2  94   0   1   0|  15M   16M|   0     0 |1510859354
  2   2  95   0   1   0|  15M   16M|   0    12k|1510859355
  2   2  95   0   1   0|  15M   16M|   0     0 |1510859356
  2   2  95   0   1   0|  16M   17M|   0     0 |1510859357
  2   2  95   0   1   0|  16M   17M|   0     0 |1510859358
  2   2  95   0   1   0|  16M   16M|   0     0 |1510859359
  2   2  95   0   1   0|  16M   17M|   0    12k|1510859360
  2   2  95   0   1   0|  15M   16M|   0     0 |1510859361
  2   2  95   0   1   0|  16M   16M|   0     0 |1510859362
  1   2  96   0   1   0|  16M   16M|   0    12k|1510859363
  1   2  96   0   1   0|  16M   16M|   0     0 |1510859364
  2   2  95   0   1   0|  17M   17M|   0    28k|1510859365
  3   3  94   0   1   0|  17M   17M|   0     0 |1510859366
  2   2  95   0   1   0|  18M   18M|   0     0 |1510859367
  2   2  95   0   1   0|  17M   17M|   0    48k|1510859368
  2   2  94   0   1   0|  17M   17M|   0     0 |1510859369
  2   2  95   0   1   0|  16M   17M|   0    20k|1510859370
  2   2  94   0   1   0|  16M   17M|   0     0 |1510859371
  1   2  95   0   1   0|  17M   17M|   0     0 |1510859372
  1   2  96   0   1   0|  17M   17M|   0    72k|1510859373
  2   2  95   0   1   0|  17M   17M|   0     0 |1510859374
  1   2  95   0   1   0|  17M   17M|   0    12k|1510859375
  2   2  96   0   1   0|  17M   17M|   0     0 |1510859376
  1   2  96   0   1   0|  16M   17M|   0     0 |1510859377
  1   2  96   0   1   0|  17M   17M|   0     0 |1510859378
  1   2  96   0   1   0|  17M   17M|   0     0 |1510859379
  2   2  95   0   1   0|  16M   17M|   0    12k|1510859380
  2   2  95   0   1   0|  17M   17M|   0     0 |1510859381
  1   2  95   0   1   0|  17M   18M|   0     0 |1510859382
  2   2  95   0   1   0|  17M   18M|   0     0 |1510859383
  2   2  95   0   1   0|  17M   17M|   0     0 |1510859384
  1   2  95   0   1   0|  17M   17M|   0    12k|1510859385
  2   2  95   0   1   0|  17M   17M|   0     0 |1510859386
  1   2  94   0   3   0|  15M   16M|   0     0 |1510859387
  1   2  96   0   1   0|  17M   18M|   0     0 |1510859388
  2   2  95   0   1   0|  17M   18M|   0     0 |1510859389
  1   2  95   0   1   0|  17M   17M|   0    12k|1510859390
  2   2  95   0   1   0|  16M   17M|   0     0 |1510859391
  1   2  95   0   1   0|  17M   17M|   0     0 |1510859392
  2   2  95   0   2   0|  17M   17M|   0     0 |1510859393
  1   2  95   0   1   0|  17M   17M|   0     0 |1510859394
  2   2  95   0   1   0|  17M   18M|   0    12k|1510859395
  2   2  95   0   2   0|  16M   16M|   0     0 |1510859396
  1   2  96   0   1   0|  17M   17M|   0     0 |1510859397
  2   2  95   0   1   0|  17M   17M|   0    20k|1510859398
  2   2  96   0   1   0|  17M   17M|   0     0 |1510859399
  1   2  95   1   1   0|  16M   17M|   0    12k|1510859400
  2   2  95   0   1   0|  16M   16M|   0     0 |1510859401
  2   2  95   0   1   0|  17M   17M|   0     0 |1510859402
  2   2  95   0   1   0|  17M   17M|   0    24k|1510859403
  2   2  95   0   1   0|  16M   16M|   0     0 |1510859404
  1   2  95   0   1   0|  15M   16M|   0    28k|1510859405
  2   2  96   0   1   0|  17M   17M|   0     0 |1510859406
  1   2  95   0   1   0|  16M   16M|   0     0 |1510859407
  2   2  96   0   1   0|  16M   16M|   0     0 |1510859408
  1   2  96   0   1   0|  15M   15M|   0     0 |1510859409
  2   2  95   1   1   0|  16M   16M|   0    12k|1510859410
  2   2  95   0   2   0|  16M   17M|   0     0 |1510859411
  2   2  95   0   1   0|  16M   17M|   0     0 |1510859412
  2   2  95   0   1   0|  16M   16M|   0     0 |1510859413
  2   2  95   0   1   0|  16M   16M|   0     0 |1510859414
  2   2  95   0   1   0|  15M   16M|   0    12k|1510859415
  2   2  95   0   1   0|  16M   17M|   0     0 |1510859416
  2   2  93   0   4   0|  15M   15M|   0     0 |1510859417
  2   2  95   0   1   0|  17M   17M|   0     0 |1510859418
  1   2  95   0   2   0|  16M   17M|   0     0 |1510859419
  1   2  95   1   1   0|  16M   17M|   0    12k|1510859420
  2   2  95   0   2   0|  17M   17M|   0     0 |1510859421
  2   2  95   0   1   0|  16M   17M|   0     0 |1510859422
  2   2  96   0   1   0|  16M   16M|   0     0 |1510859423
  2   2  95   0   1   0|  16M   17M|   0     0 |1510859424
  2   2  95   0   1   0|  17M   17M|   0    12k|1510859425
