Threads: 32, Sharded reads: false, Number of Memcached servers: 3.

All measures in microseconds.
  SETS   GETS  MGETS   INVLD    TOT   HITS     RSP T      Q T     SVR T  Q LEN
     0      0  16302       0  16302 146718   1612.41   105.50   1407.90      0
     0      0   2206       0   2206  19854   1467.95    71.04   1319.11      0
     0      0   1899       0   1899  17091   1684.54   113.10   1467.90      0
     0      0   1889       0   1889  17001   1657.96    81.97   1472.07      0
     0      0   2035       0   2035  18315   1622.57    70.27   1467.23      0
     0      0   2000       0   2000  18000   1576.96    54.59   1439.69      0
     0      0   1969       0   1969  17721   1598.21    62.95   1425.24      0
     0      0   2065       0   2065  18585   1591.53    51.51   1429.15      0
     0      0   2170       0   2170  19530   1473.63    73.43   1317.82      0
     0      0   2082       0   2082  18738   1554.31    59.98   1384.77      0
     0      0   2075       0   2075  18675   1570.63    65.63   1404.39      1
     0      0   2120       0   2120  19080   1538.96    66.05   1371.26      0
     0      0   2096       0   2096  18864   1526.27    50.15   1375.64      0
     0      0   2146       0   2146  19314   1482.56    53.26   1338.02      0
     0      0   1923       0   1923  17316   1725.63    84.35   1521.00      0
     0      0   1988       0   1988  17883   1624.78    77.78   1450.12      0
     0      0   2134       0   2134  19206   1421.06    47.52   1292.17      0
     0      0   2064       0   2064  18576   1537.09    81.28   1367.43      0
     0      0   1959       0   1959  17631   1579.80    68.12   1421.37      0
     0      0   1962       0   1962  17658   1604.73    72.21   1437.92      0
     0      0   1967       0   1967  17712   1608.96    59.10   1450.09      0
     0      0   1860       0   1860  16731   1615.62    54.95   1455.67      0
     0      0   2115       0   2115  19035   1556.57    57.80   1407.97      0
     0      0   2045       0   2045  18405   1538.93    78.30   1370.36      0
     0      0   2054       0   2054  18486   1596.36    67.12   1427.89      1
     0      0   1956       0   1956  17604   1700.73    64.83   1508.97      0
     0      0   2053       0   2053  18477   1609.71    72.09   1438.45      0
     0      0   2004       0   2004  18036   1640.63    67.56   1472.70      0
     0      0   2168       0   2168  19512   1486.80    63.42   1336.65      0
     0      0   2089       0   2089  18801   1634.36    58.13   1478.53      0
     0      0   1979       0   1979  17811   1692.77    73.90   1512.75      0
     0      0   1968       0   1968  17712   1626.31    50.26   1459.69      0
     0      0   1923       0   1923  17307   1650.60    56.42   1460.89      0
     0      0   2052       0   2052  18468   1520.81    70.55   1354.40      0
     0      0   2066       0   2066  18594   1554.34    69.56   1386.46      0
     0      0   1925       0   1925  17325   1635.61    59.18   1452.87      2
     0      0   1950       0   1950  17550   1615.76    58.87   1442.76      0
     0      0   1903       0   1903  17136   1732.85    93.26   1523.19      0
     0      0   2144       0   2144  19296   1455.15    61.64   1315.48      0
     0      0   2124       0   2124  19107   1493.66    74.27   1350.26      0
     0      0   1899       0   1899  17100   1688.68    67.12   1517.16      0
     0      0   2075       0   2075  18666   1577.90    57.99   1407.06      0
     0      0   2006       0   2006  18054   1627.88    52.22   1458.28      0
     0      0   2131       0   2131  19179   1498.65    58.79   1344.47      0
     0      0   2045       0   2045  18405   1569.02    76.67   1410.16      0
     0      0   2048       0   2048  18432   1590.93    77.08   1424.38      0
     0      0   2032       0   2032  18288   1562.28    63.75   1403.28      0
     0      0   2049       0   2049  18441   1497.58    69.92   1327.03      0
     0      0   1964       0   1964  17676   1552.18    60.87   1390.59      0
     0      0   1980       0   1980  17820   1548.42    55.04   1389.36      0
     0      0   1980       0   1980  17820   1609.09    92.90   1397.92      0
     0      0   2012       0   2012  18108   1592.97    63.47   1417.91      0
     0      0   1864       0   1864  16776   1727.64    54.63   1545.67      0
     0      0   2001       0   2001  18009   1620.26    67.43   1434.10      0
     0      0   2109       0   2109  18981   1510.84    52.64   1353.56      0
     0      0   2005       0   2005  18045   1642.68    63.51   1457.42      0
     0      0   2013       0   2013  18117   1538.87    95.39   1342.79      1
     0      0   1987       0   1987  17883   1579.31    71.10   1377.21      0
     0      0   2033       0   2033  18297   1645.75    72.38   1434.09      0
     0      0   2229       0   2229  20061   1504.68    49.96   1375.79      2
     0      0   2037       0   2037  18333   1649.81    62.24   1491.55      0
     0      0   2078       0   2078  18702   1512.63    64.29   1342.97      0
     0      0   2080       0   2080  18720   1553.37    61.54   1399.20      0
     0      0   2091       0   2091  18819   1576.83    54.69   1426.07      0
     0      0   2129       0   2129  19161   1558.71    54.32   1419.57      0
     0      0   2106       0   2106  18954   1538.90    51.45   1406.89      0
     0      0   2203       0   2203  19827   1463.33    58.46   1327.10      0
     0      0   2073       0   2073  18657   1545.80    62.31   1403.51      0
     0      0   1990       0   1990  17910   1639.09    56.85   1458.28      0
     0      0   2129       0   2129  19161   1531.65    71.04   1379.72      0
     0      0   2037       0   2037  18333   1605.40    64.65   1444.71      0
     0      0   2120       0   2120  19080   1546.54    75.09   1400.74      0
     0      0   2138       0   2138  19251   1502.97    51.05   1337.66      0
     0      0   1832       0   1832  16479   1793.23    77.48   1569.22      0
     0      0   2093       0   2093  18837   1548.28    59.49   1391.30      0
     0      0   2117       0   2117  19053   1565.17    59.88   1398.89      0
     0      0   1924       0   1924  17316   1690.51    87.05   1515.29      0
     0      0   2267       0   2267  20403   1407.29    58.73   1272.36      0
     0      0   2124       0   2124  19116   1531.67    62.05   1383.54      0
     0      0   2159       0   2159  19431   1601.67    60.89   1448.13      0
     0      0   2155       0   2155  19395   1519.51    47.14   1383.43      0
     0      0   2121       0   2121  19089   1616.01    62.02   1471.18      0
     0      0    908       0    908   8172   1481.78    46.42   1339.00      0
     0      0      0       0      0      0       NaN      NaN       NaN      0
     0      0      0       0      0      0       NaN      NaN       NaN      0
     0      0      0       0      0      0       NaN      NaN       NaN      0
     0      0      0       0      0      0       NaN      NaN       NaN      0
     0      0      0       0      0      0       NaN      NaN       NaN      0
================================================================================
ALL STATS (timing measures are in microseconds)
WORKER 0:
Type     |Total    |Ops/sec  |Hits/sec |Miss/Sec |Resp Time|Proc Time|Srvr Time
SET      |        0|     0.00|     0.00|     0.00|      NaN|      NaN|      NaN
GET      |        0|     0.00|     0.00|     0.00|      NaN|      NaN|      NaN
MULTIGET |     5779|    63.51|   571.55|     0.00|  1591.40|  1520.85|  1417.28
INVALID  |        0|     0.00|      ---|      ---|      NaN|      NaN|      ---
Average mutliget length: 9.00
================================================================================
WORKER 1:
Type     |Total    |Ops/sec  |Hits/sec |Miss/Sec |Resp Time|Proc Time|Srvr Time
SET      |        0|     0.00|     0.00|     0.00|      NaN|      NaN|      NaN
GET      |        0|     0.00|     0.00|     0.00|      NaN|      NaN|      NaN
MULTIGET |     5634|    61.91|   557.21|     0.00|  1621.93|  1551.81|  1438.25
INVALID  |        0|     0.00|      ---|      ---|      NaN|      NaN|      ---
Average mutliget length: 9.00
================================================================================
WORKER 2:
Type     |Total    |Ops/sec  |Hits/sec |Miss/Sec |Resp Time|Proc Time|Srvr Time
SET      |        0|     0.00|     0.00|     0.00|      NaN|      NaN|      NaN
GET      |        0|     0.00|     0.00|     0.00|      NaN|      NaN|      NaN
MULTIGET |     5742|    63.10|   567.89|     0.00|  1572.31|  1503.41|  1411.57
INVALID  |        0|     0.00|      ---|      ---|      NaN|      NaN|      ---
Average mutliget length: 9.00
================================================================================
WORKER 3:
Type     |Total    |Ops/sec  |Hits/sec |Miss/Sec |Resp Time|Proc Time|Srvr Time
SET      |        0|     0.00|     0.00|     0.00|      NaN|      NaN|      NaN
GET      |        0|     0.00|     0.00|     0.00|      NaN|      NaN|      NaN
MULTIGET |     5723|    62.89|   566.01|     0.00|  1546.10|  1467.28|  1367.37
INVALID  |        0|     0.00|      ---|      ---|      NaN|      NaN|      ---
Average mutliget length: 9.00
================================================================================
WORKER 4:
Type     |Total    |Ops/sec  |Hits/sec |Miss/Sec |Resp Time|Proc Time|Srvr Time
SET      |        0|     0.00|     0.00|     0.00|      NaN|      NaN|      NaN
GET      |        0|     0.00|     0.00|     0.00|      NaN|      NaN|      NaN
MULTIGET |     5825|    64.01|   576.10|     0.00|  1544.41|  1475.34|  1375.45
INVALID  |        0|     0.00|      ---|      ---|      NaN|      NaN|      ---
Average mutliget length: 9.00
================================================================================
WORKER 5:
Type     |Total    |Ops/sec  |Hits/sec |Miss/Sec |Resp Time|Proc Time|Srvr Time
SET      |        0|     0.00|     0.00|     0.00|      NaN|      NaN|      NaN
GET      |        0|     0.00|     0.00|     0.00|      NaN|      NaN|      NaN
MULTIGET |     5718|    62.84|   565.52|     0.00|  1540.07|  1474.36|  1380.90
INVALID  |        0|     0.00|      ---|      ---|      NaN|      NaN|      ---
Average mutliget length: 9.00
================================================================================
WORKER 6:
Type     |Total    |Ops/sec  |Hits/sec |Miss/Sec |Resp Time|Proc Time|Srvr Time
SET      |        0|     0.00|     0.00|     0.00|      NaN|      NaN|      NaN
GET      |        0|     0.00|     0.00|     0.00|      NaN|      NaN|      NaN
MULTIGET |     5716|    62.81|   565.32|     0.00|  1587.86|  1523.24|  1411.44
INVALID  |        0|     0.00|      ---|      ---|      NaN|      NaN|      ---
Average mutliget length: 9.00
================================================================================
WORKER 7:
Type     |Total    |Ops/sec  |Hits/sec |Miss/Sec |Resp Time|Proc Time|Srvr Time
SET      |        0|     0.00|     0.00|     0.00|      NaN|      NaN|      NaN
GET      |        0|     0.00|     0.00|     0.00|      NaN|      NaN|      NaN
MULTIGET |     5798|    63.71|   573.43|     0.00|  1549.42|  1479.73|  1378.97
INVALID  |        0|     0.00|      ---|      ---|      NaN|      NaN|      ---
Average mutliget length: 9.00
================================================================================
WORKER 8:
Type     |Total    |Ops/sec  |Hits/sec |Miss/Sec |Resp Time|Proc Time|Srvr Time
SET      |        0|     0.00|     0.00|     0.00|      NaN|      NaN|      NaN
GET      |        0|     0.00|     0.00|     0.00|      NaN|      NaN|      NaN
MULTIGET |     5688|    62.51|   562.55|     0.00|  1591.10|  1527.85|  1436.35
INVALID  |        0|     0.00|      ---|      ---|      NaN|      NaN|      ---
Average mutliget length: 9.00
================================================================================
WORKER 9:
Type     |Total    |Ops/sec  |Hits/sec |Miss/Sec |Resp Time|Proc Time|Srvr Time
SET      |        0|     0.00|     0.00|     0.00|      NaN|      NaN|      NaN
GET      |        0|     0.00|     0.00|     0.00|      NaN|      NaN|      NaN
MULTIGET |     5719|    62.85|   565.62|     0.00|  1602.98|  1539.24|  1435.35
INVALID  |        0|     0.00|      ---|      ---|      NaN|      NaN|      ---
Average mutliget length: 9.00
================================================================================
WORKER 10:
Type     |Total    |Ops/sec  |Hits/sec |Miss/Sec |Resp Time|Proc Time|Srvr Time
SET      |        0|     0.00|     0.00|     0.00|      NaN|      NaN|      NaN
GET      |        0|     0.00|     0.00|     0.00|      NaN|      NaN|      NaN
MULTIGET |     5689|    62.52|   562.65|     0.00|  1590.50|  1523.80|  1422.88
INVALID  |        0|     0.00|      ---|      ---|      NaN|      NaN|      ---
Average mutliget length: 9.00
================================================================================
WORKER 11:
Type     |Total    |Ops/sec  |Hits/sec |Miss/Sec |Resp Time|Proc Time|Srvr Time
SET      |        0|     0.00|     0.00|     0.00|      NaN|      NaN|      NaN
GET      |        0|     0.00|     0.00|     0.00|      NaN|      NaN|      NaN
MULTIGET |     5689|    62.52|   562.65|     0.00|  1563.29|  1497.26|  1396.00
INVALID  |        0|     0.00|      ---|      ---|      NaN|      NaN|      ---
Average mutliget length: 9.00
================================================================================
WORKER 12:
Type     |Total    |Ops/sec  |Hits/sec |Miss/Sec |Resp Time|Proc Time|Srvr Time
SET      |        0|     0.00|     0.00|     0.00|      NaN|      NaN|      NaN
GET      |        0|     0.00|     0.00|     0.00|      NaN|      NaN|      NaN
MULTIGET |     5773|    63.44|   570.96|     0.00|  1585.97|  1521.06|  1430.07
INVALID  |        0|     0.00|      ---|      ---|      NaN|      NaN|      ---
Average mutliget length: 9.00
================================================================================
WORKER 13:
Type     |Total    |Ops/sec  |Hits/sec |Miss/Sec |Resp Time|Proc Time|Srvr Time
SET      |        0|     0.00|     0.00|     0.00|      NaN|      NaN|      NaN
GET      |        0|     0.00|     0.00|     0.00|      NaN|      NaN|      NaN
MULTIGET |     5707|    62.71|   564.43|     0.00|  1593.76|  1526.62|  1416.20
INVALID  |        0|     0.00|      ---|      ---|      NaN|      NaN|      ---
Average mutliget length: 9.00
================================================================================
WORKER 14:
Type     |Total    |Ops/sec  |Hits/sec |Miss/Sec |Resp Time|Proc Time|Srvr Time
SET      |        0|     0.00|     0.00|     0.00|      NaN|      NaN|      NaN
GET      |        0|     0.00|     0.00|     0.00|      NaN|      NaN|      NaN
MULTIGET |     5650|    62.09|   558.79|     0.00|  1596.92|  1531.56|  1432.08
INVALID  |        0|     0.00|      ---|      ---|      NaN|      NaN|      ---
Average mutliget length: 9.00
================================================================================
WORKER 15:
Type     |Total    |Ops/sec  |Hits/sec |Miss/Sec |Resp Time|Proc Time|Srvr Time
SET      |        0|     0.00|     0.00|     0.00|      NaN|      NaN|      NaN
GET      |        0|     0.00|     0.00|     0.00|      NaN|      NaN|      NaN
MULTIGET |     5724|    62.90|   566.11|     0.00|  1612.64|  1544.59|  1443.49
INVALID  |        0|     0.00|      ---|      ---|      NaN|      NaN|      ---
Average mutliget length: 9.00
================================================================================
WORKER 16:
Type     |Total    |Ops/sec  |Hits/sec |Miss/Sec |Resp Time|Proc Time|Srvr Time
SET      |        0|     0.00|     0.00|     0.00|      NaN|      NaN|      NaN
GET      |        0|     0.00|     0.00|     0.00|      NaN|      NaN|      NaN
MULTIGET |     5761|    63.31|   569.77|     0.00|  1572.39|  1501.32|  1407.04
INVALID  |        0|     0.00|      ---|      ---|      NaN|      NaN|      ---
Average mutliget length: 9.00
================================================================================
WORKER 17:
Type     |Total    |Ops/sec  |Hits/sec |Miss/Sec |Resp Time|Proc Time|Srvr Time
SET      |        0|     0.00|     0.00|     0.00|      NaN|      NaN|      NaN
GET      |        0|     0.00|     0.00|     0.00|      NaN|      NaN|      NaN
MULTIGET |     5649|    62.08|   558.69|     0.00|  1524.37|  1463.03|  1364.67
INVALID  |        0|     0.00|      ---|      ---|      NaN|      NaN|      ---
Average mutliget length: 9.00
================================================================================
WORKER 18:
Type     |Total    |Ops/sec  |Hits/sec |Miss/Sec |Resp Time|Proc Time|Srvr Time
SET      |        0|     0.00|     0.00|     0.00|      NaN|      NaN|      NaN
GET      |        0|     0.00|     0.00|     0.00|      NaN|      NaN|      NaN
MULTIGET |     5612|    61.67|   555.03|     0.00|  1618.24|  1549.28|  1446.25
INVALID  |        0|     0.00|      ---|      ---|      NaN|      NaN|      ---
Average mutliget length: 9.00
================================================================================
WORKER 19:
Type     |Total    |Ops/sec  |Hits/sec |Miss/Sec |Resp Time|Proc Time|Srvr Time
SET      |        0|     0.00|     0.00|     0.00|      NaN|      NaN|      NaN
GET      |        0|     0.00|     0.00|     0.00|      NaN|      NaN|      NaN
MULTIGET |     5787|    63.59|   572.34|     0.00|  1573.13|  1504.09|  1411.13
INVALID  |        0|     0.00|      ---|      ---|      NaN|      NaN|      ---
Average mutliget length: 9.00
================================================================================
WORKER 20:
Type     |Total    |Ops/sec  |Hits/sec |Miss/Sec |Resp Time|Proc Time|Srvr Time
SET      |        0|     0.00|     0.00|     0.00|      NaN|      NaN|      NaN
GET      |        0|     0.00|     0.00|     0.00|      NaN|      NaN|      NaN
MULTIGET |     5689|    62.52|   562.65|     0.00|  1585.00|  1520.05|  1426.86
INVALID  |        0|     0.00|      ---|      ---|      NaN|      NaN|      ---
Average mutliget length: 9.00
================================================================================
WORKER 21:
Type     |Total    |Ops/sec  |Hits/sec |Miss/Sec |Resp Time|Proc Time|Srvr Time
SET      |        0|     0.00|     0.00|     0.00|      NaN|      NaN|      NaN
GET      |        0|     0.00|     0.00|     0.00|      NaN|      NaN|      NaN
MULTIGET |     5690|    62.53|   562.75|     0.00|  1594.01|  1522.25|  1428.32
INVALID  |        0|     0.00|      ---|      ---|      NaN|      NaN|      ---
Average mutliget length: 9.00
================================================================================
WORKER 22:
Type     |Total    |Ops/sec  |Hits/sec |Miss/Sec |Resp Time|Proc Time|Srvr Time
SET      |        0|     0.00|     0.00|     0.00|      NaN|      NaN|      NaN
GET      |        0|     0.00|     0.00|     0.00|      NaN|      NaN|      NaN
MULTIGET |     5676|    62.37|   561.36|     0.00|  1578.87|  1510.61|  1411.24
INVALID  |        0|     0.00|      ---|      ---|      NaN|      NaN|      ---
Average mutliget length: 9.00
================================================================================
WORKER 23:
Type     |Total    |Ops/sec  |Hits/sec |Miss/Sec |Resp Time|Proc Time|Srvr Time
SET      |        0|     0.00|     0.00|     0.00|      NaN|      NaN|      NaN
GET      |        0|     0.00|     0.00|     0.00|      NaN|      NaN|      NaN
MULTIGET |     5757|    63.26|   569.37|     0.00|  1600.75|  1524.07|  1420.30
INVALID  |        0|     0.00|      ---|      ---|      NaN|      NaN|      ---
Average mutliget length: 9.00
================================================================================
WORKER 24:
Type     |Total    |Ops/sec  |Hits/sec |Miss/Sec |Resp Time|Proc Time|Srvr Time
SET      |        0|     0.00|     0.00|     0.00|      NaN|      NaN|      NaN
GET      |        0|     0.00|     0.00|     0.00|      NaN|      NaN|      NaN
MULTIGET |     5717|    62.82|   565.42|     0.00|  1565.99|  1494.73|  1397.03
INVALID  |        0|     0.00|      ---|      ---|      NaN|      NaN|      ---
Average mutliget length: 9.00
================================================================================
WORKER 25:
Type     |Total    |Ops/sec  |Hits/sec |Miss/Sec |Resp Time|Proc Time|Srvr Time
SET      |        0|     0.00|     0.00|     0.00|      NaN|      NaN|      NaN
GET      |        0|     0.00|     0.00|     0.00|      NaN|      NaN|      NaN
MULTIGET |     5748|    63.16|   568.48|     0.00|  1599.65|  1524.93|  1429.88
INVALID  |        0|     0.00|      ---|      ---|      NaN|      NaN|      ---
Average mutliget length: 9.00
================================================================================
WORKER 26:
Type     |Total    |Ops/sec  |Hits/sec |Miss/Sec |Resp Time|Proc Time|Srvr Time
SET      |        0|     0.00|     0.00|     0.00|      NaN|      NaN|      NaN
GET      |        0|     0.00|     0.00|     0.00|      NaN|      NaN|      NaN
MULTIGET |     5681|    62.43|   561.86|     0.00|  1589.63|  1515.65|  1414.28
INVALID  |        0|     0.00|      ---|      ---|      NaN|      NaN|      ---
Average mutliget length: 9.00
================================================================================
WORKER 27:
Type     |Total    |Ops/sec  |Hits/sec |Miss/Sec |Resp Time|Proc Time|Srvr Time
SET      |        0|     0.00|     0.00|     0.00|      NaN|      NaN|      NaN
GET      |        0|     0.00|     0.00|     0.00|      NaN|      NaN|      NaN
MULTIGET |     5599|    61.53|   553.75|     0.00|  1548.23|  1476.77|  1374.66
INVALID  |        0|     0.00|      ---|      ---|      NaN|      NaN|      ---
Average mutliget length: 9.00
================================================================================
WORKER 28:
Type     |Total    |Ops/sec  |Hits/sec |Miss/Sec |Resp Time|Proc Time|Srvr Time
SET      |        0|     0.00|     0.00|     0.00|      NaN|      NaN|      NaN
GET      |        0|     0.00|     0.00|     0.00|      NaN|      NaN|      NaN
MULTIGET |     5673|    62.34|   561.07|     0.00|  1587.21|  1518.71|  1413.39
INVALID  |        0|     0.00|      ---|      ---|      NaN|      NaN|      ---
Average mutliget length: 9.00
================================================================================
WORKER 29:
Type     |Total    |Ops/sec  |Hits/sec |Miss/Sec |Resp Time|Proc Time|Srvr Time
SET      |        0|     0.00|     0.00|     0.00|      NaN|      NaN|      NaN
GET      |        0|     0.00|     0.00|     0.00|      NaN|      NaN|      NaN
MULTIGET |     5729|    62.96|   566.60|     0.00|  1570.80|  1504.33|  1406.24
INVALID  |        0|     0.00|      ---|      ---|      NaN|      NaN|      ---
Average mutliget length: 9.00
================================================================================
WORKER 30:
Type     |Total    |Ops/sec  |Hits/sec |Miss/Sec |Resp Time|Proc Time|Srvr Time
SET      |        0|     0.00|     0.00|     0.00|      NaN|      NaN|      NaN
GET      |        0|     0.00|     0.00|     0.00|      NaN|      NaN|      NaN
MULTIGET |     5704|    62.68|   564.13|     0.00|  1591.55|  1524.38|  1431.02
INVALID  |        0|     0.00|      ---|      ---|      NaN|      NaN|      ---
Average mutliget length: 9.00
================================================================================
WORKER 31:
Type     |Total    |Ops/sec  |Hits/sec |Miss/Sec |Resp Time|Proc Time|Srvr Time
SET      |        0|     0.00|     0.00|     0.00|      NaN|      NaN|      NaN
GET      |        0|     0.00|     0.00|     0.00|      NaN|      NaN|      NaN
MULTIGET |     5756|    63.25|   569.27|     0.00|  1574.28|  1502.42|  1405.03
INVALID  |        0|     0.00|      ---|      ---|      NaN|      NaN|      ---
Average mutliget length: 9.00
================================================================================
================================================================================

AGGREGATE FOR ALL WORKERS:
Type     |Total    |Ops/sec  |Hits/sec |Miss/Sec |Resp Time|Proc Time|Srvr Time
SET      |        0|     0.00|     0.00|     0.00|      NaN|      NaN|      NaN
GET      |        0|     0.00|     0.00|     0.00|      NaN|      NaN|      NaN
MULTIGET |   182802|  2008.81| 18079.32|     0.00|  1580.11|  1511.34|  1411.87
INVALID  |        0|     0.00|      ---|      ---|      NaN|      NaN|      ---
Average mutliget length: 9.00


 HISTOGRAM
  Response time (ms)   Percent
                 0.1      0.00%
                 0.2      0.00%
                 0.3      0.16%
                 0.4      6.18%
                 0.5     20.17%
                 0.6     34.45%
                 0.7     44.22%
                 0.8     50.18%
                 0.9     53.88%
                 1.0     56.45%
                 1.1     58.28%
                 1.2     59.47%
                 1.3     60.33%
                 1.4     60.93%
                 1.5     61.32%
                 1.6     61.97%
                 1.7     64.39%
                 1.8     68.49%
                 1.9     72.79%
                 2.0     76.45%
                 2.1     79.42%
                 2.2     81.78%
                 2.3     83.65%
                 2.4     85.09%
                 2.5     86.21%
                 2.6     87.09%
                 2.7     87.76%
                 2.8     88.26%
                 2.9     88.69%
                 3.0     89.06%
                 3.1     89.36%
                 3.2     89.63%
                 3.3     89.88%
                 3.4     90.11%
                 3.5     90.35%
                 3.6     90.57%
                 3.7     90.84%
                 3.8     91.07%
                 3.9     91.32%
                 4.0     91.57%
                 4.1     91.83%
                 4.2     92.06%
                 4.3     92.34%
                 4.4     92.63%
                 4.5     92.91%
                 4.6     93.18%
                 4.7     93.42%
                 4.8     93.65%
                 4.9     93.89%
                 5.0     94.10%
                 5.1     94.30%
                 5.2     94.49%
                 5.3     94.65%
                 5.4     94.83%
                 5.5     95.01%
                 5.6     95.17%
                 5.7     95.33%
                 5.8     95.49%
                 5.9     95.62%
                 6.0     95.75%
                 6.1     95.88%
                 6.2     96.01%
                 6.3     96.11%
                 6.4     96.23%
                 6.5     96.35%
                 6.6     96.46%
                 6.7     96.60%
                 6.8     96.72%
                 6.9     96.89%
                 7.0     97.10%
                 7.1     97.33%
                 7.2     97.56%
                 7.3     97.80%
                 7.4     98.04%
                 7.5     98.26%
                 7.6     98.43%
                 7.7     98.57%
                 7.8     98.69%
                 7.9     98.81%
                 8.0     98.91%
                 8.1     99.00%
                 8.2     99.10%
                 8.3     99.19%
                 8.4     99.27%
                 8.5     99.35%
                 8.6     99.44%
                 8.7     99.51%
                 8.8     99.56%
                 8.9     99.61%
                 9.0     99.65%
                 9.1     99.68%
                 9.2     99.70%
                 9.3     99.72%
                 9.4     99.73%
                 9.5     99.75%
                 9.6     99.76%
                 9.7     99.77%
                 9.8     99.78%
                 9.9     99.79%
                10.0     99.80%
                10.1     99.80%
                10.2     99.81%
                10.3     99.81%
                10.4     99.82%
                10.5     99.82%
                10.6     99.82%
                10.7     99.83%
                10.8     99.83%
                10.9     99.84%
                11.0     99.84%
                11.1     99.85%
                11.2     99.85%
                11.3     99.85%
                11.4     99.86%
                11.5     99.86%
                11.6     99.86%
                11.7     99.86%
                11.8     99.87%
                11.9     99.87%
                12.0     99.87%
                12.1     99.87%
                12.2     99.87%
                12.3     99.87%
                12.4     99.87%
                12.5     99.87%
                12.6     99.87%
                12.7     99.88%
                12.8     99.88%
                12.9     99.88%
                13.0     99.88%
                13.1     99.89%
                13.2     99.89%
                13.3     99.89%
                13.4     99.89%
                13.5     99.89%
                13.6     99.89%
                13.7     99.89%
                13.8     99.90%
                13.9     99.90%
                14.0     99.90%
                14.1     99.90%
                14.2     99.90%
                14.3     99.90%
                14.4     99.90%
                14.5     99.91%
                14.6     99.91%
                14.7     99.91%
                14.8     99.91%
                14.9     99.91%
                15.0     99.91%
                15.1     99.91%
                15.2     99.91%
                15.3     99.91%
                15.4     99.91%
                15.5     99.91%
                15.6     99.91%
                15.7     99.91%
                15.8     99.91%
                15.9     99.91%
                16.0     99.91%
                16.1     99.91%
                16.2     99.91%
                16.3     99.91%
                16.4     99.91%
                16.5     99.91%
                16.6     99.91%
                16.7     99.91%
                16.8     99.91%
                16.9     99.92%
                17.0     99.92%
                17.1     99.92%
                17.2     99.92%
                17.3     99.92%
                17.4     99.92%
                17.5     99.92%
                17.6     99.92%
                17.7     99.92%
                17.8     99.92%
                17.9     99.92%
                18.0     99.92%
                18.1     99.92%
                18.2     99.92%
                18.3     99.92%
                18.4     99.93%
                18.5     99.93%
                18.6     99.93%
                18.7     99.93%
                18.8     99.93%
                18.9     99.93%
                19.0     99.93%
                19.1     99.93%
                19.2     99.93%
                19.3     99.93%
                19.4     99.93%
                19.5     99.93%
                19.6     99.93%
                19.7     99.93%
                19.8     99.93%
                19.9     99.93%
                20.0     99.93%
                20.1     99.93%
                20.2     99.93%
                20.3     99.94%
                20.4     99.94%
                20.5     99.94%
                20.6     99.94%
                20.7     99.94%
                20.8     99.94%
                20.9     99.94%
                21.0     99.94%
                21.1     99.94%
                21.2     99.94%
                21.3     99.94%
                21.4     99.94%
                21.5     99.94%
                21.6     99.94%
                21.7     99.94%
                21.8     99.94%
                21.9     99.94%
                22.0     99.94%
                22.1     99.94%
                22.2     99.94%
                22.3     99.94%
                22.4     99.94%
                22.5     99.94%
                22.6     99.94%
                22.7     99.94%
                22.8     99.94%
                22.9     99.94%
                23.0     99.95%
                23.1     99.95%
                23.2     99.95%
                23.3     99.95%
                23.4     99.95%
                23.5     99.95%
                23.6     99.95%
                23.7     99.95%
                23.8     99.95%
                23.9     99.95%
                24.0     99.95%
                24.1     99.95%
                24.2     99.95%
                24.3     99.95%
                24.4     99.95%
                24.5     99.95%
                24.6     99.95%
                24.7     99.95%
                24.8     99.95%
                24.9     99.95%
                25.0     99.96%
                25.1     99.96%
                25.2     99.96%
                25.3     99.96%
                25.4     99.96%
                25.5     99.96%
                25.6     99.96%
                25.7     99.96%
                25.8     99.96%
                25.9     99.96%
                26.0     99.96%
                26.1     99.96%
                26.2     99.96%
                26.3     99.96%
                26.4     99.96%
                26.5     99.96%
                26.6     99.96%
                26.7     99.96%
                26.8     99.96%
                26.9     99.97%
                27.0     99.97%
                27.1     99.97%
                27.2     99.97%
                27.3     99.97%
                27.4     99.97%
                27.5     99.97%
                27.6     99.97%
                27.7     99.97%
                27.8     99.97%
                27.9     99.97%
                28.0     99.97%
                28.1     99.97%
                28.2     99.97%
                28.3     99.97%
                28.4     99.97%
                28.5     99.97%
                28.6     99.97%
                28.7     99.97%
                28.8     99.97%
                28.9     99.97%
                29.0     99.97%
                29.1     99.97%
                29.2     99.97%
                29.3     99.97%
                29.4     99.97%
                29.5     99.97%
                29.6     99.97%
                29.7     99.97%
                29.8     99.97%
                29.9     99.97%
                30.0     99.97%
                30.1     99.97%
                30.2     99.97%
                30.3     99.97%
                30.4     99.97%
                30.5     99.97%
                30.6     99.97%
                30.7     99.97%
                30.8     99.97%
                30.9     99.97%
                31.0     99.97%
                31.1     99.97%
                31.2     99.97%
                31.3     99.97%
                31.4     99.97%
                31.5     99.97%
                31.6     99.98%
                31.7     99.98%
                31.8     99.98%
                31.9     99.98%
                32.0     99.98%
                32.1     99.98%
                32.2     99.98%
                32.3     99.98%
                32.4     99.98%
                32.5     99.98%
                32.6     99.98%
                32.7     99.98%
                32.8     99.98%
                32.9     99.98%
                33.0     99.98%
                33.1     99.98%
                33.2     99.98%
                33.3     99.98%
                33.4     99.98%
                33.5     99.98%
                33.6     99.98%
                33.7     99.98%
                33.8     99.98%
                33.9     99.98%
                34.0     99.98%
                34.1     99.98%
                34.2     99.98%
                34.3     99.98%
                34.4     99.98%
                34.5     99.98%
                34.6     99.99%
                34.7     99.99%
                34.8     99.99%
                34.9     99.99%
                35.0     99.99%
                35.1     99.99%
                35.2     99.99%
                35.3     99.99%
                35.4     99.99%
                35.5     99.99%
                35.6     99.99%
                35.7     99.99%
                35.8     99.99%
                35.9     99.99%
                36.0     99.99%
                36.1     99.99%
                36.2     99.99%
                36.3     99.99%
                36.4     99.99%
                36.5     99.99%
                36.6     99.99%
                36.7     99.99%
                36.8     99.99%
                36.9     99.99%
                37.0     99.99%
                37.1     99.99%
                37.2     99.99%
                37.3     99.99%
                37.4     99.99%
                37.5     99.99%
                37.6     99.99%
                37.7     99.99%
                37.8     99.99%
                37.9     99.99%
                38.0     99.99%
                38.1     99.99%
                38.2     99.99%
                38.3     99.99%
                38.4     99.99%
                38.5     99.99%
                38.6     99.99%
                38.7     99.99%
                38.8     99.99%
                38.9     99.99%
                39.0     99.99%
                39.1     99.99%
                39.2     99.99%
                39.3     99.99%
                39.4     99.99%
                39.5     99.99%
                39.6     99.99%
                39.7     99.99%
                39.8     99.99%
                39.9     99.99%
                40.0     99.99%
                40.1     99.99%
                40.2     99.99%
                40.3     99.99%
                40.4     99.99%
                40.5     99.99%
                40.6     99.99%
                40.7     99.99%
                40.8     99.99%
                40.9     99.99%
                41.0     99.99%
                41.1     99.99%
                41.2     99.99%
                41.3     99.99%
                41.4     99.99%
                41.5     99.99%
                41.6     99.99%
                41.7     99.99%
                41.8     99.99%
                41.9     99.99%
                42.0     99.99%
                42.1     99.99%
                42.2     99.99%
                42.3     99.99%
                42.4     99.99%
                42.5     99.99%
                42.6     99.99%
                42.7     99.99%
                42.8     99.99%
                42.9     99.99%
                43.0     99.99%
                43.1     99.99%
                43.2     99.99%
                43.3     99.99%
                43.4     99.99%
                43.5     99.99%
                43.6     99.99%
                43.7     99.99%
                43.8     99.99%
                43.9     99.99%
                44.0     99.99%
                44.1     99.99%
                44.2     99.99%
                44.3     99.99%
                44.4     99.99%
                44.5     99.99%
                44.6     99.99%
                44.7     99.99%
                44.8     99.99%
                44.9     99.99%
                45.0     99.99%
                45.1     99.99%
                45.2     99.99%
                45.3     99.99%
                45.4     99.99%
                45.5     99.99%
                45.6     99.99%
                45.7     99.99%
                45.8     99.99%
                45.9     99.99%
                46.0     99.99%
                46.1     99.99%
                46.2     99.99%
                46.3     99.99%
                46.4     99.99%
                46.5     99.99%
                46.6     99.99%
                46.7     99.99%
                46.8     99.99%
                46.9     99.99%
                47.0     99.99%
                47.1     99.99%
                47.2     99.99%
                47.3     99.99%
                47.4     99.99%
                47.5     99.99%
                47.6     99.99%
                47.7     99.99%
                47.8     99.99%
                47.9     99.99%
                48.0     99.99%
                48.1     99.99%
                48.2     99.99%
                48.3     99.99%
                48.4     99.99%
                48.5     99.99%
                48.6     99.99%
                48.7     99.99%
                48.8     99.99%
                48.9     99.99%
                49.0     99.99%
                49.1     99.99%
                49.2     99.99%
                49.3     99.99%
                49.4     99.99%
                49.5     99.99%
                49.6     99.99%
                49.7     99.99%
                49.8     99.99%
                49.9     99.99%
                50.0     99.99%
                50.1     99.99%
                50.2     99.99%
                50.3     99.99%
                50.4     99.99%
                50.5     99.99%
                50.6     99.99%
                50.7     99.99%
                50.8     99.99%
                50.9     99.99%
                51.0     99.99%
                51.1     99.99%
                51.2     99.99%
                51.3     99.99%
                51.4     99.99%
                51.5     99.99%
                51.6     99.99%
                51.7     99.99%
                51.8     99.99%
                51.9     99.99%
                52.0     99.99%
                52.1     99.99%
                52.2     99.99%
                52.3     99.99%
                52.4     99.99%
                52.5     99.99%
                52.6     99.99%
                52.7     99.99%
                52.8     99.99%
                52.9     99.99%
                53.0     99.99%
                53.1     99.99%
                53.2     99.99%
                53.3     99.99%
                53.4     99.99%
                53.5     99.99%
                53.6     99.99%
                53.7     99.99%
                53.8     99.99%
                53.9     99.99%
                54.0     99.99%
                54.1     99.99%
                54.2    100.00%
                54.3    100.00%
                54.4    100.00%
                54.5    100.00%
                54.6    100.00%
                54.7    100.00%
                54.8    100.00%
                54.9    100.00%
                55.0    100.00%
                55.1    100.00%
                55.2    100.00%
                55.3    100.00%
                55.4    100.00%
                55.5    100.00%
                55.6    100.00%
                55.7    100.00%
                55.8    100.00%
                55.9    100.00%
                56.0    100.00%
                56.1    100.00%
                56.2    100.00%
                56.3    100.00%
                56.4    100.00%
                56.5    100.00%
                56.6    100.00%
                56.7    100.00%
                56.8    100.00%
                56.9    100.00%
                57.0    100.00%
                57.1    100.00%
                57.2    100.00%
                57.3    100.00%
                57.4    100.00%
                57.5    100.00%
                57.6    100.00%
                57.7    100.00%
                57.8    100.00%
                57.9    100.00%
                58.0    100.00%
                58.1    100.00%
                58.2    100.00%
                58.3    100.00%
                58.4    100.00%
                58.5    100.00%
                58.6    100.00%
                58.7    100.00%
                58.8    100.00%
                58.9    100.00%
                59.0    100.00%
                59.1    100.00%
                59.2    100.00%
                59.3    100.00%
                59.4    100.00%
                59.5    100.00%
                59.6    100.00%
                59.7    100.00%
                59.8    100.00%
                59.9    100.00%
                60.0    100.00%
                60.1    100.00%
                60.2    100.00%
                60.3    100.00%
                60.4    100.00%
                60.5    100.00%
                60.6    100.00%
                60.7    100.00%
                60.8    100.00%
                60.9    100.00%
                61.0    100.00%
                61.1    100.00%
                61.2    100.00%
                61.3    100.00%
                61.4    100.00%
                61.5    100.00%
                61.6    100.00%
                61.7    100.00%
                61.8    100.00%
                61.9    100.00%
                62.0    100.00%
                62.1    100.00%
                62.2    100.00%
                62.3    100.00%
                62.4    100.00%
                62.5    100.00%
                62.6    100.00%
                62.7    100.00%
                62.8    100.00%
                62.9    100.00%
                63.0    100.00%
                63.1    100.00%
                63.2    100.00%
                63.3    100.00%
                63.4    100.00%
                63.5    100.00%
                63.6    100.00%
                63.7    100.00%
                63.8    100.00%
                63.9    100.00%
                64.0    100.00%
                64.1    100.00%
                64.2    100.00%
                64.3    100.00%
                64.4    100.00%
                64.5    100.00%
                64.6    100.00%
                64.7    100.00%
                64.8    100.00%
                64.9    100.00%
                65.0    100.00%
                65.1    100.00%
                65.2    100.00%
                65.3    100.00%
                65.4    100.00%
                65.5    100.00%
                65.6    100.00%
                65.7    100.00%
                65.8    100.00%
                65.9    100.00%
                66.0    100.00%
                66.1    100.00%
                66.2    100.00%
                66.3    100.00%
                66.4    100.00%
                66.5    100.00%
                66.6    100.00%
                66.7    100.00%
                66.8    100.00%
                66.9    100.00%
                67.0    100.00%
                67.1    100.00%
                67.2    100.00%
                67.3    100.00%
                67.4    100.00%
                67.5    100.00%
                67.6    100.00%
                67.7    100.00%
                67.8    100.00%
                67.9    100.00%
                68.0    100.00%
                68.1    100.00%
                68.2    100.00%
                68.3    100.00%
                68.4    100.00%
                68.5    100.00%
                68.6    100.00%
                68.7    100.00%
                68.8    100.00%
                68.9    100.00%
                69.0    100.00%
                69.1    100.00%
                69.2    100.00%
                69.3    100.00%
                69.4    100.00%
                69.5    100.00%
                69.6    100.00%
                69.7    100.00%
                69.8    100.00%
                69.9    100.00%
                70.0    100.00%
                70.1    100.00%
                70.2    100.00%
                70.3    100.00%
                70.4    100.00%
                70.5    100.00%
                70.6    100.00%
                70.7    100.00%
                70.8    100.00%
                70.9    100.00%
                71.0    100.00%
                71.1    100.00%
                71.2    100.00%
                71.3    100.00%
                71.4    100.00%
                71.5    100.00%
                71.6    100.00%
                71.7    100.00%
                71.8    100.00%
                71.9    100.00%
                72.0    100.00%
                72.1    100.00%
                72.2    100.00%
                72.3    100.00%
                72.4    100.00%
                72.5    100.00%
                72.6    100.00%
                72.7    100.00%
                72.8    100.00%
                72.9    100.00%
                73.0    100.00%
                73.1    100.00%
                73.2    100.00%
                73.3    100.00%
                73.4    100.00%
                73.5    100.00%
                73.6    100.00%
                73.7    100.00%
                73.8    100.00%
                73.9    100.00%
                74.0    100.00%
                74.1    100.00%
                74.2    100.00%
                74.3    100.00%
                74.4    100.00%
                74.5    100.00%
                74.6    100.00%
                74.7    100.00%
                74.8    100.00%
                74.9    100.00%
                75.0    100.00%
                75.1    100.00%
                75.2    100.00%
                75.3    100.00%
                75.4    100.00%
                75.5    100.00%
                75.6    100.00%
                75.7    100.00%
                75.8    100.00%
                75.9    100.00%
                76.0    100.00%
                76.1    100.00%
                76.2    100.00%
                76.3    100.00%
                76.4    100.00%
                76.5    100.00%
                76.6    100.00%
                76.7    100.00%
                76.8    100.00%
                76.9    100.00%
                77.0    100.00%
                77.1    100.00%
                77.2    100.00%
                77.3    100.00%
                77.4    100.00%
                77.5    100.00%
                77.6    100.00%
                77.7    100.00%
                77.8    100.00%
                77.9    100.00%
                78.0    100.00%
                78.1    100.00%
                78.2    100.00%
                78.3    100.00%
                78.4    100.00%
                78.5    100.00%
                78.6    100.00%
                78.7    100.00%
                78.8    100.00%
                78.9    100.00%
                79.0    100.00%
                79.1    100.00%
                79.2    100.00%
                79.3    100.00%
                79.4    100.00%
                79.5    100.00%
                79.6    100.00%
                79.7    100.00%
                79.8    100.00%
                79.9    100.00%
                80.0    100.00%
                80.1    100.00%
                80.2    100.00%
                80.3    100.00%
                80.4    100.00%
                80.5    100.00%
                80.6    100.00%
                80.7    100.00%
                80.8    100.00%
                80.9    100.00%
                81.0    100.00%
                81.1    100.00%
                81.2    100.00%
                81.3    100.00%
                81.4    100.00%
                81.5    100.00%
                81.6    100.00%
                81.7    100.00%
                81.8    100.00%
                81.9    100.00%
                82.0    100.00%
                82.1    100.00%
                82.2    100.00%
                82.3    100.00%
                82.4    100.00%
                82.5    100.00%
                82.6    100.00%
                82.7    100.00%
                82.8    100.00%
                82.9    100.00%
                83.0    100.00%
                83.1    100.00%
                83.2    100.00%
                83.3    100.00%
                83.4    100.00%
                83.5    100.00%
                83.6    100.00%

