Threads: 32, Sharded reads: true, Number of Memcached servers: 3.

All measures in microseconds.
  SETS   GETS  MGETS   INVLD    TOT   HITS     RSP T      Q T     SVR T  Q LEN
     0  27256      0       0  27256  26917   1196.27    58.40   1102.20      0
     0   3585      0       0   3585   3554   1125.64    44.94   1051.47      0
     0   3215      0       0   3215   3184   1223.62    59.09   1137.48      0
     0   3151      0       0   3151   3132   1214.62    44.56   1136.00      0
     0   3351      0       0   3351   3312   1201.77    44.25   1124.03      0
     0   3276      0       0   3276   3245   1210.65    34.72   1134.64      0
     0   3420      0       0   3420   3386   1158.53    36.86   1092.43      0
     0   3425      0       0   3425   3395   1160.20    36.41   1095.16      0
     0   3498      0       0   3498   3474   1115.50    38.64   1046.29      0
     0   3567      0       0   3567   3501   1074.77    38.38   1005.11      0
     0   3475      0       0   3475   3412   1110.54    33.10   1046.14      0
     0   3542      0       0   3542   3505   1092.17    41.85   1021.46      0
     0   3554      0       0   3554   3514   1132.99    29.81   1078.01      0
     0   3551      0       0   3551   3504   1135.85    31.39   1075.49      0
     0   3375      0       0   3375   3345   1181.64    44.10   1101.28      0
     0   3406      0       0   3406   3383   1169.67    40.13   1094.40      0
     0   3473      0       0   3473   3448   1152.94    35.14   1082.52      0
     0   3404      0       0   3404   3366   1182.36    30.95   1124.43      0
     0   3445      0       0   3445   3408   1152.25    40.35   1085.24      0
     0   3476      0       0   3476   3445   1126.48    34.30   1067.63      0
     0   3626      0       0   3626   3594   1092.43    35.93   1030.35      0
     0   3520      0       0   3520   3486   1134.71    35.21   1075.82      0
     0   3487      0       0   3487   3449   1145.20    40.88   1079.45      0
     0   3532      0       0   3532   3484   1120.54    40.23   1056.47      0
     0   3500      0       0   3500   3466   1095.71    31.02   1038.31      0
     0   3499      0       0   3499   3458   1124.69    36.91   1061.54      0
     0   3528      0       0   3528   3492   1120.52    35.56   1061.66      0
     0   3503      0       0   3503   3465   1144.38    35.83   1082.88      1
     0   3489      0       0   3489   3443   1112.59    33.97   1055.91      0
     0   3576      0       0   3576   3534   1080.20    39.86   1014.62      0
     0   3593      0       0   3593   3560   1079.99    37.90   1017.30      0
     0   3562      0       0   3562   3529   1077.49    36.27   1016.52      0
     0   3565      0       0   3565   3528   1112.25    36.46   1053.09      0
     0   3482      0       0   3482   3443   1108.83    34.77   1049.46      0
     0   3509      0       0   3509   3470   1125.99    32.66   1068.06      0
     0   3545      0       0   3545   3499   1109.10    34.17   1049.89      1
     0   3415      0       0   3415   3389   1149.32    29.66   1092.19      0
     0   3550      0       0   3550   3507   1113.43    34.37   1055.41      0
     0   3510      0       0   3510   3473   1131.49    36.00   1072.76      0
     0   3389      0       0   3389   3351   1151.53    37.03   1091.09      0
     0   3678      0       0   3678   3640   1073.04    34.93   1015.28      0
     0   3477      0       0   3477   3446   1130.75    36.29   1067.35      0
     0   3453      0       0   3453   3412   1140.77    41.18   1071.83      0
     0   3494      0       0   3494   3441   1148.45    32.91   1087.49      0
     0   3501      0       0   3501   3476   1105.51    34.73   1046.56      0
     0   3458      0       0   3458   3426   1138.24    32.87   1079.27      0
     0   3596      0       0   3596   3554   1093.24    34.11   1035.22      1
     0   3500      0       0   3500   3460   1129.19    33.24   1072.51      0
     0   3498      0       0   3498   3453   1137.21    34.78   1077.91      0
     0   3507      0       0   3507   3485   1124.03    36.35   1064.17      0
     0   3575      0       0   3575   3539   1090.47    33.68   1029.68      0
     0   3514      0       0   3514   3475   1103.68    32.65   1045.90      1
     0   3486      0       0   3486   3437   1120.87    32.81   1063.89      0
     0   3460      0       0   3460   3426   1131.73    32.33   1074.62      0
     0   3627      0       0   3627   3591   1072.26    37.97   1011.91      0
     0   3542      0       0   3542   3485   1106.01    38.94   1038.48      0
     0   3548      0       0   3548   3516   1109.53    38.24   1042.48      0
     0   3641      0       0   3641   3603   1084.34    33.54   1025.24      1
     0   3601      0       0   3601   3556   1085.75    34.28   1025.00      0
     0   3551      0       0   3551   3515   1097.22    32.41   1039.92      2
     0   3458      0       0   3458   3420   1145.57    40.52   1079.13      0
     0   3417      0       0   3417   3388   1145.63    32.56   1085.94      1
     0   3151      0       0   3151   3116   1162.44    42.39   1097.51      0
     0   3251      0       0   3251   3227   1191.92    43.41   1126.82      0
     0   3353      0       0   3353   3314   1171.15    37.82   1108.10      0
     0   3572      0       0   3572   3540   1108.27    38.53   1045.53      0
     0   3517      0       0   3517   3480   1106.61    31.89   1049.78      0
     0   3607      0       0   3607   3572   1092.88    33.59   1036.08      0
     0   3506      0       0   3506   3467   1126.71    35.79   1067.83      0
     0   3488      0       0   3488   3450   1115.99    39.67   1051.20      0
     0   3571      0       0   3571   3540   1099.27    35.32   1039.14      0
     0   3590      0       0   3590   3543   1101.41    35.11   1042.59      0
     0   3538      0       0   3538   3498   1135.04    34.82   1074.70      0
     0   3586      0       0   3586   3538   1114.79    30.48   1058.22      1
     0   3594      0       0   3594   3572   1115.12    38.98   1050.13      0
     0   3455      0       0   3455   3420   1130.06    33.57   1072.84      0
     0   3672      0       0   3672   3633   1078.85    36.48   1016.51      0
     0   3588      0       0   3588   3555   1098.85    40.33   1035.73      0
     0   3576      0       0   3576   3535   1094.51    33.93   1037.74      0
     0   3508      0       0   3508   3472   1109.13    31.25   1051.33      0
     0   3580      0       0   3580   3532   1081.16    34.75   1023.33      0
     0   3402      0       0   3402   3371   1160.22    32.34   1103.32      0
     0   1071      0       0   1071   1065   1148.19    20.29   1105.67      0
     0      0      0       0      0      0       NaN      NaN       NaN      0
     0      0      0       0      0      0       NaN      NaN       NaN      0
     0      0      0       0      0      0       NaN      NaN       NaN      0
     0      0      0       0      0      0       NaN      NaN       NaN      0
     0      0      0       0      0      0       NaN      NaN       NaN      0
================================================================================
ALL STATS (timing measures are in microseconds)
WORKER 0:
Type     |Total    |Ops/sec  |Hits/sec |Miss/Sec |Resp Time|Proc Time|Srvr Time
SET      |        0|     0.00|     0.00|     0.00|      NaN|      NaN|      NaN
GET      |     9723|   106.85|   105.63|     1.22|  1136.32|  1096.48|  1065.44
MULTIGET |        0|     0.00|     0.00|     0.00|      NaN|      NaN|      NaN
INVALID  |        0|     0.00|      ---|      ---|      NaN|      NaN|      ---
Average mutliget length: NaN
================================================================================
WORKER 1:
Type     |Total    |Ops/sec  |Hits/sec |Miss/Sec |Resp Time|Proc Time|Srvr Time
SET      |        0|     0.00|     0.00|     0.00|      NaN|      NaN|      NaN
GET      |     9679|   106.36|   105.48|     0.88|  1126.13|  1088.57|  1058.86
MULTIGET |        0|     0.00|     0.00|     0.00|      NaN|      NaN|      NaN
INVALID  |        0|     0.00|      ---|      ---|      NaN|      NaN|      ---
Average mutliget length: NaN
================================================================================
WORKER 2:
Type     |Total    |Ops/sec  |Hits/sec |Miss/Sec |Resp Time|Proc Time|Srvr Time
SET      |        0|     0.00|     0.00|     0.00|      NaN|      NaN|      NaN
GET      |     9708|   106.68|   105.62|     1.07|  1123.95|  1085.99|  1059.91
MULTIGET |        0|     0.00|     0.00|     0.00|      NaN|      NaN|      NaN
INVALID  |        0|     0.00|      ---|      ---|      NaN|      NaN|      ---
Average mutliget length: NaN
================================================================================
WORKER 3:
Type     |Total    |Ops/sec  |Hits/sec |Miss/Sec |Resp Time|Proc Time|Srvr Time
SET      |        0|     0.00|     0.00|     0.00|      NaN|      NaN|      NaN
GET      |     9679|   106.36|   105.29|     1.08|  1139.96|  1100.17|  1074.28
MULTIGET |        0|     0.00|     0.00|     0.00|      NaN|      NaN|      NaN
INVALID  |        0|     0.00|      ---|      ---|      NaN|      NaN|      ---
Average mutliget length: NaN
================================================================================
WORKER 4:
Type     |Total    |Ops/sec  |Hits/sec |Miss/Sec |Resp Time|Proc Time|Srvr Time
SET      |        0|     0.00|     0.00|     0.00|      NaN|      NaN|      NaN
GET      |     9717|   106.78|   105.84|     0.95|  1125.64|  1085.20|  1059.97
MULTIGET |        0|     0.00|     0.00|     0.00|      NaN|      NaN|      NaN
INVALID  |        0|     0.00|      ---|      ---|      NaN|      NaN|      ---
Average mutliget length: NaN
================================================================================
WORKER 5:
Type     |Total    |Ops/sec  |Hits/sec |Miss/Sec |Resp Time|Proc Time|Srvr Time
SET      |        0|     0.00|     0.00|     0.00|      NaN|      NaN|      NaN
GET      |     9807|   107.77|   106.68|     1.09|  1122.91|  1084.39|  1058.08
MULTIGET |        0|     0.00|     0.00|     0.00|      NaN|      NaN|      NaN
INVALID  |        0|     0.00|      ---|      ---|      NaN|      NaN|      ---
Average mutliget length: NaN
================================================================================
WORKER 6:
Type     |Total    |Ops/sec  |Hits/sec |Miss/Sec |Resp Time|Proc Time|Srvr Time
SET      |        0|     0.00|     0.00|     0.00|      NaN|      NaN|      NaN
GET      |     9764|   107.30|   105.85|     1.45|  1139.36|  1099.88|  1067.08
MULTIGET |        0|     0.00|     0.00|     0.00|      NaN|      NaN|      NaN
INVALID  |        0|     0.00|      ---|      ---|      NaN|      NaN|      ---
Average mutliget length: NaN
================================================================================
WORKER 7:
Type     |Total    |Ops/sec  |Hits/sec |Miss/Sec |Resp Time|Proc Time|Srvr Time
SET      |        0|     0.00|     0.00|     0.00|      NaN|      NaN|      NaN
GET      |     9774|   107.41|   106.35|     1.05|  1129.58|  1089.34|  1064.38
MULTIGET |        0|     0.00|     0.00|     0.00|      NaN|      NaN|      NaN
INVALID  |        0|     0.00|      ---|      ---|      NaN|      NaN|      ---
Average mutliget length: NaN
================================================================================
WORKER 8:
Type     |Total    |Ops/sec  |Hits/sec |Miss/Sec |Resp Time|Proc Time|Srvr Time
SET      |        0|     0.00|     0.00|     0.00|      NaN|      NaN|      NaN
GET      |     9724|   106.86|   105.64|     1.22|  1158.46|  1117.78|  1089.90
MULTIGET |        0|     0.00|     0.00|     0.00|      NaN|      NaN|      NaN
INVALID  |        0|     0.00|      ---|      ---|      NaN|      NaN|      ---
Average mutliget length: NaN
================================================================================
WORKER 9:
Type     |Total    |Ops/sec  |Hits/sec |Miss/Sec |Resp Time|Proc Time|Srvr Time
SET      |        0|     0.00|     0.00|     0.00|      NaN|      NaN|      NaN
GET      |     9789|   107.57|   106.05|     1.52|  1123.13|  1085.99|  1060.17
MULTIGET |        0|     0.00|     0.00|     0.00|      NaN|      NaN|      NaN
INVALID  |        0|     0.00|      ---|      ---|      NaN|      NaN|      ---
Average mutliget length: NaN
================================================================================
WORKER 10:
Type     |Total    |Ops/sec  |Hits/sec |Miss/Sec |Resp Time|Proc Time|Srvr Time
SET      |        0|     0.00|     0.00|     0.00|      NaN|      NaN|      NaN
GET      |     9715|   106.76|   105.75|     1.01|  1122.43|  1085.89|  1056.74
MULTIGET |        0|     0.00|     0.00|     0.00|      NaN|      NaN|      NaN
INVALID  |        0|     0.00|      ---|      ---|      NaN|      NaN|      ---
Average mutliget length: NaN
================================================================================
WORKER 11:
Type     |Total    |Ops/sec  |Hits/sec |Miss/Sec |Resp Time|Proc Time|Srvr Time
SET      |        0|     0.00|     0.00|     0.00|      NaN|      NaN|      NaN
GET      |     9765|   107.31|   106.09|     1.22|  1121.20|  1081.57|  1055.26
MULTIGET |        0|     0.00|     0.00|     0.00|      NaN|      NaN|      NaN
INVALID  |        0|     0.00|      ---|      ---|      NaN|      NaN|      ---
Average mutliget length: NaN
================================================================================
WORKER 12:
Type     |Total    |Ops/sec  |Hits/sec |Miss/Sec |Resp Time|Proc Time|Srvr Time
SET      |        0|     0.00|     0.00|     0.00|      NaN|      NaN|      NaN
GET      |     9689|   106.47|   105.44|     1.03|  1126.73|  1088.17|  1062.26
MULTIGET |        0|     0.00|     0.00|     0.00|      NaN|      NaN|      NaN
INVALID  |        0|     0.00|      ---|      ---|      NaN|      NaN|      ---
Average mutliget length: NaN
================================================================================
WORKER 13:
Type     |Total    |Ops/sec  |Hits/sec |Miss/Sec |Resp Time|Proc Time|Srvr Time
SET      |        0|     0.00|     0.00|     0.00|      NaN|      NaN|      NaN
GET      |     9758|   107.23|   106.22|     1.01|  1126.34|  1089.17|  1061.31
MULTIGET |        0|     0.00|     0.00|     0.00|      NaN|      NaN|      NaN
INVALID  |        0|     0.00|      ---|      ---|      NaN|      NaN|      ---
Average mutliget length: NaN
================================================================================
WORKER 14:
Type     |Total    |Ops/sec  |Hits/sec |Miss/Sec |Resp Time|Proc Time|Srvr Time
SET      |        0|     0.00|     0.00|     0.00|      NaN|      NaN|      NaN
GET      |     9774|   107.41|   106.18|     1.23|  1129.71|  1091.86|  1066.31
MULTIGET |        0|     0.00|     0.00|     0.00|      NaN|      NaN|      NaN
INVALID  |        0|     0.00|      ---|      ---|      NaN|      NaN|      ---
Average mutliget length: NaN
================================================================================
WORKER 15:
Type     |Total    |Ops/sec  |Hits/sec |Miss/Sec |Resp Time|Proc Time|Srvr Time
SET      |        0|     0.00|     0.00|     0.00|      NaN|      NaN|      NaN
GET      |     9751|   107.15|   105.98|     1.18|  1122.45|  1085.93|  1059.74
MULTIGET |        0|     0.00|     0.00|     0.00|      NaN|      NaN|      NaN
INVALID  |        0|     0.00|      ---|      ---|      NaN|      NaN|      ---
Average mutliget length: NaN
================================================================================
WORKER 16:
Type     |Total    |Ops/sec  |Hits/sec |Miss/Sec |Resp Time|Proc Time|Srvr Time
SET      |        0|     0.00|     0.00|     0.00|      NaN|      NaN|      NaN
GET      |     9729|   106.91|   105.78|     1.13|  1124.01|  1082.81|  1055.44
MULTIGET |        0|     0.00|     0.00|     0.00|      NaN|      NaN|      NaN
INVALID  |        0|     0.00|      ---|      ---|      NaN|      NaN|      ---
Average mutliget length: NaN
================================================================================
WORKER 17:
Type     |Total    |Ops/sec  |Hits/sec |Miss/Sec |Resp Time|Proc Time|Srvr Time
SET      |        0|     0.00|     0.00|     0.00|      NaN|      NaN|      NaN
GET      |     9742|   107.05|   105.86|     1.20|  1129.16|  1090.21|  1064.89
MULTIGET |        0|     0.00|     0.00|     0.00|      NaN|      NaN|      NaN
INVALID  |        0|     0.00|      ---|      ---|      NaN|      NaN|      ---
Average mutliget length: NaN
================================================================================
WORKER 18:
Type     |Total    |Ops/sec  |Hits/sec |Miss/Sec |Resp Time|Proc Time|Srvr Time
SET      |        0|     0.00|     0.00|     0.00|      NaN|      NaN|      NaN
GET      |     9701|   106.60|   105.34|     1.26|  1142.69|  1104.65|  1076.32
MULTIGET |        0|     0.00|     0.00|     0.00|      NaN|      NaN|      NaN
INVALID  |        0|     0.00|      ---|      ---|      NaN|      NaN|      ---
Average mutliget length: NaN
================================================================================
WORKER 19:
Type     |Total    |Ops/sec  |Hits/sec |Miss/Sec |Resp Time|Proc Time|Srvr Time
SET      |        0|     0.00|     0.00|     0.00|      NaN|      NaN|      NaN
GET      |     9778|   107.45|   106.49|     0.96|  1123.27|  1085.18|  1056.69
MULTIGET |        0|     0.00|     0.00|     0.00|      NaN|      NaN|      NaN
INVALID  |        0|     0.00|      ---|      ---|      NaN|      NaN|      ---
Average mutliget length: NaN
================================================================================
WORKER 20:
Type     |Total    |Ops/sec  |Hits/sec |Miss/Sec |Resp Time|Proc Time|Srvr Time
SET      |        0|     0.00|     0.00|     0.00|      NaN|      NaN|      NaN
GET      |     9752|   107.16|   106.08|     1.09|  1124.93|  1088.29|  1063.20
MULTIGET |        0|     0.00|     0.00|     0.00|      NaN|      NaN|      NaN
INVALID  |        0|     0.00|      ---|      ---|      NaN|      NaN|      ---
Average mutliget length: NaN
================================================================================
WORKER 21:
Type     |Total    |Ops/sec  |Hits/sec |Miss/Sec |Resp Time|Proc Time|Srvr Time
SET      |        0|     0.00|     0.00|     0.00|      NaN|      NaN|      NaN
GET      |     9730|   106.92|   105.55|     1.37|  1146.93|  1109.64|  1083.88
MULTIGET |        0|     0.00|     0.00|     0.00|      NaN|      NaN|      NaN
INVALID  |        0|     0.00|      ---|      ---|      NaN|      NaN|      ---
Average mutliget length: NaN
================================================================================
WORKER 22:
Type     |Total    |Ops/sec  |Hits/sec |Miss/Sec |Resp Time|Proc Time|Srvr Time
SET      |        0|     0.00|     0.00|     0.00|      NaN|      NaN|      NaN
GET      |     9725|   106.87|   105.71|     1.15|  1141.01|  1101.02|  1074.90
MULTIGET |        0|     0.00|     0.00|     0.00|      NaN|      NaN|      NaN
INVALID  |        0|     0.00|      ---|      ---|      NaN|      NaN|      ---
Average mutliget length: NaN
================================================================================
WORKER 23:
Type     |Total    |Ops/sec  |Hits/sec |Miss/Sec |Resp Time|Proc Time|Srvr Time
SET      |        0|     0.00|     0.00|     0.00|      NaN|      NaN|      NaN
GET      |     9761|   107.26|   106.19|     1.08|  1129.39|  1091.59|  1065.16
MULTIGET |        0|     0.00|     0.00|     0.00|      NaN|      NaN|      NaN
INVALID  |        0|     0.00|      ---|      ---|      NaN|      NaN|      ---
Average mutliget length: NaN
================================================================================
WORKER 24:
Type     |Total    |Ops/sec  |Hits/sec |Miss/Sec |Resp Time|Proc Time|Srvr Time
SET      |        0|     0.00|     0.00|     0.00|      NaN|      NaN|      NaN
GET      |     9749|   107.13|   105.89|     1.24|  1123.90|  1086.33|  1061.24
MULTIGET |        0|     0.00|     0.00|     0.00|      NaN|      NaN|      NaN
INVALID  |        0|     0.00|      ---|      ---|      NaN|      NaN|      ---
Average mutliget length: NaN
================================================================================
WORKER 25:
Type     |Total    |Ops/sec  |Hits/sec |Miss/Sec |Resp Time|Proc Time|Srvr Time
SET      |        0|     0.00|     0.00|     0.00|      NaN|      NaN|      NaN
GET      |     9776|   107.43|   106.27|     1.15|  1128.46|  1091.41|  1065.06
MULTIGET |        0|     0.00|     0.00|     0.00|      NaN|      NaN|      NaN
INVALID  |        0|     0.00|      ---|      ---|      NaN|      NaN|      ---
Average mutliget length: NaN
================================================================================
WORKER 26:
Type     |Total    |Ops/sec  |Hits/sec |Miss/Sec |Resp Time|Proc Time|Srvr Time
SET      |        0|     0.00|     0.00|     0.00|      NaN|      NaN|      NaN
GET      |     9728|   106.90|   105.66|     1.24|  1139.03|  1101.32|  1075.82
MULTIGET |        0|     0.00|     0.00|     0.00|      NaN|      NaN|      NaN
INVALID  |        0|     0.00|      ---|      ---|      NaN|      NaN|      ---
Average mutliget length: NaN
================================================================================
WORKER 27:
Type     |Total    |Ops/sec  |Hits/sec |Miss/Sec |Resp Time|Proc Time|Srvr Time
SET      |        0|     0.00|     0.00|     0.00|      NaN|      NaN|      NaN
GET      |     9712|   106.73|   105.49|     1.23|  1128.66|  1092.02|  1065.84
MULTIGET |        0|     0.00|     0.00|     0.00|      NaN|      NaN|      NaN
INVALID  |        0|     0.00|      ---|      ---|      NaN|      NaN|      ---
Average mutliget length: NaN
================================================================================
WORKER 28:
Type     |Total    |Ops/sec  |Hits/sec |Miss/Sec |Resp Time|Proc Time|Srvr Time
SET      |        0|     0.00|     0.00|     0.00|      NaN|      NaN|      NaN
GET      |     9746|   107.10|   106.13|     0.97|  1139.29|  1101.75|  1074.54
MULTIGET |        0|     0.00|     0.00|     0.00|      NaN|      NaN|      NaN
INVALID  |        0|     0.00|      ---|      ---|      NaN|      NaN|      ---
Average mutliget length: NaN
================================================================================
WORKER 29:
Type     |Total    |Ops/sec  |Hits/sec |Miss/Sec |Resp Time|Proc Time|Srvr Time
SET      |        0|     0.00|     0.00|     0.00|      NaN|      NaN|      NaN
GET      |     9785|   107.53|   106.35|     1.18|  1121.25|  1084.68|  1057.62
MULTIGET |        0|     0.00|     0.00|     0.00|      NaN|      NaN|      NaN
INVALID  |        0|     0.00|      ---|      ---|      NaN|      NaN|      ---
Average mutliget length: NaN
================================================================================
WORKER 30:
Type     |Total    |Ops/sec  |Hits/sec |Miss/Sec |Resp Time|Proc Time|Srvr Time
SET      |        0|     0.00|     0.00|     0.00|      NaN|      NaN|      NaN
GET      |     9648|   106.02|   104.89|     1.13|  1130.75|  1093.46|  1066.34
MULTIGET |        0|     0.00|     0.00|     0.00|      NaN|      NaN|      NaN
INVALID  |        0|     0.00|      ---|      ---|      NaN|      NaN|      ---
Average mutliget length: NaN
================================================================================
WORKER 31:
Type     |Total    |Ops/sec  |Hits/sec |Miss/Sec |Resp Time|Proc Time|Srvr Time
SET      |        0|     0.00|     0.00|     0.00|      NaN|      NaN|      NaN
GET      |     9705|   106.65|   105.43|     1.22|  1142.95|  1107.18|  1076.98
MULTIGET |        0|     0.00|     0.00|     0.00|      NaN|      NaN|      NaN
INVALID  |        0|     0.00|      ---|      ---|      NaN|      NaN|      ---
Average mutliget length: NaN
================================================================================
================================================================================

AGGREGATE FOR ALL WORKERS:
Type     |Total    |Ops/sec  |Hits/sec |Miss/Sec |Resp Time|Proc Time|Srvr Time
SET      |        0|     0.00|     0.00|     0.00|      NaN|      NaN|      NaN
GET      |   311583|  3423.99|  3387.19|    36.80|  1130.93|  1092.74|  1065.73
MULTIGET |        0|     0.00|     0.00|     0.00|      NaN|      NaN|      NaN
INVALID  |        0|     0.00|      ---|      ---|      NaN|      NaN|      ---
Average mutliget length: NaN


 HISTOGRAM
  Response time (ms)   Percent
                 0.1      0.00%
                 0.2      0.15%
                 0.3      8.68%
                 0.4     20.08%
                 0.5     28.65%
                 0.6     41.33%
                 0.7     51.63%
                 0.8     57.15%
                 0.9     60.03%
                 1.0     61.66%
                 1.1     62.72%
                 1.2     63.44%
                 1.3     63.99%
                 1.4     64.44%
                 1.5     64.80%
                 1.6     65.12%
                 1.7     65.36%
                 1.8     65.56%
                 1.9     69.61%
                 2.0     79.51%
                 2.1     87.10%
                 2.2     91.11%
                 2.3     93.21%
                 2.4     94.57%
                 2.5     95.62%
                 2.6     96.44%
                 2.7     97.11%
                 2.8     97.60%
                 2.9     97.99%
                 3.0     98.29%
                 3.1     98.55%
                 3.2     98.76%
                 3.3     98.93%
                 3.4     99.05%
                 3.5     99.17%
                 3.6     99.25%
                 3.7     99.33%
                 3.8     99.39%
                 3.9     99.44%
                 4.0     99.49%
                 4.1     99.53%
                 4.2     99.57%
                 4.3     99.61%
                 4.4     99.63%
                 4.5     99.66%
                 4.6     99.68%
                 4.7     99.70%
                 4.8     99.72%
                 4.9     99.74%
                 5.0     99.76%
                 5.1     99.78%
                 5.2     99.80%
                 5.3     99.81%
                 5.4     99.82%
                 5.5     99.83%
                 5.6     99.84%
                 5.7     99.85%
                 5.8     99.85%
                 5.9     99.86%
                 6.0     99.87%
                 6.1     99.87%
                 6.2     99.87%
                 6.3     99.88%
                 6.4     99.88%
                 6.5     99.89%
                 6.6     99.89%
                 6.7     99.90%
                 6.8     99.90%
                 6.9     99.91%
                 7.0     99.91%
                 7.1     99.91%
                 7.2     99.92%
                 7.3     99.92%
                 7.4     99.93%
                 7.5     99.93%
                 7.6     99.93%
                 7.7     99.93%
                 7.8     99.94%
                 7.9     99.94%
                 8.0     99.94%
                 8.1     99.95%
                 8.2     99.95%
                 8.3     99.95%
                 8.4     99.95%
                 8.5     99.95%
                 8.6     99.96%
                 8.7     99.96%
                 8.8     99.96%
                 8.9     99.96%
                 9.0     99.96%
                 9.1     99.97%
                 9.2     99.97%
                 9.3     99.97%
                 9.4     99.97%
                 9.5     99.97%
                 9.6     99.97%
                 9.7     99.98%
                 9.8     99.98%
                 9.9     99.98%
                10.0     99.98%
                10.1     99.98%
                10.2     99.98%
                10.3     99.98%
                10.4     99.98%
                10.5     99.98%
                10.6     99.98%
                10.7     99.98%
                10.8     99.98%
                10.9     99.98%
                11.0     99.98%
                11.1     99.98%
                11.2     99.98%
                11.3     99.98%
                11.4     99.98%
                11.5     99.98%
                11.6     99.99%
                11.7     99.99%
                11.8     99.99%
                11.9     99.99%
                12.0     99.99%
                12.1     99.99%
                12.2     99.99%
                12.3     99.99%
                12.4     99.99%
                12.5     99.99%
                12.6     99.99%
                12.7     99.99%
                12.8     99.99%
                12.9     99.99%
                13.0     99.99%
                13.1     99.99%
                13.2     99.99%
                13.3     99.99%
                13.4     99.99%
                13.5     99.99%
                13.6     99.99%
                13.7     99.99%
                13.8     99.99%
                13.9     99.99%
                14.0     99.99%
                14.1     99.99%
                14.2     99.99%
                14.3     99.99%
                14.4     99.99%
                14.5     99.99%
                14.6     99.99%
                14.7     99.99%
                14.8     99.99%
                14.9     99.99%
                15.0     99.99%
                15.1     99.99%
                15.2     99.99%
                15.3     99.99%
                15.4     99.99%
                15.5     99.99%
                15.6     99.99%
                15.7     99.99%
                15.8     99.99%
                15.9     99.99%
                16.0     99.99%
                16.1     99.99%
                16.2     99.99%
                16.3     99.99%
                16.4     99.99%
                16.5     99.99%
                16.6     99.99%
                16.7     99.99%
                16.8     99.99%
                16.9     99.99%
                17.0     99.99%
                17.1     99.99%
                17.2     99.99%
                17.3     99.99%
                17.4     99.99%
                17.5     99.99%
                17.6     99.99%
                17.7     99.99%
                17.8     99.99%
                17.9     99.99%
                18.0     99.99%
                18.1     99.99%
                18.2     99.99%
                18.3     99.99%
                18.4     99.99%
                18.5     99.99%
                18.6     99.99%
                18.7     99.99%
                18.8     99.99%
                18.9     99.99%
                19.0     99.99%
                19.1     99.99%
                19.2     99.99%
                19.3     99.99%
                19.4     99.99%
                19.5     99.99%
                19.6     99.99%
                19.7     99.99%
                19.8     99.99%
                19.9     99.99%
                20.0     99.99%
                20.1     99.99%
                20.2     99.99%
                20.3     99.99%
                20.4     99.99%
                20.5     99.99%
                20.6     99.99%
                20.7     99.99%
                20.8     99.99%
                20.9     99.99%
                21.0     99.99%
                21.1     99.99%
                21.2     99.99%
                21.3     99.99%
                21.4     99.99%
                21.5     99.99%
                21.6     99.99%
                21.7     99.99%
                21.8     99.99%
                21.9     99.99%
                22.0     99.99%
                22.1     99.99%
                22.2     99.99%
                22.3     99.99%
                22.4     99.99%
                22.5     99.99%
                22.6     99.99%
                22.7     99.99%
                22.8     99.99%
                22.9     99.99%
                23.0     99.99%
                23.1     99.99%
                23.2     99.99%
                23.3     99.99%
                23.4     99.99%
                23.5     99.99%
                23.6     99.99%
                23.7     99.99%
                23.8     99.99%
                23.9     99.99%
                24.0     99.99%
                24.1     99.99%
                24.2     99.99%
                24.3     99.99%
                24.4     99.99%
                24.5     99.99%
                24.6     99.99%
                24.7     99.99%
                24.8     99.99%
                24.9     99.99%
                25.0     99.99%
                25.1     99.99%
                25.2     99.99%
                25.3     99.99%
                25.4     99.99%
                25.5     99.99%
                25.6     99.99%
                25.7     99.99%
                25.8     99.99%
                25.9     99.99%
                26.0     99.99%
                26.1     99.99%
                26.2     99.99%
                26.3     99.99%
                26.4     99.99%
                26.5     99.99%
                26.6     99.99%
                26.7     99.99%
                26.8     99.99%
                26.9     99.99%
                27.0     99.99%
                27.1     99.99%
                27.2     99.99%
                27.3     99.99%
                27.4     99.99%
                27.5     99.99%
                27.6     99.99%
                27.7     99.99%
                27.8     99.99%
                27.9     99.99%
                28.0     99.99%
                28.1     99.99%
                28.2     99.99%
                28.3     99.99%
                28.4     99.99%
                28.5     99.99%
                28.6     99.99%
                28.7    100.00%
                28.8    100.00%
                28.9    100.00%
                29.0    100.00%
                29.1    100.00%
                29.2    100.00%
                29.3    100.00%
                29.4    100.00%
                29.5    100.00%
                29.6    100.00%
                29.7    100.00%
                29.8    100.00%
                29.9    100.00%
                30.0    100.00%
                30.1    100.00%
                30.2    100.00%
                30.3    100.00%
                30.4    100.00%
                30.5    100.00%
                30.6    100.00%
                30.7    100.00%
                30.8    100.00%
                30.9    100.00%
                31.0    100.00%
                31.1    100.00%
                31.2    100.00%
                31.3    100.00%
                31.4    100.00%
                31.5    100.00%
                31.6    100.00%
                31.7    100.00%
                31.8    100.00%
                31.9    100.00%
                32.0    100.00%
                32.1    100.00%
                32.2    100.00%
                32.3    100.00%
                32.4    100.00%
                32.5    100.00%
                32.6    100.00%
                32.7    100.00%
                32.8    100.00%
                32.9    100.00%
                33.0    100.00%
                33.1    100.00%
                33.2    100.00%
                33.3    100.00%
                33.4    100.00%
                33.5    100.00%
                33.6    100.00%
                33.7    100.00%
                33.8    100.00%
                33.9    100.00%
                34.0    100.00%
                34.1    100.00%
                34.2    100.00%
                34.3    100.00%
                34.4    100.00%
                34.5    100.00%
                34.6    100.00%
                34.7    100.00%
                34.8    100.00%
                34.9    100.00%
                35.0    100.00%
                35.1    100.00%
                35.2    100.00%
                35.3    100.00%
                35.4    100.00%
                35.5    100.00%
                35.6    100.00%
                35.7    100.00%
                35.8    100.00%
                35.9    100.00%
                36.0    100.00%
                36.1    100.00%
                36.2    100.00%
                36.3    100.00%

