Threads: 16, Sharded reads: false, Number of Memcached servers: 3.

All measures in microseconds.
  SETS   GETS  MGETS   INVLD    TOT   HITS     RSP T      Q T     SVR T  Q LEN
 15011      0      0       0  15011  15011   2429.25    99.12   2299.45      0
  1878      0      0       0   1878   1878   2395.97    60.38   2302.65      0
  1997      0      0       0   1997   1997   2291.80    56.86   2215.89      0
  2013      0      0       0   2013   2013   2272.29    46.85   2193.11      0
  2045      0      0       0   2045   2045   2216.34    62.58   2134.56      0
  2039      0      0       0   2039   2039   2221.62    59.61   2138.70      0
  2063      0      0       0   2063   2063   2208.00    60.69   2122.87      0
  1745      0      0       0   1745   1745   2581.19   121.97   2425.16      0
  1935      0      0       0   1935   1935   2419.44    71.73   2330.18      0
  2056      0      0       0   2056   2056   2208.52    39.48   2151.12      1
  1936      0      0       0   1936   1936   2307.93    57.17   2231.24      0
  1930      0      0       0   1930   1930   2307.54    55.50   2233.05      0
  1959      0      0       0   1959   1959   2294.36    66.32   2201.64      0
  1899      0      0       0   1899   1899   2428.58    73.80   2336.60      0
  2026      0      0       0   2026   2026   2237.54    55.78   2164.25      0
  1994      0      0       0   1994   1994   2284.46    73.12   2191.34      0
  1959      0      0       0   1959   1959   2297.99    67.12   2210.16      0
  1830      0      0       0   1830   1830   2514.43   107.67   2387.97      0
  1889      0      0       0   1889   1889   2423.64    80.13   2325.03      0
  1829      0      0       0   1829   1829   2495.93   108.19   2367.71      0
  1993      0      0       0   1993   1993   2272.12    54.45   2196.92      0
  1906      0      0       0   1906   1906   2386.52    58.42   2308.93      0
  1930      0      0       0   1930   1930   2368.26    99.06   2249.84      0
  2016      0      0       0   2016   2016   2277.17    51.98   2205.33      0
  1914      0      0       0   1914   1914   2378.03    64.54   2292.81      1
  1996      0      0       0   1996   1996   2285.12    68.54   2196.01      0
  2067      0      0       0   2067   2067   2147.24    37.95   2093.68      0
  2065      0      0       0   2065   2065   2183.22    46.51   2117.94      0
  2066      0      0       0   2066   2066   2204.16    55.37   2128.69      0
  2008      0      0       0   2008   2008   2277.34    47.29   2211.77      0
  1851      0      0       0   1851   1851   2426.41    76.65   2327.04      0
  2010      0      0       0   2010   2010   2302.30    62.27   2220.68      0
  1833      0      0       0   1833   1833   2410.70    92.98   2299.38      0
  1916      0      0       0   1916   1916   2358.94    54.03   2286.37      0
  1866      0      0       0   1866   1866   2456.00    70.21   2364.45      0
  1934      0      0       0   1934   1934   2300.81    76.71   2205.36      0
  1856      0      0       0   1856   1856   2419.74   113.16   2287.67      0
  1949      0      0       0   1949   1949   2330.86    70.49   2240.65      0
  1953      0      0       0   1953   1953   2345.47    54.43   2269.33      0
  1933      0      0       0   1933   1933   2384.63    57.53   2307.89      0
  1975      0      0       0   1975   1975   2277.76    70.38   2186.38      2
  1870      0      0       0   1870   1870   2425.32    86.90   2316.94      0
  1925      0      0       0   1925   1925   2361.59    53.65   2288.73      0
  2018      0      0       0   2018   2018   2305.01    41.77   2245.79      0
  1914      0      0       0   1914   1914   2358.95    64.95   2269.16      0
  1932      0      0       0   1932   1932   2332.80    60.84   2254.53      0
  1949      0      0       0   1949   1949   2279.94    49.72   2213.30      0
  1951      0      0       0   1951   1951   2272.31    57.57   2195.74      0
  2009      0      0       0   2009   2009   2303.23    65.09   2219.23      0
  1934      0      0       0   1934   1934   2275.28    70.14   2186.63      1
  1938      0      0       0   1938   1938   2321.84    96.49   2195.81      0
  1938      0      0       0   1938   1938   2286.43    55.93   2209.26      0
  1913      0      0       0   1913   1913   2410.07   140.54   2219.02      0
  1941      0      0       0   1941   1941   2317.10    65.62   2228.81      0
  1988      0      0       0   1988   1988   2315.94    72.02   2225.98      0
  1896      0      0       0   1896   1896   2414.80    77.81   2313.91      0
  1918      0      0       0   1918   1918   2406.71    81.98   2305.81      0
  1977      0      0       0   1977   1977   2233.54    61.64   2151.86      1
  1948      0      0       0   1948   1948   2321.08    59.37   2242.80      0
  2030      0      0       0   2030   2030   2246.07    66.75   2161.87      0
  1965      0      0       0   1965   1965   2294.32    77.91   2194.52      0
  1915      0      0       0   1915   1915   2365.84    74.17   2272.17      0
  1957      0      0       0   1957   1957   2317.84    66.93   2231.89      0
  1909      0      0       0   1909   1909   2405.29    74.98   2309.71      0
  1994      0      0       0   1994   1994   2301.42    66.47   2215.22      0
  1966      0      0       0   1966   1966   2285.37    79.89   2185.09      1
  1911      0      0       0   1911   1911   2378.24    98.21   2260.54      0
  1801      0      0       0   1801   1801   2489.24   108.25   2359.31      0
  1967      0      0       0   1967   1967   2334.77    80.72   2234.11      0
  2057      0      0       0   2057   2057   2221.43    52.61   2147.02      0
  2069      0      0       0   2069   2069   2173.73    57.44   2096.88      1
  2002      0      0       0   2002   2002   2218.64    65.61   2129.23      0
  2095      0      0       0   2095   2095   2196.96    52.79   2125.94      0
  1967      0      0       0   1967   1967   2336.15    49.83   2265.99      0
  1969      0      0       0   1969   1969   2349.12    53.59   2277.08      0
  1979      0      0       0   1979   1979   2300.45    64.43   2214.84      0
  1917      0      0       0   1917   1917   2374.22    62.89   2292.03      0
  1991      0      0       0   1991   1991   2290.83    65.71   2201.03      0
  1921      0      0       0   1921   1921   2379.68    62.20   2297.45      0
  1896      0      0       0   1896   1896   2385.20    74.32   2274.16      0
  1972      0      0       0   1972   1972   2291.85    61.74   2210.35      0
  1561      0      0       0   1561   1561   2349.04    53.06   2275.88      0
    96      0      0       0     96     96   2562.89    54.08   2486.71      0
     0      0      0       0      0      0       NaN      NaN       NaN      0
     0      0      0       0      0      0       NaN      NaN       NaN      0
     0      0      0       0      0      0       NaN      NaN       NaN      0
     0      0      0       0      0      0       NaN      NaN       NaN      0
     0      0      0       0      0      0       NaN      NaN       NaN      0
================================================================================
ALL STATS (timing measures are in microseconds)
WORKER 0:
Type     |Total    |Ops/sec  |Hits/sec |Miss/Sec |Resp Time|Proc Time|Srvr Time
SET      |    10702|   117.60|   117.60|     0.00|  2332.57|  2262.71|  2241.55
GET      |        0|     0.00|     0.00|     0.00|      NaN|      NaN|      NaN
MULTIGET |        0|     0.00|     0.00|     0.00|      NaN|      NaN|      NaN
INVALID  |        0|     0.00|      ---|      ---|      NaN|      NaN|      ---
Average mutliget length: NaN
================================================================================
WORKER 1:
Type     |Total    |Ops/sec  |Hits/sec |Miss/Sec |Resp Time|Proc Time|Srvr Time
SET      |    10769|   118.34|   118.34|     0.00|  2333.61|  2262.50|  2241.28
GET      |        0|     0.00|     0.00|     0.00|      NaN|      NaN|      NaN
MULTIGET |        0|     0.00|     0.00|     0.00|      NaN|      NaN|      NaN
INVALID  |        0|     0.00|      ---|      ---|      NaN|      NaN|      ---
Average mutliget length: NaN
================================================================================
WORKER 2:
Type     |Total    |Ops/sec  |Hits/sec |Miss/Sec |Resp Time|Proc Time|Srvr Time
SET      |    10771|   118.36|   118.36|     0.00|  2334.22|  2258.42|  2236.52
GET      |        0|     0.00|     0.00|     0.00|      NaN|      NaN|      NaN
MULTIGET |        0|     0.00|     0.00|     0.00|      NaN|      NaN|      NaN
INVALID  |        0|     0.00|      ---|      ---|      NaN|      NaN|      ---
Average mutliget length: NaN
================================================================================
WORKER 3:
Type     |Total    |Ops/sec  |Hits/sec |Miss/Sec |Resp Time|Proc Time|Srvr Time
SET      |    10797|   118.65|   118.65|     0.00|  2339.53|  2267.21|  2247.76
GET      |        0|     0.00|     0.00|     0.00|      NaN|      NaN|      NaN
MULTIGET |        0|     0.00|     0.00|     0.00|      NaN|      NaN|      NaN
INVALID  |        0|     0.00|      ---|      ---|      NaN|      NaN|      ---
Average mutliget length: NaN
================================================================================
WORKER 4:
Type     |Total    |Ops/sec  |Hits/sec |Miss/Sec |Resp Time|Proc Time|Srvr Time
SET      |    10870|   119.45|   119.45|     0.00|  2334.53|  2265.66|  2240.45
GET      |        0|     0.00|     0.00|     0.00|      NaN|      NaN|      NaN
MULTIGET |        0|     0.00|     0.00|     0.00|      NaN|      NaN|      NaN
INVALID  |        0|     0.00|      ---|      ---|      NaN|      NaN|      ---
Average mutliget length: NaN
================================================================================
WORKER 5:
Type     |Total    |Ops/sec  |Hits/sec |Miss/Sec |Resp Time|Proc Time|Srvr Time
SET      |    10788|   118.55|   118.55|     0.00|  2326.82|  2260.34|  2239.91
GET      |        0|     0.00|     0.00|     0.00|      NaN|      NaN|      NaN
MULTIGET |        0|     0.00|     0.00|     0.00|      NaN|      NaN|      NaN
INVALID  |        0|     0.00|      ---|      ---|      NaN|      NaN|      ---
Average mutliget length: NaN
================================================================================
WORKER 6:
Type     |Total    |Ops/sec  |Hits/sec |Miss/Sec |Resp Time|Proc Time|Srvr Time
SET      |    10834|   119.05|   119.05|     0.00|  2325.94|  2259.47|  2234.56
GET      |        0|     0.00|     0.00|     0.00|      NaN|      NaN|      NaN
MULTIGET |        0|     0.00|     0.00|     0.00|      NaN|      NaN|      NaN
INVALID  |        0|     0.00|      ---|      ---|      NaN|      NaN|      ---
Average mutliget length: NaN
================================================================================
WORKER 7:
Type     |Total    |Ops/sec  |Hits/sec |Miss/Sec |Resp Time|Proc Time|Srvr Time
SET      |    10883|   119.59|   119.59|     0.00|  2323.30|  2253.94|  2231.26
GET      |        0|     0.00|     0.00|     0.00|      NaN|      NaN|      NaN
MULTIGET |        0|     0.00|     0.00|     0.00|      NaN|      NaN|      NaN
INVALID  |        0|     0.00|      ---|      ---|      NaN|      NaN|      ---
Average mutliget length: NaN
================================================================================
WORKER 8:
Type     |Total    |Ops/sec  |Hits/sec |Miss/Sec |Resp Time|Proc Time|Srvr Time
SET      |    10864|   119.38|   119.38|     0.00|  2333.82|  2263.39|  2240.85
GET      |        0|     0.00|     0.00|     0.00|      NaN|      NaN|      NaN
MULTIGET |        0|     0.00|     0.00|     0.00|      NaN|      NaN|      NaN
INVALID  |        0|     0.00|      ---|      ---|      NaN|      NaN|      ---
Average mutliget length: NaN
================================================================================
WORKER 9:
Type     |Total    |Ops/sec  |Hits/sec |Miss/Sec |Resp Time|Proc Time|Srvr Time
SET      |    10839|   119.11|   119.11|     0.00|  2338.59|  2266.48|  2244.77
GET      |        0|     0.00|     0.00|     0.00|      NaN|      NaN|      NaN
MULTIGET |        0|     0.00|     0.00|     0.00|      NaN|      NaN|      NaN
INVALID  |        0|     0.00|      ---|      ---|      NaN|      NaN|      ---
Average mutliget length: NaN
================================================================================
WORKER 10:
Type     |Total    |Ops/sec  |Hits/sec |Miss/Sec |Resp Time|Proc Time|Srvr Time
SET      |    10758|   118.22|   118.22|     0.00|  2325.44|  2256.23|  2235.08
GET      |        0|     0.00|     0.00|     0.00|      NaN|      NaN|      NaN
MULTIGET |        0|     0.00|     0.00|     0.00|      NaN|      NaN|      NaN
INVALID  |        0|     0.00|      ---|      ---|      NaN|      NaN|      ---
Average mutliget length: NaN
================================================================================
WORKER 11:
Type     |Total    |Ops/sec  |Hits/sec |Miss/Sec |Resp Time|Proc Time|Srvr Time
SET      |    10811|   118.80|   118.80|     0.00|  2325.36|  2257.20|  2236.92
GET      |        0|     0.00|     0.00|     0.00|      NaN|      NaN|      NaN
MULTIGET |        0|     0.00|     0.00|     0.00|      NaN|      NaN|      NaN
INVALID  |        0|     0.00|      ---|      ---|      NaN|      NaN|      ---
Average mutliget length: NaN
================================================================================
WORKER 12:
Type     |Total    |Ops/sec  |Hits/sec |Miss/Sec |Resp Time|Proc Time|Srvr Time
SET      |    10865|   119.40|   119.40|     0.00|  2333.77|  2263.91|  2240.33
GET      |        0|     0.00|     0.00|     0.00|      NaN|      NaN|      NaN
MULTIGET |        0|     0.00|     0.00|     0.00|      NaN|      NaN|      NaN
INVALID  |        0|     0.00|      ---|      ---|      NaN|      NaN|      ---
Average mutliget length: NaN
================================================================================
WORKER 13:
Type     |Total    |Ops/sec  |Hits/sec |Miss/Sec |Resp Time|Proc Time|Srvr Time
SET      |    10811|   118.80|   118.80|     0.00|  2348.67|  2272.38|  2251.55
GET      |        0|     0.00|     0.00|     0.00|      NaN|      NaN|      NaN
MULTIGET |        0|     0.00|     0.00|     0.00|      NaN|      NaN|      NaN
INVALID  |        0|     0.00|      ---|      ---|      NaN|      NaN|      ---
Average mutliget length: NaN
================================================================================
WORKER 14:
Type     |Total    |Ops/sec  |Hits/sec |Miss/Sec |Resp Time|Proc Time|Srvr Time
SET      |    10793|   118.60|   118.60|     0.00|  2327.23|  2254.83|  2233.89
GET      |        0|     0.00|     0.00|     0.00|      NaN|      NaN|      NaN
MULTIGET |        0|     0.00|     0.00|     0.00|      NaN|      NaN|      NaN
INVALID  |        0|     0.00|      ---|      ---|      NaN|      NaN|      ---
Average mutliget length: NaN
================================================================================
WORKER 15:
Type     |Total    |Ops/sec  |Hits/sec |Miss/Sec |Resp Time|Proc Time|Srvr Time
SET      |    10781|   118.47|   118.47|     0.00|  2343.36|  2270.80|  2248.02
GET      |        0|     0.00|     0.00|     0.00|      NaN|      NaN|      NaN
MULTIGET |        0|     0.00|     0.00|     0.00|      NaN|      NaN|      NaN
INVALID  |        0|     0.00|      ---|      ---|      NaN|      NaN|      ---
Average mutliget length: NaN
================================================================================
================================================================================

AGGREGATE FOR ALL WORKERS:
Type     |Total    |Ops/sec  |Hits/sec |Miss/Sec |Resp Time|Proc Time|Srvr Time
SET      |   172936|  1900.40|  1900.40|     0.00|  2332.92|  2262.22|  2240.29
GET      |        0|     0.00|     0.00|     0.00|      NaN|      NaN|      NaN
MULTIGET |        0|     0.00|     0.00|     0.00|      NaN|      NaN|      NaN
INVALID  |        0|     0.00|      ---|      ---|      NaN|      NaN|      ---
Average mutliget length: NaN


 HISTOGRAM
  Response time (ms)   Percent
                 0.1      0.00%
                 0.2      0.00%
                 0.3      0.00%
                 0.4      0.00%
                 0.5      0.00%
                 0.6      0.00%
                 0.7      0.00%
                 0.8      0.00%
                 0.9      0.00%
                 1.0      0.00%
                 1.1      0.00%
                 1.2      0.00%
                 1.3      0.00%
                 1.4      0.00%
                 1.5      0.00%
                 1.6      0.00%
                 1.7      0.00%
                 1.8      0.00%
                 1.9      1.33%
                 2.0     12.12%
                 2.1     34.19%
                 2.2     55.86%
                 2.3     70.81%
                 2.4     79.77%
                 2.5     85.20%
                 2.6     88.63%
                 2.7     90.85%
                 2.8     92.54%
                 2.9     93.73%
                 3.0     94.66%
                 3.1     95.35%
                 3.2     95.84%
                 3.3     96.29%
                 3.4     96.67%
                 3.5     96.97%
                 3.6     97.25%
                 3.7     97.46%
                 3.8     97.62%
                 3.9     97.78%
                 4.0     97.92%
                 4.1     98.08%
                 4.2     98.21%
                 4.3     98.31%
                 4.4     98.42%
                 4.5     98.52%
                 4.6     98.62%
                 4.7     98.73%
                 4.8     98.81%
                 4.9     98.88%
                 5.0     98.94%
                 5.1     99.00%
                 5.2     99.04%
                 5.3     99.09%
                 5.4     99.13%
                 5.5     99.19%
                 5.6     99.23%
                 5.7     99.26%
                 5.8     99.30%
                 5.9     99.33%
                 6.0     99.36%
                 6.1     99.40%
                 6.2     99.42%
                 6.3     99.45%
                 6.4     99.48%
                 6.5     99.50%
                 6.6     99.52%
                 6.7     99.53%
                 6.8     99.55%
                 6.9     99.57%
                 7.0     99.59%
                 7.1     99.60%
                 7.2     99.62%
                 7.3     99.63%
                 7.4     99.64%
                 7.5     99.66%
                 7.6     99.67%
                 7.7     99.67%
                 7.8     99.68%
                 7.9     99.69%
                 8.0     99.71%
                 8.1     99.72%
                 8.2     99.74%
                 8.3     99.74%
                 8.4     99.75%
                 8.5     99.76%
                 8.6     99.77%
                 8.7     99.78%
                 8.8     99.79%
                 8.9     99.80%
                 9.0     99.81%
                 9.1     99.83%
                 9.2     99.84%
                 9.3     99.85%
                 9.4     99.85%
                 9.5     99.86%
                 9.6     99.87%
                 9.7     99.88%
                 9.8     99.88%
                 9.9     99.88%
                10.0     99.89%
                10.1     99.89%
                10.2     99.89%
                10.3     99.89%
                10.4     99.90%
                10.5     99.90%
                10.6     99.90%
                10.7     99.90%
                10.8     99.91%
                10.9     99.91%
                11.0     99.91%
                11.1     99.91%
                11.2     99.92%
                11.3     99.92%
                11.4     99.92%
                11.5     99.92%
                11.6     99.92%
                11.7     99.93%
                11.8     99.93%
                11.9     99.93%
                12.0     99.93%
                12.1     99.93%
                12.2     99.93%
                12.3     99.93%
                12.4     99.93%
                12.5     99.93%
                12.6     99.93%
                12.7     99.93%
                12.8     99.94%
                12.9     99.94%
                13.0     99.94%
                13.1     99.94%
                13.2     99.94%
                13.3     99.94%
                13.4     99.94%
                13.5     99.94%
                13.6     99.94%
                13.7     99.95%
                13.8     99.95%
                13.9     99.95%
                14.0     99.95%
                14.1     99.95%
                14.2     99.95%
                14.3     99.95%
                14.4     99.95%
                14.5     99.95%
                14.6     99.95%
                14.7     99.95%
                14.8     99.95%
                14.9     99.95%
                15.0     99.95%
                15.1     99.96%
                15.2     99.96%
                15.3     99.96%
                15.4     99.96%
                15.5     99.96%
                15.6     99.96%
                15.7     99.96%
                15.8     99.96%
                15.9     99.96%
                16.0     99.96%
                16.1     99.96%
                16.2     99.96%
                16.3     99.96%
                16.4     99.96%
                16.5     99.96%
                16.6     99.96%
                16.7     99.96%
                16.8     99.96%
                16.9     99.96%
                17.0     99.96%
                17.1     99.96%
                17.2     99.96%
                17.3     99.96%
                17.4     99.96%
                17.5     99.96%
                17.6     99.96%
                17.7     99.96%
                17.8     99.96%
                17.9     99.96%
                18.0     99.96%
                18.1     99.96%
                18.2     99.96%
                18.3     99.96%
                18.4     99.96%
                18.5     99.96%
                18.6     99.96%
                18.7     99.96%
                18.8     99.96%
                18.9     99.96%
                19.0     99.96%
                19.1     99.96%
                19.2     99.96%
                19.3     99.96%
                19.4     99.96%
                19.5     99.96%
                19.6     99.96%
                19.7     99.96%
                19.8     99.96%
                19.9     99.96%
                20.0     99.96%
                20.1     99.96%
                20.2     99.96%
                20.3     99.96%
                20.4     99.96%
                20.5     99.96%
                20.6     99.96%
                20.7     99.96%
                20.8     99.96%
                20.9     99.97%
                21.0     99.97%
                21.1     99.97%
                21.2     99.97%
                21.3     99.97%
                21.4     99.97%
                21.5     99.97%
                21.6     99.97%
                21.7     99.97%
                21.8     99.97%
                21.9     99.97%
                22.0     99.97%
                22.1     99.97%
                22.2     99.97%
                22.3     99.97%
                22.4     99.97%
                22.5     99.97%
                22.6     99.97%
                22.7     99.97%
                22.8     99.97%
                22.9     99.97%
                23.0     99.97%
                23.1     99.97%
                23.2     99.97%
                23.3     99.97%
                23.4     99.97%
                23.5     99.97%
                23.6     99.97%
                23.7     99.97%
                23.8     99.97%
                23.9     99.97%
                24.0     99.97%
                24.1     99.97%
                24.2     99.98%
                24.3     99.98%
                24.4     99.98%
                24.5     99.98%
                24.6     99.98%
                24.7     99.98%
                24.8     99.98%
                24.9     99.98%
                25.0     99.98%
                25.1     99.98%
                25.2     99.98%
                25.3     99.98%
                25.4     99.98%
                25.5     99.98%
                25.6     99.98%
                25.7     99.98%
                25.8     99.98%
                25.9     99.98%
                26.0     99.98%
                26.1     99.98%
                26.2     99.98%
                26.3     99.98%
                26.4     99.98%
                26.5     99.98%
                26.6     99.98%
                26.7     99.98%
                26.8     99.98%
                26.9     99.98%
                27.0     99.98%
                27.1     99.98%
                27.2     99.98%
                27.3     99.98%
                27.4     99.98%
                27.5     99.98%
                27.6     99.98%
                27.7     99.98%
                27.8     99.98%
                27.9     99.98%
                28.0     99.98%
                28.1     99.98%
                28.2     99.98%
                28.3     99.98%
                28.4     99.98%
                28.5     99.98%
                28.6     99.98%
                28.7     99.98%
                28.8     99.98%
                28.9     99.98%
                29.0     99.98%
                29.1     99.98%
                29.2     99.98%
                29.3     99.98%
                29.4     99.98%
                29.5     99.98%
                29.6     99.98%
                29.7     99.98%
                29.8     99.98%
                29.9     99.98%
                30.0     99.98%
                30.1     99.98%
                30.2     99.98%
                30.3     99.98%
                30.4     99.99%
                30.5     99.99%
                30.6     99.99%
                30.7     99.99%
                30.8     99.99%
                30.9     99.99%
                31.0     99.99%
                31.1     99.99%
                31.2     99.99%
                31.3     99.99%
                31.4     99.99%
                31.5     99.99%
                31.6     99.99%
                31.7     99.99%
                31.8     99.99%
                31.9     99.99%
                32.0     99.99%
                32.1     99.99%
                32.2     99.99%
                32.3     99.99%
                32.4     99.99%
                32.5     99.99%
                32.6     99.99%
                32.7     99.99%
                32.8    100.00%
                32.9    100.00%
                33.0    100.00%
                33.1    100.00%
                33.2    100.00%
                33.3    100.00%
                33.4    100.00%
                33.5    100.00%
                33.6    100.00%
                33.7    100.00%
                33.8    100.00%
                33.9    100.00%
                34.0    100.00%
                34.1    100.00%
                34.2    100.00%
                34.3    100.00%
                34.4    100.00%
                34.5    100.00%
                34.6    100.00%
                34.7    100.00%
                34.8    100.00%
                34.9    100.00%
                35.0    100.00%
                35.1    100.00%
                35.2    100.00%
                35.3    100.00%
                35.4    100.00%
                35.5    100.00%
                35.6    100.00%
                35.7    100.00%
                35.8    100.00%
                35.9    100.00%
                36.0    100.00%
                36.1    100.00%
                36.2    100.00%
                36.3    100.00%
                36.4    100.00%
                36.5    100.00%
                36.6    100.00%

