[7l----total-cpu-usage---- -net/total- -dsk/total- --epoch---
usr sys idl wai hiq siq| recv  send| read  writ|  epoch   
  1   2  95   0   2   0|   0     0 |2860B  521k|1511016831
  3   4  89   0   4   0|6135k  405k|   0     0 |1511016832
  3   5  88   0   4   0|6423k  423k|   0  8192B|1511016833
  3   4  88   0   5   0|6431k  424k|   0     0 |1511016834
  3   5  88   0   4   0|6825k  450k|   0     0 |1511016835
  3   4  87   2   4   0|6897k  455k|   0    44k|1511016836
  3   5  87   0   5   0|6976k  460k|   0     0 |1511016837
  3   5  88   0   4   0|6879k  454k|   0    32k|1511016838
  4   5  86   0   5   0|7099k  468k|   0     0 |1511016839
  3   4  89   0   4   0|6604k  435k|   0     0 |1511016840
  3   6  84   2   5   0|7252k  478k|   0    12k|1511016841
  3   4  89   0   4   0|7081k  467k|   0     0 |1511016842
  3   5  88   0   4   0|7178k  473k|   0     0 |1511016843
  3   5  87   0   5   0|6966k  460k|   0     0 |1511016844
  4   4  88   0   4   0|6707k  442k|   0     0 |1511016845
  3   5  88   0   4   0|7239k  476k|   0     0 |1511016846
  3   5  85   2   5   0|7148k  473k|   0    12k|1511016847
  3   5  88   0   4   0|6563k  432k|   0     0 |1511016848
  3   4  88   0   5   0|7032k  464k|   0     0 |1511016849
  4   5  87   0   4   0|7257k  479k|   0     0 |1511016850
  3   5  87   0   5   0|6907k  455k|   0     0 |1511016851
  4   4  87   1   4   0|6552k  432k|   0    12k|1511016852
  3   5  87   0   5   0|7056k  465k|   0     0 |1511016853
  3   5  88   0   4   0|6488k  429k|   0     0 |1511016854
  3   4  89   0   4   0|6516k  429k|   0     0 |1511016855
  3   5  87   0   5   0|6948k  458k|   0     0 |1511016856
  3   4  86   3   4   0|6797k  448k|   0    12k|1511016857
  3   5  88   0   4   0|7101k  468k|   0     0 |1511016858
  3   5  88   0   4   0|6870k  452k|   0     0 |1511016859
  4   4  87   0   5   0|6861k  453k|   0     0 |1511016860
  3   5  88   0   4   0|6503k  428k|   0     0 |1511016861
  3   5  88   0   4   0|6907k  456k|   0     0 |1511016862
  3   4  87   1   5   0|6656k  439k|   0    12k|1511016863
  3   5  88   0   4   0|7132k  470k|   0    12k|1511016864
  4   5  86   0   5   0|7265k  479k|   0     0 |1511016865
  3   5  88   0   4   0|6792k  448k|   0     0 |1511016866
  3   4  89   0   4   0|6561k  432k|   0     0 |1511016867
  3   5  84   3   5   0|6998k  462k|   0    20k|1511016868
  4   5  86   0   5   0|7254k  478k|   0     0 |1511016869
  3   5  88   0   4   0|6525k  430k|   0     0 |1511016870
  3   4  88   0   5   0|7143k  471k|   0     0 |1511016871
  3   5  88   0   4   0|6868k  453k|   0     0 |1511016872
  3   5  87   1   4   0|6992k  460k|   0    12k|1511016873
  3   4  88   0   5   0|7040k  465k|   0  8192B|1511016874
  4   5  86   0   5   0|6636k  438k|   0     0 |1511016875
  3   4  89   0   4   0|7120k  469k|   0     0 |1511016876
  3   5  88   0   4   0|6579k  434k|   0     0 |1511016877
  3   4  89   0   4   0|6641k  438k|   0     0 |1511016878
  3   5  84   3   5   0|6893k  455k|   0    12k|1511016879
  3   5  88   0   4   0|6904k  455k|   0     0 |1511016880
  4   4  87   0   5   0|6865k  453k|   0     0 |1511016881
  3   5  87   0   5   0|6837k  450k|   0     0 |1511016882
  3   5  88   0   4   0|6888k  455k|   0     0 |1511016883
  3   5  88   0   4   0|6998k  461k|   0     0 |1511016884
  3   4  88   1   4   0|6247k  412k|   0    12k|1511016885
  4   5  86   0   5   0|7066k  466k|   0     0 |1511016886
  3   5  88   0   4   0|7147k  472k|   0     0 |1511016887
  3   5  87   0   5   0|7186k  474k|   0     0 |1511016888
  3   5  88   0   4   0|6846k  451k|   0     0 |1511016889
  4   4  86   2   4   0|7053k  465k|   0    12k|1511016890
  3   5  87   0   5   0|6906k  456k|   0     0 |1511016891
  3   5  87   0   5   0|7099k  468k|   0     0 |1511016892
  4   5  87   0   4   0|7024k  462k|   0     0 |1511016893
  3   5  86   0   6   0|7211k  476k|   0     0 |1511016894
  3   5  86   2   4   0|6959k  459k|   0    12k|1511016895
  4   4  88   0   4   0|6949k  458k|   0     0 |1511016896
  3   5  88   0   4   0|6621k  436k|   0     0 |1511016897
  4   5  86   0   5   0|7201k  475k|   0     0 |1511016898
  3   5  87   0   5   0|7144k  471k|   0  8192B|1511016899
  3   5  88   0   4   0|6548k  431k|   0     0 |1511016900
  4   5  84   2   5   0|7022k  463k|   0    20k|1511016901
  3   4  89   0   4   0|6301k  415k|   0     0 |1511016902
  3   4  89   0   4   0|6600k  435k|   0     0 |1511016903
  4   6  85   0   5   0|6795k  447k|   0     0 |1511016904
  3   5  87   0   5   0|6932k  459k|   0     0 |1511016905
  3   5  88   0   4   0|6893k  454k|   0     0 |1511016906
  3   4  88   1   4   0|6649k  439k|   0    12k|1511016907
  4   5  86   0   5   0|6818k  448k|   0     0 |1511016908
  3   5  88   0   4   0|7091k  468k|   0     0 |1511016909
  3   5  88   0   4   0|7057k  466k|   0     0 |1511016910
  3   5  87   0   5   0|6956k  459k|   0     0 |1511016911
  4   4  88   0   4   0|7068k  466k|   0     0 |1511016912
  3   6  84   2   5   0|7094k  468k|   0    12k|1511016913
  3   5  88   0   4   0|7053k  465k|   0  8192B|1511016914
  4   4  88   0   4   0|6655k  439k|   0     0 |1511016915
  3   5  87   0   5   0|7072k  467k|   0     0 |1511016916
  3   5  88   0   4   0|7234k  477k|   0     0 |1511016917
  3   5  87   0   5   0|7209k  475k|   0     0 |1511016918
  3   3  88   2   4   0|5536k  364k|   0    12k|1511016919
  4   5  87   0   4   0|6999k  462k|   0     0 |1511016920
  3   5  87   0   5   0|5779k  381k|   0     0 |1511016921
