Threads: 32, Sharded reads: false, Number of Memcached servers: 3.

All measures in microseconds.
  SETS   GETS  MGETS   INVLD    TOT   HITS     RSP T      Q T     SVR T  Q LEN
 42330      0      0       0  42330  42330   3331.46   225.85   3077.49      0
  4929      0      0       0   4929   4929   3562.46   197.76   3341.08      0
  5133      0      0       0   5133   5133   3345.19   122.96   3194.41      0
  5251      0      0       0   5251   5251   3352.95   157.74   3173.82      0
  5270      0      0       0   5270   5270   3355.26   165.85   3162.87      0
  5129      0      0       0   5129   5129   3408.55   204.83   3180.03      0
  5140      0      0       0   5140   5140   3368.09   172.60   3170.31      0
  5312      0      0       0   5312   5312   3291.27   229.70   3035.48      9
  4922      0      0       0   4922   4922   3537.39   213.42   3296.35      2
  5028      0      0       0   5028   5028   3460.64   252.95   3180.61      7
  5014      0      0       0   5014   5014   3373.97   187.90   3157.05      0
  5084      0      0       0   5084   5084   3218.80   160.30   3029.29      1
  4933      0      0       0   4933   4933   3409.81   195.38   3184.89      1
  5122      0      0       0   5122   5122   3295.25   186.21   3081.64      0
  4989      0      0       0   4989   4989   3455.45   196.54   3230.04      0
  5222      0      0       0   5222   5222   3279.12   172.06   3078.61      0
  4173      0      0       0   4173   4173   4018.46   217.83   3760.97      0
  5008      0      0       0   5008   5008   3405.76   193.88   3185.92      2
  5175      0      0       0   5175   5175   3391.20   160.66   3202.90      0
  4959      0      0       0   4959   4959   3449.35   143.34   3283.28      0
  5281      0      0       0   5281   5281   3391.16   168.11   3194.33      0
  5117      0      0       0   5117   5117   3397.48   151.78   3220.94      0
  5749      0      0       0   5749   5749   3075.90   199.37   2855.35      0
  5514      0      0       0   5514   5514   3332.69   193.48   3116.08      4
  5545      0      0       0   5545   5545   3134.71   187.57   2924.37      0
  5458      0      0       0   5458   5458   3231.65   220.42   2990.85      0
  5894      0      0       0   5894   5894   3016.00    99.73   2891.48      0
  5615      0      0       0   5615   5615   3082.88   119.73   2939.21      7
  5437      0      0       0   5437   5437   3159.15   154.60   2975.54      0
  5284      0      0       0   5284   5284   3244.21   176.32   3042.36      3
  5442      0      0       0   5442   5442   3264.94   135.20   3108.16      0
  5619      0      0       0   5619   5619   3155.92   116.48   3014.51      0
  5463      0      0       0   5463   5463   3133.94   148.42   2963.93      0
  5551      0      0       0   5551   5551   3213.58   112.35   3075.14      0
  5030      0      0       0   5030   5030   3679.85   214.62   3436.50      2
  5337      0      0       0   5337   5337   3382.02   158.95   3199.43      0
  5594      0      0       0   5594   5594   3139.80   124.20   2988.09      0
  5313      0      0       0   5313   5313   3293.32   206.20   3058.69      0
  5439      0      0       0   5439   5439   3204.63   241.74   2934.53      0
  5644      0      0       0   5644   5644   3050.60   181.49   2841.26      0
  5706      0      0       0   5706   5706   3089.75   193.61   2868.97      0
  5588      0      0       0   5588   5588   3207.83   114.87   3066.68      0
  5173      0      0       0   5173   5173   3390.92   231.52   3134.78      0
  5555      0      0       0   5555   5555   3257.94   143.74   3078.62      0
  5619      0      0       0   5619   5619   3078.80   145.15   2908.47      0
  5394      0      0       0   5394   5394   3300.68   153.72   3125.54      0
  5658      0      0       0   5658   5658   3107.23   133.63   2944.65      0
  5470      0      0       0   5470   5470   3207.10   185.24   2996.56      0
  5338      0      0       0   5338   5338   3357.19   142.16   3191.72      1
  5881      0      0       0   5881   5881   3005.10   156.83   2821.74      0
  5564      0      0       0   5564   5564   3152.78   145.02   2980.28      0
  5916      0      0       0   5916   5916   2951.69   163.32   2764.62      0
  5477      0      0       0   5477   5477   3148.11   144.78   2980.50      0
  5644      0      0       0   5644   5644   3093.77   213.28   2856.70      0
  5609      0      0       0   5609   5609   3202.37   130.36   3050.68      0
  5751      0      0       0   5751   5751   3097.62   144.90   2928.25      0
  5477      0      0       0   5477   5477   3186.61   133.03   3029.67      3
  5476      0      0       0   5476   5476   3239.37   155.86   3060.79      0
  5572      0      0       0   5572   5572   3130.27   139.78   2968.16      0
  5616      0      0       0   5616   5616   3157.68   178.64   2953.15      1
  5418      0      0       0   5418   5418   3282.34   140.65   3116.51      0
  5171      0      0       0   5171   5171   3374.90   148.91   3197.74      3
  5533      0      0       0   5533   5533   3174.97   141.99   3010.10      0
  5321      0      0       0   5321   5321   3341.33   151.96   3163.77      0
  5242      0      0       0   5242   5242   3371.95   232.17   3110.89      3
  4962      0      0       0   4962   4962   3508.19   194.45   3292.96      0
  5015      0      0       0   5015   5015   3429.33   167.34   3234.59     10
  5159      0      0       0   5159   5159   3428.42   188.66   3210.08      0
  5155      0      0       0   5155   5155   3441.90   241.11   3173.20      0
  5115      0      0       0   5115   5115   3525.20   284.79   3210.06      0
  5351      0      0       0   5351   5351   3258.73   200.88   3032.91      0
  5003      0      0       0   5003   5003   3454.33   150.00   3279.58      0
  4932      0      0       0   4932   4932   3662.77   154.09   3481.57      0
  4907      0      0       0   4907   4907   3593.63   178.09   3385.56      6
  4920      0      0       0   4920   4920   3498.15   224.52   3242.85      0
  5106      0      0       0   5106   5106   3402.20   195.49   3183.05      0
  5223      0      0       0   5223   5223   3355.54   161.88   3167.58      0
  5187      0      0       0   5187   5187   3348.03   195.12   3126.78      0
  4890      0      0       0   4890   4890   3541.01   181.91   3330.07      0
  5012      0      0       0   5012   5012   3476.06   228.40   3215.06      0
  5283      0      0       0   5283   5283   3337.45   164.27   3151.41      1
  5386      0      0       0   5386   5386   3340.66   162.61   3155.82      0
  1078      0      0       0   1078   1078   3014.88   106.98   2879.62      0
     0      0      0       0      0      0       NaN      NaN       NaN      0
     0      0      0       0      0      0       NaN      NaN       NaN      0
     0      0      0       0      0      0       NaN      NaN       NaN      0
     0      0      0       0      0      0       NaN      NaN       NaN      0
     0      0      0       0      0      0       NaN      NaN       NaN      0
================================================================================
ALL STATS (timing measures are in microseconds)
WORKER 0:
Type     |Total    |Ops/sec  |Hits/sec |Miss/Sec |Resp Time|Proc Time|Srvr Time
SET      |    14868|   163.38|   163.38|     0.00|  3298.81|  3120.50|  3092.30
GET      |        0|     0.00|     0.00|     0.00|      NaN|      NaN|      NaN
MULTIGET |        0|     0.00|     0.00|     0.00|      NaN|      NaN|      NaN
INVALID  |        0|     0.00|      ---|      ---|      NaN|      NaN|      ---
Average mutliget length: NaN
================================================================================
WORKER 1:
Type     |Total    |Ops/sec  |Hits/sec |Miss/Sec |Resp Time|Proc Time|Srvr Time
SET      |    14951|   164.30|   164.30|     0.00|  3299.63|  3126.22|  3101.03
GET      |        0|     0.00|     0.00|     0.00|      NaN|      NaN|      NaN
MULTIGET |        0|     0.00|     0.00|     0.00|      NaN|      NaN|      NaN
INVALID  |        0|     0.00|      ---|      ---|      NaN|      NaN|      ---
Average mutliget length: NaN
================================================================================
WORKER 2:
Type     |Total    |Ops/sec  |Hits/sec |Miss/Sec |Resp Time|Proc Time|Srvr Time
SET      |    14861|   163.31|   163.31|     0.00|  3294.67|  3111.75|  3085.11
GET      |        0|     0.00|     0.00|     0.00|      NaN|      NaN|      NaN
MULTIGET |        0|     0.00|     0.00|     0.00|      NaN|      NaN|      NaN
INVALID  |        0|     0.00|      ---|      ---|      NaN|      NaN|      ---
Average mutliget length: NaN
================================================================================
WORKER 3:
Type     |Total    |Ops/sec  |Hits/sec |Miss/Sec |Resp Time|Proc Time|Srvr Time
SET      |    14690|   161.43|   161.43|     0.00|  3301.49|  3120.62|  3093.07
GET      |        0|     0.00|     0.00|     0.00|      NaN|      NaN|      NaN
MULTIGET |        0|     0.00|     0.00|     0.00|      NaN|      NaN|      NaN
INVALID  |        0|     0.00|      ---|      ---|      NaN|      NaN|      ---
Average mutliget length: NaN
================================================================================
WORKER 4:
Type     |Total    |Ops/sec  |Hits/sec |Miss/Sec |Resp Time|Proc Time|Srvr Time
SET      |    14830|   162.97|   162.97|     0.00|  3299.21|  3120.00|  3097.61
GET      |        0|     0.00|     0.00|     0.00|      NaN|      NaN|      NaN
MULTIGET |        0|     0.00|     0.00|     0.00|      NaN|      NaN|      NaN
INVALID  |        0|     0.00|      ---|      ---|      NaN|      NaN|      ---
Average mutliget length: NaN
================================================================================
WORKER 5:
Type     |Total    |Ops/sec  |Hits/sec |Miss/Sec |Resp Time|Proc Time|Srvr Time
SET      |    14751|   162.10|   162.10|     0.00|  3311.44|  3130.12|  3105.65
GET      |        0|     0.00|     0.00|     0.00|      NaN|      NaN|      NaN
MULTIGET |        0|     0.00|     0.00|     0.00|      NaN|      NaN|      NaN
INVALID  |        0|     0.00|      ---|      ---|      NaN|      NaN|      ---
Average mutliget length: NaN
================================================================================
WORKER 6:
Type     |Total    |Ops/sec  |Hits/sec |Miss/Sec |Resp Time|Proc Time|Srvr Time
SET      |    14751|   162.10|   162.10|     0.00|  3305.25|  3122.95|  3095.62
GET      |        0|     0.00|     0.00|     0.00|      NaN|      NaN|      NaN
MULTIGET |        0|     0.00|     0.00|     0.00|      NaN|      NaN|      NaN
INVALID  |        0|     0.00|      ---|      ---|      NaN|      NaN|      ---
Average mutliget length: NaN
================================================================================
WORKER 7:
Type     |Total    |Ops/sec  |Hits/sec |Miss/Sec |Resp Time|Proc Time|Srvr Time
SET      |    14690|   161.43|   161.43|     0.00|  3322.72|  3148.29|  3119.88
GET      |        0|     0.00|     0.00|     0.00|      NaN|      NaN|      NaN
MULTIGET |        0|     0.00|     0.00|     0.00|      NaN|      NaN|      NaN
INVALID  |        0|     0.00|      ---|      ---|      NaN|      NaN|      ---
Average mutliget length: NaN
================================================================================
WORKER 8:
Type     |Total    |Ops/sec  |Hits/sec |Miss/Sec |Resp Time|Proc Time|Srvr Time
SET      |    14897|   163.70|   163.70|     0.00|  3316.16|  3126.26|  3097.68
GET      |        0|     0.00|     0.00|     0.00|      NaN|      NaN|      NaN
MULTIGET |        0|     0.00|     0.00|     0.00|      NaN|      NaN|      NaN
INVALID  |        0|     0.00|      ---|      ---|      NaN|      NaN|      ---
Average mutliget length: NaN
================================================================================
WORKER 9:
Type     |Total    |Ops/sec  |Hits/sec |Miss/Sec |Resp Time|Proc Time|Srvr Time
SET      |    14840|   163.08|   163.08|     0.00|  3305.50|  3131.12|  3107.68
GET      |        0|     0.00|     0.00|     0.00|      NaN|      NaN|      NaN
MULTIGET |        0|     0.00|     0.00|     0.00|      NaN|      NaN|      NaN
INVALID  |        0|     0.00|      ---|      ---|      NaN|      NaN|      ---
Average mutliget length: NaN
================================================================================
WORKER 10:
Type     |Total    |Ops/sec  |Hits/sec |Miss/Sec |Resp Time|Proc Time|Srvr Time
SET      |    14680|   161.32|   161.32|     0.00|  3305.10|  3125.68|  3098.11
GET      |        0|     0.00|     0.00|     0.00|      NaN|      NaN|      NaN
MULTIGET |        0|     0.00|     0.00|     0.00|      NaN|      NaN|      NaN
INVALID  |        0|     0.00|      ---|      ---|      NaN|      NaN|      ---
Average mutliget length: NaN
================================================================================
WORKER 11:
Type     |Total    |Ops/sec  |Hits/sec |Miss/Sec |Resp Time|Proc Time|Srvr Time
SET      |    14761|   162.21|   162.21|     0.00|  3306.84|  3129.45|  3102.04
GET      |        0|     0.00|     0.00|     0.00|      NaN|      NaN|      NaN
MULTIGET |        0|     0.00|     0.00|     0.00|      NaN|      NaN|      NaN
INVALID  |        0|     0.00|      ---|      ---|      NaN|      NaN|      ---
Average mutliget length: NaN
================================================================================
WORKER 12:
Type     |Total    |Ops/sec  |Hits/sec |Miss/Sec |Resp Time|Proc Time|Srvr Time
SET      |    14723|   161.79|   161.79|     0.00|  3316.85|  3139.86|  3112.57
GET      |        0|     0.00|     0.00|     0.00|      NaN|      NaN|      NaN
MULTIGET |        0|     0.00|     0.00|     0.00|      NaN|      NaN|      NaN
INVALID  |        0|     0.00|      ---|      ---|      NaN|      NaN|      ---
Average mutliget length: NaN
================================================================================
WORKER 13:
Type     |Total    |Ops/sec  |Hits/sec |Miss/Sec |Resp Time|Proc Time|Srvr Time
SET      |    14842|   163.10|   163.10|     0.00|  3292.39|  3119.42|  3096.37
GET      |        0|     0.00|     0.00|     0.00|      NaN|      NaN|      NaN
MULTIGET |        0|     0.00|     0.00|     0.00|      NaN|      NaN|      NaN
INVALID  |        0|     0.00|      ---|      ---|      NaN|      NaN|      ---
Average mutliget length: NaN
================================================================================
WORKER 14:
Type     |Total    |Ops/sec  |Hits/sec |Miss/Sec |Resp Time|Proc Time|Srvr Time
SET      |    14700|   161.54|   161.54|     0.00|  3285.03|  3109.90|  3080.64
GET      |        0|     0.00|     0.00|     0.00|      NaN|      NaN|      NaN
MULTIGET |        0|     0.00|     0.00|     0.00|      NaN|      NaN|      NaN
INVALID  |        0|     0.00|      ---|      ---|      NaN|      NaN|      ---
Average mutliget length: NaN
================================================================================
WORKER 15:
Type     |Total    |Ops/sec  |Hits/sec |Miss/Sec |Resp Time|Proc Time|Srvr Time
SET      |    14785|   162.47|   162.47|     0.00|  3293.22|  3116.45|  3089.63
GET      |        0|     0.00|     0.00|     0.00|      NaN|      NaN|      NaN
MULTIGET |        0|     0.00|     0.00|     0.00|      NaN|      NaN|      NaN
INVALID  |        0|     0.00|      ---|      ---|      NaN|      NaN|      ---
Average mutliget length: NaN
================================================================================
WORKER 16:
Type     |Total    |Ops/sec  |Hits/sec |Miss/Sec |Resp Time|Proc Time|Srvr Time
SET      |    14864|   163.34|   163.34|     0.00|  3268.96|  3092.59|  3069.03
GET      |        0|     0.00|     0.00|     0.00|      NaN|      NaN|      NaN
MULTIGET |        0|     0.00|     0.00|     0.00|      NaN|      NaN|      NaN
INVALID  |        0|     0.00|      ---|      ---|      NaN|      NaN|      ---
Average mutliget length: NaN
================================================================================
WORKER 17:
Type     |Total    |Ops/sec  |Hits/sec |Miss/Sec |Resp Time|Proc Time|Srvr Time
SET      |    14819|   162.85|   162.85|     0.00|  3288.37|  3111.65|  3086.74
GET      |        0|     0.00|     0.00|     0.00|      NaN|      NaN|      NaN
MULTIGET |        0|     0.00|     0.00|     0.00|      NaN|      NaN|      NaN
INVALID  |        0|     0.00|      ---|      ---|      NaN|      NaN|      ---
Average mutliget length: NaN
================================================================================
WORKER 18:
Type     |Total    |Ops/sec  |Hits/sec |Miss/Sec |Resp Time|Proc Time|Srvr Time
SET      |    14719|   161.75|   161.75|     0.00|  3296.83|  3129.08|  3104.76
GET      |        0|     0.00|     0.00|     0.00|      NaN|      NaN|      NaN
MULTIGET |        0|     0.00|     0.00|     0.00|      NaN|      NaN|      NaN
INVALID  |        0|     0.00|      ---|      ---|      NaN|      NaN|      ---
Average mutliget length: NaN
================================================================================
WORKER 19:
Type     |Total    |Ops/sec  |Hits/sec |Miss/Sec |Resp Time|Proc Time|Srvr Time
SET      |    14835|   163.02|   163.02|     0.00|  3313.25|  3136.69|  3111.04
GET      |        0|     0.00|     0.00|     0.00|      NaN|      NaN|      NaN
MULTIGET |        0|     0.00|     0.00|     0.00|      NaN|      NaN|      NaN
INVALID  |        0|     0.00|      ---|      ---|      NaN|      NaN|      ---
Average mutliget length: NaN
================================================================================
WORKER 20:
Type     |Total    |Ops/sec  |Hits/sec |Miss/Sec |Resp Time|Proc Time|Srvr Time
SET      |    14706|   161.60|   161.60|     0.00|  3322.99|  3147.28|  3117.91
GET      |        0|     0.00|     0.00|     0.00|      NaN|      NaN|      NaN
MULTIGET |        0|     0.00|     0.00|     0.00|      NaN|      NaN|      NaN
INVALID  |        0|     0.00|      ---|      ---|      NaN|      NaN|      ---
Average mutliget length: NaN
================================================================================
WORKER 21:
Type     |Total    |Ops/sec  |Hits/sec |Miss/Sec |Resp Time|Proc Time|Srvr Time
SET      |    14813|   162.78|   162.78|     0.00|  3294.53|  3117.09|  3095.07
GET      |        0|     0.00|     0.00|     0.00|      NaN|      NaN|      NaN
MULTIGET |        0|     0.00|     0.00|     0.00|      NaN|      NaN|      NaN
INVALID  |        0|     0.00|      ---|      ---|      NaN|      NaN|      ---
Average mutliget length: NaN
================================================================================
WORKER 22:
Type     |Total    |Ops/sec  |Hits/sec |Miss/Sec |Resp Time|Proc Time|Srvr Time
SET      |    14705|   161.59|   161.59|     0.00|  3304.53|  3134.52|  3108.54
GET      |        0|     0.00|     0.00|     0.00|      NaN|      NaN|      NaN
MULTIGET |        0|     0.00|     0.00|     0.00|      NaN|      NaN|      NaN
INVALID  |        0|     0.00|      ---|      ---|      NaN|      NaN|      ---
Average mutliget length: NaN
================================================================================
WORKER 23:
Type     |Total    |Ops/sec  |Hits/sec |Miss/Sec |Resp Time|Proc Time|Srvr Time
SET      |    14876|   163.47|   163.47|     0.00|  3314.60|  3126.98|  3100.12
GET      |        0|     0.00|     0.00|     0.00|      NaN|      NaN|      NaN
MULTIGET |        0|     0.00|     0.00|     0.00|      NaN|      NaN|      NaN
INVALID  |        0|     0.00|      ---|      ---|      NaN|      NaN|      ---
Average mutliget length: NaN
================================================================================
WORKER 24:
Type     |Total    |Ops/sec  |Hits/sec |Miss/Sec |Resp Time|Proc Time|Srvr Time
SET      |    14860|   163.30|   163.30|     0.00|  3296.64|  3123.42|  3096.00
GET      |        0|     0.00|     0.00|     0.00|      NaN|      NaN|      NaN
MULTIGET |        0|     0.00|     0.00|     0.00|      NaN|      NaN|      NaN
INVALID  |        0|     0.00|      ---|      ---|      NaN|      NaN|      ---
Average mutliget length: NaN
================================================================================
WORKER 25:
Type     |Total    |Ops/sec  |Hits/sec |Miss/Sec |Resp Time|Proc Time|Srvr Time
SET      |    14931|   164.08|   164.08|     0.00|  3274.75|  3102.46|  3077.19
GET      |        0|     0.00|     0.00|     0.00|      NaN|      NaN|      NaN
MULTIGET |        0|     0.00|     0.00|     0.00|      NaN|      NaN|      NaN
INVALID  |        0|     0.00|      ---|      ---|      NaN|      NaN|      ---
Average mutliget length: NaN
================================================================================
WORKER 26:
Type     |Total    |Ops/sec  |Hits/sec |Miss/Sec |Resp Time|Proc Time|Srvr Time
SET      |    14668|   161.19|   161.19|     0.00|  3322.54|  3140.04|  3112.83
GET      |        0|     0.00|     0.00|     0.00|      NaN|      NaN|      NaN
MULTIGET |        0|     0.00|     0.00|     0.00|      NaN|      NaN|      NaN
INVALID  |        0|     0.00|      ---|      ---|      NaN|      NaN|      ---
Average mutliget length: NaN
================================================================================
WORKER 27:
Type     |Total    |Ops/sec  |Hits/sec |Miss/Sec |Resp Time|Proc Time|Srvr Time
SET      |    14843|   163.11|   163.11|     0.00|  3312.89|  3132.79|  3108.37
GET      |        0|     0.00|     0.00|     0.00|      NaN|      NaN|      NaN
MULTIGET |        0|     0.00|     0.00|     0.00|      NaN|      NaN|      NaN
INVALID  |        0|     0.00|      ---|      ---|      NaN|      NaN|      ---
Average mutliget length: NaN
================================================================================
WORKER 28:
Type     |Total    |Ops/sec  |Hits/sec |Miss/Sec |Resp Time|Proc Time|Srvr Time
SET      |    14807|   162.71|   162.71|     0.00|  3295.83|  3118.97|  3091.79
GET      |        0|     0.00|     0.00|     0.00|      NaN|      NaN|      NaN
MULTIGET |        0|     0.00|     0.00|     0.00|      NaN|      NaN|      NaN
INVALID  |        0|     0.00|      ---|      ---|      NaN|      NaN|      ---
Average mutliget length: NaN
================================================================================
WORKER 29:
Type     |Total    |Ops/sec  |Hits/sec |Miss/Sec |Resp Time|Proc Time|Srvr Time
SET      |    14749|   162.08|   162.08|     0.00|  3322.67|  3147.72|  3121.50
GET      |        0|     0.00|     0.00|     0.00|      NaN|      NaN|      NaN
MULTIGET |        0|     0.00|     0.00|     0.00|      NaN|      NaN|      NaN
INVALID  |        0|     0.00|      ---|      ---|      NaN|      NaN|      ---
Average mutliget length: NaN
================================================================================
WORKER 30:
Type     |Total    |Ops/sec  |Hits/sec |Miss/Sec |Resp Time|Proc Time|Srvr Time
SET      |    14678|   161.30|   161.30|     0.00|  3292.85|  3116.43|  3089.12
GET      |        0|     0.00|     0.00|     0.00|      NaN|      NaN|      NaN
MULTIGET |        0|     0.00|     0.00|     0.00|      NaN|      NaN|      NaN
INVALID  |        0|     0.00|      ---|      ---|      NaN|      NaN|      ---
Average mutliget length: NaN
================================================================================
WORKER 31:
Type     |Total    |Ops/sec  |Hits/sec |Miss/Sec |Resp Time|Proc Time|Srvr Time
SET      |    14809|   162.74|   162.74|     0.00|  3309.35|  3128.48|  3102.74
GET      |        0|     0.00|     0.00|     0.00|      NaN|      NaN|      NaN
MULTIGET |        0|     0.00|     0.00|     0.00|      NaN|      NaN|      NaN
INVALID  |        0|     0.00|      ---|      ---|      NaN|      NaN|      ---
Average mutliget length: NaN
================================================================================
================================================================================

AGGREGATE FOR ALL WORKERS:
Type     |Total    |Ops/sec  |Hits/sec |Miss/Sec |Resp Time|Proc Time|Srvr Time
SET      |   473302|  5201.12|  5201.12|     0.00|  3302.66|  3125.12|  3098.97
GET      |        0|     0.00|     0.00|     0.00|      NaN|      NaN|      NaN
MULTIGET |        0|     0.00|     0.00|     0.00|      NaN|      NaN|      NaN
INVALID  |        0|     0.00|      ---|      ---|      NaN|      NaN|      ---
Average mutliget length: NaN


 HISTOGRAM
  Response time (ms)   Percent
                 0.1      0.00%
                 0.2      0.00%
                 0.3      0.00%
                 0.4      0.00%
                 0.5      0.00%
                 0.6      0.00%
                 0.7      0.00%
                 0.8      0.00%
                 0.9      0.00%
                 1.0      0.00%
                 1.1      0.00%
                 1.2      0.00%
                 1.3      0.00%
                 1.4      0.00%
                 1.5      0.00%
                 1.6      0.00%
                 1.7      0.06%
                 1.8      1.82%
                 1.9      8.40%
                 2.0     19.16%
                 2.1     30.37%
                 2.2     40.17%
                 2.3     47.90%
                 2.4     53.77%
                 2.5     58.26%
                 2.6     61.59%
                 2.7     64.02%
                 2.8     65.97%
                 2.9     67.54%
                 3.0     68.84%
                 3.1     69.90%
                 3.2     70.80%
                 3.3     71.55%
                 3.4     72.21%
                 3.5     72.82%
                 3.6     73.41%
                 3.7     74.00%
                 3.8     74.57%
                 3.9     75.12%
                 4.0     75.62%
                 4.1     76.12%
                 4.2     76.64%
                 4.3     77.14%
                 4.4     77.65%
                 4.5     78.19%
                 4.6     78.72%
                 4.7     79.20%
                 4.8     79.72%
                 4.9     80.20%
                 5.0     80.69%
                 5.1     81.23%
                 5.2     81.76%
                 5.3     82.27%
                 5.4     82.76%
                 5.5     83.20%
                 5.6     83.69%
                 5.7     84.20%
                 5.8     84.72%
                 5.9     85.29%
                 6.0     85.95%
                 6.1     86.67%
                 6.2     87.41%
                 6.3     88.12%
                 6.4     88.83%
                 6.5     89.50%
                 6.6     90.16%
                 6.7     90.83%
                 6.8     91.47%
                 6.9     92.11%
                 7.0     92.70%
                 7.1     93.25%
                 7.2     93.82%
                 7.3     94.31%
                 7.4     94.84%
                 7.5     95.38%
                 7.6     95.86%
                 7.7     96.32%
                 7.8     96.71%
                 7.9     97.03%
                 8.0     97.32%
                 8.1     97.55%
                 8.2     97.75%
                 8.3     97.94%
                 8.4     98.11%
                 8.5     98.29%
                 8.6     98.44%
                 8.7     98.59%
                 8.8     98.77%
                 8.9     98.92%
                 9.0     99.06%
                 9.1     99.17%
                 9.2     99.25%
                 9.3     99.31%
                 9.4     99.36%
                 9.5     99.40%
                 9.6     99.43%
                 9.7     99.47%
                 9.8     99.51%
                 9.9     99.53%
                10.0     99.55%
                10.1     99.57%
                10.2     99.60%
                10.3     99.61%
                10.4     99.63%
                10.5     99.65%
                10.6     99.67%
                10.7     99.68%
                10.8     99.69%
                10.9     99.71%
                11.0     99.72%
                11.1     99.73%
                11.2     99.75%
                11.3     99.76%
                11.4     99.77%
                11.5     99.78%
                11.6     99.78%
                11.7     99.80%
                11.8     99.80%
                11.9     99.81%
                12.0     99.82%
                12.1     99.82%
                12.2     99.83%
                12.3     99.84%
                12.4     99.85%
                12.5     99.85%
                12.6     99.86%
                12.7     99.87%
                12.8     99.87%
                12.9     99.88%
                13.0     99.88%
                13.1     99.88%
                13.2     99.89%
                13.3     99.89%
                13.4     99.89%
                13.5     99.90%
                13.6     99.90%
                13.7     99.90%
                13.8     99.91%
                13.9     99.91%
                14.0     99.91%
                14.1     99.91%
                14.2     99.92%
                14.3     99.92%
                14.4     99.92%
                14.5     99.92%
                14.6     99.92%
                14.7     99.92%
                14.8     99.93%
                14.9     99.93%
                15.0     99.93%
                15.1     99.93%
                15.2     99.93%
                15.3     99.93%
                15.4     99.93%
                15.5     99.93%
                15.6     99.93%
                15.7     99.93%
                15.8     99.94%
                15.9     99.94%
                16.0     99.94%
                16.1     99.94%
                16.2     99.94%
                16.3     99.94%
                16.4     99.94%
                16.5     99.94%
                16.6     99.94%
                16.7     99.94%
                16.8     99.94%
                16.9     99.94%
                17.0     99.94%
                17.1     99.95%
                17.2     99.95%
                17.3     99.95%
                17.4     99.95%
                17.5     99.95%
                17.6     99.95%
                17.7     99.95%
                17.8     99.95%
                17.9     99.95%
                18.0     99.95%
                18.1     99.95%
                18.2     99.95%
                18.3     99.95%
                18.4     99.95%
                18.5     99.95%
                18.6     99.95%
                18.7     99.95%
                18.8     99.95%
                18.9     99.95%
                19.0     99.95%
                19.1     99.95%
                19.2     99.95%
                19.3     99.95%
                19.4     99.95%
                19.5     99.95%
                19.6     99.95%
                19.7     99.96%
                19.8     99.96%
                19.9     99.96%
                20.0     99.96%
                20.1     99.96%
                20.2     99.96%
                20.3     99.96%
                20.4     99.96%
                20.5     99.96%
                20.6     99.96%
                20.7     99.96%
                20.8     99.96%
                20.9     99.96%
                21.0     99.96%
                21.1     99.96%
                21.2     99.96%
                21.3     99.96%
                21.4     99.96%
                21.5     99.96%
                21.6     99.96%
                21.7     99.96%
                21.8     99.96%
                21.9     99.97%
                22.0     99.97%
                22.1     99.97%
                22.2     99.97%
                22.3     99.97%
                22.4     99.97%
                22.5     99.97%
                22.6     99.97%
                22.7     99.97%
                22.8     99.97%
                22.9     99.97%
                23.0     99.97%
                23.1     99.97%
                23.2     99.97%
                23.3     99.97%
                23.4     99.97%
                23.5     99.97%
                23.6     99.97%
                23.7     99.97%
                23.8     99.97%
                23.9     99.97%
                24.0     99.97%
                24.1     99.97%
                24.2     99.97%
                24.3     99.97%
                24.4     99.97%
                24.5     99.97%
                24.6     99.97%
                24.7     99.97%
                24.8     99.97%
                24.9     99.97%
                25.0     99.97%
                25.1     99.97%
                25.2     99.97%
                25.3     99.97%
                25.4     99.97%
                25.5     99.97%
                25.6     99.97%
                25.7     99.97%
                25.8     99.97%
                25.9     99.97%
                26.0     99.97%
                26.1     99.97%
                26.2     99.97%
                26.3     99.97%
                26.4     99.97%
                26.5     99.97%
                26.6     99.97%
                26.7     99.97%
                26.8     99.97%
                26.9     99.97%
                27.0     99.97%
                27.1     99.97%
                27.2     99.97%
                27.3     99.97%
                27.4     99.97%
                27.5     99.97%
                27.6     99.97%
                27.7     99.97%
                27.8     99.97%
                27.9     99.97%
                28.0     99.97%
                28.1     99.97%
                28.2     99.97%
                28.3     99.97%
                28.4     99.97%
                28.5     99.97%
                28.6     99.97%
                28.7     99.97%
                28.8     99.98%
                28.9     99.98%
                29.0     99.98%
                29.1     99.98%
                29.2     99.98%
                29.3     99.98%
                29.4     99.98%
                29.5     99.98%
                29.6     99.98%
                29.7     99.98%
                29.8     99.98%
                29.9     99.98%
                30.0     99.98%
                30.1     99.98%
                30.2     99.98%
                30.3     99.98%
                30.4     99.98%
                30.5     99.98%
                30.6     99.98%
                30.7     99.98%
                30.8     99.98%
                30.9     99.98%
                31.0     99.98%
                31.1     99.98%
                31.2     99.98%
                31.3     99.98%
                31.4     99.98%
                31.5     99.98%
                31.6     99.98%
                31.7     99.98%
                31.8     99.98%
                31.9     99.98%
                32.0     99.98%
                32.1     99.98%
                32.2     99.98%
                32.3     99.98%
                32.4     99.98%
                32.5     99.98%
                32.6     99.98%
                32.7     99.98%
                32.8     99.98%
                32.9     99.98%
                33.0     99.98%
                33.1     99.98%
                33.2     99.98%
                33.3     99.98%
                33.4     99.98%
                33.5     99.98%
                33.6     99.98%
                33.7     99.98%
                33.8     99.98%
                33.9     99.98%
                34.0     99.98%
                34.1     99.98%
                34.2     99.98%
                34.3     99.98%
                34.4     99.98%
                34.5     99.98%
                34.6     99.98%
                34.7     99.98%
                34.8     99.98%
                34.9     99.98%
                35.0     99.98%
                35.1     99.98%
                35.2     99.98%
                35.3     99.98%
                35.4     99.98%
                35.5     99.98%
                35.6     99.98%
                35.7     99.98%
                35.8     99.98%
                35.9     99.98%
                36.0     99.98%
                36.1     99.98%
                36.2     99.98%
                36.3     99.98%
                36.4     99.98%
                36.5     99.98%
                36.6     99.98%
                36.7     99.98%
                36.8     99.98%
                36.9     99.98%
                37.0     99.98%
                37.1     99.98%
                37.2     99.98%
                37.3     99.98%
                37.4     99.98%
                37.5     99.98%
                37.6     99.98%
                37.7     99.98%
                37.8     99.98%
                37.9     99.98%
                38.0     99.98%
                38.1     99.98%
                38.2     99.98%
                38.3     99.98%
                38.4     99.98%
                38.5     99.98%
                38.6     99.98%
                38.7     99.99%
                38.8     99.99%
                38.9     99.99%
                39.0     99.99%
                39.1     99.99%
                39.2     99.99%
                39.3     99.99%
                39.4     99.99%
                39.5     99.99%
                39.6     99.99%
                39.7     99.99%
                39.8     99.99%
                39.9     99.99%
                40.0     99.99%
                40.1     99.99%
                40.2     99.99%
                40.3     99.99%
                40.4     99.99%
                40.5     99.99%
                40.6     99.99%
                40.7     99.99%
                40.8     99.99%
                40.9     99.99%
                41.0     99.99%
                41.1     99.99%
                41.2     99.99%
                41.3     99.99%
                41.4     99.99%
                41.5     99.99%
                41.6     99.99%
                41.7     99.99%
                41.8     99.99%
                41.9     99.99%
                42.0     99.99%
                42.1     99.99%
                42.2     99.99%
                42.3     99.99%
                42.4     99.99%
                42.5     99.99%
                42.6     99.99%
                42.7     99.99%
                42.8     99.99%
                42.9     99.99%
                43.0     99.99%
                43.1     99.99%
                43.2     99.99%
                43.3     99.99%
                43.4     99.99%
                43.5     99.99%
                43.6     99.99%
                43.7     99.99%
                43.8     99.99%
                43.9     99.99%
                44.0     99.99%
                44.1     99.99%
                44.2     99.99%
                44.3     99.99%
                44.4     99.99%
                44.5     99.99%
                44.6     99.99%
                44.7     99.99%
                44.8     99.99%
                44.9     99.99%
                45.0     99.99%
                45.1     99.99%
                45.2     99.99%
                45.3     99.99%
                45.4     99.99%
                45.5     99.99%
                45.6     99.99%
                45.7     99.99%
                45.8     99.99%
                45.9     99.99%
                46.0    100.00%
                46.1    100.00%
                46.2    100.00%
                46.3    100.00%
                46.4    100.00%
                46.5    100.00%
                46.6    100.00%
                46.7    100.00%
                46.8    100.00%
                46.9    100.00%
                47.0    100.00%
                47.1    100.00%
                47.2    100.00%
                47.3    100.00%
                47.4    100.00%
                47.5    100.00%
                47.6    100.00%
                47.7    100.00%
                47.8    100.00%
                47.9    100.00%
                48.0    100.00%
                48.1    100.00%
                48.2    100.00%
                48.3    100.00%
                48.4    100.00%
                48.5    100.00%
                48.6    100.00%
                48.7    100.00%
                48.8    100.00%
                48.9    100.00%
                49.0    100.00%
                49.1    100.00%
                49.2    100.00%
                49.3    100.00%
                49.4    100.00%
                49.5    100.00%
                49.6    100.00%
                49.7    100.00%
                49.8    100.00%
                49.9    100.00%
                50.0    100.00%
                50.1    100.00%
                50.2    100.00%
                50.3    100.00%
                50.4    100.00%
                50.5    100.00%
                50.6    100.00%
                50.7    100.00%
                50.8    100.00%
                50.9    100.00%
                51.0    100.00%
                51.1    100.00%
                51.2    100.00%
                51.3    100.00%
                51.4    100.00%
                51.5    100.00%
                51.6    100.00%
                51.7    100.00%
                51.8    100.00%
                51.9    100.00%
                52.0    100.00%
                52.1    100.00%
                52.2    100.00%
                52.3    100.00%
                52.4    100.00%
                52.5    100.00%
                52.6    100.00%
                52.7    100.00%
                52.8    100.00%
                52.9    100.00%
                53.0    100.00%
                53.1    100.00%
                53.2    100.00%
                53.3    100.00%
                53.4    100.00%
                53.5    100.00%
                53.6    100.00%
                53.7    100.00%
                53.8    100.00%
                53.9    100.00%
                54.0    100.00%
                54.1    100.00%
                54.2    100.00%
                54.3    100.00%
                54.4    100.00%
                54.5    100.00%
                54.6    100.00%
                54.7    100.00%
                54.8    100.00%
                54.9    100.00%
                55.0    100.00%
                55.1    100.00%
                55.2    100.00%
                55.3    100.00%
                55.4    100.00%
                55.5    100.00%
                55.6    100.00%
                55.7    100.00%
                55.8    100.00%
                55.9    100.00%
                56.0    100.00%
                56.1    100.00%
                56.2    100.00%
                56.3    100.00%
                56.4    100.00%
                56.5    100.00%
                56.6    100.00%
                56.7    100.00%
                56.8    100.00%
                56.9    100.00%
                57.0    100.00%
                57.1    100.00%
                57.2    100.00%
                57.3    100.00%
                57.4    100.00%
                57.5    100.00%
                57.6    100.00%
                57.7    100.00%
                57.8    100.00%
                57.9    100.00%
                58.0    100.00%
                58.1    100.00%
                58.2    100.00%
                58.3    100.00%
                58.4    100.00%
                58.5    100.00%
                58.6    100.00%
                58.7    100.00%
                58.8    100.00%
                58.9    100.00%
                59.0    100.00%
                59.1    100.00%
                59.2    100.00%
                59.3    100.00%
                59.4    100.00%
                59.5    100.00%
                59.6    100.00%
                59.7    100.00%
                59.8    100.00%
                59.9    100.00%
                60.0    100.00%
                60.1    100.00%
                60.2    100.00%
                60.3    100.00%
                60.4    100.00%
                60.5    100.00%
                60.6    100.00%
                60.7    100.00%
                60.8    100.00%
                60.9    100.00%
                61.0    100.00%
                61.1    100.00%
                61.2    100.00%
                61.3    100.00%
                61.4    100.00%
                61.5    100.00%
                61.6    100.00%
                61.7    100.00%
                61.8    100.00%
                61.9    100.00%
                62.0    100.00%
                62.1    100.00%
                62.2    100.00%
                62.3    100.00%
                62.4    100.00%
                62.5    100.00%
                62.6    100.00%
                62.7    100.00%
                62.8    100.00%
                62.9    100.00%
                63.0    100.00%
                63.1    100.00%
                63.2    100.00%
                63.3    100.00%
                63.4    100.00%
                63.5    100.00%
                63.6    100.00%
                63.7    100.00%
                63.8    100.00%
                63.9    100.00%
                64.0    100.00%
                64.1    100.00%
                64.2    100.00%
                64.3    100.00%
                64.4    100.00%
                64.5    100.00%
                64.6    100.00%
                64.7    100.00%
                64.8    100.00%
                64.9    100.00%
                65.0    100.00%
                65.1    100.00%
                65.2    100.00%
                65.3    100.00%
                65.4    100.00%
                65.5    100.00%
                65.6    100.00%
                65.7    100.00%
                65.8    100.00%
                65.9    100.00%
                66.0    100.00%
                66.1    100.00%
                66.2    100.00%
                66.3    100.00%
                66.4    100.00%
                66.5    100.00%
                66.6    100.00%
                66.7    100.00%
                66.8    100.00%
                66.9    100.00%
                67.0    100.00%
                67.1    100.00%
                67.2    100.00%
                67.3    100.00%
                67.4    100.00%
                67.5    100.00%
                67.6    100.00%
                67.7    100.00%
                67.8    100.00%
                67.9    100.00%
                68.0    100.00%
                68.1    100.00%
                68.2    100.00%
                68.3    100.00%
                68.4    100.00%
                68.5    100.00%
                68.6    100.00%
                68.7    100.00%
                68.8    100.00%
                68.9    100.00%
                69.0    100.00%
                69.1    100.00%
                69.2    100.00%
                69.3    100.00%
                69.4    100.00%
                69.5    100.00%
                69.6    100.00%
                69.7    100.00%
                69.8    100.00%
                69.9    100.00%
                70.0    100.00%
                70.1    100.00%
                70.2    100.00%
                70.3    100.00%
                70.4    100.00%
                70.5    100.00%
                70.6    100.00%
                70.7    100.00%
                70.8    100.00%
                70.9    100.00%
                71.0    100.00%
                71.1    100.00%
                71.2    100.00%
                71.3    100.00%
                71.4    100.00%
                71.5    100.00%
                71.6    100.00%
                71.7    100.00%
                71.8    100.00%
                71.9    100.00%
                72.0    100.00%
                72.1    100.00%
                72.2    100.00%
                72.3    100.00%
                72.4    100.00%
                72.5    100.00%
                72.6    100.00%
                72.7    100.00%
                72.8    100.00%
                72.9    100.00%
                73.0    100.00%
                73.1    100.00%
                73.2    100.00%
                73.3    100.00%
                73.4    100.00%
                73.5    100.00%
                73.6    100.00%
                73.7    100.00%
                73.8    100.00%
                73.9    100.00%
                74.0    100.00%
                74.1    100.00%
                74.2    100.00%
                74.3    100.00%
                74.4    100.00%
                74.5    100.00%
                74.6    100.00%
                74.7    100.00%
                74.8    100.00%
                74.9    100.00%
                75.0    100.00%
                75.1    100.00%
                75.2    100.00%
                75.3    100.00%
                75.4    100.00%
                75.5    100.00%
                75.6    100.00%
                75.7    100.00%
                75.8    100.00%
                75.9    100.00%
                76.0    100.00%
                76.1    100.00%
                76.2    100.00%
                76.3    100.00%
                76.4    100.00%
                76.5    100.00%
                76.6    100.00%
                76.7    100.00%
                76.8    100.00%
                76.9    100.00%
                77.0    100.00%
                77.1    100.00%
                77.2    100.00%
                77.3    100.00%
                77.4    100.00%
                77.5    100.00%
                77.6    100.00%
                77.7    100.00%
                77.8    100.00%
                77.9    100.00%
                78.0    100.00%
                78.1    100.00%
                78.2    100.00%
                78.3    100.00%
                78.4    100.00%
                78.5    100.00%
                78.6    100.00%
                78.7    100.00%
                78.8    100.00%
                78.9    100.00%
                79.0    100.00%
                79.1    100.00%
                79.2    100.00%
                79.3    100.00%
                79.4    100.00%
                79.5    100.00%
                79.6    100.00%
                79.7    100.00%
                79.8    100.00%
                79.9    100.00%
                80.0    100.00%
                80.1    100.00%
                80.2    100.00%
                80.3    100.00%
                80.4    100.00%
                80.5    100.00%
                80.6    100.00%
                80.7    100.00%
                80.8    100.00%
                80.9    100.00%
                81.0    100.00%
                81.1    100.00%
                81.2    100.00%
                81.3    100.00%
                81.4    100.00%
                81.5    100.00%
                81.6    100.00%
                81.7    100.00%
                81.8    100.00%
                81.9    100.00%
                82.0    100.00%
                82.1    100.00%
                82.2    100.00%
                82.3    100.00%
                82.4    100.00%
                82.5    100.00%
                82.6    100.00%
                82.7    100.00%
                82.8    100.00%
                82.9    100.00%
                83.0    100.00%
                83.1    100.00%

