Threads: 8, Sharded reads: false, Number of Memcached servers: 2.

All measures in microseconds.
  SETS   GETS  MGETS   INVLD    TOT   HITS     RSP T      Q T     SVR T  Q LEN
 28140      0      0       0  28140  28140  25961.74 23653.81   2285.25     88
  3628      0      0       0   3628   3628  25225.51 23055.22   2151.49     82
  3587      0      0       0   3587   3587  25600.34 23410.75   2167.82     84
  3624      0      0       0   3624   3624  25161.44 23001.52   2138.79     86
  3591      0      0       0   3591   3591  25490.91 23307.93   2164.28     85
  3496      0      0       0   3496   3496  26174.74 23933.32   2223.35     88
  3570      0      0       0   3570   3570  25646.09 23452.33   2175.68     88
  3535      0      0       0   3535   3535  25608.69 23406.34   2184.78     85
  3419      0      0       0   3419   3419  27177.83 24861.75   2288.80     88
  3566      0      0       0   3566   3566  25746.51 23540.71   2188.66     88
  3590      0      0       0   3590   3590  25576.57 23391.82   2166.16     88
  3690      0      0       0   3690   3690  24822.79 22691.32   2113.22     88
  3612      0      0       0   3612   3612  25434.14 23254.90   2160.55     81
  3285      0      0       0   3285   3285  28005.58 25610.60   2375.27     81
  3433      0      0       0   3433   3433  26708.30 24416.55   2273.36     82
  3442      0      0       0   3442   3442  26775.51 24489.21   2268.39     80
  3645      0      0       0   3645   3645  25099.58 22944.23   2136.07     88
  3589      0      0       0   3589   3589  25618.33 23423.20   2176.41     80
  3536      0      0       0   3536   3536  25974.15 23749.85   2206.88     83
  3480      0      0       0   3480   3480  26348.13 24088.58   2241.07     88
  3804      0      0       0   3804   3804  23907.30 21847.41   2042.46     88
  3566      0      0       0   3566   3566  25791.90 23586.73   2186.23     88
  3423      0      0       0   3423   3423  26785.38 24486.80   2280.06     87
  3543      0      0       0   3543   3543  25945.72 23722.09   2203.48     80
  3512      0      0       0   3512   3512  26195.62 23956.06   2220.90     77
  3531      0      0       0   3531   3531  26017.59 23789.22   2210.72     85
  3501      0      0       0   3501   3501  26212.18 23964.06   2230.75     83
  3414      0      0       0   3414   3414  26952.82 24640.67   2295.13     88
  3543      0      0       0   3543   3543  25761.19 23548.39   2194.86     84
  3603      0      0       0   3603   3603  25396.17 23213.48   2164.17     88
  3609      0      0       0   3609   3609  25426.28 23255.34   2152.25     88
  3490      0      0       0   3490   3490  26229.71 23982.06   2228.27     85
  3295      0      0       0   3295   3295  27755.70 25380.12   2357.90     86
  3596      0      0       0   3596   3596  25451.89 23272.34   2161.86     86
  3519      0      0       0   3519   3519  25995.87 23770.09   2207.85     81
  3491      0      0       0   3491   3491  26172.93 23927.62   2227.47     88
  3461      0      0       0   3461   3461  26432.64 24167.36   2246.74     88
  3587      0      0       0   3587   3587  25314.88 23131.90   2156.32     79
  3476      0      0       0   3476   3476  26272.76 24017.63   2234.29     88
  3508      0      0       0   3508   3508  26031.97 23799.71   2213.85     88
  3516      0      0       0   3516   3516  25970.50 23742.58   2208.96     88
  3521      0      0       0   3521   3521  26031.08 23803.62   2209.18     85
  3544      0      0       0   3544   3544  25884.84 23664.23   2201.60     85
  3609      0      0       0   3609   3609  25431.48 23252.77   2159.73     88
  3453      0      0       0   3453   3453  26619.56 24338.25   2261.43     83
  3584      0      0       0   3584   3584  25476.86 23285.06   2173.04     88
  3627      0      0       0   3627   3627  25349.33 23178.59   2151.30     88
  3506      0      0       0   3506   3506  26202.57 23958.46   2225.48     85
  3605      0      0       0   3605   3605  25531.97 23348.57   2164.83     82
  3552      0      0       0   3552   3552  25788.21 23574.70   2195.93     88
  3501      0      0       0   3501   3501  26323.38 24073.82   2230.66     81
  3532      0      0       0   3532   3532  25983.51 23757.07   2206.97     88
  3559      0      0       0   3559   3559  25703.40 23493.73   2188.63     85
  3561      0      0       0   3561   3561  25813.13 23603.98   2190.29     88
  3508      0      0       0   3508   3508  26099.97 23866.64   2214.66     88
  3574      0      0       0   3574   3574  25663.93 23460.93   2184.74     80
  3528      0      0       0   3528   3528  25952.24 23725.67   2204.64     73
  3512      0      0       0   3512   3512  26176.51 23932.51   2223.23     80
  3466      0      0       0   3466   3466  26456.25 24186.87   2248.93     81
  3524      0      0       0   3524   3524  26020.36 23788.47   2212.88     88
  3563      0      0       0   3563   3563  25801.92 23593.66   2189.63     88
  3380      0      0       0   3380   3380  27121.72 24792.49   2308.89     80
  3436      0      0       0   3436   3436  26624.64 24343.75   2262.46     82
  3561      0      0       0   3561   3561  25832.94 23623.96   2189.99     83
  3458      0      0       0   3458   3458  26452.19 24178.71   2255.44     88
  3539      0      0       0   3539   3539  25838.93 23624.90   2195.52     88
  3528      0      0       0   3528   3528  26067.94 23837.32   2211.26     82
  3512      0      0       0   3512   3512  26008.05 23776.13   2212.72     81
  3586      0      0       0   3586   3586  25553.98 23360.11   2175.45     80
  3535      0      0       0   3535   3535  25924.37 23700.62   2204.68     88
  3583      0      0       0   3583   3583  25659.73 23462.19   2178.90     81
  3499      0      0       0   3499   3499  26156.81 23909.78   2227.42     74
  3552      0      0       0   3552   3552  25870.50 23659.02   2193.04     88
  3492      0      0       0   3492   3492  26117.54 23864.19   2234.47     88
  3561      0      0       0   3561   3561  25925.05 23714.19   2191.60     88
  3479      0      0       0   3479   3479  26258.21 24006.85   2232.59     88
  3375      0      0       0   3375   3375  27147.02 24812.63   2315.45     80
  3235      0      0       0   3235   3235  28378.13 25949.57   2411.05     87
  3460      0      0       0   3460   3460  26568.27 24294.38   2253.02     88
  3437      0      0       0   3437   3437  26654.24 24365.14   2270.68     88
  3426      0      0       0   3426   3426  26763.70 24477.63   2267.10     88
  3416      0      0       0   3416   3416  26825.40 24527.47   2280.12     81
  1512      0      0       0   1512   1512  22790.50 20132.29   2633.08      0
     0      0      0       0      0      0       NaN      NaN       NaN      0
     0      0      0       0      0      0       NaN      NaN       NaN      0
     0      0      0       0      0      0       NaN      NaN       NaN      0
     0      0      0       0      0      0       NaN      NaN       NaN      0
     0      0      0       0      0      0       NaN      NaN       NaN      0
================================================================================
ALL STATS (timing measures are in microseconds)
WORKER 0:
Type     |Total    |Ops/sec  |Hits/sec |Miss/Sec |Resp Time|Proc Time|Srvr Time
SET      |    39338|   432.29|   432.29|     0.00| 26018.56|  2241.53|  2222.14
GET      |        0|     0.00|     0.00|     0.00|      NaN|      NaN|      NaN
MULTIGET |        0|     0.00|     0.00|     0.00|      NaN|      NaN|      NaN
INVALID  |        0|     0.00|      ---|      ---|      NaN|      NaN|      ---
Average mutliget length: NaN
================================================================================
WORKER 1:
Type     |Total    |Ops/sec  |Hits/sec |Miss/Sec |Resp Time|Proc Time|Srvr Time
SET      |    39375|   432.69|   432.69|     0.00| 26001.15|  2239.37|  2220.30
GET      |        0|     0.00|     0.00|     0.00|      NaN|      NaN|      NaN
MULTIGET |        0|     0.00|     0.00|     0.00|      NaN|      NaN|      NaN
INVALID  |        0|     0.00|      ---|      ---|      NaN|      NaN|      ---
Average mutliget length: NaN
================================================================================
WORKER 2:
Type     |Total    |Ops/sec  |Hits/sec |Miss/Sec |Resp Time|Proc Time|Srvr Time
SET      |    39361|   432.54|   432.54|     0.00| 26012.22|  2240.10|  2220.63
GET      |        0|     0.00|     0.00|     0.00|      NaN|      NaN|      NaN
MULTIGET |        0|     0.00|     0.00|     0.00|      NaN|      NaN|      NaN
INVALID  |        0|     0.00|      ---|      ---|      NaN|      NaN|      ---
Average mutliget length: NaN
================================================================================
WORKER 3:
Type     |Total    |Ops/sec  |Hits/sec |Miss/Sec |Resp Time|Proc Time|Srvr Time
SET      |    39398|   432.95|   432.95|     0.00| 26006.26|  2238.35|  2218.44
GET      |        0|     0.00|     0.00|     0.00|      NaN|      NaN|      NaN
MULTIGET |        0|     0.00|     0.00|     0.00|      NaN|      NaN|      NaN
INVALID  |        0|     0.00|      ---|      ---|      NaN|      NaN|      ---
Average mutliget length: NaN
================================================================================
WORKER 4:
Type     |Total    |Ops/sec  |Hits/sec |Miss/Sec |Resp Time|Proc Time|Srvr Time
SET      |    39342|   432.33|   432.33|     0.00| 26017.56|  2241.45|  2222.36
GET      |        0|     0.00|     0.00|     0.00|      NaN|      NaN|      NaN
MULTIGET |        0|     0.00|     0.00|     0.00|      NaN|      NaN|      NaN
INVALID  |        0|     0.00|      ---|      ---|      NaN|      NaN|      ---
Average mutliget length: NaN
================================================================================
WORKER 5:
Type     |Total    |Ops/sec  |Hits/sec |Miss/Sec |Resp Time|Proc Time|Srvr Time
SET      |    39359|   432.52|   432.52|     0.00| 26016.07|  2240.57|  2221.21
GET      |        0|     0.00|     0.00|     0.00|      NaN|      NaN|      NaN
MULTIGET |        0|     0.00|     0.00|     0.00|      NaN|      NaN|      NaN
INVALID  |        0|     0.00|      ---|      ---|      NaN|      NaN|      ---
Average mutliget length: NaN
================================================================================
WORKER 6:
Type     |Total    |Ops/sec  |Hits/sec |Miss/Sec |Resp Time|Proc Time|Srvr Time
SET      |    39315|   432.03|   432.03|     0.00| 26020.03|  2241.92|  2222.57
GET      |        0|     0.00|     0.00|     0.00|      NaN|      NaN|      NaN
MULTIGET |        0|     0.00|     0.00|     0.00|      NaN|      NaN|      NaN
INVALID  |        0|     0.00|      ---|      ---|      NaN|      NaN|      ---
Average mutliget length: NaN
================================================================================
WORKER 7:
Type     |Total    |Ops/sec  |Hits/sec |Miss/Sec |Resp Time|Proc Time|Srvr Time
SET      |    39349|   432.41|   432.41|     0.00| 26023.39|  2241.02|  2221.68
GET      |        0|     0.00|     0.00|     0.00|      NaN|      NaN|      NaN
MULTIGET |        0|     0.00|     0.00|     0.00|      NaN|      NaN|      NaN
INVALID  |        0|     0.00|      ---|      ---|      NaN|      NaN|      ---
Average mutliget length: NaN
================================================================================
================================================================================

AGGREGATE FOR ALL WORKERS:
Type     |Total    |Ops/sec  |Hits/sec |Miss/Sec |Resp Time|Proc Time|Srvr Time
SET      |   314837|  3459.75|  3459.75|     0.00| 26014.40|  2240.54|  2221.16
GET      |        0|     0.00|     0.00|     0.00|      NaN|      NaN|      NaN
MULTIGET |        0|     0.00|     0.00|     0.00|      NaN|      NaN|      NaN
INVALID  |        0|     0.00|      ---|      ---|      NaN|      NaN|      ---
Average mutliget length: NaN


 HISTOGRAM
  Response time (ms)   Percent
                 0.1      0.00%
                 0.2      0.00%
                 0.3      0.00%
                 0.4      0.00%
                 0.5      0.00%
                 0.6      0.00%
                 0.7      0.00%
                 0.8      0.00%
                 0.9      0.00%
                 1.0      0.00%
                 1.1      0.00%
                 1.2      0.00%
                 1.3      0.00%
                 1.4      0.00%
                 1.5      0.00%
                 1.6      0.00%
                 1.7      0.00%
                 1.8      0.00%
                 1.9      0.00%
                 2.0      0.00%
                 2.1      0.00%
                 2.2      0.00%
                 2.3      0.00%
                 2.4      0.00%
                 2.5      0.00%
                 2.6      0.00%
                 2.7      0.00%
                 2.8      0.00%
                 2.9      0.00%
                 3.0      0.00%
                 3.1      0.00%
                 3.2      0.00%
                 3.3      0.00%
                 3.4      0.00%
                 3.5      0.00%
                 3.6      0.00%
                 3.7      0.00%
                 3.8      0.00%
                 3.9      0.00%
                 4.0      0.00%
                 4.1      0.00%
                 4.2      0.00%
                 4.3      0.00%
                 4.4      0.00%
                 4.5      0.00%
                 4.6      0.00%
                 4.7      0.00%
                 4.8      0.00%
                 4.9      0.00%
                 5.0      0.00%
                 5.1      0.00%
                 5.2      0.00%
                 5.3      0.01%
                 5.4      0.01%
                 5.5      0.01%
                 5.6      0.01%
                 5.7      0.01%
                 5.8      0.01%
                 5.9      0.01%
                 6.0      0.01%
                 6.1      0.01%
                 6.2      0.01%
                 6.3      0.01%
                 6.4      0.01%
                 6.5      0.01%
                 6.6      0.01%
                 6.7      0.01%
                 6.8      0.01%
                 6.9      0.01%
                 7.0      0.01%
                 7.1      0.01%
                 7.2      0.01%
                 7.3      0.01%
                 7.4      0.01%
                 7.5      0.01%
                 7.6      0.01%
                 7.7      0.01%
                 7.8      0.01%
                 7.9      0.01%
                 8.0      0.01%
                 8.1      0.01%
                 8.2      0.01%
                 8.3      0.01%
                 8.4      0.01%
                 8.5      0.01%
                 8.6      0.01%
                 8.7      0.01%
                 8.8      0.01%
                 8.9      0.01%
                 9.0      0.01%
                 9.1      0.01%
                 9.2      0.01%
                 9.3      0.01%
                 9.4      0.01%
                 9.5      0.01%
                 9.6      0.01%
                 9.7      0.01%
                 9.8      0.01%
                 9.9      0.01%
                10.0      0.01%
                10.1      0.01%
                10.2      0.01%
                10.3      0.01%
                10.4      0.01%
                10.5      0.01%
                10.6      0.01%
                10.7      0.01%
                10.8      0.01%
                10.9      0.01%
                11.0      0.01%
                11.1      0.01%
                11.2      0.01%
                11.3      0.01%
                11.4      0.01%
                11.5      0.01%
                11.6      0.01%
                11.7      0.01%
                11.8      0.01%
                11.9      0.01%
                12.0      0.01%
                12.1      0.01%
                12.2      0.01%
                12.3      0.01%
                12.4      0.01%
                12.5      0.01%
                12.6      0.01%
                12.7      0.01%
                12.8      0.01%
                12.9      0.01%
                13.0      0.01%
                13.1      0.01%
                13.2      0.01%
                13.3      0.01%
                13.4      0.01%
                13.5      0.01%
                13.6      0.01%
                13.7      0.01%
                13.8      0.01%
                13.9      0.01%
                14.0      0.01%
                14.1      0.01%
                14.2      0.01%
                14.3      0.01%
                14.4      0.02%
                14.5      0.02%
                14.6      0.02%
                14.7      0.02%
                14.8      0.02%
                14.9      0.02%
                15.0      0.02%
                15.1      0.02%
                15.2      0.03%
                15.3      0.03%
                15.4      0.03%
                15.5      0.04%
                15.6      0.04%
                15.7      0.04%
                15.8      0.04%
                15.9      0.04%
                16.0      0.04%
                16.1      0.05%
                16.2      0.05%
                16.3      0.06%
                16.4      0.07%
                16.5      0.07%
                16.6      0.08%
                16.7      0.08%
                16.8      0.09%
                16.9      0.09%
                17.0      0.09%
                17.1      0.10%
                17.2      0.10%
                17.3      0.11%
                17.4      0.12%
                17.5      0.12%
                17.6      0.13%
                17.7      0.13%
                17.8      0.14%
                17.9      0.14%
                18.0      0.14%
                18.1      0.14%
                18.2      0.15%
                18.3      0.15%
                18.4      0.15%
                18.5      0.16%
                18.6      0.17%
                18.7      0.18%
                18.8      0.18%
                18.9      0.18%
                19.0      0.19%
                19.1      0.20%
                19.2      0.20%
                19.3      0.21%
                19.4      0.21%
                19.5      0.22%
                19.6      0.23%
                19.7      0.24%
                19.8      0.25%
                19.9      0.25%
                20.0      0.26%
                20.1      0.28%
                20.2      0.29%
                20.3      0.31%
                20.4      0.32%
                20.5      0.33%
                20.6      0.34%
                20.7      0.36%
                20.8      0.38%
                20.9      0.41%
                21.0      0.43%
                21.1      0.46%
                21.2      0.49%
                21.3      0.52%
                21.4      0.57%
                21.5      0.64%
                21.6      0.71%
                21.7      0.79%
                21.8      0.91%
                21.9      1.05%
                22.0      1.20%
                22.1      1.38%
                22.2      1.59%
                22.3      1.80%
                22.4      2.06%
                22.5      2.36%
                22.6      2.70%
                22.7      3.08%
                22.8      3.52%
                22.9      4.00%
                23.0      4.60%
                23.1      5.26%
                23.2      6.02%
                23.3      6.87%
                23.4      7.78%
                23.5      8.85%
                23.6      9.94%
                23.7     11.17%
                23.8     12.53%
                23.9     14.02%
                24.0     15.64%
                24.1     17.37%
                24.2     19.28%
                24.3     21.19%
                24.4     23.18%
                24.5     25.27%
                24.6     27.39%
                24.7     29.62%
                24.8     31.92%
                24.9     34.28%
                25.0     36.70%
                25.1     38.99%
                25.2     41.28%
                25.3     43.62%
                25.4     45.89%
                25.5     48.13%
                25.6     50.41%
                25.7     52.62%
                25.8     54.77%
                25.9     56.84%
                26.0     58.90%
                26.1     60.79%
                26.2     62.56%
                26.3     64.30%
                26.4     66.05%
                26.5     67.63%
                26.6     69.18%
                26.7     70.67%
                26.8     72.12%
                26.9     73.48%
                27.0     74.73%
                27.1     75.90%
                27.2     77.10%
                27.3     78.25%
                27.4     79.34%
                27.5     80.36%
                27.6     81.35%
                27.7     82.28%
                27.8     83.17%
                27.9     84.02%
                28.0     84.82%
                28.1     85.56%
                28.2     86.30%
                28.3     86.97%
                28.4     87.60%
                28.5     88.22%
                28.6     88.79%
                28.7     89.29%
                28.8     89.79%
                28.9     90.25%
                29.0     90.69%
                29.1     91.10%
                29.2     91.50%
                29.3     91.89%
                29.4     92.22%
                29.5     92.55%
                29.6     92.89%
                29.7     93.21%
                29.8     93.51%
                29.9     93.80%
                30.0     94.08%
                30.1     94.32%
                30.2     94.56%
                30.3     94.77%
                30.4     95.00%
                30.5     95.24%
                30.6     95.44%
                30.7     95.62%
                30.8     95.77%
                30.9     95.92%
                31.0     96.09%
                31.1     96.24%
                31.2     96.40%
                31.3     96.54%
                31.4     96.69%
                31.5     96.82%
                31.6     96.95%
                31.7     97.06%
                31.8     97.16%
                31.9     97.26%
                32.0     97.36%
                32.1     97.46%
                32.2     97.56%
                32.3     97.65%
                32.4     97.74%
                32.5     97.83%
                32.6     97.93%
                32.7     98.03%
                32.8     98.10%
                32.9     98.17%
                33.0     98.24%
                33.1     98.32%
                33.2     98.38%
                33.3     98.45%
                33.4     98.51%
                33.5     98.56%
                33.6     98.61%
                33.7     98.66%
                33.8     98.71%
                33.9     98.75%
                34.0     98.79%
                34.1     98.83%
                34.2     98.87%
                34.3     98.91%
                34.4     98.93%
                34.5     98.96%
                34.6     99.00%
                34.7     99.03%
                34.8     99.06%
                34.9     99.09%
                35.0     99.12%
                35.1     99.14%
                35.2     99.17%
                35.3     99.21%
                35.4     99.23%
                35.5     99.26%
                35.6     99.28%
                35.7     99.29%
                35.8     99.31%
                35.9     99.32%
                36.0     99.33%
                36.1     99.35%
                36.2     99.38%
                36.3     99.40%
                36.4     99.41%
                36.5     99.42%
                36.6     99.44%
                36.7     99.45%
                36.8     99.47%
                36.9     99.48%
                37.0     99.49%
                37.1     99.51%
                37.2     99.52%
                37.3     99.52%
                37.4     99.54%
                37.5     99.55%
                37.6     99.56%
                37.7     99.57%
                37.8     99.58%
                37.9     99.59%
                38.0     99.60%
                38.1     99.61%
                38.2     99.61%
                38.3     99.62%
                38.4     99.63%
                38.5     99.64%
                38.6     99.64%
                38.7     99.65%
                38.8     99.65%
                38.9     99.65%
                39.0     99.66%
                39.1     99.66%
                39.2     99.66%
                39.3     99.67%
                39.4     99.68%
                39.5     99.69%
                39.6     99.70%
                39.7     99.70%
                39.8     99.71%
                39.9     99.72%
                40.0     99.72%
                40.1     99.73%
                40.2     99.73%
                40.3     99.74%
                40.4     99.75%
                40.5     99.76%
                40.6     99.77%
                40.7     99.78%
                40.8     99.79%
                40.9     99.80%
                41.0     99.81%
                41.1     99.82%
                41.2     99.83%
                41.3     99.84%
                41.4     99.85%
                41.5     99.85%
                41.6     99.86%
                41.7     99.86%
                41.8     99.87%
                41.9     99.87%
                42.0     99.88%
                42.1     99.88%
                42.2     99.88%
                42.3     99.89%
                42.4     99.89%
                42.5     99.89%
                42.6     99.90%
                42.7     99.90%
                42.8     99.90%
                42.9     99.90%
                43.0     99.90%
                43.1     99.90%
                43.2     99.90%
                43.3     99.91%
                43.4     99.91%
                43.5     99.91%
                43.6     99.91%
                43.7     99.91%
                43.8     99.91%
                43.9     99.91%
                44.0     99.91%
                44.1     99.91%
                44.2     99.91%
                44.3     99.92%
                44.4     99.92%
                44.5     99.92%
                44.6     99.92%
                44.7     99.92%
                44.8     99.92%
                44.9     99.92%
                45.0     99.92%
                45.1     99.92%
                45.2     99.92%
                45.3     99.92%
                45.4     99.92%
                45.5     99.92%
                45.6     99.92%
                45.7     99.92%
                45.8     99.92%
                45.9     99.92%
                46.0     99.92%
                46.1     99.92%
                46.2     99.92%
                46.3     99.92%
                46.4     99.92%
                46.5     99.92%
                46.6     99.92%
                46.7     99.92%
                46.8     99.92%
                46.9     99.92%
                47.0     99.92%
                47.1     99.92%
                47.2     99.93%
                47.3     99.93%
                47.4     99.93%
                47.5     99.93%
                47.6     99.93%
                47.7     99.93%
                47.8     99.93%
                47.9     99.93%
                48.0     99.93%
                48.1     99.93%
                48.2     99.93%
                48.3     99.93%
                48.4     99.93%
                48.5     99.93%
                48.6     99.93%
                48.7     99.93%
                48.8     99.93%
                48.9     99.93%
                49.0     99.93%
                49.1     99.93%
                49.2     99.93%
                49.3     99.93%
                49.4     99.93%
                49.5     99.93%
                49.6     99.93%
                49.7     99.93%
                49.8     99.93%
                49.9     99.93%
                50.0     99.93%
                50.1     99.93%
                50.2     99.93%
                50.3     99.93%
                50.4     99.93%
                50.5     99.93%
                50.6     99.93%
                50.7     99.93%
                50.8     99.93%
                50.9     99.93%
                51.0     99.93%
                51.1     99.93%
                51.2     99.93%
                51.3     99.93%
                51.4     99.93%
                51.5     99.94%
                51.6     99.94%
                51.7     99.94%
                51.8     99.94%
                51.9     99.94%
                52.0     99.94%
                52.1     99.94%
                52.2     99.94%
                52.3     99.94%
                52.4     99.94%
                52.5     99.94%
                52.6     99.94%
                52.7     99.94%
                52.8     99.94%
                52.9     99.94%
                53.0     99.94%
                53.1     99.94%
                53.2     99.94%
                53.3     99.94%
                53.4     99.94%
                53.5     99.94%
                53.6     99.94%
                53.7     99.94%
                53.8     99.94%
                53.9     99.94%
                54.0     99.94%
                54.1     99.94%
                54.2     99.94%
                54.3     99.94%
                54.4     99.94%
                54.5     99.94%
                54.6     99.94%
                54.7     99.94%
                54.8     99.94%
                54.9     99.94%
                55.0     99.94%
                55.1     99.94%
                55.2     99.94%
                55.3     99.94%
                55.4     99.94%
                55.5     99.94%
                55.6     99.94%
                55.7     99.94%
                55.8     99.94%
                55.9     99.94%
                56.0     99.94%
                56.1     99.94%
                56.2     99.94%
                56.3     99.94%
                56.4     99.94%
                56.5     99.94%
                56.6     99.94%
                56.7     99.94%
                56.8     99.94%
                56.9     99.94%
                57.0     99.94%
                57.1     99.94%
                57.2     99.94%
                57.3     99.94%
                57.4     99.94%
                57.5     99.94%
                57.6     99.94%
                57.7     99.94%
                57.8     99.94%
                57.9     99.94%
                58.0     99.94%
                58.1     99.94%
                58.2     99.94%
                58.3     99.94%
                58.4     99.94%
                58.5     99.94%
                58.6     99.94%
                58.7     99.94%
                58.8     99.94%
                58.9     99.94%
                59.0     99.94%
                59.1     99.94%
                59.2     99.95%
                59.3     99.95%
                59.4     99.95%
                59.5     99.95%
                59.6     99.95%
                59.7     99.95%
                59.8     99.95%
                59.9     99.95%
                60.0     99.95%
                60.1     99.95%
                60.2     99.95%
                60.3     99.95%
                60.4     99.95%
                60.5     99.95%
                60.6     99.95%
                60.7     99.95%
                60.8     99.95%
                60.9     99.95%
                61.0     99.95%
                61.1     99.95%
                61.2     99.95%
                61.3     99.95%
                61.4     99.95%
                61.5     99.95%
                61.6     99.95%
                61.7     99.95%
                61.8     99.95%
                61.9     99.95%
                62.0     99.95%
                62.1     99.95%
                62.2     99.95%
                62.3     99.95%
                62.4     99.95%
                62.5     99.95%
                62.6     99.95%
                62.7     99.95%
                62.8     99.95%
                62.9     99.95%
                63.0     99.95%
                63.1     99.95%
                63.2     99.95%
                63.3     99.95%
                63.4     99.95%
                63.5     99.95%
                63.6     99.95%
                63.7     99.95%
                63.8     99.95%
                63.9     99.95%
                64.0     99.95%
                64.1     99.96%
                64.2     99.96%
                64.3     99.96%
                64.4     99.96%
                64.5     99.96%
                64.6     99.96%
                64.7     99.96%
                64.8     99.96%
                64.9     99.96%
                65.0     99.96%
                65.1     99.96%
                65.2     99.96%
                65.3     99.96%
                65.4     99.96%
                65.5     99.96%
                65.6     99.96%
                65.7     99.96%
                65.8     99.96%
                65.9     99.96%
                66.0     99.96%
                66.1     99.96%
                66.2     99.96%
                66.3     99.96%
                66.4     99.97%
                66.5     99.97%
                66.6     99.97%
                66.7     99.97%
                66.8     99.97%
                66.9     99.97%
                67.0     99.97%
                67.1     99.97%
                67.2     99.97%
                67.3     99.97%
                67.4     99.97%
                67.5     99.97%
                67.6     99.97%
                67.7     99.97%
                67.8     99.97%
                67.9     99.97%
                68.0     99.97%
                68.1     99.97%
                68.2     99.98%
                68.3     99.98%
                68.4     99.98%
                68.5     99.99%
                68.6     99.99%
                68.7     99.99%
                68.8     99.99%
                68.9     99.99%
                69.0     99.99%
                69.1     99.99%
                69.2     99.99%
                69.3     99.99%
                69.4     99.99%
                69.5     99.99%
                69.6     99.99%
                69.7     99.99%
                69.8    100.00%
                69.9    100.00%
                70.0    100.00%
                70.1    100.00%
                70.2    100.00%
                70.3    100.00%
                70.4    100.00%
                70.5    100.00%
                70.6    100.00%
                70.7    100.00%
                70.8    100.00%
                70.9    100.00%

