Threads: 32, Sharded reads: false, Number of Memcached servers: 3.

All measures in microseconds.
  SETS   GETS  MGETS   INVLD    TOT   HITS     RSP T      Q T     SVR T  Q LEN
 50161      0      0       0  50161  50161   8990.13  3817.02   5123.40     39
  6024      0      0       0   6024   6024   9599.66  4236.56   5324.75     25
  6118      0      0       0   6118   6118   8912.59  3826.06   5045.33     34
  6263      0      0       0   6263   6263   8507.18  3476.19   4986.11     12
  6121      0      0       0   6121   6121   8968.70  3885.22   5032.41     40
  5914      0      0       0   5914   5914   9744.39  4415.87   5289.12     25
  6121      0      0       0   6121   6121   8915.85  3816.22   5052.91     28
  6036      0      0       0   6036   6036   9095.08  3886.47   5161.18     22
  6504      0      0       0   6504   6504   8345.85  3538.29   4769.75     22
  5995      0      0       0   5995   5995   9395.04  4176.74   5177.03     29
  5754      0      0       0   5754   5754   9549.92  4159.82   5345.40     13
  5660      0      0       0   5660   5660   9965.41  4420.00   5508.46     12
  5964      0      0       0   5964   5964   9478.39  4210.64   5231.28     12
  6044      0      0       0   6044   6044   8999.24  3812.78   5143.95     19
  6356      0      0       0   6356   6356   8659.52  3720.85   4898.00     36
  5838      0      0       0   5838   5838   9502.31  4135.59   5327.75     35
  5749      0      0       0   5749   5749   9769.25  4318.05   5416.95     22
  6225      0      0       0   6225   6225   8913.11  3840.87   5032.35     34
  5890      0      0       0   5890   5890   9518.78  4161.17   5317.79     29
  6171      0      0       0   6171   6171   8971.00  3886.29   5041.99     32
  6320      0      0       0   6320   6320   8647.19  3691.61   4911.99     32
  6012      0      0       0   6012   6012   9510.24  4241.69   5210.70      3
  5762      0      0       0   5762   5762   9487.17  4075.71   5362.49     21
  5701      0      0       0   5701   5701   9911.13  4460.47   5401.71      1
  5863      0      0       0   5863   5863   9495.49  4161.13   5289.50     27
  5647      0      0       0   5647   5647   9698.95  4166.20   5481.95     19
  5863      0      0       0   5863   5863   9669.60  4318.65   5301.42     24
  5872      0      0       0   5872   5872   9676.99  4327.52   5302.75     35
  5839      0      0       0   5839   5839   9701.34  4300.72   5356.52     20
  6282      0      0       0   6282   6282   8808.10  3812.67   4955.12     21
  5978      0      0       0   5978   5978   9120.42  3905.96   5161.42     40
  5705      0      0       0   5705   5705  10140.51  4638.41   5452.07     13
  6214      0      0       0   6214   6214   8700.14  3728.82   4926.58     12
  6232      0      0       0   6232   6232   8723.69  3731.64   4944.95     10
  5676      0      0       0   5676   5676  10066.75  4534.99   5489.82     17
  6289      0      0       0   6289   6289   8510.24  3589.52   4871.80     28
  5734      0      0       0   5734   5734  10037.58  4541.02   5456.90     22
  5873      0      0       0   5873   5873   9370.58  4046.91   5275.52     27
  5824      0      0       0   5824   5824   9917.46  4496.64   5379.89     32
  6001      0      0       0   6001   6001   9400.80  4182.12   5179.18     31
  5834      0      0       0   5834   5834   9254.50  3902.69   5297.36     20
  6456      0      0       0   6456   6456   8355.64  3494.63   4810.17     24
  6187      0      0       0   6187   6187   8800.48  3745.69   5005.11     24
  5948      0      0       0   5948   5948   9552.18  4249.47   5259.99     34
  6023      0      0       0   6023   6023   9212.49  4033.40   5136.87     19
  5681      0      0       0   5681   5681   9563.46  4030.37   5486.02      0
  5930      0      0       0   5930   5930   9065.55  3822.98   5198.47     40
  6142      0      0       0   6142   6142   8593.71  3507.83   5023.69     24
  6165      0      0       0   6165   6165   8576.86  3556.89   4968.05      8
  6239      0      0       0   6239   6239   8669.86  3654.13   4968.74     23
  6292      0      0       0   6292   6292   8671.12  3695.01   4926.04     26
  5850      0      0       0   5850   5850   9643.08  4262.74   5335.99      0
  6251      0      0       0   6251   6251   8539.61  3507.60   4979.61     21
  6190      0      0       0   6190   6190   8849.07  3806.89   4995.30      7
  5660      0      0       0   5660   5660   9974.78  4441.67   5484.46     11
  5670      0      0       0   5670   5670   9674.62  4175.42   5444.79      0
  5777      0      0       0   5777   5777   9795.51  4365.59   5365.85      0
  5232      0      0       0   5232   5232  10944.48  4982.75   5921.71     40
  6061      0      0       0   6061   6061   9119.48  3951.81   5105.66     40
  5863      0      0       0   5863   5863   9577.65  4211.75   5305.57     17
  5568      0      0       0   5568   5568  10051.70  4436.41   5566.01     21
  5825      0      0       0   5825   5825   9615.29  4235.18   5334.56     15
  5980      0      0       0   5980   5980   9233.79  4013.62   5155.33     11
  5800      0      0       0   5800   5800   9251.54  4005.74   5169.38     40
  5766      0      0       0   5766   5766   9812.68  4370.97   5385.74     22
  6042      0      0       0   6042   6042   9147.29  3966.48   5136.19     29
  6163      0      0       0   6163   6163   8946.99  3868.04   5031.55     27
  5896      0      0       0   5896   5896   9294.42  4006.38   5239.24     24
  5921      0      0       0   5921   5921   9442.63  4157.77   5240.05     25
  5525      0      0       0   5525   5525  10348.12  4711.23   5565.83     40
  5677      0      0       0   5677   5677   9664.53  4193.06   5425.23     21
  5838      0      0       0   5838   5838   9770.98  4383.13   5346.42     18
  5864      0      0       0   5864   5864   9604.35  4305.77   5256.75     30
  5650      0      0       0   5650   5650   9878.74  4381.17   5448.08     24
  5733      0      0       0   5733   5733   9823.52  4363.36   5418.58     29
  5940      0      0       0   5940   5940   9333.03  4071.41   5211.86     20
  6001      0      0       0   6001   6001   9218.55  4015.80   5154.90     25
  6516      0      0       0   6516   6516   8145.00  3367.53   4737.20     22
  6035      0      0       0   6035   6035   9007.75  3846.09   5108.33     11
  6066      0      0       0   6066   6066   9184.98  4042.52   5098.49     29
  5975      0      0       0   5975   5975   9194.87  3982.58   5168.38     30
  4914      0      0       0   4914   4914   9233.46  3773.89   5401.53      0
    35      0      0       0     35     35   4062.43   192.00   3827.14      0
     0      0      0       0      0      0       NaN      NaN       NaN      0
     0      0      0       0      0      0       NaN      NaN       NaN      0
     0      0      0       0      0      0       NaN      NaN       NaN      0
================================================================================
ALL STATS (timing measures are in microseconds)
WORKER 0:
Type     |Total    |Ops/sec  |Hits/sec |Miss/Sec |Resp Time|Proc Time|Srvr Time
SET      |    16633|   184.81|   184.81|     0.00|  9268.80|  5243.96|  5199.25
GET      |        0|     0.00|     0.00|     0.00|      NaN|      NaN|      NaN
MULTIGET |        0|     0.00|     0.00|     0.00|      NaN|      NaN|      NaN
INVALID  |        0|     0.00|      ---|      ---|      NaN|      NaN|      ---
Average mutliget length: NaN
================================================================================
WORKER 1:
Type     |Total    |Ops/sec  |Hits/sec |Miss/Sec |Resp Time|Proc Time|Srvr Time
SET      |    16593|   184.37|   184.37|     0.00|  9259.72|  5254.98|  5206.99
GET      |        0|     0.00|     0.00|     0.00|      NaN|      NaN|      NaN
MULTIGET |        0|     0.00|     0.00|     0.00|      NaN|      NaN|      NaN
INVALID  |        0|     0.00|      ---|      ---|      NaN|      NaN|      ---
Average mutliget length: NaN
================================================================================
WORKER 2:
Type     |Total    |Ops/sec  |Hits/sec |Miss/Sec |Resp Time|Proc Time|Srvr Time
SET      |    16639|   184.88|   184.88|     0.00|  9296.49|  5242.60|  5191.86
GET      |        0|     0.00|     0.00|     0.00|      NaN|      NaN|      NaN
MULTIGET |        0|     0.00|     0.00|     0.00|      NaN|      NaN|      NaN
INVALID  |        0|     0.00|      ---|      ---|      NaN|      NaN|      ---
Average mutliget length: NaN
================================================================================
WORKER 3:
Type     |Total    |Ops/sec  |Hits/sec |Miss/Sec |Resp Time|Proc Time|Srvr Time
SET      |    16603|   184.48|   184.48|     0.00|  9278.15|  5252.38|  5202.81
GET      |        0|     0.00|     0.00|     0.00|      NaN|      NaN|      NaN
MULTIGET |        0|     0.00|     0.00|     0.00|      NaN|      NaN|      NaN
INVALID  |        0|     0.00|      ---|      ---|      NaN|      NaN|      ---
Average mutliget length: NaN
================================================================================
WORKER 4:
Type     |Total    |Ops/sec  |Hits/sec |Miss/Sec |Resp Time|Proc Time|Srvr Time
SET      |    16598|   184.42|   184.42|     0.00|  9265.91|  5253.88|  5206.56
GET      |        0|     0.00|     0.00|     0.00|      NaN|      NaN|      NaN
MULTIGET |        0|     0.00|     0.00|     0.00|      NaN|      NaN|      NaN
INVALID  |        0|     0.00|      ---|      ---|      NaN|      NaN|      ---
Average mutliget length: NaN
================================================================================
WORKER 5:
Type     |Total    |Ops/sec  |Hits/sec |Miss/Sec |Resp Time|Proc Time|Srvr Time
SET      |    16552|   183.91|   183.91|     0.00|  9280.81|  5266.73|  5221.62
GET      |        0|     0.00|     0.00|     0.00|      NaN|      NaN|      NaN
MULTIGET |        0|     0.00|     0.00|     0.00|      NaN|      NaN|      NaN
INVALID  |        0|     0.00|      ---|      ---|      NaN|      NaN|      ---
Average mutliget length: NaN
================================================================================
WORKER 6:
Type     |Total    |Ops/sec  |Hits/sec |Miss/Sec |Resp Time|Proc Time|Srvr Time
SET      |    16644|   184.93|   184.93|     0.00|  9280.44|  5240.06|  5194.00
GET      |        0|     0.00|     0.00|     0.00|      NaN|      NaN|      NaN
MULTIGET |        0|     0.00|     0.00|     0.00|      NaN|      NaN|      NaN
INVALID  |        0|     0.00|      ---|      ---|      NaN|      NaN|      ---
Average mutliget length: NaN
================================================================================
WORKER 7:
Type     |Total    |Ops/sec  |Hits/sec |Miss/Sec |Resp Time|Proc Time|Srvr Time
SET      |    16613|   184.59|   184.59|     0.00|  9272.38|  5243.92|  5196.25
GET      |        0|     0.00|     0.00|     0.00|      NaN|      NaN|      NaN
MULTIGET |        0|     0.00|     0.00|     0.00|      NaN|      NaN|      NaN
INVALID  |        0|     0.00|      ---|      ---|      NaN|      NaN|      ---
Average mutliget length: NaN
================================================================================
WORKER 8:
Type     |Total    |Ops/sec  |Hits/sec |Miss/Sec |Resp Time|Proc Time|Srvr Time
SET      |    16589|   184.32|   184.32|     0.00|  9257.39|  5252.98|  5204.59
GET      |        0|     0.00|     0.00|     0.00|      NaN|      NaN|      NaN
MULTIGET |        0|     0.00|     0.00|     0.00|      NaN|      NaN|      NaN
INVALID  |        0|     0.00|      ---|      ---|      NaN|      NaN|      ---
Average mutliget length: NaN
================================================================================
WORKER 9:
Type     |Total    |Ops/sec  |Hits/sec |Miss/Sec |Resp Time|Proc Time|Srvr Time
SET      |    16700|   185.56|   185.56|     0.00|  9288.76|  5224.35|  5173.72
GET      |        0|     0.00|     0.00|     0.00|      NaN|      NaN|      NaN
MULTIGET |        0|     0.00|     0.00|     0.00|      NaN|      NaN|      NaN
INVALID  |        0|     0.00|      ---|      ---|      NaN|      NaN|      ---
Average mutliget length: NaN
================================================================================
WORKER 10:
Type     |Total    |Ops/sec  |Hits/sec |Miss/Sec |Resp Time|Proc Time|Srvr Time
SET      |    16693|   185.48|   185.48|     0.00|  9241.11|  5226.79|  5178.13
GET      |        0|     0.00|     0.00|     0.00|      NaN|      NaN|      NaN
MULTIGET |        0|     0.00|     0.00|     0.00|      NaN|      NaN|      NaN
INVALID  |        0|     0.00|      ---|      ---|      NaN|      NaN|      ---
Average mutliget length: NaN
================================================================================
WORKER 11:
Type     |Total    |Ops/sec  |Hits/sec |Miss/Sec |Resp Time|Proc Time|Srvr Time
SET      |    16516|   183.51|   183.51|     0.00|  9279.66|  5274.11|  5222.22
GET      |        0|     0.00|     0.00|     0.00|      NaN|      NaN|      NaN
MULTIGET |        0|     0.00|     0.00|     0.00|      NaN|      NaN|      NaN
INVALID  |        0|     0.00|      ---|      ---|      NaN|      NaN|      ---
Average mutliget length: NaN
================================================================================
WORKER 12:
Type     |Total    |Ops/sec  |Hits/sec |Miss/Sec |Resp Time|Proc Time|Srvr Time
SET      |    16580|   184.22|   184.22|     0.00|  9296.38|  5257.15|  5206.51
GET      |        0|     0.00|     0.00|     0.00|      NaN|      NaN|      NaN
MULTIGET |        0|     0.00|     0.00|     0.00|      NaN|      NaN|      NaN
INVALID  |        0|     0.00|      ---|      ---|      NaN|      NaN|      ---
Average mutliget length: NaN
================================================================================
WORKER 13:
Type     |Total    |Ops/sec  |Hits/sec |Miss/Sec |Resp Time|Proc Time|Srvr Time
SET      |    16566|   184.07|   184.07|     0.00|  9255.56|  5260.33|  5213.15
GET      |        0|     0.00|     0.00|     0.00|      NaN|      NaN|      NaN
MULTIGET |        0|     0.00|     0.00|     0.00|      NaN|      NaN|      NaN
INVALID  |        0|     0.00|      ---|      ---|      NaN|      NaN|      ---
Average mutliget length: NaN
================================================================================
WORKER 14:
Type     |Total    |Ops/sec  |Hits/sec |Miss/Sec |Resp Time|Proc Time|Srvr Time
SET      |    16546|   183.84|   183.84|     0.00|  9291.59|  5267.38|  5215.52
GET      |        0|     0.00|     0.00|     0.00|      NaN|      NaN|      NaN
MULTIGET |        0|     0.00|     0.00|     0.00|      NaN|      NaN|      NaN
INVALID  |        0|     0.00|      ---|      ---|      NaN|      NaN|      ---
Average mutliget length: NaN
================================================================================
WORKER 15:
Type     |Total    |Ops/sec  |Hits/sec |Miss/Sec |Resp Time|Proc Time|Srvr Time
SET      |    16586|   184.29|   184.29|     0.00|  9284.00|  5254.35|  5202.99
GET      |        0|     0.00|     0.00|     0.00|      NaN|      NaN|      NaN
MULTIGET |        0|     0.00|     0.00|     0.00|      NaN|      NaN|      NaN
INVALID  |        0|     0.00|      ---|      ---|      NaN|      NaN|      ---
Average mutliget length: NaN
================================================================================
WORKER 16:
Type     |Total    |Ops/sec  |Hits/sec |Miss/Sec |Resp Time|Proc Time|Srvr Time
SET      |    16581|   184.23|   184.23|     0.00|  9258.00|  5257.78|  5210.61
GET      |        0|     0.00|     0.00|     0.00|      NaN|      NaN|      NaN
MULTIGET |        0|     0.00|     0.00|     0.00|      NaN|      NaN|      NaN
INVALID  |        0|     0.00|      ---|      ---|      NaN|      NaN|      ---
Average mutliget length: NaN
================================================================================
WORKER 17:
Type     |Total    |Ops/sec  |Hits/sec |Miss/Sec |Resp Time|Proc Time|Srvr Time
SET      |    16661|   185.12|   185.12|     0.00|  9277.75|  5232.82|  5190.52
GET      |        0|     0.00|     0.00|     0.00|      NaN|      NaN|      NaN
MULTIGET |        0|     0.00|     0.00|     0.00|      NaN|      NaN|      NaN
INVALID  |        0|     0.00|      ---|      ---|      NaN|      NaN|      ---
Average mutliget length: NaN
================================================================================
WORKER 18:
Type     |Total    |Ops/sec  |Hits/sec |Miss/Sec |Resp Time|Proc Time|Srvr Time
SET      |    16558|   183.98|   183.98|     0.00|  9274.10|  5260.76|  5214.02
GET      |        0|     0.00|     0.00|     0.00|      NaN|      NaN|      NaN
MULTIGET |        0|     0.00|     0.00|     0.00|      NaN|      NaN|      NaN
INVALID  |        0|     0.00|      ---|      ---|      NaN|      NaN|      ---
Average mutliget length: NaN
================================================================================
WORKER 19:
Type     |Total    |Ops/sec  |Hits/sec |Miss/Sec |Resp Time|Proc Time|Srvr Time
SET      |    16647|   184.97|   184.97|     0.00|  9274.04|  5237.55|  5189.96
GET      |        0|     0.00|     0.00|     0.00|      NaN|      NaN|      NaN
MULTIGET |        0|     0.00|     0.00|     0.00|      NaN|      NaN|      NaN
INVALID  |        0|     0.00|      ---|      ---|      NaN|      NaN|      ---
Average mutliget length: NaN
================================================================================
WORKER 20:
Type     |Total    |Ops/sec  |Hits/sec |Miss/Sec |Resp Time|Proc Time|Srvr Time
SET      |    16639|   184.88|   184.88|     0.00|  9270.47|  5240.88|  5193.74
GET      |        0|     0.00|     0.00|     0.00|      NaN|      NaN|      NaN
MULTIGET |        0|     0.00|     0.00|     0.00|      NaN|      NaN|      NaN
INVALID  |        0|     0.00|      ---|      ---|      NaN|      NaN|      ---
Average mutliget length: NaN
================================================================================
WORKER 21:
Type     |Total    |Ops/sec  |Hits/sec |Miss/Sec |Resp Time|Proc Time|Srvr Time
SET      |    16630|   184.78|   184.78|     0.00|  9272.84|  5240.03|  5196.43
GET      |        0|     0.00|     0.00|     0.00|      NaN|      NaN|      NaN
MULTIGET |        0|     0.00|     0.00|     0.00|      NaN|      NaN|      NaN
INVALID  |        0|     0.00|      ---|      ---|      NaN|      NaN|      ---
Average mutliget length: NaN
================================================================================
WORKER 22:
Type     |Total    |Ops/sec  |Hits/sec |Miss/Sec |Resp Time|Proc Time|Srvr Time
SET      |    16626|   184.73|   184.73|     0.00|  9270.23|  5245.25|  5201.78
GET      |        0|     0.00|     0.00|     0.00|      NaN|      NaN|      NaN
MULTIGET |        0|     0.00|     0.00|     0.00|      NaN|      NaN|      NaN
INVALID  |        0|     0.00|      ---|      ---|      NaN|      NaN|      ---
Average mutliget length: NaN
================================================================================
WORKER 23:
Type     |Total    |Ops/sec  |Hits/sec |Miss/Sec |Resp Time|Proc Time|Srvr Time
SET      |    16665|   185.17|   185.17|     0.00|  9256.28|  5232.48|  5183.84
GET      |        0|     0.00|     0.00|     0.00|      NaN|      NaN|      NaN
MULTIGET |        0|     0.00|     0.00|     0.00|      NaN|      NaN|      NaN
INVALID  |        0|     0.00|      ---|      ---|      NaN|      NaN|      ---
Average mutliget length: NaN
================================================================================
WORKER 24:
Type     |Total    |Ops/sec  |Hits/sec |Miss/Sec |Resp Time|Proc Time|Srvr Time
SET      |    16603|   184.48|   184.48|     0.00|  9287.08|  5250.03|  5203.58
GET      |        0|     0.00|     0.00|     0.00|      NaN|      NaN|      NaN
MULTIGET |        0|     0.00|     0.00|     0.00|      NaN|      NaN|      NaN
INVALID  |        0|     0.00|      ---|      ---|      NaN|      NaN|      ---
Average mutliget length: NaN
================================================================================
WORKER 25:
Type     |Total    |Ops/sec  |Hits/sec |Miss/Sec |Resp Time|Proc Time|Srvr Time
SET      |    16642|   184.91|   184.91|     0.00|  9268.91|  5236.97|  5190.39
GET      |        0|     0.00|     0.00|     0.00|      NaN|      NaN|      NaN
MULTIGET |        0|     0.00|     0.00|     0.00|      NaN|      NaN|      NaN
INVALID  |        0|     0.00|      ---|      ---|      NaN|      NaN|      ---
Average mutliget length: NaN
================================================================================
WORKER 26:
Type     |Total    |Ops/sec  |Hits/sec |Miss/Sec |Resp Time|Proc Time|Srvr Time
SET      |    16630|   184.78|   184.78|     0.00|  9254.34|  5241.97|  5194.30
GET      |        0|     0.00|     0.00|     0.00|      NaN|      NaN|      NaN
MULTIGET |        0|     0.00|     0.00|     0.00|      NaN|      NaN|      NaN
INVALID  |        0|     0.00|      ---|      ---|      NaN|      NaN|      ---
Average mutliget length: NaN
================================================================================
WORKER 27:
Type     |Total    |Ops/sec  |Hits/sec |Miss/Sec |Resp Time|Proc Time|Srvr Time
SET      |    16648|   184.98|   184.98|     0.00|  9287.10|  5239.99|  5188.73
GET      |        0|     0.00|     0.00|     0.00|      NaN|      NaN|      NaN
MULTIGET |        0|     0.00|     0.00|     0.00|      NaN|      NaN|      NaN
INVALID  |        0|     0.00|      ---|      ---|      NaN|      NaN|      ---
Average mutliget length: NaN
================================================================================
WORKER 28:
Type     |Total    |Ops/sec  |Hits/sec |Miss/Sec |Resp Time|Proc Time|Srvr Time
SET      |    16694|   185.49|   185.49|     0.00|  9268.28|  5223.54|  5178.89
GET      |        0|     0.00|     0.00|     0.00|      NaN|      NaN|      NaN
MULTIGET |        0|     0.00|     0.00|     0.00|      NaN|      NaN|      NaN
INVALID  |        0|     0.00|      ---|      ---|      NaN|      NaN|      ---
Average mutliget length: NaN
================================================================================
WORKER 29:
Type     |Total    |Ops/sec  |Hits/sec |Miss/Sec |Resp Time|Proc Time|Srvr Time
SET      |    16597|   184.41|   184.41|     0.00|  9270.57|  5251.72|  5205.18
GET      |        0|     0.00|     0.00|     0.00|      NaN|      NaN|      NaN
MULTIGET |        0|     0.00|     0.00|     0.00|      NaN|      NaN|      NaN
INVALID  |        0|     0.00|      ---|      ---|      NaN|      NaN|      ---
Average mutliget length: NaN
================================================================================
WORKER 30:
Type     |Total    |Ops/sec  |Hits/sec |Miss/Sec |Resp Time|Proc Time|Srvr Time
SET      |    16643|   184.92|   184.92|     0.00|  9260.66|  5236.32|  5189.28
GET      |        0|     0.00|     0.00|     0.00|      NaN|      NaN|      NaN
MULTIGET |        0|     0.00|     0.00|     0.00|      NaN|      NaN|      NaN
INVALID  |        0|     0.00|      ---|      ---|      NaN|      NaN|      ---
Average mutliget length: NaN
================================================================================
WORKER 31:
Type     |Total    |Ops/sec  |Hits/sec |Miss/Sec |Resp Time|Proc Time|Srvr Time
SET      |    16661|   185.12|   185.12|     0.00|  9273.00|  5234.96|  5190.53
GET      |        0|     0.00|     0.00|     0.00|      NaN|      NaN|      NaN
MULTIGET |        0|     0.00|     0.00|     0.00|      NaN|      NaN|      NaN
INVALID  |        0|     0.00|      ---|      ---|      NaN|      NaN|      ---
Average mutliget length: NaN
================================================================================
================================================================================

AGGREGATE FOR ALL WORKERS:
Type     |Total    |Ops/sec  |Hits/sec |Miss/Sec |Resp Time|Proc Time|Srvr Time
SET      |   531776|  5908.62|  5908.62|     0.00|  9272.52|  5246.19|  5198.65
GET      |        0|     0.00|     0.00|     0.00|      NaN|      NaN|      NaN
MULTIGET |        0|     0.00|     0.00|     0.00|      NaN|      NaN|      NaN
INVALID  |        0|     0.00|      ---|      ---|      NaN|      NaN|      ---
Average mutliget length: NaN


 HISTOGRAM
  Response time (ms)   Percent
                 0.1      0.00%
                 0.2      0.00%
                 0.3      0.00%
                 0.4      0.00%
                 0.5      0.00%
                 0.6      0.00%
                 0.7      0.00%
                 0.8      0.00%
                 0.9      0.00%
                 1.0      0.00%
                 1.1      0.00%
                 1.2      0.00%
                 1.3      0.00%
                 1.4      0.00%
                 1.5      0.00%
                 1.6      0.00%
                 1.7      0.00%
                 1.8      0.00%
                 1.9      0.00%
                 2.0      0.00%
                 2.1      0.00%
                 2.2      0.00%
                 2.3      0.01%
                 2.4      0.02%
                 2.5      0.04%
                 2.6      0.07%
                 2.7      0.11%
                 2.8      0.17%
                 2.9      0.23%
                 3.0      0.29%
                 3.1      0.36%
                 3.2      0.45%
                 3.3      0.54%
                 3.4      0.64%
                 3.5      0.76%
                 3.6      0.88%
                 3.7      1.03%
                 3.8      1.20%
                 3.9      1.37%
                 4.0      1.57%
                 4.1      1.80%
                 4.2      2.07%
                 4.3      2.37%
                 4.4      2.73%
                 4.5      3.09%
                 4.6      3.50%
                 4.7      3.95%
                 4.8      4.46%
                 4.9      5.07%
                 5.0      5.70%
                 5.1      6.43%
                 5.2      7.21%
                 5.3      8.01%
                 5.4      8.92%
                 5.5      9.85%
                 5.6     10.81%
                 5.7     11.80%
                 5.8     12.81%
                 5.9     13.87%
                 6.0     14.95%
                 6.1     16.01%
                 6.2     17.01%
                 6.3     18.02%
                 6.4     19.03%
                 6.5     19.97%
                 6.6     20.93%
                 6.7     21.88%
                 6.8     22.85%
                 6.9     23.77%
                 7.0     24.67%
                 7.1     25.57%
                 7.2     26.47%
                 7.3     27.41%
                 7.4     28.37%
                 7.5     29.34%
                 7.6     30.35%
                 7.7     31.39%
                 7.8     32.45%
                 7.9     33.54%
                 8.0     34.68%
                 8.1     35.83%
                 8.2     36.99%
                 8.3     38.20%
                 8.4     39.48%
                 8.5     40.77%
                 8.6     42.11%
                 8.7     43.44%
                 8.8     44.75%
                 8.9     46.09%
                 9.0     47.40%
                 9.1     48.74%
                 9.2     50.01%
                 9.3     51.27%
                 9.4     52.48%
                 9.5     53.68%
                 9.6     54.82%
                 9.7     55.95%
                 9.8     57.09%
                 9.9     58.21%
                10.0     59.32%
                10.1     60.34%
                10.2     61.37%
                10.3     62.47%
                10.4     63.52%
                10.5     64.58%
                10.6     65.68%
                10.7     66.76%
                10.8     67.89%
                10.9     69.03%
                11.0     70.18%
                11.1     71.36%
                11.2     72.57%
                11.3     73.76%
                11.4     75.01%
                11.5     76.20%
                11.6     77.43%
                11.7     78.68%
                11.8     79.90%
                11.9     81.10%
                12.0     82.30%
                12.1     83.43%
                12.2     84.57%
                12.3     85.69%
                12.4     86.76%
                12.5     87.75%
                12.6     88.66%
                12.7     89.51%
                12.8     90.29%
                12.9     91.01%
                13.0     91.66%
                13.1     92.26%
                13.2     92.83%
                13.3     93.32%
                13.4     93.77%
                13.5     94.17%
                13.6     94.53%
                13.7     94.85%
                13.8     95.15%
                13.9     95.43%
                14.0     95.69%
                14.1     95.93%
                14.2     96.14%
                14.3     96.35%
                14.4     96.54%
                14.5     96.71%
                14.6     96.86%
                14.7     97.00%
                14.8     97.12%
                14.9     97.24%
                15.0     97.36%
                15.1     97.46%
                15.2     97.56%
                15.3     97.65%
                15.4     97.74%
                15.5     97.82%
                15.6     97.89%
                15.7     97.97%
                15.8     98.04%
                15.9     98.11%
                16.0     98.17%
                16.1     98.24%
                16.2     98.30%
                16.3     98.36%
                16.4     98.42%
                16.5     98.47%
                16.6     98.52%
                16.7     98.57%
                16.8     98.62%
                16.9     98.67%
                17.0     98.71%
                17.1     98.75%
                17.2     98.79%
                17.3     98.84%
                17.4     98.88%
                17.5     98.92%
                17.6     98.96%
                17.7     98.99%
                17.8     99.03%
                17.9     99.06%
                18.0     99.09%
                18.1     99.12%
                18.2     99.15%
                18.3     99.18%
                18.4     99.21%
                18.5     99.25%
                18.6     99.28%
                18.7     99.31%
                18.8     99.33%
                18.9     99.36%
                19.0     99.40%
                19.1     99.42%
                19.2     99.45%
                19.3     99.47%
                19.4     99.50%
                19.5     99.52%
                19.6     99.54%
                19.7     99.56%
                19.8     99.57%
                19.9     99.59%
                20.0     99.61%
                20.1     99.63%
                20.2     99.64%
                20.3     99.66%
                20.4     99.67%
                20.5     99.69%
                20.6     99.70%
                20.7     99.71%
                20.8     99.72%
                20.9     99.73%
                21.0     99.74%
                21.1     99.75%
                21.2     99.76%
                21.3     99.77%
                21.4     99.78%
                21.5     99.79%
                21.6     99.79%
                21.7     99.80%
                21.8     99.81%
                21.9     99.81%
                22.0     99.82%
                22.1     99.82%
                22.2     99.83%
                22.3     99.83%
                22.4     99.84%
                22.5     99.84%
                22.6     99.85%
                22.7     99.85%
                22.8     99.86%
                22.9     99.86%
                23.0     99.87%
                23.1     99.87%
                23.2     99.88%
                23.3     99.88%
                23.4     99.89%
                23.5     99.89%
                23.6     99.89%
                23.7     99.90%
                23.8     99.90%
                23.9     99.91%
                24.0     99.91%
                24.1     99.91%
                24.2     99.92%
                24.3     99.92%
                24.4     99.92%
                24.5     99.92%
                24.6     99.93%
                24.7     99.93%
                24.8     99.93%
                24.9     99.93%
                25.0     99.93%
                25.1     99.94%
                25.2     99.94%
                25.3     99.94%
                25.4     99.94%
                25.5     99.94%
                25.6     99.94%
                25.7     99.94%
                25.8     99.95%
                25.9     99.95%
                26.0     99.95%
                26.1     99.95%
                26.2     99.95%
                26.3     99.95%
                26.4     99.96%
                26.5     99.96%
                26.6     99.96%
                26.7     99.96%
                26.8     99.96%
                26.9     99.96%
                27.0     99.96%
                27.1     99.96%
                27.2     99.96%
                27.3     99.96%
                27.4     99.96%
                27.5     99.97%
                27.6     99.97%
                27.7     99.97%
                27.8     99.97%
                27.9     99.97%
                28.0     99.97%
                28.1     99.97%
                28.2     99.97%
                28.3     99.97%
                28.4     99.97%
                28.5     99.97%
                28.6     99.97%
                28.7     99.97%
                28.8     99.98%
                28.9     99.98%
                29.0     99.98%
                29.1     99.98%
                29.2     99.98%
                29.3     99.98%
                29.4     99.98%
                29.5     99.98%
                29.6     99.98%
                29.7     99.98%
                29.8     99.98%
                29.9     99.98%
                30.0     99.98%
                30.1     99.98%
                30.2     99.98%
                30.3     99.98%
                30.4     99.98%
                30.5     99.98%
                30.6     99.98%
                30.7     99.98%
                30.8     99.98%
                30.9     99.99%
                31.0     99.99%
                31.1     99.99%
                31.2     99.99%
                31.3     99.99%
                31.4     99.99%
                31.5     99.99%
                31.6     99.99%
                31.7     99.99%
                31.8     99.99%
                31.9     99.99%
                32.0     99.99%
                32.1     99.99%
                32.2     99.99%
                32.3     99.99%
                32.4     99.99%
                32.5     99.99%
                32.6     99.99%
                32.7     99.99%
                32.8     99.99%
                32.9     99.99%
                33.0     99.99%
                33.1     99.99%
                33.2     99.99%
                33.3     99.99%
                33.4     99.99%
                33.5     99.99%
                33.6     99.99%
                33.7     99.99%
                33.8     99.99%
                33.9     99.99%
                34.0     99.99%
                34.1     99.99%
                34.2     99.99%
                34.3     99.99%
                34.4     99.99%
                34.5     99.99%
                34.6     99.99%
                34.7    100.00%
                34.8    100.00%
                34.9    100.00%
                35.0    100.00%
                35.1    100.00%
                35.2    100.00%
                35.3    100.00%
                35.4    100.00%
                35.5    100.00%
                35.6    100.00%
                35.7    100.00%
                35.8    100.00%
                35.9    100.00%
                36.0    100.00%
                36.1    100.00%
                36.2    100.00%
                36.3    100.00%
                36.4    100.00%
                36.5    100.00%
                36.6    100.00%
                36.7    100.00%
                36.8    100.00%

