Threads: 32, Sharded reads: false, Number of Memcached servers: 3.

All measures in microseconds.
  SETS   GETS  MGETS   INVLD    TOT   HITS     RSP T      Q T     SVR T  Q LEN
 54875      0      0       0  54875  54875   8503.58  3840.78   4622.24     24
  6643      0      0       0   6643   6643   9094.94  4319.23   4731.94     15
  6771      0      0       0   6771   6771   8262.20  3663.73   4556.05     60
  7083      0      0       0   7083   7083   8242.52  3847.89   4348.35     38
  6727      0      0       0   6727   6727   8934.74  4257.71   4644.71     38
  6578      0      0       0   6578   6578   8742.19  4024.70   4684.86     40
  6976      0      0       0   6976   6976   8350.66  3822.27   4492.97     17
  7315      0      0       0   7315   7315   7934.69  3633.62   4267.06     22
  5705      0      0       0   5705   5705  10167.68  4803.88   5327.90     33
  6469      0      0       0   6469   6469   9422.20  4434.84   4955.47     23
  6966      0      0       0   6966   6966   8310.56  3844.29   4429.19     40
  6737      0      0       0   6737   6737   8697.90  3988.11   4667.04     21
  6596      0      0       0   6596   6596   9054.54  4290.81   4730.68     18
  6906      0      0       0   6906   6906   8310.48  3735.55   4543.18     36
  6940      0      0       0   6940   6940   8424.48  3899.80   4500.88     19
  6944      0      0       0   6944   6944   8514.38  4012.95   4476.43     40
  6926      0      0       0   6926   6926   8561.31  4057.76   4475.90     37
  6684      0      0       0   6684   6684   8805.51  4107.91   4646.11     40
  7288      0      0       0   7288   7288   8076.24  3742.13   4306.96     18
  7086      0      0       0   7086   7086   8131.20  3791.71   4314.60     33
  7214      0      0       0   7214   7214   8331.03  3853.54   4452.07     21
  6877      0      0       0   6877   6877   8593.97  4003.02   4563.29      9
  6918      0      0       0   6918   6918   8573.23  4026.49   4516.47     16
  6821      0      0       0   6821   6821   8643.40  4012.29   4608.06     28
  6874      0      0       0   6874   6874   8386.19  3813.68   4550.17     35
  6922      0      0       0   6922   6922   8397.70  3844.90   4520.11     40
  6972      0      0       0   6972   6972   8459.52  3959.50   4476.75     26
  6812      0      0       0   6812   6812   8830.52  4222.60   4562.21     36
  7114      0      0       0   7114   7114   8434.93  4001.78   4404.86     28
  6311      0      0       0   6311   6311   9448.89  4465.88   4947.07     34
  7156      0      0       0   7156   7156   8167.46  3758.04   4384.95     33
  7074      0      0       0   7074   7074   8319.89  3943.28   4351.85     40
  6813      0      0       0   6813   6813   8714.37  4076.64   4601.82     39
  7082      0      0       0   7082   7082   8186.35  3760.13   4395.86     31
  6629      0      0       0   6629   6629   9050.45  4267.45   4756.34     10
  7471      0      0       0   7471   7471   7623.75  3403.46   4195.51     26
  6542      0      0       0   6542   6542   8878.84  4113.88   4727.34     25
  7118      0      0       0   7118   7118   8119.22  3669.22   4422.28     31
  7175      0      0       0   7175   7175   8316.30  3928.05   4362.36     28
  6619      0      0       0   6619   6619   8877.21  4105.69   4743.47     19
  7136      0      0       0   7136   7136   8120.36  3713.70   4372.92     26
  7521      0      0       0   7521   7521   7706.27  3500.76   4172.33     23
  7003      0      0       0   7003   7003   8287.63  3815.16   4447.32     25
  7136      0      0       0   7136   7136   8335.87  3917.81   4391.08     29
  7132      0      0       0   7132   7132   8210.84  3791.21   4382.63     21
  7495      0      0       0   7495   7495   7768.02  3563.25   4177.51     29
  7469      0      0       0   7469   7469   7645.49  3459.96   4150.10     30
  7393      0      0       0   7393   7393   7540.98  3291.58   4223.33     27
  7083      0      0       0   7083   7083   7815.80  3440.74   4312.57     20
  7405      0      0       0   7405   7405   7720.38  3466.62   4226.15     31
  7019      0      0       0   7019   7019   8291.68  3780.80   4484.97     28
  6908      0      0       0   6908   6908   8471.10  3936.08   4508.92     38
  7054      0      0       0   7054   7054   8249.84  3768.76   4447.74     37
  7183      0      0       0   7183   7183   8260.81  3856.90   4380.06     13
  6796      0      0       0   6796   6796   8972.62  4322.89   4626.39     15
  7081      0      0       0   7081   7081   8220.45  3756.99   4427.78     29
  6751      0      0       0   6751   6751   8691.50  4037.97   4619.74     10
  6584      0      0       0   6584   6584   8779.24  4186.57   4566.84     11
  6576      0      0       0   6576   6576   9057.41  4064.15   4965.95     34
  7195      0      0       0   7195   7195   8214.95  3833.20   4354.79     40
  7029      0      0       0   7029   7029   8636.04  4146.71   4463.98     28
  7201      0      0       0   7201   7201   8135.54  3770.68   4337.20     35
  7264      0      0       0   7264   7264   8021.13  3683.00   4306.95     24
  7257      0      0       0   7257   7257   8140.50  3779.46   4333.82     24
  6854      0      0       0   6854   6854   8508.29  3926.70   4556.86     30
  6940      0      0       0   6940   6940   8396.41  3864.35   4499.35     12
  7037      0      0       0   7037   7037   8133.68  3675.75   4417.09     33
  7123      0      0       0   7123   7123   8395.50  3961.85   4401.46     17
  6971      0      0       0   6971   6971   8397.66  3940.82   4434.10     30
  6509      0      0       0   6509   6509   8711.90  4071.06   4589.67     16
  7142      0      0       0   7142   7142   8478.95  3928.53   4524.75     40
  7058      0      0       0   7058   7058   8392.71  3919.80   4441.55     23
  7067      0      0       0   7067   7067   8542.36  4086.69   4424.29      8
  7205      0      0       0   7205   7205   8225.37  3858.79   4338.40      5
  6871      0      0       0   6871   6871   8651.85  4116.23   4507.99      6
  6616      0      0       0   6616   6616   8913.27  4162.79   4713.17     23
  6925      0      0       0   6925   6925   8307.52  3788.31   4489.43     14
  7110      0      0       0   7110   7110   8045.02  3646.47   4339.14     40
  6811      0      0       0   6811   6811   8634.20  4037.66   4565.99     25
  6809      0      0       0   6809   6809   8545.66  3951.73   4567.42      8
  7044      0      0       0   7044   7044   8375.51  3899.57   4441.96     13
  6529      0      0       0   6529   6529   6677.72  2591.82   4056.28      0
   165      0      0       0    165    165   3345.09    92.48   3233.95      0
     0      0      0       0      0      0       NaN      NaN       NaN      0
     0      0      0       0      0      0       NaN      NaN       NaN      0
     0      0      0       0      0      0       NaN      NaN       NaN      0
     0      0      0       0      0      0       NaN      NaN       NaN      0
================================================================================
ALL STATS (timing measures are in microseconds)
WORKER 0:
Type     |Total    |Ops/sec  |Hits/sec |Miss/Sec |Resp Time|Proc Time|Srvr Time
SET      |    19485|   214.12|   214.12|     0.00|  8419.65|  4488.81|  4458.10
GET      |        0|     0.00|     0.00|     0.00|      NaN|      NaN|      NaN
MULTIGET |        0|     0.00|     0.00|     0.00|      NaN|      NaN|      NaN
INVALID  |        0|     0.00|      ---|      ---|      NaN|      NaN|      ---
Average mutliget length: NaN
================================================================================
WORKER 1:
Type     |Total    |Ops/sec  |Hits/sec |Miss/Sec |Resp Time|Proc Time|Srvr Time
SET      |    19309|   212.19|   212.19|     0.00|  8433.64|  4527.37|  4499.69
GET      |        0|     0.00|     0.00|     0.00|      NaN|      NaN|      NaN
MULTIGET |        0|     0.00|     0.00|     0.00|      NaN|      NaN|      NaN
INVALID  |        0|     0.00|      ---|      ---|      NaN|      NaN|      ---
Average mutliget length: NaN
================================================================================
WORKER 2:
Type     |Total    |Ops/sec  |Hits/sec |Miss/Sec |Resp Time|Proc Time|Srvr Time
SET      |    19391|   213.09|   213.09|     0.00|  8431.84|  4512.93|  4481.93
GET      |        0|     0.00|     0.00|     0.00|      NaN|      NaN|      NaN
MULTIGET |        0|     0.00|     0.00|     0.00|      NaN|      NaN|      NaN
INVALID  |        0|     0.00|      ---|      ---|      NaN|      NaN|      ---
Average mutliget length: NaN
================================================================================
WORKER 3:
Type     |Total    |Ops/sec  |Hits/sec |Miss/Sec |Resp Time|Proc Time|Srvr Time
SET      |    19283|   211.90|   211.90|     0.00|  8352.84|  4533.50|  4498.52
GET      |        0|     0.00|     0.00|     0.00|      NaN|      NaN|      NaN
MULTIGET |        0|     0.00|     0.00|     0.00|      NaN|      NaN|      NaN
INVALID  |        0|     0.00|      ---|      ---|      NaN|      NaN|      ---
Average mutliget length: NaN
================================================================================
WORKER 4:
Type     |Total    |Ops/sec  |Hits/sec |Miss/Sec |Resp Time|Proc Time|Srvr Time
SET      |    19451|   213.75|   213.75|     0.00|  8468.29|  4494.26|  4462.41
GET      |        0|     0.00|     0.00|     0.00|      NaN|      NaN|      NaN
MULTIGET |        0|     0.00|     0.00|     0.00|      NaN|      NaN|      NaN
INVALID  |        0|     0.00|      ---|      ---|      NaN|      NaN|      ---
Average mutliget length: NaN
================================================================================
WORKER 5:
Type     |Total    |Ops/sec  |Hits/sec |Miss/Sec |Resp Time|Proc Time|Srvr Time
SET      |    19301|   212.10|   212.10|     0.00|  8378.33|  4527.68|  4492.62
GET      |        0|     0.00|     0.00|     0.00|      NaN|      NaN|      NaN
MULTIGET |        0|     0.00|     0.00|     0.00|      NaN|      NaN|      NaN
INVALID  |        0|     0.00|      ---|      ---|      NaN|      NaN|      ---
Average mutliget length: NaN
================================================================================
WORKER 6:
Type     |Total    |Ops/sec  |Hits/sec |Miss/Sec |Resp Time|Proc Time|Srvr Time
SET      |    19151|   210.45|   210.45|     0.00|  8442.85|  4567.44|  4533.73
GET      |        0|     0.00|     0.00|     0.00|      NaN|      NaN|      NaN
MULTIGET |        0|     0.00|     0.00|     0.00|      NaN|      NaN|      NaN
INVALID  |        0|     0.00|      ---|      ---|      NaN|      NaN|      ---
Average mutliget length: NaN
================================================================================
WORKER 7:
Type     |Total    |Ops/sec  |Hits/sec |Miss/Sec |Resp Time|Proc Time|Srvr Time
SET      |    19190|   210.88|   210.88|     0.00|  8386.39|  4558.67|  4525.08
GET      |        0|     0.00|     0.00|     0.00|      NaN|      NaN|      NaN
MULTIGET |        0|     0.00|     0.00|     0.00|      NaN|      NaN|      NaN
INVALID  |        0|     0.00|      ---|      ---|      NaN|      NaN|      ---
Average mutliget length: NaN
================================================================================
WORKER 8:
Type     |Total    |Ops/sec  |Hits/sec |Miss/Sec |Resp Time|Proc Time|Srvr Time
SET      |    19420|   213.41|   213.41|     0.00|  8418.89|  4504.90|  4476.14
GET      |        0|     0.00|     0.00|     0.00|      NaN|      NaN|      NaN
MULTIGET |        0|     0.00|     0.00|     0.00|      NaN|      NaN|      NaN
INVALID  |        0|     0.00|      ---|      ---|      NaN|      NaN|      ---
Average mutliget length: NaN
================================================================================
WORKER 9:
Type     |Total    |Ops/sec  |Hits/sec |Miss/Sec |Resp Time|Proc Time|Srvr Time
SET      |    19185|   210.82|   210.82|     0.00|  8404.99|  4555.14|  4519.78
GET      |        0|     0.00|     0.00|     0.00|      NaN|      NaN|      NaN
MULTIGET |        0|     0.00|     0.00|     0.00|      NaN|      NaN|      NaN
INVALID  |        0|     0.00|      ---|      ---|      NaN|      NaN|      ---
Average mutliget length: NaN
================================================================================
WORKER 10:
Type     |Total    |Ops/sec  |Hits/sec |Miss/Sec |Resp Time|Proc Time|Srvr Time
SET      |    19176|   210.73|   210.73|     0.00|  8420.99|  4561.60|  4526.86
GET      |        0|     0.00|     0.00|     0.00|      NaN|      NaN|      NaN
MULTIGET |        0|     0.00|     0.00|     0.00|      NaN|      NaN|      NaN
INVALID  |        0|     0.00|      ---|      ---|      NaN|      NaN|      ---
Average mutliget length: NaN
================================================================================
WORKER 11:
Type     |Total    |Ops/sec  |Hits/sec |Miss/Sec |Resp Time|Proc Time|Srvr Time
SET      |    19395|   213.13|   213.13|     0.00|  8427.23|  4510.28|  4480.99
GET      |        0|     0.00|     0.00|     0.00|      NaN|      NaN|      NaN
MULTIGET |        0|     0.00|     0.00|     0.00|      NaN|      NaN|      NaN
INVALID  |        0|     0.00|      ---|      ---|      NaN|      NaN|      ---
Average mutliget length: NaN
================================================================================
WORKER 12:
Type     |Total    |Ops/sec  |Hits/sec |Miss/Sec |Resp Time|Proc Time|Srvr Time
SET      |    19359|   212.74|   212.74|     0.00|  8425.31|  4514.92|  4484.62
GET      |        0|     0.00|     0.00|     0.00|      NaN|      NaN|      NaN
MULTIGET |        0|     0.00|     0.00|     0.00|      NaN|      NaN|      NaN
INVALID  |        0|     0.00|      ---|      ---|      NaN|      NaN|      ---
Average mutliget length: NaN
================================================================================
WORKER 13:
Type     |Total    |Ops/sec  |Hits/sec |Miss/Sec |Resp Time|Proc Time|Srvr Time
SET      |    19190|   210.88|   210.88|     0.00|  8388.90|  4557.75|  4522.66
GET      |        0|     0.00|     0.00|     0.00|      NaN|      NaN|      NaN
MULTIGET |        0|     0.00|     0.00|     0.00|      NaN|      NaN|      NaN
INVALID  |        0|     0.00|      ---|      ---|      NaN|      NaN|      ---
Average mutliget length: NaN
================================================================================
WORKER 14:
Type     |Total    |Ops/sec  |Hits/sec |Miss/Sec |Resp Time|Proc Time|Srvr Time
SET      |    19360|   212.75|   212.75|     0.00|  8407.96|  4516.26|  4483.87
GET      |        0|     0.00|     0.00|     0.00|      NaN|      NaN|      NaN
MULTIGET |        0|     0.00|     0.00|     0.00|      NaN|      NaN|      NaN
INVALID  |        0|     0.00|      ---|      ---|      NaN|      NaN|      ---
Average mutliget length: NaN
================================================================================
WORKER 15:
Type     |Total    |Ops/sec  |Hits/sec |Miss/Sec |Resp Time|Proc Time|Srvr Time
SET      |    19332|   212.44|   212.44|     0.00|  8382.70|  4520.57|  4488.06
GET      |        0|     0.00|     0.00|     0.00|      NaN|      NaN|      NaN
MULTIGET |        0|     0.00|     0.00|     0.00|      NaN|      NaN|      NaN
INVALID  |        0|     0.00|      ---|      ---|      NaN|      NaN|      ---
Average mutliget length: NaN
================================================================================
WORKER 16:
Type     |Total    |Ops/sec  |Hits/sec |Miss/Sec |Resp Time|Proc Time|Srvr Time
SET      |    19547|   214.80|   214.80|     0.00|  8425.50|  4477.91|  4451.99
GET      |        0|     0.00|     0.00|     0.00|      NaN|      NaN|      NaN
MULTIGET |        0|     0.00|     0.00|     0.00|      NaN|      NaN|      NaN
INVALID  |        0|     0.00|      ---|      ---|      NaN|      NaN|      ---
Average mutliget length: NaN
================================================================================
WORKER 17:
Type     |Total    |Ops/sec  |Hits/sec |Miss/Sec |Resp Time|Proc Time|Srvr Time
SET      |    19307|   212.16|   212.16|     0.00|  8420.96|  4525.30|  4487.76
GET      |        0|     0.00|     0.00|     0.00|      NaN|      NaN|      NaN
MULTIGET |        0|     0.00|     0.00|     0.00|      NaN|      NaN|      NaN
INVALID  |        0|     0.00|      ---|      ---|      NaN|      NaN|      ---
Average mutliget length: NaN
================================================================================
WORKER 18:
Type     |Total    |Ops/sec  |Hits/sec |Miss/Sec |Resp Time|Proc Time|Srvr Time
SET      |    19287|   211.95|   211.95|     0.00|  8417.18|  4534.75|  4500.67
GET      |        0|     0.00|     0.00|     0.00|      NaN|      NaN|      NaN
MULTIGET |        0|     0.00|     0.00|     0.00|      NaN|      NaN|      NaN
INVALID  |        0|     0.00|      ---|      ---|      NaN|      NaN|      ---
Average mutliget length: NaN
================================================================================
WORKER 19:
Type     |Total    |Ops/sec  |Hits/sec |Miss/Sec |Resp Time|Proc Time|Srvr Time
SET      |    19295|   212.03|   212.03|     0.00|  8392.00|  4531.39|  4498.77
GET      |        0|     0.00|     0.00|     0.00|      NaN|      NaN|      NaN
MULTIGET |        0|     0.00|     0.00|     0.00|      NaN|      NaN|      NaN
INVALID  |        0|     0.00|      ---|      ---|      NaN|      NaN|      ---
Average mutliget length: NaN
================================================================================
WORKER 20:
Type     |Total    |Ops/sec  |Hits/sec |Miss/Sec |Resp Time|Proc Time|Srvr Time
SET      |    19263|   211.68|   211.68|     0.00|  8392.41|  4538.30|  4505.57
GET      |        0|     0.00|     0.00|     0.00|      NaN|      NaN|      NaN
MULTIGET |        0|     0.00|     0.00|     0.00|      NaN|      NaN|      NaN
INVALID  |        0|     0.00|      ---|      ---|      NaN|      NaN|      ---
Average mutliget length: NaN
================================================================================
WORKER 21:
Type     |Total    |Ops/sec  |Hits/sec |Miss/Sec |Resp Time|Proc Time|Srvr Time
SET      |    19298|   212.07|   212.07|     0.00|  8397.67|  4532.91|  4503.65
GET      |        0|     0.00|     0.00|     0.00|      NaN|      NaN|      NaN
MULTIGET |        0|     0.00|     0.00|     0.00|      NaN|      NaN|      NaN
INVALID  |        0|     0.00|      ---|      ---|      NaN|      NaN|      ---
Average mutliget length: NaN
================================================================================
WORKER 22:
Type     |Total    |Ops/sec  |Hits/sec |Miss/Sec |Resp Time|Proc Time|Srvr Time
SET      |    19468|   213.93|   213.93|     0.00|  8422.42|  4489.80|  4459.49
GET      |        0|     0.00|     0.00|     0.00|      NaN|      NaN|      NaN
MULTIGET |        0|     0.00|     0.00|     0.00|      NaN|      NaN|      NaN
INVALID  |        0|     0.00|      ---|      ---|      NaN|      NaN|      ---
Average mutliget length: NaN
================================================================================
WORKER 23:
Type     |Total    |Ops/sec  |Hits/sec |Miss/Sec |Resp Time|Proc Time|Srvr Time
SET      |    19323|   212.34|   212.34|     0.00|  8414.81|  4524.43|  4488.61
GET      |        0|     0.00|     0.00|     0.00|      NaN|      NaN|      NaN
MULTIGET |        0|     0.00|     0.00|     0.00|      NaN|      NaN|      NaN
INVALID  |        0|     0.00|      ---|      ---|      NaN|      NaN|      ---
Average mutliget length: NaN
================================================================================
WORKER 24:
Type     |Total    |Ops/sec  |Hits/sec |Miss/Sec |Resp Time|Proc Time|Srvr Time
SET      |    19224|   211.25|   211.25|     0.00|  8421.47|  4550.18|  4521.01
GET      |        0|     0.00|     0.00|     0.00|      NaN|      NaN|      NaN
MULTIGET |        0|     0.00|     0.00|     0.00|      NaN|      NaN|      NaN
INVALID  |        0|     0.00|      ---|      ---|      NaN|      NaN|      ---
Average mutliget length: NaN
================================================================================
WORKER 25:
Type     |Total    |Ops/sec  |Hits/sec |Miss/Sec |Resp Time|Proc Time|Srvr Time
SET      |    19306|   212.15|   212.15|     0.00|  8360.21|  4530.47|  4498.80
GET      |        0|     0.00|     0.00|     0.00|      NaN|      NaN|      NaN
MULTIGET |        0|     0.00|     0.00|     0.00|      NaN|      NaN|      NaN
INVALID  |        0|     0.00|      ---|      ---|      NaN|      NaN|      ---
Average mutliget length: NaN
================================================================================
WORKER 26:
Type     |Total    |Ops/sec  |Hits/sec |Miss/Sec |Resp Time|Proc Time|Srvr Time
SET      |    19255|   211.59|   211.59|     0.00|  8376.51|  4541.13|  4508.83
GET      |        0|     0.00|     0.00|     0.00|      NaN|      NaN|      NaN
MULTIGET |        0|     0.00|     0.00|     0.00|      NaN|      NaN|      NaN
INVALID  |        0|     0.00|      ---|      ---|      NaN|      NaN|      ---
Average mutliget length: NaN
================================================================================
WORKER 27:
Type     |Total    |Ops/sec  |Hits/sec |Miss/Sec |Resp Time|Proc Time|Srvr Time
SET      |    19225|   211.26|   211.26|     0.00|  8432.43|  4549.45|  4515.63
GET      |        0|     0.00|     0.00|     0.00|      NaN|      NaN|      NaN
MULTIGET |        0|     0.00|     0.00|     0.00|      NaN|      NaN|      NaN
INVALID  |        0|     0.00|      ---|      ---|      NaN|      NaN|      ---
Average mutliget length: NaN
================================================================================
WORKER 28:
Type     |Total    |Ops/sec  |Hits/sec |Miss/Sec |Resp Time|Proc Time|Srvr Time
SET      |    19424|   213.45|   213.45|     0.00|  8445.56|  4501.95|  4469.39
GET      |        0|     0.00|     0.00|     0.00|      NaN|      NaN|      NaN
MULTIGET |        0|     0.00|     0.00|     0.00|      NaN|      NaN|      NaN
INVALID  |        0|     0.00|      ---|      ---|      NaN|      NaN|      ---
Average mutliget length: NaN
================================================================================
WORKER 29:
Type     |Total    |Ops/sec  |Hits/sec |Miss/Sec |Resp Time|Proc Time|Srvr Time
SET      |    19420|   213.41|   213.41|     0.00|  8458.76|  4503.55|  4472.63
GET      |        0|     0.00|     0.00|     0.00|      NaN|      NaN|      NaN
MULTIGET |        0|     0.00|     0.00|     0.00|      NaN|      NaN|      NaN
INVALID  |        0|     0.00|      ---|      ---|      NaN|      NaN|      ---
Average mutliget length: NaN
================================================================================
WORKER 30:
Type     |Total    |Ops/sec  |Hits/sec |Miss/Sec |Resp Time|Proc Time|Srvr Time
SET      |    19236|   211.38|   211.38|     0.00|  8409.88|  4545.66|  4508.87
GET      |        0|     0.00|     0.00|     0.00|      NaN|      NaN|      NaN
MULTIGET |        0|     0.00|     0.00|     0.00|      NaN|      NaN|      NaN
INVALID  |        0|     0.00|      ---|      ---|      NaN|      NaN|      ---
Average mutliget length: NaN
================================================================================
WORKER 31:
Type     |Total    |Ops/sec  |Hits/sec |Miss/Sec |Resp Time|Proc Time|Srvr Time
SET      |    19330|   212.42|   212.42|     0.00|  8413.95|  4524.00|  4489.97
GET      |        0|     0.00|     0.00|     0.00|      NaN|      NaN|      NaN
MULTIGET |        0|     0.00|     0.00|     0.00|      NaN|      NaN|      NaN
INVALID  |        0|     0.00|      ---|      ---|      NaN|      NaN|      ---
Average mutliget length: NaN
================================================================================
================================================================================

AGGREGATE FOR ALL WORKERS:
Type     |Total    |Ops/sec  |Hits/sec |Miss/Sec |Resp Time|Proc Time|Srvr Time
SET      |   618186|  6793.25|  6793.25|     0.00|  8412.32|  4526.55|  4494.17
GET      |        0|     0.00|     0.00|     0.00|      NaN|      NaN|      NaN
MULTIGET |        0|     0.00|     0.00|     0.00|      NaN|      NaN|      NaN
INVALID  |        0|     0.00|      ---|      ---|      NaN|      NaN|      ---
Average mutliget length: NaN


 HISTOGRAM
  Response time (ms)   Percent
                 0.1      0.00%
                 0.2      0.00%
                 0.3      0.00%
                 0.4      0.00%
                 0.5      0.00%
                 0.6      0.00%
                 0.7      0.00%
                 0.8      0.00%
                 0.9      0.00%
                 1.0      0.00%
                 1.1      0.00%
                 1.2      0.00%
                 1.3      0.00%
                 1.4      0.00%
                 1.5      0.00%
                 1.6      0.00%
                 1.7      0.00%
                 1.8      0.00%
                 1.9      0.02%
                 2.0      0.09%
                 2.1      0.16%
                 2.2      0.27%
                 2.3      0.39%
                 2.4      0.53%
                 2.5      0.68%
                 2.6      0.86%
                 2.7      1.06%
                 2.8      1.30%
                 2.9      1.60%
                 3.0      1.95%
                 3.1      2.38%
                 3.2      2.85%
                 3.3      3.38%
                 3.4      3.96%
                 3.5      4.62%
                 3.6      5.44%
                 3.7      6.39%
                 3.8      7.54%
                 3.9      8.86%
                 4.0     10.37%
                 4.1     11.91%
                 4.2     13.44%
                 4.3     14.98%
                 4.4     16.40%
                 4.5     17.71%
                 4.6     18.90%
                 4.7     19.92%
                 4.8     20.80%
                 4.9     21.58%
                 5.0     22.29%
                 5.1     22.90%
                 5.2     23.46%
                 5.3     23.99%
                 5.4     24.50%
                 5.5     24.96%
                 5.6     25.40%
                 5.7     25.82%
                 5.8     26.22%
                 5.9     26.62%
                 6.0     27.01%
                 6.1     27.43%
                 6.2     27.84%
                 6.3     28.23%
                 6.4     28.63%
                 6.5     29.04%
                 6.6     29.46%
                 6.7     29.90%
                 6.8     30.39%
                 6.9     30.85%
                 7.0     31.38%
                 7.1     31.94%
                 7.2     32.56%
                 7.3     33.19%
                 7.4     33.84%
                 7.5     34.51%
                 7.6     35.27%
                 7.7     36.09%
                 7.8     36.97%
                 7.9     37.94%
                 8.0     38.97%
                 8.1     40.14%
                 8.2     41.38%
                 8.3     42.74%
                 8.4     44.07%
                 8.5     45.47%
                 8.6     46.92%
                 8.7     48.40%
                 8.8     49.98%
                 8.9     51.50%
                 9.0     53.10%
                 9.1     54.74%
                 9.2     56.45%
                 9.3     58.18%
                 9.4     59.92%
                 9.5     61.64%
                 9.6     63.40%
                 9.7     65.16%
                 9.8     66.92%
                 9.9     68.62%
                10.0     70.27%
                10.1     71.91%
                10.2     73.48%
                10.3     75.11%
                10.4     76.64%
                10.5     78.10%
                10.6     79.53%
                10.7     80.88%
                10.8     82.19%
                10.9     83.40%
                11.0     84.57%
                11.1     85.66%
                11.2     86.66%
                11.3     87.56%
                11.4     88.40%
                11.5     89.09%
                11.6     89.75%
                11.7     90.37%
                11.8     90.91%
                11.9     91.41%
                12.0     91.87%
                12.1     92.29%
                12.2     92.70%
                12.3     93.07%
                12.4     93.42%
                12.5     93.76%
                12.6     94.10%
                12.7     94.40%
                12.8     94.69%
                12.9     94.94%
                13.0     95.23%
                13.1     95.47%
                13.2     95.73%
                13.3     95.97%
                13.4     96.16%
                13.5     96.35%
                13.6     96.53%
                13.7     96.70%
                13.8     96.86%
                13.9     97.01%
                14.0     97.15%
                14.1     97.29%
                14.2     97.42%
                14.3     97.54%
                14.4     97.67%
                14.5     97.77%
                14.6     97.86%
                14.7     97.95%
                14.8     98.04%
                14.9     98.11%
                15.0     98.19%
                15.1     98.25%
                15.2     98.32%
                15.3     98.39%
                15.4     98.45%
                15.5     98.50%
                15.6     98.56%
                15.7     98.60%
                15.8     98.64%
                15.9     98.68%
                16.0     98.72%
                16.1     98.75%
                16.2     98.79%
                16.3     98.83%
                16.4     98.86%
                16.5     98.89%
                16.6     98.93%
                16.7     98.96%
                16.8     98.99%
                16.9     99.01%
                17.0     99.03%
                17.1     99.05%
                17.2     99.07%
                17.3     99.10%
                17.4     99.12%
                17.5     99.14%
                17.6     99.16%
                17.7     99.18%
                17.8     99.20%
                17.9     99.22%
                18.0     99.23%
                18.1     99.25%
                18.2     99.26%
                18.3     99.28%
                18.4     99.29%
                18.5     99.31%
                18.6     99.32%
                18.7     99.33%
                18.8     99.34%
                18.9     99.36%
                19.0     99.38%
                19.1     99.39%
                19.2     99.41%
                19.3     99.42%
                19.4     99.44%
                19.5     99.45%
                19.6     99.46%
                19.7     99.46%
                19.8     99.47%
                19.9     99.48%
                20.0     99.48%
                20.1     99.49%
                20.2     99.50%
                20.3     99.50%
                20.4     99.51%
                20.5     99.51%
                20.6     99.53%
                20.7     99.53%
                20.8     99.54%
                20.9     99.55%
                21.0     99.56%
                21.1     99.56%
                21.2     99.57%
                21.3     99.58%
                21.4     99.58%
                21.5     99.59%
                21.6     99.59%
                21.7     99.60%
                21.8     99.60%
                21.9     99.61%
                22.0     99.61%
                22.1     99.61%
                22.2     99.62%
                22.3     99.62%
                22.4     99.62%
                22.5     99.63%
                22.6     99.63%
                22.7     99.63%
                22.8     99.64%
                22.9     99.64%
                23.0     99.64%
                23.1     99.65%
                23.2     99.65%
                23.3     99.65%
                23.4     99.66%
                23.5     99.66%
                23.6     99.66%
                23.7     99.66%
                23.8     99.66%
                23.9     99.67%
                24.0     99.67%
                24.1     99.67%
                24.2     99.67%
                24.3     99.67%
                24.4     99.67%
                24.5     99.68%
                24.6     99.68%
                24.7     99.68%
                24.8     99.68%
                24.9     99.68%
                25.0     99.69%
                25.1     99.69%
                25.2     99.69%
                25.3     99.69%
                25.4     99.69%
                25.5     99.70%
                25.6     99.70%
                25.7     99.70%
                25.8     99.70%
                25.9     99.70%
                26.0     99.71%
                26.1     99.71%
                26.2     99.71%
                26.3     99.72%
                26.4     99.72%
                26.5     99.72%
                26.6     99.72%
                26.7     99.72%
                26.8     99.72%
                26.9     99.72%
                27.0     99.73%
                27.1     99.73%
                27.2     99.73%
                27.3     99.73%
                27.4     99.74%
                27.5     99.74%
                27.6     99.74%
                27.7     99.75%
                27.8     99.76%
                27.9     99.76%
                28.0     99.76%
                28.1     99.76%
                28.2     99.77%
                28.3     99.77%
                28.4     99.77%
                28.5     99.78%
                28.6     99.78%
                28.7     99.79%
                28.8     99.79%
                28.9     99.80%
                29.0     99.80%
                29.1     99.80%
                29.2     99.80%
                29.3     99.81%
                29.4     99.81%
                29.5     99.81%
                29.6     99.81%
                29.7     99.81%
                29.8     99.81%
                29.9     99.81%
                30.0     99.81%
                30.1     99.81%
                30.2     99.81%
                30.3     99.81%
                30.4     99.81%
                30.5     99.81%
                30.6     99.81%
                30.7     99.81%
                30.8     99.82%
                30.9     99.82%
                31.0     99.82%
                31.1     99.82%
                31.2     99.82%
                31.3     99.82%
                31.4     99.82%
                31.5     99.82%
                31.6     99.82%
                31.7     99.82%
                31.8     99.82%
                31.9     99.82%
                32.0     99.82%
                32.1     99.82%
                32.2     99.82%
                32.3     99.82%
                32.4     99.82%
                32.5     99.82%
                32.6     99.83%
                32.7     99.83%
                32.8     99.83%
                32.9     99.83%
                33.0     99.83%
                33.1     99.83%
                33.2     99.83%
                33.3     99.83%
                33.4     99.83%
                33.5     99.83%
                33.6     99.83%
                33.7     99.83%
                33.8     99.83%
                33.9     99.83%
                34.0     99.83%
                34.1     99.83%
                34.2     99.83%
                34.3     99.83%
                34.4     99.83%
                34.5     99.83%
                34.6     99.84%
                34.7     99.84%
                34.8     99.84%
                34.9     99.84%
                35.0     99.84%
                35.1     99.84%
                35.2     99.84%
                35.3     99.84%
                35.4     99.84%
                35.5     99.84%
                35.6     99.84%
                35.7     99.84%
                35.8     99.84%
                35.9     99.84%
                36.0     99.84%
                36.1     99.84%
                36.2     99.85%
                36.3     99.85%
                36.4     99.85%
                36.5     99.85%
                36.6     99.85%
                36.7     99.85%
                36.8     99.85%
                36.9     99.85%
                37.0     99.86%
                37.1     99.86%
                37.2     99.86%
                37.3     99.86%
                37.4     99.86%
                37.5     99.86%
                37.6     99.86%
                37.7     99.86%
                37.8     99.87%
                37.9     99.87%
                38.0     99.87%
                38.1     99.87%
                38.2     99.87%
                38.3     99.87%
                38.4     99.87%
                38.5     99.87%
                38.6     99.87%
                38.7     99.88%
                38.8     99.88%
                38.9     99.88%
                39.0     99.88%
                39.1     99.88%
                39.2     99.88%
                39.3     99.88%
                39.4     99.88%
                39.5     99.88%
                39.6     99.88%
                39.7     99.88%
                39.8     99.88%
                39.9     99.88%
                40.0     99.89%
                40.1     99.89%
                40.2     99.89%
                40.3     99.89%
                40.4     99.89%
                40.5     99.89%
                40.6     99.89%
                40.7     99.89%
                40.8     99.89%
                40.9     99.89%
                41.0     99.89%
                41.1     99.89%
                41.2     99.89%
                41.3     99.89%
                41.4     99.89%
                41.5     99.89%
                41.6     99.89%
                41.7     99.89%
                41.8     99.89%
                41.9     99.89%
                42.0     99.89%
                42.1     99.89%
                42.2     99.89%
                42.3     99.89%
                42.4     99.89%
                42.5     99.89%
                42.6     99.89%
                42.7     99.89%
                42.8     99.89%
                42.9     99.89%
                43.0     99.89%
                43.1     99.89%
                43.2     99.89%
                43.3     99.89%
                43.4     99.89%
                43.5     99.89%
                43.6     99.89%
                43.7     99.89%
                43.8     99.89%
                43.9     99.89%
                44.0     99.89%
                44.1     99.89%
                44.2     99.89%
                44.3     99.89%
                44.4     99.89%
                44.5     99.89%
                44.6     99.89%
                44.7     99.89%
                44.8     99.89%
                44.9     99.89%
                45.0     99.89%
                45.1     99.89%
                45.2     99.89%
                45.3     99.90%
                45.4     99.90%
                45.5     99.90%
                45.6     99.90%
                45.7     99.90%
                45.8     99.90%
                45.9     99.90%
                46.0     99.90%
                46.1     99.90%
                46.2     99.90%
                46.3     99.90%
                46.4     99.90%
                46.5     99.90%
                46.6     99.90%
                46.7     99.90%
                46.8     99.90%
                46.9     99.90%
                47.0     99.91%
                47.1     99.91%
                47.2     99.91%
                47.3     99.91%
                47.4     99.91%
                47.5     99.91%
                47.6     99.91%
                47.7     99.91%
                47.8     99.91%
                47.9     99.91%
                48.0     99.91%
                48.1     99.91%
                48.2     99.92%
                48.3     99.92%
                48.4     99.92%
                48.5     99.92%
                48.6     99.92%
                48.7     99.92%
                48.8     99.92%
                48.9     99.92%
                49.0     99.92%
                49.1     99.92%
                49.2     99.92%
                49.3     99.92%
                49.4     99.92%
                49.5     99.92%
                49.6     99.92%
                49.7     99.92%
                49.8     99.92%
                49.9     99.92%
                50.0     99.92%
                50.1     99.92%
                50.2     99.92%
                50.3     99.92%
                50.4     99.92%
                50.5     99.92%
                50.6     99.92%
                50.7     99.92%
                50.8     99.92%
                50.9     99.92%
                51.0     99.92%
                51.1     99.92%
                51.2     99.92%
                51.3     99.92%
                51.4     99.92%
                51.5     99.92%
                51.6     99.92%
                51.7     99.92%
                51.8     99.92%
                51.9     99.92%
                52.0     99.92%
                52.1     99.92%
                52.2     99.92%
                52.3     99.92%
                52.4     99.92%
                52.5     99.92%
                52.6     99.92%
                52.7     99.92%
                52.8     99.92%
                52.9     99.92%
                53.0     99.92%
                53.1     99.92%
                53.2     99.92%
                53.3     99.93%
                53.4     99.93%
                53.5     99.93%
                53.6     99.93%
                53.7     99.93%
                53.8     99.93%
                53.9     99.93%
                54.0     99.93%
                54.1     99.93%
                54.2     99.93%
                54.3     99.93%
                54.4     99.93%
                54.5     99.93%
                54.6     99.93%
                54.7     99.93%
                54.8     99.93%
                54.9     99.93%
                55.0     99.93%
                55.1     99.93%
                55.2     99.93%
                55.3     99.93%
                55.4     99.93%
                55.5     99.93%
                55.6     99.93%
                55.7     99.93%
                55.8     99.93%
                55.9     99.93%
                56.0     99.93%
                56.1     99.93%
                56.2     99.93%
                56.3     99.93%
                56.4     99.93%
                56.5     99.93%
                56.6     99.93%
                56.7     99.93%
                56.8     99.93%
                56.9     99.93%
                57.0     99.93%
                57.1     99.93%
                57.2     99.93%
                57.3     99.93%
                57.4     99.93%
                57.5     99.93%
                57.6     99.93%
                57.7     99.93%
                57.8     99.93%
                57.9     99.93%
                58.0     99.93%
                58.1     99.93%
                58.2     99.93%
                58.3     99.93%
                58.4     99.93%
                58.5     99.93%
                58.6     99.93%
                58.7     99.93%
                58.8     99.93%
                58.9     99.93%
                59.0     99.93%
                59.1     99.93%
                59.2     99.93%
                59.3     99.93%
                59.4     99.93%
                59.5     99.93%
                59.6     99.93%
                59.7     99.93%
                59.8     99.93%
                59.9     99.93%
                60.0     99.93%
                60.1     99.93%
                60.2     99.93%
                60.3     99.93%
                60.4     99.93%
                60.5     99.93%
                60.6     99.93%
                60.7     99.93%
                60.8     99.93%
                60.9     99.93%
                61.0     99.93%
                61.1     99.93%
                61.2     99.93%
                61.3     99.93%
                61.4     99.94%
                61.5     99.94%
                61.6     99.94%
                61.7     99.94%
                61.8     99.94%
                61.9     99.94%
                62.0     99.94%
                62.1     99.94%
                62.2     99.94%
                62.3     99.94%
                62.4     99.94%
                62.5     99.94%
                62.6     99.94%
                62.7     99.94%
                62.8     99.94%
                62.9     99.94%
                63.0     99.94%
                63.1     99.94%
                63.2     99.94%
                63.3     99.95%
                63.4     99.95%
                63.5     99.95%
                63.6     99.95%
                63.7     99.95%
                63.8     99.95%
                63.9     99.95%
                64.0     99.95%
                64.1     99.95%
                64.2     99.95%
                64.3     99.95%
                64.4     99.95%
                64.5     99.95%
                64.6     99.95%
                64.7     99.95%
                64.8     99.95%
                64.9     99.95%
                65.0     99.95%
                65.1     99.95%
                65.2     99.95%
                65.3     99.95%
                65.4     99.95%
                65.5     99.95%
                65.6     99.95%
                65.7     99.95%
                65.8     99.95%
                65.9     99.95%
                66.0     99.95%
                66.1     99.96%
                66.2     99.96%
                66.3     99.96%
                66.4     99.96%
                66.5     99.96%
                66.6     99.96%
                66.7     99.96%
                66.8     99.96%
                66.9     99.96%
                67.0     99.96%
                67.1     99.96%
                67.2     99.96%
                67.3     99.96%
                67.4     99.96%
                67.5     99.96%
                67.6     99.96%
                67.7     99.96%
                67.8     99.96%
                67.9     99.96%
                68.0     99.96%
                68.1     99.96%
                68.2     99.96%
                68.3     99.96%
                68.4     99.96%
                68.5     99.96%
                68.6     99.96%
                68.7     99.96%
                68.8     99.96%
                68.9     99.96%
                69.0     99.96%
                69.1     99.96%
                69.2     99.96%
                69.3     99.96%
                69.4     99.96%
                69.5     99.96%
                69.6     99.96%
                69.7     99.96%
                69.8     99.96%
                69.9     99.96%
                70.0     99.96%
                70.1     99.96%
                70.2     99.96%
                70.3     99.96%
                70.4     99.96%
                70.5     99.96%
                70.6     99.96%
                70.7     99.96%
                70.8     99.96%
                70.9     99.96%
                71.0     99.96%
                71.1     99.96%
                71.2     99.96%
                71.3     99.96%
                71.4     99.96%
                71.5     99.96%
                71.6     99.96%
                71.7     99.96%
                71.8     99.96%
                71.9     99.96%
                72.0     99.96%
                72.1     99.96%
                72.2     99.96%
                72.3     99.96%
                72.4     99.96%
                72.5     99.96%
                72.6     99.96%
                72.7     99.96%
                72.8     99.96%
                72.9     99.96%
                73.0     99.96%
                73.1     99.96%
                73.2     99.96%
                73.3     99.96%
                73.4     99.96%
                73.5     99.96%
                73.6     99.96%
                73.7     99.96%
                73.8     99.96%
                73.9     99.96%
                74.0     99.96%
                74.1     99.96%
                74.2     99.96%
                74.3     99.96%
                74.4     99.96%
                74.5     99.96%
                74.6     99.96%
                74.7     99.96%
                74.8     99.96%
                74.9     99.96%
                75.0     99.96%
                75.1     99.96%
                75.2     99.96%
                75.3     99.96%
                75.4     99.96%
                75.5     99.96%
                75.6     99.96%
                75.7     99.96%
                75.8     99.97%
                75.9     99.97%
                76.0     99.97%
                76.1     99.97%
                76.2     99.97%
                76.3     99.97%
                76.4     99.97%
                76.5     99.97%
                76.6     99.97%
                76.7     99.97%
                76.8     99.97%
                76.9     99.97%
                77.0     99.97%
                77.1     99.97%
                77.2     99.97%
                77.3     99.97%
                77.4     99.97%
                77.5     99.97%
                77.6     99.97%
                77.7     99.97%
                77.8     99.97%
                77.9     99.97%
                78.0     99.97%
                78.1     99.97%
                78.2     99.97%
                78.3     99.97%
                78.4     99.97%
                78.5     99.97%
                78.6     99.97%
                78.7     99.97%
                78.8     99.97%
                78.9     99.97%
                79.0     99.97%
                79.1     99.97%
                79.2     99.97%
                79.3     99.97%
                79.4     99.97%
                79.5     99.97%
                79.6     99.97%
                79.7     99.97%
                79.8     99.97%
                79.9     99.97%
                80.0     99.97%
                80.1     99.97%
                80.2     99.97%
                80.3     99.97%
                80.4     99.97%
                80.5     99.97%
                80.6     99.97%
                80.7     99.97%
                80.8     99.97%
                80.9     99.97%
                81.0     99.97%
                81.1     99.97%
                81.2     99.97%
                81.3     99.97%
                81.4     99.97%
                81.5     99.97%
                81.6     99.97%
                81.7     99.97%
                81.8     99.97%
                81.9     99.97%
                82.0     99.97%
                82.1     99.97%
                82.2     99.97%
                82.3     99.97%
                82.4     99.97%
                82.5     99.97%
                82.6     99.97%
                82.7     99.97%
                82.8     99.97%
                82.9     99.97%
                83.0     99.97%
                83.1     99.97%
                83.2     99.97%
                83.3     99.97%
                83.4     99.97%
                83.5     99.97%
                83.6     99.97%
                83.7     99.97%
                83.8     99.97%
                83.9     99.97%
                84.0     99.97%
                84.1     99.97%
                84.2     99.97%
                84.3     99.97%
                84.4     99.97%
                84.5     99.97%
                84.6     99.97%
                84.7     99.97%
                84.8     99.97%
                84.9     99.97%
                85.0     99.97%
                85.1     99.97%
                85.2     99.97%
                85.3     99.97%
                85.4     99.97%
                85.5     99.97%
                85.6     99.97%
                85.7     99.97%
                85.8     99.97%
                85.9     99.97%
                86.0     99.97%
                86.1     99.97%
                86.2     99.97%
                86.3     99.97%
                86.4     99.97%
                86.5     99.97%
                86.6     99.97%
                86.7     99.97%
                86.8     99.97%
                86.9     99.97%
                87.0     99.97%
                87.1     99.97%
                87.2     99.97%
                87.3     99.97%
                87.4     99.97%
                87.5     99.97%
                87.6     99.97%
                87.7     99.97%
                87.8     99.97%
                87.9     99.97%
                88.0     99.97%
                88.1     99.97%
                88.2     99.97%
                88.3     99.97%
                88.4     99.97%
                88.5     99.97%
                88.6     99.97%
                88.7     99.97%
                88.8     99.97%
                88.9     99.97%
                89.0     99.97%
                89.1     99.97%
                89.2     99.97%
                89.3     99.97%
                89.4     99.97%
                89.5     99.97%
                89.6     99.97%
                89.7     99.97%
                89.8     99.97%
                89.9     99.97%
                90.0     99.97%
                90.1     99.97%
                90.2     99.97%
                90.3     99.97%
                90.4     99.97%
                90.5     99.97%
                90.6     99.97%
                90.7     99.97%
                90.8     99.97%
                90.9     99.97%
                91.0     99.97%
                91.1     99.97%
                91.2     99.97%
                91.3     99.97%
                91.4     99.97%
                91.5     99.97%
                91.6     99.97%
                91.7     99.97%
                91.8     99.97%
                91.9     99.97%
                92.0     99.97%
                92.1     99.97%
                92.2     99.97%
                92.3     99.97%
                92.4     99.97%
                92.5     99.97%
                92.6     99.97%
                92.7     99.97%
                92.8     99.97%
                92.9     99.97%
                93.0     99.97%
                93.1     99.97%
                93.2     99.97%
                93.3     99.97%
                93.4     99.97%
                93.5     99.97%
                93.6     99.97%
                93.7     99.97%
                93.8     99.97%
                93.9     99.97%
                94.0     99.97%
                94.1     99.97%
                94.2     99.97%
                94.3     99.97%
                94.4     99.97%
                94.5     99.97%
                94.6     99.97%
                94.7     99.98%
                94.8     99.98%
                94.9     99.98%
                95.0     99.98%
                95.1     99.98%
                95.2     99.98%
                95.3     99.98%
                95.4     99.98%
                95.5     99.98%
                95.6     99.98%
                95.7     99.98%
                95.8     99.98%
                95.9     99.98%
                96.0     99.98%
                96.1     99.98%
                96.2     99.98%
                96.3     99.98%
                96.4     99.98%
                96.5     99.98%
                96.6     99.98%
                96.7     99.98%
                96.8     99.98%
                96.9     99.98%
                97.0     99.98%
                97.1     99.98%
                97.2     99.98%
                97.3     99.98%
                97.4     99.98%
                97.5     99.98%
                97.6     99.98%
                97.7     99.98%
                97.8     99.98%
                97.9     99.98%
                98.0     99.98%
                98.1     99.98%
                98.2     99.98%
                98.3     99.98%
                98.4     99.98%
                98.5     99.98%
                98.6     99.98%
                98.7     99.98%
                98.8     99.98%
                98.9     99.98%
                99.0     99.98%
                99.1     99.98%
                99.2     99.98%
                99.3     99.98%
                99.4     99.98%
                99.5     99.98%
                99.6     99.98%
                99.7     99.98%
                99.8     99.98%
                99.9     99.98%
               100.0     99.98%
               100.1     99.98%
               100.2     99.98%
               100.3     99.98%
               100.4     99.98%
               100.5     99.98%
               100.6     99.98%
               100.7     99.98%
               100.8     99.98%
               100.9     99.98%
               101.0     99.98%
               101.1     99.98%
               101.2     99.98%
               101.3     99.98%
               101.4     99.98%
               101.5     99.98%
               101.6     99.98%
               101.7     99.98%
               101.8     99.98%
               101.9     99.98%
               102.0     99.98%
               102.1     99.98%
               102.2     99.98%
               102.3     99.98%
               102.4     99.98%
               102.5     99.98%
               102.6     99.98%
               102.7     99.98%
               102.8     99.98%
               102.9     99.98%
               103.0     99.98%
               103.1     99.98%
               103.2     99.98%
               103.3     99.98%
               103.4     99.98%
               103.5     99.98%
               103.6     99.98%
               103.7     99.98%
               103.8     99.98%
               103.9     99.98%
               104.0     99.98%
               104.1     99.98%
               104.2     99.98%
               104.3     99.98%
               104.4     99.98%
               104.5     99.98%
               104.6     99.98%
               104.7     99.98%
               104.8     99.98%
               104.9     99.98%
               105.0     99.98%
               105.1     99.98%
               105.2     99.98%
               105.3     99.98%
               105.4     99.98%
               105.5     99.98%
               105.6     99.98%
               105.7     99.98%
               105.8     99.98%
               105.9     99.98%
               106.0     99.98%
               106.1     99.98%
               106.2     99.98%
               106.3     99.98%
               106.4     99.98%
               106.5     99.98%
               106.6     99.98%
               106.7     99.98%
               106.8     99.98%
               106.9     99.98%
               107.0     99.98%
               107.1     99.98%
               107.2     99.98%
               107.3     99.98%
               107.4     99.98%
               107.5     99.98%
               107.6     99.98%
               107.7     99.98%
               107.8     99.98%
               107.9     99.98%
               108.0     99.98%
               108.1     99.98%
               108.2     99.98%
               108.3     99.98%
               108.4     99.98%
               108.5     99.98%
               108.6     99.98%
               108.7     99.98%
               108.8     99.98%
               108.9     99.98%
               109.0     99.98%
               109.1     99.98%
               109.2     99.98%
               109.3     99.98%
               109.4     99.98%
               109.5     99.98%
               109.6     99.98%
               109.7     99.98%
               109.8     99.98%
               109.9     99.98%
               110.0     99.98%
               110.1     99.98%
               110.2     99.98%
               110.3     99.98%
               110.4     99.98%
               110.5     99.98%
               110.6     99.98%
               110.7     99.98%
               110.8     99.98%
               110.9     99.98%
               111.0     99.98%
               111.1     99.98%
               111.2     99.98%
               111.3     99.98%
               111.4     99.98%
               111.5     99.98%
               111.6     99.98%
               111.7     99.98%
               111.8     99.98%
               111.9     99.98%
               112.0     99.98%
               112.1     99.98%
               112.2     99.98%
               112.3     99.98%
               112.4     99.98%
               112.5     99.98%
               112.6     99.98%
               112.7     99.98%
               112.8     99.98%
               112.9     99.98%
               113.0     99.98%
               113.1     99.98%
               113.2     99.98%
               113.3     99.98%
               113.4     99.98%
               113.5     99.98%
               113.6     99.98%
               113.7     99.98%
               113.8     99.98%
               113.9     99.98%
               114.0     99.98%
               114.1     99.98%
               114.2     99.98%
               114.3     99.98%
               114.4     99.98%
               114.5     99.98%
               114.6     99.98%
               114.7     99.98%
               114.8     99.98%
               114.9     99.98%
               115.0     99.98%
               115.1     99.98%
               115.2     99.98%
               115.3     99.98%
               115.4     99.98%
               115.5     99.98%
               115.6     99.98%
               115.7     99.98%
               115.8     99.98%
               115.9     99.98%
               116.0     99.98%
               116.1     99.98%
               116.2     99.98%
               116.3     99.98%
               116.4     99.98%
               116.5     99.98%
               116.6     99.98%
               116.7     99.98%
               116.8     99.98%
               116.9     99.98%
               117.0     99.98%
               117.1     99.98%
               117.2     99.98%
               117.3     99.98%
               117.4     99.98%
               117.5     99.98%
               117.6     99.98%
               117.7     99.98%
               117.8     99.98%
               117.9     99.98%
               118.0     99.98%
               118.1     99.98%
               118.2     99.98%
               118.3     99.98%
               118.4     99.98%
               118.5     99.98%
               118.6     99.98%
               118.7     99.98%
               118.8     99.98%
               118.9     99.98%
               119.0     99.98%
               119.1     99.98%
               119.2     99.98%
               119.3     99.98%
               119.4     99.98%
               119.5     99.98%
               119.6     99.98%
               119.7     99.98%
               119.8     99.98%
               119.9     99.98%
               120.0     99.98%
               120.1     99.98%
               120.2     99.98%
               120.3     99.98%
               120.4     99.98%
               120.5     99.98%
               120.6     99.98%
               120.7     99.98%
               120.8     99.98%
               120.9     99.98%
               121.0     99.98%
               121.1     99.98%
               121.2     99.98%
               121.3     99.98%
               121.4     99.98%
               121.5     99.98%
               121.6     99.98%
               121.7     99.98%
               121.8     99.98%
               121.9     99.98%
               122.0     99.98%
               122.1     99.98%
               122.2     99.98%
               122.3     99.98%
               122.4     99.98%
               122.5     99.98%
               122.6     99.98%
               122.7     99.98%
               122.8     99.98%
               122.9     99.98%
               123.0     99.98%
               123.1     99.98%
               123.2     99.98%
               123.3     99.98%
               123.4     99.98%
               123.5     99.98%
               123.6     99.98%
               123.7     99.98%
               123.8     99.98%
               123.9     99.98%
               124.0     99.98%
               124.1     99.98%
               124.2     99.98%
               124.3     99.98%
               124.4     99.98%
               124.5     99.98%
               124.6     99.98%
               124.7     99.98%
               124.8     99.98%
               124.9     99.98%
               125.0     99.98%
               125.1     99.98%
               125.2     99.98%
               125.3     99.98%
               125.4     99.98%
               125.5     99.98%
               125.6     99.98%
               125.7     99.98%
               125.8     99.98%
               125.9     99.98%
               126.0     99.98%
               126.1     99.98%
               126.2     99.98%
               126.3     99.98%
               126.4     99.98%
               126.5     99.98%
               126.6     99.98%
               126.7     99.98%
               126.8     99.98%
               126.9     99.98%
               127.0     99.98%
               127.1     99.98%
               127.2     99.98%
               127.3     99.98%
               127.4     99.98%
               127.5     99.98%
               127.6     99.98%
               127.7     99.98%
               127.8     99.98%
               127.9     99.98%
               128.0     99.98%
               128.1     99.98%
               128.2     99.98%
               128.3     99.98%
               128.4     99.98%
               128.5     99.98%
               128.6     99.98%
               128.7     99.98%
               128.8     99.98%
               128.9     99.98%
               129.0     99.98%
               129.1     99.98%
               129.2     99.98%
               129.3     99.98%
               129.4     99.98%
               129.5     99.98%
               129.6     99.98%
               129.7     99.98%
               129.8     99.98%
               129.9     99.98%
               130.0     99.98%
               130.1     99.98%
               130.2     99.98%
               130.3     99.98%
               130.4     99.98%
               130.5     99.98%
               130.6     99.98%
               130.7     99.98%
               130.8     99.98%
               130.9     99.98%
               131.0     99.98%
               131.1     99.98%
               131.2     99.98%
               131.3     99.98%
               131.4     99.98%
               131.5     99.98%
               131.6     99.98%
               131.7     99.98%
               131.8     99.98%
               131.9     99.98%
               132.0     99.98%
               132.1     99.98%
               132.2     99.98%
               132.3     99.98%
               132.4     99.98%
               132.5     99.98%
               132.6     99.98%
               132.7     99.98%
               132.8     99.98%
               132.9     99.98%
               133.0     99.98%
               133.1     99.98%
               133.2     99.98%
               133.3     99.98%
               133.4     99.98%
               133.5     99.98%
               133.6     99.98%
               133.7     99.98%
               133.8     99.98%
               133.9     99.98%
               134.0     99.98%
               134.1     99.98%
               134.2     99.98%
               134.3     99.98%
               134.4     99.98%
               134.5     99.98%
               134.6     99.98%
               134.7     99.98%
               134.8     99.98%
               134.9     99.98%
               135.0     99.98%
               135.1     99.98%
               135.2     99.98%
               135.3     99.98%
               135.4     99.98%
               135.5     99.98%
               135.6     99.98%
               135.7     99.98%
               135.8     99.98%
               135.9     99.98%
               136.0     99.98%
               136.1     99.98%
               136.2     99.98%
               136.3     99.98%
               136.4     99.98%
               136.5     99.98%
               136.6     99.98%
               136.7     99.98%
               136.8     99.98%
               136.9     99.98%
               137.0     99.98%
               137.1     99.98%
               137.2     99.98%
               137.3     99.98%
               137.4     99.98%
               137.5     99.98%
               137.6     99.98%
               137.7     99.98%
               137.8     99.98%
               137.9     99.98%
               138.0     99.98%
               138.1     99.98%
               138.2     99.98%
               138.3     99.98%
               138.4     99.98%
               138.5     99.98%
               138.6     99.98%
               138.7     99.98%
               138.8     99.98%
               138.9     99.98%
               139.0     99.98%
               139.1     99.98%
               139.2     99.98%
               139.3     99.98%
               139.4     99.98%
               139.5     99.98%
               139.6     99.98%
               139.7     99.98%
               139.8     99.98%
               139.9     99.98%
               140.0     99.98%
               140.1     99.98%
               140.2     99.98%
               140.3     99.98%
               140.4     99.98%
               140.5     99.98%
               140.6     99.98%
               140.7     99.98%
               140.8     99.98%
               140.9     99.98%
               141.0     99.98%
               141.1     99.98%
               141.2     99.98%
               141.3     99.98%
               141.4     99.98%
               141.5     99.98%
               141.6     99.98%
               141.7     99.98%
               141.8     99.98%
               141.9     99.98%
               142.0     99.98%
               142.1     99.98%
               142.2     99.98%
               142.3     99.98%
               142.4     99.98%
               142.5     99.98%
               142.6     99.98%
               142.7     99.98%
               142.8     99.98%
               142.9     99.98%
               143.0     99.98%
               143.1     99.98%
               143.2     99.98%
               143.3     99.98%
               143.4     99.98%
               143.5     99.98%
               143.6     99.98%
               143.7     99.98%
               143.8     99.98%
               143.9     99.98%
               144.0     99.98%
               144.1     99.98%
               144.2     99.98%
               144.3     99.98%
               144.4     99.98%
               144.5     99.98%
               144.6     99.98%
               144.7     99.98%
               144.8     99.98%
               144.9     99.98%
               145.0     99.98%
               145.1     99.98%
               145.2     99.98%
               145.3     99.98%
               145.4     99.98%
               145.5     99.98%
               145.6     99.98%
               145.7     99.98%
               145.8     99.98%
               145.9     99.98%
               146.0     99.98%
               146.1     99.98%
               146.2     99.98%
               146.3     99.98%
               146.4     99.98%
               146.5     99.98%
               146.6     99.98%
               146.7     99.98%
               146.8     99.98%
               146.9     99.98%
               147.0     99.98%
               147.1     99.98%
               147.2     99.98%
               147.3     99.98%
               147.4     99.98%
               147.5     99.98%
               147.6     99.98%
               147.7     99.98%
               147.8     99.98%
               147.9     99.98%
               148.0     99.98%
               148.1     99.98%
               148.2     99.98%
               148.3     99.98%
               148.4     99.98%
               148.5     99.98%
               148.6     99.98%
               148.7     99.98%
               148.8     99.98%
               148.9     99.98%
               149.0     99.98%
               149.1     99.98%
               149.2     99.98%
               149.3     99.98%
               149.4     99.98%
               149.5     99.98%
               149.6     99.98%
               149.7     99.98%
               149.8     99.98%
               149.9     99.98%
               150.0     99.98%
               150.1     99.98%
               150.2     99.98%
               150.3     99.98%
               150.4     99.98%
               150.5     99.98%
               150.6     99.98%
               150.7     99.98%
               150.8     99.98%
               150.9     99.98%
               151.0     99.98%
               151.1     99.98%
               151.2     99.98%
               151.3     99.98%
               151.4     99.98%
               151.5     99.98%
               151.6     99.98%
               151.7     99.98%
               151.8     99.98%
               151.9     99.98%
               152.0     99.98%
               152.1     99.98%
               152.2     99.98%
               152.3     99.98%
               152.4     99.98%
               152.5     99.98%
               152.6     99.98%
               152.7     99.98%
               152.8     99.98%
               152.9     99.98%
               153.0     99.98%
               153.1     99.98%
               153.2     99.98%
               153.3     99.98%
               153.4     99.98%
               153.5     99.98%
               153.6     99.98%
               153.7     99.98%
               153.8     99.98%
               153.9     99.98%
               154.0     99.98%
               154.1     99.98%
               154.2     99.98%
               154.3     99.98%
               154.4     99.98%
               154.5     99.98%
               154.6     99.98%
               154.7     99.98%
               154.8     99.98%
               154.9     99.98%
               155.0     99.98%
               155.1     99.98%
               155.2     99.98%
               155.3     99.98%
               155.4     99.98%
               155.5     99.98%
               155.6     99.98%
               155.7     99.98%
               155.8     99.98%
               155.9     99.98%
               156.0     99.98%
               156.1     99.98%
               156.2     99.98%
               156.3     99.98%
               156.4     99.99%
               156.5     99.99%
               156.6     99.99%
               156.7     99.99%
               156.8     99.99%
               156.9     99.99%
               157.0     99.99%
               157.1     99.99%
               157.2     99.99%
               157.3     99.99%
               157.4     99.99%
               157.5     99.99%
               157.6     99.99%
               157.7     99.99%
               157.8     99.99%
               157.9     99.99%
               158.0     99.99%
               158.1     99.99%
               158.2     99.99%
               158.3     99.99%
               158.4     99.99%
               158.5     99.99%
               158.6     99.99%
               158.7     99.99%
               158.8     99.99%
               158.9     99.99%
               159.0     99.99%
               159.1     99.99%
               159.2     99.99%
               159.3     99.99%
               159.4     99.99%
               159.5     99.99%
               159.6     99.99%
               159.7     99.99%
               159.8     99.99%
               159.9     99.99%
               160.0     99.99%
               160.1     99.99%
               160.2     99.99%
               160.3     99.99%
               160.4     99.99%
               160.5     99.99%
               160.6     99.99%
               160.7     99.99%
               160.8     99.99%
               160.9     99.99%
               161.0     99.99%
               161.1     99.99%
               161.2     99.99%
               161.3     99.99%
               161.4     99.99%
               161.5     99.99%
               161.6     99.99%
               161.7     99.99%
               161.8     99.99%
               161.9     99.99%
               162.0     99.99%
               162.1     99.99%
               162.2     99.99%
               162.3     99.99%
               162.4     99.99%
               162.5     99.99%
               162.6     99.99%
               162.7     99.99%
               162.8     99.99%
               162.9     99.99%
               163.0     99.99%
               163.1     99.99%
               163.2     99.99%
               163.3     99.99%
               163.4     99.99%
               163.5     99.99%
               163.6     99.99%
               163.7     99.99%
               163.8     99.99%
               163.9     99.99%
               164.0     99.99%
               164.1     99.99%
               164.2     99.99%
               164.3     99.99%
               164.4     99.99%
               164.5     99.99%
               164.6     99.99%
               164.7     99.99%
               164.8     99.99%
               164.9     99.99%
               165.0     99.99%
               165.1     99.99%
               165.2     99.99%
               165.3     99.99%
               165.4     99.99%
               165.5     99.99%
               165.6     99.99%
               165.7     99.99%
               165.8     99.99%
               165.9     99.99%
               166.0     99.99%
               166.1     99.99%
               166.2     99.99%
               166.3     99.99%
               166.4     99.99%
               166.5     99.99%
               166.6     99.99%
               166.7     99.99%
               166.8     99.99%
               166.9     99.99%
               167.0     99.99%
               167.1     99.99%
               167.2     99.99%
               167.3     99.99%
               167.4     99.99%
               167.5     99.99%
               167.6     99.99%
               167.7     99.99%
               167.8     99.99%
               167.9     99.99%
               168.0     99.99%
               168.1     99.99%
               168.2     99.99%
               168.3     99.99%
               168.4     99.99%
               168.5     99.99%
               168.6     99.99%
               168.7     99.99%
               168.8     99.99%
               168.9     99.99%
               169.0     99.99%
               169.1     99.99%
               169.2     99.99%
               169.3     99.99%
               169.4     99.99%
               169.5     99.99%
               169.6     99.99%
               169.7     99.99%
               169.8     99.99%
               169.9     99.99%
               170.0     99.99%
               170.1     99.99%
               170.2     99.99%
               170.3     99.99%
               170.4     99.99%
               170.5     99.99%
               170.6     99.99%
               170.7     99.99%
               170.8     99.99%
               170.9     99.99%
               171.0     99.99%
               171.1     99.99%
               171.2     99.99%
               171.3     99.99%
               171.4     99.99%
               171.5     99.99%
               171.6     99.99%
               171.7     99.99%
               171.8     99.99%
               171.9     99.99%
               172.0     99.99%
               172.1     99.99%
               172.2     99.99%
               172.3     99.99%
               172.4     99.99%
               172.5     99.99%
               172.6     99.99%
               172.7     99.99%
               172.8     99.99%
               172.9     99.99%
               173.0     99.99%
               173.1     99.99%
               173.2     99.99%
               173.3     99.99%
               173.4     99.99%
               173.5     99.99%
               173.6     99.99%
               173.7     99.99%
               173.8     99.99%
               173.9     99.99%
               174.0     99.99%
               174.1     99.99%
               174.2     99.99%
               174.3     99.99%
               174.4     99.99%
               174.5     99.99%
               174.6     99.99%
               174.7     99.99%
               174.8     99.99%
               174.9     99.99%
               175.0     99.99%
               175.1     99.99%
               175.2     99.99%
               175.3     99.99%
               175.4     99.99%
               175.5     99.99%
               175.6     99.99%
               175.7     99.99%
               175.8     99.99%
               175.9     99.99%
               176.0     99.99%
               176.1     99.99%
               176.2     99.99%
               176.3     99.99%
               176.4     99.99%
               176.5     99.99%
               176.6     99.99%
               176.7     99.99%
               176.8     99.99%
               176.9     99.99%
               177.0     99.99%
               177.1     99.99%
               177.2     99.99%
               177.3     99.99%
               177.4     99.99%
               177.5     99.99%
               177.6     99.99%
               177.7     99.99%
               177.8     99.99%
               177.9     99.99%
               178.0     99.99%
               178.1     99.99%
               178.2     99.99%
               178.3     99.99%
               178.4     99.99%
               178.5     99.99%
               178.6     99.99%
               178.7     99.99%
               178.8     99.99%
               178.9     99.99%
               179.0     99.99%
               179.1     99.99%
               179.2     99.99%
               179.3     99.99%
               179.4     99.99%
               179.5     99.99%
               179.6     99.99%
               179.7     99.99%
               179.8     99.99%
               179.9     99.99%
               180.0     99.99%
               180.1     99.99%
               180.2     99.99%
               180.3     99.99%
               180.4     99.99%
               180.5     99.99%
               180.6     99.99%
               180.7     99.99%
               180.8     99.99%
               180.9     99.99%
               181.0     99.99%
               181.1     99.99%
               181.2     99.99%
               181.3     99.99%
               181.4     99.99%
               181.5     99.99%
               181.6     99.99%
               181.7     99.99%
               181.8     99.99%
               181.9     99.99%
               182.0     99.99%
               182.1     99.99%
               182.2     99.99%
               182.3     99.99%
               182.4     99.99%
               182.5     99.99%
               182.6     99.99%
               182.7     99.99%
               182.8     99.99%
               182.9     99.99%
               183.0     99.99%
               183.1     99.99%
               183.2     99.99%
               183.3     99.99%
               183.4     99.99%
               183.5     99.99%
               183.6     99.99%
               183.7     99.99%
               183.8     99.99%
               183.9     99.99%
               184.0     99.99%
               184.1     99.99%
               184.2     99.99%
               184.3     99.99%
               184.4     99.99%
               184.5     99.99%
               184.6     99.99%
               184.7     99.99%
               184.8     99.99%
               184.9     99.99%
               185.0     99.99%
               185.1     99.99%
               185.2     99.99%
               185.3     99.99%
               185.4     99.99%
               185.5     99.99%
               185.6     99.99%
               185.7     99.99%
               185.8     99.99%
               185.9     99.99%
               186.0     99.99%
               186.1     99.99%
               186.2     99.99%
               186.3     99.99%
               186.4     99.99%
               186.5     99.99%
               186.6     99.99%
               186.7     99.99%
               186.8     99.99%
               186.9     99.99%
               187.0     99.99%
               187.1     99.99%
               187.2     99.99%
               187.3     99.99%
               187.4     99.99%
               187.5     99.99%
               187.6     99.99%
               187.7     99.99%
               187.8     99.99%
               187.9     99.99%
               188.0     99.99%
               188.1     99.99%
               188.2     99.99%
               188.3     99.99%
               188.4     99.99%
               188.5     99.99%
               188.6     99.99%
               188.7     99.99%
               188.8     99.99%
               188.9     99.99%
               189.0     99.99%
               189.1     99.99%
               189.2     99.99%
               189.3     99.99%
               189.4     99.99%
               189.5     99.99%
               189.6     99.99%
               189.7     99.99%
               189.8     99.99%
               189.9     99.99%
               190.0     99.99%
               190.1     99.99%
               190.2     99.99%
               190.3     99.99%
               190.4     99.99%
               190.5     99.99%
               190.6     99.99%
               190.7     99.99%
               190.8     99.99%
               190.9     99.99%
               191.0     99.99%
               191.1     99.99%
               191.2     99.99%
               191.3     99.99%
               191.4     99.99%
               191.5     99.99%
               191.6     99.99%
               191.7     99.99%
               191.8     99.99%
               191.9     99.99%
               192.0     99.99%
               192.1     99.99%
               192.2     99.99%
               192.3     99.99%
               192.4     99.99%
               192.5     99.99%
               192.6     99.99%
               192.7     99.99%
               192.8     99.99%
               192.9     99.99%
               193.0     99.99%
               193.1     99.99%
               193.2     99.99%
               193.3     99.99%
               193.4     99.99%
               193.5     99.99%
               193.6     99.99%
               193.7     99.99%
               193.8     99.99%
               193.9     99.99%
               194.0     99.99%
               194.1     99.99%
               194.2     99.99%
               194.3     99.99%
               194.4     99.99%
               194.5     99.99%
               194.6     99.99%
               194.7     99.99%
               194.8     99.99%
               194.9     99.99%
               195.0     99.99%
               195.1     99.99%
               195.2     99.99%
               195.3     99.99%
               195.4     99.99%
               195.5     99.99%
               195.6     99.99%
               195.7     99.99%
               195.8     99.99%
               195.9     99.99%
               196.0     99.99%
               196.1     99.99%
               196.2     99.99%
               196.3     99.99%
               196.4    100.00%
               196.5    100.00%
               196.6    100.00%
               196.7    100.00%
               196.8    100.00%
               196.9    100.00%
               197.0    100.00%
               197.1    100.00%
               197.2    100.00%
               197.3    100.00%
               197.4    100.00%
               197.5    100.00%
               197.6    100.00%
               197.7    100.00%
               197.8    100.00%
               197.9    100.00%
               198.0    100.00%
               198.1    100.00%
               198.2    100.00%
               198.3    100.00%
               198.4    100.00%
               198.5    100.00%
               198.6    100.00%
               198.7    100.00%
               198.8    100.00%
               198.9    100.00%
               199.0    100.00%
               199.1    100.00%
               199.2    100.00%
               199.3    100.00%
               199.4    100.00%
               199.5    100.00%
               199.6    100.00%
               199.7    100.00%
               199.8    100.00%
               199.9    100.00%
               200.0    100.00%
               200.1    100.00%
               200.2    100.00%
               200.3    100.00%
               200.4    100.00%
               200.5    100.00%
               200.6    100.00%
               200.7    100.00%
               200.8    100.00%
               200.9    100.00%
               201.0    100.00%
               201.1    100.00%
               201.2    100.00%
               201.3    100.00%
               201.4    100.00%
               201.5    100.00%
               201.6    100.00%
               201.7    100.00%
               201.8    100.00%
               201.9    100.00%
               202.0    100.00%
               202.1    100.00%
               202.2    100.00%
               202.3    100.00%
               202.4    100.00%
               202.5    100.00%
               202.6    100.00%
               202.7    100.00%
               202.8    100.00%
               202.9    100.00%
               203.0    100.00%
               203.1    100.00%
               203.2    100.00%
               203.3    100.00%
               203.4    100.00%
               203.5    100.00%
               203.6    100.00%
               203.7    100.00%
               203.8    100.00%
               203.9    100.00%
               204.0    100.00%
               204.1    100.00%
               204.2    100.00%
               204.3    100.00%
               204.4    100.00%
               204.5    100.00%
               204.6    100.00%
               204.7    100.00%
               204.8    100.00%
               204.9    100.00%
               205.0    100.00%
               205.1    100.00%
               205.2    100.00%
               205.3    100.00%
               205.4    100.00%
               205.5    100.00%
               205.6    100.00%
               205.7    100.00%
               205.8    100.00%
               205.9    100.00%
               206.0    100.00%
               206.1    100.00%
               206.2    100.00%
               206.3    100.00%
               206.4    100.00%
               206.5    100.00%
               206.6    100.00%
               206.7    100.00%
               206.8    100.00%
               206.9    100.00%
               207.0    100.00%
               207.1    100.00%
               207.2    100.00%
               207.3    100.00%
               207.4    100.00%
               207.5    100.00%
               207.6    100.00%
               207.7    100.00%
               207.8    100.00%
               207.9    100.00%
               208.0    100.00%
               208.1    100.00%
               208.2    100.00%
               208.3    100.00%
               208.4    100.00%
               208.5    100.00%
               208.6    100.00%
               208.7    100.00%
               208.8    100.00%
               208.9    100.00%
               209.0    100.00%
               209.1    100.00%
               209.2    100.00%
               209.3    100.00%
               209.4    100.00%
               209.5    100.00%
               209.6    100.00%
               209.7    100.00%
               209.8    100.00%
               209.9    100.00%
               210.0    100.00%

