Threads: 32, Sharded reads: false, Number of Memcached servers: 3.

All measures in microseconds.
  SETS   GETS  MGETS   INVLD    TOT   HITS     RSP T      Q T     SVR T  Q LEN
     0  85703      0       0  85703  85703   6653.79  3628.14   2973.78     52
     0  10677      0       0  10677  10677   6925.10  3909.70   2948.03     75
     0  10793      0       0  10793  10793   6613.18  3714.64   2840.31     22
     0  10820      0       0  10820  10820   6603.91  3712.85   2842.06     11
     0  10600      0       0  10600  10600   6502.91  3615.32   2838.56     51
     0  10999      0       0  10999  10999   6346.67  3550.80   2749.60     24
     0  11058      0       0  11058  11058   6490.84  3651.89   2792.60     42
     0   9712      0       0   9712   9712   7198.08  4045.32   3101.56     44
     0  10912      0       0  10912  10912   6496.22  3639.48   2809.86     42
     0  11032      0       0  11032  11032   6403.83  3580.29   2779.56     47
     0  10963      0       0  10963  10963   6570.63  3718.93   2814.19     39
     0  10996      0       0  10996  10996   6705.38  3835.05   2832.17     49
     0  10914      0       0  10914  10914   6454.52  3579.73   2832.20     24
     0  10485      0       0  10485  10485   6588.56  3659.88   2890.24     48
     0  11027      0       0  11027  11027   6327.42  3499.71   2781.82     52
     0  10995      0       0  10995  10995   6445.17  3603.08   2803.48     38
     0  11577      0       0  11577  11577   6169.76  3460.65   2671.77     42
     0  10940      0       0  10940  10940   6618.66  3743.51   2835.64      4
     0  11210      0       0  11210  11210   6316.05  3562.39   2715.50     36
     0  10643      0       0  10643  10643   6647.06  3765.88   2845.17     49
     0  11425      0       0  11425  11425   6219.23  3491.15   2688.15     39
     0  11426      0       0  11426  11426   6204.95  3478.88   2683.88     37
     0  10634      0       0  10634  10634   6686.62  3758.26   2879.30     44
     0  11053      0       0  11053  11053   6476.92  3656.81   2784.27     48
     0  11159      0       0  11159  11159   6299.71  3502.36   2761.18     47
     0  11025      0       0  11025  11025   6382.31  3523.86   2821.70     12
     0  11153      0       0  11153  11153   6397.14  3591.57   2756.97     21
     0   9998      0       0   9998   9998   6879.06  3770.02   3059.76     19
     0  10504      0       0  10504  10504   6510.29  3558.77   2915.10     56
     0  11088      0       0  11088  11088   6399.15  3571.57   2783.89     18
     0  10941      0       0  10941  10941   6608.90  3747.97   2824.92     18
     0  11037      0       0  11037  11037   6298.16  3481.88   2779.27     13
     0  11061      0       0  11061  11061   6340.19  3532.01   2769.93     47
     0  11168      0       0  11168  11168   6220.10  3432.37   2750.94     43
     0  10533      0       0  10533  10533   6659.74  3695.22   2924.85     51
     0  11160      0       0  11160  11160   6252.72  3487.45   2731.05     34
     0  10654      0       0  10654  10654   6448.76  3608.83   2801.54     47
     0  10899      0       0  10899  10899   6490.11  3647.47   2804.81     46
     0  10955      0       0  10955  10955   6723.99  3842.73   2840.79     49
     0  11284      0       0  11284  11284   6336.33  3566.77   2729.96     43
     0  10112      0       0  10112  10112   7158.57  4045.92   3074.45     48
     0  11055      0       0  11055  11055   6434.77  3603.82   2794.16     43
     0  10362      0       0  10362  10362   6700.28  3684.44   2975.38     61
     0  10472      0       0  10472  10472   6838.02  3842.77   2952.57     39
     0  10682      0       0  10682  10682   6647.53  3729.69   2877.63     28
     0  11171      0       0  11171  11171   6275.29  3474.06   2768.58     24
     0  11272      0       0  11272  11272   6170.64  3392.38   2737.47     45
     0  11217      0       0  11217  11217   6040.24  3256.93   2748.37     39
     0  10773      0       0  10773  10773   6337.96  3467.98   2834.88     51
     0  11004      0       0  11004  11004   6092.98  3306.82   2748.70     41
     0  11018      0       0  11018  11018   6048.24  3218.24   2793.13     15
     0  10389      0       0  10389  10389   6486.44  3507.89   2934.02     50
     0  10833      0       0  10833  10833   6120.96  3292.38   2793.21     48
     0  11283      0       0  11283  11283   5864.79  3107.70   2720.32     27
     0  10883      0       0  10883  10883   6201.73  3346.84   2819.24     50
     0  11202      0       0  11202  11202   5965.26  3256.55   2675.17     44
     0  11241      0       0  11241  11241   6099.34  3327.49   2725.42     15
     0  10677      0       0  10677  10677   6319.97  3523.80   2755.27      0
     0  10939      0       0  10939  10939   5724.51  2952.75   2733.49     40
     0  10936      0       0  10936  10936   6278.77  3413.17   2827.56     52
     0  10969      0       0  10969  10969   6234.29  3407.02   2787.28     33
     0  11258      0       0  11258  11258   5591.69  2891.37   2663.78     44
     0  11004      0       0  11004  11004   6352.47  3515.61   2796.04     31
     0  10968      0       0  10968  10968   6150.32  3313.98   2801.20     27
     0  11122      0       0  11122  11122   6144.56  3349.20   2756.63     35
     0  10590      0       0  10590  10590   6672.96  3748.73   2886.60     43
     0  10718      0       0  10718  10718   6304.55  3423.32   2838.48     32
     0  10750      0       0  10750  10750   6718.38  3794.81   2878.79     49
     0  10589      0       0  10589  10589   6519.32  3586.52   2896.36     50
     0  10778      0       0  10778  10778   6449.43  3583.82   2830.04     43
     0  10652      0       0  10652  10652   6569.21  3637.91   2886.07     44
     0  10945      0       0  10945  10945   6311.34  3496.15   2773.27     40
     0  10778      0       0  10778  10778   6357.88  3451.11   2869.20     21
     0  10534      0       0  10534  10534   6640.78  3689.35   2902.40     18
     0  10740      0       0  10740  10740   6602.95  3683.93   2878.79     63
     0  11042      0       0  11042  11042   6184.66  3380.82   2764.12     37
     0  11162      0       0  11162  11162   6286.15  3486.09   2765.80     41
     0  11059      0       0  11059  11059   6406.15  3595.33   2777.74     46
     0  10907      0       0  10907  10907   6417.18  3565.25   2811.21     38
     0  11229      0       0  11229  11229   6249.85  3480.85   2731.87     54
     0  11090      0       0  11090  11090   6392.84  3585.60   2773.55     38
     0   8548      0       0   8548   8548   5281.24  2414.75   2824.61      0
     0    505      0       0    505    505   2880.40   587.07   2252.72      0
     0      0      0       0      0      0       NaN      NaN       NaN      0
     0      0      0       0      0      0       NaN      NaN       NaN      0
     0      0      0       0      0      0       NaN      NaN       NaN      0
================================================================================
ALL STATS (timing measures are in microseconds)
WORKER 0:
Type     |Total    |Ops/sec  |Hits/sec |Miss/Sec |Resp Time|Proc Time|Srvr Time
SET      |        0|     0.00|     0.00|     0.00|      NaN|      NaN|      NaN
GET      |    30296|   336.62|   336.62|     0.00|  6416.54|  2862.18|  2823.56
MULTIGET |        0|     0.00|     0.00|     0.00|      NaN|      NaN|      NaN
INVALID  |        0|     0.00|      ---|      ---|      NaN|      NaN|      ---
Average mutliget length: NaN
================================================================================
WORKER 1:
Type     |Total    |Ops/sec  |Hits/sec |Miss/Sec |Resp Time|Proc Time|Srvr Time
SET      |        0|     0.00|     0.00|     0.00|      NaN|      NaN|      NaN
GET      |    30163|   335.14|   335.14|     0.00|  6403.10|  2870.50|  2828.18
MULTIGET |        0|     0.00|     0.00|     0.00|      NaN|      NaN|      NaN
INVALID  |        0|     0.00|      ---|      ---|      NaN|      NaN|      ---
Average mutliget length: NaN
================================================================================
WORKER 2:
Type     |Total    |Ops/sec  |Hits/sec |Miss/Sec |Resp Time|Proc Time|Srvr Time
SET      |        0|     0.00|     0.00|     0.00|      NaN|      NaN|      NaN
GET      |    30033|   333.70|   333.70|     0.00|  6415.61|  2883.93|  2839.60
MULTIGET |        0|     0.00|     0.00|     0.00|      NaN|      NaN|      NaN
INVALID  |        0|     0.00|      ---|      ---|      NaN|      NaN|      ---
Average mutliget length: NaN
================================================================================
WORKER 3:
Type     |Total    |Ops/sec  |Hits/sec |Miss/Sec |Resp Time|Proc Time|Srvr Time
SET      |        0|     0.00|     0.00|     0.00|      NaN|      NaN|      NaN
GET      |    30111|   334.57|   334.57|     0.00|  6416.93|  2878.04|  2837.20
MULTIGET |        0|     0.00|     0.00|     0.00|      NaN|      NaN|      NaN
INVALID  |        0|     0.00|      ---|      ---|      NaN|      NaN|      ---
Average mutliget length: NaN
================================================================================
WORKER 4:
Type     |Total    |Ops/sec  |Hits/sec |Miss/Sec |Resp Time|Proc Time|Srvr Time
SET      |        0|     0.00|     0.00|     0.00|      NaN|      NaN|      NaN
GET      |    30155|   335.06|   335.06|     0.00|  6424.92|  2875.45|  2834.78
MULTIGET |        0|     0.00|     0.00|     0.00|      NaN|      NaN|      NaN
INVALID  |        0|     0.00|      ---|      ---|      NaN|      NaN|      ---
Average mutliget length: NaN
================================================================================
WORKER 5:
Type     |Total    |Ops/sec  |Hits/sec |Miss/Sec |Resp Time|Proc Time|Srvr Time
SET      |        0|     0.00|     0.00|     0.00|      NaN|      NaN|      NaN
GET      |    30240|   336.00|   336.00|     0.00|  6418.71|  2866.79|  2828.12
MULTIGET |        0|     0.00|     0.00|     0.00|      NaN|      NaN|      NaN
INVALID  |        0|     0.00|      ---|      ---|      NaN|      NaN|      ---
Average mutliget length: NaN
================================================================================
WORKER 6:
Type     |Total    |Ops/sec  |Hits/sec |Miss/Sec |Resp Time|Proc Time|Srvr Time
SET      |        0|     0.00|     0.00|     0.00|      NaN|      NaN|      NaN
GET      |    30210|   335.67|   335.67|     0.00|  6414.00|  2866.53|  2826.56
MULTIGET |        0|     0.00|     0.00|     0.00|      NaN|      NaN|      NaN
INVALID  |        0|     0.00|      ---|      ---|      NaN|      NaN|      ---
Average mutliget length: NaN
================================================================================
WORKER 7:
Type     |Total    |Ops/sec  |Hits/sec |Miss/Sec |Resp Time|Proc Time|Srvr Time
SET      |        0|     0.00|     0.00|     0.00|      NaN|      NaN|      NaN
GET      |    30156|   335.07|   335.07|     0.00|  6417.33|  2870.11|  2827.89
MULTIGET |        0|     0.00|     0.00|     0.00|      NaN|      NaN|      NaN
INVALID  |        0|     0.00|      ---|      ---|      NaN|      NaN|      ---
Average mutliget length: NaN
================================================================================
WORKER 8:
Type     |Total    |Ops/sec  |Hits/sec |Miss/Sec |Resp Time|Proc Time|Srvr Time
SET      |        0|     0.00|     0.00|     0.00|      NaN|      NaN|      NaN
GET      |    30171|   335.23|   335.23|     0.00|  6408.40|  2869.66|  2828.36
MULTIGET |        0|     0.00|     0.00|     0.00|      NaN|      NaN|      NaN
INVALID  |        0|     0.00|      ---|      ---|      NaN|      NaN|      ---
Average mutliget length: NaN
================================================================================
WORKER 9:
Type     |Total    |Ops/sec  |Hits/sec |Miss/Sec |Resp Time|Proc Time|Srvr Time
SET      |        0|     0.00|     0.00|     0.00|      NaN|      NaN|      NaN
GET      |    30425|   338.06|   338.06|     0.00|  6413.86|  2847.72|  2810.13
MULTIGET |        0|     0.00|     0.00|     0.00|      NaN|      NaN|      NaN
INVALID  |        0|     0.00|      ---|      ---|      NaN|      NaN|      ---
Average mutliget length: NaN
================================================================================
WORKER 10:
Type     |Total    |Ops/sec  |Hits/sec |Miss/Sec |Resp Time|Proc Time|Srvr Time
SET      |        0|     0.00|     0.00|     0.00|      NaN|      NaN|      NaN
GET      |    30330|   337.00|   337.00|     0.00|  6405.48|  2856.00|  2815.57
MULTIGET |        0|     0.00|     0.00|     0.00|      NaN|      NaN|      NaN
INVALID  |        0|     0.00|      ---|      ---|      NaN|      NaN|      ---
Average mutliget length: NaN
================================================================================
WORKER 11:
Type     |Total    |Ops/sec  |Hits/sec |Miss/Sec |Resp Time|Proc Time|Srvr Time
SET      |        0|     0.00|     0.00|     0.00|      NaN|      NaN|      NaN
GET      |    30097|   334.41|   334.41|     0.00|  6425.19|  2876.97|  2833.47
MULTIGET |        0|     0.00|     0.00|     0.00|      NaN|      NaN|      NaN
INVALID  |        0|     0.00|      ---|      ---|      NaN|      NaN|      ---
Average mutliget length: NaN
================================================================================
WORKER 12:
Type     |Total    |Ops/sec  |Hits/sec |Miss/Sec |Resp Time|Proc Time|Srvr Time
SET      |        0|     0.00|     0.00|     0.00|      NaN|      NaN|      NaN
GET      |    30293|   336.59|   336.59|     0.00|  6400.86|  2859.51|  2819.58
MULTIGET |        0|     0.00|     0.00|     0.00|      NaN|      NaN|      NaN
INVALID  |        0|     0.00|      ---|      ---|      NaN|      NaN|      ---
Average mutliget length: NaN
================================================================================
WORKER 13:
Type     |Total    |Ops/sec  |Hits/sec |Miss/Sec |Resp Time|Proc Time|Srvr Time
SET      |        0|     0.00|     0.00|     0.00|      NaN|      NaN|      NaN
GET      |    30183|   335.37|   335.37|     0.00|  6408.33|  2871.65|  2831.90
MULTIGET |        0|     0.00|     0.00|     0.00|      NaN|      NaN|      NaN
INVALID  |        0|     0.00|      ---|      ---|      NaN|      NaN|      ---
Average mutliget length: NaN
================================================================================
WORKER 14:
Type     |Total    |Ops/sec  |Hits/sec |Miss/Sec |Resp Time|Proc Time|Srvr Time
SET      |        0|     0.00|     0.00|     0.00|      NaN|      NaN|      NaN
GET      |    30170|   335.22|   335.22|     0.00|  6418.39|  2872.84|  2830.15
MULTIGET |        0|     0.00|     0.00|     0.00|      NaN|      NaN|      NaN
INVALID  |        0|     0.00|      ---|      ---|      NaN|      NaN|      ---
Average mutliget length: NaN
================================================================================
WORKER 15:
Type     |Total    |Ops/sec  |Hits/sec |Miss/Sec |Resp Time|Proc Time|Srvr Time
SET      |        0|     0.00|     0.00|     0.00|      NaN|      NaN|      NaN
GET      |    30317|   336.86|   336.86|     0.00|  6408.82|  2856.92|  2814.77
MULTIGET |        0|     0.00|     0.00|     0.00|      NaN|      NaN|      NaN
INVALID  |        0|     0.00|      ---|      ---|      NaN|      NaN|      ---
Average mutliget length: NaN
================================================================================
WORKER 16:
Type     |Total    |Ops/sec  |Hits/sec |Miss/Sec |Resp Time|Proc Time|Srvr Time
SET      |        0|     0.00|     0.00|     0.00|      NaN|      NaN|      NaN
GET      |    30259|   336.21|   336.21|     0.00|  6419.62|  2863.41|  2821.41
MULTIGET |        0|     0.00|     0.00|     0.00|      NaN|      NaN|      NaN
INVALID  |        0|     0.00|      ---|      ---|      NaN|      NaN|      ---
Average mutliget length: NaN
================================================================================
WORKER 17:
Type     |Total    |Ops/sec  |Hits/sec |Miss/Sec |Resp Time|Proc Time|Srvr Time
SET      |        0|     0.00|     0.00|     0.00|      NaN|      NaN|      NaN
GET      |    30190|   335.44|   335.44|     0.00|  6411.15|  2867.89|  2826.04
MULTIGET |        0|     0.00|     0.00|     0.00|      NaN|      NaN|      NaN
INVALID  |        0|     0.00|      ---|      ---|      NaN|      NaN|      ---
Average mutliget length: NaN
================================================================================
WORKER 18:
Type     |Total    |Ops/sec  |Hits/sec |Miss/Sec |Resp Time|Proc Time|Srvr Time
SET      |        0|     0.00|     0.00|     0.00|      NaN|      NaN|      NaN
GET      |    30297|   336.63|   336.63|     0.00|  6396.88|  2858.13|  2817.49
MULTIGET |        0|     0.00|     0.00|     0.00|      NaN|      NaN|      NaN
INVALID  |        0|     0.00|      ---|      ---|      NaN|      NaN|      ---
Average mutliget length: NaN
================================================================================
WORKER 19:
Type     |Total    |Ops/sec  |Hits/sec |Miss/Sec |Resp Time|Proc Time|Srvr Time
SET      |        0|     0.00|     0.00|     0.00|      NaN|      NaN|      NaN
GET      |    30177|   335.30|   335.30|     0.00|  6409.75|  2870.31|  2827.72
MULTIGET |        0|     0.00|     0.00|     0.00|      NaN|      NaN|      NaN
INVALID  |        0|     0.00|      ---|      ---|      NaN|      NaN|      ---
Average mutliget length: NaN
================================================================================
WORKER 20:
Type     |Total    |Ops/sec  |Hits/sec |Miss/Sec |Resp Time|Proc Time|Srvr Time
SET      |        0|     0.00|     0.00|     0.00|      NaN|      NaN|      NaN
GET      |    30003|   333.37|   333.37|     0.00|  6421.18|  2887.44|  2843.96
MULTIGET |        0|     0.00|     0.00|     0.00|      NaN|      NaN|      NaN
INVALID  |        0|     0.00|      ---|      ---|      NaN|      NaN|      ---
Average mutliget length: NaN
================================================================================
WORKER 21:
Type     |Total    |Ops/sec  |Hits/sec |Miss/Sec |Resp Time|Proc Time|Srvr Time
SET      |        0|     0.00|     0.00|     0.00|      NaN|      NaN|      NaN
GET      |    30227|   335.86|   335.86|     0.00|  6394.15|  2863.93|  2822.51
MULTIGET |        0|     0.00|     0.00|     0.00|      NaN|      NaN|      NaN
INVALID  |        0|     0.00|      ---|      ---|      NaN|      NaN|      ---
Average mutliget length: NaN
================================================================================
WORKER 22:
Type     |Total    |Ops/sec  |Hits/sec |Miss/Sec |Resp Time|Proc Time|Srvr Time
SET      |        0|     0.00|     0.00|     0.00|      NaN|      NaN|      NaN
GET      |    30204|   335.60|   335.60|     0.00|  6417.33|  2870.50|  2828.50
MULTIGET |        0|     0.00|     0.00|     0.00|      NaN|      NaN|      NaN
INVALID  |        0|     0.00|      ---|      ---|      NaN|      NaN|      ---
Average mutliget length: NaN
================================================================================
WORKER 23:
Type     |Total    |Ops/sec  |Hits/sec |Miss/Sec |Resp Time|Proc Time|Srvr Time
SET      |        0|     0.00|     0.00|     0.00|      NaN|      NaN|      NaN
GET      |    30449|   338.32|   338.32|     0.00|  6398.67|  2849.21|  2807.83
MULTIGET |        0|     0.00|     0.00|     0.00|      NaN|      NaN|      NaN
INVALID  |        0|     0.00|      ---|      ---|      NaN|      NaN|      ---
Average mutliget length: NaN
================================================================================
WORKER 24:
Type     |Total    |Ops/sec  |Hits/sec |Miss/Sec |Resp Time|Proc Time|Srvr Time
SET      |        0|     0.00|     0.00|     0.00|      NaN|      NaN|      NaN
GET      |    30101|   334.46|   334.46|     0.00|  6410.47|  2876.46|  2835.39
MULTIGET |        0|     0.00|     0.00|     0.00|      NaN|      NaN|      NaN
INVALID  |        0|     0.00|      ---|      ---|      NaN|      NaN|      ---
Average mutliget length: NaN
================================================================================
WORKER 25:
Type     |Total    |Ops/sec  |Hits/sec |Miss/Sec |Resp Time|Proc Time|Srvr Time
SET      |        0|     0.00|     0.00|     0.00|      NaN|      NaN|      NaN
GET      |    30153|   335.03|   335.03|     0.00|  6418.46|  2874.12|  2832.00
MULTIGET |        0|     0.00|     0.00|     0.00|      NaN|      NaN|      NaN
INVALID  |        0|     0.00|      ---|      ---|      NaN|      NaN|      ---
Average mutliget length: NaN
================================================================================
WORKER 26:
Type     |Total    |Ops/sec  |Hits/sec |Miss/Sec |Resp Time|Proc Time|Srvr Time
SET      |        0|     0.00|     0.00|     0.00|      NaN|      NaN|      NaN
GET      |    30278|   336.42|   336.42|     0.00|  6399.51|  2860.16|  2819.40
MULTIGET |        0|     0.00|     0.00|     0.00|      NaN|      NaN|      NaN
INVALID  |        0|     0.00|      ---|      ---|      NaN|      NaN|      ---
Average mutliget length: NaN
================================================================================
WORKER 27:
Type     |Total    |Ops/sec  |Hits/sec |Miss/Sec |Resp Time|Proc Time|Srvr Time
SET      |        0|     0.00|     0.00|     0.00|      NaN|      NaN|      NaN
GET      |    30128|   334.76|   334.76|     0.00|  6422.93|  2874.07|  2830.38
MULTIGET |        0|     0.00|     0.00|     0.00|      NaN|      NaN|      NaN
INVALID  |        0|     0.00|      ---|      ---|      NaN|      NaN|      ---
Average mutliget length: NaN
================================================================================
WORKER 28:
Type     |Total    |Ops/sec  |Hits/sec |Miss/Sec |Resp Time|Proc Time|Srvr Time
SET      |        0|     0.00|     0.00|     0.00|      NaN|      NaN|      NaN
GET      |    30286|   336.51|   336.51|     0.00|  6403.29|  2861.53|  2818.94
MULTIGET |        0|     0.00|     0.00|     0.00|      NaN|      NaN|      NaN
INVALID  |        0|     0.00|      ---|      ---|      NaN|      NaN|      ---
Average mutliget length: NaN
================================================================================
WORKER 29:
Type     |Total    |Ops/sec  |Hits/sec |Miss/Sec |Resp Time|Proc Time|Srvr Time
SET      |        0|     0.00|     0.00|     0.00|      NaN|      NaN|      NaN
GET      |    30153|   335.03|   335.03|     0.00|  6416.58|  2871.37|  2829.34
MULTIGET |        0|     0.00|     0.00|     0.00|      NaN|      NaN|      NaN
INVALID  |        0|     0.00|      ---|      ---|      NaN|      NaN|      ---
Average mutliget length: NaN
================================================================================
WORKER 30:
Type     |Total    |Ops/sec  |Hits/sec |Miss/Sec |Resp Time|Proc Time|Srvr Time
SET      |        0|     0.00|     0.00|     0.00|      NaN|      NaN|      NaN
GET      |    30231|   335.90|   335.90|     0.00|  6420.76|  2869.16|  2827.52
MULTIGET |        0|     0.00|     0.00|     0.00|      NaN|      NaN|      NaN
INVALID  |        0|     0.00|      ---|      ---|      NaN|      NaN|      ---
Average mutliget length: NaN
================================================================================
WORKER 31:
Type     |Total    |Ops/sec  |Hits/sec |Miss/Sec |Resp Time|Proc Time|Srvr Time
SET      |        0|     0.00|     0.00|     0.00|      NaN|      NaN|      NaN
GET      |    30185|   335.39|   335.39|     0.00|  6427.86|  2871.46|  2831.05
MULTIGET |        0|     0.00|     0.00|     0.00|      NaN|      NaN|      NaN
INVALID  |        0|     0.00|      ---|      ---|      NaN|      NaN|      ---
Average mutliget length: NaN
================================================================================
================================================================================

AGGREGATE FOR ALL WORKERS:
Type     |Total    |Ops/sec  |Hits/sec |Miss/Sec |Resp Time|Proc Time|Srvr Time
SET      |        0|     0.00|     0.00|     0.00|      NaN|      NaN|      NaN
GET      |   966671| 10740.79| 10740.79|     0.00|  6412.64|  2867.91|  2826.52
MULTIGET |        0|     0.00|     0.00|     0.00|      NaN|      NaN|      NaN
INVALID  |        0|     0.00|      ---|      ---|      NaN|      NaN|      ---
Average mutliget length: NaN


 HISTOGRAM
  Response time (ms)   Percent
                 0.1      0.00%
                 0.2      0.00%
                 0.3      0.00%
                 0.4      0.00%
                 0.5      0.00%
                 0.6      0.00%
                 0.7      0.02%
                 0.8      0.04%
                 0.9      0.07%
                 1.0      0.11%
                 1.1      0.15%
                 1.2      0.21%
                 1.3      0.27%
                 1.4      0.33%
                 1.5      0.41%
                 1.6      0.48%
                 1.7      0.58%
                 1.8      0.69%
                 1.9      0.81%
                 2.0      0.94%
                 2.1      1.11%
                 2.2      1.30%
                 2.3      1.52%
                 2.4      1.78%
                 2.5      2.09%
                 2.6      2.43%
                 2.7      2.79%
                 2.8      3.19%
                 2.9      3.64%
                 3.0      4.13%
                 3.1      4.68%
                 3.2      5.30%
                 3.3      5.99%
                 3.4      6.77%
                 3.5      7.62%
                 3.6      8.59%
                 3.7      9.64%
                 3.8     10.80%
                 3.9     12.04%
                 4.0     13.36%
                 4.1     14.77%
                 4.2     16.25%
                 4.3     17.78%
                 4.4     19.34%
                 4.5     20.97%
                 4.6     22.66%
                 4.7     24.39%
                 4.8     26.16%
                 4.9     28.00%
                 5.0     29.84%
                 5.1     31.73%
                 5.2     33.65%
                 5.3     35.60%
                 5.4     37.54%
                 5.5     39.52%
                 5.6     41.45%
                 5.7     43.34%
                 5.8     45.22%
                 5.9     47.07%
                 6.0     48.89%
                 6.1     50.62%
                 6.2     52.34%
                 6.3     54.02%
                 6.4     55.61%
                 6.5     57.15%
                 6.6     58.63%
                 6.7     60.06%
                 6.8     61.43%
                 6.9     62.77%
                 7.0     64.07%
                 7.1     65.35%
                 7.2     66.59%
                 7.3     67.83%
                 7.4     69.04%
                 7.5     70.25%
                 7.6     71.43%
                 7.7     72.62%
                 7.8     73.82%
                 7.9     75.03%
                 8.0     76.26%
                 8.1     77.48%
                 8.2     78.70%
                 8.3     79.94%
                 8.4     81.19%
                 8.5     82.44%
                 8.6     83.66%
                 8.7     84.88%
                 8.8     86.06%
                 8.9     87.19%
                 9.0     88.27%
                 9.1     89.30%
                 9.2     90.24%
                 9.3     91.09%
                 9.4     91.85%
                 9.5     92.53%
                 9.6     93.15%
                 9.7     93.72%
                 9.8     94.21%
                 9.9     94.63%
                10.0     94.99%
                10.1     95.32%
                10.2     95.61%
                10.3     95.88%
                10.4     96.11%
                10.5     96.33%
                10.6     96.52%
                10.7     96.69%
                10.8     96.86%
                10.9     97.01%
                11.0     97.16%
                11.1     97.30%
                11.2     97.42%
                11.3     97.53%
                11.4     97.63%
                11.5     97.74%
                11.6     97.84%
                11.7     97.92%
                11.8     98.01%
                11.9     98.10%
                12.0     98.18%
                12.1     98.25%
                12.2     98.32%
                12.3     98.39%
                12.4     98.45%
                12.5     98.51%
                12.6     98.57%
                12.7     98.63%
                12.8     98.69%
                12.9     98.74%
                13.0     98.78%
                13.1     98.83%
                13.2     98.87%
                13.3     98.91%
                13.4     98.94%
                13.5     98.98%
                13.6     99.01%
                13.7     99.05%
                13.8     99.08%
                13.9     99.11%
                14.0     99.14%
                14.1     99.17%
                14.2     99.20%
                14.3     99.23%
                14.4     99.26%
                14.5     99.28%
                14.6     99.31%
                14.7     99.33%
                14.8     99.35%
                14.9     99.37%
                15.0     99.39%
                15.1     99.41%
                15.2     99.43%
                15.3     99.45%
                15.4     99.47%
                15.5     99.49%
                15.6     99.51%
                15.7     99.52%
                15.8     99.54%
                15.9     99.55%
                16.0     99.56%
                16.1     99.57%
                16.2     99.58%
                16.3     99.59%
                16.4     99.60%
                16.5     99.62%
                16.6     99.63%
                16.7     99.64%
                16.8     99.65%
                16.9     99.66%
                17.0     99.67%
                17.1     99.68%
                17.2     99.69%
                17.3     99.70%
                17.4     99.71%
                17.5     99.71%
                17.6     99.72%
                17.7     99.73%
                17.8     99.73%
                17.9     99.74%
                18.0     99.75%
                18.1     99.76%
                18.2     99.76%
                18.3     99.77%
                18.4     99.77%
                18.5     99.78%
                18.6     99.79%
                18.7     99.79%
                18.8     99.80%
                18.9     99.80%
                19.0     99.81%
                19.1     99.82%
                19.2     99.82%
                19.3     99.83%
                19.4     99.83%
                19.5     99.84%
                19.6     99.84%
                19.7     99.85%
                19.8     99.85%
                19.9     99.85%
                20.0     99.86%
                20.1     99.86%
                20.2     99.86%
                20.3     99.87%
                20.4     99.87%
                20.5     99.87%
                20.6     99.88%
                20.7     99.88%
                20.8     99.88%
                20.9     99.88%
                21.0     99.89%
                21.1     99.89%
                21.2     99.89%
                21.3     99.90%
                21.4     99.90%
                21.5     99.90%
                21.6     99.90%
                21.7     99.91%
                21.8     99.91%
                21.9     99.91%
                22.0     99.91%
                22.1     99.91%
                22.2     99.92%
                22.3     99.92%
                22.4     99.92%
                22.5     99.92%
                22.6     99.92%
                22.7     99.92%
                22.8     99.92%
                22.9     99.93%
                23.0     99.93%
                23.1     99.93%
                23.2     99.93%
                23.3     99.93%
                23.4     99.93%
                23.5     99.93%
                23.6     99.93%
                23.7     99.93%
                23.8     99.93%
                23.9     99.93%
                24.0     99.93%
                24.1     99.94%
                24.2     99.94%
                24.3     99.94%
                24.4     99.94%
                24.5     99.94%
                24.6     99.94%
                24.7     99.94%
                24.8     99.94%
                24.9     99.94%
                25.0     99.94%
                25.1     99.94%
                25.2     99.94%
                25.3     99.94%
                25.4     99.94%
                25.5     99.94%
                25.6     99.94%
                25.7     99.95%
                25.8     99.95%
                25.9     99.95%
                26.0     99.95%
                26.1     99.95%
                26.2     99.95%
                26.3     99.95%
                26.4     99.95%
                26.5     99.95%
                26.6     99.95%
                26.7     99.95%
                26.8     99.95%
                26.9     99.95%
                27.0     99.95%
                27.1     99.95%
                27.2     99.95%
                27.3     99.95%
                27.4     99.95%
                27.5     99.95%
                27.6     99.95%
                27.7     99.95%
                27.8     99.95%
                27.9     99.95%
                28.0     99.95%
                28.1     99.95%
                28.2     99.95%
                28.3     99.95%
                28.4     99.95%
                28.5     99.96%
                28.6     99.96%
                28.7     99.96%
                28.8     99.96%
                28.9     99.96%
                29.0     99.96%
                29.1     99.96%
                29.2     99.96%
                29.3     99.96%
                29.4     99.96%
                29.5     99.96%
                29.6     99.96%
                29.7     99.96%
                29.8     99.96%
                29.9     99.96%
                30.0     99.96%
                30.1     99.96%
                30.2     99.96%
                30.3     99.97%
                30.4     99.97%
                30.5     99.97%
                30.6     99.97%
                30.7     99.97%
                30.8     99.97%
                30.9     99.97%
                31.0     99.97%
                31.1     99.97%
                31.2     99.97%
                31.3     99.97%
                31.4     99.97%
                31.5     99.97%
                31.6     99.97%
                31.7     99.97%
                31.8     99.97%
                31.9     99.97%
                32.0     99.97%
                32.1     99.97%
                32.2     99.97%
                32.3     99.97%
                32.4     99.97%
                32.5     99.97%
                32.6     99.97%
                32.7     99.97%
                32.8     99.97%
                32.9     99.97%
                33.0     99.97%
                33.1     99.97%
                33.2     99.97%
                33.3     99.97%
                33.4     99.97%
                33.5     99.97%
                33.6     99.97%
                33.7     99.97%
                33.8     99.97%
                33.9     99.97%
                34.0     99.97%
                34.1     99.97%
                34.2     99.97%
                34.3     99.97%
                34.4     99.97%
                34.5     99.97%
                34.6     99.97%
                34.7     99.97%
                34.8     99.97%
                34.9     99.97%
                35.0     99.97%
                35.1     99.98%
                35.2     99.98%
                35.3     99.98%
                35.4     99.98%
                35.5     99.98%
                35.6     99.98%
                35.7     99.98%
                35.8     99.98%
                35.9     99.98%
                36.0     99.98%
                36.1     99.98%
                36.2     99.98%
                36.3     99.98%
                36.4     99.98%
                36.5     99.98%
                36.6     99.98%
                36.7     99.98%
                36.8     99.98%
                36.9     99.98%
                37.0     99.98%
                37.1     99.98%
                37.2     99.98%
                37.3     99.98%
                37.4     99.98%
                37.5     99.98%
                37.6     99.98%
                37.7     99.98%
                37.8     99.98%
                37.9     99.98%
                38.0     99.98%
                38.1     99.98%
                38.2     99.98%
                38.3     99.98%
                38.4     99.98%
                38.5     99.98%
                38.6     99.98%
                38.7     99.98%
                38.8     99.98%
                38.9     99.98%
                39.0     99.98%
                39.1     99.98%
                39.2     99.98%
                39.3     99.98%
                39.4     99.98%
                39.5     99.98%
                39.6     99.98%
                39.7     99.98%
                39.8     99.98%
                39.9     99.98%
                40.0     99.98%
                40.1     99.99%
                40.2     99.99%
                40.3     99.99%
                40.4     99.99%
                40.5     99.99%
                40.6     99.99%
                40.7     99.99%
                40.8     99.99%
                40.9     99.99%
                41.0     99.99%
                41.1     99.99%
                41.2     99.99%
                41.3     99.99%
                41.4     99.99%
                41.5     99.99%
                41.6     99.99%
                41.7     99.99%
                41.8     99.99%
                41.9     99.99%
                42.0     99.99%
                42.1     99.99%
                42.2     99.99%
                42.3     99.99%
                42.4     99.99%
                42.5     99.99%
                42.6     99.99%
                42.7     99.99%
                42.8     99.99%
                42.9     99.99%
                43.0     99.99%
                43.1     99.99%
                43.2     99.99%
                43.3     99.99%
                43.4     99.99%
                43.5     99.99%
                43.6     99.99%
                43.7     99.99%
                43.8     99.99%
                43.9     99.99%
                44.0     99.99%
                44.1     99.99%
                44.2     99.99%
                44.3     99.99%
                44.4     99.99%
                44.5     99.99%
                44.6     99.99%
                44.7     99.99%
                44.8     99.99%
                44.9     99.99%
                45.0     99.99%
                45.1     99.99%
                45.2     99.99%
                45.3     99.99%
                45.4     99.99%
                45.5     99.99%
                45.6     99.99%
                45.7     99.99%
                45.8     99.99%
                45.9     99.99%
                46.0     99.99%
                46.1     99.99%
                46.2     99.99%
                46.3     99.99%
                46.4     99.99%
                46.5     99.99%
                46.6     99.99%
                46.7     99.99%
                46.8     99.99%
                46.9     99.99%
                47.0     99.99%
                47.1     99.99%
                47.2     99.99%
                47.3     99.99%
                47.4     99.99%
                47.5     99.99%
                47.6     99.99%
                47.7     99.99%
                47.8     99.99%
                47.9     99.99%
                48.0     99.99%
                48.1     99.99%
                48.2     99.99%
                48.3     99.99%
                48.4     99.99%
                48.5     99.99%
                48.6     99.99%
                48.7     99.99%
                48.8     99.99%
                48.9     99.99%
                49.0     99.99%
                49.1     99.99%
                49.2     99.99%
                49.3     99.99%
                49.4     99.99%
                49.5     99.99%
                49.6     99.99%
                49.7     99.99%
                49.8     99.99%
                49.9     99.99%
                50.0     99.99%
                50.1     99.99%
                50.2     99.99%
                50.3     99.99%
                50.4     99.99%
                50.5     99.99%
                50.6     99.99%
                50.7     99.99%
                50.8     99.99%
                50.9     99.99%
                51.0     99.99%
                51.1     99.99%
                51.2     99.99%
                51.3     99.99%
                51.4     99.99%
                51.5     99.99%
                51.6     99.99%
                51.7     99.99%
                51.8     99.99%
                51.9     99.99%
                52.0     99.99%
                52.1     99.99%
                52.2     99.99%
                52.3     99.99%
                52.4     99.99%
                52.5     99.99%
                52.6     99.99%
                52.7     99.99%
                52.8     99.99%
                52.9     99.99%
                53.0     99.99%
                53.1     99.99%
                53.2     99.99%
                53.3     99.99%
                53.4     99.99%
                53.5     99.99%
                53.6     99.99%
                53.7     99.99%
                53.8     99.99%
                53.9     99.99%
                54.0     99.99%
                54.1     99.99%
                54.2     99.99%
                54.3     99.99%
                54.4     99.99%
                54.5     99.99%
                54.6     99.99%
                54.7     99.99%
                54.8     99.99%
                54.9     99.99%
                55.0     99.99%
                55.1     99.99%
                55.2     99.99%
                55.3     99.99%
                55.4     99.99%
                55.5     99.99%
                55.6     99.99%
                55.7     99.99%
                55.8     99.99%
                55.9     99.99%
                56.0     99.99%
                56.1     99.99%
                56.2     99.99%
                56.3     99.99%
                56.4     99.99%
                56.5     99.99%
                56.6     99.99%
                56.7     99.99%
                56.8     99.99%
                56.9     99.99%
                57.0     99.99%
                57.1     99.99%
                57.2     99.99%
                57.3     99.99%
                57.4     99.99%
                57.5     99.99%
                57.6     99.99%
                57.7     99.99%
                57.8     99.99%
                57.9     99.99%
                58.0     99.99%
                58.1     99.99%
                58.2     99.99%
                58.3     99.99%
                58.4     99.99%
                58.5     99.99%
                58.6     99.99%
                58.7     99.99%
                58.8     99.99%
                58.9     99.99%
                59.0     99.99%
                59.1     99.99%
                59.2     99.99%
                59.3     99.99%
                59.4     99.99%
                59.5     99.99%
                59.6     99.99%
                59.7     99.99%
                59.8     99.99%
                59.9     99.99%
                60.0     99.99%
                60.1     99.99%
                60.2     99.99%
                60.3     99.99%
                60.4     99.99%
                60.5     99.99%
                60.6     99.99%
                60.7     99.99%
                60.8     99.99%
                60.9     99.99%
                61.0     99.99%
                61.1     99.99%
                61.2     99.99%
                61.3     99.99%
                61.4     99.99%
                61.5     99.99%
                61.6     99.99%
                61.7     99.99%
                61.8     99.99%
                61.9     99.99%
                62.0     99.99%
                62.1     99.99%
                62.2     99.99%
                62.3     99.99%
                62.4     99.99%
                62.5     99.99%
                62.6     99.99%
                62.7     99.99%
                62.8     99.99%
                62.9     99.99%
                63.0     99.99%
                63.1     99.99%
                63.2     99.99%
                63.3     99.99%
                63.4     99.99%
                63.5     99.99%
                63.6     99.99%
                63.7     99.99%
                63.8     99.99%
                63.9     99.99%
                64.0     99.99%
                64.1     99.99%
                64.2     99.99%
                64.3     99.99%
                64.4     99.99%
                64.5     99.99%
                64.6     99.99%
                64.7     99.99%
                64.8     99.99%
                64.9     99.99%
                65.0     99.99%
                65.1     99.99%
                65.2     99.99%
                65.3     99.99%
                65.4     99.99%
                65.5     99.99%
                65.6     99.99%
                65.7     99.99%
                65.8     99.99%
                65.9     99.99%
                66.0     99.99%
                66.1     99.99%
                66.2     99.99%
                66.3     99.99%
                66.4     99.99%
                66.5     99.99%
                66.6     99.99%
                66.7     99.99%
                66.8     99.99%
                66.9     99.99%
                67.0     99.99%
                67.1     99.99%
                67.2     99.99%
                67.3     99.99%
                67.4     99.99%
                67.5     99.99%
                67.6     99.99%
                67.7     99.99%
                67.8     99.99%
                67.9     99.99%
                68.0     99.99%
                68.1     99.99%
                68.2     99.99%
                68.3    100.00%
                68.4    100.00%
                68.5    100.00%
                68.6    100.00%
                68.7    100.00%
                68.8    100.00%
                68.9    100.00%
                69.0    100.00%
                69.1    100.00%
                69.2    100.00%
                69.3    100.00%
                69.4    100.00%
                69.5    100.00%
                69.6    100.00%
                69.7    100.00%
                69.8    100.00%
                69.9    100.00%
                70.0    100.00%
                70.1    100.00%
                70.2    100.00%
                70.3    100.00%
                70.4    100.00%
                70.5    100.00%
                70.6    100.00%
                70.7    100.00%
                70.8    100.00%
                70.9    100.00%
                71.0    100.00%
                71.1    100.00%
                71.2    100.00%
                71.3    100.00%
                71.4    100.00%
                71.5    100.00%
                71.6    100.00%

