Threads: 16, Sharded reads: false, Number of Memcached servers: 3.

All measures in microseconds.
  SETS   GETS  MGETS   INVLD    TOT   HITS     RSP T      Q T     SVR T  Q LEN
 36987      0      0       0  36987  36987   3789.45   669.69   3077.63      6
  4885      0      0       0   4885   4885   3609.38   617.30   2952.97      0
  4760      0      0       0   4760   4760   3754.67   668.36   3049.54      1
  4805      0      0       0   4805   4805   3852.97   715.34   3097.17      3
  4715      0      0       0   4715   4715   3767.07   677.80   3053.41      8
  4959      0      0       0   4959   4959   3573.41   628.89   2905.02      6
  4179      0      0       0   4179   4179   4286.68   884.00   3365.15      8
  4511      0      0       0   4511   4511   3846.93   699.32   3112.96      1
  4824      0      0       0   4824   4824   3651.93   632.54   2983.79      0
  4755      0      0       0   4755   4755   3695.44   617.60   3042.19      6
  4911      0      0       0   4911   4911   3603.13   617.72   2947.90      3
  4488      0      0       0   4488   4488   3908.33   707.96   3146.77      5
  4214      0      0       0   4214   4214   4060.20   716.36   3303.86      8
  4837      0      0       0   4837   4837   3542.38   587.69   2913.45      6
  4825      0      0       0   4825   4825   3651.01   626.02   2992.12      1
  4819      0      0       0   4819   4819   3633.32   618.48   2980.81      0
  4865      0      0       0   4865   4865   3605.94   601.63   2969.20      3
  4810      0      0       0   4810   4810   3684.76   619.80   3030.99      0
  4433      0      0       0   4433   4433   3933.61   721.22   3174.48      6
  4818      0      0       0   4818   4818   3682.62   622.71   3022.58      4
  4775      0      0       0   4775   4775   3718.26   651.14   3030.93      2
  4138      0      0       0   4138   4138   4316.31   862.04   3415.82      0
  4467      0      0       0   4467   4467   3926.34   743.53   3141.29      4
  4372      0      0       0   4372   4372   4035.64   803.74   3192.03      5
  4736      0      0       0   4736   4736   3666.58   604.67   3023.77      1
  4840      0      0       0   4840   4840   3643.25   621.42   2988.28      1
  4704      0      0       0   4704   4704   3728.96   659.23   3030.07      5
  4936      0      0       0   4936   4936   3473.17   549.33   2889.05      0
  4828      0      0       0   4828   4828   3579.62   597.18   2948.44      9
  4509      0      0       0   4509   4509   3852.96   698.33   3112.57      0
  4743      0      0       0   4743   4743   3644.23   607.27   2998.63     13
  4705      0      0       0   4705   4705   3801.22   681.31   3083.15      3
  4901      0      0       0   4901   4901   3600.21   621.54   2941.70      5
  4510      0      0       0   4510   4510   3909.04   696.67   3173.09      2
  4917      0      0       0   4917   4917   3541.93   562.77   2938.75      6
  4974      0      0       0   4974   4974   3511.96   574.29   2903.29      0
  4236      0      0       0   4236   4236   4072.04   804.57   3226.89      8
  4490      0      0       0   4490   4490   4038.85   791.90   3213.95      0
  4759      0      0       0   4759   4759   3791.29   695.77   3057.89      0
  4671      0      0       0   4671   4671   3719.21   619.31   3059.76      0
  4442      0      0       0   4442   4442   3933.27   695.67   3199.72      3
  4654      0      0       0   4654   4654   3736.71   656.60   3043.25      4
  4749      0      0       0   4749   4749   3627.25   596.53   2983.75      0
  5002      0      0       0   5002   5002   3551.64   590.49   2921.34      5
  4592      0      0       0   4592   4592   3770.28   669.59   3063.40      8
  4958      0      0       0   4958   4958   3544.82   586.75   2921.31      7
  4587      0      0       0   4587   4587   3909.06   730.86   3142.72      1
  5031      0      0       0   5031   5031   3484.87   554.67   2893.13      7
  4502      0      0       0   4502   4502   3872.57   709.22   3123.27      2
  4702      0      0       0   4702   4702   3754.98   684.11   3031.29      5
  4878      0      0       0   4878   4878   3555.67   606.99   2911.87      5
  3928      0      0       0   3928   3928   4350.30   845.89   3466.51      5
  4645      0      0       0   4645   4645   3854.35   735.71   3085.62      1
  4906      0      0       0   4906   4906   3618.50   624.40   2956.95      0
  4621      0      0       0   4621   4621   3800.01   689.11   3073.76      4
  4747      0      0       0   4747   4747   3718.76   655.44   3025.37      4
  4688      0      0       0   4688   4688   3671.62   640.96   2992.43      5
  4887      0      0       0   4887   4887   3618.90   624.27   2955.13      4
  4765      0      0       0   4765   4765   3699.43   637.60   3023.43      0
  4577      0      0       0   4577   4577   3837.83   693.99   3104.85      8
  4460      0      0       0   4460   4460   3916.75   713.77   3167.48      8
  4931      0      0       0   4931   4931   3556.84   591.30   2925.99      6
  4782      0      0       0   4782   4782   3629.09   605.18   2990.21      4
  4433      0      0       0   4433   4433   3980.23   748.40   3193.34      8
  4776      0      0       0   4776   4776   3747.41   671.67   3034.93      1
  4924      0      0       0   4924   4924   3556.63   575.31   2944.52      5
  3997      0      0       0   3997   3997   4280.45   837.15   3400.44      0
  4486      0      0       0   4486   4486   3966.47   730.58   3198.48      0
  5063      0      0       0   5063   5063   3493.89   596.76   2861.53      1
  4774      0      0       0   4774   4774   3707.88   658.54   3008.95      3
  4684      0      0       0   4684   4684   3830.99   691.51   3103.64      1
  4256      0      0       0   4256   4256   4016.52   712.66   3264.87      9
  4146      0      0       0   4146   4146   4129.24   775.43   3314.58      4
  4913      0      0       0   4913   4913   3573.80   610.22   2927.05      0
  4577      0      0       0   4577   4577   3794.67   672.26   3083.54      3
  4767      0      0       0   4767   4767   3712.50   638.62   3035.92      7
  4915      0      0       0   4915   4915   3561.08   593.83   2933.41      6
  4966      0      0       0   4966   4966   3543.95   594.05   2910.52      2
  4675      0      0       0   4675   4675   3710.06   676.29   2989.33      0
  4920      0      0       0   4920   4920   3556.11   584.90   2935.08      5
  4723      0      0       0   4723   4723   3612.66   570.36   3001.11      7
  3901      0      0       0   3901   3901   4210.81   770.80   3378.89      0
   956      0      0       0    956    956   2849.18   165.07   2648.04      0
     0      0      0       0      0      0       NaN      NaN       NaN      0
     0      0      0       0      0      0       NaN      NaN       NaN      0
     0      0      0       0      0      0       NaN      NaN       NaN      0
================================================================================
ALL STATS (timing measures are in microseconds)
WORKER 0:
Type     |Total    |Ops/sec  |Hits/sec |Miss/Sec |Resp Time|Proc Time|Srvr Time
SET      |    25940|   288.22|   288.22|     0.00|  3751.34|  3097.78|  3059.24
GET      |        0|     0.00|     0.00|     0.00|      NaN|      NaN|      NaN
MULTIGET |        0|     0.00|     0.00|     0.00|      NaN|      NaN|      NaN
INVALID  |        0|     0.00|      ---|      ---|      NaN|      NaN|      ---
Average mutliget length: NaN
================================================================================
WORKER 1:
Type     |Total    |Ops/sec  |Hits/sec |Miss/Sec |Resp Time|Proc Time|Srvr Time
SET      |    26038|   289.31|   289.31|     0.00|  3735.52|  3087.56|  3049.33
GET      |        0|     0.00|     0.00|     0.00|      NaN|      NaN|      NaN
MULTIGET |        0|     0.00|     0.00|     0.00|      NaN|      NaN|      NaN
INVALID  |        0|     0.00|      ---|      ---|      NaN|      NaN|      ---
Average mutliget length: NaN
================================================================================
WORKER 2:
Type     |Total    |Ops/sec  |Hits/sec |Miss/Sec |Resp Time|Proc Time|Srvr Time
SET      |    26031|   289.23|   289.23|     0.00|  3741.16|  3093.14|  3054.93
GET      |        0|     0.00|     0.00|     0.00|      NaN|      NaN|      NaN
MULTIGET |        0|     0.00|     0.00|     0.00|      NaN|      NaN|      NaN
INVALID  |        0|     0.00|      ---|      ---|      NaN|      NaN|      ---
Average mutliget length: NaN
================================================================================
WORKER 3:
Type     |Total    |Ops/sec  |Hits/sec |Miss/Sec |Resp Time|Proc Time|Srvr Time
SET      |    26062|   289.58|   289.58|     0.00|  3753.25|  3087.53|  3048.35
GET      |        0|     0.00|     0.00|     0.00|      NaN|      NaN|      NaN
MULTIGET |        0|     0.00|     0.00|     0.00|      NaN|      NaN|      NaN
INVALID  |        0|     0.00|      ---|      ---|      NaN|      NaN|      ---
Average mutliget length: NaN
================================================================================
WORKER 4:
Type     |Total    |Ops/sec  |Hits/sec |Miss/Sec |Resp Time|Proc Time|Srvr Time
SET      |    26115|   290.17|   290.17|     0.00|  3750.42|  3083.84|  3044.49
GET      |        0|     0.00|     0.00|     0.00|      NaN|      NaN|      NaN
MULTIGET |        0|     0.00|     0.00|     0.00|      NaN|      NaN|      NaN
INVALID  |        0|     0.00|      ---|      ---|      NaN|      NaN|      ---
Average mutliget length: NaN
================================================================================
WORKER 5:
Type     |Total    |Ops/sec  |Hits/sec |Miss/Sec |Resp Time|Proc Time|Srvr Time
SET      |    26057|   289.52|   289.52|     0.00|  3761.90|  3095.05|  3057.57
GET      |        0|     0.00|     0.00|     0.00|      NaN|      NaN|      NaN
MULTIGET |        0|     0.00|     0.00|     0.00|      NaN|      NaN|      NaN
INVALID  |        0|     0.00|      ---|      ---|      NaN|      NaN|      ---
Average mutliget length: NaN
================================================================================
WORKER 6:
Type     |Total    |Ops/sec  |Hits/sec |Miss/Sec |Resp Time|Proc Time|Srvr Time
SET      |    26022|   289.13|   289.13|     0.00|  3765.38|  3094.36|  3055.26
GET      |        0|     0.00|     0.00|     0.00|      NaN|      NaN|      NaN
MULTIGET |        0|     0.00|     0.00|     0.00|      NaN|      NaN|      NaN
INVALID  |        0|     0.00|      ---|      ---|      NaN|      NaN|      ---
Average mutliget length: NaN
================================================================================
WORKER 7:
Type     |Total    |Ops/sec  |Hits/sec |Miss/Sec |Resp Time|Proc Time|Srvr Time
SET      |    25995|   288.83|   288.83|     0.00|  3754.29|  3096.96|  3058.76
GET      |        0|     0.00|     0.00|     0.00|      NaN|      NaN|      NaN
MULTIGET |        0|     0.00|     0.00|     0.00|      NaN|      NaN|      NaN
INVALID  |        0|     0.00|      ---|      ---|      NaN|      NaN|      ---
Average mutliget length: NaN
================================================================================
WORKER 8:
Type     |Total    |Ops/sec  |Hits/sec |Miss/Sec |Resp Time|Proc Time|Srvr Time
SET      |    26079|   289.77|   289.77|     0.00|  3759.88|  3093.41|  3054.78
GET      |        0|     0.00|     0.00|     0.00|      NaN|      NaN|      NaN
MULTIGET |        0|     0.00|     0.00|     0.00|      NaN|      NaN|      NaN
INVALID  |        0|     0.00|      ---|      ---|      NaN|      NaN|      ---
Average mutliget length: NaN
================================================================================
WORKER 9:
Type     |Total    |Ops/sec  |Hits/sec |Miss/Sec |Resp Time|Proc Time|Srvr Time
SET      |    25988|   288.76|   288.76|     0.00|  3761.53|  3095.60|  3057.87
GET      |        0|     0.00|     0.00|     0.00|      NaN|      NaN|      NaN
MULTIGET |        0|     0.00|     0.00|     0.00|      NaN|      NaN|      NaN
INVALID  |        0|     0.00|      ---|      ---|      NaN|      NaN|      ---
Average mutliget length: NaN
================================================================================
WORKER 10:
Type     |Total    |Ops/sec  |Hits/sec |Miss/Sec |Resp Time|Proc Time|Srvr Time
SET      |    26059|   289.54|   289.54|     0.00|  3761.73|  3095.20|  3055.78
GET      |        0|     0.00|     0.00|     0.00|      NaN|      NaN|      NaN
MULTIGET |        0|     0.00|     0.00|     0.00|      NaN|      NaN|      NaN
INVALID  |        0|     0.00|      ---|      ---|      NaN|      NaN|      ---
Average mutliget length: NaN
================================================================================
WORKER 11:
Type     |Total    |Ops/sec  |Hits/sec |Miss/Sec |Resp Time|Proc Time|Srvr Time
SET      |    26020|   289.11|   289.11|     0.00|  3750.76|  3095.57|  3056.60
GET      |        0|     0.00|     0.00|     0.00|      NaN|      NaN|      NaN
MULTIGET |        0|     0.00|     0.00|     0.00|      NaN|      NaN|      NaN
INVALID  |        0|     0.00|      ---|      ---|      NaN|      NaN|      ---
Average mutliget length: NaN
================================================================================
WORKER 12:
Type     |Total    |Ops/sec  |Hits/sec |Miss/Sec |Resp Time|Proc Time|Srvr Time
SET      |    26025|   289.17|   289.17|     0.00|  3751.38|  3094.25|  3055.14
GET      |        0|     0.00|     0.00|     0.00|      NaN|      NaN|      NaN
MULTIGET |        0|     0.00|     0.00|     0.00|      NaN|      NaN|      NaN
INVALID  |        0|     0.00|      ---|      ---|      NaN|      NaN|      ---
Average mutliget length: NaN
================================================================================
WORKER 13:
Type     |Total    |Ops/sec  |Hits/sec |Miss/Sec |Resp Time|Proc Time|Srvr Time
SET      |    26055|   289.50|   289.50|     0.00|  3756.62|  3092.38|  3052.88
GET      |        0|     0.00|     0.00|     0.00|      NaN|      NaN|      NaN
MULTIGET |        0|     0.00|     0.00|     0.00|      NaN|      NaN|      NaN
INVALID  |        0|     0.00|      ---|      ---|      NaN|      NaN|      ---
Average mutliget length: NaN
================================================================================
WORKER 14:
Type     |Total    |Ops/sec  |Hits/sec |Miss/Sec |Resp Time|Proc Time|Srvr Time
SET      |    26019|   289.10|   289.10|     0.00|  3763.22|  3096.35|  3059.23
GET      |        0|     0.00|     0.00|     0.00|      NaN|      NaN|      NaN
MULTIGET |        0|     0.00|     0.00|     0.00|      NaN|      NaN|      NaN
INVALID  |        0|     0.00|      ---|      ---|      NaN|      NaN|      ---
Average mutliget length: NaN
================================================================================
WORKER 15:
Type     |Total    |Ops/sec  |Hits/sec |Miss/Sec |Resp Time|Proc Time|Srvr Time
SET      |    25992|   288.80|   288.80|     0.00|  3754.77|  3096.89|  3058.86
GET      |        0|     0.00|     0.00|     0.00|      NaN|      NaN|      NaN
MULTIGET |        0|     0.00|     0.00|     0.00|      NaN|      NaN|      NaN
INVALID  |        0|     0.00|      ---|      ---|      NaN|      NaN|      ---
Average mutliget length: NaN
================================================================================
================================================================================

AGGREGATE FOR ALL WORKERS:
Type     |Total    |Ops/sec  |Hits/sec |Miss/Sec |Resp Time|Proc Time|Srvr Time
SET      |   416497|  4627.74|  4627.74|     0.00|  3754.57|  3093.49|  3054.94
GET      |        0|     0.00|     0.00|     0.00|      NaN|      NaN|      NaN
MULTIGET |        0|     0.00|     0.00|     0.00|      NaN|      NaN|      NaN
INVALID  |        0|     0.00|      ---|      ---|      NaN|      NaN|      ---
Average mutliget length: NaN


 HISTOGRAM
  Response time (ms)   Percent
                 0.1      0.00%
                 0.2      0.00%
                 0.3      0.00%
                 0.4      0.00%
                 0.5      0.00%
                 0.6      0.00%
                 0.7      0.00%
                 0.8      0.00%
                 0.9      0.00%
                 1.0      0.00%
                 1.1      0.00%
                 1.2      0.00%
                 1.3      0.00%
                 1.4      0.00%
                 1.5      0.00%
                 1.6      0.00%
                 1.7      0.00%
                 1.8      0.00%
                 1.9      0.00%
                 2.0      0.04%
                 2.1      0.29%
                 2.2      1.02%
                 2.3      2.58%
                 2.4      5.12%
                 2.5      8.77%
                 2.6     13.60%
                 2.7     19.34%
                 2.8     25.53%
                 2.9     31.71%
                 3.0     37.59%
                 3.1     43.12%
                 3.2     48.13%
                 3.3     52.80%
                 3.4     57.03%
                 3.5     60.87%
                 3.6     64.28%
                 3.7     67.35%
                 3.8     70.06%
                 3.9     72.46%
                 4.0     74.60%
                 4.1     76.44%
                 4.2     78.01%
                 4.3     79.38%
                 4.4     80.59%
                 4.5     81.67%
                 4.6     82.64%
                 4.7     83.49%
                 4.8     84.28%
                 4.9     85.04%
                 5.0     85.80%
                 5.1     86.50%
                 5.2     87.15%
                 5.3     87.77%
                 5.4     88.39%
                 5.5     88.96%
                 5.6     89.52%
                 5.7     90.10%
                 5.8     90.61%
                 5.9     91.12%
                 6.0     91.59%
                 6.1     92.05%
                 6.2     92.48%
                 6.3     92.89%
                 6.4     93.25%
                 6.5     93.60%
                 6.6     93.92%
                 6.7     94.21%
                 6.8     94.48%
                 6.9     94.70%
                 7.0     94.91%
                 7.1     95.13%
                 7.2     95.29%
                 7.3     95.45%
                 7.4     95.60%
                 7.5     95.75%
                 7.6     95.88%
                 7.7     96.01%
                 7.8     96.15%
                 7.9     96.27%
                 8.0     96.41%
                 8.1     96.54%
                 8.2     96.67%
                 8.3     96.81%
                 8.4     96.95%
                 8.5     97.08%
                 8.6     97.22%
                 8.7     97.37%
                 8.8     97.52%
                 8.9     97.67%
                 9.0     97.80%
                 9.1     97.94%
                 9.2     98.08%
                 9.3     98.21%
                 9.4     98.35%
                 9.5     98.48%
                 9.6     98.61%
                 9.7     98.72%
                 9.8     98.82%
                 9.9     98.93%
                10.0     99.00%
                10.1     99.07%
                10.2     99.14%
                10.3     99.20%
                10.4     99.26%
                10.5     99.32%
                10.6     99.36%
                10.7     99.40%
                10.8     99.44%
                10.9     99.48%
                11.0     99.51%
                11.1     99.55%
                11.2     99.57%
                11.3     99.59%
                11.4     99.61%
                11.5     99.63%
                11.6     99.66%
                11.7     99.67%
                11.8     99.69%
                11.9     99.71%
                12.0     99.72%
                12.1     99.74%
                12.2     99.76%
                12.3     99.76%
                12.4     99.78%
                12.5     99.79%
                12.6     99.80%
                12.7     99.80%
                12.8     99.81%
                12.9     99.82%
                13.0     99.82%
                13.1     99.83%
                13.2     99.84%
                13.3     99.85%
                13.4     99.85%
                13.5     99.85%
                13.6     99.86%
                13.7     99.87%
                13.8     99.87%
                13.9     99.88%
                14.0     99.88%
                14.1     99.89%
                14.2     99.89%
                14.3     99.90%
                14.4     99.90%
                14.5     99.91%
                14.6     99.91%
                14.7     99.92%
                14.8     99.92%
                14.9     99.92%
                15.0     99.92%
                15.1     99.92%
                15.2     99.93%
                15.3     99.93%
                15.4     99.93%
                15.5     99.94%
                15.6     99.94%
                15.7     99.94%
                15.8     99.94%
                15.9     99.94%
                16.0     99.94%
                16.1     99.95%
                16.2     99.95%
                16.3     99.95%
                16.4     99.95%
                16.5     99.95%
                16.6     99.95%
                16.7     99.95%
                16.8     99.95%
                16.9     99.96%
                17.0     99.96%
                17.1     99.96%
                17.2     99.96%
                17.3     99.96%
                17.4     99.96%
                17.5     99.96%
                17.6     99.96%
                17.7     99.96%
                17.8     99.97%
                17.9     99.97%
                18.0     99.97%
                18.1     99.97%
                18.2     99.97%
                18.3     99.97%
                18.4     99.97%
                18.5     99.97%
                18.6     99.97%
                18.7     99.97%
                18.8     99.97%
                18.9     99.97%
                19.0     99.97%
                19.1     99.97%
                19.2     99.97%
                19.3     99.98%
                19.4     99.98%
                19.5     99.98%
                19.6     99.98%
                19.7     99.98%
                19.8     99.98%
                19.9     99.98%
                20.0     99.98%
                20.1     99.98%
                20.2     99.98%
                20.3     99.98%
                20.4     99.98%
                20.5     99.98%
                20.6     99.98%
                20.7     99.99%
                20.8     99.99%
                20.9     99.99%
                21.0     99.99%
                21.1     99.99%
                21.2     99.99%
                21.3     99.99%
                21.4     99.99%
                21.5     99.99%
                21.6     99.99%
                21.7     99.99%
                21.8     99.99%
                21.9     99.99%
                22.0     99.99%
                22.1     99.99%
                22.2     99.99%
                22.3     99.99%
                22.4     99.99%
                22.5     99.99%
                22.6     99.99%
                22.7     99.99%
                22.8     99.99%
                22.9     99.99%
                23.0     99.99%
                23.1     99.99%
                23.2     99.99%
                23.3     99.99%
                23.4     99.99%
                23.5     99.99%
                23.6     99.99%
                23.7     99.99%
                23.8     99.99%
                23.9     99.99%
                24.0     99.99%
                24.1     99.99%
                24.2     99.99%
                24.3     99.99%
                24.4     99.99%
                24.5     99.99%
                24.6     99.99%
                24.7     99.99%
                24.8     99.99%
                24.9     99.99%
                25.0     99.99%
                25.1     99.99%
                25.2     99.99%
                25.3     99.99%
                25.4     99.99%
                25.5     99.99%
                25.6     99.99%
                25.7     99.99%
                25.8     99.99%
                25.9     99.99%
                26.0     99.99%
                26.1     99.99%
                26.2     99.99%
                26.3     99.99%
                26.4     99.99%
                26.5     99.99%
                26.6     99.99%
                26.7     99.99%
                26.8     99.99%
                26.9     99.99%
                27.0     99.99%
                27.1     99.99%
                27.2     99.99%
                27.3     99.99%
                27.4     99.99%
                27.5     99.99%
                27.6     99.99%
                27.7     99.99%
                27.8     99.99%
                27.9     99.99%
                28.0     99.99%
                28.1     99.99%
                28.2     99.99%
                28.3     99.99%
                28.4     99.99%
                28.5     99.99%
                28.6     99.99%
                28.7     99.99%
                28.8     99.99%
                28.9     99.99%
                29.0     99.99%
                29.1     99.99%
                29.2     99.99%
                29.3     99.99%
                29.4     99.99%
                29.5     99.99%
                29.6     99.99%
                29.7     99.99%
                29.8    100.00%
                29.9    100.00%
                30.0    100.00%
                30.1    100.00%
                30.2    100.00%
                30.3    100.00%
                30.4    100.00%
                30.5    100.00%
                30.6    100.00%
                30.7    100.00%
                30.8    100.00%
                30.9    100.00%
                31.0    100.00%
                31.1    100.00%
                31.2    100.00%
                31.3    100.00%
                31.4    100.00%
                31.5    100.00%
                31.6    100.00%
                31.7    100.00%
                31.8    100.00%
                31.9    100.00%
                32.0    100.00%
                32.1    100.00%
                32.2    100.00%
                32.3    100.00%
                32.4    100.00%
                32.5    100.00%
                32.6    100.00%
                32.7    100.00%
                32.8    100.00%
                32.9    100.00%
                33.0    100.00%
                33.1    100.00%
                33.2    100.00%
                33.3    100.00%
                33.4    100.00%
                33.5    100.00%
                33.6    100.00%
                33.7    100.00%
                33.8    100.00%
                33.9    100.00%
                34.0    100.00%
                34.1    100.00%
                34.2    100.00%
                34.3    100.00%
                34.4    100.00%
                34.5    100.00%
                34.6    100.00%
                34.7    100.00%
                34.8    100.00%
                34.9    100.00%
                35.0    100.00%
                35.1    100.00%
                35.2    100.00%
                35.3    100.00%
                35.4    100.00%
                35.5    100.00%
                35.6    100.00%
                35.7    100.00%
                35.8    100.00%
                35.9    100.00%
                36.0    100.00%
                36.1    100.00%
                36.2    100.00%
                36.3    100.00%
                36.4    100.00%
                36.5    100.00%
                36.6    100.00%
                36.7    100.00%
                36.8    100.00%
                36.9    100.00%
                37.0    100.00%
                37.1    100.00%
                37.2    100.00%
                37.3    100.00%
                37.4    100.00%
                37.5    100.00%
                37.6    100.00%
                37.7    100.00%
                37.8    100.00%
                37.9    100.00%
                38.0    100.00%
                38.1    100.00%
                38.2    100.00%
                38.3    100.00%
                38.4    100.00%
                38.5    100.00%
                38.6    100.00%
                38.7    100.00%
                38.8    100.00%
                38.9    100.00%
                39.0    100.00%
                39.1    100.00%
                39.2    100.00%
                39.3    100.00%
                39.4    100.00%
                39.5    100.00%
                39.6    100.00%
                39.7    100.00%
                39.8    100.00%
                39.9    100.00%
                40.0    100.00%
                40.1    100.00%
                40.2    100.00%
                40.3    100.00%
                40.4    100.00%
                40.5    100.00%
                40.6    100.00%
                40.7    100.00%
                40.8    100.00%

