Threads: 16, Sharded reads: false, Number of Memcached servers: 3.

All measures in microseconds.
  SETS   GETS  MGETS   INVLD    TOT   HITS     RSP T      Q T     SVR T  Q LEN
 37204      0      0       0  37204  37204   3989.96   802.08   3156.99      8
  4416      0      0       0   4416   4416   4160.27   830.87   3296.85      8
  4440      0      0       0   4440   4440   4145.31   820.88   3279.05      0
  4898      0      0       0   4898   4898   3753.62   730.16   2977.16      0
  4690      0      0       0   4690   4690   3984.78   832.90   3127.51      8
  4892      0      0       0   4892   4892   3781.18   782.76   2975.98      0
  4794      0      0       0   4794   4794   3797.00   758.73   3011.91      6
  4773      0      0       0   4773   4773   3869.61   823.68   3016.80      8
  4916      0      0       0   4916   4916   3796.44   814.50   2958.15      0
  4657      0      0       0   4657   4657   3968.40   811.55   3131.08      0
  4778      0      0       0   4778   4778   3917.56   832.99   3057.91      8
  4246      0      0       0   4246   4246   4206.82   805.65   3376.14      7
  4496      0      0       0   4496   4496   3928.86   743.58   3156.15      4
  4563      0      0       0   4563   4563   3926.38   745.67   3147.79      8
  4766      0      0       0   4766   4766   3816.87   752.13   3037.82      8
  4885      0      0       0   4885   4885   3792.00   766.10   3001.18      2
  4879      0      0       0   4879   4879   3830.21   785.71   3013.11      0
  4416      0      0       0   4416   4416   4210.76   895.45   3288.45      3
  4528      0      0       0   4528   4528   4035.55   815.30   3191.72      1
  4557      0      0       0   4557   4557   4033.93   841.00   3154.31      3
  4675      0      0       0   4675   4675   4010.26   866.46   3119.33      8
  4782      0      0       0   4782   4782   3870.01   780.16   3060.71      0
  4260      0      0       0   4260   4260   4294.22   886.75   3378.74      5
  4728      0      0       0   4728   4728   3798.29   714.48   3056.51      0
  4641      0      0       0   4641   4641   3977.48   810.57   3136.93     15
  4516      0      0       0   4516   4516   4002.82   763.83   3210.57      0
  4822      0      0       0   4822   4822   3878.57   811.02   3045.03      0
  4638      0      0       0   4638   4638   4004.27   811.54   3156.91      0
  4656      0      0       0   4656   4656   3775.23   688.23   3057.15      0
  4880      0      0       0   4880   4880   3791.87   761.24   3001.35      7
  4377      0      0       0   4377   4377   4103.93   818.16   3252.64      8
  4575      0      0       0   4575   4575   4062.94   822.79   3211.64      0
  4584      0      0       0   4584   4584   3975.89   790.76   3150.92      8
  4686      0      0       0   4686   4686   3860.80   759.17   3068.02      4
  4401      0      0       0   4401   4401   4173.40   835.73   3312.55      3
  4506      0      0       0   4506   4506   3999.49   779.41   3183.83      8
  4248      0      0       0   4248   4248   4442.18   961.64   3445.72      8
  4285      0      0       0   4285   4285   4279.52   865.43   3379.04      4
  4474      0      0       0   4474   4474   4042.31   796.59   3218.49      3
  4438      0      0       0   4438   4438   4191.32   852.67   3310.95      1
  4516      0      0       0   4516   4516   4090.38   817.97   3242.99      4
  4157      0      0       0   4157   4157   4418.78   892.04   3491.03      8
  4259      0      0       0   4259   4259   4280.97   855.03   3383.55      4
  4324      0      0       0   4324   4324   4244.35   882.16   3333.27      4
  4445      0      0       0   4445   4445   4160.14   844.14   3293.49      9
  4317      0      0       0   4317   4317   4348.15   940.67   3372.30      3
  4497      0      0       0   4497   4497   4117.92   857.86   3226.41      6
  4546      0      0       0   4546   4546   4146.88   877.58   3235.64      3
  4621      0      0       0   4621   4621   3921.21   765.65   3127.26      0
  4652      0      0       0   4652   4652   3907.36   799.01   3077.77      2
  4392      0      0       0   4392   4392   4210.12   889.21   3288.06      8
  4608      0      0       0   4608   4608   3937.64   802.37   3095.50      0
  4463      0      0       0   4463   4463   3892.68   743.80   3113.86      0
  4402      0      0       0   4402   4402   4224.06   858.84   3329.94      3
  4448      0      0       0   4448   4448   4003.92   821.53   3149.72      8
  4288      0      0       0   4288   4288   4362.00   942.13   3390.40      8
  4587      0      0       0   4587   4587   4017.82   789.65   3196.12      4
  4521      0      0       0   4521   4521   4003.30   779.30   3197.58      8
  4524      0      0       0   4524   4524   4145.29   894.07   3227.14      1
  4581      0      0       0   4581   4581   3965.88   779.88   3151.34      5
  4295      0      0       0   4295   4295   4187.35   820.34   3339.30      0
  4466      0      0       0   4466   4466   4004.83   766.34   3209.24      5
  4573      0      0       0   4573   4573   4125.69   922.30   3174.24      3
  4506      0      0       0   4506   4506   4063.00   784.19   3247.36      1
  4442      0      0       0   4442   4442   4133.32   841.79   3212.39      0
  4214      0      0       0   4214   4214   4385.74   886.07   3467.00      7
  4226      0      0       0   4226   4226   4395.82   909.96   3436.45      0
  4513      0      0       0   4513   4513   4028.60   839.86   3163.76      8
  4631      0      0       0   4631   4631   4007.46   805.79   3176.88      8
  4475      0      0       0   4475   4475   4145.20   858.62   3255.63      0
  4467      0      0       0   4467   4467   4100.34   815.97   3258.09      3
  4441      0      0       0   4441   4441   4175.18   874.77   3270.61      1
  4356      0      0       0   4356   4356   4165.36   830.19   3302.72      3
  4713      0      0       0   4713   4713   3896.18   783.98   3085.09      1
  4362      0      0       0   4362   4362   4276.63   920.65   3327.31      0
  4755      0      0       0   4755   4755   3915.95   811.55   3079.01      1
  4822      0      0       0   4822   4822   3895.13   811.12   3057.83      0
  4750      0      0       0   4750   4750   3914.34   797.63   3091.06      8
  3897      0      0       0   3897   3897   4430.48   808.28   3594.47      0
  4558      0      0       0   4558   4558   4079.88   810.18   3241.88      3
  4748      0      0       0   4748   4748   3813.41   741.23   3048.36      1
  4269      0      0       0   4269   4269   3711.18   719.56   2961.27      0
    24      0      0       0     24     24   1947.29    49.63   1882.08      0
     0      0      0       0      0      0       NaN      NaN       NaN      0
     0      0      0       0      0      0       NaN      NaN       NaN      0
     0      0      0       0      0      0       NaN      NaN       NaN      0
     0      0      0       0      0      0       NaN      NaN       NaN      0
     0      0      0       0      0      0       NaN      NaN       NaN      0
================================================================================
ALL STATS (timing measures are in microseconds)
WORKER 0:
Type     |Total    |Ops/sec  |Hits/sec |Miss/Sec |Resp Time|Proc Time|Srvr Time
SET      |    25159|   276.47|   276.47|     0.00|  4004.31|  3222.85|  3192.29
GET      |        0|     0.00|     0.00|     0.00|      NaN|      NaN|      NaN
MULTIGET |        0|     0.00|     0.00|     0.00|      NaN|      NaN|      NaN
INVALID  |        0|     0.00|      ---|      ---|      NaN|      NaN|      ---
Average mutliget length: NaN
================================================================================
WORKER 1:
Type     |Total    |Ops/sec  |Hits/sec |Miss/Sec |Resp Time|Proc Time|Srvr Time
SET      |    25201|   276.93|   276.93|     0.00|  4046.50|  3232.28|  3201.48
GET      |        0|     0.00|     0.00|     0.00|      NaN|      NaN|      NaN
MULTIGET |        0|     0.00|     0.00|     0.00|      NaN|      NaN|      NaN
INVALID  |        0|     0.00|      ---|      ---|      NaN|      NaN|      ---
Average mutliget length: NaN
================================================================================
WORKER 2:
Type     |Total    |Ops/sec  |Hits/sec |Miss/Sec |Resp Time|Proc Time|Srvr Time
SET      |    25240|   277.36|   277.36|     0.00|  4029.36|  3222.63|  3190.65
GET      |        0|     0.00|     0.00|     0.00|      NaN|      NaN|      NaN
MULTIGET |        0|     0.00|     0.00|     0.00|      NaN|      NaN|      NaN
INVALID  |        0|     0.00|      ---|      ---|      NaN|      NaN|      ---
Average mutliget length: NaN
================================================================================
WORKER 3:
Type     |Total    |Ops/sec  |Hits/sec |Miss/Sec |Resp Time|Proc Time|Srvr Time
SET      |    25229|   277.24|   277.24|     0.00|  4047.19|  3224.97|  3192.68
GET      |        0|     0.00|     0.00|     0.00|      NaN|      NaN|      NaN
MULTIGET |        0|     0.00|     0.00|     0.00|      NaN|      NaN|      NaN
INVALID  |        0|     0.00|      ---|      ---|      NaN|      NaN|      ---
Average mutliget length: NaN
================================================================================
WORKER 4:
Type     |Total    |Ops/sec  |Hits/sec |Miss/Sec |Resp Time|Proc Time|Srvr Time
SET      |    25575|   281.04|   281.04|     0.00|  4081.27|  3205.10|  3177.70
GET      |        0|     0.00|     0.00|     0.00|      NaN|      NaN|      NaN
MULTIGET |        0|     0.00|     0.00|     0.00|      NaN|      NaN|      NaN
INVALID  |        0|     0.00|      ---|      ---|      NaN|      NaN|      ---
Average mutliget length: NaN
================================================================================
WORKER 5:
Type     |Total    |Ops/sec  |Hits/sec |Miss/Sec |Resp Time|Proc Time|Srvr Time
SET      |    25470|   279.89|   279.89|     0.00|  4041.85|  3202.02|  3174.20
GET      |        0|     0.00|     0.00|     0.00|      NaN|      NaN|      NaN
MULTIGET |        0|     0.00|     0.00|     0.00|      NaN|      NaN|      NaN
INVALID  |        0|     0.00|      ---|      ---|      NaN|      NaN|      ---
Average mutliget length: NaN
================================================================================
WORKER 6:
Type     |Total    |Ops/sec  |Hits/sec |Miss/Sec |Resp Time|Proc Time|Srvr Time
SET      |    25228|   277.23|   277.23|     0.00|  3996.67|  3217.33|  3187.89
GET      |        0|     0.00|     0.00|     0.00|      NaN|      NaN|      NaN
MULTIGET |        0|     0.00|     0.00|     0.00|      NaN|      NaN|      NaN
INVALID  |        0|     0.00|      ---|      ---|      NaN|      NaN|      ---
Average mutliget length: NaN
================================================================================
WORKER 7:
Type     |Total    |Ops/sec  |Hits/sec |Miss/Sec |Resp Time|Proc Time|Srvr Time
SET      |    24961|   274.30|   274.30|     0.00|  3957.36|  3230.20|  3192.63
GET      |        0|     0.00|     0.00|     0.00|      NaN|      NaN|      NaN
MULTIGET |        0|     0.00|     0.00|     0.00|      NaN|      NaN|      NaN
INVALID  |        0|     0.00|      ---|      ---|      NaN|      NaN|      ---
Average mutliget length: NaN
================================================================================
WORKER 8:
Type     |Total    |Ops/sec  |Hits/sec |Miss/Sec |Resp Time|Proc Time|Srvr Time
SET      |    25509|   280.32|   280.32|     0.00|  4066.65|  3205.98|  3174.47
GET      |        0|     0.00|     0.00|     0.00|      NaN|      NaN|      NaN
MULTIGET |        0|     0.00|     0.00|     0.00|      NaN|      NaN|      NaN
INVALID  |        0|     0.00|      ---|      ---|      NaN|      NaN|      ---
Average mutliget length: NaN
================================================================================
WORKER 9:
Type     |Total    |Ops/sec  |Hits/sec |Miss/Sec |Resp Time|Proc Time|Srvr Time
SET      |    25403|   279.15|   279.15|     0.00|  4052.75|  3212.46|  3179.19
GET      |        0|     0.00|     0.00|     0.00|      NaN|      NaN|      NaN
MULTIGET |        0|     0.00|     0.00|     0.00|      NaN|      NaN|      NaN
INVALID  |        0|     0.00|      ---|      ---|      NaN|      NaN|      ---
Average mutliget length: NaN
================================================================================
WORKER 10:
Type     |Total    |Ops/sec  |Hits/sec |Miss/Sec |Resp Time|Proc Time|Srvr Time
SET      |    25308|   278.11|   278.11|     0.00|  4039.96|  3214.85|  3183.57
GET      |        0|     0.00|     0.00|     0.00|      NaN|      NaN|      NaN
MULTIGET |        0|     0.00|     0.00|     0.00|      NaN|      NaN|      NaN
INVALID  |        0|     0.00|      ---|      ---|      NaN|      NaN|      ---
Average mutliget length: NaN
================================================================================
WORKER 11:
Type     |Total    |Ops/sec  |Hits/sec |Miss/Sec |Resp Time|Proc Time|Srvr Time
SET      |    25266|   277.65|   277.65|     0.00|  4039.55|  3227.60|  3197.23
GET      |        0|     0.00|     0.00|     0.00|      NaN|      NaN|      NaN
MULTIGET |        0|     0.00|     0.00|     0.00|      NaN|      NaN|      NaN
INVALID  |        0|     0.00|      ---|      ---|      NaN|      NaN|      ---
Average mutliget length: NaN
================================================================================
WORKER 12:
Type     |Total    |Ops/sec  |Hits/sec |Miss/Sec |Resp Time|Proc Time|Srvr Time
SET      |    25164|   276.53|   276.53|     0.00|  4026.99|  3222.89|  3192.88
GET      |        0|     0.00|     0.00|     0.00|      NaN|      NaN|      NaN
MULTIGET |        0|     0.00|     0.00|     0.00|      NaN|      NaN|      NaN
INVALID  |        0|     0.00|      ---|      ---|      NaN|      NaN|      ---
Average mutliget length: NaN
================================================================================
WORKER 13:
Type     |Total    |Ops/sec  |Hits/sec |Miss/Sec |Resp Time|Proc Time|Srvr Time
SET      |    25287|   277.88|   277.88|     0.00|  4032.51|  3217.39|  3189.72
GET      |        0|     0.00|     0.00|     0.00|      NaN|      NaN|      NaN
MULTIGET |        0|     0.00|     0.00|     0.00|      NaN|      NaN|      NaN
INVALID  |        0|     0.00|      ---|      ---|      NaN|      NaN|      ---
Average mutliget length: NaN
================================================================================
WORKER 14:
Type     |Total    |Ops/sec  |Hits/sec |Miss/Sec |Resp Time|Proc Time|Srvr Time
SET      |    25232|   277.27|   277.27|     0.00|  4041.84|  3222.33|  3191.56
GET      |        0|     0.00|     0.00|     0.00|      NaN|      NaN|      NaN
MULTIGET |        0|     0.00|     0.00|     0.00|      NaN|      NaN|      NaN
INVALID  |        0|     0.00|      ---|      ---|      NaN|      NaN|      ---
Average mutliget length: NaN
================================================================================
WORKER 15:
Type     |Total    |Ops/sec  |Hits/sec |Miss/Sec |Resp Time|Proc Time|Srvr Time
SET      |    25385|   278.96|   278.96|     0.00|  4048.64|  3211.46|  3181.16
GET      |        0|     0.00|     0.00|     0.00|      NaN|      NaN|      NaN
MULTIGET |        0|     0.00|     0.00|     0.00|      NaN|      NaN|      NaN
INVALID  |        0|     0.00|      ---|      ---|      NaN|      NaN|      ---
Average mutliget length: NaN
================================================================================
================================================================================

AGGREGATE FOR ALL WORKERS:
Type     |Total    |Ops/sec  |Hits/sec |Miss/Sec |Resp Time|Proc Time|Srvr Time
SET      |   404617|  4446.34|  4446.34|     0.00|  4034.73|  3218.23|  3187.42
GET      |        0|     0.00|     0.00|     0.00|      NaN|      NaN|      NaN
MULTIGET |        0|     0.00|     0.00|     0.00|      NaN|      NaN|      NaN
INVALID  |        0|     0.00|      ---|      ---|      NaN|      NaN|      ---
Average mutliget length: NaN


 HISTOGRAM
  Response time (ms)   Percent
                 0.1      0.00%
                 0.2      0.00%
                 0.3      0.00%
                 0.4      0.00%
                 0.5      0.00%
                 0.6      0.00%
                 0.7      0.00%
                 0.8      0.00%
                 0.9      0.00%
                 1.0      0.00%
                 1.1      0.00%
                 1.2      0.00%
                 1.3      0.00%
                 1.4      0.00%
                 1.5      0.00%
                 1.6      0.00%
                 1.7      0.03%
                 1.8      0.89%
                 1.9      3.90%
                 2.0      9.00%
                 2.1     15.05%
                 2.2     20.82%
                 2.3     25.84%
                 2.4     30.12%
                 2.5     33.64%
                 2.6     36.69%
                 2.7     39.39%
                 2.8     41.96%
                 2.9     44.56%
                 3.0     47.12%
                 3.1     49.60%
                 3.2     52.17%
                 3.3     54.56%
                 3.4     56.73%
                 3.5     58.69%
                 3.6     60.33%
                 3.7     61.76%
                 3.8     63.01%
                 3.9     64.07%
                 4.0     64.97%
                 4.1     65.75%
                 4.2     66.47%
                 4.3     67.22%
                 4.4     67.87%
                 4.5     68.50%
                 4.6     69.13%
                 4.7     69.77%
                 4.8     70.39%
                 4.9     71.01%
                 5.0     71.68%
                 5.1     72.34%
                 5.2     73.02%
                 5.3     73.69%
                 5.4     74.35%
                 5.5     75.03%
                 5.6     75.75%
                 5.7     76.45%
                 5.8     77.14%
                 5.9     77.85%
                 6.0     78.62%
                 6.1     79.40%
                 6.2     80.18%
                 6.3     80.96%
                 6.4     81.75%
                 6.5     82.54%
                 6.6     83.29%
                 6.7     84.06%
                 6.8     84.79%
                 6.9     85.57%
                 7.0     86.31%
                 7.1     87.04%
                 7.2     87.81%
                 7.3     88.56%
                 7.4     89.31%
                 7.5     90.03%
                 7.6     90.77%
                 7.7     91.54%
                 7.8     92.30%
                 7.9     93.04%
                 8.0     93.74%
                 8.1     94.38%
                 8.2     94.98%
                 8.3     95.53%
                 8.4     96.01%
                 8.5     96.44%
                 8.6     96.82%
                 8.7     97.17%
                 8.8     97.48%
                 8.9     97.76%
                 9.0     97.99%
                 9.1     98.20%
                 9.2     98.39%
                 9.3     98.53%
                 9.4     98.65%
                 9.5     98.76%
                 9.6     98.85%
                 9.7     98.93%
                 9.8     99.01%
                 9.9     99.07%
                10.0     99.13%
                10.1     99.18%
                10.2     99.22%
                10.3     99.26%
                10.4     99.30%
                10.5     99.34%
                10.6     99.38%
                10.7     99.41%
                10.8     99.44%
                10.9     99.46%
                11.0     99.48%
                11.1     99.50%
                11.2     99.52%
                11.3     99.55%
                11.4     99.56%
                11.5     99.58%
                11.6     99.59%
                11.7     99.60%
                11.8     99.61%
                11.9     99.62%
                12.0     99.63%
                12.1     99.64%
                12.2     99.65%
                12.3     99.66%
                12.4     99.67%
                12.5     99.68%
                12.6     99.69%
                12.7     99.69%
                12.8     99.70%
                12.9     99.70%
                13.0     99.70%
                13.1     99.71%
                13.2     99.71%
                13.3     99.72%
                13.4     99.72%
                13.5     99.73%
                13.6     99.73%
                13.7     99.73%
                13.8     99.74%
                13.9     99.74%
                14.0     99.75%
                14.1     99.76%
                14.2     99.76%
                14.3     99.77%
                14.4     99.77%
                14.5     99.78%
                14.6     99.78%
                14.7     99.78%
                14.8     99.79%
                14.9     99.79%
                15.0     99.80%
                15.1     99.80%
                15.2     99.81%
                15.3     99.81%
                15.4     99.82%
                15.5     99.82%
                15.6     99.83%
                15.7     99.83%
                15.8     99.83%
                15.9     99.84%
                16.0     99.84%
                16.1     99.84%
                16.2     99.84%
                16.3     99.85%
                16.4     99.85%
                16.5     99.85%
                16.6     99.85%
                16.7     99.86%
                16.8     99.86%
                16.9     99.86%
                17.0     99.86%
                17.1     99.87%
                17.2     99.87%
                17.3     99.87%
                17.4     99.87%
                17.5     99.87%
                17.6     99.88%
                17.7     99.88%
                17.8     99.88%
                17.9     99.88%
                18.0     99.88%
                18.1     99.88%
                18.2     99.89%
                18.3     99.89%
                18.4     99.89%
                18.5     99.89%
                18.6     99.89%
                18.7     99.89%
                18.8     99.89%
                18.9     99.89%
                19.0     99.89%
                19.1     99.90%
                19.2     99.90%
                19.3     99.90%
                19.4     99.90%
                19.5     99.90%
                19.6     99.90%
                19.7     99.90%
                19.8     99.90%
                19.9     99.90%
                20.0     99.90%
                20.1     99.90%
                20.2     99.90%
                20.3     99.90%
                20.4     99.90%
                20.5     99.90%
                20.6     99.90%
                20.7     99.90%
                20.8     99.90%
                20.9     99.90%
                21.0     99.91%
                21.1     99.91%
                21.2     99.91%
                21.3     99.91%
                21.4     99.91%
                21.5     99.91%
                21.6     99.91%
                21.7     99.91%
                21.8     99.91%
                21.9     99.91%
                22.0     99.91%
                22.1     99.91%
                22.2     99.91%
                22.3     99.91%
                22.4     99.91%
                22.5     99.91%
                22.6     99.91%
                22.7     99.91%
                22.8     99.91%
                22.9     99.91%
                23.0     99.91%
                23.1     99.91%
                23.2     99.91%
                23.3     99.91%
                23.4     99.92%
                23.5     99.92%
                23.6     99.92%
                23.7     99.92%
                23.8     99.92%
                23.9     99.92%
                24.0     99.92%
                24.1     99.92%
                24.2     99.92%
                24.3     99.92%
                24.4     99.92%
                24.5     99.92%
                24.6     99.92%
                24.7     99.92%
                24.8     99.92%
                24.9     99.92%
                25.0     99.92%
                25.1     99.92%
                25.2     99.92%
                25.3     99.92%
                25.4     99.93%
                25.5     99.93%
                25.6     99.93%
                25.7     99.93%
                25.8     99.93%
                25.9     99.93%
                26.0     99.93%
                26.1     99.93%
                26.2     99.93%
                26.3     99.93%
                26.4     99.93%
                26.5     99.93%
                26.6     99.93%
                26.7     99.93%
                26.8     99.93%
                26.9     99.93%
                27.0     99.93%
                27.1     99.93%
                27.2     99.93%
                27.3     99.93%
                27.4     99.93%
                27.5     99.93%
                27.6     99.93%
                27.7     99.93%
                27.8     99.93%
                27.9     99.93%
                28.0     99.93%
                28.1     99.93%
                28.2     99.93%
                28.3     99.93%
                28.4     99.93%
                28.5     99.93%
                28.6     99.93%
                28.7     99.93%
                28.8     99.93%
                28.9     99.93%
                29.0     99.93%
                29.1     99.93%
                29.2     99.93%
                29.3     99.93%
                29.4     99.93%
                29.5     99.93%
                29.6     99.93%
                29.7     99.93%
                29.8     99.93%
                29.9     99.93%
                30.0     99.93%
                30.1     99.93%
                30.2     99.93%
                30.3     99.93%
                30.4     99.93%
                30.5     99.93%
                30.6     99.93%
                30.7     99.93%
                30.8     99.93%
                30.9     99.93%
                31.0     99.93%
                31.1     99.93%
                31.2     99.93%
                31.3     99.93%
                31.4     99.93%
                31.5     99.93%
                31.6     99.93%
                31.7     99.93%
                31.8     99.93%
                31.9     99.93%
                32.0     99.93%
                32.1     99.93%
                32.2     99.93%
                32.3     99.93%
                32.4     99.93%
                32.5     99.93%
                32.6     99.93%
                32.7     99.93%
                32.8     99.93%
                32.9     99.93%
                33.0     99.93%
                33.1     99.93%
                33.2     99.93%
                33.3     99.93%
                33.4     99.93%
                33.5     99.93%
                33.6     99.93%
                33.7     99.93%
                33.8     99.93%
                33.9     99.93%
                34.0     99.93%
                34.1     99.93%
                34.2     99.93%
                34.3     99.93%
                34.4     99.93%
                34.5     99.93%
                34.6     99.93%
                34.7     99.93%
                34.8     99.93%
                34.9     99.93%
                35.0     99.93%
                35.1     99.93%
                35.2     99.93%
                35.3     99.93%
                35.4     99.93%
                35.5     99.93%
                35.6     99.93%
                35.7     99.93%
                35.8     99.93%
                35.9     99.93%
                36.0     99.93%
                36.1     99.93%
                36.2     99.93%
                36.3     99.93%
                36.4     99.94%
                36.5     99.94%
                36.6     99.94%
                36.7     99.94%
                36.8     99.94%
                36.9     99.94%
                37.0     99.94%
                37.1     99.94%
                37.2     99.94%
                37.3     99.94%
                37.4     99.94%
                37.5     99.94%
                37.6     99.94%
                37.7     99.94%
                37.8     99.94%
                37.9     99.94%
                38.0     99.94%
                38.1     99.94%
                38.2     99.94%
                38.3     99.94%
                38.4     99.94%
                38.5     99.94%
                38.6     99.94%
                38.7     99.94%
                38.8     99.94%
                38.9     99.94%
                39.0     99.94%
                39.1     99.94%
                39.2     99.94%
                39.3     99.94%
                39.4     99.94%
                39.5     99.94%
                39.6     99.94%
                39.7     99.94%
                39.8     99.94%
                39.9     99.94%
                40.0     99.94%
                40.1     99.94%
                40.2     99.94%
                40.3     99.94%
                40.4     99.94%
                40.5     99.94%
                40.6     99.94%
                40.7     99.94%
                40.8     99.94%
                40.9     99.94%
                41.0     99.94%
                41.1     99.94%
                41.2     99.94%
                41.3     99.94%
                41.4     99.94%
                41.5     99.94%
                41.6     99.94%
                41.7     99.94%
                41.8     99.94%
                41.9     99.94%
                42.0     99.94%
                42.1     99.94%
                42.2     99.94%
                42.3     99.94%
                42.4     99.94%
                42.5     99.94%
                42.6     99.94%
                42.7     99.95%
                42.8     99.95%
                42.9     99.95%
                43.0     99.95%
                43.1     99.95%
                43.2     99.95%
                43.3     99.95%
                43.4     99.95%
                43.5     99.95%
                43.6     99.95%
                43.7     99.95%
                43.8     99.95%
                43.9     99.95%
                44.0     99.95%
                44.1     99.95%
                44.2     99.95%
                44.3     99.95%
                44.4     99.95%
                44.5     99.95%
                44.6     99.95%
                44.7     99.95%
                44.8     99.95%
                44.9     99.96%
                45.0     99.96%
                45.1     99.96%
                45.2     99.96%
                45.3     99.96%
                45.4     99.96%
                45.5     99.96%
                45.6     99.96%
                45.7     99.96%
                45.8     99.96%
                45.9     99.96%
                46.0     99.96%
                46.1     99.96%
                46.2     99.96%
                46.3     99.96%
                46.4     99.96%
                46.5     99.96%
                46.6     99.96%
                46.7     99.96%
                46.8     99.97%
                46.9     99.97%
                47.0     99.97%
                47.1     99.97%
                47.2     99.97%
                47.3     99.97%
                47.4     99.97%
                47.5     99.97%
                47.6     99.97%
                47.7     99.97%
                47.8     99.97%
                47.9     99.97%
                48.0     99.97%
                48.1     99.97%
                48.2     99.97%
                48.3     99.97%
                48.4     99.97%
                48.5     99.97%
                48.6     99.97%
                48.7     99.97%
                48.8     99.97%
                48.9     99.97%
                49.0     99.97%
                49.1     99.97%
                49.2     99.97%
                49.3     99.97%
                49.4     99.97%
                49.5     99.97%
                49.6     99.97%
                49.7     99.97%
                49.8     99.97%
                49.9     99.97%
                50.0     99.97%
                50.1     99.97%
                50.2     99.97%
                50.3     99.97%
                50.4     99.97%
                50.5     99.97%
                50.6     99.97%
                50.7     99.97%
                50.8     99.97%
                50.9     99.97%
                51.0     99.97%
                51.1     99.97%
                51.2     99.97%
                51.3     99.97%
                51.4     99.97%
                51.5     99.97%
                51.6     99.97%
                51.7     99.97%
                51.8     99.97%
                51.9     99.97%
                52.0     99.97%
                52.1     99.97%
                52.2     99.97%
                52.3     99.97%
                52.4     99.97%
                52.5     99.97%
                52.6     99.97%
                52.7     99.97%
                52.8     99.97%
                52.9     99.97%
                53.0     99.97%
                53.1     99.97%
                53.2     99.97%
                53.3     99.97%
                53.4     99.97%
                53.5     99.97%
                53.6     99.97%
                53.7     99.97%
                53.8     99.97%
                53.9     99.97%
                54.0     99.97%
                54.1     99.97%
                54.2     99.97%
                54.3     99.97%
                54.4     99.97%
                54.5     99.97%
                54.6     99.98%
                54.7     99.98%
                54.8     99.98%
                54.9     99.98%
                55.0     99.98%
                55.1     99.98%
                55.2     99.98%
                55.3     99.98%
                55.4     99.98%
                55.5     99.98%
                55.6     99.98%
                55.7     99.98%
                55.8     99.98%
                55.9     99.98%
                56.0     99.98%
                56.1     99.98%
                56.2     99.98%
                56.3     99.98%
                56.4     99.98%
                56.5     99.98%
                56.6     99.98%
                56.7     99.98%
                56.8     99.98%
                56.9     99.98%
                57.0     99.98%
                57.1     99.98%
                57.2     99.98%
                57.3     99.98%
                57.4     99.98%
                57.5     99.98%
                57.6     99.98%
                57.7     99.98%
                57.8     99.98%
                57.9     99.98%
                58.0     99.98%
                58.1     99.98%
                58.2     99.98%
                58.3     99.98%
                58.4     99.98%
                58.5     99.98%
                58.6     99.98%
                58.7     99.98%
                58.8     99.98%
                58.9     99.98%
                59.0     99.98%
                59.1     99.98%
                59.2     99.98%
                59.3     99.98%
                59.4     99.98%
                59.5     99.98%
                59.6     99.98%
                59.7     99.98%
                59.8     99.98%
                59.9     99.98%
                60.0     99.98%
                60.1     99.98%
                60.2     99.98%
                60.3     99.98%
                60.4     99.98%
                60.5     99.98%
                60.6     99.98%
                60.7     99.98%
                60.8     99.98%
                60.9     99.98%
                61.0     99.98%
                61.1     99.98%
                61.2     99.98%
                61.3     99.98%
                61.4     99.98%
                61.5     99.98%
                61.6     99.98%
                61.7     99.98%
                61.8     99.98%
                61.9     99.98%
                62.0     99.98%
                62.1     99.98%
                62.2     99.98%
                62.3     99.98%
                62.4     99.98%
                62.5     99.98%
                62.6     99.98%
                62.7     99.98%
                62.8     99.98%
                62.9     99.98%
                63.0     99.98%
                63.1     99.98%
                63.2     99.98%
                63.3     99.98%
                63.4     99.98%
                63.5     99.98%
                63.6     99.98%
                63.7     99.98%
                63.8     99.98%
                63.9     99.98%
                64.0     99.98%
                64.1     99.98%
                64.2     99.98%
                64.3     99.98%
                64.4     99.98%
                64.5     99.98%
                64.6     99.98%
                64.7     99.98%
                64.8     99.98%
                64.9     99.98%
                65.0     99.98%
                65.1     99.98%
                65.2     99.98%
                65.3     99.98%
                65.4     99.98%
                65.5     99.98%
                65.6     99.98%
                65.7     99.98%
                65.8     99.98%
                65.9     99.98%
                66.0     99.98%
                66.1     99.98%
                66.2     99.98%
                66.3     99.98%
                66.4     99.98%
                66.5     99.98%
                66.6     99.98%
                66.7     99.98%
                66.8     99.98%
                66.9     99.98%
                67.0     99.98%
                67.1     99.98%
                67.2     99.98%
                67.3     99.98%
                67.4     99.99%
                67.5     99.99%
                67.6     99.99%
                67.7     99.99%
                67.8     99.99%
                67.9     99.99%
                68.0     99.99%
                68.1     99.99%
                68.2     99.99%
                68.3     99.99%
                68.4     99.99%
                68.5     99.99%
                68.6     99.99%
                68.7     99.99%
                68.8     99.99%
                68.9     99.99%
                69.0     99.99%
                69.1     99.99%
                69.2     99.99%
                69.3     99.99%
                69.4     99.99%
                69.5     99.99%
                69.6     99.99%
                69.7     99.99%
                69.8     99.99%
                69.9     99.99%
                70.0     99.99%
                70.1     99.99%
                70.2     99.99%
                70.3     99.99%
                70.4     99.99%
                70.5     99.99%
                70.6     99.99%
                70.7     99.99%
                70.8     99.99%
                70.9     99.99%
                71.0     99.99%
                71.1     99.99%
                71.2     99.99%
                71.3     99.99%
                71.4     99.99%
                71.5     99.99%
                71.6     99.99%
                71.7     99.99%
                71.8     99.99%
                71.9     99.99%
                72.0     99.99%
                72.1     99.99%
                72.2     99.99%
                72.3     99.99%
                72.4     99.99%
                72.5     99.99%
                72.6     99.99%
                72.7     99.99%
                72.8     99.99%
                72.9     99.99%
                73.0     99.99%
                73.1     99.99%
                73.2     99.99%
                73.3     99.99%
                73.4     99.99%
                73.5     99.99%
                73.6     99.99%
                73.7     99.99%
                73.8     99.99%
                73.9     99.99%
                74.0     99.99%
                74.1     99.99%
                74.2     99.99%
                74.3     99.99%
                74.4     99.99%
                74.5     99.99%
                74.6     99.99%
                74.7     99.99%
                74.8     99.99%
                74.9     99.99%
                75.0     99.99%
                75.1     99.99%
                75.2     99.99%
                75.3     99.99%
                75.4     99.99%
                75.5     99.99%
                75.6     99.99%
                75.7     99.99%
                75.8     99.99%
                75.9     99.99%
                76.0     99.99%
                76.1     99.99%
                76.2     99.99%
                76.3     99.99%
                76.4     99.99%
                76.5     99.99%
                76.6     99.99%
                76.7     99.99%
                76.8     99.99%
                76.9     99.99%
                77.0     99.99%
                77.1     99.99%
                77.2     99.99%
                77.3     99.99%
                77.4     99.99%
                77.5     99.99%
                77.6     99.99%
                77.7     99.99%
                77.8     99.99%
                77.9     99.99%
                78.0     99.99%
                78.1     99.99%
                78.2     99.99%
                78.3     99.99%
                78.4     99.99%
                78.5     99.99%
                78.6     99.99%
                78.7     99.99%
                78.8     99.99%
                78.9     99.99%
                79.0     99.99%
                79.1     99.99%
                79.2     99.99%
                79.3     99.99%
                79.4     99.99%
                79.5     99.99%
                79.6     99.99%
                79.7     99.99%
                79.8     99.99%
                79.9     99.99%
                80.0     99.99%
                80.1     99.99%
                80.2     99.99%
                80.3     99.99%
                80.4     99.99%
                80.5     99.99%
                80.6     99.99%
                80.7     99.99%
                80.8     99.99%
                80.9     99.99%
                81.0     99.99%
                81.1     99.99%
                81.2     99.99%
                81.3     99.99%
                81.4     99.99%
                81.5     99.99%
                81.6     99.99%
                81.7     99.99%
                81.8     99.99%
                81.9     99.99%
                82.0     99.99%
                82.1     99.99%
                82.2     99.99%
                82.3     99.99%
                82.4     99.99%
                82.5     99.99%
                82.6     99.99%
                82.7     99.99%
                82.8     99.99%
                82.9     99.99%
                83.0     99.99%
                83.1     99.99%
                83.2     99.99%
                83.3     99.99%
                83.4     99.99%
                83.5     99.99%
                83.6     99.99%
                83.7     99.99%
                83.8     99.99%
                83.9     99.99%
                84.0     99.99%
                84.1     99.99%
                84.2     99.99%
                84.3     99.99%
                84.4     99.99%
                84.5     99.99%
                84.6     99.99%
                84.7     99.99%
                84.8     99.99%
                84.9    100.00%
                85.0    100.00%
                85.1    100.00%
                85.2    100.00%
                85.3    100.00%
                85.4    100.00%
                85.5    100.00%
                85.6    100.00%
                85.7    100.00%
                85.8    100.00%
                85.9    100.00%
                86.0    100.00%
                86.1    100.00%
                86.2    100.00%
                86.3    100.00%
                86.4    100.00%
                86.5    100.00%
                86.6    100.00%
                86.7    100.00%
                86.8    100.00%
                86.9    100.00%
                87.0    100.00%
                87.1    100.00%
                87.2    100.00%
                87.3    100.00%
                87.4    100.00%
                87.5    100.00%
                87.6    100.00%
                87.7    100.00%
                87.8    100.00%
                87.9    100.00%
                88.0    100.00%
                88.1    100.00%
                88.2    100.00%
                88.3    100.00%
                88.4    100.00%
                88.5    100.00%
                88.6    100.00%
                88.7    100.00%
                88.8    100.00%
                88.9    100.00%
                89.0    100.00%
                89.1    100.00%
                89.2    100.00%
                89.3    100.00%
                89.4    100.00%
                89.5    100.00%
                89.6    100.00%
                89.7    100.00%
                89.8    100.00%
                89.9    100.00%
                90.0    100.00%
                90.1    100.00%
                90.2    100.00%
                90.3    100.00%
                90.4    100.00%
                90.5    100.00%
                90.6    100.00%
                90.7    100.00%
                90.8    100.00%
                90.9    100.00%
                91.0    100.00%
                91.1    100.00%
                91.2    100.00%
                91.3    100.00%
                91.4    100.00%
                91.5    100.00%
                91.6    100.00%
                91.7    100.00%
                91.8    100.00%
                91.9    100.00%
                92.0    100.00%
                92.1    100.00%
                92.2    100.00%
                92.3    100.00%
                92.4    100.00%
                92.5    100.00%
                92.6    100.00%
                92.7    100.00%
                92.8    100.00%
                92.9    100.00%
                93.0    100.00%
                93.1    100.00%
                93.2    100.00%
                93.3    100.00%
                93.4    100.00%
                93.5    100.00%
                93.6    100.00%
                93.7    100.00%
                93.8    100.00%
                93.9    100.00%
                94.0    100.00%
                94.1    100.00%
                94.2    100.00%
                94.3    100.00%
                94.4    100.00%
                94.5    100.00%
                94.6    100.00%
                94.7    100.00%
                94.8    100.00%
                94.9    100.00%
                95.0    100.00%
                95.1    100.00%
                95.2    100.00%
                95.3    100.00%
                95.4    100.00%
                95.5    100.00%
                95.6    100.00%
                95.7    100.00%
                95.8    100.00%
                95.9    100.00%
                96.0    100.00%
                96.1    100.00%
                96.2    100.00%
                96.3    100.00%
                96.4    100.00%
                96.5    100.00%
                96.6    100.00%
                96.7    100.00%
                96.8    100.00%
                96.9    100.00%
                97.0    100.00%
                97.1    100.00%
                97.2    100.00%
                97.3    100.00%
                97.4    100.00%
                97.5    100.00%
                97.6    100.00%
                97.7    100.00%
                97.8    100.00%
                97.9    100.00%
                98.0    100.00%
                98.1    100.00%
                98.2    100.00%
                98.3    100.00%
                98.4    100.00%
                98.5    100.00%
                98.6    100.00%
                98.7    100.00%
                98.8    100.00%
                98.9    100.00%
                99.0    100.00%
                99.1    100.00%
                99.2    100.00%
                99.3    100.00%
                99.4    100.00%
                99.5    100.00%
                99.6    100.00%
                99.7    100.00%
                99.8    100.00%
                99.9    100.00%
               100.0    100.00%
               100.1    100.00%
               100.2    100.00%
               100.3    100.00%
               100.4    100.00%
               100.5    100.00%
               100.6    100.00%
               100.7    100.00%
               100.8    100.00%
               100.9    100.00%
               101.0    100.00%
               101.1    100.00%
               101.2    100.00%
               101.3    100.00%
               101.4    100.00%
               101.5    100.00%
               101.6    100.00%
               101.7    100.00%
               101.8    100.00%
               101.9    100.00%
               102.0    100.00%
               102.1    100.00%
               102.2    100.00%
               102.3    100.00%
               102.4    100.00%
               102.5    100.00%
               102.6    100.00%
               102.7    100.00%
               102.8    100.00%
               102.9    100.00%
               103.0    100.00%
               103.1    100.00%
               103.2    100.00%
               103.3    100.00%
               103.4    100.00%
               103.5    100.00%
               103.6    100.00%
               103.7    100.00%
               103.8    100.00%
               103.9    100.00%
               104.0    100.00%
               104.1    100.00%
               104.2    100.00%
               104.3    100.00%
               104.4    100.00%
               104.5    100.00%
               104.6    100.00%
               104.7    100.00%
               104.8    100.00%
               104.9    100.00%
               105.0    100.00%
               105.1    100.00%
               105.2    100.00%
               105.3    100.00%
               105.4    100.00%
               105.5    100.00%
               105.6    100.00%
               105.7    100.00%
               105.8    100.00%
               105.9    100.00%
               106.0    100.00%
               106.1    100.00%
               106.2    100.00%
               106.3    100.00%
               106.4    100.00%
               106.5    100.00%
               106.6    100.00%
               106.7    100.00%
               106.8    100.00%
               106.9    100.00%
               107.0    100.00%
               107.1    100.00%
               107.2    100.00%
               107.3    100.00%
               107.4    100.00%
               107.5    100.00%
               107.6    100.00%
               107.7    100.00%
               107.8    100.00%
               107.9    100.00%
               108.0    100.00%
               108.1    100.00%
               108.2    100.00%
               108.3    100.00%
               108.4    100.00%
               108.5    100.00%
               108.6    100.00%
               108.7    100.00%
               108.8    100.00%
               108.9    100.00%
               109.0    100.00%
               109.1    100.00%
               109.2    100.00%
               109.3    100.00%
               109.4    100.00%
               109.5    100.00%
               109.6    100.00%
               109.7    100.00%
               109.8    100.00%
               109.9    100.00%
               110.0    100.00%
               110.1    100.00%
               110.2    100.00%
               110.3    100.00%
               110.4    100.00%
               110.5    100.00%
               110.6    100.00%
               110.7    100.00%
               110.8    100.00%
               110.9    100.00%
               111.0    100.00%
               111.1    100.00%
               111.2    100.00%
               111.3    100.00%
               111.4    100.00%
               111.5    100.00%
               111.6    100.00%
               111.7    100.00%
               111.8    100.00%
               111.9    100.00%
               112.0    100.00%
               112.1    100.00%
               112.2    100.00%
               112.3    100.00%
               112.4    100.00%
               112.5    100.00%
               112.6    100.00%
               112.7    100.00%
               112.8    100.00%
               112.9    100.00%
               113.0    100.00%
               113.1    100.00%
               113.2    100.00%
               113.3    100.00%
               113.4    100.00%
               113.5    100.00%
               113.6    100.00%
               113.7    100.00%
               113.8    100.00%
               113.9    100.00%
               114.0    100.00%
               114.1    100.00%
               114.2    100.00%
               114.3    100.00%
               114.4    100.00%
               114.5    100.00%
               114.6    100.00%
               114.7    100.00%
               114.8    100.00%
               114.9    100.00%
               115.0    100.00%
               115.1    100.00%
               115.2    100.00%
               115.3    100.00%
               115.4    100.00%
               115.5    100.00%
               115.6    100.00%
               115.7    100.00%
               115.8    100.00%
               115.9    100.00%
               116.0    100.00%
               116.1    100.00%
               116.2    100.00%
               116.3    100.00%
               116.4    100.00%
               116.5    100.00%
               116.6    100.00%
               116.7    100.00%
               116.8    100.00%
               116.9    100.00%
               117.0    100.00%
               117.1    100.00%
               117.2    100.00%
               117.3    100.00%
               117.4    100.00%
               117.5    100.00%
               117.6    100.00%
               117.7    100.00%
               117.8    100.00%
               117.9    100.00%
               118.0    100.00%
               118.1    100.00%
               118.2    100.00%
               118.3    100.00%
               118.4    100.00%
               118.5    100.00%
               118.6    100.00%
               118.7    100.00%
               118.8    100.00%
               118.9    100.00%
               119.0    100.00%
               119.1    100.00%
               119.2    100.00%
               119.3    100.00%
               119.4    100.00%
               119.5    100.00%
               119.6    100.00%
               119.7    100.00%
               119.8    100.00%
               119.9    100.00%
               120.0    100.00%
               120.1    100.00%
               120.2    100.00%
               120.3    100.00%
               120.4    100.00%
               120.5    100.00%
               120.6    100.00%
               120.7    100.00%
               120.8    100.00%
               120.9    100.00%
               121.0    100.00%
               121.1    100.00%
               121.2    100.00%
               121.3    100.00%
               121.4    100.00%
               121.5    100.00%
               121.6    100.00%
               121.7    100.00%
               121.8    100.00%
               121.9    100.00%
               122.0    100.00%
               122.1    100.00%
               122.2    100.00%
               122.3    100.00%
               122.4    100.00%
               122.5    100.00%
               122.6    100.00%
               122.7    100.00%
               122.8    100.00%
               122.9    100.00%
               123.0    100.00%
               123.1    100.00%
               123.2    100.00%
               123.3    100.00%
               123.4    100.00%
               123.5    100.00%
               123.6    100.00%
               123.7    100.00%
               123.8    100.00%
               123.9    100.00%
               124.0    100.00%
               124.1    100.00%
               124.2    100.00%
               124.3    100.00%
               124.4    100.00%
               124.5    100.00%
               124.6    100.00%
               124.7    100.00%
               124.8    100.00%
               124.9    100.00%
               125.0    100.00%
               125.1    100.00%
               125.2    100.00%
               125.3    100.00%
               125.4    100.00%
               125.5    100.00%
               125.6    100.00%
               125.7    100.00%
               125.8    100.00%
               125.9    100.00%
               126.0    100.00%
               126.1    100.00%
               126.2    100.00%
               126.3    100.00%
               126.4    100.00%
               126.5    100.00%
               126.6    100.00%
               126.7    100.00%
               126.8    100.00%
               126.9    100.00%
               127.0    100.00%
               127.1    100.00%
               127.2    100.00%
               127.3    100.00%
               127.4    100.00%
               127.5    100.00%
               127.6    100.00%
               127.7    100.00%
               127.8    100.00%
               127.9    100.00%
               128.0    100.00%
               128.1    100.00%
               128.2    100.00%
               128.3    100.00%
               128.4    100.00%
               128.5    100.00%
               128.6    100.00%
               128.7    100.00%
               128.8    100.00%
               128.9    100.00%
               129.0    100.00%
               129.1    100.00%
               129.2    100.00%
               129.3    100.00%
               129.4    100.00%
               129.5    100.00%
               129.6    100.00%
               129.7    100.00%
               129.8    100.00%
               129.9    100.00%
               130.0    100.00%
               130.1    100.00%
               130.2    100.00%
               130.3    100.00%
               130.4    100.00%
               130.5    100.00%
               130.6    100.00%
               130.7    100.00%
               130.8    100.00%
               130.9    100.00%
               131.0    100.00%
               131.1    100.00%
               131.2    100.00%
               131.3    100.00%
               131.4    100.00%
               131.5    100.00%
               131.6    100.00%
               131.7    100.00%
               131.8    100.00%
               131.9    100.00%
               132.0    100.00%
               132.1    100.00%
               132.2    100.00%
               132.3    100.00%
               132.4    100.00%
               132.5    100.00%
               132.6    100.00%
               132.7    100.00%
               132.8    100.00%
               132.9    100.00%
               133.0    100.00%
               133.1    100.00%
               133.2    100.00%
               133.3    100.00%
               133.4    100.00%
               133.5    100.00%
               133.6    100.00%
               133.7    100.00%
               133.8    100.00%
               133.9    100.00%
               134.0    100.00%
               134.1    100.00%
               134.2    100.00%
               134.3    100.00%
               134.4    100.00%
               134.5    100.00%
               134.6    100.00%
               134.7    100.00%
               134.8    100.00%
               134.9    100.00%
               135.0    100.00%
               135.1    100.00%
               135.2    100.00%
               135.3    100.00%
               135.4    100.00%
               135.5    100.00%
               135.6    100.00%
               135.7    100.00%
               135.8    100.00%
               135.9    100.00%
               136.0    100.00%
               136.1    100.00%
               136.2    100.00%
               136.3    100.00%
               136.4    100.00%
               136.5    100.00%
               136.6    100.00%
               136.7    100.00%
               136.8    100.00%
               136.9    100.00%
               137.0    100.00%
               137.1    100.00%
               137.2    100.00%
               137.3    100.00%
               137.4    100.00%
               137.5    100.00%
               137.6    100.00%
               137.7    100.00%
               137.8    100.00%
               137.9    100.00%
               138.0    100.00%
               138.1    100.00%
               138.2    100.00%
               138.3    100.00%
               138.4    100.00%
               138.5    100.00%
               138.6    100.00%
               138.7    100.00%
               138.8    100.00%
               138.9    100.00%
               139.0    100.00%
               139.1    100.00%
               139.2    100.00%
               139.3    100.00%
               139.4    100.00%
               139.5    100.00%
               139.6    100.00%
               139.7    100.00%
               139.8    100.00%
               139.9    100.00%
               140.0    100.00%
               140.1    100.00%
               140.2    100.00%
               140.3    100.00%
               140.4    100.00%
               140.5    100.00%
               140.6    100.00%
               140.7    100.00%
               140.8    100.00%
               140.9    100.00%
               141.0    100.00%
               141.1    100.00%
               141.2    100.00%
               141.3    100.00%
               141.4    100.00%
               141.5    100.00%
               141.6    100.00%
               141.7    100.00%
               141.8    100.00%
               141.9    100.00%
               142.0    100.00%
               142.1    100.00%
               142.2    100.00%
               142.3    100.00%
               142.4    100.00%
               142.5    100.00%
               142.6    100.00%
               142.7    100.00%
               142.8    100.00%
               142.9    100.00%
               143.0    100.00%
               143.1    100.00%
               143.2    100.00%
               143.3    100.00%
               143.4    100.00%
               143.5    100.00%
               143.6    100.00%
               143.7    100.00%
               143.8    100.00%
               143.9    100.00%
               144.0    100.00%
               144.1    100.00%
               144.2    100.00%
               144.3    100.00%
               144.4    100.00%
               144.5    100.00%
               144.6    100.00%
               144.7    100.00%
               144.8    100.00%
               144.9    100.00%
               145.0    100.00%
               145.1    100.00%
               145.2    100.00%
               145.3    100.00%
               145.4    100.00%
               145.5    100.00%
               145.6    100.00%
               145.7    100.00%
               145.8    100.00%
               145.9    100.00%
               146.0    100.00%
               146.1    100.00%
               146.2    100.00%
               146.3    100.00%
               146.4    100.00%
               146.5    100.00%
               146.6    100.00%
               146.7    100.00%
               146.8    100.00%
               146.9    100.00%
               147.0    100.00%
               147.1    100.00%
               147.2    100.00%
               147.3    100.00%
               147.4    100.00%
               147.5    100.00%
               147.6    100.00%
               147.7    100.00%
               147.8    100.00%
               147.9    100.00%
               148.0    100.00%
               148.1    100.00%
               148.2    100.00%
               148.3    100.00%
               148.4    100.00%
               148.5    100.00%
               148.6    100.00%
               148.7    100.00%
               148.8    100.00%
               148.9    100.00%
               149.0    100.00%
               149.1    100.00%
               149.2    100.00%
               149.3    100.00%
               149.4    100.00%
               149.5    100.00%
               149.6    100.00%
               149.7    100.00%
               149.8    100.00%
               149.9    100.00%
               150.0    100.00%
               150.1    100.00%
               150.2    100.00%
               150.3    100.00%
               150.4    100.00%
               150.5    100.00%
               150.6    100.00%
               150.7    100.00%
               150.8    100.00%
               150.9    100.00%
               151.0    100.00%
               151.1    100.00%
               151.2    100.00%
               151.3    100.00%
               151.4    100.00%
               151.5    100.00%
               151.6    100.00%
               151.7    100.00%
               151.8    100.00%
               151.9    100.00%
               152.0    100.00%
               152.1    100.00%
               152.2    100.00%
               152.3    100.00%
               152.4    100.00%
               152.5    100.00%
               152.6    100.00%
               152.7    100.00%
               152.8    100.00%
               152.9    100.00%
               153.0    100.00%
               153.1    100.00%
               153.2    100.00%
               153.3    100.00%
               153.4    100.00%
               153.5    100.00%
               153.6    100.00%
               153.7    100.00%
               153.8    100.00%
               153.9    100.00%
               154.0    100.00%
               154.1    100.00%
               154.2    100.00%
               154.3    100.00%
               154.4    100.00%
               154.5    100.00%
               154.6    100.00%
               154.7    100.00%
               154.8    100.00%
               154.9    100.00%
               155.0    100.00%
               155.1    100.00%
               155.2    100.00%
               155.3    100.00%
               155.4    100.00%
               155.5    100.00%
               155.6    100.00%
               155.7    100.00%
               155.8    100.00%
               155.9    100.00%
               156.0    100.00%
               156.1    100.00%
               156.2    100.00%
               156.3    100.00%
               156.4    100.00%
               156.5    100.00%
               156.6    100.00%
               156.7    100.00%
               156.8    100.00%
               156.9    100.00%
               157.0    100.00%
               157.1    100.00%
               157.2    100.00%
               157.3    100.00%
               157.4    100.00%
               157.5    100.00%
               157.6    100.00%
               157.7    100.00%
               157.8    100.00%
               157.9    100.00%
               158.0    100.00%
               158.1    100.00%
               158.2    100.00%
               158.3    100.00%
               158.4    100.00%
               158.5    100.00%
               158.6    100.00%
               158.7    100.00%
               158.8    100.00%
               158.9    100.00%
               159.0    100.00%
               159.1    100.00%
               159.2    100.00%
               159.3    100.00%
               159.4    100.00%
               159.5    100.00%
               159.6    100.00%
               159.7    100.00%
               159.8    100.00%
               159.9    100.00%
               160.0    100.00%
               160.1    100.00%
               160.2    100.00%
               160.3    100.00%
               160.4    100.00%
               160.5    100.00%
               160.6    100.00%
               160.7    100.00%
               160.8    100.00%
               160.9    100.00%
               161.0    100.00%
               161.1    100.00%
               161.2    100.00%
               161.3    100.00%
               161.4    100.00%
               161.5    100.00%
               161.6    100.00%
               161.7    100.00%
               161.8    100.00%
               161.9    100.00%
               162.0    100.00%
               162.1    100.00%
               162.2    100.00%
               162.3    100.00%
               162.4    100.00%
               162.5    100.00%
               162.6    100.00%
               162.7    100.00%
               162.8    100.00%
               162.9    100.00%
               163.0    100.00%
               163.1    100.00%
               163.2    100.00%
               163.3    100.00%
               163.4    100.00%
               163.5    100.00%
               163.6    100.00%
               163.7    100.00%
               163.8    100.00%
               163.9    100.00%
               164.0    100.00%
               164.1    100.00%
               164.2    100.00%
               164.3    100.00%
               164.4    100.00%
               164.5    100.00%
               164.6    100.00%
               164.7    100.00%
               164.8    100.00%
               164.9    100.00%
               165.0    100.00%
               165.1    100.00%
               165.2    100.00%
               165.3    100.00%
               165.4    100.00%
               165.5    100.00%
               165.6    100.00%
               165.7    100.00%
               165.8    100.00%
               165.9    100.00%
               166.0    100.00%
               166.1    100.00%
               166.2    100.00%
               166.3    100.00%
               166.4    100.00%
               166.5    100.00%
               166.6    100.00%
               166.7    100.00%
               166.8    100.00%
               166.9    100.00%
               167.0    100.00%
               167.1    100.00%
               167.2    100.00%
               167.3    100.00%
               167.4    100.00%
               167.5    100.00%
               167.6    100.00%
               167.7    100.00%
               167.8    100.00%
               167.9    100.00%
               168.0    100.00%
               168.1    100.00%
               168.2    100.00%
               168.3    100.00%
               168.4    100.00%
               168.5    100.00%
               168.6    100.00%
               168.7    100.00%
               168.8    100.00%
               168.9    100.00%
               169.0    100.00%
               169.1    100.00%
               169.2    100.00%
               169.3    100.00%
               169.4    100.00%
               169.5    100.00%
               169.6    100.00%
               169.7    100.00%
               169.8    100.00%
               169.9    100.00%
               170.0    100.00%
               170.1    100.00%
               170.2    100.00%
               170.3    100.00%
               170.4    100.00%
               170.5    100.00%
               170.6    100.00%
               170.7    100.00%
               170.8    100.00%
               170.9    100.00%
               171.0    100.00%
               171.1    100.00%
               171.2    100.00%
               171.3    100.00%
               171.4    100.00%
               171.5    100.00%
               171.6    100.00%
               171.7    100.00%
               171.8    100.00%
               171.9    100.00%
               172.0    100.00%
               172.1    100.00%
               172.2    100.00%
               172.3    100.00%
               172.4    100.00%
               172.5    100.00%
               172.6    100.00%
               172.7    100.00%
               172.8    100.00%
               172.9    100.00%
               173.0    100.00%
               173.1    100.00%
               173.2    100.00%
               173.3    100.00%
               173.4    100.00%
               173.5    100.00%
               173.6    100.00%
               173.7    100.00%
               173.8    100.00%
               173.9    100.00%
               174.0    100.00%
               174.1    100.00%
               174.2    100.00%
               174.3    100.00%
               174.4    100.00%
               174.5    100.00%
               174.6    100.00%
               174.7    100.00%
               174.8    100.00%
               174.9    100.00%
               175.0    100.00%
               175.1    100.00%
               175.2    100.00%
               175.3    100.00%
               175.4    100.00%
               175.5    100.00%
               175.6    100.00%
               175.7    100.00%
               175.8    100.00%
               175.9    100.00%
               176.0    100.00%
               176.1    100.00%
               176.2    100.00%
               176.3    100.00%
               176.4    100.00%
               176.5    100.00%
               176.6    100.00%
               176.7    100.00%
               176.8    100.00%
               176.9    100.00%
               177.0    100.00%
               177.1    100.00%
               177.2    100.00%
               177.3    100.00%
               177.4    100.00%
               177.5    100.00%
               177.6    100.00%
               177.7    100.00%
               177.8    100.00%
               177.9    100.00%
               178.0    100.00%
               178.1    100.00%
               178.2    100.00%
               178.3    100.00%
               178.4    100.00%
               178.5    100.00%
               178.6    100.00%
               178.7    100.00%
               178.8    100.00%
               178.9    100.00%
               179.0    100.00%
               179.1    100.00%
               179.2    100.00%
               179.3    100.00%
               179.4    100.00%
               179.5    100.00%
               179.6    100.00%
               179.7    100.00%
               179.8    100.00%
               179.9    100.00%
               180.0    100.00%
               180.1    100.00%
               180.2    100.00%
               180.3    100.00%
               180.4    100.00%
               180.5    100.00%
               180.6    100.00%
               180.7    100.00%
               180.8    100.00%
               180.9    100.00%
               181.0    100.00%
               181.1    100.00%
               181.2    100.00%
               181.3    100.00%
               181.4    100.00%
               181.5    100.00%
               181.6    100.00%
               181.7    100.00%
               181.8    100.00%
               181.9    100.00%
               182.0    100.00%
               182.1    100.00%
               182.2    100.00%
               182.3    100.00%
               182.4    100.00%
               182.5    100.00%
               182.6    100.00%
               182.7    100.00%
               182.8    100.00%
               182.9    100.00%
               183.0    100.00%
               183.1    100.00%
               183.2    100.00%
               183.3    100.00%
               183.4    100.00%
               183.5    100.00%
               183.6    100.00%
               183.7    100.00%
               183.8    100.00%
               183.9    100.00%
               184.0    100.00%
               184.1    100.00%
               184.2    100.00%
               184.3    100.00%
               184.4    100.00%
               184.5    100.00%
               184.6    100.00%
               184.7    100.00%
               184.8    100.00%
               184.9    100.00%
               185.0    100.00%
               185.1    100.00%
               185.2    100.00%
               185.3    100.00%
               185.4    100.00%
               185.5    100.00%
               185.6    100.00%
               185.7    100.00%
               185.8    100.00%
               185.9    100.00%
               186.0    100.00%
               186.1    100.00%
               186.2    100.00%
               186.3    100.00%
               186.4    100.00%
               186.5    100.00%
               186.6    100.00%
               186.7    100.00%
               186.8    100.00%
               186.9    100.00%
               187.0    100.00%
               187.1    100.00%
               187.2    100.00%
               187.3    100.00%
               187.4    100.00%
               187.5    100.00%
               187.6    100.00%
               187.7    100.00%
               187.8    100.00%
               187.9    100.00%
               188.0    100.00%
               188.1    100.00%
               188.2    100.00%
               188.3    100.00%
               188.4    100.00%
               188.5    100.00%
               188.6    100.00%
               188.7    100.00%
               188.8    100.00%
               188.9    100.00%
               189.0    100.00%
               189.1    100.00%
               189.2    100.00%
               189.3    100.00%
               189.4    100.00%
               189.5    100.00%
               189.6    100.00%
               189.7    100.00%
               189.8    100.00%
               189.9    100.00%
               190.0    100.00%
               190.1    100.00%
               190.2    100.00%
               190.3    100.00%
               190.4    100.00%
               190.5    100.00%
               190.6    100.00%
               190.7    100.00%
               190.8    100.00%
               190.9    100.00%
               191.0    100.00%
               191.1    100.00%
               191.2    100.00%
               191.3    100.00%
               191.4    100.00%
               191.5    100.00%
               191.6    100.00%
               191.7    100.00%
               191.8    100.00%
               191.9    100.00%
               192.0    100.00%
               192.1    100.00%
               192.2    100.00%
               192.3    100.00%
               192.4    100.00%
               192.5    100.00%
               192.6    100.00%
               192.7    100.00%
               192.8    100.00%
               192.9    100.00%
               193.0    100.00%
               193.1    100.00%
               193.2    100.00%
               193.3    100.00%
               193.4    100.00%
               193.5    100.00%
               193.6    100.00%
               193.7    100.00%
               193.8    100.00%
               193.9    100.00%
               194.0    100.00%
               194.1    100.00%
               194.2    100.00%
               194.3    100.00%
               194.4    100.00%
               194.5    100.00%
               194.6    100.00%
               194.7    100.00%
               194.8    100.00%
               194.9    100.00%
               195.0    100.00%
               195.1    100.00%
               195.2    100.00%
               195.3    100.00%
               195.4    100.00%
               195.5    100.00%
               195.6    100.00%
               195.7    100.00%
               195.8    100.00%
               195.9    100.00%
               196.0    100.00%
               196.1    100.00%
               196.2    100.00%
               196.3    100.00%
               196.4    100.00%
               196.5    100.00%
               196.6    100.00%
               196.7    100.00%
               196.8    100.00%
               196.9    100.00%
               197.0    100.00%
               197.1    100.00%
               197.2    100.00%
               197.3    100.00%
               197.4    100.00%
               197.5    100.00%
               197.6    100.00%
               197.7    100.00%
               197.8    100.00%
               197.9    100.00%
               198.0    100.00%
               198.1    100.00%
               198.2    100.00%
               198.3    100.00%
               198.4    100.00%
               198.5    100.00%
               198.6    100.00%
               198.7    100.00%
               198.8    100.00%
               198.9    100.00%
               199.0    100.00%
               199.1    100.00%
               199.2    100.00%
               199.3    100.00%
               199.4    100.00%
               199.5    100.00%
               199.6    100.00%
               199.7    100.00%
               199.8    100.00%
               199.9    100.00%
               200.0    100.00%
               200.1    100.00%
               200.2    100.00%
               200.3    100.00%
               200.4    100.00%
               200.5    100.00%
               200.6    100.00%
               200.7    100.00%
               200.8    100.00%
               200.9    100.00%
               201.0    100.00%
               201.1    100.00%
               201.2    100.00%

