Threads: 64, Sharded reads: false, Number of Memcached servers: 3.

All measures in microseconds.
  SETS   GETS  MGETS   INVLD    TOT   HITS     RSP T      Q T     SVR T  Q LEN
     0      0  19918       0  19918  59754   1772.19    73.02   1644.21      0
     0      0   2419       0   2419   7257   1731.69    43.54   1639.01      0
     0      0   2478       0   2478   7434   1698.54    46.38   1602.97      0
     0      0   2389       0   2389   7167   1742.90    45.32   1648.57      0
     0      0   2552       0   2552   7656   1677.48    38.69   1590.89      0
     0      0   2592       0   2592   7776   1652.11    37.26   1567.50      1
     0      0   2516       0   2516   7548   1710.18    52.08   1607.04      0
     0      0   2485       0   2485   7455   1714.50    39.15   1624.05      1
     0      0   2259       0   2259   6777   1856.56    58.01   1737.87      0
     0      0   2490       0   2490   7470   1712.65    45.50   1617.29      0
     0      0   2388       0   2388   7164   1795.08    51.07   1685.20      0
     0      0   2537       0   2537   7611   1698.98    44.85   1598.13      0
     0      0   2348       0   2348   7044   1801.01    55.46   1691.19      0
     0      0   2489       0   2489   7467   1701.01    42.61   1604.05      0
     0      0   2489       0   2489   7467   1678.82    40.27   1588.39      0
     0      0   2588       0   2588   7764   1659.88    38.64   1571.39      0
     0      0   2528       0   2528   7584   1680.21    42.57   1578.19      0
     0      0   2439       0   2439   7317   1711.00    42.00   1610.69      0
     0      0   2496       0   2496   7488   1690.67    38.81   1604.16      0
     0      0   2369       0   2369   7107   1751.85    52.13   1642.12      0
     0      0   2576       0   2576   7728   1672.07    39.27   1574.28      1
     0      0   2404       0   2404   7215   1761.91    43.43   1656.91      0
     0      0   2511       0   2511   7533   1683.82    40.09   1596.32      0
     0      0   2490       0   2490   7467   1684.92    37.67   1603.54      1
     0      0   2449       0   2449   7347   1698.35    41.67   1614.20      0
     0      0   2566       0   2566   7698   1640.12    35.73   1553.53      0
     0      0   2586       0   2586   7758   1681.02    40.83   1590.70      0
     0      0   2563       0   2563   7689   1661.44    39.01   1577.86      0
     0      0   2614       0   2614   7842   1630.58    37.18   1548.62      1
     0      0   2435       0   2435   7305   1720.03    38.88   1627.49      0
     0      0   2619       0   2619   7857   1635.71    33.69   1558.93      0
     0      0   2557       0   2557   7671   1658.70    45.27   1565.48      0
     0      0   2445       0   2445   7335   1745.74    39.91   1649.63      0
     0      0   2535       0   2535   7605   1671.40    40.12   1583.41      0
     0      0   2550       0   2550   7650   1656.76    39.95   1563.28      0
     0      0   2568       0   2568   7707   1649.48    40.94   1561.20      0
     0      0   2502       0   2502   7503   1664.74    36.70   1579.36      0
     0      0   2455       0   2455   7365   1739.60    44.09   1644.32      0
     0      0   2451       0   2451   7356   1737.60    35.30   1652.46      0
     0      0   2586       0   2586   7755   1643.87    40.62   1553.94      0
     0      0   2423       0   2423   7269   1753.87    50.98   1652.65      0
     0      0   2417       0   2417   7251   1757.92    51.16   1657.00      0
     0      0   2356       0   2356   7068   1705.10    65.65   1576.92      0
     0      0   2510       0   2510   7530   1656.24    47.33   1556.33      0
     0      0   2530       0   2530   7590   1643.03    39.48   1556.36      0
     0      0   2509       0   2509   7527   1700.86    43.06   1608.73      1
     0      0   2551       0   2551   7653   1631.61    39.60   1543.11      0
     0      0   2546       0   2546   7638   1689.43    42.36   1598.72      0
     0      0   2596       0   2596   7788   1626.29    38.13   1539.23      0
     0      0   2590       0   2590   7770   1623.85    36.78   1535.87      0
     0      0   2611       0   2611   7833   1636.29    38.54   1546.79      1
     0      0   2550       0   2550   7650   1656.18    40.93   1566.14      0
     0      0   2497       0   2497   7491   1721.33    38.44   1634.50      0
     0      0   2465       0   2465   7395   1734.38    43.33   1643.14      0
     0      0   2606       0   2606   7818   1639.20    35.75   1556.03      0
     0      0   2605       0   2605   7815   1654.00    39.35   1566.23      0
     0      0   2574       0   2574   7725   1645.08    39.75   1556.52      0
     0      0   2573       0   2573   7716   1651.44    37.74   1567.69      0
     0      0   2538       0   2538   7614   1679.01    44.03   1589.13      0
     0      0   2601       0   2601   7803   1651.09    37.69   1563.03      0
     0      0   2586       0   2586   7758   1667.68    40.72   1583.16      0
     0      0   2455       0   2455   7365   1726.57    38.05   1635.37      0
     0      0   2559       0   2559   7677   1691.17    41.49   1597.86      0
     0      0   2501       0   2501   7503   1673.78    36.53   1592.60      0
     0      0   2499       0   2499   7497   1688.38    43.08   1587.99      1
     0      0   2499       0   2499   7497   1744.73    41.28   1649.03      0
     0      0   2552       0   2552   7656   1698.04    39.71   1604.95      0
     0      0   2470       0   2470   7410   1706.44    37.98   1622.64      0
     0      0   2451       0   2451   7353   1742.16    50.90   1647.56      0
     0      0   2553       0   2553   7659   1671.77    39.06   1585.94      0
     0      0   2437       0   2437   7311   1740.75    46.58   1643.26      0
     0      0   2489       0   2489   7470   1718.57    47.50   1608.26      0
     0      0   2524       0   2524   7572   1683.14    53.51   1582.85      0
     0      0   2540       0   2540   7620   1651.77    41.37   1554.81      0
     0      0   2634       0   2634   7899   1637.50    39.36   1553.23      0
     0      0   2564       0   2564   7695   1655.28    38.16   1546.50      0
     0      0   2520       0   2520   7557   1697.47    35.20   1617.35      0
     0      0   2515       0   2515   7545   1696.90    39.12   1605.00      0
     0      0   2508       0   2508   7524   1668.82    38.22   1586.12      0
     0      0   2387       0   2387   7161   1781.31    47.18   1687.77      0
     0      0   2582       0   2582   7746   1648.11    32.83   1563.74      0
     0      0   2292       0   2292   6876   1680.45    35.67   1599.20      0
     0      0    249       0    249    747   1605.66    29.01   1534.31      0
     0      0      0       0      0      0       NaN      NaN       NaN      0
     0      0      0       0      0      0       NaN      NaN       NaN      0
     0      0      0       0      0      0       NaN      NaN       NaN      0
     0      0      0       0      0      0       NaN      NaN       NaN      0
     0      0      0       0      0      0       NaN      NaN       NaN      0
================================================================================
ALL STATS (timing measures are in microseconds)
WORKER 0:
Type     |Total    |Ops/sec  |Hits/sec |Miss/Sec |Resp Time|Proc Time|Srvr Time
SET      |        0|     0.00|     0.00|     0.00|      NaN|      NaN|      NaN
GET      |        0|     0.00|     0.00|     0.00|      NaN|      NaN|      NaN
MULTIGET |     3523|    38.71|   116.14|     0.00|  1685.46|  1642.71|  1593.06
INVALID  |        0|     0.00|      ---|      ---|      NaN|      NaN|      ---
Average mutliget length: 3.00
================================================================================
WORKER 1:
Type     |Total    |Ops/sec  |Hits/sec |Miss/Sec |Resp Time|Proc Time|Srvr Time
SET      |        0|     0.00|     0.00|     0.00|      NaN|      NaN|      NaN
GET      |        0|     0.00|     0.00|     0.00|      NaN|      NaN|      NaN
MULTIGET |     3504|    38.51|   115.52|     0.00|  1698.06|  1651.71|  1602.17
INVALID  |        0|     0.00|      ---|      ---|      NaN|      NaN|      ---
Average mutliget length: 3.00
================================================================================
WORKER 2:
Type     |Total    |Ops/sec  |Hits/sec |Miss/Sec |Resp Time|Proc Time|Srvr Time
SET      |        0|     0.00|     0.00|     0.00|      NaN|      NaN|      NaN
GET      |        0|     0.00|     0.00|     0.00|      NaN|      NaN|      NaN
MULTIGET |     3431|    37.70|   113.11|     0.00|  1675.49|  1629.38|  1581.40
INVALID  |        0|     0.00|      ---|      ---|      NaN|      NaN|      ---
Average mutliget length: 3.00
================================================================================
WORKER 3:
Type     |Total    |Ops/sec  |Hits/sec |Miss/Sec |Resp Time|Proc Time|Srvr Time
SET      |        0|     0.00|     0.00|     0.00|      NaN|      NaN|      NaN
GET      |        0|     0.00|     0.00|     0.00|      NaN|      NaN|      NaN
MULTIGET |     3496|    38.42|   115.25|     0.00|  1734.85|  1691.63|  1630.93
INVALID  |        0|     0.00|      ---|      ---|      NaN|      NaN|      ---
Average mutliget length: 3.00
================================================================================
WORKER 4:
Type     |Total    |Ops/sec  |Hits/sec |Miss/Sec |Resp Time|Proc Time|Srvr Time
SET      |        0|     0.00|     0.00|     0.00|      NaN|      NaN|      NaN
GET      |        0|     0.00|     0.00|     0.00|      NaN|      NaN|      NaN
MULTIGET |     3525|    38.74|   116.21|     0.00|  1727.56|  1684.37|  1637.13
INVALID  |        0|     0.00|      ---|      ---|      NaN|      NaN|      ---
Average mutliget length: 3.00
================================================================================
WORKER 5:
Type     |Total    |Ops/sec  |Hits/sec |Miss/Sec |Resp Time|Proc Time|Srvr Time
SET      |        0|     0.00|     0.00|     0.00|      NaN|      NaN|      NaN
GET      |        0|     0.00|     0.00|     0.00|      NaN|      NaN|      NaN
MULTIGET |     3460|    38.02|   114.07|     0.00|  1675.90|  1637.42|  1578.79
INVALID  |        0|     0.00|      ---|      ---|      NaN|      NaN|      ---
Average mutliget length: 3.00
================================================================================
WORKER 6:
Type     |Total    |Ops/sec  |Hits/sec |Miss/Sec |Resp Time|Proc Time|Srvr Time
SET      |        0|     0.00|     0.00|     0.00|      NaN|      NaN|      NaN
GET      |        0|     0.00|     0.00|     0.00|      NaN|      NaN|      NaN
MULTIGET |     3549|    39.00|   117.00|     0.00|  1699.02|  1653.52|  1605.56
INVALID  |        0|     0.00|      ---|      ---|      NaN|      NaN|      ---
Average mutliget length: 3.00
================================================================================
WORKER 7:
Type     |Total    |Ops/sec  |Hits/sec |Miss/Sec |Resp Time|Proc Time|Srvr Time
SET      |        0|     0.00|     0.00|     0.00|      NaN|      NaN|      NaN
GET      |        0|     0.00|     0.00|     0.00|      NaN|      NaN|      NaN
MULTIGET |     3497|    38.43|   115.29|     0.00|  1692.44|  1649.69|  1601.33
INVALID  |        0|     0.00|      ---|      ---|      NaN|      NaN|      ---
Average mutliget length: 3.00
================================================================================
WORKER 8:
Type     |Total    |Ops/sec  |Hits/sec |Miss/Sec |Resp Time|Proc Time|Srvr Time
SET      |        0|     0.00|     0.00|     0.00|      NaN|      NaN|      NaN
GET      |        0|     0.00|     0.00|     0.00|      NaN|      NaN|      NaN
MULTIGET |     3460|    38.02|   114.07|     0.00|  1711.34|  1657.98|  1605.31
INVALID  |        0|     0.00|      ---|      ---|      NaN|      NaN|      ---
Average mutliget length: 3.00
================================================================================
WORKER 9:
Type     |Total    |Ops/sec  |Hits/sec |Miss/Sec |Resp Time|Proc Time|Srvr Time
SET      |        0|     0.00|     0.00|     0.00|      NaN|      NaN|      NaN
GET      |        0|     0.00|     0.00|     0.00|      NaN|      NaN|      NaN
MULTIGET |     3503|    38.49|   115.48|     0.00|  1711.52|  1661.44|  1609.07
INVALID  |        0|     0.00|      ---|      ---|      NaN|      NaN|      ---
Average mutliget length: 3.00
================================================================================
WORKER 10:
Type     |Total    |Ops/sec  |Hits/sec |Miss/Sec |Resp Time|Proc Time|Srvr Time
SET      |        0|     0.00|     0.00|     0.00|      NaN|      NaN|      NaN
GET      |        0|     0.00|     0.00|     0.00|      NaN|      NaN|      NaN
MULTIGET |     3388|    37.23|   111.69|     0.00|  1692.76|  1649.28|  1599.01
INVALID  |        0|     0.00|      ---|      ---|      NaN|      NaN|      ---
Average mutliget length: 3.00
================================================================================
WORKER 11:
Type     |Total    |Ops/sec  |Hits/sec |Miss/Sec |Resp Time|Proc Time|Srvr Time
SET      |        0|     0.00|     0.00|     0.00|      NaN|      NaN|      NaN
GET      |        0|     0.00|     0.00|     0.00|      NaN|      NaN|      NaN
MULTIGET |     3435|    37.75|   113.24|     0.00|  1702.37|  1662.11|  1608.44
INVALID  |        0|     0.00|      ---|      ---|      NaN|      NaN|      ---
Average mutliget length: 3.00
================================================================================
WORKER 12:
Type     |Total    |Ops/sec  |Hits/sec |Miss/Sec |Resp Time|Proc Time|Srvr Time
SET      |        0|     0.00|     0.00|     0.00|      NaN|      NaN|      NaN
GET      |        0|     0.00|     0.00|     0.00|      NaN|      NaN|      NaN
MULTIGET |     3487|    38.32|   114.96|     0.00|  1687.22|  1645.20|  1596.11
INVALID  |        0|     0.00|      ---|      ---|      NaN|      NaN|      ---
Average mutliget length: 3.00
================================================================================
WORKER 13:
Type     |Total    |Ops/sec  |Hits/sec |Miss/Sec |Resp Time|Proc Time|Srvr Time
SET      |        0|     0.00|     0.00|     0.00|      NaN|      NaN|      NaN
GET      |        0|     0.00|     0.00|     0.00|      NaN|      NaN|      NaN
MULTIGET |     3486|    38.31|   114.92|     0.00|  1701.91|  1655.44|  1600.12
INVALID  |        0|     0.00|      ---|      ---|      NaN|      NaN|      ---
Average mutliget length: 3.00
================================================================================
WORKER 14:
Type     |Total    |Ops/sec  |Hits/sec |Miss/Sec |Resp Time|Proc Time|Srvr Time
SET      |        0|     0.00|     0.00|     0.00|      NaN|      NaN|      NaN
GET      |        0|     0.00|     0.00|     0.00|      NaN|      NaN|      NaN
MULTIGET |     3555|    39.07|   117.20|     0.00|  1684.25|  1643.45|  1595.65
INVALID  |        0|     0.00|      ---|      ---|      NaN|      NaN|      ---
Average mutliget length: 3.00
================================================================================
WORKER 15:
Type     |Total    |Ops/sec  |Hits/sec |Miss/Sec |Resp Time|Proc Time|Srvr Time
SET      |        0|     0.00|     0.00|     0.00|      NaN|      NaN|      NaN
GET      |        0|     0.00|     0.00|     0.00|      NaN|      NaN|      NaN
MULTIGET |     3481|    38.25|   114.76|     0.00|  1679.64|  1638.58|  1592.78
INVALID  |        0|     0.00|      ---|      ---|      NaN|      NaN|      ---
Average mutliget length: 3.00
================================================================================
WORKER 16:
Type     |Total    |Ops/sec  |Hits/sec |Miss/Sec |Resp Time|Proc Time|Srvr Time
SET      |        0|     0.00|     0.00|     0.00|      NaN|      NaN|      NaN
GET      |        0|     0.00|     0.00|     0.00|      NaN|      NaN|      NaN
MULTIGET |     3449|    37.90|   113.70|     0.00|  1674.44|  1632.87|  1583.34
INVALID  |        0|     0.00|      ---|      ---|      NaN|      NaN|      ---
Average mutliget length: 3.00
================================================================================
WORKER 17:
Type     |Total    |Ops/sec  |Hits/sec |Miss/Sec |Resp Time|Proc Time|Srvr Time
SET      |        0|     0.00|     0.00|     0.00|      NaN|      NaN|      NaN
GET      |        0|     0.00|     0.00|     0.00|      NaN|      NaN|      NaN
MULTIGET |     3525|    38.74|   116.21|     0.00|  1696.02|  1649.39|  1600.70
INVALID  |        0|     0.00|      ---|      ---|      NaN|      NaN|      ---
Average mutliget length: 3.00
================================================================================
WORKER 18:
Type     |Total    |Ops/sec  |Hits/sec |Miss/Sec |Resp Time|Proc Time|Srvr Time
SET      |        0|     0.00|     0.00|     0.00|      NaN|      NaN|      NaN
GET      |        0|     0.00|     0.00|     0.00|      NaN|      NaN|      NaN
MULTIGET |     3476|    38.20|   114.59|     0.00|  1685.21|  1637.14|  1588.05
INVALID  |        0|     0.00|      ---|      ---|      NaN|      NaN|      ---
Average mutliget length: 3.00
================================================================================
WORKER 19:
Type     |Total    |Ops/sec  |Hits/sec |Miss/Sec |Resp Time|Proc Time|Srvr Time
SET      |        0|     0.00|     0.00|     0.00|      NaN|      NaN|      NaN
GET      |        0|     0.00|     0.00|     0.00|      NaN|      NaN|      NaN
MULTIGET |     3500|    38.46|   115.38|     0.00|  1712.10|  1664.83|  1612.29
INVALID  |        0|     0.00|      ---|      ---|      NaN|      NaN|      ---
Average mutliget length: 3.00
================================================================================
WORKER 20:
Type     |Total    |Ops/sec  |Hits/sec |Miss/Sec |Resp Time|Proc Time|Srvr Time
SET      |        0|     0.00|     0.00|     0.00|      NaN|      NaN|      NaN
GET      |        0|     0.00|     0.00|     0.00|      NaN|      NaN|      NaN
MULTIGET |     3442|    37.82|   113.47|     0.00|  1698.90|  1654.58|  1605.67
INVALID  |        0|     0.00|      ---|      ---|      NaN|      NaN|      ---
Average mutliget length: 3.00
================================================================================
WORKER 21:
Type     |Total    |Ops/sec  |Hits/sec |Miss/Sec |Resp Time|Proc Time|Srvr Time
SET      |        0|     0.00|     0.00|     0.00|      NaN|      NaN|      NaN
GET      |        0|     0.00|     0.00|     0.00|      NaN|      NaN|      NaN
MULTIGET |     3489|    38.34|   115.02|     0.00|  1719.49|  1678.56|  1621.89
INVALID  |        0|     0.00|      ---|      ---|      NaN|      NaN|      ---
Average mutliget length: 3.00
================================================================================
WORKER 22:
Type     |Total    |Ops/sec  |Hits/sec |Miss/Sec |Resp Time|Proc Time|Srvr Time
SET      |        0|     0.00|     0.00|     0.00|      NaN|      NaN|      NaN
GET      |        0|     0.00|     0.00|     0.00|      NaN|      NaN|      NaN
MULTIGET |     3437|    37.77|   113.31|     0.00|  1704.40|  1657.09|  1607.18
INVALID  |        0|     0.00|      ---|      ---|      NaN|      NaN|      ---
Average mutliget length: 3.00
================================================================================
WORKER 23:
Type     |Total    |Ops/sec  |Hits/sec |Miss/Sec |Resp Time|Proc Time|Srvr Time
SET      |        0|     0.00|     0.00|     0.00|      NaN|      NaN|      NaN
GET      |        0|     0.00|     0.00|     0.00|      NaN|      NaN|      NaN
MULTIGET |     3436|    37.76|   113.27|     0.00|  1713.56|  1666.85|  1614.72
INVALID  |        0|     0.00|      ---|      ---|      NaN|      NaN|      ---
Average mutliget length: 3.00
================================================================================
WORKER 24:
Type     |Total    |Ops/sec  |Hits/sec |Miss/Sec |Resp Time|Proc Time|Srvr Time
SET      |        0|     0.00|     0.00|     0.00|      NaN|      NaN|      NaN
GET      |        0|     0.00|     0.00|     0.00|      NaN|      NaN|      NaN
MULTIGET |     3500|    38.46|   115.38|     0.00|  1684.51|  1641.20|  1590.74
INVALID  |        0|     0.00|      ---|      ---|      NaN|      NaN|      ---
Average mutliget length: 3.00
================================================================================
WORKER 25:
Type     |Total    |Ops/sec  |Hits/sec |Miss/Sec |Resp Time|Proc Time|Srvr Time
SET      |        0|     0.00|     0.00|     0.00|      NaN|      NaN|      NaN
GET      |        0|     0.00|     0.00|     0.00|      NaN|      NaN|      NaN
MULTIGET |     3429|    37.68|   113.04|     0.00|  1683.19|  1640.43|  1590.90
INVALID  |        0|     0.00|      ---|      ---|      NaN|      NaN|      ---
Average mutliget length: 3.00
================================================================================
WORKER 26:
Type     |Total    |Ops/sec  |Hits/sec |Miss/Sec |Resp Time|Proc Time|Srvr Time
SET      |        0|     0.00|     0.00|     0.00|      NaN|      NaN|      NaN
GET      |        0|     0.00|     0.00|     0.00|      NaN|      NaN|      NaN
MULTIGET |     3462|    38.04|   114.13|     0.00|  1695.49|  1653.71|  1600.59
INVALID  |        0|     0.00|      ---|      ---|      NaN|      NaN|      ---
Average mutliget length: 3.00
================================================================================
WORKER 27:
Type     |Total    |Ops/sec  |Hits/sec |Miss/Sec |Resp Time|Proc Time|Srvr Time
SET      |        0|     0.00|     0.00|     0.00|      NaN|      NaN|      NaN
GET      |        0|     0.00|     0.00|     0.00|      NaN|      NaN|      NaN
MULTIGET |     3482|    38.26|   114.79|     0.00|  1726.14|  1679.68|  1620.03
INVALID  |        0|     0.00|      ---|      ---|      NaN|      NaN|      ---
Average mutliget length: 3.00
================================================================================
WORKER 28:
Type     |Total    |Ops/sec  |Hits/sec |Miss/Sec |Resp Time|Proc Time|Srvr Time
SET      |        0|     0.00|     0.00|     0.00|      NaN|      NaN|      NaN
GET      |        0|     0.00|     0.00|     0.00|      NaN|      NaN|      NaN
MULTIGET |     3449|    37.90|   113.70|     0.00|  1696.34|  1655.03|  1605.64
INVALID  |        0|     0.00|      ---|      ---|      NaN|      NaN|      ---
Average mutliget length: 3.00
================================================================================
WORKER 29:
Type     |Total    |Ops/sec  |Hits/sec |Miss/Sec |Resp Time|Proc Time|Srvr Time
SET      |        0|     0.00|     0.00|     0.00|      NaN|      NaN|      NaN
GET      |        0|     0.00|     0.00|     0.00|      NaN|      NaN|      NaN
MULTIGET |     3540|    38.90|   116.70|     0.00|  1696.55|  1655.08|  1603.12
INVALID  |        0|     0.00|      ---|      ---|      NaN|      NaN|      ---
Average mutliget length: 3.00
================================================================================
WORKER 30:
Type     |Total    |Ops/sec  |Hits/sec |Miss/Sec |Resp Time|Proc Time|Srvr Time
SET      |        0|     0.00|     0.00|     0.00|      NaN|      NaN|      NaN
GET      |        0|     0.00|     0.00|     0.00|      NaN|      NaN|      NaN
MULTIGET |     3555|    39.07|   117.20|     0.00|  1695.68|  1650.96|  1601.64
INVALID  |        0|     0.00|      ---|      ---|      NaN|      NaN|      ---
Average mutliget length: 3.00
================================================================================
WORKER 31:
Type     |Total    |Ops/sec  |Hits/sec |Miss/Sec |Resp Time|Proc Time|Srvr Time
SET      |        0|     0.00|     0.00|     0.00|      NaN|      NaN|      NaN
GET      |        0|     0.00|     0.00|     0.00|      NaN|      NaN|      NaN
MULTIGET |     3427|    37.66|   112.98|     0.00|  1676.09|  1634.66|  1581.94
INVALID  |        0|     0.00|      ---|      ---|      NaN|      NaN|      ---
Average mutliget length: 3.00
================================================================================
WORKER 32:
Type     |Total    |Ops/sec  |Hits/sec |Miss/Sec |Resp Time|Proc Time|Srvr Time
SET      |        0|     0.00|     0.00|     0.00|      NaN|      NaN|      NaN
GET      |        0|     0.00|     0.00|     0.00|      NaN|      NaN|      NaN
MULTIGET |     3484|    38.29|   114.86|     0.00|  1682.96|  1640.25|  1594.10
INVALID  |        0|     0.00|      ---|      ---|      NaN|      NaN|      ---
Average mutliget length: 3.00
================================================================================
WORKER 33:
Type     |Total    |Ops/sec  |Hits/sec |Miss/Sec |Resp Time|Proc Time|Srvr Time
SET      |        0|     0.00|     0.00|     0.00|      NaN|      NaN|      NaN
GET      |        0|     0.00|     0.00|     0.00|      NaN|      NaN|      NaN
MULTIGET |     3519|    38.67|   116.01|     0.00|  1703.61|  1659.31|  1611.26
INVALID  |        0|     0.00|      ---|      ---|      NaN|      NaN|      ---
Average mutliget length: 3.00
================================================================================
WORKER 34:
Type     |Total    |Ops/sec  |Hits/sec |Miss/Sec |Resp Time|Proc Time|Srvr Time
SET      |        0|     0.00|     0.00|     0.00|      NaN|      NaN|      NaN
GET      |        0|     0.00|     0.00|     0.00|      NaN|      NaN|      NaN
MULTIGET |     3526|    38.75|   116.24|     0.00|  1725.25|  1680.89|  1628.90
INVALID  |        0|     0.00|      ---|      ---|      NaN|      NaN|      ---
Average mutliget length: 3.00
================================================================================
WORKER 35:
Type     |Total    |Ops/sec  |Hits/sec |Miss/Sec |Resp Time|Proc Time|Srvr Time
SET      |        0|     0.00|     0.00|     0.00|      NaN|      NaN|      NaN
GET      |        0|     0.00|     0.00|     0.00|      NaN|      NaN|      NaN
MULTIGET |     3435|    37.75|   113.24|     0.00|  1697.06|  1650.63|  1598.85
INVALID  |        0|     0.00|      ---|      ---|      NaN|      NaN|      ---
Average mutliget length: 3.00
================================================================================
WORKER 36:
Type     |Total    |Ops/sec  |Hits/sec |Miss/Sec |Resp Time|Proc Time|Srvr Time
SET      |        0|     0.00|     0.00|     0.00|      NaN|      NaN|      NaN
GET      |        0|     0.00|     0.00|     0.00|      NaN|      NaN|      NaN
MULTIGET |     3473|    38.16|   114.49|     0.00|  1694.03|  1648.93|  1597.70
INVALID  |        0|     0.00|      ---|      ---|      NaN|      NaN|      ---
Average mutliget length: 3.00
================================================================================
WORKER 37:
Type     |Total    |Ops/sec  |Hits/sec |Miss/Sec |Resp Time|Proc Time|Srvr Time
SET      |        0|     0.00|     0.00|     0.00|      NaN|      NaN|      NaN
GET      |        0|     0.00|     0.00|     0.00|      NaN|      NaN|      NaN
MULTIGET |     3507|    38.54|   115.62|     0.00|  1711.81|  1667.99|  1615.20
INVALID  |        0|     0.00|      ---|      ---|      NaN|      NaN|      ---
Average mutliget length: 3.00
================================================================================
WORKER 38:
Type     |Total    |Ops/sec  |Hits/sec |Miss/Sec |Resp Time|Proc Time|Srvr Time
SET      |        0|     0.00|     0.00|     0.00|      NaN|      NaN|      NaN
GET      |        0|     0.00|     0.00|     0.00|      NaN|      NaN|      NaN
MULTIGET |     3492|    38.37|   115.12|     0.00|  1709.03|  1664.95|  1615.55
INVALID  |        0|     0.00|      ---|      ---|      NaN|      NaN|      ---
Average mutliget length: 3.00
================================================================================
WORKER 39:
Type     |Total    |Ops/sec  |Hits/sec |Miss/Sec |Resp Time|Proc Time|Srvr Time
SET      |        0|     0.00|     0.00|     0.00|      NaN|      NaN|      NaN
GET      |        0|     0.00|     0.00|     0.00|      NaN|      NaN|      NaN
MULTIGET |     3496|    38.42|   115.25|     0.00|  1704.97|  1660.20|  1609.93
INVALID  |        0|     0.00|      ---|      ---|      NaN|      NaN|      ---
Average mutliget length: 3.00
================================================================================
WORKER 40:
Type     |Total    |Ops/sec  |Hits/sec |Miss/Sec |Resp Time|Proc Time|Srvr Time
SET      |        0|     0.00|     0.00|     0.00|      NaN|      NaN|      NaN
GET      |        0|     0.00|     0.00|     0.00|      NaN|      NaN|      NaN
MULTIGET |     3499|    38.45|   115.35|     0.00|  1698.65|  1652.01|  1603.66
INVALID  |        0|     0.00|      ---|      ---|      NaN|      NaN|      ---
Average mutliget length: 3.00
================================================================================
WORKER 41:
Type     |Total    |Ops/sec  |Hits/sec |Miss/Sec |Resp Time|Proc Time|Srvr Time
SET      |        0|     0.00|     0.00|     0.00|      NaN|      NaN|      NaN
GET      |        0|     0.00|     0.00|     0.00|      NaN|      NaN|      NaN
MULTIGET |     3535|    38.85|   116.54|     0.00|  1715.01|  1672.45|  1625.30
INVALID  |        0|     0.00|      ---|      ---|      NaN|      NaN|      ---
Average mutliget length: 3.00
================================================================================
WORKER 42:
Type     |Total    |Ops/sec  |Hits/sec |Miss/Sec |Resp Time|Proc Time|Srvr Time
SET      |        0|     0.00|     0.00|     0.00|      NaN|      NaN|      NaN
GET      |        0|     0.00|     0.00|     0.00|      NaN|      NaN|      NaN
MULTIGET |     3504|    38.51|   115.52|     0.00|  1687.14|  1642.89|  1584.78
INVALID  |        0|     0.00|      ---|      ---|      NaN|      NaN|      ---
Average mutliget length: 3.00
================================================================================
WORKER 43:
Type     |Total    |Ops/sec  |Hits/sec |Miss/Sec |Resp Time|Proc Time|Srvr Time
SET      |        0|     0.00|     0.00|     0.00|      NaN|      NaN|      NaN
GET      |        0|     0.00|     0.00|     0.00|      NaN|      NaN|      NaN
MULTIGET |     3505|    38.52|   115.55|     0.00|  1682.96|  1638.07|  1589.77
INVALID  |        0|     0.00|      ---|      ---|      NaN|      NaN|      ---
Average mutliget length: 3.00
================================================================================
WORKER 44:
Type     |Total    |Ops/sec  |Hits/sec |Miss/Sec |Resp Time|Proc Time|Srvr Time
SET      |        0|     0.00|     0.00|     0.00|      NaN|      NaN|      NaN
GET      |        0|     0.00|     0.00|     0.00|      NaN|      NaN|      NaN
MULTIGET |     3468|    38.11|   114.33|     0.00|  1683.98|  1638.91|  1587.84
INVALID  |        0|     0.00|      ---|      ---|      NaN|      NaN|      ---
Average mutliget length: 3.00
================================================================================
WORKER 45:
Type     |Total    |Ops/sec  |Hits/sec |Miss/Sec |Resp Time|Proc Time|Srvr Time
SET      |        0|     0.00|     0.00|     0.00|      NaN|      NaN|      NaN
GET      |        0|     0.00|     0.00|     0.00|      NaN|      NaN|      NaN
MULTIGET |     3551|    39.02|   117.07|     0.00|  1661.24|  1618.79|  1572.52
INVALID  |        0|     0.00|      ---|      ---|      NaN|      NaN|      ---
Average mutliget length: 3.00
================================================================================
WORKER 46:
Type     |Total    |Ops/sec  |Hits/sec |Miss/Sec |Resp Time|Proc Time|Srvr Time
SET      |        0|     0.00|     0.00|     0.00|      NaN|      NaN|      NaN
GET      |        0|     0.00|     0.00|     0.00|      NaN|      NaN|      NaN
MULTIGET |     3497|    38.43|   115.29|     0.00|  1695.37|  1652.53|  1601.38
INVALID  |        0|     0.00|      ---|      ---|      NaN|      NaN|      ---
Average mutliget length: 3.00
================================================================================
WORKER 47:
Type     |Total    |Ops/sec  |Hits/sec |Miss/Sec |Resp Time|Proc Time|Srvr Time
SET      |        0|     0.00|     0.00|     0.00|      NaN|      NaN|      NaN
GET      |        0|     0.00|     0.00|     0.00|      NaN|      NaN|      NaN
MULTIGET |     3467|    38.10|   114.30|     0.00|  1712.32|  1664.84|  1616.52
INVALID  |        0|     0.00|      ---|      ---|      NaN|      NaN|      ---
Average mutliget length: 3.00
================================================================================
WORKER 48:
Type     |Total    |Ops/sec  |Hits/sec |Miss/Sec |Resp Time|Proc Time|Srvr Time
SET      |        0|     0.00|     0.00|     0.00|      NaN|      NaN|      NaN
GET      |        0|     0.00|     0.00|     0.00|      NaN|      NaN|      NaN
MULTIGET |     3541|    38.91|   116.74|     0.00|  1694.89|  1646.55|  1598.14
INVALID  |        0|     0.00|      ---|      ---|      NaN|      NaN|      ---
Average mutliget length: 3.00
================================================================================
WORKER 49:
Type     |Total    |Ops/sec  |Hits/sec |Miss/Sec |Resp Time|Proc Time|Srvr Time
SET      |        0|     0.00|     0.00|     0.00|      NaN|      NaN|      NaN
GET      |        0|     0.00|     0.00|     0.00|      NaN|      NaN|      NaN
MULTIGET |     3435|    37.75|   113.24|     0.00|  1679.32|  1635.55|  1585.50
INVALID  |        0|     0.00|      ---|      ---|      NaN|      NaN|      ---
Average mutliget length: 3.00
================================================================================
WORKER 50:
Type     |Total    |Ops/sec  |Hits/sec |Miss/Sec |Resp Time|Proc Time|Srvr Time
SET      |        0|     0.00|     0.00|     0.00|      NaN|      NaN|      NaN
GET      |        0|     0.00|     0.00|     0.00|      NaN|      NaN|      NaN
MULTIGET |     3424|    37.63|   112.88|     0.00|  1696.21|  1651.30|  1600.43
INVALID  |        0|     0.00|      ---|      ---|      NaN|      NaN|      ---
Average mutliget length: 3.00
================================================================================
WORKER 51:
Type     |Total    |Ops/sec  |Hits/sec |Miss/Sec |Resp Time|Proc Time|Srvr Time
SET      |        0|     0.00|     0.00|     0.00|      NaN|      NaN|      NaN
GET      |        0|     0.00|     0.00|     0.00|      NaN|      NaN|      NaN
MULTIGET |     3480|    38.24|   114.73|     0.00|  1704.13|  1657.81|  1607.18
INVALID  |        0|     0.00|      ---|      ---|      NaN|      NaN|      ---
Average mutliget length: 3.00
================================================================================
WORKER 52:
Type     |Total    |Ops/sec  |Hits/sec |Miss/Sec |Resp Time|Proc Time|Srvr Time
SET      |        0|     0.00|     0.00|     0.00|      NaN|      NaN|      NaN
GET      |        0|     0.00|     0.00|     0.00|      NaN|      NaN|      NaN
MULTIGET |     3489|    38.34|   115.02|     0.00|  1691.29|  1644.47|  1598.29
INVALID  |        0|     0.00|      ---|      ---|      NaN|      NaN|      ---
Average mutliget length: 3.00
================================================================================
WORKER 53:
Type     |Total    |Ops/sec  |Hits/sec |Miss/Sec |Resp Time|Proc Time|Srvr Time
SET      |        0|     0.00|     0.00|     0.00|      NaN|      NaN|      NaN
GET      |        0|     0.00|     0.00|     0.00|      NaN|      NaN|      NaN
MULTIGET |     3512|    38.59|   115.78|     0.00|  1660.34|  1611.62|  1561.84
INVALID  |        0|     0.00|      ---|      ---|      NaN|      NaN|      ---
Average mutliget length: 3.00
================================================================================
WORKER 54:
Type     |Total    |Ops/sec  |Hits/sec |Miss/Sec |Resp Time|Proc Time|Srvr Time
SET      |        0|     0.00|     0.00|     0.00|      NaN|      NaN|      NaN
GET      |        0|     0.00|     0.00|     0.00|      NaN|      NaN|      NaN
MULTIGET |     3497|    38.43|   115.29|     0.00|  1714.31|  1667.93|  1613.29
INVALID  |        0|     0.00|      ---|      ---|      NaN|      NaN|      ---
Average mutliget length: 3.00
================================================================================
WORKER 55:
Type     |Total    |Ops/sec  |Hits/sec |Miss/Sec |Resp Time|Proc Time|Srvr Time
SET      |        0|     0.00|     0.00|     0.00|      NaN|      NaN|      NaN
GET      |        0|     0.00|     0.00|     0.00|      NaN|      NaN|      NaN
MULTIGET |     3480|    38.24|   114.73|     0.00|  1729.55|  1681.61|  1624.95
INVALID  |        0|     0.00|      ---|      ---|      NaN|      NaN|      ---
Average mutliget length: 3.00
================================================================================
WORKER 56:
Type     |Total    |Ops/sec  |Hits/sec |Miss/Sec |Resp Time|Proc Time|Srvr Time
SET      |        0|     0.00|     0.00|     0.00|      NaN|      NaN|      NaN
GET      |        0|     0.00|     0.00|     0.00|      NaN|      NaN|      NaN
MULTIGET |     3511|    38.58|   115.75|     0.00|  1710.87|  1669.90|  1617.21
INVALID  |        0|     0.00|      ---|      ---|      NaN|      NaN|      ---
Average mutliget length: 3.00
================================================================================
WORKER 57:
Type     |Total    |Ops/sec  |Hits/sec |Miss/Sec |Resp Time|Proc Time|Srvr Time
SET      |        0|     0.00|     0.00|     0.00|      NaN|      NaN|      NaN
GET      |        0|     0.00|     0.00|     0.00|      NaN|      NaN|      NaN
MULTIGET |     3512|    38.59|   115.78|     0.00|  1676.50|  1634.32|  1574.23
INVALID  |        0|     0.00|      ---|      ---|      NaN|      NaN|      ---
Average mutliget length: 3.00
================================================================================
WORKER 58:
Type     |Total    |Ops/sec  |Hits/sec |Miss/Sec |Resp Time|Proc Time|Srvr Time
SET      |        0|     0.00|     0.00|     0.00|      NaN|      NaN|      NaN
GET      |        0|     0.00|     0.00|     0.00|      NaN|      NaN|      NaN
MULTIGET |     3505|    38.52|   115.55|     0.00|  1704.80|  1652.37|  1603.19
INVALID  |        0|     0.00|      ---|      ---|      NaN|      NaN|      ---
Average mutliget length: 3.00
================================================================================
WORKER 59:
Type     |Total    |Ops/sec  |Hits/sec |Miss/Sec |Resp Time|Proc Time|Srvr Time
SET      |        0|     0.00|     0.00|     0.00|      NaN|      NaN|      NaN
GET      |        0|     0.00|     0.00|     0.00|      NaN|      NaN|      NaN
MULTIGET |     3421|    37.59|   112.78|     0.00|  1690.26|  1649.73|  1597.15
INVALID  |        0|     0.00|      ---|      ---|      NaN|      NaN|      ---
Average mutliget length: 3.00
================================================================================
WORKER 60:
Type     |Total    |Ops/sec  |Hits/sec |Miss/Sec |Resp Time|Proc Time|Srvr Time
SET      |        0|     0.00|     0.00|     0.00|      NaN|      NaN|      NaN
GET      |        0|     0.00|     0.00|     0.00|      NaN|      NaN|      NaN
MULTIGET |     3532|    38.81|   116.44|     0.00|  1704.94|  1659.82|  1606.65
INVALID  |        0|     0.00|      ---|      ---|      NaN|      NaN|      ---
Average mutliget length: 3.00
================================================================================
WORKER 61:
Type     |Total    |Ops/sec  |Hits/sec |Miss/Sec |Resp Time|Proc Time|Srvr Time
SET      |        0|     0.00|     0.00|     0.00|      NaN|      NaN|      NaN
GET      |        0|     0.00|     0.00|     0.00|      NaN|      NaN|      NaN
MULTIGET |     3545|    38.96|   116.87|     0.00|  1704.45|  1660.82|  1611.95
INVALID  |        0|     0.00|      ---|      ---|      NaN|      NaN|      ---
Average mutliget length: 3.00
================================================================================
WORKER 62:
Type     |Total    |Ops/sec  |Hits/sec |Miss/Sec |Resp Time|Proc Time|Srvr Time
SET      |        0|     0.00|     0.00|     0.00|      NaN|      NaN|      NaN
GET      |        0|     0.00|     0.00|     0.00|      NaN|      NaN|      NaN
MULTIGET |     3521|    38.69|   116.08|     0.00|  1724.78|  1673.76|  1627.80
INVALID  |        0|     0.00|      ---|      ---|      NaN|      NaN|      ---
Average mutliget length: 3.00
================================================================================
WORKER 63:
Type     |Total    |Ops/sec  |Hits/sec |Miss/Sec |Resp Time|Proc Time|Srvr Time
SET      |        0|     0.00|     0.00|     0.00|      NaN|      NaN|      NaN
GET      |        0|     0.00|     0.00|     0.00|      NaN|      NaN|      NaN
MULTIGET |     3504|    38.51|   115.52|     0.00|  1684.91|  1642.35|  1593.07
INVALID  |        0|     0.00|      ---|      ---|      NaN|      NaN|      ---
Average mutliget length: 3.00
================================================================================
================================================================================

AGGREGATE FOR ALL WORKERS:
Type     |Total    |Ops/sec  |Hits/sec |Miss/Sec |Resp Time|Proc Time|Srvr Time
SET      |        0|     0.00|     0.00|     0.00|      NaN|      NaN|      NaN
GET      |        0|     0.00|     0.00|     0.00|      NaN|      NaN|      NaN
MULTIGET |   223245|  2453.24|  7359.73|     0.00|  1697.76|  1653.14|  1602.21
INVALID  |        0|     0.00|      ---|      ---|      NaN|      NaN|      ---
Average mutliget length: 3.00


 HISTOGRAM
  Response time (ms)   Percent
                 0.1      0.00%
                 0.2      0.00%
                 0.3      0.00%
                 0.4      0.05%
                 0.5      3.78%
                 0.6     16.25%
                 0.7     25.45%
                 0.8     28.69%
                 0.9     29.81%
                 1.0     30.55%
                 1.1     31.17%
                 1.2     31.59%
                 1.3     31.91%
                 1.4     32.11%
                 1.5     32.27%
                 1.6     32.37%
                 1.7     33.88%
                 1.8     42.68%
                 1.9     56.51%
                 2.0     68.54%
                 2.1     76.39%
                 2.2     81.74%
                 2.3     85.71%
                 2.4     88.72%
                 2.5     90.95%
                 2.6     92.69%
                 2.7     93.91%
                 2.8     94.84%
                 2.9     95.55%
                 3.0     96.08%
                 3.1     96.48%
                 3.2     96.82%
                 3.3     97.08%
                 3.4     97.30%
                 3.5     97.48%
                 3.6     97.64%
                 3.7     97.76%
                 3.8     97.88%
                 3.9     97.99%
                 4.0     98.10%
                 4.1     98.20%
                 4.2     98.28%
                 4.3     98.37%
                 4.4     98.44%
                 4.5     98.52%
                 4.6     98.59%
                 4.7     98.65%
                 4.8     98.71%
                 4.9     98.76%
                 5.0     98.81%
                 5.1     98.86%
                 5.2     98.90%
                 5.3     98.94%
                 5.4     98.98%
                 5.5     99.02%
                 5.6     99.05%
                 5.7     99.09%
                 5.8     99.14%
                 5.9     99.19%
                 6.0     99.23%
                 6.1     99.28%
                 6.2     99.32%
                 6.3     99.37%
                 6.4     99.41%
                 6.5     99.46%
                 6.6     99.49%
                 6.7     99.53%
                 6.8     99.56%
                 6.9     99.59%
                 7.0     99.62%
                 7.1     99.65%
                 7.2     99.68%
                 7.3     99.71%
                 7.4     99.74%
                 7.5     99.76%
                 7.6     99.78%
                 7.7     99.80%
                 7.8     99.81%
                 7.9     99.82%
                 8.0     99.83%
                 8.1     99.84%
                 8.2     99.85%
                 8.3     99.85%
                 8.4     99.86%
                 8.5     99.86%
                 8.6     99.87%
                 8.7     99.87%
                 8.8     99.87%
                 8.9     99.87%
                 9.0     99.88%
                 9.1     99.88%
                 9.2     99.89%
                 9.3     99.89%
                 9.4     99.89%
                 9.5     99.89%
                 9.6     99.90%
                 9.7     99.90%
                 9.8     99.90%
                 9.9     99.91%
                10.0     99.91%
                10.1     99.91%
                10.2     99.91%
                10.3     99.91%
                10.4     99.91%
                10.5     99.92%
                10.6     99.92%
                10.7     99.92%
                10.8     99.92%
                10.9     99.92%
                11.0     99.92%
                11.1     99.92%
                11.2     99.93%
                11.3     99.93%
                11.4     99.93%
                11.5     99.93%
                11.6     99.93%
                11.7     99.93%
                11.8     99.94%
                11.9     99.94%
                12.0     99.94%
                12.1     99.94%
                12.2     99.94%
                12.3     99.94%
                12.4     99.94%
                12.5     99.94%
                12.6     99.94%
                12.7     99.94%
                12.8     99.94%
                12.9     99.94%
                13.0     99.94%
                13.1     99.94%
                13.2     99.95%
                13.3     99.95%
                13.4     99.95%
                13.5     99.95%
                13.6     99.95%
                13.7     99.95%
                13.8     99.95%
                13.9     99.95%
                14.0     99.95%
                14.1     99.95%
                14.2     99.95%
                14.3     99.95%
                14.4     99.96%
                14.5     99.96%
                14.6     99.96%
                14.7     99.96%
                14.8     99.96%
                14.9     99.96%
                15.0     99.96%
                15.1     99.96%
                15.2     99.96%
                15.3     99.96%
                15.4     99.96%
                15.5     99.97%
                15.6     99.97%
                15.7     99.97%
                15.8     99.97%
                15.9     99.97%
                16.0     99.97%
                16.1     99.97%
                16.2     99.97%
                16.3     99.97%
                16.4     99.97%
                16.5     99.97%
                16.6     99.97%
                16.7     99.97%
                16.8     99.97%
                16.9     99.98%
                17.0     99.98%
                17.1     99.98%
                17.2     99.98%
                17.3     99.98%
                17.4     99.98%
                17.5     99.98%
                17.6     99.98%
                17.7     99.98%
                17.8     99.98%
                17.9     99.98%
                18.0     99.98%
                18.1     99.98%
                18.2     99.98%
                18.3     99.98%
                18.4     99.98%
                18.5     99.98%
                18.6     99.98%
                18.7     99.98%
                18.8     99.98%
                18.9     99.98%
                19.0     99.98%
                19.1     99.98%
                19.2     99.98%
                19.3     99.99%
                19.4     99.99%
                19.5     99.99%
                19.6     99.99%
                19.7     99.99%
                19.8     99.99%
                19.9     99.99%
                20.0     99.99%
                20.1     99.99%
                20.2     99.99%
                20.3     99.99%
                20.4     99.99%
                20.5     99.99%
                20.6     99.99%
                20.7     99.99%
                20.8     99.99%
                20.9     99.99%
                21.0     99.99%
                21.1     99.99%
                21.2     99.99%
                21.3     99.99%
                21.4     99.99%
                21.5     99.99%
                21.6     99.99%
                21.7     99.99%
                21.8     99.99%
                21.9     99.99%
                22.0     99.99%
                22.1     99.99%
                22.2     99.99%
                22.3     99.99%
                22.4     99.99%
                22.5     99.99%
                22.6     99.99%
                22.7     99.99%
                22.8     99.99%
                22.9     99.99%
                23.0     99.99%
                23.1     99.99%
                23.2     99.99%
                23.3     99.99%
                23.4     99.99%
                23.5     99.99%
                23.6     99.99%
                23.7     99.99%
                23.8     99.99%
                23.9     99.99%
                24.0     99.99%
                24.1     99.99%
                24.2     99.99%
                24.3     99.99%
                24.4     99.99%
                24.5     99.99%
                24.6     99.99%
                24.7     99.99%
                24.8     99.99%
                24.9     99.99%
                25.0     99.99%
                25.1     99.99%
                25.2     99.99%
                25.3     99.99%
                25.4     99.99%
                25.5     99.99%
                25.6     99.99%
                25.7     99.99%
                25.8     99.99%
                25.9     99.99%
                26.0     99.99%
                26.1     99.99%
                26.2     99.99%
                26.3     99.99%
                26.4     99.99%
                26.5     99.99%
                26.6     99.99%
                26.7     99.99%
                26.8     99.99%
                26.9     99.99%
                27.0     99.99%
                27.1     99.99%
                27.2     99.99%
                27.3     99.99%
                27.4     99.99%
                27.5     99.99%
                27.6     99.99%
                27.7     99.99%
                27.8     99.99%
                27.9     99.99%
                28.0     99.99%
                28.1     99.99%
                28.2     99.99%
                28.3     99.99%
                28.4     99.99%
                28.5     99.99%
                28.6     99.99%
                28.7     99.99%
                28.8     99.99%
                28.9     99.99%
                29.0     99.99%
                29.1     99.99%
                29.2     99.99%
                29.3     99.99%
                29.4     99.99%
                29.5     99.99%
                29.6     99.99%
                29.7     99.99%
                29.8     99.99%
                29.9     99.99%
                30.0     99.99%
                30.1     99.99%
                30.2     99.99%
                30.3     99.99%
                30.4    100.00%
                30.5    100.00%
                30.6    100.00%
                30.7    100.00%
                30.8    100.00%
                30.9    100.00%
                31.0    100.00%
                31.1    100.00%
                31.2    100.00%
                31.3    100.00%
                31.4    100.00%
                31.5    100.00%
                31.6    100.00%
                31.7    100.00%
                31.8    100.00%
                31.9    100.00%
                32.0    100.00%
                32.1    100.00%
                32.2    100.00%
                32.3    100.00%
                32.4    100.00%
                32.5    100.00%
                32.6    100.00%
                32.7    100.00%
                32.8    100.00%
                32.9    100.00%
                33.0    100.00%
                33.1    100.00%
                33.2    100.00%
                33.3    100.00%
                33.4    100.00%
                33.5    100.00%
                33.6    100.00%
                33.7    100.00%
                33.8    100.00%
                33.9    100.00%
                34.0    100.00%
                34.1    100.00%
                34.2    100.00%
                34.3    100.00%
                34.4    100.00%
                34.5    100.00%
                34.6    100.00%
                34.7    100.00%
                34.8    100.00%
                34.9    100.00%
                35.0    100.00%
                35.1    100.00%
                35.2    100.00%
                35.3    100.00%
                35.4    100.00%
                35.5    100.00%
                35.6    100.00%
                35.7    100.00%
                35.8    100.00%
                35.9    100.00%
                36.0    100.00%
                36.1    100.00%
                36.2    100.00%
                36.3    100.00%
                36.4    100.00%
                36.5    100.00%
                36.6    100.00%
                36.7    100.00%
                36.8    100.00%
                36.9    100.00%
                37.0    100.00%

