Threads: 8, Sharded reads: false, Number of Memcached servers: 3.

All measures in microseconds.
  SETS   GETS  MGETS   INVLD    TOT   HITS     RSP T      Q T     SVR T  Q LEN
 26407      0      0       0  26407  26407  48986.26 46578.82   2382.83    160
  3368      0      0       0   3368   3368  48414.78 46077.11   2320.14    153
  3350      0      0       0   3350   3350  48553.27 46205.09   2331.45    153
  3370      0      0       0   3370   3370  48310.05 45976.14   2313.42    159
  3321      0      0       0   3321   3321  49039.45 46671.56   2350.91    155
  3363      0      0       0   3363   3363  48450.58 46112.81   2319.26    160
  3378      0      0       0   3378   3378  48215.37 45884.76   2312.35    160
  3482      0      0       0   3482   3482  46670.56 44411.59   2241.58    160
  3463      0      0       0   3463   3463  46792.78 44528.98   2246.48    160
  3458      0      0       0   3458   3458  46927.39 44658.40   2250.46    153
  3399      0      0       0   3399   3399  47754.55 45449.31   2285.63    148
  3434      0      0       0   3434   3434  47215.90 44923.37   2274.10    152
  3373      0      0       0   3373   3373  48436.71 46106.67   2311.35    160
  3382      0      0       0   3382   3382  48203.35 45875.57   2309.47    156
  3370      0      0       0   3370   3370  48094.38 45758.86   2318.51    156
  3430      0      0       0   3430   3430  47633.96 45341.15   2275.55    159
  3415      0      0       0   3415   3415  47669.83 45367.92   2283.55    160
  3331      0      0       0   3331   3331  48853.69 46489.17   2346.41    158
  3202      0      0       0   3202   3202  51110.12 48656.21   2435.32    160
  3365      0      0       0   3365   3365  48314.48 45973.34   2320.09    157
  3366      0      0       0   3366   3366  47981.90 45645.71   2318.40    159
  3275      0      0       0   3275   3275  50035.71 47632.04   2382.15    158
  3340      0      0       0   3340   3340  48939.60 46583.17   2339.26    158
  3272      0      0       0   3272   3272  49403.94 47000.65   2385.62    160
  3204      0      0       0   3204   3204  51082.49 48625.89   2438.13    160
  3385      0      0       0   3385   3385  48194.36 45871.94   2303.83    160
  3286      0      0       0   3286   3286  49599.68 47201.85   2379.16    156
  3348      0      0       0   3348   3348  48712.20 46365.10   2328.66    160
  3430      0      0       0   3430   3430  47358.70 45063.45   2278.16    159
  3133      0      0       0   3133   3133  51933.22 49418.85   2494.14    153
  3425      0      0       0   3425   3425  47665.88 45369.95   2279.36    160
  3376      0      0       0   3376   3376  48139.89 45809.10   2312.11    154
  3226      0      0       0   3226   3226  50216.53 47788.48   2409.84    160
  3459      0      0       0   3459   3459  47274.69 44998.53   2258.81    154
  3289      0      0       0   3289   3289  49421.66 47032.16   2370.29    160
  3403      0      0       0   3403   3403  47746.82 45442.89   2285.98    160
  3425      0      0       0   3425   3425  47267.95 44971.15   2279.25    159
  3387      0      0       0   3387   3387  48145.29 45828.24   2294.88    153
  3427      0      0       0   3427   3427  47362.11 45066.50   2276.37    153
  3297      0      0       0   3297   3297  49589.32 47204.15   2367.06    160
  3367      0      0       0   3367   3367  48286.47 45949.31   2316.71    160
  3334      0      0       0   3334   3334  48832.11 46475.35   2338.43    160
  3467      0      0       0   3467   3467  46977.32 44705.93   2254.48    160
  3567      0      0       0   3567   3567  45593.83 43389.59   2185.39    160
  3434      0      0       0   3434   3434  47428.93 45136.17   2273.61    158
  3430      0      0       0   3430   3430  47415.59 45122.61   2274.93    160
  3261      0      0       0   3261   3261  49741.74 47338.73   2384.80    160
  3306      0      0       0   3306   3306  49250.32 46869.95   2359.49    160
  3510      0      0       0   3510   3510  46388.70 44146.67   2224.03    160
  2954      0      0       0   2954   2954  55032.37 52369.20   2615.84    160
  3432      0      0       0   3432   3432  47583.16 45291.21   2271.50    160
  3448      0      0       0   3448   3448  46933.96 44654.15   2261.39    160
  3251      0      0       0   3251   3251  50098.24 47676.21   2403.68    160
  3372      0      0       0   3372   3372  48075.44 45749.73   2307.66    160
  3328      0      0       0   3328   3328  48975.53 46612.73   2337.99    156
  3328      0      0       0   3328   3328  48669.35 46314.00   2334.91    154
  3243      0      0       0   3243   3243  49917.56 47492.07   2406.47    160
  3401      0      0       0   3401   3401  48071.25 45759.63   2293.08    160
  3536      0      0       0   3536   3536  46194.26 43966.16   2211.86    155
  3398      0      0       0   3398   3398  47651.14 45339.05   2293.59    160
  3448      0      0       0   3448   3448  47485.31 45199.56   2268.09    155
  3423      0      0       0   3423   3423  47307.80 45024.02   2265.37    160
  3433      0      0       0   3433   3433  47441.67 45149.08   2274.59    160
  3537      0      0       0   3537   3537  45920.93 43695.50   2207.42    160
  3480      0      0       0   3480   3480  46734.23 44472.26   2244.94    153
  3491      0      0       0   3491   3491  46577.15 44322.81   2236.21    153
  3435      0      0       0   3435   3435  47381.17 45093.65   2269.73    160
  3414      0      0       0   3414   3414  47804.93 45497.13   2291.00    152
  3464      0      0       0   3464   3464  47057.15 44786.24   2253.68    156
  3589      0      0       0   3589   3589  45059.78 42875.89   2164.94    153
  3391      0      0       0   3391   3391  47878.46 45561.21   2298.83    160
  3273      0      0       0   3273   3273  49895.79 47490.95   2386.58    160
  3384      0      0       0   3384   3384  48186.25 45861.30   2305.45    155
  3430      0      0       0   3430   3430  47350.72 45059.67   2273.08    160
  3440      0      0       0   3440   3440  47149.16 44868.22   2262.05    160
  3366      0      0       0   3366   3366  48282.83 45946.80   2317.13    154
  3390      0      0       0   3390   3390  48015.82 45703.53   2294.86    160
  3445      0      0       0   3445   3445  47115.48 44837.45   2260.92    160
  3428      0      0       0   3428   3428  47255.52 44968.92   2268.64    154
  3160      0      0       0   3160   3160  51326.59 48850.78   2457.99    160
  3138      0      0       0   3138   3138  51658.16 49158.47   2472.14    160
  3426      0      0       0   3426   3426  47395.31 45097.68   2279.61    160
  1442      0      0       0   1442   1442  43731.67 41284.12   2430.42      0
     0      0      0       0      0      0       NaN      NaN       NaN      0
     0      0      0       0      0      0       NaN      NaN       NaN      0
     0      0      0       0      0      0       NaN      NaN       NaN      0
     0      0      0       0      0      0       NaN      NaN       NaN      0
     0      0      0       0      0      0       NaN      NaN       NaN      0
================================================================================
ALL STATS (timing measures are in microseconds)
WORKER 0:
Type     |Total    |Ops/sec  |Hits/sec |Miss/Sec |Resp Time|Proc Time|Srvr Time
SET      |    37663|   413.88|   413.88|     0.00| 48253.08|  2336.13|  2317.05
GET      |        0|     0.00|     0.00|     0.00|      NaN|      NaN|      NaN
MULTIGET |        0|     0.00|     0.00|     0.00|      NaN|      NaN|      NaN
INVALID  |        0|     0.00|      ---|      ---|      NaN|      NaN|      ---
Average mutliget length: NaN
================================================================================
WORKER 1:
Type     |Total    |Ops/sec  |Hits/sec |Miss/Sec |Resp Time|Proc Time|Srvr Time
SET      |    37673|   413.99|   413.99|     0.00| 48261.21|  2335.58|  2315.15
GET      |        0|     0.00|     0.00|     0.00|      NaN|      NaN|      NaN
MULTIGET |        0|     0.00|     0.00|     0.00|      NaN|      NaN|      NaN
INVALID  |        0|     0.00|      ---|      ---|      NaN|      NaN|      ---
Average mutliget length: NaN
================================================================================
WORKER 2:
Type     |Total    |Ops/sec  |Hits/sec |Miss/Sec |Resp Time|Proc Time|Srvr Time
SET      |    37666|   413.91|   413.91|     0.00| 48253.61|  2336.04|  2316.99
GET      |        0|     0.00|     0.00|     0.00|      NaN|      NaN|      NaN
MULTIGET |        0|     0.00|     0.00|     0.00|      NaN|      NaN|      NaN
INVALID  |        0|     0.00|      ---|      ---|      NaN|      NaN|      ---
Average mutliget length: NaN
================================================================================
WORKER 3:
Type     |Total    |Ops/sec  |Hits/sec |Miss/Sec |Resp Time|Proc Time|Srvr Time
SET      |    37675|   414.01|   414.01|     0.00| 48237.09|  2335.21|  2316.34
GET      |        0|     0.00|     0.00|     0.00|      NaN|      NaN|      NaN
MULTIGET |        0|     0.00|     0.00|     0.00|      NaN|      NaN|      NaN
INVALID  |        0|     0.00|      ---|      ---|      NaN|      NaN|      ---
Average mutliget length: NaN
================================================================================
WORKER 4:
Type     |Total    |Ops/sec  |Hits/sec |Miss/Sec |Resp Time|Proc Time|Srvr Time
SET      |    37645|   413.68|   413.68|     0.00| 48238.87|  2337.39|  2319.01
GET      |        0|     0.00|     0.00|     0.00|      NaN|      NaN|      NaN
MULTIGET |        0|     0.00|     0.00|     0.00|      NaN|      NaN|      NaN
INVALID  |        0|     0.00|      ---|      ---|      NaN|      NaN|      ---
Average mutliget length: NaN
================================================================================
WORKER 5:
Type     |Total    |Ops/sec  |Hits/sec |Miss/Sec |Resp Time|Proc Time|Srvr Time
SET      |    37636|   413.58|   413.58|     0.00| 48248.28|  2337.85|  2318.60
GET      |        0|     0.00|     0.00|     0.00|      NaN|      NaN|      NaN
MULTIGET |        0|     0.00|     0.00|     0.00|      NaN|      NaN|      NaN
INVALID  |        0|     0.00|      ---|      ---|      NaN|      NaN|      ---
Average mutliget length: NaN
================================================================================
WORKER 6:
Type     |Total    |Ops/sec  |Hits/sec |Miss/Sec |Resp Time|Proc Time|Srvr Time
SET      |    37642|   413.65|   413.65|     0.00| 48251.23|  2337.28|  2317.05
GET      |        0|     0.00|     0.00|     0.00|      NaN|      NaN|      NaN
MULTIGET |        0|     0.00|     0.00|     0.00|      NaN|      NaN|      NaN
INVALID  |        0|     0.00|      ---|      ---|      NaN|      NaN|      ---
Average mutliget length: NaN
================================================================================
WORKER 7:
Type     |Total    |Ops/sec  |Hits/sec |Miss/Sec |Resp Time|Proc Time|Srvr Time
SET      |    37608|   413.27|   413.27|     0.00| 48258.11|  2339.43|  2319.86
GET      |        0|     0.00|     0.00|     0.00|      NaN|      NaN|      NaN
MULTIGET |        0|     0.00|     0.00|     0.00|      NaN|      NaN|      NaN
INVALID  |        0|     0.00|      ---|      ---|      NaN|      NaN|      ---
Average mutliget length: NaN
================================================================================
================================================================================

AGGREGATE FOR ALL WORKERS:
Type     |Total    |Ops/sec  |Hits/sec |Miss/Sec |Resp Time|Proc Time|Srvr Time
SET      |   301208|  3309.98|  3309.98|     0.00| 48250.18|  2336.86|  2317.51
GET      |        0|     0.00|     0.00|     0.00|      NaN|      NaN|      NaN
MULTIGET |        0|     0.00|     0.00|     0.00|      NaN|      NaN|      NaN
INVALID  |        0|     0.00|      ---|      ---|      NaN|      NaN|      ---
Average mutliget length: NaN


 HISTOGRAM
  Response time (ms)   Percent
                 0.1      0.00%
                 0.2      0.00%
                 0.3      0.00%
                 0.4      0.00%
                 0.5      0.00%
                 0.6      0.00%
                 0.7      0.00%
                 0.8      0.00%
                 0.9      0.00%
                 1.0      0.00%
                 1.1      0.00%
                 1.2      0.00%
                 1.3      0.00%
                 1.4      0.00%
                 1.5      0.00%
                 1.6      0.00%
                 1.7      0.00%
                 1.8      0.00%
                 1.9      0.00%
                 2.0      0.00%
                 2.1      0.00%
                 2.2      0.00%
                 2.3      0.00%
                 2.4      0.00%
                 2.5      0.00%
                 2.6      0.00%
                 2.7      0.00%
                 2.8      0.00%
                 2.9      0.00%
                 3.0      0.00%
                 3.1      0.00%
                 3.2      0.00%
                 3.3      0.00%
                 3.4      0.00%
                 3.5      0.00%
                 3.6      0.00%
                 3.7      0.00%
                 3.8      0.00%
                 3.9      0.00%
                 4.0      0.00%
                 4.1      0.00%
                 4.2      0.00%
                 4.3      0.00%
                 4.4      0.00%
                 4.5      0.00%
                 4.6      0.00%
                 4.7      0.00%
                 4.8      0.00%
                 4.9      0.00%
                 5.0      0.00%
                 5.1      0.00%
                 5.2      0.00%
                 5.3      0.00%
                 5.4      0.00%
                 5.5      0.00%
                 5.6      0.00%
                 5.7      0.00%
                 5.8      0.00%
                 5.9      0.00%
                 6.0      0.00%
                 6.1      0.00%
                 6.2      0.00%
                 6.3      0.00%
                 6.4      0.00%
                 6.5      0.00%
                 6.6      0.00%
                 6.7      0.00%
                 6.8      0.00%
                 6.9      0.00%
                 7.0      0.00%
                 7.1      0.00%
                 7.2      0.00%
                 7.3      0.00%
                 7.4      0.00%
                 7.5      0.00%
                 7.6      0.00%
                 7.7      0.00%
                 7.8      0.00%
                 7.9      0.00%
                 8.0      0.00%
                 8.1      0.00%
                 8.2      0.00%
                 8.3      0.00%
                 8.4      0.00%
                 8.5      0.00%
                 8.6      0.00%
                 8.7      0.00%
                 8.8      0.00%
                 8.9      0.00%
                 9.0      0.00%
                 9.1      0.00%
                 9.2      0.00%
                 9.3      0.00%
                 9.4      0.00%
                 9.5      0.00%
                 9.6      0.00%
                 9.7      0.00%
                 9.8      0.00%
                 9.9      0.00%
                10.0      0.00%
                10.1      0.00%
                10.2      0.00%
                10.3      0.00%
                10.4      0.00%
                10.5      0.00%
                10.6      0.00%
                10.7      0.00%
                10.8      0.00%
                10.9      0.00%
                11.0      0.00%
                11.1      0.00%
                11.2      0.00%
                11.3      0.00%
                11.4      0.00%
                11.5      0.00%
                11.6      0.00%
                11.7      0.00%
                11.8      0.00%
                11.9      0.00%
                12.0      0.00%
                12.1      0.00%
                12.2      0.00%
                12.3      0.00%
                12.4      0.00%
                12.5      0.00%
                12.6      0.00%
                12.7      0.00%
                12.8      0.00%
                12.9      0.00%
                13.0      0.00%
                13.1      0.00%
                13.2      0.00%
                13.3      0.00%
                13.4      0.00%
                13.5      0.00%
                13.6      0.00%
                13.7      0.01%
                13.8      0.01%
                13.9      0.01%
                14.0      0.02%
                14.1      0.03%
                14.2      0.03%
                14.3      0.04%
                14.4      0.04%
                14.5      0.04%
                14.6      0.04%
                14.7      0.04%
                14.8      0.04%
                14.9      0.04%
                15.0      0.04%
                15.1      0.04%
                15.2      0.04%
                15.3      0.04%
                15.4      0.04%
                15.5      0.04%
                15.6      0.04%
                15.7      0.04%
                15.8      0.04%
                15.9      0.04%
                16.0      0.04%
                16.1      0.04%
                16.2      0.04%
                16.3      0.04%
                16.4      0.04%
                16.5      0.05%
                16.6      0.05%
                16.7      0.05%
                16.8      0.05%
                16.9      0.05%
                17.0      0.05%
                17.1      0.05%
                17.2      0.05%
                17.3      0.05%
                17.4      0.05%
                17.5      0.05%
                17.6      0.05%
                17.7      0.05%
                17.8      0.05%
                17.9      0.05%
                18.0      0.05%
                18.1      0.05%
                18.2      0.05%
                18.3      0.05%
                18.4      0.05%
                18.5      0.06%
                18.6      0.06%
                18.7      0.06%
                18.8      0.06%
                18.9      0.06%
                19.0      0.06%
                19.1      0.06%
                19.2      0.06%
                19.3      0.06%
                19.4      0.06%
                19.5      0.06%
                19.6      0.06%
                19.7      0.06%
                19.8      0.06%
                19.9      0.06%
                20.0      0.06%
                20.1      0.06%
                20.2      0.06%
                20.3      0.06%
                20.4      0.06%
                20.5      0.06%
                20.6      0.06%
                20.7      0.06%
                20.8      0.06%
                20.9      0.06%
                21.0      0.06%
                21.1      0.06%
                21.2      0.06%
                21.3      0.06%
                21.4      0.06%
                21.5      0.06%
                21.6      0.06%
                21.7      0.06%
                21.8      0.06%
                21.9      0.06%
                22.0      0.06%
                22.1      0.06%
                22.2      0.06%
                22.3      0.06%
                22.4      0.06%
                22.5      0.06%
                22.6      0.06%
                22.7      0.06%
                22.8      0.06%
                22.9      0.06%
                23.0      0.06%
                23.1      0.06%
                23.2      0.06%
                23.3      0.06%
                23.4      0.06%
                23.5      0.06%
                23.6      0.06%
                23.7      0.06%
                23.8      0.06%
                23.9      0.06%
                24.0      0.06%
                24.1      0.06%
                24.2      0.06%
                24.3      0.06%
                24.4      0.06%
                24.5      0.06%
                24.6      0.06%
                24.7      0.06%
                24.8      0.06%
                24.9      0.06%
                25.0      0.06%
                25.1      0.06%
                25.2      0.06%
                25.3      0.06%
                25.4      0.06%
                25.5      0.06%
                25.6      0.06%
                25.7      0.06%
                25.8      0.06%
                25.9      0.06%
                26.0      0.06%
                26.1      0.06%
                26.2      0.06%
                26.3      0.06%
                26.4      0.06%
                26.5      0.06%
                26.6      0.06%
                26.7      0.06%
                26.8      0.06%
                26.9      0.06%
                27.0      0.06%
                27.1      0.06%
                27.2      0.06%
                27.3      0.06%
                27.4      0.06%
                27.5      0.06%
                27.6      0.06%
                27.7      0.06%
                27.8      0.06%
                27.9      0.06%
                28.0      0.06%
                28.1      0.06%
                28.2      0.06%
                28.3      0.06%
                28.4      0.06%
                28.5      0.06%
                28.6      0.06%
                28.7      0.06%
                28.8      0.06%
                28.9      0.06%
                29.0      0.06%
                29.1      0.06%
                29.2      0.06%
                29.3      0.06%
                29.4      0.06%
                29.5      0.07%
                29.6      0.07%
                29.7      0.07%
                29.8      0.07%
                29.9      0.07%
                30.0      0.07%
                30.1      0.07%
                30.2      0.07%
                30.3      0.07%
                30.4      0.07%
                30.5      0.07%
                30.6      0.08%
                30.7      0.08%
                30.8      0.09%
                30.9      0.09%
                31.0      0.09%
                31.1      0.10%
                31.2      0.11%
                31.3      0.11%
                31.4      0.11%
                31.5      0.12%
                31.6      0.12%
                31.7      0.12%
                31.8      0.13%
                31.9      0.13%
                32.0      0.13%
                32.1      0.13%
                32.2      0.13%
                32.3      0.13%
                32.4      0.13%
                32.5      0.13%
                32.6      0.13%
                32.7      0.14%
                32.8      0.14%
                32.9      0.14%
                33.0      0.14%
                33.1      0.14%
                33.2      0.14%
                33.3      0.14%
                33.4      0.14%
                33.5      0.14%
                33.6      0.14%
                33.7      0.14%
                33.8      0.14%
                33.9      0.15%
                34.0      0.15%
                34.1      0.15%
                34.2      0.15%
                34.3      0.15%
                34.4      0.15%
                34.5      0.15%
                34.6      0.15%
                34.7      0.15%
                34.8      0.15%
                34.9      0.15%
                35.0      0.15%
                35.1      0.15%
                35.2      0.15%
                35.3      0.15%
                35.4      0.15%
                35.5      0.15%
                35.6      0.15%
                35.7      0.15%
                35.8      0.15%
                35.9      0.16%
                36.0      0.16%
                36.1      0.16%
                36.2      0.16%
                36.3      0.16%
                36.4      0.16%
                36.5      0.16%
                36.6      0.16%
                36.7      0.16%
                36.8      0.16%
                36.9      0.16%
                37.0      0.16%
                37.1      0.16%
                37.2      0.16%
                37.3      0.16%
                37.4      0.16%
                37.5      0.16%
                37.6      0.16%
                37.7      0.16%
                37.8      0.16%
                37.9      0.16%
                38.0      0.16%
                38.1      0.16%
                38.2      0.16%
                38.3      0.16%
                38.4      0.16%
                38.5      0.16%
                38.6      0.17%
                38.7      0.17%
                38.8      0.17%
                38.9      0.18%
                39.0      0.18%
                39.1      0.18%
                39.2      0.19%
                39.3      0.20%
                39.4      0.20%
                39.5      0.21%
                39.6      0.22%
                39.7      0.23%
                39.8      0.24%
                39.9      0.25%
                40.0      0.27%
                40.1      0.29%
                40.2      0.31%
                40.3      0.33%
                40.4      0.35%
                40.5      0.37%
                40.6      0.40%
                40.7      0.43%
                40.8      0.46%
                40.9      0.49%
                41.0      0.53%
                41.1      0.58%
                41.2      0.63%
                41.3      0.69%
                41.4      0.76%
                41.5      0.85%
                41.6      0.93%
                41.7      1.03%
                41.8      1.14%
                41.9      1.27%
                42.0      1.40%
                42.1      1.55%
                42.2      1.74%
                42.3      1.94%
                42.4      2.18%
                42.5      2.44%
                42.6      2.75%
                42.7      3.06%
                42.8      3.41%
                42.9      3.79%
                43.0      4.23%
                43.1      4.70%
                43.2      5.20%
                43.3      5.75%
                43.4      6.31%
                43.5      6.93%
                43.6      7.62%
                43.7      8.37%
                43.8      9.15%
                43.9      9.89%
                44.0     10.73%
                44.1     11.63%
                44.2     12.55%
                44.3     13.49%
                44.4     14.40%
                44.5     15.37%
                44.6     16.34%
                44.7     17.36%
                44.8     18.41%
                44.9     19.54%
                45.0     20.64%
                45.1     21.82%
                45.2     23.04%
                45.3     24.31%
                45.4     25.56%
                45.5     26.82%
                45.6     28.08%
                45.7     29.37%
                45.8     30.70%
                45.9     32.00%
                46.0     33.31%
                46.1     34.55%
                46.2     35.82%
                46.3     37.11%
                46.4     38.40%
                46.5     39.67%
                46.6     40.98%
                46.7     42.28%
                46.8     43.50%
                46.9     44.75%
                47.0     45.98%
                47.1     47.15%
                47.2     48.39%
                47.3     49.56%
                47.4     50.73%
                47.5     51.88%
                47.6     52.99%
                47.7     54.12%
                47.8     55.24%
                47.9     56.35%
                48.0     57.41%
                48.1     58.45%
                48.2     59.50%
                48.3     60.50%
                48.4     61.55%
                48.5     62.57%
                48.6     63.60%
                48.7     64.63%
                48.8     65.61%
                48.9     66.52%
                49.0     67.42%
                49.1     68.25%
                49.2     69.09%
                49.3     69.91%
                49.4     70.74%
                49.5     71.53%
                49.6     72.36%
                49.7     73.13%
                49.8     73.90%
                49.9     74.61%
                50.0     75.32%
                50.1     76.06%
                50.2     76.75%
                50.3     77.38%
                50.4     78.02%
                50.5     78.66%
                50.6     79.27%
                50.7     79.79%
                50.8     80.29%
                50.9     80.79%
                51.0     81.30%
                51.1     81.82%
                51.2     82.32%
                51.3     82.78%
                51.4     83.20%
                51.5     83.62%
                51.6     84.05%
                51.7     84.43%
                51.8     84.85%
                51.9     85.28%
                52.0     85.70%
                52.1     86.11%
                52.2     86.48%
                52.3     86.81%
                52.4     87.14%
                52.5     87.46%
                52.6     87.81%
                52.7     88.11%
                52.8     88.44%
                52.9     88.75%
                53.0     89.07%
                53.1     89.34%
                53.2     89.63%
                53.3     89.92%
                53.4     90.19%
                53.5     90.46%
                53.6     90.69%
                53.7     90.94%
                53.8     91.20%
                53.9     91.43%
                54.0     91.67%
                54.1     91.89%
                54.2     92.12%
                54.3     92.31%
                54.4     92.51%
                54.5     92.70%
                54.6     92.88%
                54.7     93.05%
                54.8     93.23%
                54.9     93.38%
                55.0     93.53%
                55.1     93.67%
                55.2     93.81%
                55.3     93.95%
                55.4     94.09%
                55.5     94.24%
                55.6     94.38%
                55.7     94.54%
                55.8     94.66%
                55.9     94.80%
                56.0     94.93%
                56.1     95.06%
                56.2     95.17%
                56.3     95.30%
                56.4     95.41%
                56.5     95.53%
                56.6     95.62%
                56.7     95.73%
                56.8     95.83%
                56.9     95.94%
                57.0     96.04%
                57.1     96.14%
                57.2     96.24%
                57.3     96.34%
                57.4     96.42%
                57.5     96.50%
                57.6     96.56%
                57.7     96.64%
                57.8     96.71%
                57.9     96.77%
                58.0     96.83%
                58.1     96.89%
                58.2     96.94%
                58.3     97.01%
                58.4     97.06%
                58.5     97.12%
                58.6     97.18%
                58.7     97.24%
                58.8     97.30%
                58.9     97.36%
                59.0     97.43%
                59.1     97.49%
                59.2     97.53%
                59.3     97.59%
                59.4     97.65%
                59.5     97.71%
                59.6     97.75%
                59.7     97.80%
                59.8     97.85%
                59.9     97.89%
                60.0     97.94%
                60.1     97.97%
                60.2     98.01%
                60.3     98.04%
                60.4     98.07%
                60.5     98.11%
                60.6     98.14%
                60.7     98.18%
                60.8     98.21%
                60.9     98.25%
                61.0     98.28%
                61.1     98.31%
                61.2     98.35%
                61.3     98.38%
                61.4     98.41%
                61.5     98.43%
                61.6     98.47%
                61.7     98.50%
                61.8     98.54%
                61.9     98.57%
                62.0     98.60%
                62.1     98.62%
                62.2     98.66%
                62.3     98.69%
                62.4     98.72%
                62.5     98.74%
                62.6     98.77%
                62.7     98.80%
                62.8     98.82%
                62.9     98.85%
                63.0     98.87%
                63.1     98.88%
                63.2     98.90%
                63.3     98.93%
                63.4     98.95%
                63.5     98.97%
                63.6     98.99%
                63.7     99.00%
                63.8     99.02%
                63.9     99.04%
                64.0     99.06%
                64.1     99.08%
                64.2     99.10%
                64.3     99.12%
                64.4     99.13%
                64.5     99.15%
                64.6     99.18%
                64.7     99.19%
                64.8     99.20%
                64.9     99.21%
                65.0     99.22%
                65.1     99.24%
                65.2     99.24%
                65.3     99.25%
                65.4     99.26%
                65.5     99.27%
                65.6     99.28%
                65.7     99.29%
                65.8     99.30%
                65.9     99.30%
                66.0     99.31%
                66.1     99.32%
                66.2     99.34%
                66.3     99.35%
                66.4     99.36%
                66.5     99.37%
                66.6     99.37%
                66.7     99.38%
                66.8     99.39%
                66.9     99.40%
                67.0     99.40%
                67.1     99.41%
                67.2     99.42%
                67.3     99.43%
                67.4     99.44%
                67.5     99.45%
                67.6     99.46%
                67.7     99.47%
                67.8     99.47%
                67.9     99.48%
                68.0     99.48%
                68.1     99.49%
                68.2     99.50%
                68.3     99.51%
                68.4     99.52%
                68.5     99.52%
                68.6     99.53%
                68.7     99.54%
                68.8     99.54%
                68.9     99.55%
                69.0     99.55%
                69.1     99.56%
                69.2     99.57%
                69.3     99.57%
                69.4     99.58%
                69.5     99.59%
                69.6     99.60%
                69.7     99.61%
                69.8     99.61%
                69.9     99.62%
                70.0     99.63%
                70.1     99.63%
                70.2     99.63%
                70.3     99.64%
                70.4     99.65%
                70.5     99.65%
                70.6     99.66%
                70.7     99.67%
                70.8     99.67%
                70.9     99.68%
                71.0     99.69%
                71.1     99.69%
                71.2     99.70%
                71.3     99.70%
                71.4     99.71%
                71.5     99.71%
                71.6     99.72%
                71.7     99.72%
                71.8     99.73%
                71.9     99.73%
                72.0     99.73%
                72.1     99.74%
                72.2     99.74%
                72.3     99.74%
                72.4     99.75%
                72.5     99.75%
                72.6     99.76%
                72.7     99.76%
                72.8     99.76%
                72.9     99.77%
                73.0     99.77%
                73.1     99.77%
                73.2     99.77%
                73.3     99.78%
                73.4     99.78%
                73.5     99.78%
                73.6     99.78%
                73.7     99.79%
                73.8     99.79%
                73.9     99.79%
                74.0     99.79%
                74.1     99.80%
                74.2     99.80%
                74.3     99.81%
                74.4     99.81%
                74.5     99.82%
                74.6     99.82%
                74.7     99.82%
                74.8     99.82%
                74.9     99.82%
                75.0     99.82%
                75.1     99.82%
                75.2     99.83%
                75.3     99.83%
                75.4     99.83%
                75.5     99.83%
                75.6     99.83%
                75.7     99.83%
                75.8     99.84%
                75.9     99.84%
                76.0     99.84%
                76.1     99.84%
                76.2     99.84%
                76.3     99.84%
                76.4     99.84%
                76.5     99.84%
                76.6     99.84%
                76.7     99.84%
                76.8     99.84%
                76.9     99.84%
                77.0     99.85%
                77.1     99.85%
                77.2     99.85%
                77.3     99.85%
                77.4     99.86%
                77.5     99.86%
                77.6     99.86%
                77.7     99.86%
                77.8     99.87%
                77.9     99.87%
                78.0     99.87%
                78.1     99.87%
                78.2     99.87%
                78.3     99.88%
                78.4     99.88%
                78.5     99.88%
                78.6     99.88%
                78.7     99.88%
                78.8     99.89%
                78.9     99.89%
                79.0     99.89%
                79.1     99.89%
                79.2     99.89%
                79.3     99.89%
                79.4     99.89%
                79.5     99.89%
                79.6     99.90%
                79.7     99.90%
                79.8     99.91%
                79.9     99.91%
                80.0     99.91%
                80.1     99.92%
                80.2     99.92%
                80.3     99.93%
                80.4     99.93%
                80.5     99.93%
                80.6     99.93%
                80.7     99.93%
                80.8     99.93%
                80.9     99.93%
                81.0     99.93%
                81.1     99.93%
                81.2     99.93%
                81.3     99.93%
                81.4     99.94%
                81.5     99.94%
                81.6     99.94%
                81.7     99.94%
                81.8     99.94%
                81.9     99.94%
                82.0     99.94%
                82.1     99.94%
                82.2     99.94%
                82.3     99.94%
                82.4     99.94%
                82.5     99.94%
                82.6     99.94%
                82.7     99.94%
                82.8     99.94%
                82.9     99.94%
                83.0     99.94%
                83.1     99.94%
                83.2     99.94%
                83.3     99.94%
                83.4     99.94%
                83.5     99.94%
                83.6     99.94%
                83.7     99.94%
                83.8     99.94%
                83.9     99.94%
                84.0     99.94%
                84.1     99.94%
                84.2     99.94%
                84.3     99.94%
                84.4     99.94%
                84.5     99.94%
                84.6     99.94%
                84.7     99.94%
                84.8     99.94%
                84.9     99.94%
                85.0     99.94%
                85.1     99.94%
                85.2     99.94%
                85.3     99.94%
                85.4     99.94%
                85.5     99.94%
                85.6     99.94%
                85.7     99.94%
                85.8     99.94%
                85.9     99.94%
                86.0     99.94%
                86.1     99.94%
                86.2     99.94%
                86.3     99.94%
                86.4     99.94%
                86.5     99.94%
                86.6     99.94%
                86.7     99.94%
                86.8     99.94%
                86.9     99.94%
                87.0     99.94%
                87.1     99.94%
                87.2     99.94%
                87.3     99.94%
                87.4     99.94%
                87.5     99.94%
                87.6     99.94%
                87.7     99.94%
                87.8     99.94%
                87.9     99.94%
                88.0     99.94%
                88.1     99.94%
                88.2     99.94%
                88.3     99.94%
                88.4     99.94%
                88.5     99.94%
                88.6     99.94%
                88.7     99.94%
                88.8     99.94%
                88.9     99.94%
                89.0     99.94%
                89.1     99.94%
                89.2     99.94%
                89.3     99.94%
                89.4     99.94%
                89.5     99.94%
                89.6     99.94%
                89.7     99.94%
                89.8     99.94%
                89.9     99.94%
                90.0     99.94%
                90.1     99.94%
                90.2     99.94%
                90.3     99.94%
                90.4     99.94%
                90.5     99.94%
                90.6     99.94%
                90.7     99.94%
                90.8     99.94%
                90.9     99.94%
                91.0     99.94%
                91.1     99.94%
                91.2     99.94%
                91.3     99.94%
                91.4     99.94%
                91.5     99.94%
                91.6     99.94%
                91.7     99.94%
                91.8     99.94%
                91.9     99.94%
                92.0     99.94%
                92.1     99.94%
                92.2     99.94%
                92.3     99.94%
                92.4     99.94%
                92.5     99.94%
                92.6     99.94%
                92.7     99.94%
                92.8     99.94%
                92.9     99.94%
                93.0     99.94%
                93.1     99.94%
                93.2     99.94%
                93.3     99.94%
                93.4     99.94%
                93.5     99.94%
                93.6     99.94%
                93.7     99.94%
                93.8     99.94%
                93.9     99.94%
                94.0     99.94%
                94.1     99.94%
                94.2     99.94%
                94.3     99.94%
                94.4     99.94%
                94.5     99.94%
                94.6     99.94%
                94.7     99.94%
                94.8     99.94%
                94.9     99.94%
                95.0     99.94%
                95.1     99.94%
                95.2     99.94%
                95.3     99.94%
                95.4     99.94%
                95.5     99.94%
                95.6     99.94%
                95.7     99.94%
                95.8     99.94%
                95.9     99.94%
                96.0     99.94%
                96.1     99.94%
                96.2     99.94%
                96.3     99.94%
                96.4     99.94%
                96.5     99.94%
                96.6     99.94%
                96.7     99.94%
                96.8     99.94%
                96.9     99.94%
                97.0     99.94%
                97.1     99.94%
                97.2     99.94%
                97.3     99.94%
                97.4     99.94%
                97.5     99.94%
                97.6     99.94%
                97.7     99.94%
                97.8     99.94%
                97.9     99.94%
                98.0     99.94%
                98.1     99.94%
                98.2     99.94%
                98.3     99.94%
                98.4     99.94%
                98.5     99.94%
                98.6     99.94%
                98.7     99.94%
                98.8     99.94%
                98.9     99.94%
                99.0     99.95%
                99.1     99.95%
                99.2     99.95%
                99.3     99.95%
                99.4     99.95%
                99.5     99.95%
                99.6     99.95%
                99.7     99.95%
                99.8     99.95%
                99.9     99.95%
               100.0     99.95%
               100.1     99.95%
               100.2     99.95%
               100.3     99.95%
               100.4     99.95%
               100.5     99.95%
               100.6     99.95%
               100.7     99.95%
               100.8     99.96%
               100.9     99.96%
               101.0     99.96%
               101.1     99.96%
               101.2     99.96%
               101.3     99.96%
               101.4     99.96%
               101.5     99.96%
               101.6     99.96%
               101.7     99.96%
               101.8     99.96%
               101.9     99.96%
               102.0     99.96%
               102.1     99.96%
               102.2     99.96%
               102.3     99.96%
               102.4     99.96%
               102.5     99.96%
               102.6     99.96%
               102.7     99.96%
               102.8     99.96%
               102.9     99.96%
               103.0     99.97%
               103.1     99.97%
               103.2     99.97%
               103.3     99.97%
               103.4     99.97%
               103.5     99.97%
               103.6     99.97%
               103.7     99.97%
               103.8     99.97%
               103.9     99.97%
               104.0     99.97%
               104.1     99.97%
               104.2     99.97%
               104.3     99.97%
               104.4     99.97%
               104.5     99.97%
               104.6     99.97%
               104.7     99.97%
               104.8     99.97%
               104.9     99.97%
               105.0     99.97%
               105.1     99.97%
               105.2     99.97%
               105.3     99.97%
               105.4     99.97%
               105.5     99.97%
               105.6     99.97%
               105.7     99.97%
               105.8     99.97%
               105.9     99.97%
               106.0     99.97%
               106.1     99.98%
               106.2     99.98%
               106.3     99.98%
               106.4     99.98%
               106.5     99.98%
               106.6     99.98%
               106.7     99.98%
               106.8     99.98%
               106.9     99.98%
               107.0     99.98%
               107.1     99.98%
               107.2     99.98%
               107.3     99.98%
               107.4     99.98%
               107.5     99.98%
               107.6     99.99%
               107.7     99.99%
               107.8     99.99%
               107.9     99.99%
               108.0     99.99%
               108.1     99.99%
               108.2     99.99%
               108.3     99.99%
               108.4     99.99%
               108.5     99.99%
               108.6     99.99%
               108.7     99.99%
               108.8     99.99%
               108.9     99.99%
               109.0     99.99%
               109.1     99.99%
               109.2     99.99%
               109.3     99.99%
               109.4    100.00%
               109.5    100.00%
               109.6    100.00%
               109.7    100.00%
               109.8    100.00%

