Threads: 8, Sharded reads: false, Number of Memcached servers: 3.

All measures in microseconds.
  SETS   GETS  MGETS   INVLD    TOT   HITS     RSP T      Q T     SVR T  Q LEN
 26833      0      0       0  26833  26833  13100.48 10689.66   2385.75     39
  3430      0      0       0   3430   3430  13118.82 10808.49   2292.43     40
  3211      0      0       0   3211   3211  13879.98 11429.77   2431.65     35
  3388      0      0       0   3388   3388  13224.70 10900.95   2305.80     32
  3425      0      0       0   3425   3425  12961.54 10659.64   2284.72     40
  3636      0      0       0   3636   3636  12314.15 10143.03   2153.13     40
  3494      0      0       0   3494   3494  12826.68 10560.91   2247.33     38
  3489      0      0       0   3489   3489  12734.12 10486.94   2230.35     40
  3312      0      0       0   3312   3312  13652.75 11261.47   2373.81     39
  3517      0      0       0   3517   3517  12746.90 10497.08   2232.34     32
  3386      0      0       0   3386   3386  13222.74 10892.76   2311.35     40
  3214      0      0       0   3214   3214  13905.00 11449.08   2436.61     40
  3328      0      0       0   3328   3328  13547.01 11171.27   2356.55     40
  3248      0      0       0   3248   3248  13777.54 11348.84   2407.83     40
  3000      0      0       0   3000   3000  15024.88 12388.36   2618.96     38
  3342      0      0       0   3342   3342  13324.39 10979.32   2326.67     40
  3383      0      0       0   3383   3383  13207.96 10872.83   2317.50     40
  3376      0      0       0   3376   3376  13303.11 10964.37   2320.83     40
  3375      0      0       0   3375   3375  13272.29 10937.65   2317.62     32
  3451      0      0       0   3451   3451  12918.91 10637.95   2264.02     40
  3390      0      0       0   3390   3390  13278.88 10943.35   2319.01     40
  3523      0      0       0   3523   3523  12736.85 10493.76   2223.58     38
  3288      0      0       0   3288   3288  13578.23 11184.77   2372.35     40
  3401      0      0       0   3401   3401  13184.46 10863.14   2297.62     39
  3402      0      0       0   3402   3402  13105.50 10784.58   2303.77     40
  3352      0      0       0   3352   3352  13415.69 11057.47   2339.72     40
  3338      0      0       0   3338   3338  13465.70 11098.65   2349.98     37
  3405      0      0       0   3405   3405  13113.14 10802.50   2292.80     32
  3343      0      0       0   3343   3343  13436.80 11071.42   2346.01     28
  3403      0      0       0   3403   3403  13064.32 10745.38   2300.65     40
  3461      0      0       0   3461   3461  12825.98 10544.09   2262.59     40
  3425      0      0       0   3425   3425  13123.07 10818.30   2284.38     40
  3325      0      0       0   3325   3325  13380.88 11012.39   2351.44     40
  3207      0      0       0   3207   3207  14081.07 11616.03   2448.16     39
  3311      0      0       0   3311   3311  13578.23 11196.42   2364.11     40
  3517      0      0       0   3517   3517  12705.02 10458.07   2228.54     38
  3454      0      0       0   3454   3454  12984.97 10695.21   2272.03     32
  3492      0      0       0   3492   3492  12874.38 10614.67   2241.80     40
  3314      0      0       0   3314   3314  13506.51 11121.92   2366.73     39
  3503      0      0       0   3503   3503  12759.00 10512.89   2228.11     36
  3218      0      0       0   3218   3218  13966.05 11509.46   2438.82     34
  3527      0      0       0   3527   3527  12716.02 10479.59   2217.22     40
  3510      0      0       0   3510   3510  12791.86 10540.89   2232.73     40
  3394      0      0       0   3394   3394  13266.69 10939.14   2308.61     40
  3511      0      0       0   3511   3511  12795.56 10544.78   2230.76     36
  3463      0      0       0   3463   3463  12906.16 10625.34   2261.23     36
  3341      0      0       0   3341   3341  13392.83 11037.53   2335.48     37
  3272      0      0       0   3272   3272  13726.22 11315.71   2393.37     40
  3369      0      0       0   3369   3369  13321.42 10974.33   2329.30     40
  3398      0      0       0   3398   3398  13167.57 10842.81   2307.06     40
  3423      0      0       0   3423   3423  13146.49 10836.68   2291.56     36
  3310      0      0       0   3310   3310  13533.24 11147.83   2364.93     40
  3326      0      0       0   3326   3326  13451.91 11077.01   2354.71     40
  3264      0      0       0   3264   3264  13787.73 11369.56   2400.21     40
  3348      0      0       0   3348   3348  13288.73 10936.43   2333.10     38
  3320      0      0       0   3320   3320  13618.17 11237.30   2361.68     32
  3424      0      0       0   3424   3424  13063.53 10759.04   2287.01     40
  3470      0      0       0   3470   3470  12902.73 10636.74   2249.32     38
  3213      0      0       0   3213   3213  13834.14 11372.15   2445.28     32
  3221      0      0       0   3221   3221  13935.43 11483.90   2431.53     35
  3404      0      0       0   3404   3404  13145.85 10833.36   2293.92     36
  3419      0      0       0   3419   3419  13171.14 10860.86   2293.70     35
  3407      0      0       0   3407   3407  13155.14 10840.50   2297.65     40
  3421      0      0       0   3421   3421  13131.52 10820.08   2293.90     40
  3480      0      0       0   3480   3480  12831.39 10568.63   2244.15     38
  3471      0      0       0   3471   3471  12858.36 10590.85   2248.85     34
  3380      0      0       0   3380   3380  13152.32 10827.88   2306.85     39
  3451      0      0       0   3451   3451  12991.79 10708.87   2264.74     35
  3373      0      0       0   3373   3373  13309.79 10972.44   2319.25     40
  3350      0      0       0   3350   3350  13411.19 11058.28   2332.01     40
  3125      0      0       0   3125   3125  14375.36 11859.17   2497.56     39
  3491      0      0       0   3491   3491  12824.00 10560.60   2245.60     40
  3298      0      0       0   3298   3298  13576.36 11192.64   2366.35     40
  3336      0      0       0   3336   3336  13498.99 11128.78   2351.19     40
  3286      0      0       0   3286   3286  13608.89 11215.55   2374.86     40
  3152      0      0       0   3152   3152  14259.11 11762.25   2478.85     38
  3448      0      0       0   3448   3448  12887.99 10608.66   2260.93     40
  3417      0      0       0   3417   3417  13142.82 10837.94   2287.42     40
  3428      0      0       0   3428   3428  13006.42 10711.42   2278.93     40
  3415      0      0       0   3415   3415  13080.34 10769.76   2290.45     40
  3285      0      0       0   3285   3285  13565.21 11163.94   2380.51     32
  3321      0      0       0   3321   3321  12608.18 10240.06   2350.62     18
  1368      0      0       0   1368   1368   6004.69  3761.12   2226.58      0
     0      0      0       0      0      0       NaN      NaN       NaN      0
     0      0      0       0      0      0       NaN      NaN       NaN      0
     0      0      0       0      0      0       NaN      NaN       NaN      0
     0      0      0       0      0      0       NaN      NaN       NaN      0
     0      0      0       0      0      0       NaN      NaN       NaN      0
================================================================================
ALL STATS (timing measures are in microseconds)
WORKER 0:
Type     |Total    |Ops/sec  |Hits/sec |Miss/Sec |Resp Time|Proc Time|Srvr Time
SET      |    37614|   413.34|   413.34|     0.00| 13212.94|  2348.96|  2330.16
GET      |        0|     0.00|     0.00|     0.00|      NaN|      NaN|      NaN
MULTIGET |        0|     0.00|     0.00|     0.00|      NaN|      NaN|      NaN
INVALID  |        0|     0.00|      ---|      ---|      NaN|      NaN|      ---
Average mutliget length: NaN
================================================================================
WORKER 1:
Type     |Total    |Ops/sec  |Hits/sec |Miss/Sec |Resp Time|Proc Time|Srvr Time
SET      |    37668|   413.93|   413.93|     0.00| 13220.06|  2345.16|  2326.10
GET      |        0|     0.00|     0.00|     0.00|      NaN|      NaN|      NaN
MULTIGET |        0|     0.00|     0.00|     0.00|      NaN|      NaN|      NaN
INVALID  |        0|     0.00|      ---|      ---|      NaN|      NaN|      ---
Average mutliget length: NaN
================================================================================
WORKER 2:
Type     |Total    |Ops/sec  |Hits/sec |Miss/Sec |Resp Time|Proc Time|Srvr Time
SET      |    37713|   414.43|   414.43|     0.00| 13217.44|  2342.88|  2323.39
GET      |        0|     0.00|     0.00|     0.00|      NaN|      NaN|      NaN
MULTIGET |        0|     0.00|     0.00|     0.00|      NaN|      NaN|      NaN
INVALID  |        0|     0.00|      ---|      ---|      NaN|      NaN|      ---
Average mutliget length: NaN
================================================================================
WORKER 3:
Type     |Total    |Ops/sec  |Hits/sec |Miss/Sec |Resp Time|Proc Time|Srvr Time
SET      |    37711|   414.41|   414.41|     0.00| 13214.30|  2342.79|  2324.78
GET      |        0|     0.00|     0.00|     0.00|      NaN|      NaN|      NaN
MULTIGET |        0|     0.00|     0.00|     0.00|      NaN|      NaN|      NaN
INVALID  |        0|     0.00|      ---|      ---|      NaN|      NaN|      ---
Average mutliget length: NaN
================================================================================
WORKER 4:
Type     |Total    |Ops/sec  |Hits/sec |Miss/Sec |Resp Time|Proc Time|Srvr Time
SET      |    37713|   414.43|   414.43|     0.00| 13218.86|  2342.58|  2323.22
GET      |        0|     0.00|     0.00|     0.00|      NaN|      NaN|      NaN
MULTIGET |        0|     0.00|     0.00|     0.00|      NaN|      NaN|      NaN
INVALID  |        0|     0.00|      ---|      ---|      NaN|      NaN|      ---
Average mutliget length: NaN
================================================================================
WORKER 5:
Type     |Total    |Ops/sec  |Hits/sec |Miss/Sec |Resp Time|Proc Time|Srvr Time
SET      |    37694|   414.22|   414.22|     0.00| 13214.88|  2343.74|  2324.73
GET      |        0|     0.00|     0.00|     0.00|      NaN|      NaN|      NaN
MULTIGET |        0|     0.00|     0.00|     0.00|      NaN|      NaN|      NaN
INVALID  |        0|     0.00|      ---|      ---|      NaN|      NaN|      ---
Average mutliget length: NaN
================================================================================
WORKER 6:
Type     |Total    |Ops/sec  |Hits/sec |Miss/Sec |Resp Time|Proc Time|Srvr Time
SET      |    37735|   414.67|   414.67|     0.00| 13213.98|  2340.84|  2322.26
GET      |        0|     0.00|     0.00|     0.00|      NaN|      NaN|      NaN
MULTIGET |        0|     0.00|     0.00|     0.00|      NaN|      NaN|      NaN
INVALID  |        0|     0.00|      ---|      ---|      NaN|      NaN|      ---
Average mutliget length: NaN
================================================================================
WORKER 7:
Type     |Total    |Ops/sec  |Hits/sec |Miss/Sec |Resp Time|Proc Time|Srvr Time
SET      |    37692|   414.20|   414.20|     0.00| 13212.94|  2343.78|  2324.50
GET      |        0|     0.00|     0.00|     0.00|      NaN|      NaN|      NaN
MULTIGET |        0|     0.00|     0.00|     0.00|      NaN|      NaN|      NaN
INVALID  |        0|     0.00|      ---|      ---|      NaN|      NaN|      ---
Average mutliget length: NaN
================================================================================
================================================================================

AGGREGATE FOR ALL WORKERS:
Type     |Total    |Ops/sec  |Hits/sec |Miss/Sec |Resp Time|Proc Time|Srvr Time
SET      |   301540|  3313.63|  3313.63|     0.00| 13215.67|  2343.84|  2324.89
GET      |        0|     0.00|     0.00|     0.00|      NaN|      NaN|      NaN
MULTIGET |        0|     0.00|     0.00|     0.00|      NaN|      NaN|      NaN
INVALID  |        0|     0.00|      ---|      ---|      NaN|      NaN|      ---
Average mutliget length: NaN


 HISTOGRAM
  Response time (ms)   Percent
                 0.1      0.00%
                 0.2      0.00%
                 0.3      0.00%
                 0.4      0.00%
                 0.5      0.00%
                 0.6      0.00%
                 0.7      0.00%
                 0.8      0.00%
                 0.9      0.00%
                 1.0      0.00%
                 1.1      0.00%
                 1.2      0.00%
                 1.3      0.00%
                 1.4      0.00%
                 1.5      0.00%
                 1.6      0.00%
                 1.7      0.00%
                 1.8      0.00%
                 1.9      0.00%
                 2.0      0.00%
                 2.1      0.00%
                 2.2      0.00%
                 2.3      0.00%
                 2.4      0.01%
                 2.5      0.01%
                 2.6      0.01%
                 2.7      0.01%
                 2.8      0.01%
                 2.9      0.02%
                 3.0      0.04%
                 3.1      0.06%
                 3.2      0.09%
                 3.3      0.11%
                 3.4      0.14%
                 3.5      0.16%
                 3.6      0.17%
                 3.7      0.18%
                 3.8      0.19%
                 3.9      0.20%
                 4.0      0.20%
                 4.1      0.21%
                 4.2      0.21%
                 4.3      0.22%
                 4.4      0.22%
                 4.5      0.22%
                 4.6      0.22%
                 4.7      0.22%
                 4.8      0.22%
                 4.9      0.22%
                 5.0      0.22%
                 5.1      0.22%
                 5.2      0.22%
                 5.3      0.22%
                 5.4      0.23%
                 5.5      0.23%
                 5.6      0.23%
                 5.7      0.23%
                 5.8      0.23%
                 5.9      0.23%
                 6.0      0.23%
                 6.1      0.23%
                 6.2      0.23%
                 6.3      0.23%
                 6.4      0.23%
                 6.5      0.24%
                 6.6      0.24%
                 6.7      0.24%
                 6.8      0.25%
                 6.9      0.25%
                 7.0      0.26%
                 7.1      0.28%
                 7.2      0.30%
                 7.3      0.33%
                 7.4      0.36%
                 7.5      0.39%
                 7.6      0.42%
                 7.7      0.47%
                 7.8      0.50%
                 7.9      0.53%
                 8.0      0.57%
                 8.1      0.60%
                 8.2      0.62%
                 8.3      0.64%
                 8.4      0.65%
                 8.5      0.67%
                 8.6      0.69%
                 8.7      0.70%
                 8.8      0.71%
                 8.9      0.73%
                 9.0      0.74%
                 9.1      0.76%
                 9.2      0.78%
                 9.3      0.80%
                 9.4      0.83%
                 9.5      0.86%
                 9.6      0.90%
                 9.7      0.94%
                 9.8      0.98%
                 9.9      1.02%
                10.0      1.07%
                10.1      1.14%
                10.2      1.22%
                10.3      1.32%
                10.4      1.42%
                10.5      1.59%
                10.6      1.80%
                10.7      2.09%
                10.8      2.44%
                10.9      2.95%
                11.0      3.63%
                11.1      4.48%
                11.2      5.54%
                11.3      6.87%
                11.4      8.49%
                11.5     10.47%
                11.6     12.66%
                11.7     15.22%
                11.8     18.09%
                11.9     21.20%
                12.0     24.50%
                12.1     27.91%
                12.2     31.39%
                12.3     34.88%
                12.4     38.34%
                12.5     41.72%
                12.6     45.01%
                12.7     48.18%
                12.8     51.24%
                12.9     54.09%
                13.0     56.79%
                13.1     59.31%
                13.2     61.69%
                13.3     63.94%
                13.4     66.03%
                13.5     68.08%
                13.6     69.93%
                13.7     71.68%
                13.8     73.35%
                13.9     74.86%
                14.0     76.36%
                14.1     77.72%
                14.2     79.01%
                14.3     80.18%
                14.4     81.22%
                14.5     82.19%
                14.6     83.13%
                14.7     84.02%
                14.8     84.84%
                14.9     85.59%
                15.0     86.30%
                15.1     86.98%
                15.2     87.65%
                15.3     88.23%
                15.4     88.78%
                15.5     89.32%
                15.6     89.79%
                15.7     90.29%
                15.8     90.77%
                15.9     91.14%
                16.0     91.50%
                16.1     91.86%
                16.2     92.22%
                16.3     92.55%
                16.4     92.89%
                16.5     93.19%
                16.6     93.47%
                16.7     93.74%
                16.8     94.02%
                16.9     94.26%
                17.0     94.49%
                17.1     94.72%
                17.2     94.93%
                17.3     95.13%
                17.4     95.34%
                17.5     95.54%
                17.6     95.75%
                17.7     95.94%
                17.8     96.12%
                17.9     96.26%
                18.0     96.45%
                18.1     96.60%
                18.2     96.76%
                18.3     96.90%
                18.4     97.03%
                18.5     97.19%
                18.6     97.31%
                18.7     97.45%
                18.8     97.56%
                18.9     97.67%
                19.0     97.78%
                19.1     97.90%
                19.2     98.01%
                19.3     98.11%
                19.4     98.19%
                19.5     98.27%
                19.6     98.36%
                19.7     98.42%
                19.8     98.49%
                19.9     98.55%
                20.0     98.61%
                20.1     98.69%
                20.2     98.75%
                20.3     98.80%
                20.4     98.85%
                20.5     98.88%
                20.6     98.92%
                20.7     98.97%
                20.8     99.01%
                20.9     99.06%
                21.0     99.10%
                21.1     99.15%
                21.2     99.19%
                21.3     99.22%
                21.4     99.26%
                21.5     99.30%
                21.6     99.34%
                21.7     99.37%
                21.8     99.40%
                21.9     99.42%
                22.0     99.44%
                22.1     99.47%
                22.2     99.50%
                22.3     99.52%
                22.4     99.54%
                22.5     99.56%
                22.6     99.58%
                22.7     99.59%
                22.8     99.61%
                22.9     99.62%
                23.0     99.64%
                23.1     99.65%
                23.2     99.67%
                23.3     99.68%
                23.4     99.69%
                23.5     99.70%
                23.6     99.72%
                23.7     99.73%
                23.8     99.75%
                23.9     99.76%
                24.0     99.77%
                24.1     99.78%
                24.2     99.79%
                24.3     99.80%
                24.4     99.81%
                24.5     99.82%
                24.6     99.82%
                24.7     99.83%
                24.8     99.83%
                24.9     99.84%
                25.0     99.85%
                25.1     99.86%
                25.2     99.86%
                25.3     99.87%
                25.4     99.88%
                25.5     99.88%
                25.6     99.89%
                25.7     99.89%
                25.8     99.89%
                25.9     99.89%
                26.0     99.89%
                26.1     99.90%
                26.2     99.90%
                26.3     99.90%
                26.4     99.91%
                26.5     99.91%
                26.6     99.91%
                26.7     99.91%
                26.8     99.92%
                26.9     99.92%
                27.0     99.92%
                27.1     99.92%
                27.2     99.92%
                27.3     99.92%
                27.4     99.93%
                27.5     99.93%
                27.6     99.93%
                27.7     99.93%
                27.8     99.94%
                27.9     99.95%
                28.0     99.95%
                28.1     99.96%
                28.2     99.96%
                28.3     99.97%
                28.4     99.97%
                28.5     99.97%
                28.6     99.98%
                28.7     99.98%
                28.8     99.98%
                28.9     99.98%
                29.0     99.98%
                29.1     99.98%
                29.2     99.98%
                29.3     99.98%
                29.4     99.98%
                29.5     99.98%
                29.6     99.98%
                29.7     99.98%
                29.8     99.99%
                29.9     99.99%
                30.0     99.99%
                30.1     99.99%
                30.2     99.99%
                30.3     99.99%
                30.4     99.99%
                30.5     99.99%
                30.6     99.99%
                30.7     99.99%
                30.8     99.99%
                30.9     99.99%
                31.0    100.00%
                31.1    100.00%
                31.2    100.00%
                31.3    100.00%
                31.4    100.00%
                31.5    100.00%
                31.6    100.00%
                31.7    100.00%
                31.8    100.00%
                31.9    100.00%
                32.0    100.00%
                32.1    100.00%
                32.2    100.00%
                32.3    100.00%
                32.4    100.00%
                32.5    100.00%
                32.6    100.00%
                32.7    100.00%
                32.8    100.00%
                32.9    100.00%
                33.0    100.00%
                33.1    100.00%

