Threads: 32, Sharded reads: false, Number of Memcached servers: 3.

All measures in microseconds.
  SETS   GETS  MGETS   INVLD    TOT   HITS     RSP T      Q T     SVR T  Q LEN
 14807      0      0       0  14807  14807   2468.14   123.03   2316.29      0
  1936      0      0       0   1936   1936   2375.60   125.23   2226.20      0
  1823      0      0       0   1823   1823   2443.19   152.34   2254.78      0
  2013      0      0       0   2013   2013   2265.92    78.17   2160.55      0
  2028      0      0       0   2028   2028   2265.69    68.02   2157.50      2
  2066      0      0       0   2066   2066   2202.35    53.72   2128.44      0
  1850      0      0       0   1850   1850   2448.09    73.72   2321.58      0
  1935      0      0       0   1935   1935   2317.81    80.12   2214.82      0
  1894      0      0       0   1894   1894   2396.02    59.30   2310.49      0
  1963      0      0       0   1963   1963   2336.72    73.43   2231.04      0
  1959      0      0       0   1959   1959   2336.99    77.51   2238.07      0
  1845      0      0       0   1845   1845   2460.85    72.56   2354.63      0
  2005      0      0       0   2005   2005   2249.37    65.45   2162.81      0
  1942      0      0       0   1942   1942   2312.57    57.01   2234.74      0
  1929      0      0       0   1929   1929   2339.99    59.81   2254.08      0
  1976      0      0       0   1976   1976   2352.06    64.77   2252.05      0
  1996      0      0       0   1996   1996   2271.74    59.27   2192.80      0
  1969      0      0       0   1969   1969   2305.29    58.35   2225.91      0
  2000      0      0       0   2000   2000   2267.00    57.78   2188.85      0
  2015      0      0       0   2015   2015   2295.24    63.11   2208.87      0
  1946      0      0       0   1946   1946   2356.63    62.74   2271.27      0
  2034      0      0       0   2034   2034   2249.25    55.07   2173.60      0
  1997      0      0       0   1997   1997   2241.58    55.84   2164.75      0
  1997      0      0       0   1997   1997   2286.12    71.52   2193.61      0
  2025      0      0       0   2025   2025   2277.47    76.65   2179.93      1
  2067      0      0       0   2067   2067   2226.30    65.83   2136.73      0
  1994      0      0       0   1994   1994   2237.87    58.96   2155.01      0
  1944      0      0       0   1944   1944   2320.33    84.52   2214.66      0
  2016      0      0       0   2016   2016   2246.19    64.44   2159.80      0
  1856      0      0       0   1856   1856   2425.93    73.91   2331.20      0
  1990      0      0       0   1990   1990   2302.65    82.28   2198.48      0
  2025      0      0       0   2025   2025   2253.00    60.20   2171.03      0
  1944      0      0       0   1944   1944   2330.99    61.33   2249.87      0
  1948      0      0       0   1948   1948   2319.36    72.21   2226.57      0
  1894      0      0       0   1894   1894   2367.75    69.62   2279.26      0
  1923      0      0       0   1923   1923   2320.41    63.54   2237.24      0
  2007      0      0       0   2007   2007   2275.15    63.44   2192.87      0
  2010      0      0       0   2010   2010   2244.22    65.92   2157.64      0
  2001      0      0       0   2001   2001   2276.50    64.78   2192.79      0
  1994      0      0       0   1994   1994   2278.31    61.22   2198.96      0
  2021      0      0       0   2021   2021   2238.43    58.89   2160.34      0
  1916      0      0       0   1916   1916   2353.96    65.56   2270.33      0
  2001      0      0       0   2001   2001   2231.72    51.91   2161.75      0
  2021      0      0       0   2021   2021   2237.96    52.01   2166.67      0
  1969      0      0       0   1969   1969   2301.25    55.39   2226.67      0
  1898      0      0       0   1898   1898   2392.27    48.68   2325.32      0
  1705      0      0       0   1705   1705   2564.30   114.68   2430.15      0
  1938      0      0       0   1938   1938   2320.86    49.68   2252.65      0
  1968      0      0       0   1968   1968   2301.23    56.24   2226.67      0
  1904      0      0       0   1904   1904   2415.54    58.99   2337.62      0
  2066      0      0       0   2066   2066   2252.36    55.12   2179.14      0
  2095      0      0       0   2095   2095   2169.35    56.55   2093.02      0
  2040      0      0       0   2040   2040   2196.49    50.79   2126.31      0
  1990      0      0       0   1990   1990   2233.08    61.51   2151.83      0
  2052      0      0       0   2052   2052   2204.22    54.99   2129.51      0
  2016      0      0       0   2016   2016   2246.00    55.69   2171.88      0
  1952      0      0       0   1952   1952   2348.20    53.84   2276.79      0
  1936      0      0       0   1936   1936   2333.77    55.14   2258.80      0
  1918      0      0       0   1918   1918   2358.68    46.04   2293.92      0
  1924      0      0       0   1924   1924   2345.53    56.31   2270.86      0
  1975      0      0       0   1975   1975   2338.87    53.64   2266.65      0
  1998      0      0       0   1998   1998   2258.85    52.68   2186.87      0
  1983      0      0       0   1983   1983   2318.27    46.33   2254.37      0
  1994      0      0       0   1994   1994   2294.21    48.35   2227.69      4
  2035      0      0       0   2035   2035   2219.40    64.90   2134.24      0
  1945      0      0       0   1945   1945   2312.04    64.21   2229.32      0
  1979      0      0       0   1979   1979   2262.71    61.19   2182.11      0
  2038      0      0       0   2038   2038   2211.19    61.05   2132.08      0
  1957      0      0       0   1957   1957   2336.45    75.77   2239.38      3
  2000      0      0       0   2000   2000   2259.49    56.63   2184.53      0
  2000      0      0       0   2000   2000   2277.18    57.59   2198.09      0
  1959      0      0       0   1959   1959   2334.49    46.58   2270.84      0
  1909      0      0       0   1909   1909   2326.83    49.46   2254.78      0
  1968      0      0       0   1968   1968   2310.87    50.39   2241.34      0
  1968      0      0       0   1968   1968   2328.85    53.13   2254.01      5
  2077      0      0       0   2077   2077   2180.71    57.96   2101.16      0
  2058      0      0       0   2058   2058   2198.98    58.62   2117.98      0
  1969      0      0       0   1969   1969   2275.44    67.82   2187.34      0
  2114      0      0       0   2114   2114   2141.19    51.46   2067.89      0
  1968      0      0       0   1968   1968   2255.67    46.11   2189.98      0
  1952      0      0       0   1952   1952   2347.95    68.51   2257.62      0
  2018      0      0       0   2018   2018   2266.81    59.50   2186.09      0
  1239      0      0       0   1239   1239   2352.46    55.80   2276.71      0
     0      0      0       0      0      0       NaN      NaN       NaN      0
     0      0      0       0      0      0       NaN      NaN       NaN      0
     0      0      0       0      0      0       NaN      NaN       NaN      0
     0      0      0       0      0      0       NaN      NaN       NaN      0
     0      0      0       0      0      0       NaN      NaN       NaN      0
================================================================================
ALL STATS (timing measures are in microseconds)
WORKER 0:
Type     |Total    |Ops/sec  |Hits/sec |Miss/Sec |Resp Time|Proc Time|Srvr Time
SET      |     5487|    60.30|    60.30|     0.00|  2309.04|  2237.97|  2216.19
GET      |        0|     0.00|     0.00|     0.00|      NaN|      NaN|      NaN
MULTIGET |        0|     0.00|     0.00|     0.00|      NaN|      NaN|      NaN
INVALID  |        0|     0.00|      ---|      ---|      NaN|      NaN|      ---
Average mutliget length: NaN
================================================================================
WORKER 1:
Type     |Total    |Ops/sec  |Hits/sec |Miss/Sec |Resp Time|Proc Time|Srvr Time
SET      |     5490|    60.33|    60.33|     0.00|  2322.19|  2253.55|  2225.78
GET      |        0|     0.00|     0.00|     0.00|      NaN|      NaN|      NaN
MULTIGET |        0|     0.00|     0.00|     0.00|      NaN|      NaN|      NaN
INVALID  |        0|     0.00|      ---|      ---|      NaN|      NaN|      ---
Average mutliget length: NaN
================================================================================
WORKER 2:
Type     |Total    |Ops/sec  |Hits/sec |Miss/Sec |Resp Time|Proc Time|Srvr Time
SET      |     5514|    60.59|    60.59|     0.00|  2313.68|  2249.09|  2228.76
GET      |        0|     0.00|     0.00|     0.00|      NaN|      NaN|      NaN
MULTIGET |        0|     0.00|     0.00|     0.00|      NaN|      NaN|      NaN
INVALID  |        0|     0.00|      ---|      ---|      NaN|      NaN|      ---
Average mutliget length: NaN
================================================================================
WORKER 3:
Type     |Total    |Ops/sec  |Hits/sec |Miss/Sec |Resp Time|Proc Time|Srvr Time
SET      |     5511|    60.56|    60.56|     0.00|  2304.38|  2238.50|  2216.37
GET      |        0|     0.00|     0.00|     0.00|      NaN|      NaN|      NaN
MULTIGET |        0|     0.00|     0.00|     0.00|      NaN|      NaN|      NaN
INVALID  |        0|     0.00|      ---|      ---|      NaN|      NaN|      ---
Average mutliget length: NaN
================================================================================
WORKER 4:
Type     |Total    |Ops/sec  |Hits/sec |Miss/Sec |Resp Time|Proc Time|Srvr Time
SET      |     5508|    60.53|    60.53|     0.00|  2319.91|  2256.47|  2231.01
GET      |        0|     0.00|     0.00|     0.00|      NaN|      NaN|      NaN
MULTIGET |        0|     0.00|     0.00|     0.00|      NaN|      NaN|      NaN
INVALID  |        0|     0.00|      ---|      ---|      NaN|      NaN|      ---
Average mutliget length: NaN
================================================================================
WORKER 5:
Type     |Total    |Ops/sec  |Hits/sec |Miss/Sec |Resp Time|Proc Time|Srvr Time
SET      |     5503|    60.47|    60.47|     0.00|  2329.79|  2252.53|  2232.05
GET      |        0|     0.00|     0.00|     0.00|      NaN|      NaN|      NaN
MULTIGET |        0|     0.00|     0.00|     0.00|      NaN|      NaN|      NaN
INVALID  |        0|     0.00|      ---|      ---|      NaN|      NaN|      ---
Average mutliget length: NaN
================================================================================
WORKER 6:
Type     |Total    |Ops/sec  |Hits/sec |Miss/Sec |Resp Time|Proc Time|Srvr Time
SET      |     5502|    60.46|    60.46|     0.00|  2301.59|  2232.77|  2212.31
GET      |        0|     0.00|     0.00|     0.00|      NaN|      NaN|      NaN
MULTIGET |        0|     0.00|     0.00|     0.00|      NaN|      NaN|      NaN
INVALID  |        0|     0.00|      ---|      ---|      NaN|      NaN|      ---
Average mutliget length: NaN
================================================================================
WORKER 7:
Type     |Total    |Ops/sec  |Hits/sec |Miss/Sec |Resp Time|Proc Time|Srvr Time
SET      |     5463|    60.03|    60.03|     0.00|  2298.38|  2233.31|  2211.42
GET      |        0|     0.00|     0.00|     0.00|      NaN|      NaN|      NaN
MULTIGET |        0|     0.00|     0.00|     0.00|      NaN|      NaN|      NaN
INVALID  |        0|     0.00|      ---|      ---|      NaN|      NaN|      ---
Average mutliget length: NaN
================================================================================
WORKER 8:
Type     |Total    |Ops/sec  |Hits/sec |Miss/Sec |Resp Time|Proc Time|Srvr Time
SET      |     5510|    60.55|    60.55|     0.00|  2341.50|  2271.14|  2250.14
GET      |        0|     0.00|     0.00|     0.00|      NaN|      NaN|      NaN
MULTIGET |        0|     0.00|     0.00|     0.00|      NaN|      NaN|      NaN
INVALID  |        0|     0.00|      ---|      ---|      NaN|      NaN|      ---
Average mutliget length: NaN
================================================================================
WORKER 9:
Type     |Total    |Ops/sec  |Hits/sec |Miss/Sec |Resp Time|Proc Time|Srvr Time
SET      |     5518|    60.64|    60.64|     0.00|  2312.48|  2243.87|  2222.50
GET      |        0|     0.00|     0.00|     0.00|      NaN|      NaN|      NaN
MULTIGET |        0|     0.00|     0.00|     0.00|      NaN|      NaN|      NaN
INVALID  |        0|     0.00|      ---|      ---|      NaN|      NaN|      ---
Average mutliget length: NaN
================================================================================
WORKER 10:
Type     |Total    |Ops/sec  |Hits/sec |Miss/Sec |Resp Time|Proc Time|Srvr Time
SET      |     5491|    60.34|    60.34|     0.00|  2310.08|  2241.98|  2222.40
GET      |        0|     0.00|     0.00|     0.00|      NaN|      NaN|      NaN
MULTIGET |        0|     0.00|     0.00|     0.00|      NaN|      NaN|      NaN
INVALID  |        0|     0.00|      ---|      ---|      NaN|      NaN|      ---
Average mutliget length: NaN
================================================================================
WORKER 11:
Type     |Total    |Ops/sec  |Hits/sec |Miss/Sec |Resp Time|Proc Time|Srvr Time
SET      |     5556|    61.05|    61.05|     0.00|  2323.32|  2257.79|  2230.66
GET      |        0|     0.00|     0.00|     0.00|      NaN|      NaN|      NaN
MULTIGET |        0|     0.00|     0.00|     0.00|      NaN|      NaN|      NaN
INVALID  |        0|     0.00|      ---|      ---|      NaN|      NaN|      ---
Average mutliget length: NaN
================================================================================
WORKER 12:
Type     |Total    |Ops/sec  |Hits/sec |Miss/Sec |Resp Time|Proc Time|Srvr Time
SET      |     5459|    59.99|    59.99|     0.00|  2310.20|  2245.62|  2224.68
GET      |        0|     0.00|     0.00|     0.00|      NaN|      NaN|      NaN
MULTIGET |        0|     0.00|     0.00|     0.00|      NaN|      NaN|      NaN
INVALID  |        0|     0.00|      ---|      ---|      NaN|      NaN|      ---
Average mutliget length: NaN
================================================================================
WORKER 13:
Type     |Total    |Ops/sec  |Hits/sec |Miss/Sec |Resp Time|Proc Time|Srvr Time
SET      |     5554|    61.03|    61.03|     0.00|  2301.94|  2229.21|  2208.93
GET      |        0|     0.00|     0.00|     0.00|      NaN|      NaN|      NaN
MULTIGET |        0|     0.00|     0.00|     0.00|      NaN|      NaN|      NaN
INVALID  |        0|     0.00|      ---|      ---|      NaN|      NaN|      ---
Average mutliget length: NaN
================================================================================
WORKER 14:
Type     |Total    |Ops/sec  |Hits/sec |Miss/Sec |Resp Time|Proc Time|Srvr Time
SET      |     5471|    60.12|    60.12|     0.00|  2317.33|  2251.06|  2224.95
GET      |        0|     0.00|     0.00|     0.00|      NaN|      NaN|      NaN
MULTIGET |        0|     0.00|     0.00|     0.00|      NaN|      NaN|      NaN
INVALID  |        0|     0.00|      ---|      ---|      NaN|      NaN|      ---
Average mutliget length: NaN
================================================================================
WORKER 15:
Type     |Total    |Ops/sec  |Hits/sec |Miss/Sec |Resp Time|Proc Time|Srvr Time
SET      |     5492|    60.35|    60.35|     0.00|  2306.67|  2239.66|  2218.84
GET      |        0|     0.00|     0.00|     0.00|      NaN|      NaN|      NaN
MULTIGET |        0|     0.00|     0.00|     0.00|      NaN|      NaN|      NaN
INVALID  |        0|     0.00|      ---|      ---|      NaN|      NaN|      ---
Average mutliget length: NaN
================================================================================
WORKER 16:
Type     |Total    |Ops/sec  |Hits/sec |Miss/Sec |Resp Time|Proc Time|Srvr Time
SET      |     5502|    60.46|    60.46|     0.00|  2313.11|  2246.13|  2225.39
GET      |        0|     0.00|     0.00|     0.00|      NaN|      NaN|      NaN
MULTIGET |        0|     0.00|     0.00|     0.00|      NaN|      NaN|      NaN
INVALID  |        0|     0.00|      ---|      ---|      NaN|      NaN|      ---
Average mutliget length: NaN
================================================================================
WORKER 17:
Type     |Total    |Ops/sec  |Hits/sec |Miss/Sec |Resp Time|Proc Time|Srvr Time
SET      |     5532|    60.79|    60.79|     0.00|  2298.83|  2233.37|  2212.59
GET      |        0|     0.00|     0.00|     0.00|      NaN|      NaN|      NaN
MULTIGET |        0|     0.00|     0.00|     0.00|      NaN|      NaN|      NaN
INVALID  |        0|     0.00|      ---|      ---|      NaN|      NaN|      ---
Average mutliget length: NaN
================================================================================
WORKER 18:
Type     |Total    |Ops/sec  |Hits/sec |Miss/Sec |Resp Time|Proc Time|Srvr Time
SET      |     5447|    59.86|    59.86|     0.00|  2322.42|  2256.93|  2236.52
GET      |        0|     0.00|     0.00|     0.00|      NaN|      NaN|      NaN
MULTIGET |        0|     0.00|     0.00|     0.00|      NaN|      NaN|      NaN
INVALID  |        0|     0.00|      ---|      ---|      NaN|      NaN|      ---
Average mutliget length: NaN
================================================================================
WORKER 19:
Type     |Total    |Ops/sec  |Hits/sec |Miss/Sec |Resp Time|Proc Time|Srvr Time
SET      |     5475|    60.16|    60.16|     0.00|  2316.85|  2245.72|  2224.61
GET      |        0|     0.00|     0.00|     0.00|      NaN|      NaN|      NaN
MULTIGET |        0|     0.00|     0.00|     0.00|      NaN|      NaN|      NaN
INVALID  |        0|     0.00|      ---|      ---|      NaN|      NaN|      ---
Average mutliget length: NaN
================================================================================
WORKER 20:
Type     |Total    |Ops/sec  |Hits/sec |Miss/Sec |Resp Time|Proc Time|Srvr Time
SET      |     5507|    60.52|    60.52|     0.00|  2318.86|  2246.28|  2222.12
GET      |        0|     0.00|     0.00|     0.00|      NaN|      NaN|      NaN
MULTIGET |        0|     0.00|     0.00|     0.00|      NaN|      NaN|      NaN
INVALID  |        0|     0.00|      ---|      ---|      NaN|      NaN|      ---
Average mutliget length: NaN
================================================================================
WORKER 21:
Type     |Total    |Ops/sec  |Hits/sec |Miss/Sec |Resp Time|Proc Time|Srvr Time
SET      |     5499|    60.43|    60.43|     0.00|  2317.40|  2243.05|  2221.90
GET      |        0|     0.00|     0.00|     0.00|      NaN|      NaN|      NaN
MULTIGET |        0|     0.00|     0.00|     0.00|      NaN|      NaN|      NaN
INVALID  |        0|     0.00|      ---|      ---|      NaN|      NaN|      ---
Average mutliget length: NaN
================================================================================
WORKER 22:
Type     |Total    |Ops/sec  |Hits/sec |Miss/Sec |Resp Time|Proc Time|Srvr Time
SET      |     5467|    60.08|    60.08|     0.00|  2294.32|  2231.52|  2211.04
GET      |        0|     0.00|     0.00|     0.00|      NaN|      NaN|      NaN
MULTIGET |        0|     0.00|     0.00|     0.00|      NaN|      NaN|      NaN
INVALID  |        0|     0.00|      ---|      ---|      NaN|      NaN|      ---
Average mutliget length: NaN
================================================================================
WORKER 23:
Type     |Total    |Ops/sec  |Hits/sec |Miss/Sec |Resp Time|Proc Time|Srvr Time
SET      |     5522|    60.68|    60.68|     0.00|  2294.37|  2233.15|  2211.66
GET      |        0|     0.00|     0.00|     0.00|      NaN|      NaN|      NaN
MULTIGET |        0|     0.00|     0.00|     0.00|      NaN|      NaN|      NaN
INVALID  |        0|     0.00|      ---|      ---|      NaN|      NaN|      ---
Average mutliget length: NaN
================================================================================
WORKER 24:
Type     |Total    |Ops/sec  |Hits/sec |Miss/Sec |Resp Time|Proc Time|Srvr Time
SET      |     5483|    60.25|    60.25|     0.00|  2300.70|  2231.48|  2207.29
GET      |        0|     0.00|     0.00|     0.00|      NaN|      NaN|      NaN
MULTIGET |        0|     0.00|     0.00|     0.00|      NaN|      NaN|      NaN
INVALID  |        0|     0.00|      ---|      ---|      NaN|      NaN|      ---
Average mutliget length: NaN
================================================================================
WORKER 25:
Type     |Total    |Ops/sec  |Hits/sec |Miss/Sec |Resp Time|Proc Time|Srvr Time
SET      |     5474|    60.15|    60.15|     0.00|  2323.49|  2244.90|  2223.40
GET      |        0|     0.00|     0.00|     0.00|      NaN|      NaN|      NaN
MULTIGET |        0|     0.00|     0.00|     0.00|      NaN|      NaN|      NaN
INVALID  |        0|     0.00|      ---|      ---|      NaN|      NaN|      ---
Average mutliget length: NaN
================================================================================
WORKER 26:
Type     |Total    |Ops/sec  |Hits/sec |Miss/Sec |Resp Time|Proc Time|Srvr Time
SET      |     5495|    60.38|    60.38|     0.00|  2314.71|  2243.55|  2222.11
GET      |        0|     0.00|     0.00|     0.00|      NaN|      NaN|      NaN
MULTIGET |        0|     0.00|     0.00|     0.00|      NaN|      NaN|      NaN
INVALID  |        0|     0.00|      ---|      ---|      NaN|      NaN|      ---
Average mutliget length: NaN
================================================================================
WORKER 27:
Type     |Total    |Ops/sec  |Hits/sec |Miss/Sec |Resp Time|Proc Time|Srvr Time
SET      |     5506|    60.51|    60.51|     0.00|  2301.45|  2233.14|  2204.36
GET      |        0|     0.00|     0.00|     0.00|      NaN|      NaN|      NaN
MULTIGET |        0|     0.00|     0.00|     0.00|      NaN|      NaN|      NaN
INVALID  |        0|     0.00|      ---|      ---|      NaN|      NaN|      ---
Average mutliget length: NaN
================================================================================
WORKER 28:
Type     |Total    |Ops/sec  |Hits/sec |Miss/Sec |Resp Time|Proc Time|Srvr Time
SET      |     5518|    60.64|    60.64|     0.00|  2309.23|  2240.84|  2220.46
GET      |        0|     0.00|     0.00|     0.00|      NaN|      NaN|      NaN
MULTIGET |        0|     0.00|     0.00|     0.00|      NaN|      NaN|      NaN
INVALID  |        0|     0.00|      ---|      ---|      NaN|      NaN|      ---
Average mutliget length: NaN
================================================================================
WORKER 29:
Type     |Total    |Ops/sec  |Hits/sec |Miss/Sec |Resp Time|Proc Time|Srvr Time
SET      |     5530|    60.77|    60.77|     0.00|  2305.05|  2239.47|  2218.75
GET      |        0|     0.00|     0.00|     0.00|      NaN|      NaN|      NaN
MULTIGET |        0|     0.00|     0.00|     0.00|      NaN|      NaN|      NaN
INVALID  |        0|     0.00|      ---|      ---|      NaN|      NaN|      ---
Average mutliget length: NaN
================================================================================
WORKER 30:
Type     |Total    |Ops/sec  |Hits/sec |Miss/Sec |Resp Time|Proc Time|Srvr Time
SET      |     5527|    60.74|    60.74|     0.00|  2288.33|  2222.87|  2200.56
GET      |        0|     0.00|     0.00|     0.00|      NaN|      NaN|      NaN
MULTIGET |        0|     0.00|     0.00|     0.00|      NaN|      NaN|      NaN
INVALID  |        0|     0.00|      ---|      ---|      NaN|      NaN|      ---
Average mutliget length: NaN
================================================================================
WORKER 31:
Type     |Total    |Ops/sec  |Hits/sec |Miss/Sec |Resp Time|Proc Time|Srvr Time
SET      |     5483|    60.25|    60.25|     0.00|  2317.71|  2248.68|  2223.67
GET      |        0|     0.00|     0.00|     0.00|      NaN|      NaN|      NaN
MULTIGET |        0|     0.00|     0.00|     0.00|      NaN|      NaN|      NaN
INVALID  |        0|     0.00|      ---|      ---|      NaN|      NaN|      ---
Average mutliget length: NaN
================================================================================
================================================================================

AGGREGATE FOR ALL WORKERS:
Type     |Total    |Ops/sec  |Hits/sec |Miss/Sec |Resp Time|Proc Time|Srvr Time
SET      |   175996|  1934.02|  1934.02|     0.00|  2311.22|  2242.98|  2220.73
GET      |        0|     0.00|     0.00|     0.00|      NaN|      NaN|      NaN
MULTIGET |        0|     0.00|     0.00|     0.00|      NaN|      NaN|      NaN
INVALID  |        0|     0.00|      ---|      ---|      NaN|      NaN|      ---
Average mutliget length: NaN


 HISTOGRAM
  Response time (ms)   Percent
                 0.1      0.00%
                 0.2      0.00%
                 0.3      0.00%
                 0.4      0.00%
                 0.5      0.00%
                 0.6      0.00%
                 0.7      0.00%
                 0.8      0.00%
                 0.9      0.00%
                 1.0      0.00%
                 1.1      0.00%
                 1.2      0.00%
                 1.3      0.00%
                 1.4      0.00%
                 1.5      0.00%
                 1.6      0.00%
                 1.7      0.00%
                 1.8      0.00%
                 1.9      1.16%
                 2.0     12.21%
                 2.1     35.38%
                 2.2     58.11%
                 2.3     73.36%
                 2.4     82.07%
                 2.5     87.14%
                 2.6     90.29%
                 2.7     92.43%
                 2.8     93.81%
                 2.9     94.87%
                 3.0     95.72%
                 3.1     96.33%
                 3.2     96.79%
                 3.3     97.19%
                 3.4     97.48%
                 3.5     97.74%
                 3.6     97.95%
                 3.7     98.11%
                 3.8     98.24%
                 3.9     98.37%
                 4.0     98.50%
                 4.1     98.58%
                 4.2     98.65%
                 4.3     98.70%
                 4.4     98.78%
                 4.5     98.85%
                 4.6     98.91%
                 4.7     98.96%
                 4.8     99.00%
                 4.9     99.05%
                 5.0     99.11%
                 5.1     99.15%
                 5.2     99.18%
                 5.3     99.21%
                 5.4     99.26%
                 5.5     99.29%
                 5.6     99.32%
                 5.7     99.36%
                 5.8     99.39%
                 5.9     99.41%
                 6.0     99.44%
                 6.1     99.47%
                 6.2     99.48%
                 6.3     99.50%
                 6.4     99.52%
                 6.5     99.54%
                 6.6     99.55%
                 6.7     99.57%
                 6.8     99.58%
                 6.9     99.59%
                 7.0     99.60%
                 7.1     99.61%
                 7.2     99.63%
                 7.3     99.64%
                 7.4     99.66%
                 7.5     99.68%
                 7.6     99.68%
                 7.7     99.69%
                 7.8     99.70%
                 7.9     99.71%
                 8.0     99.72%
                 8.1     99.73%
                 8.2     99.74%
                 8.3     99.75%
                 8.4     99.76%
                 8.5     99.77%
                 8.6     99.78%
                 8.7     99.79%
                 8.8     99.80%
                 8.9     99.81%
                 9.0     99.82%
                 9.1     99.83%
                 9.2     99.84%
                 9.3     99.84%
                 9.4     99.85%
                 9.5     99.85%
                 9.6     99.86%
                 9.7     99.86%
                 9.8     99.87%
                 9.9     99.87%
                10.0     99.87%
                10.1     99.88%
                10.2     99.89%
                10.3     99.89%
                10.4     99.89%
                10.5     99.89%
                10.6     99.90%
                10.7     99.90%
                10.8     99.90%
                10.9     99.90%
                11.0     99.90%
                11.1     99.90%
                11.2     99.90%
                11.3     99.90%
                11.4     99.90%
                11.5     99.90%
                11.6     99.90%
                11.7     99.90%
                11.8     99.90%
                11.9     99.90%
                12.0     99.91%
                12.1     99.91%
                12.2     99.91%
                12.3     99.91%
                12.4     99.91%
                12.5     99.91%
                12.6     99.91%
                12.7     99.92%
                12.8     99.92%
                12.9     99.92%
                13.0     99.92%
                13.1     99.92%
                13.2     99.92%
                13.3     99.92%
                13.4     99.92%
                13.5     99.92%
                13.6     99.92%
                13.7     99.92%
                13.8     99.92%
                13.9     99.92%
                14.0     99.92%
                14.1     99.92%
                14.2     99.92%
                14.3     99.92%
                14.4     99.92%
                14.5     99.92%
                14.6     99.92%
                14.7     99.92%
                14.8     99.92%
                14.9     99.92%
                15.0     99.92%
                15.1     99.92%
                15.2     99.92%
                15.3     99.92%
                15.4     99.92%
                15.5     99.92%
                15.6     99.92%
                15.7     99.92%
                15.8     99.92%
                15.9     99.93%
                16.0     99.93%
                16.1     99.93%
                16.2     99.93%
                16.3     99.93%
                16.4     99.93%
                16.5     99.93%
                16.6     99.93%
                16.7     99.93%
                16.8     99.93%
                16.9     99.93%
                17.0     99.93%
                17.1     99.93%
                17.2     99.93%
                17.3     99.93%
                17.4     99.93%
                17.5     99.93%
                17.6     99.93%
                17.7     99.93%
                17.8     99.93%
                17.9     99.93%
                18.0     99.93%
                18.1     99.93%
                18.2     99.93%
                18.3     99.93%
                18.4     99.93%
                18.5     99.93%
                18.6     99.93%
                18.7     99.93%
                18.8     99.93%
                18.9     99.94%
                19.0     99.94%
                19.1     99.94%
                19.2     99.94%
                19.3     99.94%
                19.4     99.94%
                19.5     99.94%
                19.6     99.94%
                19.7     99.94%
                19.8     99.94%
                19.9     99.94%
                20.0     99.94%
                20.1     99.95%
                20.2     99.95%
                20.3     99.95%
                20.4     99.95%
                20.5     99.95%
                20.6     99.95%
                20.7     99.95%
                20.8     99.95%
                20.9     99.95%
                21.0     99.95%
                21.1     99.95%
                21.2     99.95%
                21.3     99.96%
                21.4     99.96%
                21.5     99.96%
                21.6     99.96%
                21.7     99.96%
                21.8     99.96%
                21.9     99.96%
                22.0     99.96%
                22.1     99.96%
                22.2     99.96%
                22.3     99.96%
                22.4     99.97%
                22.5     99.97%
                22.6     99.97%
                22.7     99.97%
                22.8     99.97%
                22.9     99.97%
                23.0     99.97%
                23.1     99.97%
                23.2     99.97%
                23.3     99.97%
                23.4     99.97%
                23.5     99.97%
                23.6     99.97%
                23.7     99.97%
                23.8     99.97%
                23.9     99.97%
                24.0     99.97%
                24.1     99.97%
                24.2     99.97%
                24.3     99.97%
                24.4     99.97%
                24.5     99.97%
                24.6     99.98%
                24.7     99.98%
                24.8     99.98%
                24.9     99.98%
                25.0     99.98%
                25.1     99.98%
                25.2     99.98%
                25.3     99.98%
                25.4     99.98%
                25.5     99.98%
                25.6     99.98%
                25.7     99.98%
                25.8     99.98%
                25.9     99.98%
                26.0     99.98%
                26.1     99.98%
                26.2     99.98%
                26.3     99.98%
                26.4     99.98%
                26.5     99.98%
                26.6     99.99%
                26.7     99.99%
                26.8     99.99%
                26.9     99.99%
                27.0     99.99%
                27.1     99.99%
                27.2     99.99%
                27.3     99.99%
                27.4     99.99%
                27.5     99.99%
                27.6     99.99%
                27.7     99.99%
                27.8     99.99%
                27.9     99.99%
                28.0     99.99%
                28.1     99.99%
                28.2     99.99%
                28.3     99.99%
                28.4     99.99%
                28.5     99.99%
                28.6     99.99%
                28.7     99.99%
                28.8     99.99%
                28.9     99.99%
                29.0     99.99%
                29.1     99.99%
                29.2     99.99%
                29.3     99.99%
                29.4     99.99%
                29.5     99.99%
                29.6     99.99%
                29.7     99.99%
                29.8     99.99%
                29.9     99.99%
                30.0     99.99%
                30.1     99.99%
                30.2     99.99%
                30.3     99.99%
                30.4     99.99%
                30.5     99.99%
                30.6     99.99%
                30.7     99.99%
                30.8     99.99%
                30.9     99.99%
                31.0     99.99%
                31.1     99.99%
                31.2     99.99%
                31.3     99.99%
                31.4     99.99%
                31.5     99.99%
                31.6     99.99%
                31.7     99.99%
                31.8     99.99%
                31.9     99.99%
                32.0     99.99%
                32.1     99.99%
                32.2     99.99%
                32.3     99.99%
                32.4    100.00%
                32.5    100.00%
                32.6    100.00%
                32.7    100.00%
                32.8    100.00%
                32.9    100.00%
                33.0    100.00%
                33.1    100.00%
                33.2    100.00%
                33.3    100.00%
                33.4    100.00%
                33.5    100.00%
                33.6    100.00%

