[7l----total-cpu-usage---- -net/total- -dsk/total- --epoch---
usr sys idl wai hiq siq| recv  send| read  writ|  epoch   
  2   4  89   3   2   0|   0     0 |  76k   17M|1510765530
  1   2  95   0   2   0|2442k  161k|   0     0 |1510765531
  2   3  93   0   2   0|3606k  237k|   0     0 |1510765532
  3   4  89   0   4   0|5426k  358k|   0     0 |1510765533
  3   4  89   0   4   0|7091k  467k|   0     0 |1510765534
  4   5  84   2   5   0|6970k  460k|   0    32k|1510765535
  3   4  88   0   5   0|6886k  454k|   0     0 |1510765536
  3   5  88   0   4   0|7184k  474k|   0     0 |1510765537
  3   5  88   0   4   0|7241k  477k|   0     0 |1510765538
  3   5  88   0   4   0|7193k  475k|   0     0 |1510765539
  3   4  85   3   5   0|7075k  467k|   0    12k|1510765540
  3   5  88   0   4   0|7216k  476k|   0     0 |1510765541
  3   4  89   0   4   0|7364k  486k|   0     0 |1510765542
  3   4  88   0   5   0|6877k  453k|   0     0 |1510765543
  4   5  87   0   4   0|7383k  487k|   0     0 |1510765544
  3   5  87   0   5   0|7056k  465k|   0     0 |1510765545
  3   6  84   3   4   0|7118k  470k|   0    12k|1510765546
  3   4  89   0   4   0|7154k  471k|   0     0 |1510765547
  3   5  88   0   4   0|7275k  480k|   0     0 |1510765548
  3   5  87   0   5   0|7361k  485k|   0     0 |1510765549
  3   5  88   0   4   0|6914k  456k|   0     0 |1510765550
  3   4  89   0   4   0|7215k  476k|   0     0 |1510765551
  3   5  84   3   5   0|7391k  487k|   0    12k|1510765552
  3   6  87   0   4   0|7363k  486k|   0     0 |1510765553
  4   4  87   0   5   0|7275k  479k|   0     0 |1510765554
  3   5  87   0   5   0|7224k  477k|   0     0 |1510765555
  3   5  87   0   5   0|7326k  483k|   0     0 |1510765556
  3   5  88   0   4   0|7368k  486k|   0     0 |1510765557
  3   4  86   2   5   0|7202k  475k|   0    12k|1510765558
  3   5  88   0   4   0|7234k  477k|   0     0 |1510765559
  3   5  87   0   5   0|7281k  480k|   0  8192B|1510765560
  4   4  88   0   4   0|6681k  440k|   0     0 |1510765561
  3   5  87   0   5   0|7386k  487k|   0     0 |1510765562
  4   5  86   0   5   0|7355k  484k|   0     0 |1510765563
  3   5  85   2   5   0|7499k  497k|   0    28k|1510765564
  3   5  88   0   4   0|7387k  487k|   0    28k|1510765565
  4   5  87   0   4   0|7403k  487k|   0     0 |1510765566
  3   4  88   0   5   0|6896k  456k|   0     0 |1510765567
  3   5  88   0   4   0|7261k  478k|   0     0 |1510765568
  3   5  87   0   5   0|7045k  465k|   0     0 |1510765569
  3   5  86   2   4   0|7075k  467k|   0    20k|1510765570
  3   4  89   0   4   0|7107k  469k|   0     0 |1510765571
  3   5  88   0   4   0|6856k  452k|   0     0 |1510765572
  2   4  90   0   4   0|6864k  453k|   0     0 |1510765573
  4   4  88   0   4   0|7184k  473k|   0     0 |1510765574
  4   5  87   0   4   0|7148k  472k|   0     0 |1510765575
  2   4  87   3   4   0|7216k  476k|   0    12k|1510765576
  4   4  87   0   5   0|7187k  474k|   0     0 |1510765577
  3   5  88   0   4   0|7266k  479k|   0     0 |1510765578
  3   4  88   0   5   0|7155k  472k|   0     0 |1510765579
  3   5  88   0   4   0|7167k  471k|   0     0 |1510765580
  3   4  86   3   4   0|7070k  467k|   0    12k|1510765581
  3   5  88   0   4   0|7274k  480k|   0     0 |1510765582
  3   4  89   0   4   0|7049k  464k|   0     0 |1510765583
  4   4  87   0   5   0|7335k  485k|   0     0 |1510765584
  3   5  88   0   4   0|7539k  497k|   0     0 |1510765585
  3   5  85   3   4   0|7584k  500k|   0    12k|1510765586
  3   5  87   0   5   0|7499k  493k|   0     0 |1510765587
  3   4  88   0   5   0|7312k  483k|   0     0 |1510765588
  4   5  87   0   4   0|7198k  475k|   0     0 |1510765589
  3   4  88   0   5   0|7198k  475k|   0     0 |1510765590
  3   4  88   0   5   0|7168k  473k|   0     0 |1510765591
  3   5  86   3   3   0|7157k  471k|   0    12k|1510765592
  3   4  89   0   4   0|7167k  473k|   0     0 |1510765593
  3   4  89   0   4   0|6996k  461k|   0     0 |1510765594
  3   5  87   0   5   0|7291k  480k|   0     0 |1510765595
  3   4  89   0   4   0|7236k  477k|   0  4096B|1510765596
  3   5  88   0   4   0|7238k  478k|   0     0 |1510765597
  3   5  86   2   4   0|7364k  485k|   0    12k|1510765598
  3   5  88   0   4   0|7140k  471k|   0     0 |1510765599
  3   4  89   0   4   0|7372k  486k|   0     0 |1510765600
  4   5  86   0   5   0|7264k  478k|   0  8192B|1510765601
  3   4  89   0   4   0|7172k  474k|   0     0 |1510765602
  3   5  87   0   5   0|7321k  482k|   0     0 |1510765603
  3   5  85   3   4   0|7235k  478k|   0    12k|1510765604
  3   5  87   0   5   0|7389k  487k|   0     0 |1510765605
  3   4  89   0   4   0|7354k  485k|   0     0 |1510765606
  4   5  86   0   5   0|7580k  499k|   0     0 |1510765607
  3   5  88   0   4   0|7445k  491k|   0     0 |1510765608
  3   5  86   2   4   0|7549k  498k|   0    12k|1510765609
  3   4  87   0   6   0|7316k  482k|   0     0 |1510765610
  3   5  88   0   4   0|7187k  474k|   0     0 |1510765611
  3   5  87   0   5   0|7218k  476k|   0     0 |1510765612
  4   5  87   0   4   0|7289k  480k|   0     0 |1510765613
  3   5  87   0   5   0|7290k  481k|   0     0 |1510765614
  4   4  84   3   5   0|7239k  478k|   0    12k|1510765615
  3   5  88   0   4   0|7077k  467k|   0     0 |1510765616
  3   5  88   0   4   0|7273k  479k|   0     0 |1510765617
  3   4  88   0   5   0|7358k  485k|   0     0 |1510765618
  4   5  87   0   4   0|7024k  463k|   0     0 |1510765619
  3   4  88   0   5   0|6889k  455k|   0     0 |1510765620
