Threads: 32, Sharded reads: false, Number of Memcached servers: 3.

All measures in microseconds.
  SETS   GETS  MGETS   INVLD    TOT   HITS     RSP T      Q T     SVR T  Q LEN
     0  26576      0       0  26576  26237   1193.48    64.13   1095.65      0
     0   3605      0       0   3605   3568   1104.47    36.23   1035.17      0
     0   3657      0       0   3657   3621   1097.00    40.85   1029.14      1
     0   3363      0       0   3363   3336   1190.85    46.52   1112.67      0
     0   3562      0       0   3562   3528   1146.72    44.17   1069.36      0
     0   3569      0       0   3569   3529   1130.31    35.62   1059.63      0
     0   3496      0       0   3496   3461   1150.44    33.94   1083.22      0
     0   3450      0       0   3450   3412   1198.48    30.40   1140.33      0
     0   3497      0       0   3497   3459   1159.10    36.82   1094.81      0
     0   3560      0       0   3560   3495   1117.50    41.62   1050.49      0
     0   3409      0       0   3409   3356   1196.36    58.80   1109.78      0
     0   3667      0       0   3667   3619   1088.24    37.05   1026.05      0
     0   3534      0       0   3534   3492   1133.94    36.78   1068.72      0
     0   3454      0       0   3454   3407   1154.12    40.24   1084.89      0
     0   3488      0       0   3488   3452   1148.07    51.19   1069.04      0
     0   3510      0       0   3510   3478   1145.20    31.41   1086.13      0
     0   3401      0       0   3401   3377   1123.21    36.72   1061.32      0
     0   3549      0       0   3549   3518   1133.80    28.62   1078.51      0
     0   3625      0       0   3625   3585   1129.39    30.07   1073.48      0
     0   3543      0       0   3543   3510   1108.31    35.66   1048.97      0
     0   3742      0       0   3742   3702   1057.40    36.83    994.47      0
     0   3571      0       0   3571   3534   1093.86    32.97   1031.92      0
     0   3558      0       0   3558   3506   1095.35    36.19   1033.07      0
     0   3704      0       0   3704   3667   1062.51    37.86   1002.28      0
     0   3501      0       0   3501   3465   1135.35    31.07   1057.56      0
     0   3594      0       0   3594   3554   1109.17    32.09   1052.44      0
     0   3657      0       0   3657   3616   1118.23    45.63   1049.70      0
     0   3485      0       0   3485   3442   1164.95    37.93   1093.85      0
     0   3566      0       0   3566   3526   1112.27    31.71   1058.28      0
     0   3535      0       0   3535   3492   1124.73    30.86   1070.20      0
     0   3647      0       0   3647   3614   1078.53    35.88   1018.89      0
     0   3766      0       0   3766   3730   1060.43    32.89   1006.88      0
     0   3584      0       0   3584   3550   1082.96    33.22   1023.36      0
     0   3565      0       0   3565   3533   1123.30    31.22   1063.10      0
     0   3611      0       0   3611   3569   1113.84    29.82   1060.73      0
     0   3759      0       0   3759   3714   1063.91    33.90   1006.25      0
     0   3475      0       0   3475   3440   1152.74    41.77   1077.51      0
     0   3647      0       0   3647   3601   1103.40    34.61   1046.17      0
     0   3677      0       0   3677   3640   1081.44    29.24   1031.39      0
     0   3487      0       0   3487   3456   1143.88    29.62   1080.93      0
     0   3672      0       0   3672   3628   1069.85    34.22   1012.23      0
     0   3725      0       0   3725   3682   1070.91    30.12   1018.02      0
     0   3472      0       0   3472   3437   1142.69    32.22   1076.85      0
     0   3521      0       0   3521   3484   1084.02    28.52   1028.84      0
     0   3673      0       0   3673   3636   1079.32    34.26   1013.64      1
     0   3759      0       0   3759   3715   1063.44    40.04   1002.73      0
     0   3689      0       0   3689   3639   1088.32    33.50   1032.28      0
     0   3572      0       0   3572   3538   1140.86    31.75   1068.24      0
     0   3628      0       0   3628   3582   1105.84    33.94   1047.10      0
     0   3485      0       0   3485   3445   1165.25    36.42   1092.97      0
     0   3755      0       0   3755   3707   1078.12    35.78   1019.17      0
     0   3575      0       0   3575   3527   1138.46    34.62   1081.10      0
     0   3610      0       0   3610   3576   1116.34    34.15   1057.35      0
     0   3620      0       0   3620   3586   1095.20    33.03   1039.46      0
     0   3603      0       0   3603   3550   1108.51    32.12   1054.42      0
     0   3569      0       0   3569   3526   1101.76    31.93   1044.90      0
     0   3692      0       0   3692   3665   1089.35    32.16   1034.02      1
     0   3615      0       0   3615   3574   1094.23    34.76   1037.25      0
     0   3524      0       0   3524   3476   1131.21    31.89   1070.36      2
     0   3671      0       0   3671   3632   1086.98    35.17   1029.82      0
     0   3627      0       0   3627   3599   1098.81    30.51   1046.92      0
     0   3482      0       0   3482   3450   1154.52    31.05   1088.90      0
     0   3670      0       0   3670   3634   1090.93    42.93   1024.08      0
     0   3593      0       0   3593   3558   1119.57    44.45   1053.15      0
     0   3519      0       0   3519   3483   1132.00    47.53   1059.75      0
     0   3748      0       0   3748   3702   1058.38    34.13    999.33      0
     0   3635      0       0   3635   3598   1095.69    26.68   1046.01      0
     0   3505      0       0   3505   3475   1170.36    41.71   1099.67      0
     0   3609      0       0   3609   3563   1114.53    33.14   1058.86      0
     0   3588      0       0   3588   3548   1112.04    39.09   1050.02      0
     0   3668      0       0   3668   3634   1112.93    29.01   1062.20      0
     0   3597      0       0   3597   3562   1129.40    28.14   1079.02      0
     0   3515      0       0   3515   3472   1166.05    33.66   1104.22      0
     0   3688      0       0   3688   3665   1083.96    31.67   1030.32      0
     0   3612      0       0   3612   3583   1114.89    36.61   1052.89      0
     0   3617      0       0   3617   3583   1104.57    36.26   1045.47      0
     0   3631      0       0   3631   3581   1108.25    35.01   1048.99      0
     0   3531      0       0   3531   3498   1080.94    31.91   1024.95      0
     0   3602      0       0   3602   3574   1111.35    34.34   1045.23      1
     0   3649      0       0   3649   3610   1088.30    38.94   1023.71      1
     0   3615      0       0   3615   3585   1093.30    34.52   1036.96      0
     0   3516      0       0   3516   3477   1166.12    32.72   1111.35      1
     0   1302      0       0   1302   1289   1164.20    34.13   1105.77      0
     0      0      0       0      0      0       NaN      NaN       NaN      0
     0      0      0       0      0      0       NaN      NaN       NaN      0
     0      0      0       0      0      0       NaN      NaN       NaN      0
     0      0      0       0      0      0       NaN      NaN       NaN      0
     0      0      0       0      0      0       NaN      NaN       NaN      0
================================================================================
ALL STATS (timing measures are in microseconds)
WORKER 0:
Type     |Total    |Ops/sec  |Hits/sec |Miss/Sec |Resp Time|Proc Time|Srvr Time
SET      |        0|     0.00|     0.00|     0.00|      NaN|      NaN|      NaN
GET      |     9912|   108.92|   107.85|     1.08|  1132.42|  1092.10|  1066.94
MULTIGET |        0|     0.00|     0.00|     0.00|      NaN|      NaN|      NaN
INVALID  |        0|     0.00|      ---|      ---|      NaN|      NaN|      ---
Average mutliget length: NaN
================================================================================
WORKER 1:
Type     |Total    |Ops/sec  |Hits/sec |Miss/Sec |Resp Time|Proc Time|Srvr Time
SET      |        0|     0.00|     0.00|     0.00|      NaN|      NaN|      NaN
GET      |     9893|   108.71|   107.54|     1.18|  1125.38|  1088.15|  1056.21
MULTIGET |        0|     0.00|     0.00|     0.00|      NaN|      NaN|      NaN
INVALID  |        0|     0.00|      ---|      ---|      NaN|      NaN|      ---
Average mutliget length: NaN
================================================================================
WORKER 2:
Type     |Total    |Ops/sec  |Hits/sec |Miss/Sec |Resp Time|Proc Time|Srvr Time
SET      |        0|     0.00|     0.00|     0.00|      NaN|      NaN|      NaN
GET      |    10012|   110.02|   108.74|     1.29|  1130.75|  1088.59|  1063.56
MULTIGET |        0|     0.00|     0.00|     0.00|      NaN|      NaN|      NaN
INVALID  |        0|     0.00|      ---|      ---|      NaN|      NaN|      ---
Average mutliget length: NaN
================================================================================
WORKER 3:
Type     |Total    |Ops/sec  |Hits/sec |Miss/Sec |Resp Time|Proc Time|Srvr Time
SET      |        0|     0.00|     0.00|     0.00|      NaN|      NaN|      NaN
GET      |     9975|   109.62|   108.30|     1.32|  1122.79|  1086.15|  1059.45
MULTIGET |        0|     0.00|     0.00|     0.00|      NaN|      NaN|      NaN
INVALID  |        0|     0.00|      ---|      ---|      NaN|      NaN|      ---
Average mutliget length: NaN
================================================================================
WORKER 4:
Type     |Total    |Ops/sec  |Hits/sec |Miss/Sec |Resp Time|Proc Time|Srvr Time
SET      |        0|     0.00|     0.00|     0.00|      NaN|      NaN|      NaN
GET      |     9957|   109.42|   108.30|     1.12|  1143.54|  1106.17|  1081.05
MULTIGET |        0|     0.00|     0.00|     0.00|      NaN|      NaN|      NaN
INVALID  |        0|     0.00|      ---|      ---|      NaN|      NaN|      ---
Average mutliget length: NaN
================================================================================
WORKER 5:
Type     |Total    |Ops/sec  |Hits/sec |Miss/Sec |Resp Time|Proc Time|Srvr Time
SET      |        0|     0.00|     0.00|     0.00|      NaN|      NaN|      NaN
GET      |     9896|   108.75|   107.32|     1.43|  1116.50|  1076.40|  1053.26
MULTIGET |        0|     0.00|     0.00|     0.00|      NaN|      NaN|      NaN
INVALID  |        0|     0.00|      ---|      ---|      NaN|      NaN|      ---
Average mutliget length: NaN
================================================================================
WORKER 6:
Type     |Total    |Ops/sec  |Hits/sec |Miss/Sec |Resp Time|Proc Time|Srvr Time
SET      |        0|     0.00|     0.00|     0.00|      NaN|      NaN|      NaN
GET      |     9920|   109.01|   107.84|     1.18|  1106.17|  1072.60|  1045.77
MULTIGET |        0|     0.00|     0.00|     0.00|      NaN|      NaN|      NaN
INVALID  |        0|     0.00|      ---|      ---|      NaN|      NaN|      ---
Average mutliget length: NaN
================================================================================
WORKER 7:
Type     |Total    |Ops/sec  |Hits/sec |Miss/Sec |Resp Time|Proc Time|Srvr Time
SET      |        0|     0.00|     0.00|     0.00|      NaN|      NaN|      NaN
GET      |    10051|   110.45|   109.18|     1.27|  1110.71|  1074.77|  1046.70
MULTIGET |        0|     0.00|     0.00|     0.00|      NaN|      NaN|      NaN
INVALID  |        0|     0.00|      ---|      ---|      NaN|      NaN|      ---
Average mutliget length: NaN
================================================================================
WORKER 8:
Type     |Total    |Ops/sec  |Hits/sec |Miss/Sec |Resp Time|Proc Time|Srvr Time
SET      |        0|     0.00|     0.00|     0.00|      NaN|      NaN|      NaN
GET      |     9939|   109.22|   108.05|     1.16|  1135.10|  1097.60|  1068.93
MULTIGET |        0|     0.00|     0.00|     0.00|      NaN|      NaN|      NaN
INVALID  |        0|     0.00|      ---|      ---|      NaN|      NaN|      ---
Average mutliget length: NaN
================================================================================
WORKER 9:
Type     |Total    |Ops/sec  |Hits/sec |Miss/Sec |Resp Time|Proc Time|Srvr Time
SET      |        0|     0.00|     0.00|     0.00|      NaN|      NaN|      NaN
GET      |     9916|   108.97|   107.79|     1.18|  1116.46|  1073.69|  1045.97
MULTIGET |        0|     0.00|     0.00|     0.00|      NaN|      NaN|      NaN
INVALID  |        0|     0.00|      ---|      ---|      NaN|      NaN|      ---
Average mutliget length: NaN
================================================================================
WORKER 10:
Type     |Total    |Ops/sec  |Hits/sec |Miss/Sec |Resp Time|Proc Time|Srvr Time
SET      |        0|     0.00|     0.00|     0.00|      NaN|      NaN|      NaN
GET      |    10005|   109.95|   108.74|     1.21|  1115.05|  1078.81|  1047.19
MULTIGET |        0|     0.00|     0.00|     0.00|      NaN|      NaN|      NaN
INVALID  |        0|     0.00|      ---|      ---|      NaN|      NaN|      ---
Average mutliget length: NaN
================================================================================
WORKER 11:
Type     |Total    |Ops/sec  |Hits/sec |Miss/Sec |Resp Time|Proc Time|Srvr Time
SET      |        0|     0.00|     0.00|     0.00|      NaN|      NaN|      NaN
GET      |     9967|   109.53|   108.35|     1.18|  1098.85|  1062.98|  1031.47
MULTIGET |        0|     0.00|     0.00|     0.00|      NaN|      NaN|      NaN
INVALID  |        0|     0.00|      ---|      ---|      NaN|      NaN|      ---
Average mutliget length: NaN
================================================================================
WORKER 12:
Type     |Total    |Ops/sec  |Hits/sec |Miss/Sec |Resp Time|Proc Time|Srvr Time
SET      |        0|     0.00|     0.00|     0.00|      NaN|      NaN|      NaN
GET      |    10037|   110.30|   109.14|     1.15|  1117.99|  1078.86|  1055.41
MULTIGET |        0|     0.00|     0.00|     0.00|      NaN|      NaN|      NaN
INVALID  |        0|     0.00|      ---|      ---|      NaN|      NaN|      ---
Average mutliget length: NaN
================================================================================
WORKER 13:
Type     |Total    |Ops/sec  |Hits/sec |Miss/Sec |Resp Time|Proc Time|Srvr Time
SET      |        0|     0.00|     0.00|     0.00|      NaN|      NaN|      NaN
GET      |     9970|   109.56|   108.35|     1.21|  1123.39|  1084.40|  1056.16
MULTIGET |        0|     0.00|     0.00|     0.00|      NaN|      NaN|      NaN
INVALID  |        0|     0.00|      ---|      ---|      NaN|      NaN|      ---
Average mutliget length: NaN
================================================================================
WORKER 14:
Type     |Total    |Ops/sec  |Hits/sec |Miss/Sec |Resp Time|Proc Time|Srvr Time
SET      |        0|     0.00|     0.00|     0.00|      NaN|      NaN|      NaN
GET      |     9947|   109.31|   108.12|     1.19|  1123.13|  1083.86|  1055.29
MULTIGET |        0|     0.00|     0.00|     0.00|      NaN|      NaN|      NaN
INVALID  |        0|     0.00|      ---|      ---|      NaN|      NaN|      ---
Average mutliget length: NaN
================================================================================
WORKER 15:
Type     |Total    |Ops/sec  |Hits/sec |Miss/Sec |Resp Time|Proc Time|Srvr Time
SET      |        0|     0.00|     0.00|     0.00|      NaN|      NaN|      NaN
GET      |    10019|   110.10|   108.75|     1.35|  1112.09|  1077.50|  1048.28
MULTIGET |        0|     0.00|     0.00|     0.00|      NaN|      NaN|      NaN
INVALID  |        0|     0.00|      ---|      ---|      NaN|      NaN|      ---
Average mutliget length: NaN
================================================================================
WORKER 16:
Type     |Total    |Ops/sec  |Hits/sec |Miss/Sec |Resp Time|Proc Time|Srvr Time
SET      |        0|     0.00|     0.00|     0.00|      NaN|      NaN|      NaN
GET      |     9906|   108.86|   107.56|     1.30|  1128.57|  1088.00|  1056.10
MULTIGET |        0|     0.00|     0.00|     0.00|      NaN|      NaN|      NaN
INVALID  |        0|     0.00|      ---|      ---|      NaN|      NaN|      ---
Average mutliget length: NaN
================================================================================
WORKER 17:
Type     |Total    |Ops/sec  |Hits/sec |Miss/Sec |Resp Time|Proc Time|Srvr Time
SET      |        0|     0.00|     0.00|     0.00|      NaN|      NaN|      NaN
GET      |     9951|   109.35|   108.26|     1.09|  1098.43|  1060.30|  1033.09
MULTIGET |        0|     0.00|     0.00|     0.00|      NaN|      NaN|      NaN
INVALID  |        0|     0.00|      ---|      ---|      NaN|      NaN|      ---
Average mutliget length: NaN
================================================================================
WORKER 18:
Type     |Total    |Ops/sec  |Hits/sec |Miss/Sec |Resp Time|Proc Time|Srvr Time
SET      |        0|     0.00|     0.00|     0.00|      NaN|      NaN|      NaN
GET      |     9988|   109.76|   108.74|     1.02|  1138.23|  1102.19|  1076.58
MULTIGET |        0|     0.00|     0.00|     0.00|      NaN|      NaN|      NaN
INVALID  |        0|     0.00|      ---|      ---|      NaN|      NaN|      ---
Average mutliget length: NaN
================================================================================
WORKER 19:
Type     |Total    |Ops/sec  |Hits/sec |Miss/Sec |Resp Time|Proc Time|Srvr Time
SET      |        0|     0.00|     0.00|     0.00|      NaN|      NaN|      NaN
GET      |     9941|   109.24|   108.24|     1.00|  1129.53|  1091.41|  1068.34
MULTIGET |        0|     0.00|     0.00|     0.00|      NaN|      NaN|      NaN
INVALID  |        0|     0.00|      ---|      ---|      NaN|      NaN|      ---
Average mutliget length: NaN
================================================================================
WORKER 20:
Type     |Total    |Ops/sec  |Hits/sec |Miss/Sec |Resp Time|Proc Time|Srvr Time
SET      |        0|     0.00|     0.00|     0.00|      NaN|      NaN|      NaN
GET      |    10049|   110.43|   109.15|     1.27|  1108.03|  1071.96|  1046.57
MULTIGET |        0|     0.00|     0.00|     0.00|      NaN|      NaN|      NaN
INVALID  |        0|     0.00|      ---|      ---|      NaN|      NaN|      ---
Average mutliget length: NaN
================================================================================
WORKER 21:
Type     |Total    |Ops/sec  |Hits/sec |Miss/Sec |Resp Time|Proc Time|Srvr Time
SET      |        0|     0.00|     0.00|     0.00|      NaN|      NaN|      NaN
GET      |     9986|   109.74|   108.45|     1.29|  1120.14|  1080.32|  1055.62
MULTIGET |        0|     0.00|     0.00|     0.00|      NaN|      NaN|      NaN
INVALID  |        0|     0.00|      ---|      ---|      NaN|      NaN|      ---
Average mutliget length: NaN
================================================================================
WORKER 22:
Type     |Total    |Ops/sec  |Hits/sec |Miss/Sec |Resp Time|Proc Time|Srvr Time
SET      |        0|     0.00|     0.00|     0.00|      NaN|      NaN|      NaN
GET      |     9987|   109.75|   108.43|     1.32|  1113.15|  1077.25|  1049.60
MULTIGET |        0|     0.00|     0.00|     0.00|      NaN|      NaN|      NaN
INVALID  |        0|     0.00|      ---|      ---|      NaN|      NaN|      ---
Average mutliget length: NaN
================================================================================
WORKER 23:
Type     |Total    |Ops/sec  |Hits/sec |Miss/Sec |Resp Time|Proc Time|Srvr Time
SET      |        0|     0.00|     0.00|     0.00|      NaN|      NaN|      NaN
GET      |     9884|   108.62|   107.54|     1.08|  1130.77|  1093.80|  1066.73
MULTIGET |        0|     0.00|     0.00|     0.00|      NaN|      NaN|      NaN
INVALID  |        0|     0.00|      ---|      ---|      NaN|      NaN|      ---
Average mutliget length: NaN
================================================================================
WORKER 24:
Type     |Total    |Ops/sec  |Hits/sec |Miss/Sec |Resp Time|Proc Time|Srvr Time
SET      |        0|     0.00|     0.00|     0.00|      NaN|      NaN|      NaN
GET      |     9945|   109.29|   108.03|     1.25|  1121.10|  1084.04|  1060.10
MULTIGET |        0|     0.00|     0.00|     0.00|      NaN|      NaN|      NaN
INVALID  |        0|     0.00|      ---|      ---|      NaN|      NaN|      ---
Average mutliget length: NaN
================================================================================
WORKER 25:
Type     |Total    |Ops/sec  |Hits/sec |Miss/Sec |Resp Time|Proc Time|Srvr Time
SET      |        0|     0.00|     0.00|     0.00|      NaN|      NaN|      NaN
GET      |     9984|   109.71|   108.54|     1.18|  1116.97|  1078.76|  1050.94
MULTIGET |        0|     0.00|     0.00|     0.00|      NaN|      NaN|      NaN
INVALID  |        0|     0.00|      ---|      ---|      NaN|      NaN|      ---
Average mutliget length: NaN
================================================================================
WORKER 26:
Type     |Total    |Ops/sec  |Hits/sec |Miss/Sec |Resp Time|Proc Time|Srvr Time
SET      |        0|     0.00|     0.00|     0.00|      NaN|      NaN|      NaN
GET      |     9954|   109.38|   108.12|     1.26|  1136.37|  1098.46|  1070.68
MULTIGET |        0|     0.00|     0.00|     0.00|      NaN|      NaN|      NaN
INVALID  |        0|     0.00|      ---|      ---|      NaN|      NaN|      ---
Average mutliget length: NaN
================================================================================
WORKER 27:
Type     |Total    |Ops/sec  |Hits/sec |Miss/Sec |Resp Time|Proc Time|Srvr Time
SET      |        0|     0.00|     0.00|     0.00|      NaN|      NaN|      NaN
GET      |     9893|   108.71|   107.48|     1.23|  1117.33|  1081.01|  1056.89
MULTIGET |        0|     0.00|     0.00|     0.00|      NaN|      NaN|      NaN
INVALID  |        0|     0.00|      ---|      ---|      NaN|      NaN|      ---
Average mutliget length: NaN
================================================================================
WORKER 28:
Type     |Total    |Ops/sec  |Hits/sec |Miss/Sec |Resp Time|Proc Time|Srvr Time
SET      |        0|     0.00|     0.00|     0.00|      NaN|      NaN|      NaN
GET      |     9904|   108.84|   107.62|     1.22|  1102.25|  1066.46|  1040.96
MULTIGET |        0|     0.00|     0.00|     0.00|      NaN|      NaN|      NaN
INVALID  |        0|     0.00|      ---|      ---|      NaN|      NaN|      ---
Average mutliget length: NaN
================================================================================
WORKER 29:
Type     |Total    |Ops/sec  |Hits/sec |Miss/Sec |Resp Time|Proc Time|Srvr Time
SET      |        0|     0.00|     0.00|     0.00|      NaN|      NaN|      NaN
GET      |     9908|   108.88|   107.87|     1.01|  1139.24|  1102.21|  1077.60
MULTIGET |        0|     0.00|     0.00|     0.00|      NaN|      NaN|      NaN
INVALID  |        0|     0.00|      ---|      ---|      NaN|      NaN|      ---
Average mutliget length: NaN
================================================================================
WORKER 30:
Type     |Total    |Ops/sec  |Hits/sec |Miss/Sec |Resp Time|Proc Time|Srvr Time
SET      |        0|     0.00|     0.00|     0.00|      NaN|      NaN|      NaN
GET      |     9927|   109.09|   107.98|     1.11|  1130.06|  1091.53|  1062.64
MULTIGET |        0|     0.00|     0.00|     0.00|      NaN|      NaN|      NaN
INVALID  |        0|     0.00|      ---|      ---|      NaN|      NaN|      ---
Average mutliget length: NaN
================================================================================
WORKER 31:
Type     |Total    |Ops/sec  |Hits/sec |Miss/Sec |Resp Time|Proc Time|Srvr Time
SET      |        0|     0.00|     0.00|     0.00|      NaN|      NaN|      NaN
GET      |     9972|   109.58|   108.49|     1.09|  1107.20|  1070.59|  1045.79
MULTIGET |        0|     0.00|     0.00|     0.00|      NaN|      NaN|      NaN
INVALID  |        0|     0.00|      ---|      ---|      NaN|      NaN|      ---
Average mutliget length: NaN
================================================================================
================================================================================

AGGREGATE FOR ALL WORKERS:
Type     |Total    |Ops/sec  |Hits/sec |Miss/Sec |Resp Time|Proc Time|Srvr Time
SET      |        0|     0.00|     0.00|     0.00|      NaN|      NaN|      NaN
GET      |   318595|  3501.04|  3462.85|    38.20|  1120.85|  1083.14|  1056.23
MULTIGET |        0|     0.00|     0.00|     0.00|      NaN|      NaN|      NaN
INVALID  |        0|     0.00|      ---|      ---|      NaN|      NaN|      ---
Average mutliget length: NaN


 HISTOGRAM
  Response time (ms)   Percent
                 0.1      0.00%
                 0.2      0.35%
                 0.3     10.42%
                 0.4     21.56%
                 0.5     30.12%
                 0.6     43.91%
                 0.7     54.16%
                 0.8     59.01%
                 0.9     61.31%
                 1.0     62.60%
                 1.1     63.39%
                 1.2     63.94%
                 1.3     64.36%
                 1.4     64.71%
                 1.5     65.03%
                 1.6     65.26%
                 1.7     65.48%
                 1.8     65.67%
                 1.9     70.16%
                 2.0     79.94%
                 2.1     87.30%
                 2.2     91.06%
                 2.3     93.13%
                 2.4     94.49%
                 2.5     95.57%
                 2.6     96.41%
                 2.7     97.08%
                 2.8     97.60%
                 2.9     97.98%
                 3.0     98.30%
                 3.1     98.57%
                 3.2     98.76%
                 3.3     98.92%
                 3.4     99.04%
                 3.5     99.15%
                 3.6     99.25%
                 3.7     99.32%
                 3.8     99.39%
                 3.9     99.44%
                 4.0     99.48%
                 4.1     99.52%
                 4.2     99.55%
                 4.3     99.58%
                 4.4     99.61%
                 4.5     99.63%
                 4.6     99.65%
                 4.7     99.68%
                 4.8     99.69%
                 4.9     99.70%
                 5.0     99.72%
                 5.1     99.74%
                 5.2     99.76%
                 5.3     99.77%
                 5.4     99.78%
                 5.5     99.79%
                 5.6     99.80%
                 5.7     99.80%
                 5.8     99.81%
                 5.9     99.82%
                 6.0     99.82%
                 6.1     99.83%
                 6.2     99.83%
                 6.3     99.84%
                 6.4     99.85%
                 6.5     99.85%
                 6.6     99.86%
                 6.7     99.86%
                 6.8     99.87%
                 6.9     99.87%
                 7.0     99.87%
                 7.1     99.88%
                 7.2     99.88%
                 7.3     99.88%
                 7.4     99.88%
                 7.5     99.89%
                 7.6     99.89%
                 7.7     99.89%
                 7.8     99.90%
                 7.9     99.90%
                 8.0     99.90%
                 8.1     99.90%
                 8.2     99.90%
                 8.3     99.91%
                 8.4     99.91%
                 8.5     99.91%
                 8.6     99.92%
                 8.7     99.92%
                 8.8     99.92%
                 8.9     99.92%
                 9.0     99.92%
                 9.1     99.92%
                 9.2     99.92%
                 9.3     99.93%
                 9.4     99.93%
                 9.5     99.93%
                 9.6     99.93%
                 9.7     99.93%
                 9.8     99.93%
                 9.9     99.94%
                10.0     99.94%
                10.1     99.94%
                10.2     99.94%
                10.3     99.94%
                10.4     99.94%
                10.5     99.94%
                10.6     99.95%
                10.7     99.95%
                10.8     99.95%
                10.9     99.95%
                11.0     99.95%
                11.1     99.95%
                11.2     99.95%
                11.3     99.95%
                11.4     99.95%
                11.5     99.95%
                11.6     99.95%
                11.7     99.95%
                11.8     99.95%
                11.9     99.95%
                12.0     99.95%
                12.1     99.95%
                12.2     99.96%
                12.3     99.96%
                12.4     99.96%
                12.5     99.96%
                12.6     99.96%
                12.7     99.96%
                12.8     99.96%
                12.9     99.96%
                13.0     99.96%
                13.1     99.96%
                13.2     99.96%
                13.3     99.96%
                13.4     99.96%
                13.5     99.96%
                13.6     99.96%
                13.7     99.96%
                13.8     99.96%
                13.9     99.96%
                14.0     99.96%
                14.1     99.96%
                14.2     99.96%
                14.3     99.96%
                14.4     99.96%
                14.5     99.96%
                14.6     99.97%
                14.7     99.97%
                14.8     99.97%
                14.9     99.97%
                15.0     99.97%
                15.1     99.97%
                15.2     99.97%
                15.3     99.97%
                15.4     99.97%
                15.5     99.97%
                15.6     99.97%
                15.7     99.97%
                15.8     99.97%
                15.9     99.97%
                16.0     99.97%
                16.1     99.97%
                16.2     99.97%
                16.3     99.97%
                16.4     99.97%
                16.5     99.97%
                16.6     99.97%
                16.7     99.97%
                16.8     99.97%
                16.9     99.97%
                17.0     99.97%
                17.1     99.97%
                17.2     99.97%
                17.3     99.97%
                17.4     99.97%
                17.5     99.97%
                17.6     99.97%
                17.7     99.97%
                17.8     99.97%
                17.9     99.97%
                18.0     99.97%
                18.1     99.97%
                18.2     99.97%
                18.3     99.97%
                18.4     99.97%
                18.5     99.97%
                18.6     99.97%
                18.7     99.97%
                18.8     99.97%
                18.9     99.97%
                19.0     99.97%
                19.1     99.97%
                19.2     99.97%
                19.3     99.97%
                19.4     99.97%
                19.5     99.97%
                19.6     99.97%
                19.7     99.97%
                19.8     99.97%
                19.9     99.97%
                20.0     99.97%
                20.1     99.97%
                20.2     99.97%
                20.3     99.97%
                20.4     99.97%
                20.5     99.97%
                20.6     99.97%
                20.7     99.97%
                20.8     99.97%
                20.9     99.97%
                21.0     99.97%
                21.1     99.97%
                21.2     99.97%
                21.3     99.97%
                21.4     99.97%
                21.5     99.97%
                21.6     99.97%
                21.7     99.97%
                21.8     99.97%
                21.9     99.97%
                22.0     99.97%
                22.1     99.97%
                22.2     99.97%
                22.3     99.97%
                22.4     99.97%
                22.5     99.97%
                22.6     99.97%
                22.7     99.97%
                22.8     99.97%
                22.9     99.97%
                23.0     99.97%
                23.1     99.97%
                23.2     99.97%
                23.3     99.97%
                23.4     99.97%
                23.5     99.97%
                23.6     99.97%
                23.7     99.97%
                23.8     99.97%
                23.9     99.97%
                24.0     99.97%
                24.1     99.97%
                24.2     99.97%
                24.3     99.97%
                24.4     99.97%
                24.5     99.98%
                24.6     99.98%
                24.7     99.98%
                24.8     99.98%
                24.9     99.98%
                25.0     99.98%
                25.1     99.98%
                25.2     99.98%
                25.3     99.98%
                25.4     99.98%
                25.5     99.98%
                25.6     99.98%
                25.7     99.98%
                25.8     99.98%
                25.9     99.98%
                26.0     99.98%
                26.1     99.98%
                26.2     99.98%
                26.3     99.98%
                26.4     99.98%
                26.5     99.98%
                26.6     99.98%
                26.7     99.98%
                26.8     99.98%
                26.9     99.98%
                27.0     99.98%
                27.1     99.98%
                27.2     99.98%
                27.3     99.98%
                27.4     99.98%
                27.5     99.98%
                27.6     99.98%
                27.7     99.98%
                27.8     99.98%
                27.9     99.98%
                28.0     99.98%
                28.1     99.98%
                28.2     99.98%
                28.3     99.98%
                28.4     99.99%
                28.5     99.99%
                28.6     99.99%
                28.7     99.99%
                28.8     99.99%
                28.9     99.99%
                29.0     99.99%
                29.1     99.99%
                29.2     99.99%
                29.3     99.99%
                29.4     99.99%
                29.5     99.99%
                29.6     99.99%
                29.7     99.99%
                29.8     99.99%
                29.9     99.99%
                30.0     99.99%
                30.1     99.99%
                30.2     99.99%
                30.3     99.99%
                30.4     99.99%
                30.5     99.99%
                30.6     99.99%
                30.7     99.99%
                30.8     99.99%
                30.9     99.99%
                31.0     99.99%
                31.1     99.99%
                31.2     99.99%
                31.3     99.99%
                31.4     99.99%
                31.5     99.99%
                31.6     99.99%
                31.7     99.99%
                31.8     99.99%
                31.9     99.99%
                32.0     99.99%
                32.1     99.99%
                32.2     99.99%
                32.3     99.99%
                32.4     99.99%
                32.5     99.99%
                32.6     99.99%
                32.7     99.99%
                32.8     99.99%
                32.9     99.99%
                33.0     99.99%
                33.1     99.99%
                33.2     99.99%
                33.3     99.99%
                33.4     99.99%
                33.5     99.99%
                33.6     99.99%
                33.7     99.99%
                33.8     99.99%
                33.9     99.99%
                34.0     99.99%
                34.1     99.99%
                34.2     99.99%
                34.3     99.99%
                34.4     99.99%
                34.5     99.99%
                34.6    100.00%
                34.7    100.00%
                34.8    100.00%
                34.9    100.00%
                35.0    100.00%
                35.1    100.00%
                35.2    100.00%
                35.3    100.00%
                35.4    100.00%
                35.5    100.00%
                35.6    100.00%
                35.7    100.00%
                35.8    100.00%
                35.9    100.00%
                36.0    100.00%
                36.1    100.00%
                36.2    100.00%
                36.3    100.00%
                36.4    100.00%
                36.5    100.00%
                36.6    100.00%
                36.7    100.00%
                36.8    100.00%
                36.9    100.00%
                37.0    100.00%
                37.1    100.00%
                37.2    100.00%
                37.3    100.00%
                37.4    100.00%
                37.5    100.00%
                37.6    100.00%
                37.7    100.00%
                37.8    100.00%
                37.9    100.00%
                38.0    100.00%
                38.1    100.00%
                38.2    100.00%
                38.3    100.00%
                38.4    100.00%
                38.5    100.00%
                38.6    100.00%
                38.7    100.00%
                38.8    100.00%
                38.9    100.00%
                39.0    100.00%
                39.1    100.00%
                39.2    100.00%
                39.3    100.00%
                39.4    100.00%
                39.5    100.00%
                39.6    100.00%
                39.7    100.00%
                39.8    100.00%
                39.9    100.00%
                40.0    100.00%
                40.1    100.00%
                40.2    100.00%
                40.3    100.00%
                40.4    100.00%
                40.5    100.00%
                40.6    100.00%
                40.7    100.00%
                40.8    100.00%
                40.9    100.00%
                41.0    100.00%
                41.1    100.00%
                41.2    100.00%
                41.3    100.00%
                41.4    100.00%
                41.5    100.00%
                41.6    100.00%
                41.7    100.00%
                41.8    100.00%
                41.9    100.00%
                42.0    100.00%
                42.1    100.00%
                42.2    100.00%
                42.3    100.00%
                42.4    100.00%
                42.5    100.00%
                42.6    100.00%
                42.7    100.00%
                42.8    100.00%
                42.9    100.00%
                43.0    100.00%
                43.1    100.00%
                43.2    100.00%
                43.3    100.00%
                43.4    100.00%
                43.5    100.00%
                43.6    100.00%
                43.7    100.00%
                43.8    100.00%
                43.9    100.00%
                44.0    100.00%
                44.1    100.00%
                44.2    100.00%
                44.3    100.00%
                44.4    100.00%
                44.5    100.00%
                44.6    100.00%
                44.7    100.00%
                44.8    100.00%
                44.9    100.00%
                45.0    100.00%
                45.1    100.00%
                45.2    100.00%
                45.3    100.00%
                45.4    100.00%
                45.5    100.00%
                45.6    100.00%
                45.7    100.00%
                45.8    100.00%
                45.9    100.00%
                46.0    100.00%
                46.1    100.00%
                46.2    100.00%
                46.3    100.00%
                46.4    100.00%
                46.5    100.00%
                46.6    100.00%
                46.7    100.00%
                46.8    100.00%
                46.9    100.00%
                47.0    100.00%
                47.1    100.00%
                47.2    100.00%
                47.3    100.00%
                47.4    100.00%
                47.5    100.00%
                47.6    100.00%
                47.7    100.00%
                47.8    100.00%
                47.9    100.00%
                48.0    100.00%
                48.1    100.00%
                48.2    100.00%
                48.3    100.00%
                48.4    100.00%
                48.5    100.00%
                48.6    100.00%
                48.7    100.00%
                48.8    100.00%
                48.9    100.00%
                49.0    100.00%
                49.1    100.00%
                49.2    100.00%
                49.3    100.00%
                49.4    100.00%
                49.5    100.00%
                49.6    100.00%
                49.7    100.00%
                49.8    100.00%
                49.9    100.00%
                50.0    100.00%
                50.1    100.00%
                50.2    100.00%
                50.3    100.00%
                50.4    100.00%
                50.5    100.00%

