Threads: 16, Sharded reads: false, Number of Memcached servers: 3.

All measures in microseconds.
  SETS   GETS  MGETS   INVLD    TOT   HITS     RSP T      Q T     SVR T  Q LEN
 38753      0      0       0  38753  38753  13261.93  9914.71   3300.61     46
  5029      0      0       0   5029   5029  12968.84  9771.97   3159.20     48
  5074      0      0       0   5074   5074  12632.49  9534.51   3065.85     51
  4887      0      0       0   4887   4887  13130.42  9910.54   3185.76     51
  4919      0      0       0   4919   4919  13011.60  9814.09   3160.96     45
  4846      0      0       0   4846   4846  13318.95 10073.98   3206.69     40
  4898      0      0       0   4898   4898  13057.17  9857.24   3168.46     52
  4473      0      0       0   4473   4473  14275.53 10734.29   3501.66     56
  5217      0      0       0   5217   5217  12338.24  9305.27   3001.70     44
  5107      0      0       0   5107   5107  12582.39  9493.18   3056.83     45
  4673      0      0       0   4673   4673  13771.16 10392.22   3344.98     50
  4956      0      0       0   4956   4956  13062.66  9886.31   3143.56     48
  4883      0      0       0   4883   4883  13123.83  9874.38   3211.85     56
  5113      0      0       0   5113   5113  12691.56  9598.73   3061.41     50
  4991      0      0       0   4991   4991  12811.11  9662.12   3115.46     35
  4981      0      0       0   4981   4981  12934.96  9761.23   3139.19     49
  5096      0      0       0   5096   5096  12708.37  9601.86   3073.20     48
  5142      0      0       0   5142   5142  12657.50  9570.17   3053.54     43
  4950      0      0       0   4950   4950  12795.53  9620.05   3140.42     53
  4971      0      0       0   4971   4971  12905.14  9739.18   3134.04     49
  4898      0      0       0   4898   4898  13061.87  9863.97   3163.98     56
  4732      0      0       0   4732   4732  13496.53 10166.41   3296.77     56
  4700      0      0       0   4700   4700  13568.72 10215.23   3312.63     47
  4970      0      0       0   4970   4970  12899.60  9734.01   3133.77     46
  5022      0      0       0   5022   5022  12813.79  9682.41   3098.83     47
  5005      0      0       0   5005   5005  12888.29  9746.86   3108.84     48
  4872      0      0       0   4872   4872  13105.85  9891.86   3180.91     56
  4754      0      0       0   4754   4754  13512.29 10184.07   3294.91     48
  4805      0      0       0   4805   4805  13378.87 10110.92   3237.06     52
  5253      0      0       0   5253   5253  12169.87  9174.83   2958.58     49
  5028      0      0       0   5028   5028  12694.49  9576.74   3085.91     56
  4868      0      0       0   4868   4868  13287.21 10021.50   3233.86     41
  4903      0      0       0   4903   4903  12970.33  9763.13   3174.92     56
  4542      0      0       0   4542   4542  14148.56 10677.82   3435.56     56
  5060      0      0       0   5060   5060  12789.06  9668.63   3086.46     56
  5002      0      0       0   5002   5002  12991.60  9829.72   3129.97     50
  4800      0      0       0   4800   4800  13237.22  9948.30   3253.64     49
  4794      0      0       0   4794   4794  13428.32 10131.83   3262.93     47
  4835      0      0       0   4835   4835  13340.63 10085.73   3224.18     53
  5155      0      0       0   5155   5155  12492.23  9438.34   3021.11     44
  5238      0      0       0   5238   5238  12337.15  9335.84   2970.54     55
  4968      0      0       0   4968   4968  12945.98  9779.38   3133.04     44
  4518      0      0       0   4518   4518  13899.04 10423.28   3425.01     47
  4944      0      0       0   4944   4944  12818.44  9638.64   3146.28     40
  4974      0      0       0   4974   4974  12849.80  9688.61   3129.06     50
  4991      0      0       0   4991   4991  12765.52  9612.26   3117.43     46
  5282      0      0       0   5282   5282  12084.06  9108.67   2944.87     50
  5026      0      0       0   5026   5026  12771.08  9640.98   3096.63     51
  4759      0      0       0   4759   4759  13481.52 10181.47   3266.49     50
  5015      0      0       0   5015   5015  12901.54  9749.26   3119.55     45
  5269      0      0       0   5269   5269  12219.12  9233.42   2951.67     51
  4834      0      0       0   4834   4834  13117.95  9863.93   3217.40     48
  4737      0      0       0   4737   4737  13310.82  9999.57   3275.61     51
  4946      0      0       0   4946   4946  13010.82  9821.79   3156.30     45
  5086      0      0       0   5086   5086  12592.95  9501.30   3059.13     47
  5156      0      0       0   5156   5156  12461.66  9410.89   3018.11     49
  4920      0      0       0   4920   4920  12887.03  9714.34   3137.43     47
  4951      0      0       0   4951   4951  13046.28  9836.08   3176.02     56
  5131      0      0       0   5131   5131  12486.22  9417.17   3036.42     50
  4965      0      0       0   4965   4965  12757.56  9599.12   3124.19     52
  4981      0      0       0   4981   4981  12821.29  9658.47   3130.54     53
  5005      0      0       0   5005   5005  12855.18  9711.89   3108.37     52
  5074      0      0       0   5074   5074  12595.24  9495.30   3067.35     49
  4786      0      0       0   4786   4786  13456.89 10172.40   3249.66     50
  4905      0      0       0   4905   4905  13160.38  9940.27   3186.18     55
  5105      0      0       0   5105   5105  12583.39  9497.88   3051.15     50
  4665      0      0       0   4665   4665  13467.41 10099.88   3328.15     52
  5023      0      0       0   5023   5023  12735.61  9603.78   3097.18     50
  4488      0      0       0   4488   4488  14426.66 10922.91   3468.51     52
  4894      0      0       0   4894   4894  13001.67  9787.23   3179.17     52
  5078      0      0       0   5078   5078  12583.12  9486.37   3061.47     49
  5016      0      0       0   5016   5016  12743.28  9592.95   3116.06     40
  4871      0      0       0   4871   4871  13223.68  9992.15   3197.22     47
  5132      0      0       0   5132   5132  12576.18  9511.07   3034.56     48
  4888      0      0       0   4888   4888  13169.90  9933.15   3200.38     49
  5186      0      0       0   5186   5186  12320.40  9295.00   2992.05     56
  5000      0      0       0   5000   5000  12899.53  9745.63   3120.32     46
  5056      0      0       0   5056   5056  12684.27  9573.41   3077.58     41
  4976      0      0       0   4976   4976  12847.24  9695.37   3115.60     47
  5286      0      0       0   5286   5286  12174.69  9184.52   2957.57     40
  5078      0      0       0   5078   5078  12680.69  9581.89   3064.28     48
  4417      0      0       0   4417   4417  12903.05  9354.80   3507.61      0
   284      0      0       0    284    284   3752.55   617.68   3100.86      0
     0      0      0       0      0      0       NaN      NaN       NaN      0
     0      0      0       0      0      0       NaN      NaN       NaN      0
     0      0      0       0      0      0       NaN      NaN       NaN      0
================================================================================
ALL STATS (timing measures are in microseconds)
WORKER 0:
Type     |Total    |Ops/sec  |Hits/sec |Miss/Sec |Resp Time|Proc Time|Srvr Time
SET      |    27443|   304.92|   304.92|     0.00| 12987.76|  3203.31|  3168.45
GET      |        0|     0.00|     0.00|     0.00|      NaN|      NaN|      NaN
MULTIGET |        0|     0.00|     0.00|     0.00|      NaN|      NaN|      NaN
INVALID  |        0|     0.00|      ---|      ---|      NaN|      NaN|      ---
Average mutliget length: NaN
================================================================================
WORKER 1:
Type     |Total    |Ops/sec  |Hits/sec |Miss/Sec |Resp Time|Proc Time|Srvr Time
SET      |    27523|   305.81|   305.81|     0.00| 12963.79|  3193.03|  3158.49
GET      |        0|     0.00|     0.00|     0.00|      NaN|      NaN|      NaN
MULTIGET |        0|     0.00|     0.00|     0.00|      NaN|      NaN|      NaN
INVALID  |        0|     0.00|      ---|      ---|      NaN|      NaN|      ---
Average mutliget length: NaN
================================================================================
WORKER 2:
Type     |Total    |Ops/sec  |Hits/sec |Miss/Sec |Resp Time|Proc Time|Srvr Time
SET      |    27544|   306.04|   306.04|     0.00| 12960.80|  3191.93|  3157.49
GET      |        0|     0.00|     0.00|     0.00|      NaN|      NaN|      NaN
MULTIGET |        0|     0.00|     0.00|     0.00|      NaN|      NaN|      NaN
INVALID  |        0|     0.00|      ---|      ---|      NaN|      NaN|      ---
Average mutliget length: NaN
================================================================================
WORKER 3:
Type     |Total    |Ops/sec  |Hits/sec |Miss/Sec |Resp Time|Proc Time|Srvr Time
SET      |    27523|   305.81|   305.81|     0.00| 12968.77|  3194.57|  3159.13
GET      |        0|     0.00|     0.00|     0.00|      NaN|      NaN|      NaN
MULTIGET |        0|     0.00|     0.00|     0.00|      NaN|      NaN|      NaN
INVALID  |        0|     0.00|      ---|      ---|      NaN|      NaN|      ---
Average mutliget length: NaN
================================================================================
WORKER 4:
Type     |Total    |Ops/sec  |Hits/sec |Miss/Sec |Resp Time|Proc Time|Srvr Time
SET      |    27450|   305.00|   305.00|     0.00| 12971.13|  3202.71|  3167.42
GET      |        0|     0.00|     0.00|     0.00|      NaN|      NaN|      NaN
MULTIGET |        0|     0.00|     0.00|     0.00|      NaN|      NaN|      NaN
INVALID  |        0|     0.00|      ---|      ---|      NaN|      NaN|      ---
Average mutliget length: NaN
================================================================================
WORKER 5:
Type     |Total    |Ops/sec  |Hits/sec |Miss/Sec |Resp Time|Proc Time|Srvr Time
SET      |    27515|   305.72|   305.72|     0.00| 12996.48|  3193.29|  3156.86
GET      |        0|     0.00|     0.00|     0.00|      NaN|      NaN|      NaN
MULTIGET |        0|     0.00|     0.00|     0.00|      NaN|      NaN|      NaN
INVALID  |        0|     0.00|      ---|      ---|      NaN|      NaN|      ---
Average mutliget length: NaN
================================================================================
WORKER 6:
Type     |Total    |Ops/sec  |Hits/sec |Miss/Sec |Resp Time|Proc Time|Srvr Time
SET      |    27426|   304.73|   304.73|     0.00| 12949.18|  3203.98|  3169.09
GET      |        0|     0.00|     0.00|     0.00|      NaN|      NaN|      NaN
MULTIGET |        0|     0.00|     0.00|     0.00|      NaN|      NaN|      NaN
INVALID  |        0|     0.00|      ---|      ---|      NaN|      NaN|      ---
Average mutliget length: NaN
================================================================================
WORKER 7:
Type     |Total    |Ops/sec  |Hits/sec |Miss/Sec |Resp Time|Proc Time|Srvr Time
SET      |    27523|   305.81|   305.81|     0.00| 12975.06|  3193.80|  3158.74
GET      |        0|     0.00|     0.00|     0.00|      NaN|      NaN|      NaN
MULTIGET |        0|     0.00|     0.00|     0.00|      NaN|      NaN|      NaN
INVALID  |        0|     0.00|      ---|      ---|      NaN|      NaN|      ---
Average mutliget length: NaN
================================================================================
WORKER 8:
Type     |Total    |Ops/sec  |Hits/sec |Miss/Sec |Resp Time|Proc Time|Srvr Time
SET      |    27476|   305.29|   305.29|     0.00| 12961.65|  3198.27|  3163.35
GET      |        0|     0.00|     0.00|     0.00|      NaN|      NaN|      NaN
MULTIGET |        0|     0.00|     0.00|     0.00|      NaN|      NaN|      NaN
INVALID  |        0|     0.00|      ---|      ---|      NaN|      NaN|      ---
Average mutliget length: NaN
================================================================================
WORKER 9:
Type     |Total    |Ops/sec  |Hits/sec |Miss/Sec |Resp Time|Proc Time|Srvr Time
SET      |    27438|   304.87|   304.87|     0.00| 12963.81|  3206.62|  3170.17
GET      |        0|     0.00|     0.00|     0.00|      NaN|      NaN|      NaN
MULTIGET |        0|     0.00|     0.00|     0.00|      NaN|      NaN|      NaN
INVALID  |        0|     0.00|      ---|      ---|      NaN|      NaN|      ---
Average mutliget length: NaN
================================================================================
WORKER 10:
Type     |Total    |Ops/sec  |Hits/sec |Miss/Sec |Resp Time|Proc Time|Srvr Time
SET      |    27529|   305.88|   305.88|     0.00| 12964.74|  3193.43|  3159.49
GET      |        0|     0.00|     0.00|     0.00|      NaN|      NaN|      NaN
MULTIGET |        0|     0.00|     0.00|     0.00|      NaN|      NaN|      NaN
INVALID  |        0|     0.00|      ---|      ---|      NaN|      NaN|      ---
Average mutliget length: NaN
================================================================================
WORKER 11:
Type     |Total    |Ops/sec  |Hits/sec |Miss/Sec |Resp Time|Proc Time|Srvr Time
SET      |    27497|   305.52|   305.52|     0.00| 12959.75|  3197.73|  3163.77
GET      |        0|     0.00|     0.00|     0.00|      NaN|      NaN|      NaN
MULTIGET |        0|     0.00|     0.00|     0.00|      NaN|      NaN|      NaN
INVALID  |        0|     0.00|      ---|      ---|      NaN|      NaN|      ---
Average mutliget length: NaN
================================================================================
WORKER 12:
Type     |Total    |Ops/sec  |Hits/sec |Miss/Sec |Resp Time|Proc Time|Srvr Time
SET      |    27517|   305.74|   305.74|     0.00| 12960.61|  3194.70|  3158.62
GET      |        0|     0.00|     0.00|     0.00|      NaN|      NaN|      NaN
MULTIGET |        0|     0.00|     0.00|     0.00|      NaN|      NaN|      NaN
INVALID  |        0|     0.00|      ---|      ---|      NaN|      NaN|      ---
Average mutliget length: NaN
================================================================================
WORKER 13:
Type     |Total    |Ops/sec  |Hits/sec |Miss/Sec |Resp Time|Proc Time|Srvr Time
SET      |    27468|   305.20|   305.20|     0.00| 12959.20|  3200.47|  3165.27
GET      |        0|     0.00|     0.00|     0.00|      NaN|      NaN|      NaN
MULTIGET |        0|     0.00|     0.00|     0.00|      NaN|      NaN|      NaN
INVALID  |        0|     0.00|      ---|      ---|      NaN|      NaN|      ---
Average mutliget length: NaN
================================================================================
WORKER 14:
Type     |Total    |Ops/sec  |Hits/sec |Miss/Sec |Resp Time|Proc Time|Srvr Time
SET      |    27479|   305.32|   305.32|     0.00| 12944.67|  3198.47|  3162.31
GET      |        0|     0.00|     0.00|     0.00|      NaN|      NaN|      NaN
MULTIGET |        0|     0.00|     0.00|     0.00|      NaN|      NaN|      NaN
INVALID  |        0|     0.00|      ---|      ---|      NaN|      NaN|      ---
Average mutliget length: NaN
================================================================================
WORKER 15:
Type     |Total    |Ops/sec  |Hits/sec |Miss/Sec |Resp Time|Proc Time|Srvr Time
SET      |    27510|   305.67|   305.67|     0.00| 12972.29|  3195.82|  3159.78
GET      |        0|     0.00|     0.00|     0.00|      NaN|      NaN|      NaN
MULTIGET |        0|     0.00|     0.00|     0.00|      NaN|      NaN|      NaN
INVALID  |        0|     0.00|      ---|      ---|      NaN|      NaN|      ---
Average mutliget length: NaN
================================================================================
================================================================================

AGGREGATE FOR ALL WORKERS:
Type     |Total    |Ops/sec  |Hits/sec |Miss/Sec |Resp Time|Proc Time|Srvr Time
SET      |   439861|  4887.34|  4887.34|     0.00| 12966.23|  3197.63|  3162.40
GET      |        0|     0.00|     0.00|     0.00|      NaN|      NaN|      NaN
MULTIGET |        0|     0.00|     0.00|     0.00|      NaN|      NaN|      NaN
INVALID  |        0|     0.00|      ---|      ---|      NaN|      NaN|      ---
Average mutliget length: NaN


 HISTOGRAM
  Response time (ms)   Percent
                 0.1      0.00%
                 0.2      0.00%
                 0.3      0.00%
                 0.4      0.00%
                 0.5      0.00%
                 0.6      0.00%
                 0.7      0.00%
                 0.8      0.00%
                 0.9      0.00%
                 1.0      0.00%
                 1.1      0.00%
                 1.2      0.00%
                 1.3      0.00%
                 1.4      0.00%
                 1.5      0.00%
                 1.6      0.00%
                 1.7      0.00%
                 1.8      0.00%
                 1.9      0.00%
                 2.0      0.00%
                 2.1      0.00%
                 2.2      0.00%
                 2.3      0.00%
                 2.4      0.00%
                 2.5      0.01%
                 2.6      0.01%
                 2.7      0.02%
                 2.8      0.02%
                 2.9      0.02%
                 3.0      0.03%
                 3.1      0.03%
                 3.2      0.03%
                 3.3      0.04%
                 3.4      0.04%
                 3.5      0.05%
                 3.6      0.05%
                 3.7      0.05%
                 3.8      0.06%
                 3.9      0.06%
                 4.0      0.07%
                 4.1      0.07%
                 4.2      0.07%
                 4.3      0.07%
                 4.4      0.08%
                 4.5      0.08%
                 4.6      0.08%
                 4.7      0.08%
                 4.8      0.08%
                 4.9      0.08%
                 5.0      0.09%
                 5.1      0.09%
                 5.2      0.09%
                 5.3      0.09%
                 5.4      0.10%
                 5.5      0.10%
                 5.6      0.11%
                 5.7      0.11%
                 5.8      0.11%
                 5.9      0.12%
                 6.0      0.12%
                 6.1      0.13%
                 6.2      0.14%
                 6.3      0.15%
                 6.4      0.16%
                 6.5      0.17%
                 6.6      0.18%
                 6.7      0.19%
                 6.8      0.20%
                 6.9      0.21%
                 7.0      0.23%
                 7.1      0.24%
                 7.2      0.26%
                 7.3      0.28%
                 7.4      0.29%
                 7.5      0.31%
                 7.6      0.33%
                 7.7      0.36%
                 7.8      0.38%
                 7.9      0.40%
                 8.0      0.42%
                 8.1      0.44%
                 8.2      0.47%
                 8.3      0.51%
                 8.4      0.55%
                 8.5      0.59%
                 8.6      0.64%
                 8.7      0.70%
                 8.8      0.78%
                 8.9      0.87%
                 9.0      0.97%
                 9.1      1.09%
                 9.2      1.24%
                 9.3      1.41%
                 9.4      1.63%
                 9.5      1.89%
                 9.6      2.22%
                 9.7      2.65%
                 9.8      3.18%
                 9.9      3.86%
                10.0      4.67%
                10.1      5.65%
                10.2      6.81%
                10.3      8.22%
                10.4      9.81%
                10.5     11.71%
                10.6     13.75%
                10.7     16.00%
                10.8     18.36%
                10.9     20.83%
                11.0     23.48%
                11.1     26.15%
                11.2     28.85%
                11.3     31.58%
                11.4     34.20%
                11.5     36.75%
                11.6     39.21%
                11.7     41.60%
                11.8     43.85%
                11.9     45.97%
                12.0     47.96%
                12.1     49.82%
                12.2     51.53%
                12.3     53.15%
                12.4     54.67%
                12.5     56.17%
                12.6     57.58%
                12.7     58.96%
                12.8     60.32%
                12.9     61.63%
                13.0     62.90%
                13.1     64.14%
                13.2     65.35%
                13.3     66.56%
                13.4     67.73%
                13.5     68.90%
                13.6     70.02%
                13.7     71.12%
                13.8     72.18%
                13.9     73.18%
                14.0     74.13%
                14.1     75.02%
                14.2     75.85%
                14.3     76.65%
                14.4     77.40%
                14.5     78.10%
                14.6     78.75%
                14.7     79.35%
                14.8     79.95%
                14.9     80.51%
                15.0     81.04%
                15.1     81.55%
                15.2     82.04%
                15.3     82.51%
                15.4     82.95%
                15.5     83.38%
                15.6     83.79%
                15.7     84.21%
                15.8     84.66%
                15.9     85.10%
                16.0     85.54%
                16.1     86.00%
                16.2     86.47%
                16.3     86.95%
                16.4     87.45%
                16.5     87.94%
                16.6     88.45%
                16.7     88.97%
                16.8     89.51%
                16.9     90.05%
                17.0     90.56%
                17.1     91.09%
                17.2     91.59%
                17.3     92.09%
                17.4     92.56%
                17.5     92.99%
                17.6     93.38%
                17.7     93.76%
                17.8     94.13%
                17.9     94.45%
                18.0     94.76%
                18.1     95.03%
                18.2     95.27%
                18.3     95.51%
                18.4     95.74%
                18.5     95.93%
                18.6     96.10%
                18.7     96.28%
                18.8     96.45%
                18.9     96.58%
                19.0     96.73%
                19.1     96.86%
                19.2     96.99%
                19.3     97.12%
                19.4     97.23%
                19.5     97.34%
                19.6     97.45%
                19.7     97.56%
                19.8     97.65%
                19.9     97.75%
                20.0     97.83%
                20.1     97.91%
                20.2     97.99%
                20.3     98.07%
                20.4     98.14%
                20.5     98.20%
                20.6     98.27%
                20.7     98.32%
                20.8     98.39%
                20.9     98.44%
                21.0     98.49%
                21.1     98.54%
                21.2     98.59%
                21.3     98.64%
                21.4     98.68%
                21.5     98.72%
                21.6     98.75%
                21.7     98.79%
                21.8     98.83%
                21.9     98.86%
                22.0     98.89%
                22.1     98.92%
                22.2     98.95%
                22.3     98.98%
                22.4     99.02%
                22.5     99.05%
                22.6     99.08%
                22.7     99.11%
                22.8     99.15%
                22.9     99.18%
                23.0     99.21%
                23.1     99.24%
                23.2     99.27%
                23.3     99.30%
                23.4     99.33%
                23.5     99.35%
                23.6     99.38%
                23.7     99.40%
                23.8     99.43%
                23.9     99.45%
                24.0     99.47%
                24.1     99.49%
                24.2     99.51%
                24.3     99.52%
                24.4     99.54%
                24.5     99.56%
                24.6     99.58%
                24.7     99.59%
                24.8     99.60%
                24.9     99.62%
                25.0     99.64%
                25.1     99.65%
                25.2     99.66%
                25.3     99.67%
                25.4     99.68%
                25.5     99.70%
                25.6     99.70%
                25.7     99.71%
                25.8     99.72%
                25.9     99.74%
                26.0     99.75%
                26.1     99.75%
                26.2     99.77%
                26.3     99.78%
                26.4     99.79%
                26.5     99.80%
                26.6     99.81%
                26.7     99.81%
                26.8     99.82%
                26.9     99.82%
                27.0     99.83%
                27.1     99.84%
                27.2     99.84%
                27.3     99.84%
                27.4     99.85%
                27.5     99.85%
                27.6     99.86%
                27.7     99.86%
                27.8     99.87%
                27.9     99.87%
                28.0     99.87%
                28.1     99.88%
                28.2     99.88%
                28.3     99.88%
                28.4     99.89%
                28.5     99.89%
                28.6     99.89%
                28.7     99.90%
                28.8     99.90%
                28.9     99.90%
                29.0     99.90%
                29.1     99.91%
                29.2     99.91%
                29.3     99.91%
                29.4     99.92%
                29.5     99.92%
                29.6     99.92%
                29.7     99.93%
                29.8     99.93%
                29.9     99.93%
                30.0     99.93%
                30.1     99.93%
                30.2     99.94%
                30.3     99.94%
                30.4     99.94%
                30.5     99.94%
                30.6     99.94%
                30.7     99.95%
                30.8     99.95%
                30.9     99.95%
                31.0     99.95%
                31.1     99.95%
                31.2     99.95%
                31.3     99.96%
                31.4     99.96%
                31.5     99.96%
                31.6     99.96%
                31.7     99.96%
                31.8     99.96%
                31.9     99.97%
                32.0     99.97%
                32.1     99.97%
                32.2     99.97%
                32.3     99.97%
                32.4     99.97%
                32.5     99.97%
                32.6     99.97%
                32.7     99.97%
                32.8     99.97%
                32.9     99.97%
                33.0     99.98%
                33.1     99.98%
                33.2     99.98%
                33.3     99.98%
                33.4     99.98%
                33.5     99.98%
                33.6     99.98%
                33.7     99.98%
                33.8     99.98%
                33.9     99.98%
                34.0     99.98%
                34.1     99.98%
                34.2     99.98%
                34.3     99.98%
                34.4     99.98%
                34.5     99.98%
                34.6     99.98%
                34.7     99.98%
                34.8     99.98%
                34.9     99.98%
                35.0     99.98%
                35.1     99.98%
                35.2     99.98%
                35.3     99.98%
                35.4     99.98%
                35.5     99.98%
                35.6     99.98%
                35.7     99.98%
                35.8     99.98%
                35.9     99.98%
                36.0     99.98%
                36.1     99.98%
                36.2     99.98%
                36.3     99.98%
                36.4     99.98%
                36.5     99.98%
                36.6     99.98%
                36.7     99.98%
                36.8     99.98%
                36.9     99.98%
                37.0     99.98%
                37.1     99.98%
                37.2     99.98%
                37.3     99.98%
                37.4     99.98%
                37.5     99.98%
                37.6     99.98%
                37.7     99.98%
                37.8     99.98%
                37.9     99.98%
                38.0     99.99%
                38.1     99.99%
                38.2     99.99%
                38.3     99.99%
                38.4     99.99%
                38.5     99.99%
                38.6     99.99%
                38.7     99.99%
                38.8     99.99%
                38.9     99.99%
                39.0     99.99%
                39.1     99.99%
                39.2     99.99%
                39.3     99.99%
                39.4     99.99%
                39.5     99.99%
                39.6     99.99%
                39.7     99.99%
                39.8     99.99%
                39.9     99.99%
                40.0     99.99%
                40.1     99.99%
                40.2     99.99%
                40.3     99.99%
                40.4     99.99%
                40.5     99.99%
                40.6     99.99%
                40.7     99.99%
                40.8     99.99%
                40.9     99.99%
                41.0     99.99%
                41.1     99.99%
                41.2     99.99%
                41.3     99.99%
                41.4     99.99%
                41.5     99.99%
                41.6     99.99%
                41.7     99.99%
                41.8     99.99%
                41.9     99.99%
                42.0     99.99%
                42.1     99.99%
                42.2     99.99%
                42.3     99.99%
                42.4     99.99%
                42.5     99.99%
                42.6     99.99%
                42.7     99.99%
                42.8     99.99%
                42.9     99.99%
                43.0     99.99%
                43.1    100.00%
                43.2    100.00%
                43.3    100.00%
                43.4    100.00%
                43.5    100.00%
                43.6    100.00%
                43.7    100.00%
                43.8    100.00%
                43.9    100.00%
                44.0    100.00%
                44.1    100.00%
                44.2    100.00%
                44.3    100.00%
                44.4    100.00%
                44.5    100.00%
                44.6    100.00%
                44.7    100.00%
                44.8    100.00%
                44.9    100.00%
                45.0    100.00%
                45.1    100.00%
                45.2    100.00%
                45.3    100.00%
                45.4    100.00%
                45.5    100.00%

