[7l----total-cpu-usage---- -net/total- -dsk/total- --epoch---
usr sys idl wai hiq siq| recv  send| read  writ|  epoch   
  2   3  93   2   1   0|   0     0 |  62k   19M|1510860211
  1   2  93   1   2   0|4530k  237k|   0    68k|1510860212
  2   3  93   0   2   0|5076k  265k|   0     0 |1510860213
  2   3  93   0   2   0|5377k  281k|   0     0 |1510860214
  2   3  93   0   2   0|5505k  288k|   0     0 |1510860215
  3   3  94   0   2   0|5375k  281k|   0     0 |1510860216
  2   3  92   1   2   0|5325k  278k|   0    44k|1510860217
  2   3  92   0   3   0|5473k  286k|   0     0 |1510860218
  3   3  93   0   2   0|5663k  296k|   0     0 |1510860219
  2   3  93   0   2   0|5555k  290k|   0     0 |1510860220
  3   3  93   0   2   0|5919k  309k|   0     0 |1510860221
  2   3  92   1   2   0|5886k  308k|   0    12k|1510860222
  3   3  92   0   2   0|5795k  303k|   0     0 |1510860223
  2   3  93   0   2   0|5236k  274k|   0     0 |1510860224
  2   3  93   0   2   0|5597k  292k|   0     0 |1510860225
  3   3  92   0   3   0|5755k  301k|   0     0 |1510860226
  2   3  91   1   2   0|5387k  281k|   0     0 |1510860227
  3   3  84   8   3   0|5558k  292k|   0    12k|1510860228
  2   3  94   0   2   0|5381k  281k|   0     0 |1510860229
  2   2  93   0   2   0|5262k  275k|   0     0 |1510860230
  2   4  93   0   2   0|5610k  293k|   0     0 |1510860231
  3   3  92   0   3   0|5712k  298k|   0  8192B|1510860232
  2   3  91   1   2   0|5889k  308k|   0    12k|1510860233
  2   3  93   0   2   0|5755k  301k|   0     0 |1510860234
  2   3  93   0   2   0|5676k  296k|   0     0 |1510860235
  2   3  93   0   2   0|5417k  283k|   0     0 |1510860236
  2   3  94   0   2   0|5351k  280k|   0     0 |1510860237
  3   3  90   3   2   0|5775k  302k|   0    12k|1510860238
  3   3  93   0   2   0|5188k  271k|   0     0 |1510860239
  2   3  93   0   2   0|5542k  289k|   0     0 |1510860240
  2   2  93   0   2   0|5387k  282k|   0     0 |1510860241
  2   3  93   0   2   0|5650k  295k|   0    20k|1510860242
  2   3  90   3   2   0|5279k  276k|   0    20k|1510860243
  3   3  93   0   2   0|5804k  303k|   0     0 |1510860244
  3   3  93   0   2   0|5377k  281k|   0     0 |1510860245
  2   3  92   0   2   0|5528k  289k|   0     0 |1510860246
  2   3  93   0   2   0|5729k  300k|   0     0 |1510860247
  3   4  91   1   3   0|5673k  296k|   0    12k|1510860248
  3   3  92   0   2   0|5512k  288k|   0     0 |1510860249
  3   3  92   0   2   0|5610k  293k|   0     0 |1510860250
  2   3  93   0   2   0|5522k  289k|   0     0 |1510860251
  2   3  93   0   2   0|5827k  304k|   0     0 |1510860252
  2   3  87   6   2   0|5719k  300k|   0    12k|1510860253
  3   3  94   0   2   0|5331k  279k|   0     0 |1510860254
  2   3  94   0   2   0|5328k  279k|   0     0 |1510860255
  2   3  93   0   2   0|5726k  299k|   0     0 |1510860256
  3   3  93   0   2   0|5735k  300k|   0  8192B|1510860257
  2   2  91   2   2   0|5371k  280k|   0    12k|1510860258
  2   4  92   0   2   0|5719k  299k|   0     0 |1510860259
  2   3  93   0   2   0|5637k  295k|   0     0 |1510860260
  3   3  92   0   3   0|5817k  304k|   0     0 |1510860261
  2   3  93   0   2   0|5082k  266k|   0     0 |1510860262
  2   3  91   2   2   0|5640k  295k|   0    12k|1510860263
  2   3  93   0   2   0|5601k  293k|   0     0 |1510860264
  3   3  93   0   2   0|5262k  275k|   0     0 |1510860265
  2   3  93   0   2   0|5440k  284k|   0     0 |1510860266
  2   3  92   0   2   0|5722k  299k|   0     0 |1510860267
  3   3  92   1   2   0|5584k  291k|   0    12k|1510860268
  2   3  93   0   2   0|5341k  279k|   0     0 |1510860269
  2   3  92   0   2   0|5384k  282k|   0     0 |1510860270
  3   3  93   0   2   0|5259k  275k|   0     0 |1510860271
  2   4  93   0   2   0|5597k  292k|   0     0 |1510860272
  3   3  91   2   2   0|5420k  283k|   0    12k|1510860273
  2   3  93   0   2   0|5384k  281k|   0     0 |1510860274
  3   3  92   0   3   0|5715k  299k|   0     0 |1510860275
  3   4  92   0   2   0|5814k  304k|   0     0 |1510860276
  3   3  93   0   2   0|5568k  291k|   0    20k|1510860277
  3   3  91   2   2   0|5660k  297k|   0    20k|1510860278
  2   3  93   0   2   0|5272k  275k|   0     0 |1510860279
  2   3  93   0   2   0|5378k  281k|   0     0 |1510860280
  2   3  93   0   2   0|5436k  284k|   0     0 |1510860281
  3   3  93   0   2   0|5420k  283k|   0     0 |1510860282
  2   3  91   1   3   0|5755k  301k|   0    12k|1510860283
  2   3  93   0   2   0|5299k  277k|   0     0 |1510860284
  3   3  93   0   2   0|5565k  291k|   0     0 |1510860285
  3   3  93   0   2   0|5548k  290k|   0     0 |1510860286
  2   3  93   0   2   0|5447k  285k|   0     0 |1510860287
  3   3  91   2   2   0|5377k  281k|   0    12k|1510860288
  3   3  93   0   2   0|5538k  290k|   0     0 |1510860289
  2   3  93   0   2   0|5423k  283k|   0     0 |1510860290
  3   3  93   0   2   0|5348k  279k|   0     0 |1510860291
  2   3  93   0   2   0|5669k  296k|   0     0 |1510860292
  2   3  90   2   2   0|5597k  292k|   0    12k|1510860293
  2   3  93   0   2   0|5476k  286k|   0     0 |1510860294
  2   3  93   0   2   0|5397k  282k|   0     0 |1510860295
  2   3  93   0   3   0|5558k  291k|   0     0 |1510860296
  3   3  92   0   2   0|5854k  306k|   0     0 |1510860297
  3   3  91   2   2   0|5926k  310k|   0    12k|1510860298
  2   3  93   0   2   0|5647k  295k|   0     0 |1510860299
  2   3  93   0   2   0|5361k  280k|   0     0 |1510860300
  2   3  94   0   2   0|5273k  275k|   0     0 |1510860301
