Threads: 8, Sharded reads: false, Number of Memcached servers: 3.

All measures in microseconds.
  SETS   GETS  MGETS   INVLD    TOT   HITS     RSP T      Q T     SVR T  Q LEN
 21853      0      0       0  21853  21853   3290.58   622.69   2626.15      4
  2546      0      0       0   2546   2546   3477.14   672.26   2768.64      0
  2565      0      0       0   2565   2565   3534.28   724.92   2769.81      1
  2780      0      0       0   2780   2780   3273.51   613.12   2628.65      4
  2926      0      0       0   2926   2926   3234.67   596.91   2596.75      4
  2789      0      0       0   2789   2789   3300.58   661.03   2607.19      1
  2752      0      0       0   2752   2752   3354.40   643.23   2673.66      2
  2618      0      0       0   2618   2618   3518.70   714.08   2771.92      4
  2699      0      0       0   2699   2699   3397.23   689.35   2676.30      0
  2845      0      0       0   2845   2845   3227.91   606.30   2590.22      0
  2788      0      0       0   2788   2788   3235.10   614.19   2586.86      4
  2530      0      0       0   2530   2530   3549.60   709.86   2802.33      0
  2747      0      0       0   2747   2747   3337.02   657.60   2647.38      0
  2865      0      0       0   2865   2865   3217.85   624.70   2558.46      0
  2866      0      0       0   2866   2866   3191.74   602.53   2556.04      0
  2844      0      0       0   2844   2844   3232.42   604.56   2591.63      1
  2769      0      0       0   2769   2769   3231.40   587.93   2606.57      1
  2779      0      0       0   2779   2779   3293.28   630.12   2630.91      0
  2742      0      0       0   2742   2742   3278.37   619.01   2622.06      1
  2869      0      0       0   2869   2869   3104.99   551.45   2519.89      0
  2872      0      0       0   2872   2872   3147.93   548.14   2563.18      0
  2835      0      0       0   2835   2835   3235.54   622.19   2577.32      0
  2709      0      0       0   2709   2709   3401.62   671.08   2695.76      3
  2633      0      0       0   2633   2633   3433.18   676.37   2719.60      0
  2870      0      0       0   2870   2870   3164.83   569.67   2561.13      0
  2693      0      0       0   2693   2693   3316.33   619.27   2662.44      0
  2635      0      0       0   2635   2635   3437.80   660.47   2738.03      0
  2932      0      0       0   2932   2932   3096.70   558.89   2501.48      4
  2787      0      0       0   2787   2787   3217.44   583.78   2600.93      4
  2808      0      0       0   2808   2808   3224.66   604.81   2586.86      4
  2742      0      0       0   2742   2742   3261.22   604.99   2624.79      4
  2625      0      0       0   2625   2625   3417.63   670.51   2715.80      1
  2712      0      0       0   2712   2712   3309.21   660.29   2616.75      0
  2820      0      0       0   2820   2820   3183.78   584.53   2562.55      0
  2753      0      0       0   2753   2753   3238.17   588.43   2617.15      1
  2771      0      0       0   2771   2771   3234.00   612.40   2581.84      0
  2803      0      0       0   2803   2803   3256.16   618.86   2604.17      4
  2644      0      0       0   2644   2644   3361.96   648.91   2675.09      4
  2632      0      0       0   2632   2632   3553.61   738.44   2779.16      2
  2811      0      0       0   2811   2811   3295.91   650.41   2612.52      4
  2622      0      0       0   2622   2622   3409.48   665.44   2706.61      3
  2561      0      0       0   2561   2561   3543.41   715.07   2793.85      2
  2634      0      0       0   2634   2634   3405.98   659.45   2713.30      0
  2630      0      0       0   2630   2630   3396.35   627.73   2736.77      4
  2818      0      0       0   2818   2818   3270.09   637.42   2599.80      3
  2567      0      0       0   2567   2567   3514.68   720.59   2761.99      1
  2496      0      0       0   2496   2496   3623.78   736.62   2848.83      4
  2826      0      0       0   2826   2826   3249.76   610.45   2604.97      1
  2783      0      0       0   2783   2783   3293.72   642.42   2616.43      4
  2780      0      0       0   2780   2780   3262.79   625.99   2601.61      0
  2853      0      0       0   2853   2853   3183.20   594.13   2553.30      4
  2805      0      0       0   2805   2805   3248.18   618.19   2598.08      1
  2630      0      0       0   2630   2630   3437.92   661.35   2742.77      0
  2898      0      0       0   2898   2898   3081.20   535.22   2512.83      2
  2760      0      0       0   2760   2760   3322.16   641.16   2645.96      4
  2473      0      0       0   2473   2473   3607.68   728.49   2843.61      4
  2459      0      0       0   2459   2459   3663.07   791.01   2837.09      1
  2871      0      0       0   2871   2871   3156.01   587.44   2533.68      4
  2735      0      0       0   2735   2735   3312.22   628.09   2646.09      4
  2773      0      0       0   2773   2773   3304.60   648.68   2618.24      3
  2678      0      0       0   2678   2678   3373.80   636.12   2704.33      0
  2522      0      0       0   2522   2522   3560.99   699.23   2820.11      0
  2717      0      0       0   2717   2717   3335.26   633.15   2668.93      4
  2673      0      0       0   2673   2673   3398.49   689.03   2674.97      0
  2805      0      0       0   2805   2805   3253.10   640.73   2580.64      3
  2888      0      0       0   2888   2888   3158.09   577.15   2543.03      0
  2829      0      0       0   2829   2829   3183.08   583.18   2565.11      4
  2594      0      0       0   2594   2594   3538.29   733.85   2769.46      0
  2793      0      0       0   2793   2793   3295.78   647.97   2609.68      4
  2820      0      0       0   2820   2820   3232.04   617.09   2580.42      1
  2571      0      0       0   2571   2571   3411.91   660.89   2714.75      0
  2658      0      0       0   2658   2658   3410.68   701.87   2673.39      4
  2721      0      0       0   2721   2721   3269.57   593.81   2639.96      4
  2948      0      0       0   2948   2948   3065.54   561.19   2470.54      4
  2810      0      0       0   2810   2810   3233.86   601.40   2600.27      0
  2711      0      0       0   2711   2711   3307.68   659.84   2614.81      0
  2735      0      0       0   2735   2735   3335.40   647.19   2654.88      4
  2769      0      0       0   2769   2769   3318.79   636.67   2649.73      1
  2449      0      0       0   2449   2449   3796.23   877.41   2888.74      0
  2869      0      0       0   2869   2869   3189.80   591.20   2566.10      2
  2789      0      0       0   2789   2789   3268.63   629.85   2602.79      2
  2802      0      0       0   2802   2802   3240.56   599.31   2608.20      0
   829      0      0       0    829    829   3175.88   449.02   2693.43      0
     0      0      0       0      0      0       NaN      NaN       NaN      0
     0      0      0       0      0      0       NaN      NaN       NaN      0
     0      0      0       0      0      0       NaN      NaN       NaN      0
================================================================================
ALL STATS (timing measures are in microseconds)
WORKER 0:
Type     |Total    |Ops/sec  |Hits/sec |Miss/Sec |Resp Time|Proc Time|Srvr Time
SET      |    30504|   338.93|   338.93|     0.00|  3312.78|  2678.45|  2642.82
GET      |        0|     0.00|     0.00|     0.00|      NaN|      NaN|      NaN
MULTIGET |        0|     0.00|     0.00|     0.00|      NaN|      NaN|      NaN
INVALID  |        0|     0.00|      ---|      ---|      NaN|      NaN|      ---
Average mutliget length: NaN
================================================================================
WORKER 1:
Type     |Total    |Ops/sec  |Hits/sec |Miss/Sec |Resp Time|Proc Time|Srvr Time
SET      |    30569|   339.66|   339.66|     0.00|  3306.37|  2676.90|  2641.76
GET      |        0|     0.00|     0.00|     0.00|      NaN|      NaN|      NaN
MULTIGET |        0|     0.00|     0.00|     0.00|      NaN|      NaN|      NaN
INVALID  |        0|     0.00|      ---|      ---|      NaN|      NaN|      ---
Average mutliget length: NaN
================================================================================
WORKER 2:
Type     |Total    |Ops/sec  |Hits/sec |Miss/Sec |Resp Time|Proc Time|Srvr Time
SET      |    30553|   339.48|   339.48|     0.00|  3322.79|  2679.47|  2643.98
GET      |        0|     0.00|     0.00|     0.00|      NaN|      NaN|      NaN
MULTIGET |        0|     0.00|     0.00|     0.00|      NaN|      NaN|      NaN
INVALID  |        0|     0.00|      ---|      ---|      NaN|      NaN|      ---
Average mutliget length: NaN
================================================================================
WORKER 3:
Type     |Total    |Ops/sec  |Hits/sec |Miss/Sec |Resp Time|Proc Time|Srvr Time
SET      |    30520|   339.11|   339.11|     0.00|  3306.92|  2678.29|  2643.56
GET      |        0|     0.00|     0.00|     0.00|      NaN|      NaN|      NaN
MULTIGET |        0|     0.00|     0.00|     0.00|      NaN|      NaN|      NaN
INVALID  |        0|     0.00|      ---|      ---|      NaN|      NaN|      ---
Average mutliget length: NaN
================================================================================
WORKER 4:
Type     |Total    |Ops/sec  |Hits/sec |Miss/Sec |Resp Time|Proc Time|Srvr Time
SET      |    30528|   339.20|   339.20|     0.00|  3322.62|  2679.50|  2644.06
GET      |        0|     0.00|     0.00|     0.00|      NaN|      NaN|      NaN
MULTIGET |        0|     0.00|     0.00|     0.00|      NaN|      NaN|      NaN
INVALID  |        0|     0.00|      ---|      ---|      NaN|      NaN|      ---
Average mutliget length: NaN
================================================================================
WORKER 5:
Type     |Total    |Ops/sec  |Hits/sec |Miss/Sec |Resp Time|Proc Time|Srvr Time
SET      |    30555|   339.50|   339.50|     0.00|  3318.13|  2676.91|  2641.88
GET      |        0|     0.00|     0.00|     0.00|      NaN|      NaN|      NaN
MULTIGET |        0|     0.00|     0.00|     0.00|      NaN|      NaN|      NaN
INVALID  |        0|     0.00|      ---|      ---|      NaN|      NaN|      ---
Average mutliget length: NaN
================================================================================
WORKER 6:
Type     |Total    |Ops/sec  |Hits/sec |Miss/Sec |Resp Time|Proc Time|Srvr Time
SET      |    30486|   338.73|   338.73|     0.00|  3310.45|  2679.74|  2644.56
GET      |        0|     0.00|     0.00|     0.00|      NaN|      NaN|      NaN
MULTIGET |        0|     0.00|     0.00|     0.00|      NaN|      NaN|      NaN
INVALID  |        0|     0.00|      ---|      ---|      NaN|      NaN|      ---
Average mutliget length: NaN
================================================================================
WORKER 7:
Type     |Total    |Ops/sec  |Hits/sec |Miss/Sec |Resp Time|Proc Time|Srvr Time
SET      |    30498|   338.87|   338.87|     0.00|  3321.98|  2679.33|  2643.09
GET      |        0|     0.00|     0.00|     0.00|      NaN|      NaN|      NaN
MULTIGET |        0|     0.00|     0.00|     0.00|      NaN|      NaN|      NaN
INVALID  |        0|     0.00|      ---|      ---|      NaN|      NaN|      ---
Average mutliget length: NaN
================================================================================
================================================================================

AGGREGATE FOR ALL WORKERS:
Type     |Total    |Ops/sec  |Hits/sec |Miss/Sec |Resp Time|Proc Time|Srvr Time
SET      |   244213|  2713.48|  2713.48|     0.00|  3315.25|  2678.57|  2643.21
GET      |        0|     0.00|     0.00|     0.00|      NaN|      NaN|      NaN
MULTIGET |        0|     0.00|     0.00|     0.00|      NaN|      NaN|      NaN
INVALID  |        0|     0.00|      ---|      ---|      NaN|      NaN|      ---
Average mutliget length: NaN


 HISTOGRAM
  Response time (ms)   Percent
                 0.1      0.00%
                 0.2      0.00%
                 0.3      0.00%
                 0.4      0.00%
                 0.5      0.00%
                 0.6      0.00%
                 0.7      0.00%
                 0.8      0.00%
                 0.9      0.00%
                 1.0      0.00%
                 1.1      0.00%
                 1.2      0.00%
                 1.3      0.00%
                 1.4      0.00%
                 1.5      0.00%
                 1.6      0.00%
                 1.7      0.00%
                 1.8      0.00%
                 1.9      0.00%
                 2.0      0.15%
                 2.1      1.07%
                 2.2      3.70%
                 2.3      8.45%
                 2.4     14.61%
                 2.5     21.06%
                 2.6     27.19%
                 2.7     33.04%
                 2.8     38.52%
                 2.9     43.65%
                 3.0     48.50%
                 3.1     53.06%
                 3.2     57.31%
                 3.3     61.25%
                 3.4     65.11%
                 3.5     68.75%
                 3.6     72.08%
                 3.7     75.29%
                 3.8     78.19%
                 3.9     80.71%
                 4.0     82.89%
                 4.1     84.72%
                 4.2     86.33%
                 4.3     87.70%
                 4.4     88.94%
                 4.5     89.98%
                 4.6     90.88%
                 4.7     91.67%
                 4.8     92.37%
                 4.9     92.96%
                 5.0     93.53%
                 5.1     94.01%
                 5.2     94.41%
                 5.3     94.78%
                 5.4     95.11%
                 5.5     95.41%
                 5.6     95.69%
                 5.7     96.01%
                 5.8     96.26%
                 5.9     96.48%
                 6.0     96.70%
                 6.1     96.89%
                 6.2     97.10%
                 6.3     97.28%
                 6.4     97.43%
                 6.5     97.58%
                 6.6     97.72%
                 6.7     97.86%
                 6.8     97.97%
                 6.9     98.09%
                 7.0     98.20%
                 7.1     98.31%
                 7.2     98.40%
                 7.3     98.49%
                 7.4     98.57%
                 7.5     98.66%
                 7.6     98.73%
                 7.7     98.79%
                 7.8     98.84%
                 7.9     98.90%
                 8.0     98.96%
                 8.1     99.02%
                 8.2     99.07%
                 8.3     99.11%
                 8.4     99.15%
                 8.5     99.19%
                 8.6     99.24%
                 8.7     99.28%
                 8.8     99.31%
                 8.9     99.35%
                 9.0     99.39%
                 9.1     99.43%
                 9.2     99.47%
                 9.3     99.50%
                 9.4     99.54%
                 9.5     99.56%
                 9.6     99.59%
                 9.7     99.62%
                 9.8     99.64%
                 9.9     99.66%
                10.0     99.68%
                10.1     99.70%
                10.2     99.72%
                10.3     99.74%
                10.4     99.75%
                10.5     99.76%
                10.6     99.77%
                10.7     99.78%
                10.8     99.79%
                10.9     99.81%
                11.0     99.82%
                11.1     99.83%
                11.2     99.85%
                11.3     99.86%
                11.4     99.86%
                11.5     99.87%
                11.6     99.88%
                11.7     99.89%
                11.8     99.90%
                11.9     99.90%
                12.0     99.91%
                12.1     99.92%
                12.2     99.92%
                12.3     99.92%
                12.4     99.93%
                12.5     99.93%
                12.6     99.94%
                12.7     99.94%
                12.8     99.94%
                12.9     99.95%
                13.0     99.95%
                13.1     99.95%
                13.2     99.95%
                13.3     99.95%
                13.4     99.96%
                13.5     99.96%
                13.6     99.96%
                13.7     99.96%
                13.8     99.96%
                13.9     99.96%
                14.0     99.96%
                14.1     99.96%
                14.2     99.96%
                14.3     99.97%
                14.4     99.97%
                14.5     99.97%
                14.6     99.97%
                14.7     99.97%
                14.8     99.97%
                14.9     99.97%
                15.0     99.97%
                15.1     99.97%
                15.2     99.97%
                15.3     99.97%
                15.4     99.97%
                15.5     99.97%
                15.6     99.97%
                15.7     99.98%
                15.8     99.98%
                15.9     99.98%
                16.0     99.98%
                16.1     99.98%
                16.2     99.98%
                16.3     99.98%
                16.4     99.98%
                16.5     99.98%
                16.6     99.98%
                16.7     99.98%
                16.8     99.98%
                16.9     99.98%
                17.0     99.98%
                17.1     99.98%
                17.2     99.98%
                17.3     99.98%
                17.4     99.98%
                17.5     99.98%
                17.6     99.98%
                17.7     99.98%
                17.8     99.98%
                17.9     99.98%
                18.0     99.98%
                18.1     99.98%
                18.2     99.98%
                18.3     99.98%
                18.4     99.98%
                18.5     99.98%
                18.6     99.98%
                18.7     99.99%
                18.8     99.99%
                18.9     99.99%
                19.0     99.99%
                19.1     99.99%
                19.2     99.99%
                19.3     99.99%
                19.4     99.99%
                19.5     99.99%
                19.6     99.99%
                19.7     99.99%
                19.8     99.99%
                19.9     99.99%
                20.0     99.99%
                20.1     99.99%
                20.2     99.99%
                20.3     99.99%
                20.4     99.99%
                20.5     99.99%
                20.6     99.99%
                20.7     99.99%
                20.8     99.99%
                20.9     99.99%
                21.0     99.99%
                21.1     99.99%
                21.2     99.99%
                21.3     99.99%
                21.4     99.99%
                21.5     99.99%
                21.6     99.99%
                21.7     99.99%
                21.8     99.99%
                21.9     99.99%
                22.0     99.99%
                22.1     99.99%
                22.2     99.99%
                22.3     99.99%
                22.4     99.99%
                22.5     99.99%
                22.6     99.99%
                22.7     99.99%
                22.8     99.99%
                22.9     99.99%
                23.0     99.99%
                23.1     99.99%
                23.2     99.99%
                23.3     99.99%
                23.4     99.99%
                23.5     99.99%
                23.6     99.99%
                23.7     99.99%
                23.8     99.99%
                23.9     99.99%
                24.0     99.99%
                24.1     99.99%
                24.2     99.99%
                24.3     99.99%
                24.4     99.99%
                24.5     99.99%
                24.6     99.99%
                24.7     99.99%
                24.8     99.99%
                24.9     99.99%
                25.0     99.99%
                25.1     99.99%
                25.2     99.99%
                25.3     99.99%
                25.4     99.99%
                25.5     99.99%
                25.6     99.99%
                25.7     99.99%
                25.8     99.99%
                25.9     99.99%
                26.0     99.99%
                26.1     99.99%
                26.2     99.99%
                26.3     99.99%
                26.4     99.99%
                26.5     99.99%
                26.6     99.99%
                26.7     99.99%
                26.8     99.99%
                26.9     99.99%
                27.0     99.99%
                27.1     99.99%
                27.2     99.99%
                27.3     99.99%
                27.4     99.99%
                27.5     99.99%
                27.6     99.99%
                27.7     99.99%
                27.8     99.99%
                27.9     99.99%
                28.0     99.99%
                28.1     99.99%
                28.2     99.99%
                28.3     99.99%
                28.4     99.99%
                28.5     99.99%
                28.6     99.99%
                28.7     99.99%
                28.8     99.99%
                28.9     99.99%
                29.0     99.99%
                29.1     99.99%
                29.2     99.99%
                29.3     99.99%
                29.4     99.99%
                29.5     99.99%
                29.6     99.99%
                29.7     99.99%
                29.8     99.99%
                29.9     99.99%
                30.0     99.99%
                30.1     99.99%
                30.2     99.99%
                30.3     99.99%
                30.4     99.99%
                30.5     99.99%
                30.6     99.99%
                30.7     99.99%
                30.8     99.99%
                30.9     99.99%
                31.0     99.99%
                31.1     99.99%
                31.2     99.99%
                31.3     99.99%
                31.4     99.99%
                31.5     99.99%
                31.6     99.99%
                31.7     99.99%
                31.8     99.99%
                31.9     99.99%
                32.0     99.99%
                32.1     99.99%
                32.2     99.99%
                32.3     99.99%
                32.4     99.99%
                32.5     99.99%
                32.6     99.99%
                32.7     99.99%
                32.8     99.99%
                32.9     99.99%
                33.0     99.99%
                33.1     99.99%
                33.2     99.99%
                33.3     99.99%
                33.4     99.99%
                33.5     99.99%
                33.6     99.99%
                33.7     99.99%
                33.8     99.99%
                33.9     99.99%
                34.0     99.99%
                34.1     99.99%
                34.2     99.99%
                34.3     99.99%
                34.4     99.99%
                34.5     99.99%
                34.6     99.99%
                34.7     99.99%
                34.8     99.99%
                34.9     99.99%
                35.0     99.99%
                35.1     99.99%
                35.2     99.99%
                35.3     99.99%
                35.4     99.99%
                35.5     99.99%
                35.6     99.99%
                35.7     99.99%
                35.8     99.99%
                35.9     99.99%
                36.0     99.99%
                36.1     99.99%
                36.2     99.99%
                36.3     99.99%
                36.4     99.99%
                36.5     99.99%
                36.6     99.99%
                36.7     99.99%
                36.8     99.99%
                36.9     99.99%
                37.0     99.99%
                37.1     99.99%
                37.2     99.99%
                37.3     99.99%
                37.4     99.99%
                37.5     99.99%
                37.6     99.99%
                37.7     99.99%
                37.8     99.99%
                37.9     99.99%
                38.0     99.99%
                38.1     99.99%
                38.2     99.99%
                38.3     99.99%
                38.4     99.99%
                38.5     99.99%
                38.6     99.99%
                38.7     99.99%
                38.8     99.99%
                38.9     99.99%
                39.0     99.99%
                39.1     99.99%
                39.2     99.99%
                39.3     99.99%
                39.4     99.99%
                39.5     99.99%
                39.6     99.99%
                39.7     99.99%
                39.8     99.99%
                39.9     99.99%
                40.0     99.99%
                40.1     99.99%
                40.2     99.99%
                40.3     99.99%
                40.4     99.99%
                40.5     99.99%
                40.6     99.99%
                40.7     99.99%
                40.8     99.99%
                40.9     99.99%
                41.0     99.99%
                41.1     99.99%
                41.2     99.99%
                41.3     99.99%
                41.4     99.99%
                41.5     99.99%
                41.6     99.99%
                41.7     99.99%
                41.8     99.99%
                41.9     99.99%
                42.0     99.99%
                42.1     99.99%
                42.2     99.99%
                42.3     99.99%
                42.4     99.99%
                42.5     99.99%
                42.6    100.00%
                42.7    100.00%
                42.8    100.00%
                42.9    100.00%
                43.0    100.00%
                43.1    100.00%
                43.2    100.00%
                43.3    100.00%
                43.4    100.00%
                43.5    100.00%
                43.6    100.00%
                43.7    100.00%
                43.8    100.00%
                43.9    100.00%
                44.0    100.00%
                44.1    100.00%
                44.2    100.00%
                44.3    100.00%
                44.4    100.00%
                44.5    100.00%
                44.6    100.00%
                44.7    100.00%
                44.8    100.00%
                44.9    100.00%
                45.0    100.00%
                45.1    100.00%
                45.2    100.00%
                45.3    100.00%
                45.4    100.00%
                45.5    100.00%
                45.6    100.00%
                45.7    100.00%
                45.8    100.00%
                45.9    100.00%

