Threads: 32, Sharded reads: true, Number of Memcached servers: 3.

All measures in microseconds.
  SETS   GETS  MGETS   INVLD    TOT   HITS     RSP T      Q T     SVR T  Q LEN
     0      0  14247       0  14247  42741   2212.81   106.52   2054.95      0
     0      0   1808       0   1808   5424   2178.22    49.21   2087.70      0
     0      0   1787       0   1787   5361   2231.50    58.91   2131.18      0
     0      0   1805       0   1805   5415   2205.73    53.63   2115.42      0
     0      0   1923       0   1923   5769   2017.31    65.33   1914.00      0
     0      0   1880       0   1880   5640   2062.97    49.34   1976.24      0
     0      0   1886       0   1886   5658   2045.57    45.08   1966.51      0
     0      0   1887       0   1887   5661   2057.06    44.84   1974.07      0
     0      0   1918       0   1918   5754   2047.09    64.96   1943.24      0
     0      0   1855       0   1855   5565   2044.92    58.28   1950.69      0
     0      0   1943       0   1943   5829   1959.93    43.31   1878.85      0
     0      0   1942       0   1942   5826   1980.93    40.73   1902.78      1
     0      0   1929       0   1929   5787   2003.30    58.72   1899.43      2
     0      0   1859       0   1859   5577   2026.22    52.44   1932.83      0
     0      0   1864       0   1864   5592   2034.47    60.93   1934.59      0
     0      0   1968       0   1968   5904   1939.93    52.00   1849.60      0
     0      0   1946       0   1946   5838   1957.60    51.58   1867.53      0
     0      0   1940       0   1940   5820   2005.85    45.76   1920.37      0
     0      0   1922       0   1922   5766   2025.45    50.56   1934.60      0
     0      0   1923       0   1923   5769   2027.31    45.90   1940.94      0
     0      0   1939       0   1939   5817   2016.93    48.33   1929.73      0
     0      0   1900       0   1900   5700   2049.00    45.65   1962.76      0
     0      0   1938       0   1938   5814   2013.02    46.69   1926.42      0
     0      0   1904       0   1904   5712   2035.97    47.97   1947.58      0
     0      0   1985       0   1985   5955   1965.79    47.31   1877.54      0
     0      0   1948       0   1948   5844   2051.96    74.71   1938.12      0
     0      0   2001       0   2001   6003   1975.70    46.60   1889.20      0
     0      0   1978       0   1978   5934   1935.25    72.89   1823.91      0
     0      0   2171       0   2171   6513   2072.68    67.29   1959.92      0
     0      0   1854       0   1854   5562   2088.84    57.72   1991.69      0
     0      0   1905       0   1905   5715   2060.63    49.76   1971.04      0
     0      0   1894       0   1894   5682   2016.34    60.29   1917.32      0
     0      0   1941       0   1941   5823   1973.77    47.07   1887.20      0
     0      0   1897       0   1897   5691   2029.42    51.18   1940.24      0
     0      0   1918       0   1918   5754   2020.87    45.44   1936.13      0
     0      0   1924       0   1924   5772   1997.70    48.36   1909.38      0
     0      0   1988       0   1988   5964   1948.63    42.47   1866.68      0
     0      0   1900       0   1900   5700   2067.82    42.37   1985.72      0
     0      0   1944       0   1944   5832   2014.88    50.51   1924.66      0
     0      0   1964       0   1964   5892   1939.71    44.43   1858.72      0
     0      0   1900       0   1900   5700   2014.67    55.32   1921.06      0
     0      0   1961       0   1961   5883   1987.79    44.88   1903.58      0
     0      0   1903       0   1903   5709   1967.86    47.11   1883.87      2
     0      0   1956       0   1956   5868   1990.57    63.22   1887.42      0
     0      0   1944       0   1944   5832   1971.53    46.04   1888.78      0
     0      0   1925       0   1925   5775   2004.73    50.07   1917.00      1
     0      0   1935       0   1935   5805   1986.18    78.96   1868.80      0
     0      0   1948       0   1948   5844   2056.51    44.39   1970.87      0
     0      0   1907       0   1907   5721   2057.44    56.58   1960.58      0
     0      0   1821       0   1821   5463   2134.76    48.58   2046.85      0
     0      0   1926       0   1926   5778   1933.58    48.02   1846.55      0
     0      0   1904       0   1904   5712   1985.34    44.30   1901.10      0
     0      0   1973       0   1973   5919   1935.70    45.78   1849.63      0
     0      0   1983       0   1983   5949   1929.45    43.14   1847.80      0
     0      0   1948       0   1948   5844   2008.17    52.03   1912.76      0
     0      0   1897       0   1897   5691   2083.17    51.40   1985.70      0
     0      0   1958       0   1958   5874   1991.54    48.59   1902.34      0
     0      0   1901       0   1901   5703   1974.73    52.76   1883.06      0
     0      0   1901       0   1901   5703   2077.17    52.66   1984.65      0
     0      0   1804       0   1804   5412   2133.10    61.57   2031.45      0
     0      0   1851       0   1851   5553   2125.63    55.05   2031.12      0
     0      0   1739       0   1739   5217   2256.18    56.88   2158.29      0
     0      0   1721       0   1721   5163   2220.84    66.68   2109.01      0
     0      0   1808       0   1808   5424   2168.34    69.89   2056.83      0
     0      0   1868       0   1868   5604   2093.97    41.74   2013.03      0
     0      0   1809       0   1809   5427   2167.96    41.49   2090.81      0
     0      0   1694       0   1694   5082   2238.01    52.12   2147.74      0
     0      0   1890       0   1890   5670   2020.55    47.14   1931.70      0
     0      0   1941       0   1941   5823   1955.56    39.11   1876.33      0
     0      0   2032       0   2032   6096   1908.22    41.48   1825.07      0
     0      0   1882       0   1882   5646   2087.52    49.15   1995.86      0
     0      0   1961       0   1961   5883   2008.30    48.30   1922.31      0
     0      0   1956       0   1956   5868   1987.37    47.59   1898.76      1
     0      0   1848       0   1848   5544   2075.12    54.22   1979.80      0
     0      0   1868       0   1868   5604   2089.55    50.47   2000.31      0
     0      0   1847       0   1847   5541   2137.66    57.02   2040.25      0
     0      0   1857       0   1857   5571   2123.19    49.08   2035.75      0
     0      0   1842       0   1842   5526   2141.12    38.44   2064.64      0
     0      0   1873       0   1873   5619   2068.98    56.76   1970.56      0
     0      0   1866       0   1866   5598   2112.90    47.10   2026.08      0
     0      0   1787       0   1787   5361   2216.82    43.67   2129.24      0
     0      0   1764       0   1764   5292   2214.37    50.04   2115.85      0
     0      0    204       0    204    612   2139.54    30.15   2069.03      0
     0      0      0       0      0      0       NaN      NaN       NaN      0
     0      0      0       0      0      0       NaN      NaN       NaN      0
     0      0      0       0      0      0       NaN      NaN       NaN      0
     0      0      0       0      0      0       NaN      NaN       NaN      0
     0      0      0       0      0      0       NaN      NaN       NaN      0
================================================================================
ALL STATS (timing measures are in microseconds)
WORKER 0:
Type     |Total    |Ops/sec  |Hits/sec |Miss/Sec |Resp Time|Proc Time|Srvr Time
SET      |        0|     0.00|     0.00|     0.00|      NaN|      NaN|      NaN
GET      |        0|     0.00|     0.00|     0.00|      NaN|      NaN|      NaN
MULTIGET |     5268|    57.89|   173.67|     0.00|  2084.74|  2017.92|  1976.73
INVALID  |        0|     0.00|      ---|      ---|      NaN|      NaN|      ---
Average mutliget length: 3.00
================================================================================
WORKER 1:
Type     |Total    |Ops/sec  |Hits/sec |Miss/Sec |Resp Time|Proc Time|Srvr Time
SET      |        0|     0.00|     0.00|     0.00|      NaN|      NaN|      NaN
GET      |        0|     0.00|     0.00|     0.00|      NaN|      NaN|      NaN
MULTIGET |     5289|    58.12|   174.36|     0.00|  2050.34|  1994.86|  1953.25
INVALID  |        0|     0.00|      ---|      ---|      NaN|      NaN|      ---
Average mutliget length: 3.00
================================================================================
WORKER 2:
Type     |Total    |Ops/sec  |Hits/sec |Miss/Sec |Resp Time|Proc Time|Srvr Time
SET      |        0|     0.00|     0.00|     0.00|      NaN|      NaN|      NaN
GET      |        0|     0.00|     0.00|     0.00|      NaN|      NaN|      NaN
MULTIGET |     5263|    57.84|   173.51|     0.00|  2059.99|  2003.80|  1963.24
INVALID  |        0|     0.00|      ---|      ---|      NaN|      NaN|      ---
Average mutliget length: 3.00
================================================================================
WORKER 3:
Type     |Total    |Ops/sec  |Hits/sec |Miss/Sec |Resp Time|Proc Time|Srvr Time
SET      |        0|     0.00|     0.00|     0.00|      NaN|      NaN|      NaN
GET      |        0|     0.00|     0.00|     0.00|      NaN|      NaN|      NaN
MULTIGET |     5259|    57.79|   173.37|     0.00|  2057.26|  2000.63|  1957.96
INVALID  |        0|     0.00|      ---|      ---|      NaN|      NaN|      ---
Average mutliget length: 3.00
================================================================================
WORKER 4:
Type     |Total    |Ops/sec  |Hits/sec |Miss/Sec |Resp Time|Proc Time|Srvr Time
SET      |        0|     0.00|     0.00|     0.00|      NaN|      NaN|      NaN
GET      |        0|     0.00|     0.00|     0.00|      NaN|      NaN|      NaN
MULTIGET |     5281|    58.03|   174.10|     0.00|  2073.95|  2021.43|  1980.10
INVALID  |        0|     0.00|      ---|      ---|      NaN|      NaN|      ---
Average mutliget length: 3.00
================================================================================
WORKER 5:
Type     |Total    |Ops/sec  |Hits/sec |Miss/Sec |Resp Time|Proc Time|Srvr Time
SET      |        0|     0.00|     0.00|     0.00|      NaN|      NaN|      NaN
GET      |        0|     0.00|     0.00|     0.00|      NaN|      NaN|      NaN
MULTIGET |     5280|    58.02|   174.07|     0.00|  2061.26|  2006.97|  1966.38
INVALID  |        0|     0.00|      ---|      ---|      NaN|      NaN|      ---
Average mutliget length: 3.00
================================================================================
WORKER 6:
Type     |Total    |Ops/sec  |Hits/sec |Miss/Sec |Resp Time|Proc Time|Srvr Time
SET      |        0|     0.00|     0.00|     0.00|      NaN|      NaN|      NaN
GET      |        0|     0.00|     0.00|     0.00|      NaN|      NaN|      NaN
MULTIGET |     5188|    57.01|   171.03|     0.00|  2066.40|  2010.73|  1971.12
INVALID  |        0|     0.00|      ---|      ---|      NaN|      NaN|      ---
Average mutliget length: 3.00
================================================================================
WORKER 7:
Type     |Total    |Ops/sec  |Hits/sec |Miss/Sec |Resp Time|Proc Time|Srvr Time
SET      |        0|     0.00|     0.00|     0.00|      NaN|      NaN|      NaN
GET      |        0|     0.00|     0.00|     0.00|      NaN|      NaN|      NaN
MULTIGET |     5252|    57.71|   173.14|     0.00|  2046.32|  1995.70|  1953.10
INVALID  |        0|     0.00|      ---|      ---|      NaN|      NaN|      ---
Average mutliget length: 3.00
================================================================================
WORKER 8:
Type     |Total    |Ops/sec  |Hits/sec |Miss/Sec |Resp Time|Proc Time|Srvr Time
SET      |        0|     0.00|     0.00|     0.00|      NaN|      NaN|      NaN
GET      |        0|     0.00|     0.00|     0.00|      NaN|      NaN|      NaN
MULTIGET |     5235|    57.53|   172.58|     0.00|  2064.23|  2006.59|  1966.67
INVALID  |        0|     0.00|      ---|      ---|      NaN|      NaN|      ---
Average mutliget length: 3.00
================================================================================
WORKER 9:
Type     |Total    |Ops/sec  |Hits/sec |Miss/Sec |Resp Time|Proc Time|Srvr Time
SET      |        0|     0.00|     0.00|     0.00|      NaN|      NaN|      NaN
GET      |        0|     0.00|     0.00|     0.00|      NaN|      NaN|      NaN
MULTIGET |     5264|    57.85|   173.54|     0.00|  2064.33|  2005.42|  1962.42
INVALID  |        0|     0.00|      ---|      ---|      NaN|      NaN|      ---
Average mutliget length: 3.00
================================================================================
WORKER 10:
Type     |Total    |Ops/sec  |Hits/sec |Miss/Sec |Resp Time|Proc Time|Srvr Time
SET      |        0|     0.00|     0.00|     0.00|      NaN|      NaN|      NaN
GET      |        0|     0.00|     0.00|     0.00|      NaN|      NaN|      NaN
MULTIGET |     5314|    58.40|   175.19|     0.00|  2039.05|  1984.45|  1945.06
INVALID  |        0|     0.00|      ---|      ---|      NaN|      NaN|      ---
Average mutliget length: 3.00
================================================================================
WORKER 11:
Type     |Total    |Ops/sec  |Hits/sec |Miss/Sec |Resp Time|Proc Time|Srvr Time
SET      |        0|     0.00|     0.00|     0.00|      NaN|      NaN|      NaN
GET      |        0|     0.00|     0.00|     0.00|      NaN|      NaN|      NaN
MULTIGET |     5215|    57.31|   171.92|     0.00|  2063.18|  2006.39|  1966.42
INVALID  |        0|     0.00|      ---|      ---|      NaN|      NaN|      ---
Average mutliget length: 3.00
================================================================================
WORKER 12:
Type     |Total    |Ops/sec  |Hits/sec |Miss/Sec |Resp Time|Proc Time|Srvr Time
SET      |        0|     0.00|     0.00|     0.00|      NaN|      NaN|      NaN
GET      |        0|     0.00|     0.00|     0.00|      NaN|      NaN|      NaN
MULTIGET |     5283|    58.05|   174.16|     0.00|  2050.07|  1996.23|  1957.25
INVALID  |        0|     0.00|      ---|      ---|      NaN|      NaN|      ---
Average mutliget length: 3.00
================================================================================
WORKER 13:
Type     |Total    |Ops/sec  |Hits/sec |Miss/Sec |Resp Time|Proc Time|Srvr Time
SET      |        0|     0.00|     0.00|     0.00|      NaN|      NaN|      NaN
GET      |        0|     0.00|     0.00|     0.00|      NaN|      NaN|      NaN
MULTIGET |     5222|    57.38|   172.15|     0.00|  2064.66|  2009.61|  1969.86
INVALID  |        0|     0.00|      ---|      ---|      NaN|      NaN|      ---
Average mutliget length: 3.00
================================================================================
WORKER 14:
Type     |Total    |Ops/sec  |Hits/sec |Miss/Sec |Resp Time|Proc Time|Srvr Time
SET      |        0|     0.00|     0.00|     0.00|      NaN|      NaN|      NaN
GET      |        0|     0.00|     0.00|     0.00|      NaN|      NaN|      NaN
MULTIGET |     5238|    57.56|   172.68|     0.00|  2062.04|  2004.83|  1966.37
INVALID  |        0|     0.00|      ---|      ---|      NaN|      NaN|      ---
Average mutliget length: 3.00
================================================================================
WORKER 15:
Type     |Total    |Ops/sec  |Hits/sec |Miss/Sec |Resp Time|Proc Time|Srvr Time
SET      |        0|     0.00|     0.00|     0.00|      NaN|      NaN|      NaN
GET      |        0|     0.00|     0.00|     0.00|      NaN|      NaN|      NaN
MULTIGET |     5253|    57.73|   173.18|     0.00|  2048.26|  1993.64|  1951.78
INVALID  |        0|     0.00|      ---|      ---|      NaN|      NaN|      ---
Average mutliget length: 3.00
================================================================================
WORKER 16:
Type     |Total    |Ops/sec  |Hits/sec |Miss/Sec |Resp Time|Proc Time|Srvr Time
SET      |        0|     0.00|     0.00|     0.00|      NaN|      NaN|      NaN
GET      |        0|     0.00|     0.00|     0.00|      NaN|      NaN|      NaN
MULTIGET |     5299|    58.23|   174.69|     0.00|  2069.49|  2014.67|  1974.39
INVALID  |        0|     0.00|      ---|      ---|      NaN|      NaN|      ---
Average mutliget length: 3.00
================================================================================
WORKER 17:
Type     |Total    |Ops/sec  |Hits/sec |Miss/Sec |Resp Time|Proc Time|Srvr Time
SET      |        0|     0.00|     0.00|     0.00|      NaN|      NaN|      NaN
GET      |        0|     0.00|     0.00|     0.00|      NaN|      NaN|      NaN
MULTIGET |     5228|    57.45|   172.35|     0.00|  2054.51|  2003.33|  1961.37
INVALID  |        0|     0.00|      ---|      ---|      NaN|      NaN|      ---
Average mutliget length: 3.00
================================================================================
WORKER 18:
Type     |Total    |Ops/sec  |Hits/sec |Miss/Sec |Resp Time|Proc Time|Srvr Time
SET      |        0|     0.00|     0.00|     0.00|      NaN|      NaN|      NaN
GET      |        0|     0.00|     0.00|     0.00|      NaN|      NaN|      NaN
MULTIGET |     5244|    57.63|   172.88|     0.00|  2053.32|  1995.83|  1954.28
INVALID  |        0|     0.00|      ---|      ---|      NaN|      NaN|      ---
Average mutliget length: 3.00
================================================================================
WORKER 19:
Type     |Total    |Ops/sec  |Hits/sec |Miss/Sec |Resp Time|Proc Time|Srvr Time
SET      |        0|     0.00|     0.00|     0.00|      NaN|      NaN|      NaN
GET      |        0|     0.00|     0.00|     0.00|      NaN|      NaN|      NaN
MULTIGET |     5280|    58.02|   174.07|     0.00|  2051.30|  1993.07|  1954.65
INVALID  |        0|     0.00|      ---|      ---|      NaN|      NaN|      ---
Average mutliget length: 3.00
================================================================================
WORKER 20:
Type     |Total    |Ops/sec  |Hits/sec |Miss/Sec |Resp Time|Proc Time|Srvr Time
SET      |        0|     0.00|     0.00|     0.00|      NaN|      NaN|      NaN
GET      |        0|     0.00|     0.00|     0.00|      NaN|      NaN|      NaN
MULTIGET |     5300|    58.24|   174.73|     0.00|  2052.85|  1994.06|  1952.77
INVALID  |        0|     0.00|      ---|      ---|      NaN|      NaN|      ---
Average mutliget length: 3.00
================================================================================
WORKER 21:
Type     |Total    |Ops/sec  |Hits/sec |Miss/Sec |Resp Time|Proc Time|Srvr Time
SET      |        0|     0.00|     0.00|     0.00|      NaN|      NaN|      NaN
GET      |        0|     0.00|     0.00|     0.00|      NaN|      NaN|      NaN
MULTIGET |     5268|    57.89|   173.67|     0.00|  2070.23|  2016.20|  1966.12
INVALID  |        0|     0.00|      ---|      ---|      NaN|      NaN|      ---
Average mutliget length: 3.00
================================================================================
WORKER 22:
Type     |Total    |Ops/sec  |Hits/sec |Miss/Sec |Resp Time|Proc Time|Srvr Time
SET      |        0|     0.00|     0.00|     0.00|      NaN|      NaN|      NaN
GET      |        0|     0.00|     0.00|     0.00|      NaN|      NaN|      NaN
MULTIGET |     5209|    57.24|   171.73|     0.00|  2055.04|  1996.63|  1957.46
INVALID  |        0|     0.00|      ---|      ---|      NaN|      NaN|      ---
Average mutliget length: 3.00
================================================================================
WORKER 23:
Type     |Total    |Ops/sec  |Hits/sec |Miss/Sec |Resp Time|Proc Time|Srvr Time
SET      |        0|     0.00|     0.00|     0.00|      NaN|      NaN|      NaN
GET      |        0|     0.00|     0.00|     0.00|      NaN|      NaN|      NaN
MULTIGET |     5287|    58.10|   174.30|     0.00|  2063.37|  2004.96|  1965.10
INVALID  |        0|     0.00|      ---|      ---|      NaN|      NaN|      ---
Average mutliget length: 3.00
================================================================================
WORKER 24:
Type     |Total    |Ops/sec  |Hits/sec |Miss/Sec |Resp Time|Proc Time|Srvr Time
SET      |        0|     0.00|     0.00|     0.00|      NaN|      NaN|      NaN
GET      |        0|     0.00|     0.00|     0.00|      NaN|      NaN|      NaN
MULTIGET |     5322|    58.48|   175.45|     0.00|  2046.35|  1993.89|  1953.70
INVALID  |        0|     0.00|      ---|      ---|      NaN|      NaN|      ---
Average mutliget length: 3.00
================================================================================
WORKER 25:
Type     |Total    |Ops/sec  |Hits/sec |Miss/Sec |Resp Time|Proc Time|Srvr Time
SET      |        0|     0.00|     0.00|     0.00|      NaN|      NaN|      NaN
GET      |        0|     0.00|     0.00|     0.00|      NaN|      NaN|      NaN
MULTIGET |     5310|    58.35|   175.05|     0.00|  2047.38|  1988.59|  1949.75
INVALID  |        0|     0.00|      ---|      ---|      NaN|      NaN|      ---
Average mutliget length: 3.00
================================================================================
WORKER 26:
Type     |Total    |Ops/sec  |Hits/sec |Miss/Sec |Resp Time|Proc Time|Srvr Time
SET      |        0|     0.00|     0.00|     0.00|      NaN|      NaN|      NaN
GET      |        0|     0.00|     0.00|     0.00|      NaN|      NaN|      NaN
MULTIGET |     5295|    58.19|   174.56|     0.00|  2053.69|  2001.06|  1960.59
INVALID  |        0|     0.00|      ---|      ---|      NaN|      NaN|      ---
Average mutliget length: 3.00
================================================================================
WORKER 27:
Type     |Total    |Ops/sec  |Hits/sec |Miss/Sec |Resp Time|Proc Time|Srvr Time
SET      |        0|     0.00|     0.00|     0.00|      NaN|      NaN|      NaN
GET      |        0|     0.00|     0.00|     0.00|      NaN|      NaN|      NaN
MULTIGET |     5246|    57.65|   172.95|     0.00|  2064.74|  2010.35|  1970.88
INVALID  |        0|     0.00|      ---|      ---|      NaN|      NaN|      ---
Average mutliget length: 3.00
================================================================================
WORKER 28:
Type     |Total    |Ops/sec  |Hits/sec |Miss/Sec |Resp Time|Proc Time|Srvr Time
SET      |        0|     0.00|     0.00|     0.00|      NaN|      NaN|      NaN
GET      |        0|     0.00|     0.00|     0.00|      NaN|      NaN|      NaN
MULTIGET |     5270|    57.91|   173.74|     0.00|  2060.16|  1998.89|  1959.14
INVALID  |        0|     0.00|      ---|      ---|      NaN|      NaN|      ---
Average mutliget length: 3.00
================================================================================
WORKER 29:
Type     |Total    |Ops/sec  |Hits/sec |Miss/Sec |Resp Time|Proc Time|Srvr Time
SET      |        0|     0.00|     0.00|     0.00|      NaN|      NaN|      NaN
GET      |        0|     0.00|     0.00|     0.00|      NaN|      NaN|      NaN
MULTIGET |     5224|    57.41|   172.22|     0.00|  2056.92|  2001.40|  1960.78
INVALID  |        0|     0.00|      ---|      ---|      NaN|      NaN|      ---
Average mutliget length: 3.00
================================================================================
WORKER 30:
Type     |Total    |Ops/sec  |Hits/sec |Miss/Sec |Resp Time|Proc Time|Srvr Time
SET      |        0|     0.00|     0.00|     0.00|      NaN|      NaN|      NaN
GET      |        0|     0.00|     0.00|     0.00|      NaN|      NaN|      NaN
MULTIGET |     5237|    57.55|   172.65|     0.00|  2070.68|  2010.89|  1972.60
INVALID  |        0|     0.00|      ---|      ---|      NaN|      NaN|      ---
Average mutliget length: 3.00
================================================================================
WORKER 31:
Type     |Total    |Ops/sec  |Hits/sec |Miss/Sec |Resp Time|Proc Time|Srvr Time
SET      |        0|     0.00|     0.00|     0.00|      NaN|      NaN|      NaN
GET      |        0|     0.00|     0.00|     0.00|      NaN|      NaN|      NaN
MULTIGET |     5305|    58.30|   174.89|     0.00|  2043.65|  1992.86|  1950.11
INVALID  |        0|     0.00|      ---|      ---|      NaN|      NaN|      ---
Average mutliget length: 3.00
================================================================================
================================================================================

AGGREGATE FOR ALL WORKERS:
Type     |Total    |Ops/sec  |Hits/sec |Miss/Sec |Resp Time|Proc Time|Srvr Time
SET      |        0|     0.00|     0.00|     0.00|      NaN|      NaN|      NaN
GET      |        0|     0.00|     0.00|     0.00|      NaN|      NaN|      NaN
MULTIGET |   168428|  1850.86|  5552.57|     0.00|  2058.41|  2002.35|  1961.59
INVALID  |        0|     0.00|      ---|      ---|      NaN|      NaN|      ---
Average mutliget length: 3.00


 HISTOGRAM
  Response time (ms)   Percent
                 0.1      0.00%
                 0.2      0.00%
                 0.3      0.00%
                 0.4      0.00%
                 0.5      0.00%
                 0.6      0.00%
                 0.7      0.00%
                 0.8      0.00%
                 0.9      0.00%
                 1.0      0.00%
                 1.1      0.00%
                 1.2      0.00%
                 1.3      0.00%
                 1.4      0.00%
                 1.5      0.82%
                 1.6      8.26%
                 1.7     23.59%
                 1.8     39.88%
                 1.9     53.45%
                 2.0     64.04%
                 2.1     72.14%
                 2.2     78.31%
                 2.3     82.99%
                 2.4     86.49%
                 2.5     89.20%
                 2.6     91.28%
                 2.7     92.84%
                 2.8     93.98%
                 2.9     94.83%
                 3.0     95.57%
                 3.1     96.11%
                 3.2     96.52%
                 3.3     96.80%
                 3.4     97.08%
                 3.5     97.33%
                 3.6     97.53%
                 3.7     97.68%
                 3.8     97.82%
                 3.9     97.92%
                 4.0     98.06%
                 4.1     98.17%
                 4.2     98.27%
                 4.3     98.35%
                 4.4     98.46%
                 4.5     98.56%
                 4.6     98.63%
                 4.7     98.71%
                 4.8     98.77%
                 4.9     98.83%
                 5.0     98.89%
                 5.1     98.95%
                 5.2     99.01%
                 5.3     99.05%
                 5.4     99.10%
                 5.5     99.14%
                 5.6     99.17%
                 5.7     99.21%
                 5.8     99.24%
                 5.9     99.28%
                 6.0     99.32%
                 6.1     99.36%
                 6.2     99.38%
                 6.3     99.41%
                 6.4     99.43%
                 6.5     99.46%
                 6.6     99.47%
                 6.7     99.51%
                 6.8     99.53%
                 6.9     99.57%
                 7.0     99.59%
                 7.1     99.60%
                 7.2     99.63%
                 7.3     99.64%
                 7.4     99.66%
                 7.5     99.67%
                 7.6     99.69%
                 7.7     99.70%
                 7.8     99.71%
                 7.9     99.71%
                 8.0     99.73%
                 8.1     99.75%
                 8.2     99.76%
                 8.3     99.77%
                 8.4     99.78%
                 8.5     99.79%
                 8.6     99.81%
                 8.7     99.82%
                 8.8     99.83%
                 8.9     99.84%
                 9.0     99.85%
                 9.1     99.86%
                 9.2     99.87%
                 9.3     99.88%
                 9.4     99.89%
                 9.5     99.90%
                 9.6     99.90%
                 9.7     99.91%
                 9.8     99.92%
                 9.9     99.92%
                10.0     99.93%
                10.1     99.93%
                10.2     99.94%
                10.3     99.95%
                10.4     99.95%
                10.5     99.96%
                10.6     99.96%
                10.7     99.96%
                10.8     99.97%
                10.9     99.97%
                11.0     99.97%
                11.1     99.98%
                11.2     99.98%
                11.3     99.98%
                11.4     99.98%
                11.5     99.99%
                11.6     99.99%
                11.7     99.99%
                11.8     99.99%
                11.9     99.99%
                12.0     99.99%
                12.1     99.99%
                12.2     99.99%
                12.3     99.99%
                12.4     99.99%
                12.5     99.99%
                12.6     99.99%
                12.7     99.99%
                12.8     99.99%
                12.9     99.99%
                13.0     99.99%
                13.1     99.99%
                13.2     99.99%
                13.3     99.99%
                13.4     99.99%
                13.5     99.99%
                13.6    100.00%
                13.7    100.00%
                13.8    100.00%
                13.9    100.00%
                14.0    100.00%
                14.1    100.00%
                14.2    100.00%
                14.3    100.00%
                14.4    100.00%
                14.5    100.00%
                14.6    100.00%
                14.7    100.00%
                14.8    100.00%
                14.9    100.00%
                15.0    100.00%
                15.1    100.00%
                15.2    100.00%
                15.3    100.00%
                15.4    100.00%
                15.5    100.00%
                15.6    100.00%
                15.7    100.00%

